2024-01-10 20:27:23,373 - INFO - Log directory: ./libcity/log
2024-01-10 20:27:23,374 - INFO - Begin pipeline, task=traffic_state_pred, model_name=PDFormer, dataset_name=PeMS08, exp_id=15466
2024-01-10 20:27:23,374 - INFO - {'task': 'traffic_state_pred', 'model': 'PDFormer', 'dataset': 'PeMS08', 'saved_model': True, 'train': True, 'local_rank': 0, 'initial_ckpt': None, 'dataset_class': 'PDFormerDataset', 'input_window': 12, 'output_window': 12, 'train_rate': 0.6, 'eval_rate': 0.2, 'batch_size': 16, 'add_time_in_day': True, 'add_day_in_week': True, 'step_size': 2776, 'max_epoch': 200, 'bidir': True, 'far_mask_delta': 7, 'geo_num_heads': 4, 'sem_num_heads': 2, 't_num_heads': 2, 'cluster_method': 'kshape', 'cand_key_days': 21, 'seed': 1, 'type_ln': 'pre', 'set_loss': 'huber', 'huber_delta': 2, 'mode': 'average', 'executor': 'PDFormerExecutor', 'evaluator': 'TrafficStateEvaluator', 'embed_dim': 64, 'skip_dim': 256, 'mlp_ratio': 4, 'qkv_bias': True, 'drop': 0, 'attn_drop': 0, 'drop_path': 0.3, 's_attn_size': 3, 't_attn_size': 1, 'enc_depth': 6, 'type_short_path': 'hop', 'scaler': 'standard', 'load_external': True, 'normal_external': False, 'ext_scaler': 'none', 'learner': 'adamw', 'learning_rate': 0.001, 'weight_decay': 0.05, 'lr_decay': True, 'lr_scheduler': 'cosinelr', 'lr_eta_min': 0.0001, 'lr_decay_ratio': 0.1, 'lr_warmup_epoch': 5, 'lr_warmup_init': 1e-06, 'clip_grad_norm': True, 'max_grad_norm': 5, 'use_early_stop': True, 'patience': 50, 'task_level': 0, 'use_curriculum_learning': True, 'random_flip': True, 'quan_delta': 0.25, 'dtw_delta': 5, 'cache_dataset': True, 'num_workers': 0, 'pad_with_last_sample': True, 'lape_dim': 8, 'gpu': True, 'gpu_id': 0, 'train_loss': 'none', 'epoch': 0, 'lr_epsilon': 1e-08, 'lr_beta1': 0.9, 'lr_beta2': 0.999, 'lr_alpha': 0.99, 'lr_momentum': 0, 'steps': [5, 20, 40, 70], 'lr_T_max': 30, 'lr_patience': 10, 'lr_threshold': 0.0001, 'log_level': 'INFO', 'log_every': 1, 'load_best_epoch': True, 'hyper_tune': False, 'grad_accmu_steps': 1, 'metrics': ['MAE', 'MAPE', 'RMSE', 'masked_MAE', 'masked_MAPE', 'masked_RMSE'], 'save_modes': ['csv'], 'geo': {'including_types': ['Point'], 'Point': {}}, 'rel': {'including_types': ['geo'], 'geo': {'cost': 'num'}}, 'dyna': {'including_types': ['state'], 'state': {'entity_id': 'geo_id', 'traffic_flow': 'num', 'traffic_occupancy': 'num', 'traffic_speed': 'num'}}, 'data_col': ['traffic_flow'], 'weight_col': 'cost', 'data_files': ['PeMS08'], 'geo_file': 'PeMS08', 'rel_file': 'PeMS08', 'output_dim': 1, 'time_intervals': 300, 'init_weight_inf_or_zero': 'zero', 'set_weight_link_or_dist': 'link', 'calculate_weight_adj': False, 'weight_adj_epsilon': 0.1, 'distributed': False, 'device': device(type='cuda', index=0), 'exp_id': 15466}
2024-01-10 20:27:23,773 - INFO - Loaded file PeMS08.geo, num_nodes=170
2024-01-10 20:27:23,775 - INFO - set_weight_link_or_dist: link
2024-01-10 20:27:23,776 - INFO - init_weight_inf_or_zero: zero
2024-01-10 20:27:23,778 - INFO - Loaded file PeMS08.rel, shape=(170, 170)
2024-01-10 20:27:23,779 - INFO - Max adj_mx value = 1.0
2024-01-10 20:27:41,794 - INFO - Loading file PeMS08.dyna
2024-01-10 20:27:44,438 - INFO - Loaded file PeMS08.dyna, shape=(17856, 170, 1)
2024-01-10 20:27:44,459 - INFO - Load DTW matrix from ./libcity/cache/dataset_cache/dtw_PeMS08.npy
2024-01-10 20:27:44,460 - INFO - Loading ./libcity/cache/dataset_cache/pdformer_point_based_PeMS08_12_12_0.6_1_0.2_standard_16_True_True_True_True_traffic_flow.npz
2024-01-10 20:27:54,142 - INFO - train	x: (10700, 12, 170, 9), y: (10700, 12, 170, 9), ind: (10700,)
2024-01-10 20:27:54,142 - INFO - eval	x: (3566, 12, 170, 9), y: (3566, 12, 170, 9), ind: (3566,)
2024-01-10 20:27:54,143 - INFO - test	x: (3567, 12, 170, 9), y: (3567, 12, 170, 9), ind: (3567,)
2024-01-10 20:27:54,591 - INFO - StandardScaler mean: 229.8431355598314, std: 145.62553066568907
2024-01-10 20:27:54,591 - INFO - NoneScaler
2024-01-10 20:27:55,813 - INFO - Loaded file ./libcity/cache/dataset_cache/pattern_keys_kshape_PeMS08_21_3_16_5.npy
2024-01-10 20:27:55,823 - INFO - Use use_curriculum_learning!
2024-01-10 20:28:00,472 - INFO - PDFormer(
  (pattern_embeddings): ModuleList(
    (0): TokenEmbedding(
      (token_embed): Linear(in_features=3, out_features=64, bias=True)
      (norm): Identity()
    )
  )
  (enc_embed_layer): DataEmbedding(
    (value_embedding): TokenEmbedding(
      (token_embed): Linear(in_features=1, out_features=64, bias=True)
      (norm): Identity()
    )
    (position_encoding): PositionalEncoding()
    (daytime_embedding): Embedding(1440, 64)
    (weekday_embedding): Embedding(7, 64)
    (spatial_embedding): LaplacianPE(
      (embedding_lap_pos_enc): Linear(in_features=8, out_features=64, bias=True)
    )
    (dropout): Dropout(p=0, inplace=False)
  )
  (encoder_blocks): ModuleList(
    (0): STEncoderBlock(
      (norm1): LayerNorm((64,), eps=1e-06, elementwise_affine=True)
      (st_attn): STSelfAttention(
        (gconv): ModuleList(
          (0): gcn(
            (nconv): nconv()
            (mlp): linear(
              (mlp): Conv2d(192, 64, kernel_size=(1, 1), stride=(1, 1))
            )
          )
          (1): gcn(
            (nconv): nconv()
            (mlp): linear(
              (mlp): Conv2d(192, 64, kernel_size=(1, 1), stride=(1, 1))
            )
          )
          (2): gcn(
            (nconv): nconv()
            (mlp): linear(
              (mlp): Conv2d(192, 64, kernel_size=(1, 1), stride=(1, 1))
            )
          )
          (3): gcn(
            (nconv): nconv()
            (mlp): linear(
              (mlp): Conv2d(192, 64, kernel_size=(1, 1), stride=(1, 1))
            )
          )
          (4): gcn(
            (nconv): nconv()
            (mlp): linear(
              (mlp): Conv2d(192, 64, kernel_size=(1, 1), stride=(1, 1))
            )
          )
          (5): gcn(
            (nconv): nconv()
            (mlp): linear(
              (mlp): Conv2d(192, 64, kernel_size=(1, 1), stride=(1, 1))
            )
          )
          (6): gcn(
            (nconv): nconv()
            (mlp): linear(
              (mlp): Conv2d(192, 64, kernel_size=(1, 1), stride=(1, 1))
            )
          )
          (7): gcn(
            (nconv): nconv()
            (mlp): linear(
              (mlp): Conv2d(192, 64, kernel_size=(1, 1), stride=(1, 1))
            )
          )
        )
        (pattern_q_linears): ModuleList(
          (0): Linear(in_features=64, out_features=32, bias=True)
        )
        (pattern_k_linears): ModuleList(
          (0): Linear(in_features=64, out_features=32, bias=True)
        )
        (pattern_v_linears): ModuleList(
          (0): Linear(in_features=64, out_features=32, bias=True)
        )
        (geo_q_conv): Conv2d(64, 32, kernel_size=(1, 1), stride=(1, 1))
        (geo_k_conv): Conv2d(64, 32, kernel_size=(1, 1), stride=(1, 1))
        (geo_v_conv): Conv2d(64, 32, kernel_size=(1, 1), stride=(1, 1))
        (geo_attn_drop): Dropout(p=0, inplace=False)
        (sem_q_conv): Conv2d(64, 16, kernel_size=(1, 1), stride=(1, 1))
        (sem_k_conv): Conv2d(64, 16, kernel_size=(1, 1), stride=(1, 1))
        (sem_v_conv): Conv2d(64, 16, kernel_size=(1, 1), stride=(1, 1))
        (sem_attn_drop): Dropout(p=0, inplace=False)
        (t_q_conv): Conv2d(64, 16, kernel_size=(1, 1), stride=(1, 1))
        (t_k_conv): Conv2d(64, 16, kernel_size=(1, 1), stride=(1, 1))
        (t_v_conv): Conv2d(64, 16, kernel_size=(1, 1), stride=(1, 1))
        (t_attn_drop): Dropout(p=0, inplace=False)
        (expand): Linear(in_features=16, out_features=64, bias=True)
        (proj): Linear(in_features=64, out_features=64, bias=True)
        (proj_drop): Dropout(p=0, inplace=False)
      )
      (drop_path): Identity()
      (norm2): LayerNorm((64,), eps=1e-06, elementwise_affine=True)
      (mlp): Mlp(
        (fc1): Linear(in_features=64, out_features=256, bias=True)
        (act): GELU()
        (fc2): Linear(in_features=256, out_features=64, bias=True)
        (drop): Dropout(p=0, inplace=False)
      )
    )
    (1): STEncoderBlock(
      (norm1): LayerNorm((64,), eps=1e-06, elementwise_affine=True)
      (st_attn): STSelfAttention(
        (gconv): ModuleList(
          (0): gcn(
            (nconv): nconv()
            (mlp): linear(
              (mlp): Conv2d(192, 64, kernel_size=(1, 1), stride=(1, 1))
            )
          )
          (1): gcn(
            (nconv): nconv()
            (mlp): linear(
              (mlp): Conv2d(192, 64, kernel_size=(1, 1), stride=(1, 1))
            )
          )
          (2): gcn(
            (nconv): nconv()
            (mlp): linear(
              (mlp): Conv2d(192, 64, kernel_size=(1, 1), stride=(1, 1))
            )
          )
          (3): gcn(
            (nconv): nconv()
            (mlp): linear(
              (mlp): Conv2d(192, 64, kernel_size=(1, 1), stride=(1, 1))
            )
          )
          (4): gcn(
            (nconv): nconv()
            (mlp): linear(
              (mlp): Conv2d(192, 64, kernel_size=(1, 1), stride=(1, 1))
            )
          )
          (5): gcn(
            (nconv): nconv()
            (mlp): linear(
              (mlp): Conv2d(192, 64, kernel_size=(1, 1), stride=(1, 1))
            )
          )
          (6): gcn(
            (nconv): nconv()
            (mlp): linear(
              (mlp): Conv2d(192, 64, kernel_size=(1, 1), stride=(1, 1))
            )
          )
          (7): gcn(
            (nconv): nconv()
            (mlp): linear(
              (mlp): Conv2d(192, 64, kernel_size=(1, 1), stride=(1, 1))
            )
          )
        )
        (pattern_q_linears): ModuleList(
          (0): Linear(in_features=64, out_features=32, bias=True)
        )
        (pattern_k_linears): ModuleList(
          (0): Linear(in_features=64, out_features=32, bias=True)
        )
        (pattern_v_linears): ModuleList(
          (0): Linear(in_features=64, out_features=32, bias=True)
        )
        (geo_q_conv): Conv2d(64, 32, kernel_size=(1, 1), stride=(1, 1))
        (geo_k_conv): Conv2d(64, 32, kernel_size=(1, 1), stride=(1, 1))
        (geo_v_conv): Conv2d(64, 32, kernel_size=(1, 1), stride=(1, 1))
        (geo_attn_drop): Dropout(p=0, inplace=False)
        (sem_q_conv): Conv2d(64, 16, kernel_size=(1, 1), stride=(1, 1))
        (sem_k_conv): Conv2d(64, 16, kernel_size=(1, 1), stride=(1, 1))
        (sem_v_conv): Conv2d(64, 16, kernel_size=(1, 1), stride=(1, 1))
        (sem_attn_drop): Dropout(p=0, inplace=False)
        (t_q_conv): Conv2d(64, 16, kernel_size=(1, 1), stride=(1, 1))
        (t_k_conv): Conv2d(64, 16, kernel_size=(1, 1), stride=(1, 1))
        (t_v_conv): Conv2d(64, 16, kernel_size=(1, 1), stride=(1, 1))
        (t_attn_drop): Dropout(p=0, inplace=False)
        (expand): Linear(in_features=16, out_features=64, bias=True)
        (proj): Linear(in_features=64, out_features=64, bias=True)
        (proj_drop): Dropout(p=0, inplace=False)
      )
      (drop_path): DropPath()
      (norm2): LayerNorm((64,), eps=1e-06, elementwise_affine=True)
      (mlp): Mlp(
        (fc1): Linear(in_features=64, out_features=256, bias=True)
        (act): GELU()
        (fc2): Linear(in_features=256, out_features=64, bias=True)
        (drop): Dropout(p=0, inplace=False)
      )
    )
    (2): STEncoderBlock(
      (norm1): LayerNorm((64,), eps=1e-06, elementwise_affine=True)
      (st_attn): STSelfAttention(
        (gconv): ModuleList(
          (0): gcn(
            (nconv): nconv()
            (mlp): linear(
              (mlp): Conv2d(192, 64, kernel_size=(1, 1), stride=(1, 1))
            )
          )
          (1): gcn(
            (nconv): nconv()
            (mlp): linear(
              (mlp): Conv2d(192, 64, kernel_size=(1, 1), stride=(1, 1))
            )
          )
          (2): gcn(
            (nconv): nconv()
            (mlp): linear(
              (mlp): Conv2d(192, 64, kernel_size=(1, 1), stride=(1, 1))
            )
          )
          (3): gcn(
            (nconv): nconv()
            (mlp): linear(
              (mlp): Conv2d(192, 64, kernel_size=(1, 1), stride=(1, 1))
            )
          )
          (4): gcn(
            (nconv): nconv()
            (mlp): linear(
              (mlp): Conv2d(192, 64, kernel_size=(1, 1), stride=(1, 1))
            )
          )
          (5): gcn(
            (nconv): nconv()
            (mlp): linear(
              (mlp): Conv2d(192, 64, kernel_size=(1, 1), stride=(1, 1))
            )
          )
          (6): gcn(
            (nconv): nconv()
            (mlp): linear(
              (mlp): Conv2d(192, 64, kernel_size=(1, 1), stride=(1, 1))
            )
          )
          (7): gcn(
            (nconv): nconv()
            (mlp): linear(
              (mlp): Conv2d(192, 64, kernel_size=(1, 1), stride=(1, 1))
            )
          )
        )
        (pattern_q_linears): ModuleList(
          (0): Linear(in_features=64, out_features=32, bias=True)
        )
        (pattern_k_linears): ModuleList(
          (0): Linear(in_features=64, out_features=32, bias=True)
        )
        (pattern_v_linears): ModuleList(
          (0): Linear(in_features=64, out_features=32, bias=True)
        )
        (geo_q_conv): Conv2d(64, 32, kernel_size=(1, 1), stride=(1, 1))
        (geo_k_conv): Conv2d(64, 32, kernel_size=(1, 1), stride=(1, 1))
        (geo_v_conv): Conv2d(64, 32, kernel_size=(1, 1), stride=(1, 1))
        (geo_attn_drop): Dropout(p=0, inplace=False)
        (sem_q_conv): Conv2d(64, 16, kernel_size=(1, 1), stride=(1, 1))
        (sem_k_conv): Conv2d(64, 16, kernel_size=(1, 1), stride=(1, 1))
        (sem_v_conv): Conv2d(64, 16, kernel_size=(1, 1), stride=(1, 1))
        (sem_attn_drop): Dropout(p=0, inplace=False)
        (t_q_conv): Conv2d(64, 16, kernel_size=(1, 1), stride=(1, 1))
        (t_k_conv): Conv2d(64, 16, kernel_size=(1, 1), stride=(1, 1))
        (t_v_conv): Conv2d(64, 16, kernel_size=(1, 1), stride=(1, 1))
        (t_attn_drop): Dropout(p=0, inplace=False)
        (expand): Linear(in_features=16, out_features=64, bias=True)
        (proj): Linear(in_features=64, out_features=64, bias=True)
        (proj_drop): Dropout(p=0, inplace=False)
      )
      (drop_path): DropPath()
      (norm2): LayerNorm((64,), eps=1e-06, elementwise_affine=True)
      (mlp): Mlp(
        (fc1): Linear(in_features=64, out_features=256, bias=True)
        (act): GELU()
        (fc2): Linear(in_features=256, out_features=64, bias=True)
        (drop): Dropout(p=0, inplace=False)
      )
    )
    (3): STEncoderBlock(
      (norm1): LayerNorm((64,), eps=1e-06, elementwise_affine=True)
      (st_attn): STSelfAttention(
        (gconv): ModuleList(
          (0): gcn(
            (nconv): nconv()
            (mlp): linear(
              (mlp): Conv2d(192, 64, kernel_size=(1, 1), stride=(1, 1))
            )
          )
          (1): gcn(
            (nconv): nconv()
            (mlp): linear(
              (mlp): Conv2d(192, 64, kernel_size=(1, 1), stride=(1, 1))
            )
          )
          (2): gcn(
            (nconv): nconv()
            (mlp): linear(
              (mlp): Conv2d(192, 64, kernel_size=(1, 1), stride=(1, 1))
            )
          )
          (3): gcn(
            (nconv): nconv()
            (mlp): linear(
              (mlp): Conv2d(192, 64, kernel_size=(1, 1), stride=(1, 1))
            )
          )
          (4): gcn(
            (nconv): nconv()
            (mlp): linear(
              (mlp): Conv2d(192, 64, kernel_size=(1, 1), stride=(1, 1))
            )
          )
          (5): gcn(
            (nconv): nconv()
            (mlp): linear(
              (mlp): Conv2d(192, 64, kernel_size=(1, 1), stride=(1, 1))
            )
          )
          (6): gcn(
            (nconv): nconv()
            (mlp): linear(
              (mlp): Conv2d(192, 64, kernel_size=(1, 1), stride=(1, 1))
            )
          )
          (7): gcn(
            (nconv): nconv()
            (mlp): linear(
              (mlp): Conv2d(192, 64, kernel_size=(1, 1), stride=(1, 1))
            )
          )
        )
        (pattern_q_linears): ModuleList(
          (0): Linear(in_features=64, out_features=32, bias=True)
        )
        (pattern_k_linears): ModuleList(
          (0): Linear(in_features=64, out_features=32, bias=True)
        )
        (pattern_v_linears): ModuleList(
          (0): Linear(in_features=64, out_features=32, bias=True)
        )
        (geo_q_conv): Conv2d(64, 32, kernel_size=(1, 1), stride=(1, 1))
        (geo_k_conv): Conv2d(64, 32, kernel_size=(1, 1), stride=(1, 1))
        (geo_v_conv): Conv2d(64, 32, kernel_size=(1, 1), stride=(1, 1))
        (geo_attn_drop): Dropout(p=0, inplace=False)
        (sem_q_conv): Conv2d(64, 16, kernel_size=(1, 1), stride=(1, 1))
        (sem_k_conv): Conv2d(64, 16, kernel_size=(1, 1), stride=(1, 1))
        (sem_v_conv): Conv2d(64, 16, kernel_size=(1, 1), stride=(1, 1))
        (sem_attn_drop): Dropout(p=0, inplace=False)
        (t_q_conv): Conv2d(64, 16, kernel_size=(1, 1), stride=(1, 1))
        (t_k_conv): Conv2d(64, 16, kernel_size=(1, 1), stride=(1, 1))
        (t_v_conv): Conv2d(64, 16, kernel_size=(1, 1), stride=(1, 1))
        (t_attn_drop): Dropout(p=0, inplace=False)
        (expand): Linear(in_features=16, out_features=64, bias=True)
        (proj): Linear(in_features=64, out_features=64, bias=True)
        (proj_drop): Dropout(p=0, inplace=False)
      )
      (drop_path): DropPath()
      (norm2): LayerNorm((64,), eps=1e-06, elementwise_affine=True)
      (mlp): Mlp(
        (fc1): Linear(in_features=64, out_features=256, bias=True)
        (act): GELU()
        (fc2): Linear(in_features=256, out_features=64, bias=True)
        (drop): Dropout(p=0, inplace=False)
      )
    )
    (4): STEncoderBlock(
      (norm1): LayerNorm((64,), eps=1e-06, elementwise_affine=True)
      (st_attn): STSelfAttention(
        (gconv): ModuleList(
          (0): gcn(
            (nconv): nconv()
            (mlp): linear(
              (mlp): Conv2d(192, 64, kernel_size=(1, 1), stride=(1, 1))
            )
          )
          (1): gcn(
            (nconv): nconv()
            (mlp): linear(
              (mlp): Conv2d(192, 64, kernel_size=(1, 1), stride=(1, 1))
            )
          )
          (2): gcn(
            (nconv): nconv()
            (mlp): linear(
              (mlp): Conv2d(192, 64, kernel_size=(1, 1), stride=(1, 1))
            )
          )
          (3): gcn(
            (nconv): nconv()
            (mlp): linear(
              (mlp): Conv2d(192, 64, kernel_size=(1, 1), stride=(1, 1))
            )
          )
          (4): gcn(
            (nconv): nconv()
            (mlp): linear(
              (mlp): Conv2d(192, 64, kernel_size=(1, 1), stride=(1, 1))
            )
          )
          (5): gcn(
            (nconv): nconv()
            (mlp): linear(
              (mlp): Conv2d(192, 64, kernel_size=(1, 1), stride=(1, 1))
            )
          )
          (6): gcn(
            (nconv): nconv()
            (mlp): linear(
              (mlp): Conv2d(192, 64, kernel_size=(1, 1), stride=(1, 1))
            )
          )
          (7): gcn(
            (nconv): nconv()
            (mlp): linear(
              (mlp): Conv2d(192, 64, kernel_size=(1, 1), stride=(1, 1))
            )
          )
        )
        (pattern_q_linears): ModuleList(
          (0): Linear(in_features=64, out_features=32, bias=True)
        )
        (pattern_k_linears): ModuleList(
          (0): Linear(in_features=64, out_features=32, bias=True)
        )
        (pattern_v_linears): ModuleList(
          (0): Linear(in_features=64, out_features=32, bias=True)
        )
        (geo_q_conv): Conv2d(64, 32, kernel_size=(1, 1), stride=(1, 1))
        (geo_k_conv): Conv2d(64, 32, kernel_size=(1, 1), stride=(1, 1))
        (geo_v_conv): Conv2d(64, 32, kernel_size=(1, 1), stride=(1, 1))
        (geo_attn_drop): Dropout(p=0, inplace=False)
        (sem_q_conv): Conv2d(64, 16, kernel_size=(1, 1), stride=(1, 1))
        (sem_k_conv): Conv2d(64, 16, kernel_size=(1, 1), stride=(1, 1))
        (sem_v_conv): Conv2d(64, 16, kernel_size=(1, 1), stride=(1, 1))
        (sem_attn_drop): Dropout(p=0, inplace=False)
        (t_q_conv): Conv2d(64, 16, kernel_size=(1, 1), stride=(1, 1))
        (t_k_conv): Conv2d(64, 16, kernel_size=(1, 1), stride=(1, 1))
        (t_v_conv): Conv2d(64, 16, kernel_size=(1, 1), stride=(1, 1))
        (t_attn_drop): Dropout(p=0, inplace=False)
        (expand): Linear(in_features=16, out_features=64, bias=True)
        (proj): Linear(in_features=64, out_features=64, bias=True)
        (proj_drop): Dropout(p=0, inplace=False)
      )
      (drop_path): DropPath()
      (norm2): LayerNorm((64,), eps=1e-06, elementwise_affine=True)
      (mlp): Mlp(
        (fc1): Linear(in_features=64, out_features=256, bias=True)
        (act): GELU()
        (fc2): Linear(in_features=256, out_features=64, bias=True)
        (drop): Dropout(p=0, inplace=False)
      )
    )
    (5): STEncoderBlock(
      (norm1): LayerNorm((64,), eps=1e-06, elementwise_affine=True)
      (st_attn): STSelfAttention(
        (gconv): ModuleList(
          (0): gcn(
            (nconv): nconv()
            (mlp): linear(
              (mlp): Conv2d(192, 64, kernel_size=(1, 1), stride=(1, 1))
            )
          )
          (1): gcn(
            (nconv): nconv()
            (mlp): linear(
              (mlp): Conv2d(192, 64, kernel_size=(1, 1), stride=(1, 1))
            )
          )
          (2): gcn(
            (nconv): nconv()
            (mlp): linear(
              (mlp): Conv2d(192, 64, kernel_size=(1, 1), stride=(1, 1))
            )
          )
          (3): gcn(
            (nconv): nconv()
            (mlp): linear(
              (mlp): Conv2d(192, 64, kernel_size=(1, 1), stride=(1, 1))
            )
          )
          (4): gcn(
            (nconv): nconv()
            (mlp): linear(
              (mlp): Conv2d(192, 64, kernel_size=(1, 1), stride=(1, 1))
            )
          )
          (5): gcn(
            (nconv): nconv()
            (mlp): linear(
              (mlp): Conv2d(192, 64, kernel_size=(1, 1), stride=(1, 1))
            )
          )
          (6): gcn(
            (nconv): nconv()
            (mlp): linear(
              (mlp): Conv2d(192, 64, kernel_size=(1, 1), stride=(1, 1))
            )
          )
          (7): gcn(
            (nconv): nconv()
            (mlp): linear(
              (mlp): Conv2d(192, 64, kernel_size=(1, 1), stride=(1, 1))
            )
          )
        )
        (pattern_q_linears): ModuleList(
          (0): Linear(in_features=64, out_features=32, bias=True)
        )
        (pattern_k_linears): ModuleList(
          (0): Linear(in_features=64, out_features=32, bias=True)
        )
        (pattern_v_linears): ModuleList(
          (0): Linear(in_features=64, out_features=32, bias=True)
        )
        (geo_q_conv): Conv2d(64, 32, kernel_size=(1, 1), stride=(1, 1))
        (geo_k_conv): Conv2d(64, 32, kernel_size=(1, 1), stride=(1, 1))
        (geo_v_conv): Conv2d(64, 32, kernel_size=(1, 1), stride=(1, 1))
        (geo_attn_drop): Dropout(p=0, inplace=False)
        (sem_q_conv): Conv2d(64, 16, kernel_size=(1, 1), stride=(1, 1))
        (sem_k_conv): Conv2d(64, 16, kernel_size=(1, 1), stride=(1, 1))
        (sem_v_conv): Conv2d(64, 16, kernel_size=(1, 1), stride=(1, 1))
        (sem_attn_drop): Dropout(p=0, inplace=False)
        (t_q_conv): Conv2d(64, 16, kernel_size=(1, 1), stride=(1, 1))
        (t_k_conv): Conv2d(64, 16, kernel_size=(1, 1), stride=(1, 1))
        (t_v_conv): Conv2d(64, 16, kernel_size=(1, 1), stride=(1, 1))
        (t_attn_drop): Dropout(p=0, inplace=False)
        (expand): Linear(in_features=16, out_features=64, bias=True)
        (proj): Linear(in_features=64, out_features=64, bias=True)
        (proj_drop): Dropout(p=0, inplace=False)
      )
      (drop_path): DropPath()
      (norm2): LayerNorm((64,), eps=1e-06, elementwise_affine=True)
      (mlp): Mlp(
        (fc1): Linear(in_features=64, out_features=256, bias=True)
        (act): GELU()
        (fc2): Linear(in_features=256, out_features=64, bias=True)
        (drop): Dropout(p=0, inplace=False)
      )
    )
  )
  (skip_convs): ModuleList(
    (0): Conv2d(64, 256, kernel_size=(1, 1), stride=(1, 1))
    (1): Conv2d(64, 256, kernel_size=(1, 1), stride=(1, 1))
    (2): Conv2d(64, 256, kernel_size=(1, 1), stride=(1, 1))
    (3): Conv2d(64, 256, kernel_size=(1, 1), stride=(1, 1))
    (4): Conv2d(64, 256, kernel_size=(1, 1), stride=(1, 1))
    (5): Conv2d(64, 256, kernel_size=(1, 1), stride=(1, 1))
  )
  (end_conv1): Conv2d(12, 12, kernel_size=(1, 1), stride=(1, 1))
  (end_conv2): Conv2d(256, 1, kernel_size=(1, 1), stride=(1, 1))
)
2024-01-10 20:28:00,479 - INFO - pattern_embeddings.0.token_embed.weight	torch.Size([64, 3])	cuda:0	True
2024-01-10 20:28:00,479 - INFO - pattern_embeddings.0.token_embed.bias	torch.Size([64])	cuda:0	True
2024-01-10 20:28:00,479 - INFO - enc_embed_layer.value_embedding.token_embed.weight	torch.Size([64, 1])	cuda:0	True
2024-01-10 20:28:00,479 - INFO - enc_embed_layer.value_embedding.token_embed.bias	torch.Size([64])	cuda:0	True
2024-01-10 20:28:00,479 - INFO - enc_embed_layer.daytime_embedding.weight	torch.Size([1440, 64])	cuda:0	True
2024-01-10 20:28:00,479 - INFO - enc_embed_layer.weekday_embedding.weight	torch.Size([7, 64])	cuda:0	True
2024-01-10 20:28:00,479 - INFO - enc_embed_layer.spatial_embedding.embedding_lap_pos_enc.weight	torch.Size([64, 8])	cuda:0	True
2024-01-10 20:28:00,479 - INFO - enc_embed_layer.spatial_embedding.embedding_lap_pos_enc.bias	torch.Size([64])	cuda:0	True
2024-01-10 20:28:00,479 - INFO - encoder_blocks.0.norm1.weight	torch.Size([64])	cuda:0	True
2024-01-10 20:28:00,479 - INFO - encoder_blocks.0.norm1.bias	torch.Size([64])	cuda:0	True
2024-01-10 20:28:00,479 - INFO - encoder_blocks.0.st_attn.nodevec_p1	torch.Size([288, 40])	cuda:0	True
2024-01-10 20:28:00,479 - INFO - encoder_blocks.0.st_attn.nodevec_p2	torch.Size([170, 40])	cuda:0	True
2024-01-10 20:28:00,479 - INFO - encoder_blocks.0.st_attn.nodevec_p3	torch.Size([170, 40])	cuda:0	True
2024-01-10 20:28:00,479 - INFO - encoder_blocks.0.st_attn.nodevec_pk	torch.Size([40, 40, 40])	cuda:0	True
2024-01-10 20:28:00,479 - INFO - encoder_blocks.0.st_attn.gconv.0.mlp.mlp.weight	torch.Size([64, 192, 1, 1])	cuda:0	True
2024-01-10 20:28:00,479 - INFO - encoder_blocks.0.st_attn.gconv.0.mlp.mlp.bias	torch.Size([64])	cuda:0	True
2024-01-10 20:28:00,480 - INFO - encoder_blocks.0.st_attn.gconv.1.mlp.mlp.weight	torch.Size([64, 192, 1, 1])	cuda:0	True
2024-01-10 20:28:00,480 - INFO - encoder_blocks.0.st_attn.gconv.1.mlp.mlp.bias	torch.Size([64])	cuda:0	True
2024-01-10 20:28:00,480 - INFO - encoder_blocks.0.st_attn.gconv.2.mlp.mlp.weight	torch.Size([64, 192, 1, 1])	cuda:0	True
2024-01-10 20:28:00,480 - INFO - encoder_blocks.0.st_attn.gconv.2.mlp.mlp.bias	torch.Size([64])	cuda:0	True
2024-01-10 20:28:00,480 - INFO - encoder_blocks.0.st_attn.gconv.3.mlp.mlp.weight	torch.Size([64, 192, 1, 1])	cuda:0	True
2024-01-10 20:28:00,480 - INFO - encoder_blocks.0.st_attn.gconv.3.mlp.mlp.bias	torch.Size([64])	cuda:0	True
2024-01-10 20:28:00,480 - INFO - encoder_blocks.0.st_attn.gconv.4.mlp.mlp.weight	torch.Size([64, 192, 1, 1])	cuda:0	True
2024-01-10 20:28:00,480 - INFO - encoder_blocks.0.st_attn.gconv.4.mlp.mlp.bias	torch.Size([64])	cuda:0	True
2024-01-10 20:28:00,480 - INFO - encoder_blocks.0.st_attn.gconv.5.mlp.mlp.weight	torch.Size([64, 192, 1, 1])	cuda:0	True
2024-01-10 20:28:00,480 - INFO - encoder_blocks.0.st_attn.gconv.5.mlp.mlp.bias	torch.Size([64])	cuda:0	True
2024-01-10 20:28:00,480 - INFO - encoder_blocks.0.st_attn.gconv.6.mlp.mlp.weight	torch.Size([64, 192, 1, 1])	cuda:0	True
2024-01-10 20:28:00,480 - INFO - encoder_blocks.0.st_attn.gconv.6.mlp.mlp.bias	torch.Size([64])	cuda:0	True
2024-01-10 20:28:00,480 - INFO - encoder_blocks.0.st_attn.gconv.7.mlp.mlp.weight	torch.Size([64, 192, 1, 1])	cuda:0	True
2024-01-10 20:28:00,480 - INFO - encoder_blocks.0.st_attn.gconv.7.mlp.mlp.bias	torch.Size([64])	cuda:0	True
2024-01-10 20:28:00,480 - INFO - encoder_blocks.0.st_attn.pattern_q_linears.0.weight	torch.Size([32, 64])	cuda:0	True
2024-01-10 20:28:00,480 - INFO - encoder_blocks.0.st_attn.pattern_q_linears.0.bias	torch.Size([32])	cuda:0	True
2024-01-10 20:28:00,480 - INFO - encoder_blocks.0.st_attn.pattern_k_linears.0.weight	torch.Size([32, 64])	cuda:0	True
2024-01-10 20:28:00,481 - INFO - encoder_blocks.0.st_attn.pattern_k_linears.0.bias	torch.Size([32])	cuda:0	True
2024-01-10 20:28:00,481 - INFO - encoder_blocks.0.st_attn.pattern_v_linears.0.weight	torch.Size([32, 64])	cuda:0	True
2024-01-10 20:28:00,481 - INFO - encoder_blocks.0.st_attn.pattern_v_linears.0.bias	torch.Size([32])	cuda:0	True
2024-01-10 20:28:00,481 - INFO - encoder_blocks.0.st_attn.geo_q_conv.weight	torch.Size([32, 64, 1, 1])	cuda:0	True
2024-01-10 20:28:00,481 - INFO - encoder_blocks.0.st_attn.geo_q_conv.bias	torch.Size([32])	cuda:0	True
2024-01-10 20:28:00,481 - INFO - encoder_blocks.0.st_attn.geo_k_conv.weight	torch.Size([32, 64, 1, 1])	cuda:0	True
2024-01-10 20:28:00,481 - INFO - encoder_blocks.0.st_attn.geo_k_conv.bias	torch.Size([32])	cuda:0	True
2024-01-10 20:28:00,481 - INFO - encoder_blocks.0.st_attn.geo_v_conv.weight	torch.Size([32, 64, 1, 1])	cuda:0	True
2024-01-10 20:28:00,481 - INFO - encoder_blocks.0.st_attn.geo_v_conv.bias	torch.Size([32])	cuda:0	True
2024-01-10 20:28:00,481 - INFO - encoder_blocks.0.st_attn.sem_q_conv.weight	torch.Size([16, 64, 1, 1])	cuda:0	True
2024-01-10 20:28:00,481 - INFO - encoder_blocks.0.st_attn.sem_q_conv.bias	torch.Size([16])	cuda:0	True
2024-01-10 20:28:00,481 - INFO - encoder_blocks.0.st_attn.sem_k_conv.weight	torch.Size([16, 64, 1, 1])	cuda:0	True
2024-01-10 20:28:00,481 - INFO - encoder_blocks.0.st_attn.sem_k_conv.bias	torch.Size([16])	cuda:0	True
2024-01-10 20:28:00,481 - INFO - encoder_blocks.0.st_attn.sem_v_conv.weight	torch.Size([16, 64, 1, 1])	cuda:0	True
2024-01-10 20:28:00,481 - INFO - encoder_blocks.0.st_attn.sem_v_conv.bias	torch.Size([16])	cuda:0	True
2024-01-10 20:28:00,481 - INFO - encoder_blocks.0.st_attn.t_q_conv.weight	torch.Size([16, 64, 1, 1])	cuda:0	True
2024-01-10 20:28:00,481 - INFO - encoder_blocks.0.st_attn.t_q_conv.bias	torch.Size([16])	cuda:0	True
2024-01-10 20:28:00,481 - INFO - encoder_blocks.0.st_attn.t_k_conv.weight	torch.Size([16, 64, 1, 1])	cuda:0	True
2024-01-10 20:28:00,482 - INFO - encoder_blocks.0.st_attn.t_k_conv.bias	torch.Size([16])	cuda:0	True
2024-01-10 20:28:00,482 - INFO - encoder_blocks.0.st_attn.t_v_conv.weight	torch.Size([16, 64, 1, 1])	cuda:0	True
2024-01-10 20:28:00,482 - INFO - encoder_blocks.0.st_attn.t_v_conv.bias	torch.Size([16])	cuda:0	True
2024-01-10 20:28:00,482 - INFO - encoder_blocks.0.st_attn.expand.weight	torch.Size([64, 16])	cuda:0	True
2024-01-10 20:28:00,482 - INFO - encoder_blocks.0.st_attn.expand.bias	torch.Size([64])	cuda:0	True
2024-01-10 20:28:00,482 - INFO - encoder_blocks.0.st_attn.proj.weight	torch.Size([64, 64])	cuda:0	True
2024-01-10 20:28:00,482 - INFO - encoder_blocks.0.st_attn.proj.bias	torch.Size([64])	cuda:0	True
2024-01-10 20:28:00,482 - INFO - encoder_blocks.0.norm2.weight	torch.Size([64])	cuda:0	True
2024-01-10 20:28:00,482 - INFO - encoder_blocks.0.norm2.bias	torch.Size([64])	cuda:0	True
2024-01-10 20:28:00,482 - INFO - encoder_blocks.0.mlp.fc1.weight	torch.Size([256, 64])	cuda:0	True
2024-01-10 20:28:00,482 - INFO - encoder_blocks.0.mlp.fc1.bias	torch.Size([256])	cuda:0	True
2024-01-10 20:28:00,482 - INFO - encoder_blocks.0.mlp.fc2.weight	torch.Size([64, 256])	cuda:0	True
2024-01-10 20:28:00,482 - INFO - encoder_blocks.0.mlp.fc2.bias	torch.Size([64])	cuda:0	True
2024-01-10 20:28:00,482 - INFO - encoder_blocks.1.norm1.weight	torch.Size([64])	cuda:0	True
2024-01-10 20:28:00,482 - INFO - encoder_blocks.1.norm1.bias	torch.Size([64])	cuda:0	True
2024-01-10 20:28:00,482 - INFO - encoder_blocks.1.st_attn.nodevec_p1	torch.Size([288, 40])	cuda:0	True
2024-01-10 20:28:00,482 - INFO - encoder_blocks.1.st_attn.nodevec_p2	torch.Size([170, 40])	cuda:0	True
2024-01-10 20:28:00,482 - INFO - encoder_blocks.1.st_attn.nodevec_p3	torch.Size([170, 40])	cuda:0	True
2024-01-10 20:28:00,483 - INFO - encoder_blocks.1.st_attn.nodevec_pk	torch.Size([40, 40, 40])	cuda:0	True
2024-01-10 20:28:00,483 - INFO - encoder_blocks.1.st_attn.gconv.0.mlp.mlp.weight	torch.Size([64, 192, 1, 1])	cuda:0	True
2024-01-10 20:28:00,483 - INFO - encoder_blocks.1.st_attn.gconv.0.mlp.mlp.bias	torch.Size([64])	cuda:0	True
2024-01-10 20:28:00,483 - INFO - encoder_blocks.1.st_attn.gconv.1.mlp.mlp.weight	torch.Size([64, 192, 1, 1])	cuda:0	True
2024-01-10 20:28:00,483 - INFO - encoder_blocks.1.st_attn.gconv.1.mlp.mlp.bias	torch.Size([64])	cuda:0	True
2024-01-10 20:28:00,483 - INFO - encoder_blocks.1.st_attn.gconv.2.mlp.mlp.weight	torch.Size([64, 192, 1, 1])	cuda:0	True
2024-01-10 20:28:00,483 - INFO - encoder_blocks.1.st_attn.gconv.2.mlp.mlp.bias	torch.Size([64])	cuda:0	True
2024-01-10 20:28:00,483 - INFO - encoder_blocks.1.st_attn.gconv.3.mlp.mlp.weight	torch.Size([64, 192, 1, 1])	cuda:0	True
2024-01-10 20:28:00,483 - INFO - encoder_blocks.1.st_attn.gconv.3.mlp.mlp.bias	torch.Size([64])	cuda:0	True
2024-01-10 20:28:00,483 - INFO - encoder_blocks.1.st_attn.gconv.4.mlp.mlp.weight	torch.Size([64, 192, 1, 1])	cuda:0	True
2024-01-10 20:28:00,483 - INFO - encoder_blocks.1.st_attn.gconv.4.mlp.mlp.bias	torch.Size([64])	cuda:0	True
2024-01-10 20:28:00,483 - INFO - encoder_blocks.1.st_attn.gconv.5.mlp.mlp.weight	torch.Size([64, 192, 1, 1])	cuda:0	True
2024-01-10 20:28:00,483 - INFO - encoder_blocks.1.st_attn.gconv.5.mlp.mlp.bias	torch.Size([64])	cuda:0	True
2024-01-10 20:28:00,483 - INFO - encoder_blocks.1.st_attn.gconv.6.mlp.mlp.weight	torch.Size([64, 192, 1, 1])	cuda:0	True
2024-01-10 20:28:00,483 - INFO - encoder_blocks.1.st_attn.gconv.6.mlp.mlp.bias	torch.Size([64])	cuda:0	True
2024-01-10 20:28:00,483 - INFO - encoder_blocks.1.st_attn.gconv.7.mlp.mlp.weight	torch.Size([64, 192, 1, 1])	cuda:0	True
2024-01-10 20:28:00,483 - INFO - encoder_blocks.1.st_attn.gconv.7.mlp.mlp.bias	torch.Size([64])	cuda:0	True
2024-01-10 20:28:00,484 - INFO - encoder_blocks.1.st_attn.pattern_q_linears.0.weight	torch.Size([32, 64])	cuda:0	True
2024-01-10 20:28:00,484 - INFO - encoder_blocks.1.st_attn.pattern_q_linears.0.bias	torch.Size([32])	cuda:0	True
2024-01-10 20:28:00,484 - INFO - encoder_blocks.1.st_attn.pattern_k_linears.0.weight	torch.Size([32, 64])	cuda:0	True
2024-01-10 20:28:00,484 - INFO - encoder_blocks.1.st_attn.pattern_k_linears.0.bias	torch.Size([32])	cuda:0	True
2024-01-10 20:28:00,484 - INFO - encoder_blocks.1.st_attn.pattern_v_linears.0.weight	torch.Size([32, 64])	cuda:0	True
2024-01-10 20:28:00,484 - INFO - encoder_blocks.1.st_attn.pattern_v_linears.0.bias	torch.Size([32])	cuda:0	True
2024-01-10 20:28:00,484 - INFO - encoder_blocks.1.st_attn.geo_q_conv.weight	torch.Size([32, 64, 1, 1])	cuda:0	True
2024-01-10 20:28:00,484 - INFO - encoder_blocks.1.st_attn.geo_q_conv.bias	torch.Size([32])	cuda:0	True
2024-01-10 20:28:00,484 - INFO - encoder_blocks.1.st_attn.geo_k_conv.weight	torch.Size([32, 64, 1, 1])	cuda:0	True
2024-01-10 20:28:00,484 - INFO - encoder_blocks.1.st_attn.geo_k_conv.bias	torch.Size([32])	cuda:0	True
2024-01-10 20:28:00,484 - INFO - encoder_blocks.1.st_attn.geo_v_conv.weight	torch.Size([32, 64, 1, 1])	cuda:0	True
2024-01-10 20:28:00,484 - INFO - encoder_blocks.1.st_attn.geo_v_conv.bias	torch.Size([32])	cuda:0	True
2024-01-10 20:28:00,484 - INFO - encoder_blocks.1.st_attn.sem_q_conv.weight	torch.Size([16, 64, 1, 1])	cuda:0	True
2024-01-10 20:28:00,484 - INFO - encoder_blocks.1.st_attn.sem_q_conv.bias	torch.Size([16])	cuda:0	True
2024-01-10 20:28:00,484 - INFO - encoder_blocks.1.st_attn.sem_k_conv.weight	torch.Size([16, 64, 1, 1])	cuda:0	True
2024-01-10 20:28:00,484 - INFO - encoder_blocks.1.st_attn.sem_k_conv.bias	torch.Size([16])	cuda:0	True
2024-01-10 20:28:00,484 - INFO - encoder_blocks.1.st_attn.sem_v_conv.weight	torch.Size([16, 64, 1, 1])	cuda:0	True
2024-01-10 20:28:00,484 - INFO - encoder_blocks.1.st_attn.sem_v_conv.bias	torch.Size([16])	cuda:0	True
2024-01-10 20:28:00,485 - INFO - encoder_blocks.1.st_attn.t_q_conv.weight	torch.Size([16, 64, 1, 1])	cuda:0	True
2024-01-10 20:28:00,485 - INFO - encoder_blocks.1.st_attn.t_q_conv.bias	torch.Size([16])	cuda:0	True
2024-01-10 20:28:00,485 - INFO - encoder_blocks.1.st_attn.t_k_conv.weight	torch.Size([16, 64, 1, 1])	cuda:0	True
2024-01-10 20:28:00,485 - INFO - encoder_blocks.1.st_attn.t_k_conv.bias	torch.Size([16])	cuda:0	True
2024-01-10 20:28:00,485 - INFO - encoder_blocks.1.st_attn.t_v_conv.weight	torch.Size([16, 64, 1, 1])	cuda:0	True
2024-01-10 20:28:00,485 - INFO - encoder_blocks.1.st_attn.t_v_conv.bias	torch.Size([16])	cuda:0	True
2024-01-10 20:28:00,485 - INFO - encoder_blocks.1.st_attn.expand.weight	torch.Size([64, 16])	cuda:0	True
2024-01-10 20:28:00,485 - INFO - encoder_blocks.1.st_attn.expand.bias	torch.Size([64])	cuda:0	True
2024-01-10 20:28:00,485 - INFO - encoder_blocks.1.st_attn.proj.weight	torch.Size([64, 64])	cuda:0	True
2024-01-10 20:28:00,485 - INFO - encoder_blocks.1.st_attn.proj.bias	torch.Size([64])	cuda:0	True
2024-01-10 20:28:00,485 - INFO - encoder_blocks.1.norm2.weight	torch.Size([64])	cuda:0	True
2024-01-10 20:28:00,485 - INFO - encoder_blocks.1.norm2.bias	torch.Size([64])	cuda:0	True
2024-01-10 20:28:00,485 - INFO - encoder_blocks.1.mlp.fc1.weight	torch.Size([256, 64])	cuda:0	True
2024-01-10 20:28:00,485 - INFO - encoder_blocks.1.mlp.fc1.bias	torch.Size([256])	cuda:0	True
2024-01-10 20:28:00,485 - INFO - encoder_blocks.1.mlp.fc2.weight	torch.Size([64, 256])	cuda:0	True
2024-01-10 20:28:00,485 - INFO - encoder_blocks.1.mlp.fc2.bias	torch.Size([64])	cuda:0	True
2024-01-10 20:28:00,485 - INFO - encoder_blocks.2.norm1.weight	torch.Size([64])	cuda:0	True
2024-01-10 20:28:00,485 - INFO - encoder_blocks.2.norm1.bias	torch.Size([64])	cuda:0	True
2024-01-10 20:28:00,486 - INFO - encoder_blocks.2.st_attn.nodevec_p1	torch.Size([288, 40])	cuda:0	True
2024-01-10 20:28:00,486 - INFO - encoder_blocks.2.st_attn.nodevec_p2	torch.Size([170, 40])	cuda:0	True
2024-01-10 20:28:00,486 - INFO - encoder_blocks.2.st_attn.nodevec_p3	torch.Size([170, 40])	cuda:0	True
2024-01-10 20:28:00,486 - INFO - encoder_blocks.2.st_attn.nodevec_pk	torch.Size([40, 40, 40])	cuda:0	True
2024-01-10 20:28:00,486 - INFO - encoder_blocks.2.st_attn.gconv.0.mlp.mlp.weight	torch.Size([64, 192, 1, 1])	cuda:0	True
2024-01-10 20:28:00,486 - INFO - encoder_blocks.2.st_attn.gconv.0.mlp.mlp.bias	torch.Size([64])	cuda:0	True
2024-01-10 20:28:00,486 - INFO - encoder_blocks.2.st_attn.gconv.1.mlp.mlp.weight	torch.Size([64, 192, 1, 1])	cuda:0	True
2024-01-10 20:28:00,486 - INFO - encoder_blocks.2.st_attn.gconv.1.mlp.mlp.bias	torch.Size([64])	cuda:0	True
2024-01-10 20:28:00,486 - INFO - encoder_blocks.2.st_attn.gconv.2.mlp.mlp.weight	torch.Size([64, 192, 1, 1])	cuda:0	True
2024-01-10 20:28:00,486 - INFO - encoder_blocks.2.st_attn.gconv.2.mlp.mlp.bias	torch.Size([64])	cuda:0	True
2024-01-10 20:28:00,486 - INFO - encoder_blocks.2.st_attn.gconv.3.mlp.mlp.weight	torch.Size([64, 192, 1, 1])	cuda:0	True
2024-01-10 20:28:00,486 - INFO - encoder_blocks.2.st_attn.gconv.3.mlp.mlp.bias	torch.Size([64])	cuda:0	True
2024-01-10 20:28:00,486 - INFO - encoder_blocks.2.st_attn.gconv.4.mlp.mlp.weight	torch.Size([64, 192, 1, 1])	cuda:0	True
2024-01-10 20:28:00,486 - INFO - encoder_blocks.2.st_attn.gconv.4.mlp.mlp.bias	torch.Size([64])	cuda:0	True
2024-01-10 20:28:00,486 - INFO - encoder_blocks.2.st_attn.gconv.5.mlp.mlp.weight	torch.Size([64, 192, 1, 1])	cuda:0	True
2024-01-10 20:28:00,486 - INFO - encoder_blocks.2.st_attn.gconv.5.mlp.mlp.bias	torch.Size([64])	cuda:0	True
2024-01-10 20:28:00,486 - INFO - encoder_blocks.2.st_attn.gconv.6.mlp.mlp.weight	torch.Size([64, 192, 1, 1])	cuda:0	True
2024-01-10 20:28:00,487 - INFO - encoder_blocks.2.st_attn.gconv.6.mlp.mlp.bias	torch.Size([64])	cuda:0	True
2024-01-10 20:28:00,487 - INFO - encoder_blocks.2.st_attn.gconv.7.mlp.mlp.weight	torch.Size([64, 192, 1, 1])	cuda:0	True
2024-01-10 20:28:00,487 - INFO - encoder_blocks.2.st_attn.gconv.7.mlp.mlp.bias	torch.Size([64])	cuda:0	True
2024-01-10 20:28:00,487 - INFO - encoder_blocks.2.st_attn.pattern_q_linears.0.weight	torch.Size([32, 64])	cuda:0	True
2024-01-10 20:28:00,487 - INFO - encoder_blocks.2.st_attn.pattern_q_linears.0.bias	torch.Size([32])	cuda:0	True
2024-01-10 20:28:00,487 - INFO - encoder_blocks.2.st_attn.pattern_k_linears.0.weight	torch.Size([32, 64])	cuda:0	True
2024-01-10 20:28:00,487 - INFO - encoder_blocks.2.st_attn.pattern_k_linears.0.bias	torch.Size([32])	cuda:0	True
2024-01-10 20:28:00,487 - INFO - encoder_blocks.2.st_attn.pattern_v_linears.0.weight	torch.Size([32, 64])	cuda:0	True
2024-01-10 20:28:00,487 - INFO - encoder_blocks.2.st_attn.pattern_v_linears.0.bias	torch.Size([32])	cuda:0	True
2024-01-10 20:28:00,487 - INFO - encoder_blocks.2.st_attn.geo_q_conv.weight	torch.Size([32, 64, 1, 1])	cuda:0	True
2024-01-10 20:28:00,487 - INFO - encoder_blocks.2.st_attn.geo_q_conv.bias	torch.Size([32])	cuda:0	True
2024-01-10 20:28:00,487 - INFO - encoder_blocks.2.st_attn.geo_k_conv.weight	torch.Size([32, 64, 1, 1])	cuda:0	True
2024-01-10 20:28:00,487 - INFO - encoder_blocks.2.st_attn.geo_k_conv.bias	torch.Size([32])	cuda:0	True
2024-01-10 20:28:00,487 - INFO - encoder_blocks.2.st_attn.geo_v_conv.weight	torch.Size([32, 64, 1, 1])	cuda:0	True
2024-01-10 20:28:00,487 - INFO - encoder_blocks.2.st_attn.geo_v_conv.bias	torch.Size([32])	cuda:0	True
2024-01-10 20:28:00,487 - INFO - encoder_blocks.2.st_attn.sem_q_conv.weight	torch.Size([16, 64, 1, 1])	cuda:0	True
2024-01-10 20:28:00,487 - INFO - encoder_blocks.2.st_attn.sem_q_conv.bias	torch.Size([16])	cuda:0	True
2024-01-10 20:28:00,487 - INFO - encoder_blocks.2.st_attn.sem_k_conv.weight	torch.Size([16, 64, 1, 1])	cuda:0	True
2024-01-10 20:28:00,488 - INFO - encoder_blocks.2.st_attn.sem_k_conv.bias	torch.Size([16])	cuda:0	True
2024-01-10 20:28:00,488 - INFO - encoder_blocks.2.st_attn.sem_v_conv.weight	torch.Size([16, 64, 1, 1])	cuda:0	True
2024-01-10 20:28:00,488 - INFO - encoder_blocks.2.st_attn.sem_v_conv.bias	torch.Size([16])	cuda:0	True
2024-01-10 20:28:00,488 - INFO - encoder_blocks.2.st_attn.t_q_conv.weight	torch.Size([16, 64, 1, 1])	cuda:0	True
2024-01-10 20:28:00,488 - INFO - encoder_blocks.2.st_attn.t_q_conv.bias	torch.Size([16])	cuda:0	True
2024-01-10 20:28:00,488 - INFO - encoder_blocks.2.st_attn.t_k_conv.weight	torch.Size([16, 64, 1, 1])	cuda:0	True
2024-01-10 20:28:00,488 - INFO - encoder_blocks.2.st_attn.t_k_conv.bias	torch.Size([16])	cuda:0	True
2024-01-10 20:28:00,488 - INFO - encoder_blocks.2.st_attn.t_v_conv.weight	torch.Size([16, 64, 1, 1])	cuda:0	True
2024-01-10 20:28:00,488 - INFO - encoder_blocks.2.st_attn.t_v_conv.bias	torch.Size([16])	cuda:0	True
2024-01-10 20:28:00,488 - INFO - encoder_blocks.2.st_attn.expand.weight	torch.Size([64, 16])	cuda:0	True
2024-01-10 20:28:00,488 - INFO - encoder_blocks.2.st_attn.expand.bias	torch.Size([64])	cuda:0	True
2024-01-10 20:28:00,488 - INFO - encoder_blocks.2.st_attn.proj.weight	torch.Size([64, 64])	cuda:0	True
2024-01-10 20:28:00,488 - INFO - encoder_blocks.2.st_attn.proj.bias	torch.Size([64])	cuda:0	True
2024-01-10 20:28:00,488 - INFO - encoder_blocks.2.norm2.weight	torch.Size([64])	cuda:0	True
2024-01-10 20:28:00,488 - INFO - encoder_blocks.2.norm2.bias	torch.Size([64])	cuda:0	True
2024-01-10 20:28:00,488 - INFO - encoder_blocks.2.mlp.fc1.weight	torch.Size([256, 64])	cuda:0	True
2024-01-10 20:28:00,488 - INFO - encoder_blocks.2.mlp.fc1.bias	torch.Size([256])	cuda:0	True
2024-01-10 20:28:00,488 - INFO - encoder_blocks.2.mlp.fc2.weight	torch.Size([64, 256])	cuda:0	True
2024-01-10 20:28:00,489 - INFO - encoder_blocks.2.mlp.fc2.bias	torch.Size([64])	cuda:0	True
2024-01-10 20:28:00,489 - INFO - encoder_blocks.3.norm1.weight	torch.Size([64])	cuda:0	True
2024-01-10 20:28:00,489 - INFO - encoder_blocks.3.norm1.bias	torch.Size([64])	cuda:0	True
2024-01-10 20:28:00,489 - INFO - encoder_blocks.3.st_attn.nodevec_p1	torch.Size([288, 40])	cuda:0	True
2024-01-10 20:28:00,489 - INFO - encoder_blocks.3.st_attn.nodevec_p2	torch.Size([170, 40])	cuda:0	True
2024-01-10 20:28:00,489 - INFO - encoder_blocks.3.st_attn.nodevec_p3	torch.Size([170, 40])	cuda:0	True
2024-01-10 20:28:00,489 - INFO - encoder_blocks.3.st_attn.nodevec_pk	torch.Size([40, 40, 40])	cuda:0	True
2024-01-10 20:28:00,489 - INFO - encoder_blocks.3.st_attn.gconv.0.mlp.mlp.weight	torch.Size([64, 192, 1, 1])	cuda:0	True
2024-01-10 20:28:00,489 - INFO - encoder_blocks.3.st_attn.gconv.0.mlp.mlp.bias	torch.Size([64])	cuda:0	True
2024-01-10 20:28:00,489 - INFO - encoder_blocks.3.st_attn.gconv.1.mlp.mlp.weight	torch.Size([64, 192, 1, 1])	cuda:0	True
2024-01-10 20:28:00,489 - INFO - encoder_blocks.3.st_attn.gconv.1.mlp.mlp.bias	torch.Size([64])	cuda:0	True
2024-01-10 20:28:00,489 - INFO - encoder_blocks.3.st_attn.gconv.2.mlp.mlp.weight	torch.Size([64, 192, 1, 1])	cuda:0	True
2024-01-10 20:28:00,489 - INFO - encoder_blocks.3.st_attn.gconv.2.mlp.mlp.bias	torch.Size([64])	cuda:0	True
2024-01-10 20:28:00,489 - INFO - encoder_blocks.3.st_attn.gconv.3.mlp.mlp.weight	torch.Size([64, 192, 1, 1])	cuda:0	True
2024-01-10 20:28:00,489 - INFO - encoder_blocks.3.st_attn.gconv.3.mlp.mlp.bias	torch.Size([64])	cuda:0	True
2024-01-10 20:28:00,489 - INFO - encoder_blocks.3.st_attn.gconv.4.mlp.mlp.weight	torch.Size([64, 192, 1, 1])	cuda:0	True
2024-01-10 20:28:00,490 - INFO - encoder_blocks.3.st_attn.gconv.4.mlp.mlp.bias	torch.Size([64])	cuda:0	True
2024-01-10 20:28:00,490 - INFO - encoder_blocks.3.st_attn.gconv.5.mlp.mlp.weight	torch.Size([64, 192, 1, 1])	cuda:0	True
2024-01-10 20:28:00,490 - INFO - encoder_blocks.3.st_attn.gconv.5.mlp.mlp.bias	torch.Size([64])	cuda:0	True
2024-01-10 20:28:00,490 - INFO - encoder_blocks.3.st_attn.gconv.6.mlp.mlp.weight	torch.Size([64, 192, 1, 1])	cuda:0	True
2024-01-10 20:28:00,490 - INFO - encoder_blocks.3.st_attn.gconv.6.mlp.mlp.bias	torch.Size([64])	cuda:0	True
2024-01-10 20:28:00,490 - INFO - encoder_blocks.3.st_attn.gconv.7.mlp.mlp.weight	torch.Size([64, 192, 1, 1])	cuda:0	True
2024-01-10 20:28:00,490 - INFO - encoder_blocks.3.st_attn.gconv.7.mlp.mlp.bias	torch.Size([64])	cuda:0	True
2024-01-10 20:28:00,490 - INFO - encoder_blocks.3.st_attn.pattern_q_linears.0.weight	torch.Size([32, 64])	cuda:0	True
2024-01-10 20:28:00,490 - INFO - encoder_blocks.3.st_attn.pattern_q_linears.0.bias	torch.Size([32])	cuda:0	True
2024-01-10 20:28:00,490 - INFO - encoder_blocks.3.st_attn.pattern_k_linears.0.weight	torch.Size([32, 64])	cuda:0	True
2024-01-10 20:28:00,490 - INFO - encoder_blocks.3.st_attn.pattern_k_linears.0.bias	torch.Size([32])	cuda:0	True
2024-01-10 20:28:00,490 - INFO - encoder_blocks.3.st_attn.pattern_v_linears.0.weight	torch.Size([32, 64])	cuda:0	True
2024-01-10 20:28:00,490 - INFO - encoder_blocks.3.st_attn.pattern_v_linears.0.bias	torch.Size([32])	cuda:0	True
2024-01-10 20:28:00,490 - INFO - encoder_blocks.3.st_attn.geo_q_conv.weight	torch.Size([32, 64, 1, 1])	cuda:0	True
2024-01-10 20:28:00,490 - INFO - encoder_blocks.3.st_attn.geo_q_conv.bias	torch.Size([32])	cuda:0	True
2024-01-10 20:28:00,490 - INFO - encoder_blocks.3.st_attn.geo_k_conv.weight	torch.Size([32, 64, 1, 1])	cuda:0	True
2024-01-10 20:28:00,490 - INFO - encoder_blocks.3.st_attn.geo_k_conv.bias	torch.Size([32])	cuda:0	True
2024-01-10 20:28:00,490 - INFO - encoder_blocks.3.st_attn.geo_v_conv.weight	torch.Size([32, 64, 1, 1])	cuda:0	True
2024-01-10 20:28:00,491 - INFO - encoder_blocks.3.st_attn.geo_v_conv.bias	torch.Size([32])	cuda:0	True
2024-01-10 20:28:00,491 - INFO - encoder_blocks.3.st_attn.sem_q_conv.weight	torch.Size([16, 64, 1, 1])	cuda:0	True
2024-01-10 20:28:00,491 - INFO - encoder_blocks.3.st_attn.sem_q_conv.bias	torch.Size([16])	cuda:0	True
2024-01-10 20:28:00,491 - INFO - encoder_blocks.3.st_attn.sem_k_conv.weight	torch.Size([16, 64, 1, 1])	cuda:0	True
2024-01-10 20:28:00,491 - INFO - encoder_blocks.3.st_attn.sem_k_conv.bias	torch.Size([16])	cuda:0	True
2024-01-10 20:28:00,491 - INFO - encoder_blocks.3.st_attn.sem_v_conv.weight	torch.Size([16, 64, 1, 1])	cuda:0	True
2024-01-10 20:28:00,491 - INFO - encoder_blocks.3.st_attn.sem_v_conv.bias	torch.Size([16])	cuda:0	True
2024-01-10 20:28:00,491 - INFO - encoder_blocks.3.st_attn.t_q_conv.weight	torch.Size([16, 64, 1, 1])	cuda:0	True
2024-01-10 20:28:00,491 - INFO - encoder_blocks.3.st_attn.t_q_conv.bias	torch.Size([16])	cuda:0	True
2024-01-10 20:28:00,491 - INFO - encoder_blocks.3.st_attn.t_k_conv.weight	torch.Size([16, 64, 1, 1])	cuda:0	True
2024-01-10 20:28:00,491 - INFO - encoder_blocks.3.st_attn.t_k_conv.bias	torch.Size([16])	cuda:0	True
2024-01-10 20:28:00,491 - INFO - encoder_blocks.3.st_attn.t_v_conv.weight	torch.Size([16, 64, 1, 1])	cuda:0	True
2024-01-10 20:28:00,491 - INFO - encoder_blocks.3.st_attn.t_v_conv.bias	torch.Size([16])	cuda:0	True
2024-01-10 20:28:00,491 - INFO - encoder_blocks.3.st_attn.expand.weight	torch.Size([64, 16])	cuda:0	True
2024-01-10 20:28:00,491 - INFO - encoder_blocks.3.st_attn.expand.bias	torch.Size([64])	cuda:0	True
2024-01-10 20:28:00,491 - INFO - encoder_blocks.3.st_attn.proj.weight	torch.Size([64, 64])	cuda:0	True
2024-01-10 20:28:00,491 - INFO - encoder_blocks.3.st_attn.proj.bias	torch.Size([64])	cuda:0	True
2024-01-10 20:28:00,491 - INFO - encoder_blocks.3.norm2.weight	torch.Size([64])	cuda:0	True
2024-01-10 20:28:00,491 - INFO - encoder_blocks.3.norm2.bias	torch.Size([64])	cuda:0	True
2024-01-10 20:28:00,491 - INFO - encoder_blocks.3.mlp.fc1.weight	torch.Size([256, 64])	cuda:0	True
2024-01-10 20:28:00,491 - INFO - encoder_blocks.3.mlp.fc1.bias	torch.Size([256])	cuda:0	True
2024-01-10 20:28:00,491 - INFO - encoder_blocks.3.mlp.fc2.weight	torch.Size([64, 256])	cuda:0	True
2024-01-10 20:28:00,492 - INFO - encoder_blocks.3.mlp.fc2.bias	torch.Size([64])	cuda:0	True
2024-01-10 20:28:00,492 - INFO - encoder_blocks.4.norm1.weight	torch.Size([64])	cuda:0	True
2024-01-10 20:28:00,492 - INFO - encoder_blocks.4.norm1.bias	torch.Size([64])	cuda:0	True
2024-01-10 20:28:00,492 - INFO - encoder_blocks.4.st_attn.nodevec_p1	torch.Size([288, 40])	cuda:0	True
2024-01-10 20:28:00,492 - INFO - encoder_blocks.4.st_attn.nodevec_p2	torch.Size([170, 40])	cuda:0	True
2024-01-10 20:28:00,492 - INFO - encoder_blocks.4.st_attn.nodevec_p3	torch.Size([170, 40])	cuda:0	True
2024-01-10 20:28:00,492 - INFO - encoder_blocks.4.st_attn.nodevec_pk	torch.Size([40, 40, 40])	cuda:0	True
2024-01-10 20:28:00,492 - INFO - encoder_blocks.4.st_attn.gconv.0.mlp.mlp.weight	torch.Size([64, 192, 1, 1])	cuda:0	True
2024-01-10 20:28:00,492 - INFO - encoder_blocks.4.st_attn.gconv.0.mlp.mlp.bias	torch.Size([64])	cuda:0	True
2024-01-10 20:28:00,492 - INFO - encoder_blocks.4.st_attn.gconv.1.mlp.mlp.weight	torch.Size([64, 192, 1, 1])	cuda:0	True
2024-01-10 20:28:00,492 - INFO - encoder_blocks.4.st_attn.gconv.1.mlp.mlp.bias	torch.Size([64])	cuda:0	True
2024-01-10 20:28:00,492 - INFO - encoder_blocks.4.st_attn.gconv.2.mlp.mlp.weight	torch.Size([64, 192, 1, 1])	cuda:0	True
2024-01-10 20:28:00,492 - INFO - encoder_blocks.4.st_attn.gconv.2.mlp.mlp.bias	torch.Size([64])	cuda:0	True
2024-01-10 20:28:00,492 - INFO - encoder_blocks.4.st_attn.gconv.3.mlp.mlp.weight	torch.Size([64, 192, 1, 1])	cuda:0	True
2024-01-10 20:28:00,492 - INFO - encoder_blocks.4.st_attn.gconv.3.mlp.mlp.bias	torch.Size([64])	cuda:0	True
2024-01-10 20:28:00,492 - INFO - encoder_blocks.4.st_attn.gconv.4.mlp.mlp.weight	torch.Size([64, 192, 1, 1])	cuda:0	True
2024-01-10 20:28:00,492 - INFO - encoder_blocks.4.st_attn.gconv.4.mlp.mlp.bias	torch.Size([64])	cuda:0	True
2024-01-10 20:28:00,492 - INFO - encoder_blocks.4.st_attn.gconv.5.mlp.mlp.weight	torch.Size([64, 192, 1, 1])	cuda:0	True
2024-01-10 20:28:00,492 - INFO - encoder_blocks.4.st_attn.gconv.5.mlp.mlp.bias	torch.Size([64])	cuda:0	True
2024-01-10 20:28:00,492 - INFO - encoder_blocks.4.st_attn.gconv.6.mlp.mlp.weight	torch.Size([64, 192, 1, 1])	cuda:0	True
2024-01-10 20:28:00,493 - INFO - encoder_blocks.4.st_attn.gconv.6.mlp.mlp.bias	torch.Size([64])	cuda:0	True
2024-01-10 20:28:00,493 - INFO - encoder_blocks.4.st_attn.gconv.7.mlp.mlp.weight	torch.Size([64, 192, 1, 1])	cuda:0	True
2024-01-10 20:28:00,493 - INFO - encoder_blocks.4.st_attn.gconv.7.mlp.mlp.bias	torch.Size([64])	cuda:0	True
2024-01-10 20:28:00,493 - INFO - encoder_blocks.4.st_attn.pattern_q_linears.0.weight	torch.Size([32, 64])	cuda:0	True
2024-01-10 20:28:00,493 - INFO - encoder_blocks.4.st_attn.pattern_q_linears.0.bias	torch.Size([32])	cuda:0	True
2024-01-10 20:28:00,493 - INFO - encoder_blocks.4.st_attn.pattern_k_linears.0.weight	torch.Size([32, 64])	cuda:0	True
2024-01-10 20:28:00,493 - INFO - encoder_blocks.4.st_attn.pattern_k_linears.0.bias	torch.Size([32])	cuda:0	True
2024-01-10 20:28:00,493 - INFO - encoder_blocks.4.st_attn.pattern_v_linears.0.weight	torch.Size([32, 64])	cuda:0	True
2024-01-10 20:28:00,493 - INFO - encoder_blocks.4.st_attn.pattern_v_linears.0.bias	torch.Size([32])	cuda:0	True
2024-01-10 20:28:00,493 - INFO - encoder_blocks.4.st_attn.geo_q_conv.weight	torch.Size([32, 64, 1, 1])	cuda:0	True
2024-01-10 20:28:00,493 - INFO - encoder_blocks.4.st_attn.geo_q_conv.bias	torch.Size([32])	cuda:0	True
2024-01-10 20:28:00,493 - INFO - encoder_blocks.4.st_attn.geo_k_conv.weight	torch.Size([32, 64, 1, 1])	cuda:0	True
2024-01-10 20:28:00,493 - INFO - encoder_blocks.4.st_attn.geo_k_conv.bias	torch.Size([32])	cuda:0	True
2024-01-10 20:28:00,493 - INFO - encoder_blocks.4.st_attn.geo_v_conv.weight	torch.Size([32, 64, 1, 1])	cuda:0	True
2024-01-10 20:28:00,493 - INFO - encoder_blocks.4.st_attn.geo_v_conv.bias	torch.Size([32])	cuda:0	True
2024-01-10 20:28:00,493 - INFO - encoder_blocks.4.st_attn.sem_q_conv.weight	torch.Size([16, 64, 1, 1])	cuda:0	True
2024-01-10 20:28:00,493 - INFO - encoder_blocks.4.st_attn.sem_q_conv.bias	torch.Size([16])	cuda:0	True
2024-01-10 20:28:00,493 - INFO - encoder_blocks.4.st_attn.sem_k_conv.weight	torch.Size([16, 64, 1, 1])	cuda:0	True
2024-01-10 20:28:00,493 - INFO - encoder_blocks.4.st_attn.sem_k_conv.bias	torch.Size([16])	cuda:0	True
2024-01-10 20:28:00,493 - INFO - encoder_blocks.4.st_attn.sem_v_conv.weight	torch.Size([16, 64, 1, 1])	cuda:0	True
2024-01-10 20:28:00,493 - INFO - encoder_blocks.4.st_attn.sem_v_conv.bias	torch.Size([16])	cuda:0	True
2024-01-10 20:28:00,493 - INFO - encoder_blocks.4.st_attn.t_q_conv.weight	torch.Size([16, 64, 1, 1])	cuda:0	True
2024-01-10 20:28:00,494 - INFO - encoder_blocks.4.st_attn.t_q_conv.bias	torch.Size([16])	cuda:0	True
2024-01-10 20:28:00,494 - INFO - encoder_blocks.4.st_attn.t_k_conv.weight	torch.Size([16, 64, 1, 1])	cuda:0	True
2024-01-10 20:28:00,494 - INFO - encoder_blocks.4.st_attn.t_k_conv.bias	torch.Size([16])	cuda:0	True
2024-01-10 20:28:00,494 - INFO - encoder_blocks.4.st_attn.t_v_conv.weight	torch.Size([16, 64, 1, 1])	cuda:0	True
2024-01-10 20:28:00,494 - INFO - encoder_blocks.4.st_attn.t_v_conv.bias	torch.Size([16])	cuda:0	True
2024-01-10 20:28:00,494 - INFO - encoder_blocks.4.st_attn.expand.weight	torch.Size([64, 16])	cuda:0	True
2024-01-10 20:28:00,494 - INFO - encoder_blocks.4.st_attn.expand.bias	torch.Size([64])	cuda:0	True
2024-01-10 20:28:00,494 - INFO - encoder_blocks.4.st_attn.proj.weight	torch.Size([64, 64])	cuda:0	True
2024-01-10 20:28:00,494 - INFO - encoder_blocks.4.st_attn.proj.bias	torch.Size([64])	cuda:0	True
2024-01-10 20:28:00,494 - INFO - encoder_blocks.4.norm2.weight	torch.Size([64])	cuda:0	True
2024-01-10 20:28:00,494 - INFO - encoder_blocks.4.norm2.bias	torch.Size([64])	cuda:0	True
2024-01-10 20:28:00,494 - INFO - encoder_blocks.4.mlp.fc1.weight	torch.Size([256, 64])	cuda:0	True
2024-01-10 20:28:00,494 - INFO - encoder_blocks.4.mlp.fc1.bias	torch.Size([256])	cuda:0	True
2024-01-10 20:28:00,494 - INFO - encoder_blocks.4.mlp.fc2.weight	torch.Size([64, 256])	cuda:0	True
2024-01-10 20:28:00,494 - INFO - encoder_blocks.4.mlp.fc2.bias	torch.Size([64])	cuda:0	True
2024-01-10 20:28:00,494 - INFO - encoder_blocks.5.norm1.weight	torch.Size([64])	cuda:0	True
2024-01-10 20:28:00,494 - INFO - encoder_blocks.5.norm1.bias	torch.Size([64])	cuda:0	True
2024-01-10 20:28:00,494 - INFO - encoder_blocks.5.st_attn.nodevec_p1	torch.Size([288, 40])	cuda:0	True
2024-01-10 20:28:00,494 - INFO - encoder_blocks.5.st_attn.nodevec_p2	torch.Size([170, 40])	cuda:0	True
2024-01-10 20:28:00,494 - INFO - encoder_blocks.5.st_attn.nodevec_p3	torch.Size([170, 40])	cuda:0	True
2024-01-10 20:28:00,494 - INFO - encoder_blocks.5.st_attn.nodevec_pk	torch.Size([40, 40, 40])	cuda:0	True
2024-01-10 20:28:00,495 - INFO - encoder_blocks.5.st_attn.gconv.0.mlp.mlp.weight	torch.Size([64, 192, 1, 1])	cuda:0	True
2024-01-10 20:28:00,495 - INFO - encoder_blocks.5.st_attn.gconv.0.mlp.mlp.bias	torch.Size([64])	cuda:0	True
2024-01-10 20:28:00,495 - INFO - encoder_blocks.5.st_attn.gconv.1.mlp.mlp.weight	torch.Size([64, 192, 1, 1])	cuda:0	True
2024-01-10 20:28:00,495 - INFO - encoder_blocks.5.st_attn.gconv.1.mlp.mlp.bias	torch.Size([64])	cuda:0	True
2024-01-10 20:28:00,495 - INFO - encoder_blocks.5.st_attn.gconv.2.mlp.mlp.weight	torch.Size([64, 192, 1, 1])	cuda:0	True
2024-01-10 20:28:00,495 - INFO - encoder_blocks.5.st_attn.gconv.2.mlp.mlp.bias	torch.Size([64])	cuda:0	True
2024-01-10 20:28:00,495 - INFO - encoder_blocks.5.st_attn.gconv.3.mlp.mlp.weight	torch.Size([64, 192, 1, 1])	cuda:0	True
2024-01-10 20:28:00,495 - INFO - encoder_blocks.5.st_attn.gconv.3.mlp.mlp.bias	torch.Size([64])	cuda:0	True
2024-01-10 20:28:00,495 - INFO - encoder_blocks.5.st_attn.gconv.4.mlp.mlp.weight	torch.Size([64, 192, 1, 1])	cuda:0	True
2024-01-10 20:28:00,495 - INFO - encoder_blocks.5.st_attn.gconv.4.mlp.mlp.bias	torch.Size([64])	cuda:0	True
2024-01-10 20:28:00,495 - INFO - encoder_blocks.5.st_attn.gconv.5.mlp.mlp.weight	torch.Size([64, 192, 1, 1])	cuda:0	True
2024-01-10 20:28:00,495 - INFO - encoder_blocks.5.st_attn.gconv.5.mlp.mlp.bias	torch.Size([64])	cuda:0	True
2024-01-10 20:28:00,495 - INFO - encoder_blocks.5.st_attn.gconv.6.mlp.mlp.weight	torch.Size([64, 192, 1, 1])	cuda:0	True
2024-01-10 20:28:00,495 - INFO - encoder_blocks.5.st_attn.gconv.6.mlp.mlp.bias	torch.Size([64])	cuda:0	True
2024-01-10 20:28:00,495 - INFO - encoder_blocks.5.st_attn.gconv.7.mlp.mlp.weight	torch.Size([64, 192, 1, 1])	cuda:0	True
2024-01-10 20:28:00,495 - INFO - encoder_blocks.5.st_attn.gconv.7.mlp.mlp.bias	torch.Size([64])	cuda:0	True
2024-01-10 20:28:00,495 - INFO - encoder_blocks.5.st_attn.pattern_q_linears.0.weight	torch.Size([32, 64])	cuda:0	True
2024-01-10 20:28:00,495 - INFO - encoder_blocks.5.st_attn.pattern_q_linears.0.bias	torch.Size([32])	cuda:0	True
2024-01-10 20:28:00,495 - INFO - encoder_blocks.5.st_attn.pattern_k_linears.0.weight	torch.Size([32, 64])	cuda:0	True
2024-01-10 20:28:00,495 - INFO - encoder_blocks.5.st_attn.pattern_k_linears.0.bias	torch.Size([32])	cuda:0	True
2024-01-10 20:28:00,495 - INFO - encoder_blocks.5.st_attn.pattern_v_linears.0.weight	torch.Size([32, 64])	cuda:0	True
2024-01-10 20:28:00,496 - INFO - encoder_blocks.5.st_attn.pattern_v_linears.0.bias	torch.Size([32])	cuda:0	True
2024-01-10 20:28:00,496 - INFO - encoder_blocks.5.st_attn.geo_q_conv.weight	torch.Size([32, 64, 1, 1])	cuda:0	True
2024-01-10 20:28:00,496 - INFO - encoder_blocks.5.st_attn.geo_q_conv.bias	torch.Size([32])	cuda:0	True
2024-01-10 20:28:00,496 - INFO - encoder_blocks.5.st_attn.geo_k_conv.weight	torch.Size([32, 64, 1, 1])	cuda:0	True
2024-01-10 20:28:00,496 - INFO - encoder_blocks.5.st_attn.geo_k_conv.bias	torch.Size([32])	cuda:0	True
2024-01-10 20:28:00,496 - INFO - encoder_blocks.5.st_attn.geo_v_conv.weight	torch.Size([32, 64, 1, 1])	cuda:0	True
2024-01-10 20:28:00,496 - INFO - encoder_blocks.5.st_attn.geo_v_conv.bias	torch.Size([32])	cuda:0	True
2024-01-10 20:28:00,496 - INFO - encoder_blocks.5.st_attn.sem_q_conv.weight	torch.Size([16, 64, 1, 1])	cuda:0	True
2024-01-10 20:28:00,496 - INFO - encoder_blocks.5.st_attn.sem_q_conv.bias	torch.Size([16])	cuda:0	True
2024-01-10 20:28:00,496 - INFO - encoder_blocks.5.st_attn.sem_k_conv.weight	torch.Size([16, 64, 1, 1])	cuda:0	True
2024-01-10 20:28:00,496 - INFO - encoder_blocks.5.st_attn.sem_k_conv.bias	torch.Size([16])	cuda:0	True
2024-01-10 20:28:00,496 - INFO - encoder_blocks.5.st_attn.sem_v_conv.weight	torch.Size([16, 64, 1, 1])	cuda:0	True
2024-01-10 20:28:00,496 - INFO - encoder_blocks.5.st_attn.sem_v_conv.bias	torch.Size([16])	cuda:0	True
2024-01-10 20:28:00,496 - INFO - encoder_blocks.5.st_attn.t_q_conv.weight	torch.Size([16, 64, 1, 1])	cuda:0	True
2024-01-10 20:28:00,496 - INFO - encoder_blocks.5.st_attn.t_q_conv.bias	torch.Size([16])	cuda:0	True
2024-01-10 20:28:00,496 - INFO - encoder_blocks.5.st_attn.t_k_conv.weight	torch.Size([16, 64, 1, 1])	cuda:0	True
2024-01-10 20:28:00,496 - INFO - encoder_blocks.5.st_attn.t_k_conv.bias	torch.Size([16])	cuda:0	True
2024-01-10 20:28:00,496 - INFO - encoder_blocks.5.st_attn.t_v_conv.weight	torch.Size([16, 64, 1, 1])	cuda:0	True
2024-01-10 20:28:00,496 - INFO - encoder_blocks.5.st_attn.t_v_conv.bias	torch.Size([16])	cuda:0	True
2024-01-10 20:28:00,496 - INFO - encoder_blocks.5.st_attn.expand.weight	torch.Size([64, 16])	cuda:0	True
2024-01-10 20:28:00,496 - INFO - encoder_blocks.5.st_attn.expand.bias	torch.Size([64])	cuda:0	True
2024-01-10 20:28:00,496 - INFO - encoder_blocks.5.st_attn.proj.weight	torch.Size([64, 64])	cuda:0	True
2024-01-10 20:28:00,497 - INFO - encoder_blocks.5.st_attn.proj.bias	torch.Size([64])	cuda:0	True
2024-01-10 20:28:00,497 - INFO - encoder_blocks.5.norm2.weight	torch.Size([64])	cuda:0	True
2024-01-10 20:28:00,497 - INFO - encoder_blocks.5.norm2.bias	torch.Size([64])	cuda:0	True
2024-01-10 20:28:00,497 - INFO - encoder_blocks.5.mlp.fc1.weight	torch.Size([256, 64])	cuda:0	True
2024-01-10 20:28:00,497 - INFO - encoder_blocks.5.mlp.fc1.bias	torch.Size([256])	cuda:0	True
2024-01-10 20:28:00,497 - INFO - encoder_blocks.5.mlp.fc2.weight	torch.Size([64, 256])	cuda:0	True
2024-01-10 20:28:00,497 - INFO - encoder_blocks.5.mlp.fc2.bias	torch.Size([64])	cuda:0	True
2024-01-10 20:28:00,497 - INFO - skip_convs.0.weight	torch.Size([256, 64, 1, 1])	cuda:0	True
2024-01-10 20:28:00,497 - INFO - skip_convs.0.bias	torch.Size([256])	cuda:0	True
2024-01-10 20:28:00,497 - INFO - skip_convs.1.weight	torch.Size([256, 64, 1, 1])	cuda:0	True
2024-01-10 20:28:00,497 - INFO - skip_convs.1.bias	torch.Size([256])	cuda:0	True
2024-01-10 20:28:00,497 - INFO - skip_convs.2.weight	torch.Size([256, 64, 1, 1])	cuda:0	True
2024-01-10 20:28:00,497 - INFO - skip_convs.2.bias	torch.Size([256])	cuda:0	True
2024-01-10 20:28:00,497 - INFO - skip_convs.3.weight	torch.Size([256, 64, 1, 1])	cuda:0	True
2024-01-10 20:28:00,497 - INFO - skip_convs.3.bias	torch.Size([256])	cuda:0	True
2024-01-10 20:28:00,497 - INFO - skip_convs.4.weight	torch.Size([256, 64, 1, 1])	cuda:0	True
2024-01-10 20:28:00,497 - INFO - skip_convs.4.bias	torch.Size([256])	cuda:0	True
2024-01-10 20:28:00,497 - INFO - skip_convs.5.weight	torch.Size([256, 64, 1, 1])	cuda:0	True
2024-01-10 20:28:00,497 - INFO - skip_convs.5.bias	torch.Size([256])	cuda:0	True
2024-01-10 20:28:00,497 - INFO - end_conv1.weight	torch.Size([12, 12, 1, 1])	cuda:0	True
2024-01-10 20:28:00,497 - INFO - end_conv1.bias	torch.Size([12])	cuda:0	True
2024-01-10 20:28:00,497 - INFO - end_conv2.weight	torch.Size([1, 256, 1, 1])	cuda:0	True
2024-01-10 20:28:00,497 - INFO - end_conv2.bias	torch.Size([1])	cuda:0	True
2024-01-10 20:28:00,498 - INFO - Total parameter numbers: 1665309
2024-01-10 20:28:00,498 - INFO - You select `adamw` optimizer.
2024-01-10 20:28:00,499 - INFO - You select `cosinelr` lr_scheduler.
2024-01-10 20:28:00,500 - WARNING - Received none train loss func and will use the loss func defined in the model.
2024-01-10 20:28:00,501 - INFO - Number of isolated points: 0
2024-01-10 20:28:00,527 - INFO - Start training ...
2024-01-10 20:28:00,527 - INFO - num_batches:669
