2024-04-02 21:32:28,481 - INFO - Log directory: ./libcity/log
2024-04-02 21:32:28,482 - INFO - Begin pipeline, task=traffic_state_pred, model_name=PDFormer, dataset_name=PeMS08, exp_id=16952
2024-04-02 21:32:28,482 - INFO - {'task': 'traffic_state_pred', 'model': 'PDFormer', 'dataset': 'PeMS08', 'saved_model': True, 'train': True, 'local_rank': 0, 'initial_ckpt': None, 'dataset_class': 'PDFormerDataset', 'input_window': 12, 'output_window': 12, 'train_rate': 0.6, 'eval_rate': 0.2, 'batch_size': 16, 'add_time_in_day': True, 'add_day_in_week': True, 'step_size': 2776, 'max_epoch': 300, 'bidir': True, 'far_mask_delta': 7, 'geo_num_heads': 4, 'sem_num_heads': 2, 't_num_heads': 2, 'cluster_method': 'kshape', 'cand_key_days': 21, 'seed': 1, 'type_ln': 'pre', 'set_loss': 'huber', 'huber_delta': 2, 'mode': 'average', 'executor': 'PDFormerExecutor', 'evaluator': 'TrafficStateEvaluator', 'embed_dim': 64, 'skip_dim': 256, 'mlp_ratio': 4, 'qkv_bias': True, 'drop': 0, 'attn_drop': 0, 'drop_path': 0.3, 's_attn_size': 3, 't_attn_size': 1, 'enc_depth': 6, 'type_short_path': 'hop', 'scaler': 'standard', 'load_external': True, 'normal_external': False, 'ext_scaler': 'none', 'learner': 'adamw', 'learning_rate': 0.001, 'weight_decay': 0.05, 'lr_decay': True, 'lr_scheduler': 'cosinelr', 'lr_eta_min': 0.0001, 'lr_decay_ratio': 0.1, 'lr_warmup_epoch': 5, 'lr_warmup_init': 1e-06, 'clip_grad_norm': True, 'max_grad_norm': 5, 'use_early_stop': True, 'patience': 50, 'task_level': 0, 'use_curriculum_learning': True, 'random_flip': True, 'quan_delta': 0.25, 'dtw_delta': 5, 'cache_dataset': True, 'num_workers': 0, 'pad_with_last_sample': True, 'lape_dim': 8, 'gpu': True, 'gpu_id': 2, 'train_loss': 'none', 'epoch': 0, 'lr_epsilon': 1e-08, 'lr_beta1': 0.9, 'lr_beta2': 0.999, 'lr_alpha': 0.99, 'lr_momentum': 0, 'steps': [5, 20, 40, 70], 'lr_T_max': 30, 'lr_patience': 10, 'lr_threshold': 0.0001, 'log_level': 'INFO', 'log_every': 1, 'load_best_epoch': True, 'hyper_tune': False, 'grad_accmu_steps': 1, 'metrics': ['MAE', 'MAPE', 'RMSE', 'masked_MAE', 'masked_MAPE', 'masked_RMSE'], 'save_modes': ['csv'], 'geo': {'including_types': ['Point'], 'Point': {}}, 'rel': {'including_types': ['geo'], 'geo': {'cost': 'num'}}, 'dyna': {'including_types': ['state'], 'state': {'entity_id': 'geo_id', 'traffic_flow': 'num', 'traffic_occupancy': 'num', 'traffic_speed': 'num'}}, 'data_col': ['traffic_flow'], 'weight_col': 'cost', 'data_files': ['PeMS08'], 'geo_file': 'PeMS08', 'rel_file': 'PeMS08', 'adp_file': 'PeMS08', 'output_dim': 1, 'time_intervals': 300, 'init_weight_inf_or_zero': 'zero', 'set_weight_link_or_dist': 'link', 'calculate_weight_adj': False, 'weight_adj_epsilon': 0.1, 'distributed': False, 'device': device(type='cuda', index=2), 'exp_id': 16952}
2024-04-02 21:32:28,741 - INFO - Loaded file PeMS08.geo, num_nodes=170
2024-04-02 21:32:28,743 - INFO - set_weight_link_or_dist: link
2024-04-02 21:32:28,743 - INFO - init_weight_inf_or_zero: zero
2024-04-02 21:32:28,745 - INFO - Loaded file PeMS08.rel, shape=(170, 170)
2024-04-02 21:32:28,745 - INFO - Max adj_mx value = 1.0
2024-04-02 21:32:38,200 - INFO - Loading file PeMS08.dyna
2024-04-02 21:32:39,874 - INFO - Loaded file PeMS08.dyna, shape=(17856, 170, 1)
2024-04-02 21:32:39,893 - INFO - Load DTW matrix from ./libcity/cache/dataset_cache/dtw_PeMS08.npy
2024-04-02 21:32:39,893 - INFO - Loading ./libcity/cache/dataset_cache/pdformer_point_based_PeMS08_12_12_0.6_1_0.2_standard_16_True_True_True_True_traffic_flow.npz
2024-04-02 21:32:46,666 - INFO - train	x: (10700, 12, 170, 9), y: (10700, 12, 170, 9), ind: (10700,)
2024-04-02 21:32:46,666 - INFO - eval	x: (3566, 12, 170, 9), y: (3566, 12, 170, 9), ind: (3566,)
2024-04-02 21:32:46,666 - INFO - test	x: (3567, 12, 170, 9), y: (3567, 12, 170, 9), ind: (3567,)
2024-04-02 21:32:47,091 - INFO - StandardScaler mean: 229.8431355598314, std: 145.62553066568907
2024-04-02 21:32:47,091 - INFO - NoneScaler
2024-04-02 21:32:48,285 - INFO - Loaded file ./libcity/cache/dataset_cache/pattern_keys_kshape_PeMS08_21_3_16_5.npy
2024-04-02 21:32:48,291 - INFO - Use use_curriculum_learning!
2024-04-02 21:32:51,726 - INFO - Number of isolated points: 0
2024-04-02 21:32:51,735 - INFO - Number of isolated points: 0
2024-04-02 21:32:51,785 - INFO - PDFormer(
  (pattern_embeddings): ModuleList(
    (0): TokenEmbedding(
      (token_embed): Linear(in_features=3, out_features=64, bias=True)
      (norm): Identity()
    )
  )
  (enc_embed_layer): DataEmbedding(
    (value_embedding): TokenEmbedding(
      (token_embed): Linear(in_features=1, out_features=64, bias=True)
      (norm): Identity()
    )
    (position_encoding): PositionalEncoding()
    (daytime_embedding): Embedding(1440, 64)
    (weekday_embedding): Embedding(7, 64)
    (spatial_embedding): LaplacianPE(
      (embedding_lap_pos_enc): Linear(in_features=8, out_features=64, bias=True)
    )
    (tempp_embedding): Linear(in_features=8, out_features=64, bias=True)
    (dropout): Dropout(p=0, inplace=False)
  )
  (encoder_blocks): ModuleList(
    (0): STEncoderBlock(
      (norm1): LayerNorm((64,), eps=1e-06, elementwise_affine=True)
      (st_attn): STSelfAttention(
        (pattern_q_linears): ModuleList(
          (0): Linear(in_features=64, out_features=32, bias=True)
        )
        (pattern_k_linears): ModuleList(
          (0): Linear(in_features=64, out_features=32, bias=True)
        )
        (pattern_v_linears): ModuleList(
          (0): Linear(in_features=64, out_features=32, bias=True)
        )
        (geo_q_conv): Conv2d(64, 32, kernel_size=(1, 1), stride=(1, 1))
        (geo_k_conv): Conv2d(64, 32, kernel_size=(1, 1), stride=(1, 1))
        (geo_v_conv): Conv2d(64, 32, kernel_size=(1, 1), stride=(1, 1))
        (geo_attn_drop): Dropout(p=0, inplace=False)
        (sem_q_conv): Conv2d(64, 16, kernel_size=(1, 1), stride=(1, 1))
        (sem_k_conv): Conv2d(64, 16, kernel_size=(1, 1), stride=(1, 1))
        (sem_v_conv): Conv2d(64, 16, kernel_size=(1, 1), stride=(1, 1))
        (sem_attn_drop): Dropout(p=0, inplace=False)
        (t_q_conv): Conv2d(64, 16, kernel_size=(1, 3), stride=(1, 1), padding=(0, 1))
        (t_k_conv): Conv2d(64, 16, kernel_size=(1, 3), stride=(1, 1), padding=(0, 1))
        (t_v_conv): Conv2d(64, 16, kernel_size=(1, 1), stride=(1, 1))
        (t_attn_drop): Dropout(p=0, inplace=False)
        (proj): Linear(in_features=48, out_features=64, bias=True)
        (proj_drop): Dropout(p=0, inplace=False)
        (gconv): gcn(
          (nconv): nconv()
          (mlp): linear(
            (mlp): Conv2d(96, 32, kernel_size=(1, 1), stride=(1, 1))
          )
        )
        (reshape1): Linear(in_features=64, out_features=32, bias=True)
        (reshape2): Linear(in_features=32, out_features=64, bias=True)
      )
      (drop_path): Identity()
      (norm2): LayerNorm((64,), eps=1e-06, elementwise_affine=True)
      (mlp): Mlp(
        (fc1): Linear(in_features=64, out_features=256, bias=True)
        (act): GELU()
        (fc2): Linear(in_features=256, out_features=64, bias=True)
        (drop): Dropout(p=0, inplace=False)
      )
    )
    (1): STEncoderBlock(
      (norm1): LayerNorm((64,), eps=1e-06, elementwise_affine=True)
      (st_attn): STSelfAttention(
        (pattern_q_linears): ModuleList(
          (0): Linear(in_features=64, out_features=32, bias=True)
        )
        (pattern_k_linears): ModuleList(
          (0): Linear(in_features=64, out_features=32, bias=True)
        )
        (pattern_v_linears): ModuleList(
          (0): Linear(in_features=64, out_features=32, bias=True)
        )
        (geo_q_conv): Conv2d(64, 32, kernel_size=(1, 1), stride=(1, 1))
        (geo_k_conv): Conv2d(64, 32, kernel_size=(1, 1), stride=(1, 1))
        (geo_v_conv): Conv2d(64, 32, kernel_size=(1, 1), stride=(1, 1))
        (geo_attn_drop): Dropout(p=0, inplace=False)
        (sem_q_conv): Conv2d(64, 16, kernel_size=(1, 1), stride=(1, 1))
        (sem_k_conv): Conv2d(64, 16, kernel_size=(1, 1), stride=(1, 1))
        (sem_v_conv): Conv2d(64, 16, kernel_size=(1, 1), stride=(1, 1))
        (sem_attn_drop): Dropout(p=0, inplace=False)
        (t_q_conv): Conv2d(64, 16, kernel_size=(1, 3), stride=(1, 1), padding=(0, 1))
        (t_k_conv): Conv2d(64, 16, kernel_size=(1, 3), stride=(1, 1), padding=(0, 1))
        (t_v_conv): Conv2d(64, 16, kernel_size=(1, 1), stride=(1, 1))
        (t_attn_drop): Dropout(p=0, inplace=False)
        (proj): Linear(in_features=48, out_features=64, bias=True)
        (proj_drop): Dropout(p=0, inplace=False)
        (gconv): gcn(
          (nconv): nconv()
          (mlp): linear(
            (mlp): Conv2d(96, 32, kernel_size=(1, 1), stride=(1, 1))
          )
        )
        (reshape1): Linear(in_features=64, out_features=32, bias=True)
        (reshape2): Linear(in_features=32, out_features=64, bias=True)
      )
      (drop_path): DropPath()
      (norm2): LayerNorm((64,), eps=1e-06, elementwise_affine=True)
      (mlp): Mlp(
        (fc1): Linear(in_features=64, out_features=256, bias=True)
        (act): GELU()
        (fc2): Linear(in_features=256, out_features=64, bias=True)
        (drop): Dropout(p=0, inplace=False)
      )
    )
    (2): STEncoderBlock(
      (norm1): LayerNorm((64,), eps=1e-06, elementwise_affine=True)
      (st_attn): STSelfAttention(
        (pattern_q_linears): ModuleList(
          (0): Linear(in_features=64, out_features=32, bias=True)
        )
        (pattern_k_linears): ModuleList(
          (0): Linear(in_features=64, out_features=32, bias=True)
        )
        (pattern_v_linears): ModuleList(
          (0): Linear(in_features=64, out_features=32, bias=True)
        )
        (geo_q_conv): Conv2d(64, 32, kernel_size=(1, 1), stride=(1, 1))
        (geo_k_conv): Conv2d(64, 32, kernel_size=(1, 1), stride=(1, 1))
        (geo_v_conv): Conv2d(64, 32, kernel_size=(1, 1), stride=(1, 1))
        (geo_attn_drop): Dropout(p=0, inplace=False)
        (sem_q_conv): Conv2d(64, 16, kernel_size=(1, 1), stride=(1, 1))
        (sem_k_conv): Conv2d(64, 16, kernel_size=(1, 1), stride=(1, 1))
        (sem_v_conv): Conv2d(64, 16, kernel_size=(1, 1), stride=(1, 1))
        (sem_attn_drop): Dropout(p=0, inplace=False)
        (t_q_conv): Conv2d(64, 16, kernel_size=(1, 3), stride=(1, 1), padding=(0, 1))
        (t_k_conv): Conv2d(64, 16, kernel_size=(1, 3), stride=(1, 1), padding=(0, 1))
        (t_v_conv): Conv2d(64, 16, kernel_size=(1, 1), stride=(1, 1))
        (t_attn_drop): Dropout(p=0, inplace=False)
        (proj): Linear(in_features=48, out_features=64, bias=True)
        (proj_drop): Dropout(p=0, inplace=False)
        (gconv): gcn(
          (nconv): nconv()
          (mlp): linear(
            (mlp): Conv2d(96, 32, kernel_size=(1, 1), stride=(1, 1))
          )
        )
        (reshape1): Linear(in_features=64, out_features=32, bias=True)
        (reshape2): Linear(in_features=32, out_features=64, bias=True)
      )
      (drop_path): DropPath()
      (norm2): LayerNorm((64,), eps=1e-06, elementwise_affine=True)
      (mlp): Mlp(
        (fc1): Linear(in_features=64, out_features=256, bias=True)
        (act): GELU()
        (fc2): Linear(in_features=256, out_features=64, bias=True)
        (drop): Dropout(p=0, inplace=False)
      )
    )
    (3): STEncoderBlock(
      (norm1): LayerNorm((64,), eps=1e-06, elementwise_affine=True)
      (st_attn): STSelfAttention(
        (pattern_q_linears): ModuleList(
          (0): Linear(in_features=64, out_features=32, bias=True)
        )
        (pattern_k_linears): ModuleList(
          (0): Linear(in_features=64, out_features=32, bias=True)
        )
        (pattern_v_linears): ModuleList(
          (0): Linear(in_features=64, out_features=32, bias=True)
        )
        (geo_q_conv): Conv2d(64, 32, kernel_size=(1, 1), stride=(1, 1))
        (geo_k_conv): Conv2d(64, 32, kernel_size=(1, 1), stride=(1, 1))
        (geo_v_conv): Conv2d(64, 32, kernel_size=(1, 1), stride=(1, 1))
        (geo_attn_drop): Dropout(p=0, inplace=False)
        (sem_q_conv): Conv2d(64, 16, kernel_size=(1, 1), stride=(1, 1))
        (sem_k_conv): Conv2d(64, 16, kernel_size=(1, 1), stride=(1, 1))
        (sem_v_conv): Conv2d(64, 16, kernel_size=(1, 1), stride=(1, 1))
        (sem_attn_drop): Dropout(p=0, inplace=False)
        (t_q_conv): Conv2d(64, 16, kernel_size=(1, 3), stride=(1, 1), padding=(0, 1))
        (t_k_conv): Conv2d(64, 16, kernel_size=(1, 3), stride=(1, 1), padding=(0, 1))
        (t_v_conv): Conv2d(64, 16, kernel_size=(1, 1), stride=(1, 1))
        (t_attn_drop): Dropout(p=0, inplace=False)
        (proj): Linear(in_features=48, out_features=64, bias=True)
        (proj_drop): Dropout(p=0, inplace=False)
        (gconv): gcn(
          (nconv): nconv()
          (mlp): linear(
            (mlp): Conv2d(96, 32, kernel_size=(1, 1), stride=(1, 1))
          )
        )
        (reshape1): Linear(in_features=64, out_features=32, bias=True)
        (reshape2): Linear(in_features=32, out_features=64, bias=True)
      )
      (drop_path): DropPath()
      (norm2): LayerNorm((64,), eps=1e-06, elementwise_affine=True)
      (mlp): Mlp(
        (fc1): Linear(in_features=64, out_features=256, bias=True)
        (act): GELU()
        (fc2): Linear(in_features=256, out_features=64, bias=True)
        (drop): Dropout(p=0, inplace=False)
      )
    )
    (4): STEncoderBlock(
      (norm1): LayerNorm((64,), eps=1e-06, elementwise_affine=True)
      (st_attn): STSelfAttention(
        (pattern_q_linears): ModuleList(
          (0): Linear(in_features=64, out_features=32, bias=True)
        )
        (pattern_k_linears): ModuleList(
          (0): Linear(in_features=64, out_features=32, bias=True)
        )
        (pattern_v_linears): ModuleList(
          (0): Linear(in_features=64, out_features=32, bias=True)
        )
        (geo_q_conv): Conv2d(64, 32, kernel_size=(1, 1), stride=(1, 1))
        (geo_k_conv): Conv2d(64, 32, kernel_size=(1, 1), stride=(1, 1))
        (geo_v_conv): Conv2d(64, 32, kernel_size=(1, 1), stride=(1, 1))
        (geo_attn_drop): Dropout(p=0, inplace=False)
        (sem_q_conv): Conv2d(64, 16, kernel_size=(1, 1), stride=(1, 1))
        (sem_k_conv): Conv2d(64, 16, kernel_size=(1, 1), stride=(1, 1))
        (sem_v_conv): Conv2d(64, 16, kernel_size=(1, 1), stride=(1, 1))
        (sem_attn_drop): Dropout(p=0, inplace=False)
        (t_q_conv): Conv2d(64, 16, kernel_size=(1, 3), stride=(1, 1), padding=(0, 1))
        (t_k_conv): Conv2d(64, 16, kernel_size=(1, 3), stride=(1, 1), padding=(0, 1))
        (t_v_conv): Conv2d(64, 16, kernel_size=(1, 1), stride=(1, 1))
        (t_attn_drop): Dropout(p=0, inplace=False)
        (proj): Linear(in_features=48, out_features=64, bias=True)
        (proj_drop): Dropout(p=0, inplace=False)
        (gconv): gcn(
          (nconv): nconv()
          (mlp): linear(
            (mlp): Conv2d(96, 32, kernel_size=(1, 1), stride=(1, 1))
          )
        )
        (reshape1): Linear(in_features=64, out_features=32, bias=True)
        (reshape2): Linear(in_features=32, out_features=64, bias=True)
      )
      (drop_path): DropPath()
      (norm2): LayerNorm((64,), eps=1e-06, elementwise_affine=True)
      (mlp): Mlp(
        (fc1): Linear(in_features=64, out_features=256, bias=True)
        (act): GELU()
        (fc2): Linear(in_features=256, out_features=64, bias=True)
        (drop): Dropout(p=0, inplace=False)
      )
    )
    (5): STEncoderBlock(
      (norm1): LayerNorm((64,), eps=1e-06, elementwise_affine=True)
      (st_attn): STSelfAttention(
        (pattern_q_linears): ModuleList(
          (0): Linear(in_features=64, out_features=32, bias=True)
        )
        (pattern_k_linears): ModuleList(
          (0): Linear(in_features=64, out_features=32, bias=True)
        )
        (pattern_v_linears): ModuleList(
          (0): Linear(in_features=64, out_features=32, bias=True)
        )
        (geo_q_conv): Conv2d(64, 32, kernel_size=(1, 1), stride=(1, 1))
        (geo_k_conv): Conv2d(64, 32, kernel_size=(1, 1), stride=(1, 1))
        (geo_v_conv): Conv2d(64, 32, kernel_size=(1, 1), stride=(1, 1))
        (geo_attn_drop): Dropout(p=0, inplace=False)
        (sem_q_conv): Conv2d(64, 16, kernel_size=(1, 1), stride=(1, 1))
        (sem_k_conv): Conv2d(64, 16, kernel_size=(1, 1), stride=(1, 1))
        (sem_v_conv): Conv2d(64, 16, kernel_size=(1, 1), stride=(1, 1))
        (sem_attn_drop): Dropout(p=0, inplace=False)
        (t_q_conv): Conv2d(64, 16, kernel_size=(1, 3), stride=(1, 1), padding=(0, 1))
        (t_k_conv): Conv2d(64, 16, kernel_size=(1, 3), stride=(1, 1), padding=(0, 1))
        (t_v_conv): Conv2d(64, 16, kernel_size=(1, 1), stride=(1, 1))
        (t_attn_drop): Dropout(p=0, inplace=False)
        (proj): Linear(in_features=48, out_features=64, bias=True)
        (proj_drop): Dropout(p=0, inplace=False)
        (gconv): gcn(
          (nconv): nconv()
          (mlp): linear(
            (mlp): Conv2d(96, 32, kernel_size=(1, 1), stride=(1, 1))
          )
        )
        (reshape1): Linear(in_features=64, out_features=32, bias=True)
        (reshape2): Linear(in_features=32, out_features=64, bias=True)
      )
      (drop_path): DropPath()
      (norm2): LayerNorm((64,), eps=1e-06, elementwise_affine=True)
      (mlp): Mlp(
        (fc1): Linear(in_features=64, out_features=256, bias=True)
        (act): GELU()
        (fc2): Linear(in_features=256, out_features=64, bias=True)
        (drop): Dropout(p=0, inplace=False)
      )
    )
  )
  (skip_convs): ModuleList(
    (0): Conv2d(64, 256, kernel_size=(1, 1), stride=(1, 1))
    (1): Conv2d(64, 256, kernel_size=(1, 1), stride=(1, 1))
    (2): Conv2d(64, 256, kernel_size=(1, 1), stride=(1, 1))
    (3): Conv2d(64, 256, kernel_size=(1, 1), stride=(1, 1))
    (4): Conv2d(64, 256, kernel_size=(1, 1), stride=(1, 1))
    (5): Conv2d(64, 256, kernel_size=(1, 1), stride=(1, 1))
  )
  (end_conv1): Conv2d(12, 12, kernel_size=(1, 1), stride=(1, 1))
  (end_conv2): Conv2d(256, 1, kernel_size=(1, 1), stride=(1, 1))
)
2024-04-02 21:32:51,788 - INFO - pattern_embeddings.0.token_embed.weight	torch.Size([64, 3])	cuda:2	True
2024-04-02 21:32:51,788 - INFO - pattern_embeddings.0.token_embed.bias	torch.Size([64])	cuda:2	True
2024-04-02 21:32:51,788 - INFO - enc_embed_layer.value_embedding.token_embed.weight	torch.Size([64, 1])	cuda:2	True
2024-04-02 21:32:51,788 - INFO - enc_embed_layer.value_embedding.token_embed.bias	torch.Size([64])	cuda:2	True
2024-04-02 21:32:51,788 - INFO - enc_embed_layer.daytime_embedding.weight	torch.Size([1440, 64])	cuda:2	True
2024-04-02 21:32:51,788 - INFO - enc_embed_layer.weekday_embedding.weight	torch.Size([7, 64])	cuda:2	True
2024-04-02 21:32:51,788 - INFO - enc_embed_layer.spatial_embedding.embedding_lap_pos_enc.weight	torch.Size([64, 8])	cuda:2	True
2024-04-02 21:32:51,788 - INFO - enc_embed_layer.spatial_embedding.embedding_lap_pos_enc.bias	torch.Size([64])	cuda:2	True
2024-04-02 21:32:51,788 - INFO - enc_embed_layer.tempp_embedding.weight	torch.Size([64, 8])	cuda:2	True
2024-04-02 21:32:51,788 - INFO - enc_embed_layer.tempp_embedding.bias	torch.Size([64])	cuda:2	True
2024-04-02 21:32:51,788 - INFO - encoder_blocks.0.norm1.weight	torch.Size([64])	cuda:2	True
2024-04-02 21:32:51,788 - INFO - encoder_blocks.0.norm1.bias	torch.Size([64])	cuda:2	True
2024-04-02 21:32:51,788 - INFO - encoder_blocks.0.st_attn.nodevec_p1	torch.Size([62, 40])	cuda:2	True
2024-04-02 21:32:51,788 - INFO - encoder_blocks.0.st_attn.nodevec_p2	torch.Size([170, 40])	cuda:2	True
2024-04-02 21:32:51,788 - INFO - encoder_blocks.0.st_attn.nodevec_p3	torch.Size([170, 40])	cuda:2	True
2024-04-02 21:32:51,788 - INFO - encoder_blocks.0.st_attn.nodevec_pk	torch.Size([40, 40, 40])	cuda:2	True
2024-04-02 21:32:51,788 - INFO - encoder_blocks.0.st_attn.pattern_q_linears.0.weight	torch.Size([32, 64])	cuda:2	True
2024-04-02 21:32:51,788 - INFO - encoder_blocks.0.st_attn.pattern_q_linears.0.bias	torch.Size([32])	cuda:2	True
2024-04-02 21:32:51,788 - INFO - encoder_blocks.0.st_attn.pattern_k_linears.0.weight	torch.Size([32, 64])	cuda:2	True
2024-04-02 21:32:51,788 - INFO - encoder_blocks.0.st_attn.pattern_k_linears.0.bias	torch.Size([32])	cuda:2	True
2024-04-02 21:32:51,788 - INFO - encoder_blocks.0.st_attn.pattern_v_linears.0.weight	torch.Size([32, 64])	cuda:2	True
2024-04-02 21:32:51,788 - INFO - encoder_blocks.0.st_attn.pattern_v_linears.0.bias	torch.Size([32])	cuda:2	True
2024-04-02 21:32:51,788 - INFO - encoder_blocks.0.st_attn.geo_q_conv.weight	torch.Size([32, 64, 1, 1])	cuda:2	True
2024-04-02 21:32:51,788 - INFO - encoder_blocks.0.st_attn.geo_q_conv.bias	torch.Size([32])	cuda:2	True
2024-04-02 21:32:51,788 - INFO - encoder_blocks.0.st_attn.geo_k_conv.weight	torch.Size([32, 64, 1, 1])	cuda:2	True
2024-04-02 21:32:51,789 - INFO - encoder_blocks.0.st_attn.geo_k_conv.bias	torch.Size([32])	cuda:2	True
2024-04-02 21:32:51,789 - INFO - encoder_blocks.0.st_attn.geo_v_conv.weight	torch.Size([32, 64, 1, 1])	cuda:2	True
2024-04-02 21:32:51,789 - INFO - encoder_blocks.0.st_attn.geo_v_conv.bias	torch.Size([32])	cuda:2	True
2024-04-02 21:32:51,789 - INFO - encoder_blocks.0.st_attn.sem_q_conv.weight	torch.Size([16, 64, 1, 1])	cuda:2	True
2024-04-02 21:32:51,789 - INFO - encoder_blocks.0.st_attn.sem_q_conv.bias	torch.Size([16])	cuda:2	True
2024-04-02 21:32:51,789 - INFO - encoder_blocks.0.st_attn.sem_k_conv.weight	torch.Size([16, 64, 1, 1])	cuda:2	True
2024-04-02 21:32:51,789 - INFO - encoder_blocks.0.st_attn.sem_k_conv.bias	torch.Size([16])	cuda:2	True
2024-04-02 21:32:51,789 - INFO - encoder_blocks.0.st_attn.sem_v_conv.weight	torch.Size([16, 64, 1, 1])	cuda:2	True
2024-04-02 21:32:51,789 - INFO - encoder_blocks.0.st_attn.sem_v_conv.bias	torch.Size([16])	cuda:2	True
2024-04-02 21:32:51,789 - INFO - encoder_blocks.0.st_attn.t_q_conv.weight	torch.Size([16, 64, 1, 3])	cuda:2	True
2024-04-02 21:32:51,789 - INFO - encoder_blocks.0.st_attn.t_q_conv.bias	torch.Size([16])	cuda:2	True
2024-04-02 21:32:51,789 - INFO - encoder_blocks.0.st_attn.t_k_conv.weight	torch.Size([16, 64, 1, 3])	cuda:2	True
2024-04-02 21:32:51,789 - INFO - encoder_blocks.0.st_attn.t_k_conv.bias	torch.Size([16])	cuda:2	True
2024-04-02 21:32:51,789 - INFO - encoder_blocks.0.st_attn.t_v_conv.weight	torch.Size([16, 64, 1, 1])	cuda:2	True
2024-04-02 21:32:51,789 - INFO - encoder_blocks.0.st_attn.t_v_conv.bias	torch.Size([16])	cuda:2	True
2024-04-02 21:32:51,789 - INFO - encoder_blocks.0.st_attn.proj.weight	torch.Size([64, 48])	cuda:2	True
2024-04-02 21:32:51,789 - INFO - encoder_blocks.0.st_attn.proj.bias	torch.Size([64])	cuda:2	True
2024-04-02 21:32:51,789 - INFO - encoder_blocks.0.st_attn.gconv.mlp.mlp.weight	torch.Size([32, 96, 1, 1])	cuda:2	True
2024-04-02 21:32:51,789 - INFO - encoder_blocks.0.st_attn.gconv.mlp.mlp.bias	torch.Size([32])	cuda:2	True
2024-04-02 21:32:51,789 - INFO - encoder_blocks.0.st_attn.reshape1.weight	torch.Size([32, 64])	cuda:2	True
2024-04-02 21:32:51,789 - INFO - encoder_blocks.0.st_attn.reshape1.bias	torch.Size([32])	cuda:2	True
2024-04-02 21:32:51,789 - INFO - encoder_blocks.0.st_attn.reshape2.weight	torch.Size([64, 32])	cuda:2	True
2024-04-02 21:32:51,789 - INFO - encoder_blocks.0.st_attn.reshape2.bias	torch.Size([64])	cuda:2	True
2024-04-02 21:32:51,789 - INFO - encoder_blocks.0.norm2.weight	torch.Size([64])	cuda:2	True
2024-04-02 21:32:51,789 - INFO - encoder_blocks.0.norm2.bias	torch.Size([64])	cuda:2	True
2024-04-02 21:32:51,789 - INFO - encoder_blocks.0.mlp.fc1.weight	torch.Size([256, 64])	cuda:2	True
2024-04-02 21:32:51,790 - INFO - encoder_blocks.0.mlp.fc1.bias	torch.Size([256])	cuda:2	True
2024-04-02 21:32:51,790 - INFO - encoder_blocks.0.mlp.fc2.weight	torch.Size([64, 256])	cuda:2	True
2024-04-02 21:32:51,790 - INFO - encoder_blocks.0.mlp.fc2.bias	torch.Size([64])	cuda:2	True
2024-04-02 21:32:51,790 - INFO - encoder_blocks.1.norm1.weight	torch.Size([64])	cuda:2	True
2024-04-02 21:32:51,790 - INFO - encoder_blocks.1.norm1.bias	torch.Size([64])	cuda:2	True
2024-04-02 21:32:51,790 - INFO - encoder_blocks.1.st_attn.nodevec_p1	torch.Size([62, 40])	cuda:2	True
2024-04-02 21:32:51,790 - INFO - encoder_blocks.1.st_attn.nodevec_p2	torch.Size([170, 40])	cuda:2	True
2024-04-02 21:32:51,790 - INFO - encoder_blocks.1.st_attn.nodevec_p3	torch.Size([170, 40])	cuda:2	True
2024-04-02 21:32:51,790 - INFO - encoder_blocks.1.st_attn.nodevec_pk	torch.Size([40, 40, 40])	cuda:2	True
2024-04-02 21:32:51,790 - INFO - encoder_blocks.1.st_attn.pattern_q_linears.0.weight	torch.Size([32, 64])	cuda:2	True
2024-04-02 21:32:51,790 - INFO - encoder_blocks.1.st_attn.pattern_q_linears.0.bias	torch.Size([32])	cuda:2	True
2024-04-02 21:32:51,790 - INFO - encoder_blocks.1.st_attn.pattern_k_linears.0.weight	torch.Size([32, 64])	cuda:2	True
2024-04-02 21:32:51,790 - INFO - encoder_blocks.1.st_attn.pattern_k_linears.0.bias	torch.Size([32])	cuda:2	True
2024-04-02 21:32:51,790 - INFO - encoder_blocks.1.st_attn.pattern_v_linears.0.weight	torch.Size([32, 64])	cuda:2	True
2024-04-02 21:32:51,790 - INFO - encoder_blocks.1.st_attn.pattern_v_linears.0.bias	torch.Size([32])	cuda:2	True
2024-04-02 21:32:51,790 - INFO - encoder_blocks.1.st_attn.geo_q_conv.weight	torch.Size([32, 64, 1, 1])	cuda:2	True
2024-04-02 21:32:51,790 - INFO - encoder_blocks.1.st_attn.geo_q_conv.bias	torch.Size([32])	cuda:2	True
2024-04-02 21:32:51,790 - INFO - encoder_blocks.1.st_attn.geo_k_conv.weight	torch.Size([32, 64, 1, 1])	cuda:2	True
2024-04-02 21:32:51,790 - INFO - encoder_blocks.1.st_attn.geo_k_conv.bias	torch.Size([32])	cuda:2	True
2024-04-02 21:32:51,790 - INFO - encoder_blocks.1.st_attn.geo_v_conv.weight	torch.Size([32, 64, 1, 1])	cuda:2	True
2024-04-02 21:32:51,790 - INFO - encoder_blocks.1.st_attn.geo_v_conv.bias	torch.Size([32])	cuda:2	True
2024-04-02 21:32:51,790 - INFO - encoder_blocks.1.st_attn.sem_q_conv.weight	torch.Size([16, 64, 1, 1])	cuda:2	True
2024-04-02 21:32:51,790 - INFO - encoder_blocks.1.st_attn.sem_q_conv.bias	torch.Size([16])	cuda:2	True
2024-04-02 21:32:51,790 - INFO - encoder_blocks.1.st_attn.sem_k_conv.weight	torch.Size([16, 64, 1, 1])	cuda:2	True
2024-04-02 21:32:51,790 - INFO - encoder_blocks.1.st_attn.sem_k_conv.bias	torch.Size([16])	cuda:2	True
2024-04-02 21:32:51,790 - INFO - encoder_blocks.1.st_attn.sem_v_conv.weight	torch.Size([16, 64, 1, 1])	cuda:2	True
2024-04-02 21:32:51,790 - INFO - encoder_blocks.1.st_attn.sem_v_conv.bias	torch.Size([16])	cuda:2	True
2024-04-02 21:32:51,791 - INFO - encoder_blocks.1.st_attn.t_q_conv.weight	torch.Size([16, 64, 1, 3])	cuda:2	True
2024-04-02 21:32:51,791 - INFO - encoder_blocks.1.st_attn.t_q_conv.bias	torch.Size([16])	cuda:2	True
2024-04-02 21:32:51,791 - INFO - encoder_blocks.1.st_attn.t_k_conv.weight	torch.Size([16, 64, 1, 3])	cuda:2	True
2024-04-02 21:32:51,791 - INFO - encoder_blocks.1.st_attn.t_k_conv.bias	torch.Size([16])	cuda:2	True
2024-04-02 21:32:51,791 - INFO - encoder_blocks.1.st_attn.t_v_conv.weight	torch.Size([16, 64, 1, 1])	cuda:2	True
2024-04-02 21:32:51,791 - INFO - encoder_blocks.1.st_attn.t_v_conv.bias	torch.Size([16])	cuda:2	True
2024-04-02 21:32:51,791 - INFO - encoder_blocks.1.st_attn.proj.weight	torch.Size([64, 48])	cuda:2	True
2024-04-02 21:32:51,791 - INFO - encoder_blocks.1.st_attn.proj.bias	torch.Size([64])	cuda:2	True
2024-04-02 21:32:51,791 - INFO - encoder_blocks.1.st_attn.gconv.mlp.mlp.weight	torch.Size([32, 96, 1, 1])	cuda:2	True
2024-04-02 21:32:51,791 - INFO - encoder_blocks.1.st_attn.gconv.mlp.mlp.bias	torch.Size([32])	cuda:2	True
2024-04-02 21:32:51,791 - INFO - encoder_blocks.1.st_attn.reshape1.weight	torch.Size([32, 64])	cuda:2	True
2024-04-02 21:32:51,791 - INFO - encoder_blocks.1.st_attn.reshape1.bias	torch.Size([32])	cuda:2	True
2024-04-02 21:32:51,791 - INFO - encoder_blocks.1.st_attn.reshape2.weight	torch.Size([64, 32])	cuda:2	True
2024-04-02 21:32:51,791 - INFO - encoder_blocks.1.st_attn.reshape2.bias	torch.Size([64])	cuda:2	True
2024-04-02 21:32:51,791 - INFO - encoder_blocks.1.norm2.weight	torch.Size([64])	cuda:2	True
2024-04-02 21:32:51,791 - INFO - encoder_blocks.1.norm2.bias	torch.Size([64])	cuda:2	True
2024-04-02 21:32:51,791 - INFO - encoder_blocks.1.mlp.fc1.weight	torch.Size([256, 64])	cuda:2	True
2024-04-02 21:32:51,791 - INFO - encoder_blocks.1.mlp.fc1.bias	torch.Size([256])	cuda:2	True
2024-04-02 21:32:51,791 - INFO - encoder_blocks.1.mlp.fc2.weight	torch.Size([64, 256])	cuda:2	True
2024-04-02 21:32:51,791 - INFO - encoder_blocks.1.mlp.fc2.bias	torch.Size([64])	cuda:2	True
2024-04-02 21:32:51,791 - INFO - encoder_blocks.2.norm1.weight	torch.Size([64])	cuda:2	True
2024-04-02 21:32:51,791 - INFO - encoder_blocks.2.norm1.bias	torch.Size([64])	cuda:2	True
2024-04-02 21:32:51,791 - INFO - encoder_blocks.2.st_attn.nodevec_p1	torch.Size([62, 40])	cuda:2	True
2024-04-02 21:32:51,791 - INFO - encoder_blocks.2.st_attn.nodevec_p2	torch.Size([170, 40])	cuda:2	True
2024-04-02 21:32:51,791 - INFO - encoder_blocks.2.st_attn.nodevec_p3	torch.Size([170, 40])	cuda:2	True
2024-04-02 21:32:51,791 - INFO - encoder_blocks.2.st_attn.nodevec_pk	torch.Size([40, 40, 40])	cuda:2	True
2024-04-02 21:32:51,792 - INFO - encoder_blocks.2.st_attn.pattern_q_linears.0.weight	torch.Size([32, 64])	cuda:2	True
2024-04-02 21:32:51,792 - INFO - encoder_blocks.2.st_attn.pattern_q_linears.0.bias	torch.Size([32])	cuda:2	True
2024-04-02 21:32:51,792 - INFO - encoder_blocks.2.st_attn.pattern_k_linears.0.weight	torch.Size([32, 64])	cuda:2	True
2024-04-02 21:32:51,792 - INFO - encoder_blocks.2.st_attn.pattern_k_linears.0.bias	torch.Size([32])	cuda:2	True
2024-04-02 21:32:51,792 - INFO - encoder_blocks.2.st_attn.pattern_v_linears.0.weight	torch.Size([32, 64])	cuda:2	True
2024-04-02 21:32:51,792 - INFO - encoder_blocks.2.st_attn.pattern_v_linears.0.bias	torch.Size([32])	cuda:2	True
2024-04-02 21:32:51,792 - INFO - encoder_blocks.2.st_attn.geo_q_conv.weight	torch.Size([32, 64, 1, 1])	cuda:2	True
2024-04-02 21:32:51,792 - INFO - encoder_blocks.2.st_attn.geo_q_conv.bias	torch.Size([32])	cuda:2	True
2024-04-02 21:32:51,792 - INFO - encoder_blocks.2.st_attn.geo_k_conv.weight	torch.Size([32, 64, 1, 1])	cuda:2	True
2024-04-02 21:32:51,792 - INFO - encoder_blocks.2.st_attn.geo_k_conv.bias	torch.Size([32])	cuda:2	True
2024-04-02 21:32:51,792 - INFO - encoder_blocks.2.st_attn.geo_v_conv.weight	torch.Size([32, 64, 1, 1])	cuda:2	True
2024-04-02 21:32:51,792 - INFO - encoder_blocks.2.st_attn.geo_v_conv.bias	torch.Size([32])	cuda:2	True
2024-04-02 21:32:51,792 - INFO - encoder_blocks.2.st_attn.sem_q_conv.weight	torch.Size([16, 64, 1, 1])	cuda:2	True
2024-04-02 21:32:51,792 - INFO - encoder_blocks.2.st_attn.sem_q_conv.bias	torch.Size([16])	cuda:2	True
2024-04-02 21:32:51,792 - INFO - encoder_blocks.2.st_attn.sem_k_conv.weight	torch.Size([16, 64, 1, 1])	cuda:2	True
2024-04-02 21:32:51,792 - INFO - encoder_blocks.2.st_attn.sem_k_conv.bias	torch.Size([16])	cuda:2	True
2024-04-02 21:32:51,792 - INFO - encoder_blocks.2.st_attn.sem_v_conv.weight	torch.Size([16, 64, 1, 1])	cuda:2	True
2024-04-02 21:32:51,792 - INFO - encoder_blocks.2.st_attn.sem_v_conv.bias	torch.Size([16])	cuda:2	True
2024-04-02 21:32:51,792 - INFO - encoder_blocks.2.st_attn.t_q_conv.weight	torch.Size([16, 64, 1, 3])	cuda:2	True
2024-04-02 21:32:51,792 - INFO - encoder_blocks.2.st_attn.t_q_conv.bias	torch.Size([16])	cuda:2	True
2024-04-02 21:32:51,792 - INFO - encoder_blocks.2.st_attn.t_k_conv.weight	torch.Size([16, 64, 1, 3])	cuda:2	True
2024-04-02 21:32:51,792 - INFO - encoder_blocks.2.st_attn.t_k_conv.bias	torch.Size([16])	cuda:2	True
2024-04-02 21:32:51,792 - INFO - encoder_blocks.2.st_attn.t_v_conv.weight	torch.Size([16, 64, 1, 1])	cuda:2	True
2024-04-02 21:32:51,792 - INFO - encoder_blocks.2.st_attn.t_v_conv.bias	torch.Size([16])	cuda:2	True
2024-04-02 21:32:51,792 - INFO - encoder_blocks.2.st_attn.proj.weight	torch.Size([64, 48])	cuda:2	True
2024-04-02 21:32:51,792 - INFO - encoder_blocks.2.st_attn.proj.bias	torch.Size([64])	cuda:2	True
2024-04-02 21:32:51,792 - INFO - encoder_blocks.2.st_attn.gconv.mlp.mlp.weight	torch.Size([32, 96, 1, 1])	cuda:2	True
2024-04-02 21:32:51,793 - INFO - encoder_blocks.2.st_attn.gconv.mlp.mlp.bias	torch.Size([32])	cuda:2	True
2024-04-02 21:32:51,793 - INFO - encoder_blocks.2.st_attn.reshape1.weight	torch.Size([32, 64])	cuda:2	True
2024-04-02 21:32:51,793 - INFO - encoder_blocks.2.st_attn.reshape1.bias	torch.Size([32])	cuda:2	True
2024-04-02 21:32:51,793 - INFO - encoder_blocks.2.st_attn.reshape2.weight	torch.Size([64, 32])	cuda:2	True
2024-04-02 21:32:51,793 - INFO - encoder_blocks.2.st_attn.reshape2.bias	torch.Size([64])	cuda:2	True
2024-04-02 21:32:51,793 - INFO - encoder_blocks.2.norm2.weight	torch.Size([64])	cuda:2	True
2024-04-02 21:32:51,793 - INFO - encoder_blocks.2.norm2.bias	torch.Size([64])	cuda:2	True
2024-04-02 21:32:51,793 - INFO - encoder_blocks.2.mlp.fc1.weight	torch.Size([256, 64])	cuda:2	True
2024-04-02 21:32:51,793 - INFO - encoder_blocks.2.mlp.fc1.bias	torch.Size([256])	cuda:2	True
2024-04-02 21:32:51,793 - INFO - encoder_blocks.2.mlp.fc2.weight	torch.Size([64, 256])	cuda:2	True
2024-04-02 21:32:51,793 - INFO - encoder_blocks.2.mlp.fc2.bias	torch.Size([64])	cuda:2	True
2024-04-02 21:32:51,793 - INFO - encoder_blocks.3.norm1.weight	torch.Size([64])	cuda:2	True
2024-04-02 21:32:51,793 - INFO - encoder_blocks.3.norm1.bias	torch.Size([64])	cuda:2	True
2024-04-02 21:32:51,793 - INFO - encoder_blocks.3.st_attn.nodevec_p1	torch.Size([62, 40])	cuda:2	True
2024-04-02 21:32:51,793 - INFO - encoder_blocks.3.st_attn.nodevec_p2	torch.Size([170, 40])	cuda:2	True
2024-04-02 21:32:51,793 - INFO - encoder_blocks.3.st_attn.nodevec_p3	torch.Size([170, 40])	cuda:2	True
2024-04-02 21:32:51,793 - INFO - encoder_blocks.3.st_attn.nodevec_pk	torch.Size([40, 40, 40])	cuda:2	True
2024-04-02 21:32:51,793 - INFO - encoder_blocks.3.st_attn.pattern_q_linears.0.weight	torch.Size([32, 64])	cuda:2	True
2024-04-02 21:32:51,793 - INFO - encoder_blocks.3.st_attn.pattern_q_linears.0.bias	torch.Size([32])	cuda:2	True
2024-04-02 21:32:51,793 - INFO - encoder_blocks.3.st_attn.pattern_k_linears.0.weight	torch.Size([32, 64])	cuda:2	True
2024-04-02 21:32:51,793 - INFO - encoder_blocks.3.st_attn.pattern_k_linears.0.bias	torch.Size([32])	cuda:2	True
2024-04-02 21:32:51,793 - INFO - encoder_blocks.3.st_attn.pattern_v_linears.0.weight	torch.Size([32, 64])	cuda:2	True
2024-04-02 21:32:51,793 - INFO - encoder_blocks.3.st_attn.pattern_v_linears.0.bias	torch.Size([32])	cuda:2	True
2024-04-02 21:32:51,793 - INFO - encoder_blocks.3.st_attn.geo_q_conv.weight	torch.Size([32, 64, 1, 1])	cuda:2	True
2024-04-02 21:32:51,793 - INFO - encoder_blocks.3.st_attn.geo_q_conv.bias	torch.Size([32])	cuda:2	True
2024-04-02 21:32:51,793 - INFO - encoder_blocks.3.st_attn.geo_k_conv.weight	torch.Size([32, 64, 1, 1])	cuda:2	True
2024-04-02 21:32:51,793 - INFO - encoder_blocks.3.st_attn.geo_k_conv.bias	torch.Size([32])	cuda:2	True
2024-04-02 21:32:51,794 - INFO - encoder_blocks.3.st_attn.geo_v_conv.weight	torch.Size([32, 64, 1, 1])	cuda:2	True
2024-04-02 21:32:51,794 - INFO - encoder_blocks.3.st_attn.geo_v_conv.bias	torch.Size([32])	cuda:2	True
2024-04-02 21:32:51,794 - INFO - encoder_blocks.3.st_attn.sem_q_conv.weight	torch.Size([16, 64, 1, 1])	cuda:2	True
2024-04-02 21:32:51,794 - INFO - encoder_blocks.3.st_attn.sem_q_conv.bias	torch.Size([16])	cuda:2	True
2024-04-02 21:32:51,794 - INFO - encoder_blocks.3.st_attn.sem_k_conv.weight	torch.Size([16, 64, 1, 1])	cuda:2	True
2024-04-02 21:32:51,794 - INFO - encoder_blocks.3.st_attn.sem_k_conv.bias	torch.Size([16])	cuda:2	True
2024-04-02 21:32:51,794 - INFO - encoder_blocks.3.st_attn.sem_v_conv.weight	torch.Size([16, 64, 1, 1])	cuda:2	True
2024-04-02 21:32:51,794 - INFO - encoder_blocks.3.st_attn.sem_v_conv.bias	torch.Size([16])	cuda:2	True
2024-04-02 21:32:51,794 - INFO - encoder_blocks.3.st_attn.t_q_conv.weight	torch.Size([16, 64, 1, 3])	cuda:2	True
2024-04-02 21:32:51,794 - INFO - encoder_blocks.3.st_attn.t_q_conv.bias	torch.Size([16])	cuda:2	True
2024-04-02 21:32:51,794 - INFO - encoder_blocks.3.st_attn.t_k_conv.weight	torch.Size([16, 64, 1, 3])	cuda:2	True
2024-04-02 21:32:51,794 - INFO - encoder_blocks.3.st_attn.t_k_conv.bias	torch.Size([16])	cuda:2	True
2024-04-02 21:32:51,794 - INFO - encoder_blocks.3.st_attn.t_v_conv.weight	torch.Size([16, 64, 1, 1])	cuda:2	True
2024-04-02 21:32:51,794 - INFO - encoder_blocks.3.st_attn.t_v_conv.bias	torch.Size([16])	cuda:2	True
2024-04-02 21:32:51,794 - INFO - encoder_blocks.3.st_attn.proj.weight	torch.Size([64, 48])	cuda:2	True
2024-04-02 21:32:51,794 - INFO - encoder_blocks.3.st_attn.proj.bias	torch.Size([64])	cuda:2	True
2024-04-02 21:32:51,794 - INFO - encoder_blocks.3.st_attn.gconv.mlp.mlp.weight	torch.Size([32, 96, 1, 1])	cuda:2	True
2024-04-02 21:32:51,794 - INFO - encoder_blocks.3.st_attn.gconv.mlp.mlp.bias	torch.Size([32])	cuda:2	True
2024-04-02 21:32:51,794 - INFO - encoder_blocks.3.st_attn.reshape1.weight	torch.Size([32, 64])	cuda:2	True
2024-04-02 21:32:51,794 - INFO - encoder_blocks.3.st_attn.reshape1.bias	torch.Size([32])	cuda:2	True
2024-04-02 21:32:51,794 - INFO - encoder_blocks.3.st_attn.reshape2.weight	torch.Size([64, 32])	cuda:2	True
2024-04-02 21:32:51,794 - INFO - encoder_blocks.3.st_attn.reshape2.bias	torch.Size([64])	cuda:2	True
2024-04-02 21:32:51,794 - INFO - encoder_blocks.3.norm2.weight	torch.Size([64])	cuda:2	True
2024-04-02 21:32:51,794 - INFO - encoder_blocks.3.norm2.bias	torch.Size([64])	cuda:2	True
2024-04-02 21:32:51,794 - INFO - encoder_blocks.3.mlp.fc1.weight	torch.Size([256, 64])	cuda:2	True
2024-04-02 21:32:51,794 - INFO - encoder_blocks.3.mlp.fc1.bias	torch.Size([256])	cuda:2	True
2024-04-02 21:32:51,794 - INFO - encoder_blocks.3.mlp.fc2.weight	torch.Size([64, 256])	cuda:2	True
2024-04-02 21:32:51,795 - INFO - encoder_blocks.3.mlp.fc2.bias	torch.Size([64])	cuda:2	True
2024-04-02 21:32:51,795 - INFO - encoder_blocks.4.norm1.weight	torch.Size([64])	cuda:2	True
2024-04-02 21:32:51,795 - INFO - encoder_blocks.4.norm1.bias	torch.Size([64])	cuda:2	True
2024-04-02 21:32:51,795 - INFO - encoder_blocks.4.st_attn.nodevec_p1	torch.Size([62, 40])	cuda:2	True
2024-04-02 21:32:51,795 - INFO - encoder_blocks.4.st_attn.nodevec_p2	torch.Size([170, 40])	cuda:2	True
2024-04-02 21:32:51,795 - INFO - encoder_blocks.4.st_attn.nodevec_p3	torch.Size([170, 40])	cuda:2	True
2024-04-02 21:32:51,795 - INFO - encoder_blocks.4.st_attn.nodevec_pk	torch.Size([40, 40, 40])	cuda:2	True
2024-04-02 21:32:51,795 - INFO - encoder_blocks.4.st_attn.pattern_q_linears.0.weight	torch.Size([32, 64])	cuda:2	True
2024-04-02 21:32:51,795 - INFO - encoder_blocks.4.st_attn.pattern_q_linears.0.bias	torch.Size([32])	cuda:2	True
2024-04-02 21:32:51,795 - INFO - encoder_blocks.4.st_attn.pattern_k_linears.0.weight	torch.Size([32, 64])	cuda:2	True
2024-04-02 21:32:51,795 - INFO - encoder_blocks.4.st_attn.pattern_k_linears.0.bias	torch.Size([32])	cuda:2	True
2024-04-02 21:32:51,795 - INFO - encoder_blocks.4.st_attn.pattern_v_linears.0.weight	torch.Size([32, 64])	cuda:2	True
2024-04-02 21:32:51,795 - INFO - encoder_blocks.4.st_attn.pattern_v_linears.0.bias	torch.Size([32])	cuda:2	True
2024-04-02 21:32:51,795 - INFO - encoder_blocks.4.st_attn.geo_q_conv.weight	torch.Size([32, 64, 1, 1])	cuda:2	True
2024-04-02 21:32:51,795 - INFO - encoder_blocks.4.st_attn.geo_q_conv.bias	torch.Size([32])	cuda:2	True
2024-04-02 21:32:51,795 - INFO - encoder_blocks.4.st_attn.geo_k_conv.weight	torch.Size([32, 64, 1, 1])	cuda:2	True
2024-04-02 21:32:51,795 - INFO - encoder_blocks.4.st_attn.geo_k_conv.bias	torch.Size([32])	cuda:2	True
2024-04-02 21:32:51,795 - INFO - encoder_blocks.4.st_attn.geo_v_conv.weight	torch.Size([32, 64, 1, 1])	cuda:2	True
2024-04-02 21:32:51,795 - INFO - encoder_blocks.4.st_attn.geo_v_conv.bias	torch.Size([32])	cuda:2	True
2024-04-02 21:32:51,795 - INFO - encoder_blocks.4.st_attn.sem_q_conv.weight	torch.Size([16, 64, 1, 1])	cuda:2	True
2024-04-02 21:32:51,795 - INFO - encoder_blocks.4.st_attn.sem_q_conv.bias	torch.Size([16])	cuda:2	True
2024-04-02 21:32:51,795 - INFO - encoder_blocks.4.st_attn.sem_k_conv.weight	torch.Size([16, 64, 1, 1])	cuda:2	True
2024-04-02 21:32:51,795 - INFO - encoder_blocks.4.st_attn.sem_k_conv.bias	torch.Size([16])	cuda:2	True
2024-04-02 21:32:51,795 - INFO - encoder_blocks.4.st_attn.sem_v_conv.weight	torch.Size([16, 64, 1, 1])	cuda:2	True
2024-04-02 21:32:51,795 - INFO - encoder_blocks.4.st_attn.sem_v_conv.bias	torch.Size([16])	cuda:2	True
2024-04-02 21:32:51,795 - INFO - encoder_blocks.4.st_attn.t_q_conv.weight	torch.Size([16, 64, 1, 3])	cuda:2	True
2024-04-02 21:32:51,795 - INFO - encoder_blocks.4.st_attn.t_q_conv.bias	torch.Size([16])	cuda:2	True
2024-04-02 21:32:51,796 - INFO - encoder_blocks.4.st_attn.t_k_conv.weight	torch.Size([16, 64, 1, 3])	cuda:2	True
2024-04-02 21:32:51,796 - INFO - encoder_blocks.4.st_attn.t_k_conv.bias	torch.Size([16])	cuda:2	True
2024-04-02 21:32:51,796 - INFO - encoder_blocks.4.st_attn.t_v_conv.weight	torch.Size([16, 64, 1, 1])	cuda:2	True
2024-04-02 21:32:51,796 - INFO - encoder_blocks.4.st_attn.t_v_conv.bias	torch.Size([16])	cuda:2	True
2024-04-02 21:32:51,796 - INFO - encoder_blocks.4.st_attn.proj.weight	torch.Size([64, 48])	cuda:2	True
2024-04-02 21:32:51,796 - INFO - encoder_blocks.4.st_attn.proj.bias	torch.Size([64])	cuda:2	True
2024-04-02 21:32:51,796 - INFO - encoder_blocks.4.st_attn.gconv.mlp.mlp.weight	torch.Size([32, 96, 1, 1])	cuda:2	True
2024-04-02 21:32:51,796 - INFO - encoder_blocks.4.st_attn.gconv.mlp.mlp.bias	torch.Size([32])	cuda:2	True
2024-04-02 21:32:51,796 - INFO - encoder_blocks.4.st_attn.reshape1.weight	torch.Size([32, 64])	cuda:2	True
2024-04-02 21:32:51,796 - INFO - encoder_blocks.4.st_attn.reshape1.bias	torch.Size([32])	cuda:2	True
2024-04-02 21:32:51,796 - INFO - encoder_blocks.4.st_attn.reshape2.weight	torch.Size([64, 32])	cuda:2	True
2024-04-02 21:32:51,796 - INFO - encoder_blocks.4.st_attn.reshape2.bias	torch.Size([64])	cuda:2	True
2024-04-02 21:32:51,796 - INFO - encoder_blocks.4.norm2.weight	torch.Size([64])	cuda:2	True
2024-04-02 21:32:51,796 - INFO - encoder_blocks.4.norm2.bias	torch.Size([64])	cuda:2	True
2024-04-02 21:32:51,796 - INFO - encoder_blocks.4.mlp.fc1.weight	torch.Size([256, 64])	cuda:2	True
2024-04-02 21:32:51,796 - INFO - encoder_blocks.4.mlp.fc1.bias	torch.Size([256])	cuda:2	True
2024-04-02 21:32:51,796 - INFO - encoder_blocks.4.mlp.fc2.weight	torch.Size([64, 256])	cuda:2	True
2024-04-02 21:32:51,796 - INFO - encoder_blocks.4.mlp.fc2.bias	torch.Size([64])	cuda:2	True
2024-04-02 21:32:51,796 - INFO - encoder_blocks.5.norm1.weight	torch.Size([64])	cuda:2	True
2024-04-02 21:32:51,796 - INFO - encoder_blocks.5.norm1.bias	torch.Size([64])	cuda:2	True
2024-04-02 21:32:51,796 - INFO - encoder_blocks.5.st_attn.nodevec_p1	torch.Size([62, 40])	cuda:2	True
2024-04-02 21:32:51,796 - INFO - encoder_blocks.5.st_attn.nodevec_p2	torch.Size([170, 40])	cuda:2	True
2024-04-02 21:32:51,796 - INFO - encoder_blocks.5.st_attn.nodevec_p3	torch.Size([170, 40])	cuda:2	True
2024-04-02 21:32:51,796 - INFO - encoder_blocks.5.st_attn.nodevec_pk	torch.Size([40, 40, 40])	cuda:2	True
2024-04-02 21:32:51,796 - INFO - encoder_blocks.5.st_attn.pattern_q_linears.0.weight	torch.Size([32, 64])	cuda:2	True
2024-04-02 21:32:51,796 - INFO - encoder_blocks.5.st_attn.pattern_q_linears.0.bias	torch.Size([32])	cuda:2	True
2024-04-02 21:32:51,797 - INFO - encoder_blocks.5.st_attn.pattern_k_linears.0.weight	torch.Size([32, 64])	cuda:2	True
2024-04-02 21:32:51,797 - INFO - encoder_blocks.5.st_attn.pattern_k_linears.0.bias	torch.Size([32])	cuda:2	True
2024-04-02 21:32:51,797 - INFO - encoder_blocks.5.st_attn.pattern_v_linears.0.weight	torch.Size([32, 64])	cuda:2	True
2024-04-02 21:32:51,797 - INFO - encoder_blocks.5.st_attn.pattern_v_linears.0.bias	torch.Size([32])	cuda:2	True
2024-04-02 21:32:51,797 - INFO - encoder_blocks.5.st_attn.geo_q_conv.weight	torch.Size([32, 64, 1, 1])	cuda:2	True
2024-04-02 21:32:51,797 - INFO - encoder_blocks.5.st_attn.geo_q_conv.bias	torch.Size([32])	cuda:2	True
2024-04-02 21:32:51,797 - INFO - encoder_blocks.5.st_attn.geo_k_conv.weight	torch.Size([32, 64, 1, 1])	cuda:2	True
2024-04-02 21:32:51,797 - INFO - encoder_blocks.5.st_attn.geo_k_conv.bias	torch.Size([32])	cuda:2	True
2024-04-02 21:32:51,797 - INFO - encoder_blocks.5.st_attn.geo_v_conv.weight	torch.Size([32, 64, 1, 1])	cuda:2	True
2024-04-02 21:32:51,797 - INFO - encoder_blocks.5.st_attn.geo_v_conv.bias	torch.Size([32])	cuda:2	True
2024-04-02 21:32:51,797 - INFO - encoder_blocks.5.st_attn.sem_q_conv.weight	torch.Size([16, 64, 1, 1])	cuda:2	True
2024-04-02 21:32:51,797 - INFO - encoder_blocks.5.st_attn.sem_q_conv.bias	torch.Size([16])	cuda:2	True
2024-04-02 21:32:51,797 - INFO - encoder_blocks.5.st_attn.sem_k_conv.weight	torch.Size([16, 64, 1, 1])	cuda:2	True
2024-04-02 21:32:51,797 - INFO - encoder_blocks.5.st_attn.sem_k_conv.bias	torch.Size([16])	cuda:2	True
2024-04-02 21:32:51,797 - INFO - encoder_blocks.5.st_attn.sem_v_conv.weight	torch.Size([16, 64, 1, 1])	cuda:2	True
2024-04-02 21:32:51,797 - INFO - encoder_blocks.5.st_attn.sem_v_conv.bias	torch.Size([16])	cuda:2	True
2024-04-02 21:32:51,797 - INFO - encoder_blocks.5.st_attn.t_q_conv.weight	torch.Size([16, 64, 1, 3])	cuda:2	True
2024-04-02 21:32:51,797 - INFO - encoder_blocks.5.st_attn.t_q_conv.bias	torch.Size([16])	cuda:2	True
2024-04-02 21:32:51,797 - INFO - encoder_blocks.5.st_attn.t_k_conv.weight	torch.Size([16, 64, 1, 3])	cuda:2	True
2024-04-02 21:32:51,797 - INFO - encoder_blocks.5.st_attn.t_k_conv.bias	torch.Size([16])	cuda:2	True
2024-04-02 21:32:51,797 - INFO - encoder_blocks.5.st_attn.t_v_conv.weight	torch.Size([16, 64, 1, 1])	cuda:2	True
2024-04-02 21:32:51,797 - INFO - encoder_blocks.5.st_attn.t_v_conv.bias	torch.Size([16])	cuda:2	True
2024-04-02 21:32:51,797 - INFO - encoder_blocks.5.st_attn.proj.weight	torch.Size([64, 48])	cuda:2	True
2024-04-02 21:32:51,797 - INFO - encoder_blocks.5.st_attn.proj.bias	torch.Size([64])	cuda:2	True
2024-04-02 21:32:51,797 - INFO - encoder_blocks.5.st_attn.gconv.mlp.mlp.weight	torch.Size([32, 96, 1, 1])	cuda:2	True
2024-04-02 21:32:51,797 - INFO - encoder_blocks.5.st_attn.gconv.mlp.mlp.bias	torch.Size([32])	cuda:2	True
2024-04-02 21:32:51,797 - INFO - encoder_blocks.5.st_attn.reshape1.weight	torch.Size([32, 64])	cuda:2	True
2024-04-02 21:32:51,798 - INFO - encoder_blocks.5.st_attn.reshape1.bias	torch.Size([32])	cuda:2	True
2024-04-02 21:32:51,798 - INFO - encoder_blocks.5.st_attn.reshape2.weight	torch.Size([64, 32])	cuda:2	True
2024-04-02 21:32:51,798 - INFO - encoder_blocks.5.st_attn.reshape2.bias	torch.Size([64])	cuda:2	True
2024-04-02 21:32:51,798 - INFO - encoder_blocks.5.norm2.weight	torch.Size([64])	cuda:2	True
2024-04-02 21:32:51,798 - INFO - encoder_blocks.5.norm2.bias	torch.Size([64])	cuda:2	True
2024-04-02 21:32:51,798 - INFO - encoder_blocks.5.mlp.fc1.weight	torch.Size([256, 64])	cuda:2	True
2024-04-02 21:32:51,798 - INFO - encoder_blocks.5.mlp.fc1.bias	torch.Size([256])	cuda:2	True
2024-04-02 21:32:51,798 - INFO - encoder_blocks.5.mlp.fc2.weight	torch.Size([64, 256])	cuda:2	True
2024-04-02 21:32:51,798 - INFO - encoder_blocks.5.mlp.fc2.bias	torch.Size([64])	cuda:2	True
2024-04-02 21:32:51,798 - INFO - skip_convs.0.weight	torch.Size([256, 64, 1, 1])	cuda:2	True
2024-04-02 21:32:51,798 - INFO - skip_convs.0.bias	torch.Size([256])	cuda:2	True
2024-04-02 21:32:51,798 - INFO - skip_convs.1.weight	torch.Size([256, 64, 1, 1])	cuda:2	True
2024-04-02 21:32:51,798 - INFO - skip_convs.1.bias	torch.Size([256])	cuda:2	True
2024-04-02 21:32:51,798 - INFO - skip_convs.2.weight	torch.Size([256, 64, 1, 1])	cuda:2	True
2024-04-02 21:32:51,798 - INFO - skip_convs.2.bias	torch.Size([256])	cuda:2	True
2024-04-02 21:32:51,798 - INFO - skip_convs.3.weight	torch.Size([256, 64, 1, 1])	cuda:2	True
2024-04-02 21:32:51,798 - INFO - skip_convs.3.bias	torch.Size([256])	cuda:2	True
2024-04-02 21:32:51,798 - INFO - skip_convs.4.weight	torch.Size([256, 64, 1, 1])	cuda:2	True
2024-04-02 21:32:51,798 - INFO - skip_convs.4.bias	torch.Size([256])	cuda:2	True
2024-04-02 21:32:51,798 - INFO - skip_convs.5.weight	torch.Size([256, 64, 1, 1])	cuda:2	True
2024-04-02 21:32:51,798 - INFO - skip_convs.5.bias	torch.Size([256])	cuda:2	True
2024-04-02 21:32:51,798 - INFO - end_conv1.weight	torch.Size([12, 12, 1, 1])	cuda:2	True
2024-04-02 21:32:51,798 - INFO - end_conv1.bias	torch.Size([12])	cuda:2	True
2024-04-02 21:32:51,798 - INFO - end_conv2.weight	torch.Size([1, 256, 1, 1])	cuda:2	True
2024-04-02 21:32:51,798 - INFO - end_conv2.bias	torch.Size([1])	cuda:2	True
2024-04-02 21:32:51,799 - INFO - Total parameter numbers: 1074429
2024-04-02 21:32:51,801 - INFO - You select `adamw` optimizer.
2024-04-02 21:32:51,801 - INFO - You select `cosinelr` lr_scheduler.
2024-04-02 21:32:51,802 - WARNING - Received none train loss func and will use the loss func defined in the model.module.
2024-04-02 21:32:51,802 - INFO - Number of isolated points: 0
2024-04-02 21:32:51,814 - INFO - Start training ...
2024-04-02 21:32:51,814 - INFO - num_batches:669
2024-04-02 21:32:51,879 - INFO - Training: task_level increase from 0 to 1
2024-04-02 21:32:51,879 - INFO - Current batches_seen is 0
2024-04-02 21:34:35,825 - INFO - epoch complete!
2024-04-02 21:34:35,826 - INFO - evaluating now!
2024-04-02 21:34:42,570 - INFO - Epoch [0/300] (669) train_loss: 217.6776, val_loss: 213.7632, lr: 0.000201, 110.76s
2024-04-02 21:34:42,629 - INFO - Saved model at 0
2024-04-02 21:34:42,629 - INFO - Val loss decrease from inf to 213.7632, saving to ./libcity/cache/16952/model_cache/PDFormer_PeMS08_epoch0.tar
2024-04-02 21:36:18,396 - INFO - epoch complete!
2024-04-02 21:36:18,397 - INFO - evaluating now!
2024-04-02 21:36:25,147 - INFO - Epoch [1/300] (1338) train_loss: 46.6252, val_loss: 176.1223, lr: 0.000401, 102.52s
2024-04-02 21:36:25,203 - INFO - Saved model at 1
2024-04-02 21:36:25,203 - INFO - Val loss decrease from 213.7632 to 176.1223, saving to ./libcity/cache/16952/model_cache/PDFormer_PeMS08_epoch1.tar
2024-04-02 21:38:00,944 - INFO - epoch complete!
2024-04-02 21:38:00,945 - INFO - evaluating now!
2024-04-02 21:38:07,630 - INFO - Epoch [2/300] (2007) train_loss: 34.3657, val_loss: 175.3429, lr: 0.000600, 102.43s
2024-04-02 21:38:07,679 - INFO - Saved model at 2
2024-04-02 21:38:07,679 - INFO - Val loss decrease from 176.1223 to 175.3429, saving to ./libcity/cache/16952/model_cache/PDFormer_PeMS08_epoch2.tar
2024-04-02 21:39:34,006 - INFO - epoch complete!
2024-04-02 21:39:34,007 - INFO - evaluating now!
2024-04-02 21:39:40,359 - INFO - Epoch [3/300] (2676) train_loss: 32.0567, val_loss: 173.8653, lr: 0.000800, 92.68s
2024-04-02 21:39:40,407 - INFO - Saved model at 3
2024-04-02 21:39:40,407 - INFO - Val loss decrease from 175.3429 to 173.8653, saving to ./libcity/cache/16952/model_cache/PDFormer_PeMS08_epoch3.tar
2024-04-02 21:39:53,266 - INFO - Training: task_level increase from 1 to 2
2024-04-02 21:39:53,266 - INFO - Current batches_seen is 2776
2024-04-02 21:41:06,228 - INFO - epoch complete!
2024-04-02 21:41:06,229 - INFO - evaluating now!
2024-04-02 21:41:12,474 - INFO - Epoch [4/300] (3345) train_loss: 33.1459, val_loss: 158.8538, lr: 0.000999, 92.07s
2024-04-02 21:41:12,522 - INFO - Saved model at 4
2024-04-02 21:41:12,523 - INFO - Val loss decrease from 173.8653 to 158.8538, saving to ./libcity/cache/16952/model_cache/PDFormer_PeMS08_epoch4.tar
2024-04-02 21:42:44,485 - INFO - epoch complete!
2024-04-02 21:42:44,485 - INFO - evaluating now!
2024-04-02 21:42:50,788 - INFO - Epoch [5/300] (4014) train_loss: 30.7262, val_loss: 159.9565, lr: 0.000999, 98.27s
2024-04-02 21:44:17,347 - INFO - epoch complete!
2024-04-02 21:44:17,348 - INFO - evaluating now!
2024-04-02 21:44:23,624 - INFO - Epoch [6/300] (4683) train_loss: 29.6616, val_loss: 158.4652, lr: 0.000999, 92.84s
2024-04-02 21:44:23,673 - INFO - Saved model at 6
2024-04-02 21:44:23,673 - INFO - Val loss decrease from 158.8538 to 158.4652, saving to ./libcity/cache/16952/model_cache/PDFormer_PeMS08_epoch6.tar
2024-04-02 21:45:49,936 - INFO - epoch complete!
2024-04-02 21:45:49,937 - INFO - evaluating now!
2024-04-02 21:45:56,211 - INFO - Epoch [7/300] (5352) train_loss: 29.3478, val_loss: 159.0462, lr: 0.000998, 92.54s
2024-04-02 21:46:22,072 - INFO - Training: task_level increase from 2 to 3
2024-04-02 21:46:22,072 - INFO - Current batches_seen is 5552
2024-04-02 21:47:26,228 - INFO - epoch complete!
2024-04-02 21:47:26,229 - INFO - evaluating now!
2024-04-02 21:47:32,523 - INFO - Epoch [8/300] (6021) train_loss: 29.9723, val_loss: 153.6184, lr: 0.000998, 96.31s
2024-04-02 21:47:32,571 - INFO - Saved model at 8
2024-04-02 21:47:32,571 - INFO - Val loss decrease from 158.4652 to 153.6184, saving to ./libcity/cache/16952/model_cache/PDFormer_PeMS08_epoch8.tar
2024-04-02 21:49:00,409 - INFO - epoch complete!
2024-04-02 21:49:00,409 - INFO - evaluating now!
2024-04-02 21:49:06,730 - INFO - Epoch [9/300] (6690) train_loss: 29.7012, val_loss: 152.5092, lr: 0.000998, 94.16s
2024-04-02 21:49:06,777 - INFO - Saved model at 9
2024-04-02 21:49:06,777 - INFO - Val loss decrease from 153.6184 to 152.5092, saving to ./libcity/cache/16952/model_cache/PDFormer_PeMS08_epoch9.tar
2024-04-02 21:50:33,894 - INFO - epoch complete!
2024-04-02 21:50:33,894 - INFO - evaluating now!
2024-04-02 21:50:40,127 - INFO - Epoch [10/300] (7359) train_loss: 29.3063, val_loss: 152.5711, lr: 0.000997, 93.35s
2024-04-02 21:52:07,202 - INFO - epoch complete!
2024-04-02 21:52:07,202 - INFO - evaluating now!
2024-04-02 21:52:13,438 - INFO - Epoch [11/300] (8028) train_loss: 29.1085, val_loss: 153.1616, lr: 0.000996, 93.31s
2024-04-02 21:52:51,808 - INFO - Training: task_level increase from 3 to 4
2024-04-02 21:52:51,808 - INFO - Current batches_seen is 8328
2024-04-02 21:53:38,928 - INFO - epoch complete!
2024-04-02 21:53:38,928 - INFO - evaluating now!
2024-04-02 21:53:45,161 - INFO - Epoch [12/300] (8697) train_loss: 30.9427, val_loss: 134.7726, lr: 0.000996, 91.72s
2024-04-02 21:53:45,208 - INFO - Saved model at 12
2024-04-02 21:53:45,209 - INFO - Val loss decrease from 152.5092 to 134.7726, saving to ./libcity/cache/16952/model_cache/PDFormer_PeMS08_epoch12.tar
2024-04-02 21:55:10,686 - INFO - epoch complete!
2024-04-02 21:55:10,686 - INFO - evaluating now!
2024-04-02 21:55:16,916 - INFO - Epoch [13/300] (9366) train_loss: 30.0187, val_loss: 134.3036, lr: 0.000995, 91.71s
2024-04-02 21:55:16,963 - INFO - Saved model at 13
2024-04-02 21:55:16,964 - INFO - Val loss decrease from 134.7726 to 134.3036, saving to ./libcity/cache/16952/model_cache/PDFormer_PeMS08_epoch13.tar
2024-04-02 21:56:42,425 - INFO - epoch complete!
2024-04-02 21:56:42,425 - INFO - evaluating now!
2024-04-02 21:56:48,671 - INFO - Epoch [14/300] (10035) train_loss: 29.1681, val_loss: 134.6125, lr: 0.000994, 91.71s
2024-04-02 21:58:14,213 - INFO - epoch complete!
2024-04-02 21:58:14,214 - INFO - evaluating now!
2024-04-02 21:58:20,459 - INFO - Epoch [15/300] (10704) train_loss: 28.9898, val_loss: 135.1803, lr: 0.000994, 91.79s
2024-04-02 21:59:11,599 - INFO - Training: task_level increase from 4 to 5
2024-04-02 21:59:11,599 - INFO - Current batches_seen is 11104
2024-04-02 21:59:45,941 - INFO - epoch complete!
2024-04-02 21:59:45,942 - INFO - evaluating now!
2024-04-02 21:59:52,191 - INFO - Epoch [16/300] (11373) train_loss: 29.3903, val_loss: 128.0496, lr: 0.000993, 91.73s
2024-04-02 21:59:52,239 - INFO - Saved model at 16
2024-04-02 21:59:52,239 - INFO - Val loss decrease from 134.3036 to 128.0496, saving to ./libcity/cache/16952/model_cache/PDFormer_PeMS08_epoch16.tar
2024-04-02 22:01:17,813 - INFO - epoch complete!
2024-04-02 22:01:17,814 - INFO - evaluating now!
2024-04-02 22:01:24,063 - INFO - Epoch [17/300] (12042) train_loss: 29.6162, val_loss: 129.3382, lr: 0.000992, 91.82s
2024-04-02 22:02:49,604 - INFO - epoch complete!
2024-04-02 22:02:49,605 - INFO - evaluating now!
2024-04-02 22:02:55,851 - INFO - Epoch [18/300] (12711) train_loss: 29.2054, val_loss: 128.5269, lr: 0.000991, 91.79s
2024-04-02 22:04:21,389 - INFO - epoch complete!
2024-04-02 22:04:21,389 - INFO - evaluating now!
2024-04-02 22:04:27,635 - INFO - Epoch [19/300] (13380) train_loss: 29.1190, val_loss: 128.2900, lr: 0.000990, 91.78s
2024-04-02 22:05:31,591 - INFO - Training: task_level increase from 5 to 6
2024-04-02 22:05:31,591 - INFO - Current batches_seen is 13880
2024-04-02 22:05:53,153 - INFO - epoch complete!
2024-04-02 22:05:53,154 - INFO - evaluating now!
2024-04-02 22:05:59,399 - INFO - Epoch [20/300] (14049) train_loss: 31.0127, val_loss: 112.5094, lr: 0.000989, 91.76s
2024-04-02 22:05:59,447 - INFO - Saved model at 20
2024-04-02 22:05:59,447 - INFO - Val loss decrease from 128.0496 to 112.5094, saving to ./libcity/cache/16952/model_cache/PDFormer_PeMS08_epoch20.tar
2024-04-02 22:07:24,997 - INFO - epoch complete!
2024-04-02 22:07:24,998 - INFO - evaluating now!
2024-04-02 22:07:31,247 - INFO - Epoch [21/300] (14718) train_loss: 29.5383, val_loss: 113.3790, lr: 0.000988, 91.80s
2024-04-02 22:08:56,739 - INFO - epoch complete!
2024-04-02 22:08:56,740 - INFO - evaluating now!
2024-04-02 22:09:03,011 - INFO - Epoch [22/300] (15387) train_loss: 29.4108, val_loss: 112.7511, lr: 0.000987, 91.76s
2024-04-02 22:10:28,586 - INFO - epoch complete!
2024-04-02 22:10:28,587 - INFO - evaluating now!
2024-04-02 22:10:34,836 - INFO - Epoch [23/300] (16056) train_loss: 28.9978, val_loss: 112.7858, lr: 0.000986, 91.83s
2024-04-02 22:11:52,927 - INFO - Training: task_level increase from 6 to 7
2024-04-02 22:11:52,928 - INFO - Current batches_seen is 16656
2024-04-02 22:12:01,869 - INFO - epoch complete!
2024-04-02 22:12:01,869 - INFO - evaluating now!
2024-04-02 22:12:08,208 - INFO - Epoch [24/300] (16725) train_loss: 29.7013, val_loss: 96.4721, lr: 0.000985, 93.37s
2024-04-02 22:12:08,257 - INFO - Saved model at 24
2024-04-02 22:12:08,257 - INFO - Val loss decrease from 112.5094 to 96.4721, saving to ./libcity/cache/16952/model_cache/PDFormer_PeMS08_epoch24.tar
2024-04-02 22:13:35,269 - INFO - epoch complete!
2024-04-02 22:13:35,269 - INFO - evaluating now!
2024-04-02 22:13:41,589 - INFO - Epoch [25/300] (17394) train_loss: 29.8337, val_loss: 96.3828, lr: 0.000983, 93.33s
2024-04-02 22:13:41,637 - INFO - Saved model at 25
2024-04-02 22:13:41,637 - INFO - Val loss decrease from 96.4721 to 96.3828, saving to ./libcity/cache/16952/model_cache/PDFormer_PeMS08_epoch25.tar
2024-04-02 22:15:08,645 - INFO - epoch complete!
2024-04-02 22:15:08,646 - INFO - evaluating now!
2024-04-02 22:15:14,968 - INFO - Epoch [26/300] (18063) train_loss: 29.1493, val_loss: 96.1591, lr: 0.000982, 93.33s
2024-04-02 22:15:15,017 - INFO - Saved model at 26
2024-04-02 22:15:15,017 - INFO - Val loss decrease from 96.3828 to 96.1591, saving to ./libcity/cache/16952/model_cache/PDFormer_PeMS08_epoch26.tar
2024-04-02 22:16:41,879 - INFO - epoch complete!
2024-04-02 22:16:41,880 - INFO - evaluating now!
2024-04-02 22:16:48,196 - INFO - Epoch [27/300] (18732) train_loss: 28.9112, val_loss: 97.7653, lr: 0.000981, 93.18s
2024-04-02 22:18:15,112 - INFO - epoch complete!
2024-04-02 22:18:15,113 - INFO - evaluating now!
2024-04-02 22:18:21,428 - INFO - Epoch [28/300] (19401) train_loss: 28.8346, val_loss: 97.6714, lr: 0.000979, 93.23s
2024-04-02 22:18:25,493 - INFO - Training: task_level increase from 7 to 8
2024-04-02 22:18:25,493 - INFO - Current batches_seen is 19432
2024-04-02 22:19:48,393 - INFO - epoch complete!
2024-04-02 22:19:48,394 - INFO - evaluating now!
2024-04-02 22:19:54,717 - INFO - Epoch [29/300] (20070) train_loss: 29.5112, val_loss: 88.1825, lr: 0.000978, 93.29s
2024-04-02 22:19:54,765 - INFO - Saved model at 29
2024-04-02 22:19:54,765 - INFO - Val loss decrease from 96.1591 to 88.1825, saving to ./libcity/cache/16952/model_cache/PDFormer_PeMS08_epoch29.tar
2024-04-02 22:21:21,705 - INFO - epoch complete!
2024-04-02 22:21:21,706 - INFO - evaluating now!
2024-04-02 22:21:28,027 - INFO - Epoch [30/300] (20739) train_loss: 28.8493, val_loss: 87.5259, lr: 0.000976, 93.26s
2024-04-02 22:21:28,075 - INFO - Saved model at 30
2024-04-02 22:21:28,076 - INFO - Val loss decrease from 88.1825 to 87.5259, saving to ./libcity/cache/16952/model_cache/PDFormer_PeMS08_epoch30.tar
2024-04-02 22:22:55,077 - INFO - epoch complete!
2024-04-02 22:22:55,078 - INFO - evaluating now!
2024-04-02 22:23:01,402 - INFO - Epoch [31/300] (21408) train_loss: 28.8752, val_loss: 87.3696, lr: 0.000975, 93.33s
2024-04-02 22:23:01,450 - INFO - Saved model at 31
2024-04-02 22:23:01,450 - INFO - Val loss decrease from 87.5259 to 87.3696, saving to ./libcity/cache/16952/model_cache/PDFormer_PeMS08_epoch31.tar
2024-04-02 22:24:28,439 - INFO - epoch complete!
2024-04-02 22:24:28,440 - INFO - evaluating now!
2024-04-02 22:24:34,761 - INFO - Epoch [32/300] (22077) train_loss: 28.6508, val_loss: 88.0279, lr: 0.000973, 93.31s
2024-04-02 22:24:51,802 - INFO - Training: task_level increase from 8 to 9
2024-04-02 22:24:51,802 - INFO - Current batches_seen is 22208
2024-04-02 22:26:01,699 - INFO - epoch complete!
2024-04-02 22:26:01,699 - INFO - evaluating now!
2024-04-02 22:26:08,066 - INFO - Epoch [33/300] (22746) train_loss: 29.3711, val_loss: 69.9736, lr: 0.000972, 93.30s
2024-04-02 22:26:08,114 - INFO - Saved model at 33
2024-04-02 22:26:08,114 - INFO - Val loss decrease from 87.3696 to 69.9736, saving to ./libcity/cache/16952/model_cache/PDFormer_PeMS08_epoch33.tar
2024-04-02 22:27:35,124 - INFO - epoch complete!
2024-04-02 22:27:35,125 - INFO - evaluating now!
2024-04-02 22:27:41,448 - INFO - Epoch [34/300] (23415) train_loss: 28.8823, val_loss: 70.5186, lr: 0.000970, 93.33s
2024-04-02 22:29:08,514 - INFO - epoch complete!
2024-04-02 22:29:08,515 - INFO - evaluating now!
2024-04-02 22:29:14,834 - INFO - Epoch [35/300] (24084) train_loss: 28.4176, val_loss: 71.1265, lr: 0.000968, 93.39s
2024-04-02 22:30:41,912 - INFO - epoch complete!
2024-04-02 22:30:41,913 - INFO - evaluating now!
2024-04-02 22:30:48,236 - INFO - Epoch [36/300] (24753) train_loss: 28.4281, val_loss: 71.0139, lr: 0.000967, 93.40s
2024-04-02 22:31:18,403 - INFO - Training: task_level increase from 9 to 10
2024-04-02 22:31:18,403 - INFO - Current batches_seen is 24984
2024-04-02 22:32:15,355 - INFO - epoch complete!
2024-04-02 22:32:15,356 - INFO - evaluating now!
2024-04-02 22:32:21,676 - INFO - Epoch [37/300] (25422) train_loss: 28.9132, val_loss: 53.7384, lr: 0.000965, 93.44s
2024-04-02 22:32:21,724 - INFO - Saved model at 37
2024-04-02 22:32:21,725 - INFO - Val loss decrease from 69.9736 to 53.7384, saving to ./libcity/cache/16952/model_cache/PDFormer_PeMS08_epoch37.tar
2024-04-02 22:33:48,709 - INFO - epoch complete!
2024-04-02 22:33:48,710 - INFO - evaluating now!
2024-04-02 22:33:55,026 - INFO - Epoch [38/300] (26091) train_loss: 28.4055, val_loss: 54.1579, lr: 0.000963, 93.30s
2024-04-02 22:35:29,293 - INFO - epoch complete!
2024-04-02 22:35:29,294 - INFO - evaluating now!
2024-04-02 22:35:36,102 - INFO - Epoch [39/300] (26760) train_loss: 28.4400, val_loss: 54.4890, lr: 0.000961, 101.07s
2024-04-02 22:37:12,683 - INFO - epoch complete!
2024-04-02 22:37:12,684 - INFO - evaluating now!
2024-04-02 22:37:19,475 - INFO - Epoch [40/300] (27429) train_loss: 28.1762, val_loss: 54.0766, lr: 0.000959, 103.37s
2024-04-02 22:38:07,282 - INFO - Training: task_level increase from 10 to 11
2024-04-02 22:38:07,282 - INFO - Current batches_seen is 27760
2024-04-02 22:38:55,924 - INFO - epoch complete!
2024-04-02 22:38:55,925 - INFO - evaluating now!
2024-04-02 22:39:02,773 - INFO - Epoch [41/300] (28098) train_loss: 28.3028, val_loss: 38.0459, lr: 0.000957, 103.30s
2024-04-02 22:39:02,828 - INFO - Saved model at 41
2024-04-02 22:39:02,828 - INFO - Val loss decrease from 53.7384 to 38.0459, saving to ./libcity/cache/16952/model_cache/PDFormer_PeMS08_epoch41.tar
2024-04-02 22:40:39,195 - INFO - epoch complete!
2024-04-02 22:40:39,195 - INFO - evaluating now!
2024-04-02 22:40:45,984 - INFO - Epoch [42/300] (28767) train_loss: 28.2701, val_loss: 37.4512, lr: 0.000955, 103.16s
2024-04-02 22:40:46,039 - INFO - Saved model at 42
2024-04-02 22:40:46,039 - INFO - Val loss decrease from 38.0459 to 37.4512, saving to ./libcity/cache/16952/model_cache/PDFormer_PeMS08_epoch42.tar
2024-04-02 22:42:22,545 - INFO - epoch complete!
2024-04-02 22:42:22,545 - INFO - evaluating now!
2024-04-02 22:42:29,340 - INFO - Epoch [43/300] (29436) train_loss: 27.9093, val_loss: 38.2788, lr: 0.000953, 103.30s
2024-04-02 22:44:09,111 - INFO - epoch complete!
2024-04-02 22:44:09,112 - INFO - evaluating now!
2024-04-02 22:44:15,472 - INFO - Epoch [44/300] (30105) train_loss: 27.8639, val_loss: 38.0066, lr: 0.000951, 106.13s
2024-04-02 22:45:20,409 - INFO - Training: task_level increase from 11 to 12
2024-04-02 22:45:20,409 - INFO - Current batches_seen is 30536
2024-04-02 22:45:56,537 - INFO - epoch complete!
2024-04-02 22:45:56,538 - INFO - evaluating now!
2024-04-02 22:46:03,008 - INFO - Epoch [45/300] (30774) train_loss: 27.8111, val_loss: 27.7007, lr: 0.000949, 107.54s
2024-04-02 22:46:03,057 - INFO - Saved model at 45
2024-04-02 22:46:03,057 - INFO - Val loss decrease from 37.4512 to 27.7007, saving to ./libcity/cache/16952/model_cache/PDFormer_PeMS08_epoch45.tar
2024-04-02 22:47:30,391 - INFO - epoch complete!
2024-04-02 22:47:30,391 - INFO - evaluating now!
2024-04-02 22:47:36,746 - INFO - Epoch [46/300] (31443) train_loss: 28.0381, val_loss: 28.5498, lr: 0.000947, 93.69s
2024-04-02 22:49:04,060 - INFO - epoch complete!
2024-04-02 22:49:04,060 - INFO - evaluating now!
2024-04-02 22:49:10,425 - INFO - Epoch [47/300] (32112) train_loss: 27.8454, val_loss: 29.3372, lr: 0.000944, 93.68s
2024-04-02 22:50:37,738 - INFO - epoch complete!
2024-04-02 22:50:37,738 - INFO - evaluating now!
2024-04-02 22:50:44,099 - INFO - Epoch [48/300] (32781) train_loss: 27.7788, val_loss: 28.1956, lr: 0.000942, 93.67s
2024-04-02 22:52:11,473 - INFO - epoch complete!
2024-04-02 22:52:11,474 - INFO - evaluating now!
2024-04-02 22:52:17,839 - INFO - Epoch [49/300] (33450) train_loss: 27.5410, val_loss: 27.6830, lr: 0.000940, 93.74s
2024-04-02 22:52:17,888 - INFO - Saved model at 49
2024-04-02 22:52:17,888 - INFO - Val loss decrease from 27.7007 to 27.6830, saving to ./libcity/cache/16952/model_cache/PDFormer_PeMS08_epoch49.tar
2024-04-02 22:53:45,039 - INFO - epoch complete!
2024-04-02 22:53:45,039 - INFO - evaluating now!
2024-04-02 22:53:51,267 - INFO - Epoch [50/300] (34119) train_loss: 27.3733, val_loss: 27.5419, lr: 0.000937, 93.38s
2024-04-02 22:53:51,315 - INFO - Saved model at 50
2024-04-02 22:53:51,315 - INFO - Val loss decrease from 27.6830 to 27.5419, saving to ./libcity/cache/16952/model_cache/PDFormer_PeMS08_epoch50.tar
2024-04-02 22:55:17,137 - INFO - epoch complete!
2024-04-02 22:55:17,138 - INFO - evaluating now!
2024-04-02 22:55:23,369 - INFO - Epoch [51/300] (34788) train_loss: 27.5026, val_loss: 27.8210, lr: 0.000935, 92.05s
2024-04-02 22:56:48,526 - INFO - epoch complete!
2024-04-02 22:56:48,527 - INFO - evaluating now!
2024-04-02 22:56:54,770 - INFO - Epoch [52/300] (35457) train_loss: 27.3564, val_loss: 29.2357, lr: 0.000932, 91.40s
2024-04-02 22:58:29,393 - INFO - epoch complete!
2024-04-02 22:58:29,394 - INFO - evaluating now!
2024-04-02 22:58:36,094 - INFO - Epoch [53/300] (36126) train_loss: 27.2443, val_loss: 28.6730, lr: 0.000930, 101.32s
2024-04-02 23:00:10,751 - INFO - epoch complete!
2024-04-02 23:00:10,752 - INFO - evaluating now!
2024-04-02 23:00:17,435 - INFO - Epoch [54/300] (36795) train_loss: 27.1354, val_loss: 27.7562, lr: 0.000927, 101.34s
2024-04-02 23:01:52,463 - INFO - epoch complete!
2024-04-02 23:01:52,463 - INFO - evaluating now!
2024-04-02 23:01:59,139 - INFO - Epoch [55/300] (37464) train_loss: 27.0427, val_loss: 28.7681, lr: 0.000925, 101.70s
2024-04-02 23:03:34,164 - INFO - epoch complete!
2024-04-02 23:03:34,165 - INFO - evaluating now!
2024-04-02 23:03:40,836 - INFO - Epoch [56/300] (38133) train_loss: 27.2708, val_loss: 28.4944, lr: 0.000922, 101.70s
2024-04-02 23:05:15,552 - INFO - epoch complete!
2024-04-02 23:05:15,553 - INFO - evaluating now!
2024-04-02 23:05:22,245 - INFO - Epoch [57/300] (38802) train_loss: 27.0652, val_loss: 27.8722, lr: 0.000920, 101.41s
2024-04-02 23:06:59,196 - INFO - epoch complete!
2024-04-02 23:06:59,197 - INFO - evaluating now!
2024-04-02 23:07:05,503 - INFO - Epoch [58/300] (39471) train_loss: 26.9181, val_loss: 27.9443, lr: 0.000917, 103.26s
2024-04-02 23:08:31,334 - INFO - epoch complete!
2024-04-02 23:08:31,335 - INFO - evaluating now!
2024-04-02 23:08:37,538 - INFO - Epoch [59/300] (40140) train_loss: 26.9981, val_loss: 27.7021, lr: 0.000914, 92.04s
2024-04-02 23:10:03,391 - INFO - epoch complete!
2024-04-02 23:10:03,392 - INFO - evaluating now!
2024-04-02 23:10:09,596 - INFO - Epoch [60/300] (40809) train_loss: 26.8324, val_loss: 28.1756, lr: 0.000911, 92.06s
2024-04-02 23:11:34,833 - INFO - epoch complete!
2024-04-02 23:11:34,834 - INFO - evaluating now!
2024-04-02 23:11:41,044 - INFO - Epoch [61/300] (41478) train_loss: 26.7649, val_loss: 28.5700, lr: 0.000908, 91.45s
2024-04-02 23:13:06,444 - INFO - epoch complete!
2024-04-02 23:13:06,445 - INFO - evaluating now!
2024-04-02 23:13:12,656 - INFO - Epoch [62/300] (42147) train_loss: 26.7445, val_loss: 28.4806, lr: 0.000906, 91.61s
2024-04-02 23:14:44,334 - INFO - epoch complete!
2024-04-02 23:14:44,335 - INFO - evaluating now!
2024-04-02 23:14:50,562 - INFO - Epoch [63/300] (42816) train_loss: 26.5775, val_loss: 28.4322, lr: 0.000903, 97.91s
2024-04-02 23:16:29,014 - INFO - epoch complete!
2024-04-02 23:16:29,014 - INFO - evaluating now!
2024-04-02 23:16:35,265 - INFO - Epoch [64/300] (43485) train_loss: 26.6384, val_loss: 28.3871, lr: 0.000900, 104.70s
2024-04-02 23:18:01,088 - INFO - epoch complete!
2024-04-02 23:18:01,089 - INFO - evaluating now!
2024-04-02 23:18:07,377 - INFO - Epoch [65/300] (44154) train_loss: 26.3747, val_loss: 28.0376, lr: 0.000897, 92.11s
2024-04-02 23:19:33,006 - INFO - epoch complete!
2024-04-02 23:19:33,007 - INFO - evaluating now!
2024-04-02 23:19:39,205 - INFO - Epoch [66/300] (44823) train_loss: 26.4771, val_loss: 28.0596, lr: 0.000894, 91.83s
2024-04-02 23:21:04,471 - INFO - epoch complete!
2024-04-02 23:21:04,471 - INFO - evaluating now!
2024-04-02 23:21:10,673 - INFO - Epoch [67/300] (45492) train_loss: 26.4461, val_loss: 28.6364, lr: 0.000891, 91.47s
2024-04-02 23:22:35,987 - INFO - epoch complete!
2024-04-02 23:22:35,988 - INFO - evaluating now!
2024-04-02 23:22:42,179 - INFO - Epoch [68/300] (46161) train_loss: 26.3155, val_loss: 28.1931, lr: 0.000888, 91.51s
2024-04-02 23:24:07,860 - INFO - epoch complete!
2024-04-02 23:24:07,860 - INFO - evaluating now!
2024-04-02 23:24:14,059 - INFO - Epoch [69/300] (46830) train_loss: 26.4927, val_loss: 28.2211, lr: 0.000884, 91.88s
2024-04-02 23:25:39,222 - INFO - epoch complete!
2024-04-02 23:25:39,223 - INFO - evaluating now!
2024-04-02 23:25:45,420 - INFO - Epoch [70/300] (47499) train_loss: 26.3621, val_loss: 28.1581, lr: 0.000881, 91.36s
2024-04-02 23:27:10,733 - INFO - epoch complete!
2024-04-02 23:27:10,733 - INFO - evaluating now!
2024-04-02 23:27:16,932 - INFO - Epoch [71/300] (48168) train_loss: 26.2503, val_loss: 28.6285, lr: 0.000878, 91.51s
2024-04-02 23:28:41,530 - INFO - epoch complete!
2024-04-02 23:28:41,531 - INFO - evaluating now!
2024-04-02 23:28:47,733 - INFO - Epoch [72/300] (48837) train_loss: 26.1925, val_loss: 29.2453, lr: 0.000875, 90.80s
2024-04-02 23:30:12,438 - INFO - epoch complete!
2024-04-02 23:30:12,438 - INFO - evaluating now!
2024-04-02 23:30:18,646 - INFO - Epoch [73/300] (49506) train_loss: 26.1621, val_loss: 28.2046, lr: 0.000872, 90.91s
2024-04-02 23:31:44,075 - INFO - epoch complete!
2024-04-02 23:31:44,075 - INFO - evaluating now!
2024-04-02 23:31:50,271 - INFO - Epoch [74/300] (50175) train_loss: 26.2288, val_loss: 28.6873, lr: 0.000868, 91.62s
2024-04-02 23:33:15,861 - INFO - epoch complete!
2024-04-02 23:33:15,862 - INFO - evaluating now!
2024-04-02 23:33:22,064 - INFO - Epoch [75/300] (50844) train_loss: 26.0639, val_loss: 29.2514, lr: 0.000865, 91.79s
2024-04-02 23:34:47,556 - INFO - epoch complete!
2024-04-02 23:34:47,556 - INFO - evaluating now!
2024-04-02 23:34:53,802 - INFO - Epoch [76/300] (51513) train_loss: 26.1245, val_loss: 28.3496, lr: 0.000861, 91.74s
2024-04-02 23:36:19,516 - INFO - epoch complete!
2024-04-02 23:36:19,516 - INFO - evaluating now!
2024-04-02 23:36:25,751 - INFO - Epoch [77/300] (52182) train_loss: 26.0525, val_loss: 28.9104, lr: 0.000858, 91.95s
2024-04-02 23:37:50,744 - INFO - epoch complete!
2024-04-02 23:37:50,745 - INFO - evaluating now!
2024-04-02 23:37:56,991 - INFO - Epoch [78/300] (52851) train_loss: 26.1517, val_loss: 28.9590, lr: 0.000855, 91.24s
2024-04-02 23:39:22,241 - INFO - epoch complete!
2024-04-02 23:39:22,241 - INFO - evaluating now!
2024-04-02 23:39:28,487 - INFO - Epoch [79/300] (53520) train_loss: 25.9368, val_loss: 28.6308, lr: 0.000851, 91.50s
2024-04-02 23:40:54,123 - INFO - epoch complete!
2024-04-02 23:40:54,123 - INFO - evaluating now!
2024-04-02 23:41:00,370 - INFO - Epoch [80/300] (54189) train_loss: 25.7481, val_loss: 29.2384, lr: 0.000848, 91.88s
2024-04-02 23:42:26,020 - INFO - epoch complete!
2024-04-02 23:42:26,021 - INFO - evaluating now!
2024-04-02 23:42:32,267 - INFO - Epoch [81/300] (54858) train_loss: 25.8697, val_loss: 28.7055, lr: 0.000844, 91.90s
2024-04-02 23:43:58,044 - INFO - epoch complete!
2024-04-02 23:43:58,044 - INFO - evaluating now!
2024-04-02 23:44:04,316 - INFO - Epoch [82/300] (55527) train_loss: 25.7739, val_loss: 28.5983, lr: 0.000840, 92.05s
2024-04-02 23:45:30,141 - INFO - epoch complete!
2024-04-02 23:45:30,141 - INFO - evaluating now!
2024-04-02 23:45:36,386 - INFO - Epoch [83/300] (56196) train_loss: 25.8462, val_loss: 29.1336, lr: 0.000837, 92.07s
2024-04-02 23:47:02,030 - INFO - epoch complete!
2024-04-02 23:47:02,030 - INFO - evaluating now!
2024-04-02 23:47:08,295 - INFO - Epoch [84/300] (56865) train_loss: 25.7984, val_loss: 28.8115, lr: 0.000833, 91.91s
2024-04-02 23:48:33,978 - INFO - epoch complete!
2024-04-02 23:48:33,978 - INFO - evaluating now!
2024-04-02 23:48:40,202 - INFO - Epoch [85/300] (57534) train_loss: 25.6856, val_loss: 29.5715, lr: 0.000830, 91.91s
2024-04-02 23:50:05,778 - INFO - epoch complete!
2024-04-02 23:50:05,779 - INFO - evaluating now!
2024-04-02 23:50:12,009 - INFO - Epoch [86/300] (58203) train_loss: 25.7306, val_loss: 29.0744, lr: 0.000826, 91.81s
2024-04-02 23:51:37,626 - INFO - epoch complete!
2024-04-02 23:51:37,627 - INFO - evaluating now!
2024-04-02 23:51:43,854 - INFO - Epoch [87/300] (58872) train_loss: 25.6984, val_loss: 28.9183, lr: 0.000822, 91.84s
2024-04-02 23:53:09,319 - INFO - epoch complete!
2024-04-02 23:53:09,320 - INFO - evaluating now!
2024-04-02 23:53:15,555 - INFO - Epoch [88/300] (59541) train_loss: 25.6399, val_loss: 28.6645, lr: 0.000818, 91.70s
2024-04-02 23:54:41,083 - INFO - epoch complete!
2024-04-02 23:54:41,084 - INFO - evaluating now!
2024-04-02 23:54:47,303 - INFO - Epoch [89/300] (60210) train_loss: 25.5645, val_loss: 29.0769, lr: 0.000815, 91.75s
2024-04-02 23:56:12,861 - INFO - epoch complete!
2024-04-02 23:56:12,862 - INFO - evaluating now!
2024-04-02 23:56:19,083 - INFO - Epoch [90/300] (60879) train_loss: 25.5846, val_loss: 29.0428, lr: 0.000811, 91.78s
2024-04-02 23:57:44,716 - INFO - epoch complete!
2024-04-02 23:57:44,716 - INFO - evaluating now!
2024-04-02 23:57:50,941 - INFO - Epoch [91/300] (61548) train_loss: 25.5704, val_loss: 28.6498, lr: 0.000807, 91.86s
2024-04-02 23:59:16,444 - INFO - epoch complete!
2024-04-02 23:59:16,445 - INFO - evaluating now!
2024-04-02 23:59:22,670 - INFO - Epoch [92/300] (62217) train_loss: 25.4959, val_loss: 29.1837, lr: 0.000803, 91.73s
2024-04-03 00:00:48,180 - INFO - epoch complete!
2024-04-03 00:00:48,180 - INFO - evaluating now!
2024-04-03 00:00:54,402 - INFO - Epoch [93/300] (62886) train_loss: 25.4831, val_loss: 29.1496, lr: 0.000799, 91.73s
2024-04-03 00:02:19,944 - INFO - epoch complete!
2024-04-03 00:02:19,944 - INFO - evaluating now!
2024-04-03 00:02:26,158 - INFO - Epoch [94/300] (63555) train_loss: 25.5099, val_loss: 29.2581, lr: 0.000795, 91.76s
2024-04-03 00:04:00,566 - INFO - epoch complete!
2024-04-03 00:04:00,567 - INFO - evaluating now!
2024-04-03 00:04:06,858 - INFO - Epoch [95/300] (64224) train_loss: 25.4340, val_loss: 30.1108, lr: 0.000791, 100.70s
2024-04-03 00:05:42,822 - INFO - epoch complete!
2024-04-03 00:05:42,822 - INFO - evaluating now!
2024-04-03 00:05:49,471 - INFO - Epoch [96/300] (64893) train_loss: 25.4219, val_loss: 29.2485, lr: 0.000787, 102.61s
2024-04-03 00:07:18,844 - INFO - epoch complete!
2024-04-03 00:07:18,846 - INFO - evaluating now!
2024-04-03 00:07:25,215 - INFO - Epoch [97/300] (65562) train_loss: 25.3026, val_loss: 28.7445, lr: 0.000783, 95.74s
2024-04-03 00:08:54,428 - INFO - epoch complete!
2024-04-03 00:08:54,429 - INFO - evaluating now!
2024-04-03 00:09:00,744 - INFO - Epoch [98/300] (66231) train_loss: 25.2109, val_loss: 29.3201, lr: 0.000779, 95.53s
2024-04-03 00:10:29,150 - INFO - epoch complete!
2024-04-03 00:10:29,151 - INFO - evaluating now!
2024-04-03 00:10:35,453 - INFO - Epoch [99/300] (66900) train_loss: 25.3278, val_loss: 29.1918, lr: 0.000775, 94.71s
2024-04-03 00:12:05,373 - INFO - epoch complete!
2024-04-03 00:12:05,373 - INFO - evaluating now!
2024-04-03 00:12:11,667 - INFO - Epoch [100/300] (67569) train_loss: 25.2221, val_loss: 29.1663, lr: 0.000771, 96.21s
2024-04-03 00:12:11,667 - WARNING - Early stopping at epoch: 100
2024-04-03 00:12:11,667 - INFO - Trained totally 101 epochs, average train time is 88.306s, average eval time is 6.332s
2024-04-03 00:12:11,723 - INFO - Loaded model at 50
2024-04-03 00:12:11,723 - INFO - Saved model at ./libcity/cache/16952/model_cache/PDFormer_PeMS08.m
2024-04-03 00:12:11,771 - INFO - Start evaluating ...
2024-04-03 00:12:25,650 - INFO - Note that you select the average mode to evaluate!
2024-04-03 00:12:25,654 - INFO - Evaluate result is saved at ./libcity/cache/16952/evaluate_cache/2024_04_03_00_12_25_PDFormer_PeMS08_average.csv
2024-04-03 00:12:25,662 - INFO - 
          MAE  MAPE       RMSE  masked_MAE  masked_MAPE  masked_RMSE
1   12.831442   inf  20.237881   12.849958     0.084479    20.127131
2   12.961177   inf  20.655233   12.979934     0.085228    20.545086
3   13.127629   inf  21.039339   13.146921     0.086174    20.932739
4   13.289304   inf  21.393480   13.309052     0.086984    21.291071
5   13.451321   inf  21.716345   13.471371     0.087992    21.616344
6   13.594799   inf  22.004749   13.615175     0.088897    21.906120
7   13.731441   inf  22.271605   13.752147     0.089908    22.173861
8   13.862985   inf  22.519033   13.883936     0.090991    22.422049
9   13.995732   inf  22.752939   14.016939     0.091954    22.656416
10  14.134866   inf  22.983706   14.156353     0.092991    22.888004
11  14.274284   inf  23.213346   14.296089     0.094010    23.118450
12  14.430120   inf  23.461855   14.452220     0.095188    23.367571
