2024-04-06 10:53:11,123 - INFO - Log directory: ./libcity/log
2024-04-06 10:53:11,123 - INFO - Begin pipeline, task=traffic_state_pred, model_name=PDFormer, dataset_name=PEMS-BAY, exp_id=18231
2024-04-06 10:53:11,123 - INFO - {'task': 'traffic_state_pred', 'model': 'PDFormer', 'dataset': 'PEMS-BAY', 'saved_model': True, 'train': True, 'local_rank': 0, 'initial_ckpt': None, 'dataset_class': 'PDFormerDataset', 'input_window': 12, 'output_window': 12, 'train_rate': 0.6, 'eval_rate': 0.2, 'batch_size': 16, 'add_time_in_day': True, 'add_day_in_week': True, 'step_size': 3908, 'max_epoch': 300, 'bidir': True, 'far_mask_delta': 7, 'geo_num_heads': 4, 'sem_num_heads': 2, 't_num_heads': 2, 'cluster_method': 'kshape', 'cand_key_days': 14, 'seed': 1, 'type_ln': 'pre', 'set_loss': 'huber', 'huber_delta': 2, 'mode': 'average', 'executor': 'PDFormerExecutor', 'evaluator': 'TrafficStateEvaluator', 'embed_dim': 64, 'skip_dim': 256, 'mlp_ratio': 4, 'qkv_bias': True, 'drop': 0, 'attn_drop': 0, 'drop_path': 0.3, 's_attn_size': 3, 't_attn_size': 1, 'enc_depth': 3, 'type_short_path': 'hop', 'scaler': 'standard', 'load_external': True, 'normal_external': False, 'ext_scaler': 'none', 'learner': 'adamw', 'learning_rate': 0.001, 'weight_decay': 0.05, 'lr_decay': True, 'lr_scheduler': 'cosinelr', 'lr_eta_min': 0.0001, 'lr_decay_ratio': 0.1, 'lr_warmup_epoch': 5, 'lr_warmup_init': 1e-06, 'clip_grad_norm': True, 'max_grad_norm': 5, 'use_early_stop': True, 'patience': 50, 'task_level': 0, 'use_curriculum_learning': True, 'random_flip': True, 'quan_delta': 0.25, 'dtw_delta': 5, 'cache_dataset': True, 'num_workers': 0, 'pad_with_last_sample': True, 'lape_dim': 8, 'gpu': True, 'gpu_id': [0, 1], 'train_loss': 'none', 'epoch': 0, 'lr_epsilon': 1e-08, 'lr_beta1': 0.9, 'lr_beta2': 0.999, 'lr_alpha': 0.99, 'lr_momentum': 0, 'steps': [5, 20, 40, 70], 'lr_T_max': 30, 'lr_patience': 10, 'lr_threshold': 0.0001, 'log_level': 'INFO', 'log_every': 1, 'load_best_epoch': True, 'hyper_tune': False, 'grad_accmu_steps': 1, 'metrics': ['MAE', 'MAPE', 'RMSE', 'masked_MAE', 'masked_MAPE', 'masked_RMSE'], 'save_modes': ['csv'], 'geo': {'including_types': ['Point'], 'Point': {}}, 'rel': {'including_types': ['geo'], 'geo': {'cost': 'num'}}, 'dyna': {'including_types': ['state'], 'state': {'entity_id': 'geo_id', 'traffic_flow': 'num', 'traffic_occupancy': 'num', 'traffic_speed': 'num'}}, 'data_col': ['traffic_flow'], 'weight_col': 'cost', 'data_files': ['PEMS-BAY'], 'geo_file': 'PEMS-BAY', 'rel_file': 'PEMS-BAY', 'output_dim': 1, 'time_intervals': 300, 'init_weight_inf_or_zero': 'zero', 'set_weight_link_or_dist': 'link', 'calculate_weight_adj': False, 'weight_adj_epsilon': 0.1, 'distributed': False, 'device': device(type='cuda', index=0), 'exp_id': 18231}
2024-04-06 10:53:11,382 - INFO - Loaded file PEMS-BAY.geo, num_nodes=325
2024-04-06 10:53:11,384 - INFO - set_weight_link_or_dist: link
2024-04-06 10:53:11,384 - INFO - init_weight_inf_or_zero: zero
2024-04-06 10:53:11,390 - INFO - Loaded file PEMS-BAY.rel, shape=(325, 325)
2024-04-06 10:53:11,390 - INFO - Max adj_mx value = 1.0
2024-04-06 10:54:19,238 - INFO - Loading file PEMS-BAY.dyna
2024-04-06 10:54:28,279 - INFO - Loaded file PEMS-BAY.dyna, shape=(52116, 325, 1)
2024-04-06 10:54:28,460 - INFO - Load DTW matrix from ./libcity/cache/dataset_cache/dtw_PEMS-BAY.npy
2024-04-06 10:54:28,460 - INFO - Loading ./libcity/cache/dataset_cache/pdformer_point_based_PEMS-BAY_12_12_0.6_1_0.2_standard_16_True_True_True_True_traffic_flow.npz
2024-04-06 10:55:09,002 - INFO - train	x: (31256, 12, 325, 9), y: (31256, 12, 325, 9), ind: (31256,)
2024-04-06 10:55:09,002 - INFO - eval	x: (10418, 12, 325, 9), y: (10418, 12, 325, 9), ind: (10418,)
2024-04-06 10:55:09,002 - INFO - test	x: (10419, 12, 325, 9), y: (10419, 12, 325, 9), ind: (10419,)
2024-04-06 10:55:11,365 - INFO - StandardScaler mean: 62.74923074872212, std: 9.36532998874915
2024-04-06 10:55:11,365 - INFO - NoneScaler
2024-04-06 10:55:18,086 - INFO - Loaded file ./libcity/cache/dataset_cache/pattern_keys_kshape_PEMS-BAY_14_3_16_5.npy
2024-04-06 10:55:18,089 - INFO - Use use_curriculum_learning!
2024-04-06 10:55:21,608 - INFO - Number of isolated points: 0
2024-04-06 10:55:21,634 - INFO - Number of isolated points: 0
2024-04-06 10:55:21,694 - INFO - PDFormer(
  (pattern_embeddings): ModuleList(
    (0): TokenEmbedding(
      (token_embed): Linear(in_features=3, out_features=64, bias=True)
      (norm): Identity()
    )
  )
  (enc_embed_layer): DataEmbedding(
    (value_embedding): TokenEmbedding(
      (token_embed): Linear(in_features=1, out_features=64, bias=True)
      (norm): Identity()
    )
    (position_encoding): PositionalEncoding()
    (daytime_embedding): Embedding(1440, 64)
    (weekday_embedding): Embedding(7, 64)
    (spatial_embedding): LaplacianPE(
      (embedding_lap_pos_enc): Linear(in_features=8, out_features=64, bias=True)
    )
    (tempp_embedding): Linear(in_features=8, out_features=64, bias=True)
    (dropout): Dropout(p=0, inplace=False)
  )
  (encoder_blocks): ModuleList(
    (0): STEncoderBlock(
      (norm1): LayerNorm((64,), eps=1e-06, elementwise_affine=True)
      (st_attn): STSelfAttention(
        (pattern_q_linears): ModuleList(
          (0): Linear(in_features=64, out_features=32, bias=True)
        )
        (pattern_k_linears): ModuleList(
          (0): Linear(in_features=64, out_features=32, bias=True)
        )
        (pattern_v_linears): ModuleList(
          (0): Linear(in_features=64, out_features=32, bias=True)
        )
        (geo_q_conv): Conv2d(64, 32, kernel_size=(1, 1), stride=(1, 1))
        (geo_k_conv): Conv2d(64, 32, kernel_size=(1, 1), stride=(1, 1))
        (geo_v_conv): Conv2d(64, 32, kernel_size=(1, 1), stride=(1, 1))
        (geo_attn_drop): Dropout(p=0, inplace=False)
        (sem_q_conv): Conv2d(64, 16, kernel_size=(1, 1), stride=(1, 1))
        (sem_k_conv): Conv2d(64, 16, kernel_size=(1, 1), stride=(1, 1))
        (sem_v_conv): Conv2d(64, 16, kernel_size=(1, 1), stride=(1, 1))
        (sem_attn_drop): Dropout(p=0, inplace=False)
        (t_q_conv): Conv2d(64, 16, kernel_size=(1, 3), stride=(1, 1), padding=(0, 1))
        (t_k_conv): Conv2d(64, 16, kernel_size=(1, 3), stride=(1, 1), padding=(0, 1))
        (t_v_conv): Conv2d(64, 16, kernel_size=(1, 1), stride=(1, 1))
        (t_attn_drop): Dropout(p=0, inplace=False)
        (proj): Linear(in_features=48, out_features=64, bias=True)
        (proj_drop): Dropout(p=0, inplace=False)
        (gconv): gcn(
          (nconv): nconv()
          (mlp): linear(
            (mlp): Conv2d(96, 32, kernel_size=(1, 1), stride=(1, 1))
          )
        )
        (reshape1): Linear(in_features=64, out_features=32, bias=True)
        (reshape2): Linear(in_features=32, out_features=64, bias=True)
      )
      (drop_path): Identity()
      (norm2): LayerNorm((64,), eps=1e-06, elementwise_affine=True)
      (mlp): Mlp(
        (fc1): Linear(in_features=64, out_features=256, bias=True)
        (act): GELU()
        (fc2): Linear(in_features=256, out_features=64, bias=True)
        (drop): Dropout(p=0, inplace=False)
      )
    )
    (1): STEncoderBlock(
      (norm1): LayerNorm((64,), eps=1e-06, elementwise_affine=True)
      (st_attn): STSelfAttention(
        (pattern_q_linears): ModuleList(
          (0): Linear(in_features=64, out_features=32, bias=True)
        )
        (pattern_k_linears): ModuleList(
          (0): Linear(in_features=64, out_features=32, bias=True)
        )
        (pattern_v_linears): ModuleList(
          (0): Linear(in_features=64, out_features=32, bias=True)
        )
        (geo_q_conv): Conv2d(64, 32, kernel_size=(1, 1), stride=(1, 1))
        (geo_k_conv): Conv2d(64, 32, kernel_size=(1, 1), stride=(1, 1))
        (geo_v_conv): Conv2d(64, 32, kernel_size=(1, 1), stride=(1, 1))
        (geo_attn_drop): Dropout(p=0, inplace=False)
        (sem_q_conv): Conv2d(64, 16, kernel_size=(1, 1), stride=(1, 1))
        (sem_k_conv): Conv2d(64, 16, kernel_size=(1, 1), stride=(1, 1))
        (sem_v_conv): Conv2d(64, 16, kernel_size=(1, 1), stride=(1, 1))
        (sem_attn_drop): Dropout(p=0, inplace=False)
        (t_q_conv): Conv2d(64, 16, kernel_size=(1, 3), stride=(1, 1), padding=(0, 1))
        (t_k_conv): Conv2d(64, 16, kernel_size=(1, 3), stride=(1, 1), padding=(0, 1))
        (t_v_conv): Conv2d(64, 16, kernel_size=(1, 1), stride=(1, 1))
        (t_attn_drop): Dropout(p=0, inplace=False)
        (proj): Linear(in_features=48, out_features=64, bias=True)
        (proj_drop): Dropout(p=0, inplace=False)
        (gconv): gcn(
          (nconv): nconv()
          (mlp): linear(
            (mlp): Conv2d(96, 32, kernel_size=(1, 1), stride=(1, 1))
          )
        )
        (reshape1): Linear(in_features=64, out_features=32, bias=True)
        (reshape2): Linear(in_features=32, out_features=64, bias=True)
      )
      (drop_path): DropPath()
      (norm2): LayerNorm((64,), eps=1e-06, elementwise_affine=True)
      (mlp): Mlp(
        (fc1): Linear(in_features=64, out_features=256, bias=True)
        (act): GELU()
        (fc2): Linear(in_features=256, out_features=64, bias=True)
        (drop): Dropout(p=0, inplace=False)
      )
    )
    (2): STEncoderBlock(
      (norm1): LayerNorm((64,), eps=1e-06, elementwise_affine=True)
      (st_attn): STSelfAttention(
        (pattern_q_linears): ModuleList(
          (0): Linear(in_features=64, out_features=32, bias=True)
        )
        (pattern_k_linears): ModuleList(
          (0): Linear(in_features=64, out_features=32, bias=True)
        )
        (pattern_v_linears): ModuleList(
          (0): Linear(in_features=64, out_features=32, bias=True)
        )
        (geo_q_conv): Conv2d(64, 32, kernel_size=(1, 1), stride=(1, 1))
        (geo_k_conv): Conv2d(64, 32, kernel_size=(1, 1), stride=(1, 1))
        (geo_v_conv): Conv2d(64, 32, kernel_size=(1, 1), stride=(1, 1))
        (geo_attn_drop): Dropout(p=0, inplace=False)
        (sem_q_conv): Conv2d(64, 16, kernel_size=(1, 1), stride=(1, 1))
        (sem_k_conv): Conv2d(64, 16, kernel_size=(1, 1), stride=(1, 1))
        (sem_v_conv): Conv2d(64, 16, kernel_size=(1, 1), stride=(1, 1))
        (sem_attn_drop): Dropout(p=0, inplace=False)
        (t_q_conv): Conv2d(64, 16, kernel_size=(1, 3), stride=(1, 1), padding=(0, 1))
        (t_k_conv): Conv2d(64, 16, kernel_size=(1, 3), stride=(1, 1), padding=(0, 1))
        (t_v_conv): Conv2d(64, 16, kernel_size=(1, 1), stride=(1, 1))
        (t_attn_drop): Dropout(p=0, inplace=False)
        (proj): Linear(in_features=48, out_features=64, bias=True)
        (proj_drop): Dropout(p=0, inplace=False)
        (gconv): gcn(
          (nconv): nconv()
          (mlp): linear(
            (mlp): Conv2d(96, 32, kernel_size=(1, 1), stride=(1, 1))
          )
        )
        (reshape1): Linear(in_features=64, out_features=32, bias=True)
        (reshape2): Linear(in_features=32, out_features=64, bias=True)
      )
      (drop_path): DropPath()
      (norm2): LayerNorm((64,), eps=1e-06, elementwise_affine=True)
      (mlp): Mlp(
        (fc1): Linear(in_features=64, out_features=256, bias=True)
        (act): GELU()
        (fc2): Linear(in_features=256, out_features=64, bias=True)
        (drop): Dropout(p=0, inplace=False)
      )
    )
  )
  (skip_convs): ModuleList(
    (0): Conv2d(64, 256, kernel_size=(1, 1), stride=(1, 1))
    (1): Conv2d(64, 256, kernel_size=(1, 1), stride=(1, 1))
    (2): Conv2d(64, 256, kernel_size=(1, 1), stride=(1, 1))
  )
  (end_conv1): Conv2d(12, 12, kernel_size=(1, 1), stride=(1, 1))
  (end_conv2): Conv2d(256, 1, kernel_size=(1, 1), stride=(1, 1))
)
2024-04-06 10:55:21,695 - INFO - pattern_embeddings.0.token_embed.weight	torch.Size([64, 3])	cuda:0	True
2024-04-06 10:55:21,695 - INFO - pattern_embeddings.0.token_embed.bias	torch.Size([64])	cuda:0	True
2024-04-06 10:55:21,695 - INFO - enc_embed_layer.value_embedding.token_embed.weight	torch.Size([64, 1])	cuda:0	True
2024-04-06 10:55:21,695 - INFO - enc_embed_layer.value_embedding.token_embed.bias	torch.Size([64])	cuda:0	True
2024-04-06 10:55:21,695 - INFO - enc_embed_layer.daytime_embedding.weight	torch.Size([1440, 64])	cuda:0	True
2024-04-06 10:55:21,695 - INFO - enc_embed_layer.weekday_embedding.weight	torch.Size([7, 64])	cuda:0	True
2024-04-06 10:55:21,695 - INFO - enc_embed_layer.spatial_embedding.embedding_lap_pos_enc.weight	torch.Size([64, 8])	cuda:0	True
2024-04-06 10:55:21,695 - INFO - enc_embed_layer.spatial_embedding.embedding_lap_pos_enc.bias	torch.Size([64])	cuda:0	True
2024-04-06 10:55:21,695 - INFO - enc_embed_layer.tempp_embedding.weight	torch.Size([64, 8])	cuda:0	True
2024-04-06 10:55:21,695 - INFO - enc_embed_layer.tempp_embedding.bias	torch.Size([64])	cuda:0	True
2024-04-06 10:55:21,695 - INFO - encoder_blocks.0.norm1.weight	torch.Size([64])	cuda:0	True
2024-04-06 10:55:21,695 - INFO - encoder_blocks.0.norm1.bias	torch.Size([64])	cuda:0	True
2024-04-06 10:55:21,695 - INFO - encoder_blocks.0.st_attn.nodevec_p1	torch.Size([288, 40])	cuda:0	True
2024-04-06 10:55:21,695 - INFO - encoder_blocks.0.st_attn.nodevec_p2	torch.Size([325, 40])	cuda:0	True
2024-04-06 10:55:21,695 - INFO - encoder_blocks.0.st_attn.nodevec_p3	torch.Size([325, 40])	cuda:0	True
2024-04-06 10:55:21,696 - INFO - encoder_blocks.0.st_attn.nodevec_pk	torch.Size([40, 40, 40])	cuda:0	True
2024-04-06 10:55:21,696 - INFO - encoder_blocks.0.st_attn.pattern_q_linears.0.weight	torch.Size([32, 64])	cuda:0	True
2024-04-06 10:55:21,696 - INFO - encoder_blocks.0.st_attn.pattern_q_linears.0.bias	torch.Size([32])	cuda:0	True
2024-04-06 10:55:21,696 - INFO - encoder_blocks.0.st_attn.pattern_k_linears.0.weight	torch.Size([32, 64])	cuda:0	True
2024-04-06 10:55:21,696 - INFO - encoder_blocks.0.st_attn.pattern_k_linears.0.bias	torch.Size([32])	cuda:0	True
2024-04-06 10:55:21,696 - INFO - encoder_blocks.0.st_attn.pattern_v_linears.0.weight	torch.Size([32, 64])	cuda:0	True
2024-04-06 10:55:21,696 - INFO - encoder_blocks.0.st_attn.pattern_v_linears.0.bias	torch.Size([32])	cuda:0	True
2024-04-06 10:55:21,696 - INFO - encoder_blocks.0.st_attn.geo_q_conv.weight	torch.Size([32, 64, 1, 1])	cuda:0	True
2024-04-06 10:55:21,696 - INFO - encoder_blocks.0.st_attn.geo_q_conv.bias	torch.Size([32])	cuda:0	True
2024-04-06 10:55:21,696 - INFO - encoder_blocks.0.st_attn.geo_k_conv.weight	torch.Size([32, 64, 1, 1])	cuda:0	True
2024-04-06 10:55:21,696 - INFO - encoder_blocks.0.st_attn.geo_k_conv.bias	torch.Size([32])	cuda:0	True
2024-04-06 10:55:21,696 - INFO - encoder_blocks.0.st_attn.geo_v_conv.weight	torch.Size([32, 64, 1, 1])	cuda:0	True
2024-04-06 10:55:21,696 - INFO - encoder_blocks.0.st_attn.geo_v_conv.bias	torch.Size([32])	cuda:0	True
2024-04-06 10:55:21,696 - INFO - encoder_blocks.0.st_attn.sem_q_conv.weight	torch.Size([16, 64, 1, 1])	cuda:0	True
2024-04-06 10:55:21,696 - INFO - encoder_blocks.0.st_attn.sem_q_conv.bias	torch.Size([16])	cuda:0	True
2024-04-06 10:55:21,696 - INFO - encoder_blocks.0.st_attn.sem_k_conv.weight	torch.Size([16, 64, 1, 1])	cuda:0	True
2024-04-06 10:55:21,696 - INFO - encoder_blocks.0.st_attn.sem_k_conv.bias	torch.Size([16])	cuda:0	True
2024-04-06 10:55:21,696 - INFO - encoder_blocks.0.st_attn.sem_v_conv.weight	torch.Size([16, 64, 1, 1])	cuda:0	True
2024-04-06 10:55:21,696 - INFO - encoder_blocks.0.st_attn.sem_v_conv.bias	torch.Size([16])	cuda:0	True
2024-04-06 10:55:21,696 - INFO - encoder_blocks.0.st_attn.t_q_conv.weight	torch.Size([16, 64, 1, 3])	cuda:0	True
2024-04-06 10:55:21,696 - INFO - encoder_blocks.0.st_attn.t_q_conv.bias	torch.Size([16])	cuda:0	True
2024-04-06 10:55:21,696 - INFO - encoder_blocks.0.st_attn.t_k_conv.weight	torch.Size([16, 64, 1, 3])	cuda:0	True
2024-04-06 10:55:21,696 - INFO - encoder_blocks.0.st_attn.t_k_conv.bias	torch.Size([16])	cuda:0	True
2024-04-06 10:55:21,696 - INFO - encoder_blocks.0.st_attn.t_v_conv.weight	torch.Size([16, 64, 1, 1])	cuda:0	True
2024-04-06 10:55:21,696 - INFO - encoder_blocks.0.st_attn.t_v_conv.bias	torch.Size([16])	cuda:0	True
2024-04-06 10:55:21,696 - INFO - encoder_blocks.0.st_attn.proj.weight	torch.Size([64, 48])	cuda:0	True
2024-04-06 10:55:21,696 - INFO - encoder_blocks.0.st_attn.proj.bias	torch.Size([64])	cuda:0	True
2024-04-06 10:55:21,697 - INFO - encoder_blocks.0.st_attn.gconv.mlp.mlp.weight	torch.Size([32, 96, 1, 1])	cuda:0	True
2024-04-06 10:55:21,697 - INFO - encoder_blocks.0.st_attn.gconv.mlp.mlp.bias	torch.Size([32])	cuda:0	True
2024-04-06 10:55:21,697 - INFO - encoder_blocks.0.st_attn.reshape1.weight	torch.Size([32, 64])	cuda:0	True
2024-04-06 10:55:21,697 - INFO - encoder_blocks.0.st_attn.reshape1.bias	torch.Size([32])	cuda:0	True
2024-04-06 10:55:21,697 - INFO - encoder_blocks.0.st_attn.reshape2.weight	torch.Size([64, 32])	cuda:0	True
2024-04-06 10:55:21,697 - INFO - encoder_blocks.0.st_attn.reshape2.bias	torch.Size([64])	cuda:0	True
2024-04-06 10:55:21,697 - INFO - encoder_blocks.0.norm2.weight	torch.Size([64])	cuda:0	True
2024-04-06 10:55:21,697 - INFO - encoder_blocks.0.norm2.bias	torch.Size([64])	cuda:0	True
2024-04-06 10:55:21,697 - INFO - encoder_blocks.0.mlp.fc1.weight	torch.Size([256, 64])	cuda:0	True
2024-04-06 10:55:21,697 - INFO - encoder_blocks.0.mlp.fc1.bias	torch.Size([256])	cuda:0	True
2024-04-06 10:55:21,697 - INFO - encoder_blocks.0.mlp.fc2.weight	torch.Size([64, 256])	cuda:0	True
2024-04-06 10:55:21,697 - INFO - encoder_blocks.0.mlp.fc2.bias	torch.Size([64])	cuda:0	True
2024-04-06 10:55:21,697 - INFO - encoder_blocks.1.norm1.weight	torch.Size([64])	cuda:0	True
2024-04-06 10:55:21,697 - INFO - encoder_blocks.1.norm1.bias	torch.Size([64])	cuda:0	True
2024-04-06 10:55:21,697 - INFO - encoder_blocks.1.st_attn.nodevec_p1	torch.Size([288, 40])	cuda:0	True
2024-04-06 10:55:21,697 - INFO - encoder_blocks.1.st_attn.nodevec_p2	torch.Size([325, 40])	cuda:0	True
2024-04-06 10:55:21,697 - INFO - encoder_blocks.1.st_attn.nodevec_p3	torch.Size([325, 40])	cuda:0	True
2024-04-06 10:55:21,697 - INFO - encoder_blocks.1.st_attn.nodevec_pk	torch.Size([40, 40, 40])	cuda:0	True
2024-04-06 10:55:21,697 - INFO - encoder_blocks.1.st_attn.pattern_q_linears.0.weight	torch.Size([32, 64])	cuda:0	True
2024-04-06 10:55:21,697 - INFO - encoder_blocks.1.st_attn.pattern_q_linears.0.bias	torch.Size([32])	cuda:0	True
2024-04-06 10:55:21,697 - INFO - encoder_blocks.1.st_attn.pattern_k_linears.0.weight	torch.Size([32, 64])	cuda:0	True
2024-04-06 10:55:21,697 - INFO - encoder_blocks.1.st_attn.pattern_k_linears.0.bias	torch.Size([32])	cuda:0	True
2024-04-06 10:55:21,697 - INFO - encoder_blocks.1.st_attn.pattern_v_linears.0.weight	torch.Size([32, 64])	cuda:0	True
2024-04-06 10:55:21,697 - INFO - encoder_blocks.1.st_attn.pattern_v_linears.0.bias	torch.Size([32])	cuda:0	True
2024-04-06 10:55:21,697 - INFO - encoder_blocks.1.st_attn.geo_q_conv.weight	torch.Size([32, 64, 1, 1])	cuda:0	True
2024-04-06 10:55:21,697 - INFO - encoder_blocks.1.st_attn.geo_q_conv.bias	torch.Size([32])	cuda:0	True
2024-04-06 10:55:21,698 - INFO - encoder_blocks.1.st_attn.geo_k_conv.weight	torch.Size([32, 64, 1, 1])	cuda:0	True
2024-04-06 10:55:21,698 - INFO - encoder_blocks.1.st_attn.geo_k_conv.bias	torch.Size([32])	cuda:0	True
2024-04-06 10:55:21,698 - INFO - encoder_blocks.1.st_attn.geo_v_conv.weight	torch.Size([32, 64, 1, 1])	cuda:0	True
2024-04-06 10:55:21,698 - INFO - encoder_blocks.1.st_attn.geo_v_conv.bias	torch.Size([32])	cuda:0	True
2024-04-06 10:55:21,698 - INFO - encoder_blocks.1.st_attn.sem_q_conv.weight	torch.Size([16, 64, 1, 1])	cuda:0	True
2024-04-06 10:55:21,698 - INFO - encoder_blocks.1.st_attn.sem_q_conv.bias	torch.Size([16])	cuda:0	True
2024-04-06 10:55:21,698 - INFO - encoder_blocks.1.st_attn.sem_k_conv.weight	torch.Size([16, 64, 1, 1])	cuda:0	True
2024-04-06 10:55:21,698 - INFO - encoder_blocks.1.st_attn.sem_k_conv.bias	torch.Size([16])	cuda:0	True
2024-04-06 10:55:21,698 - INFO - encoder_blocks.1.st_attn.sem_v_conv.weight	torch.Size([16, 64, 1, 1])	cuda:0	True
2024-04-06 10:55:21,698 - INFO - encoder_blocks.1.st_attn.sem_v_conv.bias	torch.Size([16])	cuda:0	True
2024-04-06 10:55:21,698 - INFO - encoder_blocks.1.st_attn.t_q_conv.weight	torch.Size([16, 64, 1, 3])	cuda:0	True
2024-04-06 10:55:21,698 - INFO - encoder_blocks.1.st_attn.t_q_conv.bias	torch.Size([16])	cuda:0	True
2024-04-06 10:55:21,698 - INFO - encoder_blocks.1.st_attn.t_k_conv.weight	torch.Size([16, 64, 1, 3])	cuda:0	True
2024-04-06 10:55:21,698 - INFO - encoder_blocks.1.st_attn.t_k_conv.bias	torch.Size([16])	cuda:0	True
2024-04-06 10:55:21,698 - INFO - encoder_blocks.1.st_attn.t_v_conv.weight	torch.Size([16, 64, 1, 1])	cuda:0	True
2024-04-06 10:55:21,698 - INFO - encoder_blocks.1.st_attn.t_v_conv.bias	torch.Size([16])	cuda:0	True
2024-04-06 10:55:21,698 - INFO - encoder_blocks.1.st_attn.proj.weight	torch.Size([64, 48])	cuda:0	True
2024-04-06 10:55:21,698 - INFO - encoder_blocks.1.st_attn.proj.bias	torch.Size([64])	cuda:0	True
2024-04-06 10:55:21,698 - INFO - encoder_blocks.1.st_attn.gconv.mlp.mlp.weight	torch.Size([32, 96, 1, 1])	cuda:0	True
2024-04-06 10:55:21,698 - INFO - encoder_blocks.1.st_attn.gconv.mlp.mlp.bias	torch.Size([32])	cuda:0	True
2024-04-06 10:55:21,698 - INFO - encoder_blocks.1.st_attn.reshape1.weight	torch.Size([32, 64])	cuda:0	True
2024-04-06 10:55:21,698 - INFO - encoder_blocks.1.st_attn.reshape1.bias	torch.Size([32])	cuda:0	True
2024-04-06 10:55:21,698 - INFO - encoder_blocks.1.st_attn.reshape2.weight	torch.Size([64, 32])	cuda:0	True
2024-04-06 10:55:21,698 - INFO - encoder_blocks.1.st_attn.reshape2.bias	torch.Size([64])	cuda:0	True
2024-04-06 10:55:21,698 - INFO - encoder_blocks.1.norm2.weight	torch.Size([64])	cuda:0	True
2024-04-06 10:55:21,698 - INFO - encoder_blocks.1.norm2.bias	torch.Size([64])	cuda:0	True
2024-04-06 10:55:21,698 - INFO - encoder_blocks.1.mlp.fc1.weight	torch.Size([256, 64])	cuda:0	True
2024-04-06 10:55:21,699 - INFO - encoder_blocks.1.mlp.fc1.bias	torch.Size([256])	cuda:0	True
2024-04-06 10:55:21,699 - INFO - encoder_blocks.1.mlp.fc2.weight	torch.Size([64, 256])	cuda:0	True
2024-04-06 10:55:21,699 - INFO - encoder_blocks.1.mlp.fc2.bias	torch.Size([64])	cuda:0	True
2024-04-06 10:55:21,699 - INFO - encoder_blocks.2.norm1.weight	torch.Size([64])	cuda:0	True
2024-04-06 10:55:21,699 - INFO - encoder_blocks.2.norm1.bias	torch.Size([64])	cuda:0	True
2024-04-06 10:55:21,699 - INFO - encoder_blocks.2.st_attn.nodevec_p1	torch.Size([288, 40])	cuda:0	True
2024-04-06 10:55:21,699 - INFO - encoder_blocks.2.st_attn.nodevec_p2	torch.Size([325, 40])	cuda:0	True
2024-04-06 10:55:21,699 - INFO - encoder_blocks.2.st_attn.nodevec_p3	torch.Size([325, 40])	cuda:0	True
2024-04-06 10:55:21,699 - INFO - encoder_blocks.2.st_attn.nodevec_pk	torch.Size([40, 40, 40])	cuda:0	True
2024-04-06 10:55:21,699 - INFO - encoder_blocks.2.st_attn.pattern_q_linears.0.weight	torch.Size([32, 64])	cuda:0	True
2024-04-06 10:55:21,699 - INFO - encoder_blocks.2.st_attn.pattern_q_linears.0.bias	torch.Size([32])	cuda:0	True
2024-04-06 10:55:21,699 - INFO - encoder_blocks.2.st_attn.pattern_k_linears.0.weight	torch.Size([32, 64])	cuda:0	True
2024-04-06 10:55:21,699 - INFO - encoder_blocks.2.st_attn.pattern_k_linears.0.bias	torch.Size([32])	cuda:0	True
2024-04-06 10:55:21,699 - INFO - encoder_blocks.2.st_attn.pattern_v_linears.0.weight	torch.Size([32, 64])	cuda:0	True
2024-04-06 10:55:21,699 - INFO - encoder_blocks.2.st_attn.pattern_v_linears.0.bias	torch.Size([32])	cuda:0	True
2024-04-06 10:55:21,699 - INFO - encoder_blocks.2.st_attn.geo_q_conv.weight	torch.Size([32, 64, 1, 1])	cuda:0	True
2024-04-06 10:55:21,699 - INFO - encoder_blocks.2.st_attn.geo_q_conv.bias	torch.Size([32])	cuda:0	True
2024-04-06 10:55:21,699 - INFO - encoder_blocks.2.st_attn.geo_k_conv.weight	torch.Size([32, 64, 1, 1])	cuda:0	True
2024-04-06 10:55:21,699 - INFO - encoder_blocks.2.st_attn.geo_k_conv.bias	torch.Size([32])	cuda:0	True
2024-04-06 10:55:21,699 - INFO - encoder_blocks.2.st_attn.geo_v_conv.weight	torch.Size([32, 64, 1, 1])	cuda:0	True
2024-04-06 10:55:21,699 - INFO - encoder_blocks.2.st_attn.geo_v_conv.bias	torch.Size([32])	cuda:0	True
2024-04-06 10:55:21,699 - INFO - encoder_blocks.2.st_attn.sem_q_conv.weight	torch.Size([16, 64, 1, 1])	cuda:0	True
2024-04-06 10:55:21,699 - INFO - encoder_blocks.2.st_attn.sem_q_conv.bias	torch.Size([16])	cuda:0	True
2024-04-06 10:55:21,699 - INFO - encoder_blocks.2.st_attn.sem_k_conv.weight	torch.Size([16, 64, 1, 1])	cuda:0	True
2024-04-06 10:55:21,699 - INFO - encoder_blocks.2.st_attn.sem_k_conv.bias	torch.Size([16])	cuda:0	True
2024-04-06 10:55:21,699 - INFO - encoder_blocks.2.st_attn.sem_v_conv.weight	torch.Size([16, 64, 1, 1])	cuda:0	True
2024-04-06 10:55:21,700 - INFO - encoder_blocks.2.st_attn.sem_v_conv.bias	torch.Size([16])	cuda:0	True
2024-04-06 10:55:21,700 - INFO - encoder_blocks.2.st_attn.t_q_conv.weight	torch.Size([16, 64, 1, 3])	cuda:0	True
2024-04-06 10:55:21,700 - INFO - encoder_blocks.2.st_attn.t_q_conv.bias	torch.Size([16])	cuda:0	True
2024-04-06 10:55:21,700 - INFO - encoder_blocks.2.st_attn.t_k_conv.weight	torch.Size([16, 64, 1, 3])	cuda:0	True
2024-04-06 10:55:21,700 - INFO - encoder_blocks.2.st_attn.t_k_conv.bias	torch.Size([16])	cuda:0	True
2024-04-06 10:55:21,700 - INFO - encoder_blocks.2.st_attn.t_v_conv.weight	torch.Size([16, 64, 1, 1])	cuda:0	True
2024-04-06 10:55:21,700 - INFO - encoder_blocks.2.st_attn.t_v_conv.bias	torch.Size([16])	cuda:0	True
2024-04-06 10:55:21,700 - INFO - encoder_blocks.2.st_attn.proj.weight	torch.Size([64, 48])	cuda:0	True
2024-04-06 10:55:21,700 - INFO - encoder_blocks.2.st_attn.proj.bias	torch.Size([64])	cuda:0	True
2024-04-06 10:55:21,700 - INFO - encoder_blocks.2.st_attn.gconv.mlp.mlp.weight	torch.Size([32, 96, 1, 1])	cuda:0	True
2024-04-06 10:55:21,700 - INFO - encoder_blocks.2.st_attn.gconv.mlp.mlp.bias	torch.Size([32])	cuda:0	True
2024-04-06 10:55:21,700 - INFO - encoder_blocks.2.st_attn.reshape1.weight	torch.Size([32, 64])	cuda:0	True
2024-04-06 10:55:21,700 - INFO - encoder_blocks.2.st_attn.reshape1.bias	torch.Size([32])	cuda:0	True
2024-04-06 10:55:21,700 - INFO - encoder_blocks.2.st_attn.reshape2.weight	torch.Size([64, 32])	cuda:0	True
2024-04-06 10:55:21,700 - INFO - encoder_blocks.2.st_attn.reshape2.bias	torch.Size([64])	cuda:0	True
2024-04-06 10:55:21,700 - INFO - encoder_blocks.2.norm2.weight	torch.Size([64])	cuda:0	True
2024-04-06 10:55:21,700 - INFO - encoder_blocks.2.norm2.bias	torch.Size([64])	cuda:0	True
2024-04-06 10:55:21,700 - INFO - encoder_blocks.2.mlp.fc1.weight	torch.Size([256, 64])	cuda:0	True
2024-04-06 10:55:21,700 - INFO - encoder_blocks.2.mlp.fc1.bias	torch.Size([256])	cuda:0	True
2024-04-06 10:55:21,700 - INFO - encoder_blocks.2.mlp.fc2.weight	torch.Size([64, 256])	cuda:0	True
2024-04-06 10:55:21,700 - INFO - encoder_blocks.2.mlp.fc2.bias	torch.Size([64])	cuda:0	True
2024-04-06 10:55:21,700 - INFO - skip_convs.0.weight	torch.Size([256, 64, 1, 1])	cuda:0	True
2024-04-06 10:55:21,700 - INFO - skip_convs.0.bias	torch.Size([256])	cuda:0	True
2024-04-06 10:55:21,700 - INFO - skip_convs.1.weight	torch.Size([256, 64, 1, 1])	cuda:0	True
2024-04-06 10:55:21,700 - INFO - skip_convs.1.bias	torch.Size([256])	cuda:0	True
2024-04-06 10:55:21,700 - INFO - skip_convs.2.weight	torch.Size([256, 64, 1, 1])	cuda:0	True
2024-04-06 10:55:21,700 - INFO - skip_convs.2.bias	torch.Size([256])	cuda:0	True
2024-04-06 10:55:21,701 - INFO - end_conv1.weight	torch.Size([12, 12, 1, 1])	cuda:0	True
2024-04-06 10:55:21,701 - INFO - end_conv1.bias	torch.Size([12])	cuda:0	True
2024-04-06 10:55:21,701 - INFO - end_conv2.weight	torch.Size([1, 256, 1, 1])	cuda:0	True
2024-04-06 10:55:21,701 - INFO - end_conv2.bias	torch.Size([1])	cuda:0	True
2024-04-06 10:55:21,701 - INFO - Total parameter numbers: 648813
2024-04-06 10:55:21,702 - INFO - You select `adamw` optimizer.
2024-04-06 10:55:21,702 - INFO - You select `cosinelr` lr_scheduler.
2024-04-06 10:55:21,703 - WARNING - Received none train loss func and will use the loss func defined in the model.module.
2024-04-06 10:55:21,704 - INFO - Number of isolated points: 6
2024-04-06 10:55:21,729 - INFO - Start training ...
2024-04-06 10:55:21,729 - INFO - num_batches:1954
2024-04-06 10:55:21,789 - INFO - Training: task_level increase from 0 to 1
2024-04-06 10:55:21,789 - INFO - Current batches_seen is 0
2024-04-06 11:00:10,660 - INFO - epoch complete!
2024-04-06 11:00:10,660 - INFO - evaluating now!
2024-04-06 11:00:31,757 - INFO - Epoch [0/300] (1954) train_loss: 8.6505, val_loss: 10.9204, lr: 0.000201, 310.03s
2024-04-06 11:00:31,788 - INFO - Saved model at 0
2024-04-06 11:00:31,788 - INFO - Val loss decrease from inf to 10.9204, saving to ./libcity/cache/18231/model_cache/PDFormer_PEMS-BAY_epoch0.tar
2024-04-06 11:04:58,831 - INFO - epoch complete!
2024-04-06 11:04:58,831 - INFO - evaluating now!
2024-04-06 11:05:19,957 - INFO - Epoch [1/300] (3908) train_loss: 1.6815, val_loss: 6.8568, lr: 0.000401, 288.17s
2024-04-06 11:05:19,989 - INFO - Saved model at 1
2024-04-06 11:05:19,989 - INFO - Val loss decrease from 10.9204 to 6.8568, saving to ./libcity/cache/18231/model_cache/PDFormer_PEMS-BAY_epoch1.tar
2024-04-06 11:05:20,018 - INFO - Training: task_level increase from 1 to 2
2024-04-06 11:05:20,018 - INFO - Current batches_seen is 3908
2024-04-06 11:09:46,097 - INFO - epoch complete!
2024-04-06 11:09:46,097 - INFO - evaluating now!
2024-04-06 11:10:07,131 - INFO - Epoch [2/300] (5862) train_loss: 1.2711, val_loss: 6.0069, lr: 0.000600, 287.14s
2024-04-06 11:10:07,164 - INFO - Saved model at 2
2024-04-06 11:10:07,164 - INFO - Val loss decrease from 6.8568 to 6.0069, saving to ./libcity/cache/18231/model_cache/PDFormer_PEMS-BAY_epoch2.tar
2024-04-06 11:14:34,387 - INFO - epoch complete!
2024-04-06 11:14:34,388 - INFO - evaluating now!
2024-04-06 11:14:55,186 - INFO - Epoch [3/300] (7816) train_loss: 1.1186, val_loss: 6.0609, lr: 0.000800, 288.02s
2024-04-06 11:14:55,215 - INFO - Training: task_level increase from 2 to 3
2024-04-06 11:14:55,215 - INFO - Current batches_seen is 7816
2024-04-06 11:18:56,040 - INFO - epoch complete!
2024-04-06 11:18:56,041 - INFO - evaluating now!
2024-04-06 11:19:16,831 - INFO - Epoch [4/300] (9770) train_loss: 1.3198, val_loss: 6.0282, lr: 0.000999, 261.64s
2024-04-06 11:23:18,957 - INFO - epoch complete!
2024-04-06 11:23:18,958 - INFO - evaluating now!
2024-04-06 11:23:39,754 - INFO - Epoch [5/300] (11724) train_loss: 1.2946, val_loss: 6.0135, lr: 0.000999, 262.92s
2024-04-06 11:23:39,782 - INFO - Training: task_level increase from 3 to 4
2024-04-06 11:23:39,783 - INFO - Current batches_seen is 11724
2024-04-06 11:27:52,051 - INFO - epoch complete!
2024-04-06 11:27:52,051 - INFO - evaluating now!
2024-04-06 11:28:12,867 - INFO - Epoch [6/300] (13678) train_loss: 1.4838, val_loss: 5.3698, lr: 0.000999, 273.11s
2024-04-06 11:28:12,895 - INFO - Saved model at 6
2024-04-06 11:28:12,895 - INFO - Val loss decrease from 6.0069 to 5.3698, saving to ./libcity/cache/18231/model_cache/PDFormer_PEMS-BAY_epoch6.tar
2024-04-06 11:32:25,882 - INFO - epoch complete!
2024-04-06 11:32:25,882 - INFO - evaluating now!
2024-04-06 11:32:46,690 - INFO - Epoch [7/300] (15632) train_loss: 1.4479, val_loss: 5.4042, lr: 0.000998, 273.79s
2024-04-06 11:32:46,719 - INFO - Training: task_level increase from 4 to 5
2024-04-06 11:32:46,719 - INFO - Current batches_seen is 15632
2024-04-06 11:37:15,471 - INFO - epoch complete!
2024-04-06 11:37:15,472 - INFO - evaluating now!
2024-04-06 11:37:36,276 - INFO - Epoch [8/300] (17586) train_loss: 1.6153, val_loss: 4.8460, lr: 0.000998, 289.59s
2024-04-06 11:37:36,304 - INFO - Saved model at 8
2024-04-06 11:37:36,304 - INFO - Val loss decrease from 5.3698 to 4.8460, saving to ./libcity/cache/18231/model_cache/PDFormer_PEMS-BAY_epoch8.tar
2024-04-06 11:42:12,802 - INFO - epoch complete!
2024-04-06 11:42:12,802 - INFO - evaluating now!
2024-04-06 11:42:33,609 - INFO - Epoch [9/300] (19540) train_loss: 1.5860, val_loss: 4.8545, lr: 0.000998, 297.30s
2024-04-06 11:42:33,638 - INFO - Training: task_level increase from 5 to 6
2024-04-06 11:42:33,638 - INFO - Current batches_seen is 19540
2024-04-06 11:46:44,878 - INFO - epoch complete!
2024-04-06 11:46:44,879 - INFO - evaluating now!
2024-04-06 11:47:05,674 - INFO - Epoch [10/300] (21494) train_loss: 1.7269, val_loss: 4.5517, lr: 0.000997, 272.06s
2024-04-06 11:47:05,702 - INFO - Saved model at 10
2024-04-06 11:47:05,702 - INFO - Val loss decrease from 4.8460 to 4.5517, saving to ./libcity/cache/18231/model_cache/PDFormer_PEMS-BAY_epoch10.tar
2024-04-06 11:51:16,867 - INFO - epoch complete!
2024-04-06 11:51:16,868 - INFO - evaluating now!
2024-04-06 11:51:37,676 - INFO - Epoch [11/300] (23448) train_loss: 1.6966, val_loss: 4.5549, lr: 0.000996, 271.97s
2024-04-06 11:51:37,705 - INFO - Training: task_level increase from 6 to 7
2024-04-06 11:51:37,705 - INFO - Current batches_seen is 23448
2024-04-06 11:55:57,782 - INFO - epoch complete!
2024-04-06 11:55:57,783 - INFO - evaluating now!
2024-04-06 11:56:18,652 - INFO - Epoch [12/300] (25402) train_loss: 1.8097, val_loss: 4.3491, lr: 0.000996, 280.98s
2024-04-06 11:56:18,680 - INFO - Saved model at 12
2024-04-06 11:56:18,680 - INFO - Val loss decrease from 4.5517 to 4.3491, saving to ./libcity/cache/18231/model_cache/PDFormer_PEMS-BAY_epoch12.tar
2024-04-06 12:00:20,292 - INFO - epoch complete!
2024-04-06 12:00:20,293 - INFO - evaluating now!
2024-04-06 12:00:41,171 - INFO - Epoch [13/300] (27356) train_loss: 1.7756, val_loss: 4.3650, lr: 0.000995, 262.49s
2024-04-06 12:00:41,200 - INFO - Training: task_level increase from 7 to 8
2024-04-06 12:00:41,200 - INFO - Current batches_seen is 27356
2024-04-06 12:04:50,943 - INFO - epoch complete!
2024-04-06 12:04:50,944 - INFO - evaluating now!
2024-04-06 12:05:11,744 - INFO - Epoch [14/300] (29310) train_loss: 1.8690, val_loss: 4.2649, lr: 0.000994, 270.57s
2024-04-06 12:05:11,772 - INFO - Saved model at 14
2024-04-06 12:05:11,772 - INFO - Val loss decrease from 4.3491 to 4.2649, saving to ./libcity/cache/18231/model_cache/PDFormer_PEMS-BAY_epoch14.tar
2024-04-06 12:09:24,306 - INFO - epoch complete!
2024-04-06 12:09:24,307 - INFO - evaluating now!
2024-04-06 12:09:45,122 - INFO - Epoch [15/300] (31264) train_loss: 1.8441, val_loss: 4.2831, lr: 0.000994, 273.35s
2024-04-06 12:09:45,151 - INFO - Training: task_level increase from 8 to 9
2024-04-06 12:09:45,151 - INFO - Current batches_seen is 31264
2024-04-06 12:13:56,244 - INFO - epoch complete!
2024-04-06 12:13:56,245 - INFO - evaluating now!
2024-04-06 12:14:17,081 - INFO - Epoch [16/300] (33218) train_loss: 1.9331, val_loss: 3.8779, lr: 0.000993, 271.96s
2024-04-06 12:14:17,110 - INFO - Saved model at 16
2024-04-06 12:14:17,110 - INFO - Val loss decrease from 4.2649 to 3.8779, saving to ./libcity/cache/18231/model_cache/PDFormer_PEMS-BAY_epoch16.tar
2024-04-06 12:18:29,385 - INFO - epoch complete!
2024-04-06 12:18:29,386 - INFO - evaluating now!
2024-04-06 12:18:50,201 - INFO - Epoch [17/300] (35172) train_loss: 1.9077, val_loss: 3.8429, lr: 0.000992, 273.09s
2024-04-06 12:18:50,230 - INFO - Saved model at 17
2024-04-06 12:18:50,230 - INFO - Val loss decrease from 3.8779 to 3.8429, saving to ./libcity/cache/18231/model_cache/PDFormer_PEMS-BAY_epoch17.tar
2024-04-06 12:18:50,258 - INFO - Training: task_level increase from 9 to 10
2024-04-06 12:18:50,258 - INFO - Current batches_seen is 35172
2024-04-06 12:23:02,425 - INFO - epoch complete!
2024-04-06 12:23:02,425 - INFO - evaluating now!
2024-04-06 12:23:23,245 - INFO - Epoch [18/300] (37126) train_loss: 1.9914, val_loss: 3.4375, lr: 0.000991, 273.01s
2024-04-06 12:23:23,274 - INFO - Saved model at 18
2024-04-06 12:23:23,274 - INFO - Val loss decrease from 3.8429 to 3.4375, saving to ./libcity/cache/18231/model_cache/PDFormer_PEMS-BAY_epoch18.tar
2024-04-06 12:27:35,582 - INFO - epoch complete!
2024-04-06 12:27:35,583 - INFO - evaluating now!
2024-04-06 12:27:56,401 - INFO - Epoch [19/300] (39080) train_loss: 1.9690, val_loss: 3.3714, lr: 0.000990, 273.13s
2024-04-06 12:27:56,429 - INFO - Saved model at 19
2024-04-06 12:27:56,430 - INFO - Val loss decrease from 3.4375 to 3.3714, saving to ./libcity/cache/18231/model_cache/PDFormer_PEMS-BAY_epoch19.tar
2024-04-06 12:27:56,458 - INFO - Training: task_level increase from 10 to 11
2024-04-06 12:27:56,458 - INFO - Current batches_seen is 39080
2024-04-06 12:32:19,434 - INFO - epoch complete!
2024-04-06 12:32:19,434 - INFO - evaluating now!
2024-04-06 12:32:40,340 - INFO - Epoch [20/300] (41034) train_loss: 2.0412, val_loss: 2.8618, lr: 0.000989, 283.91s
2024-04-06 12:32:40,370 - INFO - Saved model at 20
2024-04-06 12:32:40,370 - INFO - Val loss decrease from 3.3714 to 2.8618, saving to ./libcity/cache/18231/model_cache/PDFormer_PEMS-BAY_epoch20.tar
2024-04-06 12:36:53,471 - INFO - epoch complete!
2024-04-06 12:36:53,472 - INFO - evaluating now!
2024-04-06 12:37:14,427 - INFO - Epoch [21/300] (42988) train_loss: 2.0202, val_loss: 2.8672, lr: 0.000988, 274.06s
2024-04-06 12:37:14,457 - INFO - Training: task_level increase from 11 to 12
2024-04-06 12:37:14,457 - INFO - Current batches_seen is 42988
2024-04-06 12:41:29,460 - INFO - epoch complete!
2024-04-06 12:41:29,461 - INFO - evaluating now!
2024-04-06 12:41:50,757 - INFO - Epoch [22/300] (44942) train_loss: 2.0872, val_loss: 2.3376, lr: 0.000987, 276.33s
2024-04-06 12:41:50,785 - INFO - Saved model at 22
2024-04-06 12:41:50,786 - INFO - Val loss decrease from 2.8618 to 2.3376, saving to ./libcity/cache/18231/model_cache/PDFormer_PEMS-BAY_epoch22.tar
2024-04-06 12:46:06,054 - INFO - epoch complete!
2024-04-06 12:46:06,055 - INFO - evaluating now!
2024-04-06 12:46:27,368 - INFO - Epoch [23/300] (46896) train_loss: 2.0684, val_loss: 2.2966, lr: 0.000986, 276.58s
2024-04-06 12:46:27,397 - INFO - Saved model at 23
2024-04-06 12:46:27,397 - INFO - Val loss decrease from 2.3376 to 2.2966, saving to ./libcity/cache/18231/model_cache/PDFormer_PEMS-BAY_epoch23.tar
2024-04-06 12:50:42,552 - INFO - epoch complete!
2024-04-06 12:50:42,552 - INFO - evaluating now!
2024-04-06 12:51:03,884 - INFO - Epoch [24/300] (48850) train_loss: 2.0547, val_loss: 2.2964, lr: 0.000985, 276.49s
2024-04-06 12:51:03,912 - INFO - Saved model at 24
2024-04-06 12:51:03,913 - INFO - Val loss decrease from 2.2966 to 2.2964, saving to ./libcity/cache/18231/model_cache/PDFormer_PEMS-BAY_epoch24.tar
2024-04-06 12:55:19,035 - INFO - epoch complete!
2024-04-06 12:55:19,036 - INFO - evaluating now!
2024-04-06 12:55:40,382 - INFO - Epoch [25/300] (50804) train_loss: 2.0448, val_loss: 2.3443, lr: 0.000983, 276.47s
2024-04-06 13:00:14,818 - INFO - epoch complete!
2024-04-06 13:00:14,819 - INFO - evaluating now!
2024-04-06 13:00:36,127 - INFO - Epoch [26/300] (52758) train_loss: 2.0332, val_loss: 2.2476, lr: 0.000982, 295.74s
2024-04-06 13:00:36,156 - INFO - Saved model at 26
2024-04-06 13:00:36,156 - INFO - Val loss decrease from 2.2964 to 2.2476, saving to ./libcity/cache/18231/model_cache/PDFormer_PEMS-BAY_epoch26.tar
2024-04-06 13:04:51,812 - INFO - epoch complete!
2024-04-06 13:04:51,812 - INFO - evaluating now!
2024-04-06 13:05:13,143 - INFO - Epoch [27/300] (54712) train_loss: 2.0222, val_loss: 2.2488, lr: 0.000981, 276.99s
2024-04-06 13:09:28,535 - INFO - epoch complete!
2024-04-06 13:09:28,536 - INFO - evaluating now!
2024-04-06 13:09:49,892 - INFO - Epoch [28/300] (56666) train_loss: 2.0117, val_loss: 2.3064, lr: 0.000979, 276.75s
2024-04-06 13:14:05,467 - INFO - epoch complete!
2024-04-06 13:14:05,468 - INFO - evaluating now!
2024-04-06 13:14:26,775 - INFO - Epoch [29/300] (58620) train_loss: 2.0029, val_loss: 2.2511, lr: 0.000978, 276.88s
2024-04-06 13:18:45,429 - INFO - epoch complete!
2024-04-06 13:18:45,430 - INFO - evaluating now!
2024-04-06 13:19:06,730 - INFO - Epoch [30/300] (60574) train_loss: 1.9937, val_loss: 2.2460, lr: 0.000976, 279.95s
2024-04-06 13:19:06,758 - INFO - Saved model at 30
2024-04-06 13:19:06,759 - INFO - Val loss decrease from 2.2476 to 2.2460, saving to ./libcity/cache/18231/model_cache/PDFormer_PEMS-BAY_epoch30.tar
2024-04-06 13:23:39,099 - INFO - epoch complete!
2024-04-06 13:23:39,100 - INFO - evaluating now!
2024-04-06 13:23:59,952 - INFO - Epoch [31/300] (62528) train_loss: 1.9848, val_loss: 2.2284, lr: 0.000975, 293.19s
2024-04-06 13:23:59,981 - INFO - Saved model at 31
2024-04-06 13:23:59,981 - INFO - Val loss decrease from 2.2460 to 2.2284, saving to ./libcity/cache/18231/model_cache/PDFormer_PEMS-BAY_epoch31.tar
2024-04-06 13:28:12,825 - INFO - epoch complete!
2024-04-06 13:28:12,825 - INFO - evaluating now!
2024-04-06 13:28:33,667 - INFO - Epoch [32/300] (64482) train_loss: 1.9811, val_loss: 2.2057, lr: 0.000973, 273.69s
2024-04-06 13:28:33,695 - INFO - Saved model at 32
2024-04-06 13:28:33,696 - INFO - Val loss decrease from 2.2284 to 2.2057, saving to ./libcity/cache/18231/model_cache/PDFormer_PEMS-BAY_epoch32.tar
2024-04-06 13:32:46,263 - INFO - epoch complete!
2024-04-06 13:32:46,263 - INFO - evaluating now!
2024-04-06 13:33:07,107 - INFO - Epoch [33/300] (66436) train_loss: 1.9709, val_loss: 2.2016, lr: 0.000972, 273.41s
2024-04-06 13:33:07,135 - INFO - Saved model at 33
2024-04-06 13:33:07,135 - INFO - Val loss decrease from 2.2057 to 2.2016, saving to ./libcity/cache/18231/model_cache/PDFormer_PEMS-BAY_epoch33.tar
2024-04-06 13:37:19,639 - INFO - epoch complete!
2024-04-06 13:37:19,639 - INFO - evaluating now!
2024-04-06 13:37:40,478 - INFO - Epoch [34/300] (68390) train_loss: 1.9610, val_loss: 2.1817, lr: 0.000970, 273.34s
2024-04-06 13:37:40,506 - INFO - Saved model at 34
2024-04-06 13:37:40,506 - INFO - Val loss decrease from 2.2016 to 2.1817, saving to ./libcity/cache/18231/model_cache/PDFormer_PEMS-BAY_epoch34.tar
2024-04-06 13:41:52,905 - INFO - epoch complete!
2024-04-06 13:41:52,906 - INFO - evaluating now!
2024-04-06 13:42:13,756 - INFO - Epoch [35/300] (70344) train_loss: 1.9568, val_loss: 2.1672, lr: 0.000968, 273.25s
2024-04-06 13:42:13,784 - INFO - Saved model at 35
2024-04-06 13:42:13,784 - INFO - Val loss decrease from 2.1817 to 2.1672, saving to ./libcity/cache/18231/model_cache/PDFormer_PEMS-BAY_epoch35.tar
2024-04-06 13:46:26,076 - INFO - epoch complete!
2024-04-06 13:46:26,076 - INFO - evaluating now!
2024-04-06 13:46:46,908 - INFO - Epoch [36/300] (72298) train_loss: 1.9512, val_loss: 2.1886, lr: 0.000967, 273.12s
2024-04-06 13:50:59,041 - INFO - epoch complete!
2024-04-06 13:50:59,042 - INFO - evaluating now!
2024-04-06 13:51:19,884 - INFO - Epoch [37/300] (74252) train_loss: 1.9444, val_loss: 2.1520, lr: 0.000965, 272.98s
2024-04-06 13:51:19,912 - INFO - Saved model at 37
2024-04-06 13:51:19,912 - INFO - Val loss decrease from 2.1672 to 2.1520, saving to ./libcity/cache/18231/model_cache/PDFormer_PEMS-BAY_epoch37.tar
2024-04-06 13:55:32,243 - INFO - epoch complete!
2024-04-06 13:55:32,244 - INFO - evaluating now!
2024-04-06 13:55:53,075 - INFO - Epoch [38/300] (76206) train_loss: 1.9345, val_loss: 2.1894, lr: 0.000963, 273.16s
2024-04-06 14:00:09,242 - INFO - epoch complete!
2024-04-06 14:00:09,242 - INFO - evaluating now!
2024-04-06 14:00:30,346 - INFO - Epoch [39/300] (78160) train_loss: 1.9291, val_loss: 2.1694, lr: 0.000961, 277.27s
2024-04-06 14:04:58,570 - INFO - epoch complete!
2024-04-06 14:04:58,570 - INFO - evaluating now!
2024-04-06 14:05:19,456 - INFO - Epoch [40/300] (80114) train_loss: 1.9262, val_loss: 2.1463, lr: 0.000959, 289.11s
2024-04-06 14:05:19,485 - INFO - Saved model at 40
2024-04-06 14:05:19,485 - INFO - Val loss decrease from 2.1520 to 2.1463, saving to ./libcity/cache/18231/model_cache/PDFormer_PEMS-BAY_epoch40.tar
2024-04-06 14:09:32,155 - INFO - epoch complete!
2024-04-06 14:09:32,155 - INFO - evaluating now!
2024-04-06 14:09:52,990 - INFO - Epoch [41/300] (82068) train_loss: 1.9192, val_loss: 2.1234, lr: 0.000957, 273.51s
2024-04-06 14:09:53,018 - INFO - Saved model at 41
2024-04-06 14:09:53,019 - INFO - Val loss decrease from 2.1463 to 2.1234, saving to ./libcity/cache/18231/model_cache/PDFormer_PEMS-BAY_epoch41.tar
2024-04-06 14:14:21,392 - INFO - epoch complete!
2024-04-06 14:14:21,393 - INFO - evaluating now!
2024-04-06 14:14:42,255 - INFO - Epoch [42/300] (84022) train_loss: 1.9149, val_loss: 2.1390, lr: 0.000955, 289.24s
2024-04-06 14:19:04,444 - INFO - epoch complete!
2024-04-06 14:19:04,445 - INFO - evaluating now!
2024-04-06 14:19:25,334 - INFO - Epoch [43/300] (85976) train_loss: 1.9057, val_loss: 2.1221, lr: 0.000953, 283.08s
2024-04-06 14:19:25,362 - INFO - Saved model at 43
2024-04-06 14:19:25,362 - INFO - Val loss decrease from 2.1234 to 2.1221, saving to ./libcity/cache/18231/model_cache/PDFormer_PEMS-BAY_epoch43.tar
2024-04-06 14:23:51,960 - INFO - epoch complete!
2024-04-06 14:23:51,960 - INFO - evaluating now!
2024-04-06 14:24:12,843 - INFO - Epoch [44/300] (87930) train_loss: 1.8986, val_loss: 2.1418, lr: 0.000951, 287.48s
2024-04-06 14:28:44,719 - INFO - epoch complete!
2024-04-06 14:28:44,719 - INFO - evaluating now!
2024-04-06 14:29:05,577 - INFO - Epoch [45/300] (89884) train_loss: 1.8948, val_loss: 2.1426, lr: 0.000949, 292.73s
2024-04-06 14:33:17,803 - INFO - epoch complete!
2024-04-06 14:33:17,804 - INFO - evaluating now!
2024-04-06 14:33:38,635 - INFO - Epoch [46/300] (91838) train_loss: 1.8874, val_loss: 2.1059, lr: 0.000947, 273.06s
2024-04-06 14:33:38,663 - INFO - Saved model at 46
2024-04-06 14:33:38,663 - INFO - Val loss decrease from 2.1221 to 2.1059, saving to ./libcity/cache/18231/model_cache/PDFormer_PEMS-BAY_epoch46.tar
2024-04-06 14:38:27,703 - INFO - epoch complete!
2024-04-06 14:38:27,704 - INFO - evaluating now!
2024-04-06 14:38:48,805 - INFO - Epoch [47/300] (93792) train_loss: 1.8862, val_loss: 2.1421, lr: 0.000944, 310.14s
2024-04-06 14:43:15,440 - INFO - epoch complete!
2024-04-06 14:43:15,440 - INFO - evaluating now!
2024-04-06 14:43:36,527 - INFO - Epoch [48/300] (95746) train_loss: 1.8797, val_loss: 2.1662, lr: 0.000942, 287.72s
2024-04-06 14:48:07,235 - INFO - epoch complete!
2024-04-06 14:48:07,236 - INFO - evaluating now!
2024-04-06 14:48:28,051 - INFO - Epoch [49/300] (97700) train_loss: 1.8753, val_loss: 2.1059, lr: 0.000940, 291.52s
2024-04-06 14:52:44,220 - INFO - epoch complete!
2024-04-06 14:52:44,221 - INFO - evaluating now!
2024-04-06 14:53:05,065 - INFO - Epoch [50/300] (99654) train_loss: 1.8677, val_loss: 2.1368, lr: 0.000937, 277.01s
2024-04-06 14:57:21,272 - INFO - epoch complete!
2024-04-06 14:57:21,272 - INFO - evaluating now!
2024-04-06 14:57:42,102 - INFO - Epoch [51/300] (101608) train_loss: 1.8627, val_loss: 2.1172, lr: 0.000935, 277.04s
2024-04-06 15:01:56,232 - INFO - epoch complete!
2024-04-06 15:01:56,233 - INFO - evaluating now!
2024-04-06 15:02:17,066 - INFO - Epoch [52/300] (103562) train_loss: 1.8539, val_loss: 2.1429, lr: 0.000932, 274.96s
2024-04-06 15:06:36,613 - INFO - epoch complete!
2024-04-06 15:06:36,614 - INFO - evaluating now!
2024-04-06 15:06:57,497 - INFO - Epoch [53/300] (105516) train_loss: 1.8502, val_loss: 2.0897, lr: 0.000930, 280.43s
2024-04-06 15:06:57,525 - INFO - Saved model at 53
2024-04-06 15:06:57,526 - INFO - Val loss decrease from 2.1059 to 2.0897, saving to ./libcity/cache/18231/model_cache/PDFormer_PEMS-BAY_epoch53.tar
2024-04-06 15:11:26,302 - INFO - epoch complete!
2024-04-06 15:11:26,303 - INFO - evaluating now!
2024-04-06 15:11:47,150 - INFO - Epoch [54/300] (107470) train_loss: 1.8459, val_loss: 2.1336, lr: 0.000927, 289.62s
2024-04-06 15:16:01,329 - INFO - epoch complete!
2024-04-06 15:16:01,329 - INFO - evaluating now!
2024-04-06 15:16:24,021 - INFO - Epoch [55/300] (109424) train_loss: 1.8387, val_loss: 2.1065, lr: 0.000925, 276.87s
2024-04-06 15:20:25,889 - INFO - epoch complete!
2024-04-06 15:20:25,889 - INFO - evaluating now!
2024-04-06 15:20:48,094 - INFO - Epoch [56/300] (111378) train_loss: 1.8343, val_loss: 2.1104, lr: 0.000922, 264.07s
2024-04-06 15:25:13,859 - INFO - epoch complete!
2024-04-06 15:25:13,860 - INFO - evaluating now!
2024-04-06 15:25:34,697 - INFO - Epoch [57/300] (113332) train_loss: 1.8268, val_loss: 2.1139, lr: 0.000920, 286.60s
2024-04-06 15:29:46,823 - INFO - epoch complete!
2024-04-06 15:29:46,824 - INFO - evaluating now!
2024-04-06 15:30:07,640 - INFO - Epoch [58/300] (115286) train_loss: 1.8237, val_loss: 2.1034, lr: 0.000917, 272.94s
2024-04-06 15:34:20,931 - INFO - epoch complete!
2024-04-06 15:34:20,931 - INFO - evaluating now!
2024-04-06 15:34:41,740 - INFO - Epoch [59/300] (117240) train_loss: 1.8173, val_loss: 2.0671, lr: 0.000914, 274.10s
2024-04-06 15:34:41,769 - INFO - Saved model at 59
2024-04-06 15:34:41,769 - INFO - Val loss decrease from 2.0897 to 2.0671, saving to ./libcity/cache/18231/model_cache/PDFormer_PEMS-BAY_epoch59.tar
2024-04-06 15:39:05,219 - INFO - epoch complete!
2024-04-06 15:39:05,220 - INFO - evaluating now!
2024-04-06 15:39:28,426 - INFO - Epoch [60/300] (119194) train_loss: 1.8170, val_loss: 2.0828, lr: 0.000911, 286.66s
2024-04-06 15:43:56,584 - INFO - epoch complete!
2024-04-06 15:43:56,584 - INFO - evaluating now!
2024-04-06 15:44:17,635 - INFO - Epoch [61/300] (121148) train_loss: 1.8126, val_loss: 2.0862, lr: 0.000908, 289.21s
2024-04-06 15:48:51,678 - INFO - epoch complete!
2024-04-06 15:48:51,679 - INFO - evaluating now!
2024-04-06 15:49:12,607 - INFO - Epoch [62/300] (123102) train_loss: 1.8054, val_loss: 2.0924, lr: 0.000906, 294.97s
2024-04-06 15:53:28,118 - INFO - epoch complete!
2024-04-06 15:53:28,118 - INFO - evaluating now!
2024-04-06 15:53:49,005 - INFO - Epoch [63/300] (125056) train_loss: 1.8031, val_loss: 2.0761, lr: 0.000903, 276.40s
2024-04-06 15:58:04,845 - INFO - epoch complete!
2024-04-06 15:58:04,846 - INFO - evaluating now!
2024-04-06 15:58:26,172 - INFO - Epoch [64/300] (127010) train_loss: 1.7979, val_loss: 2.0889, lr: 0.000900, 277.17s
2024-04-06 16:02:54,943 - INFO - epoch complete!
2024-04-06 16:02:54,943 - INFO - evaluating now!
2024-04-06 16:03:15,852 - INFO - Epoch [65/300] (128964) train_loss: 1.7938, val_loss: 2.0868, lr: 0.000897, 289.68s
2024-04-06 16:07:41,584 - INFO - epoch complete!
2024-04-06 16:07:41,585 - INFO - evaluating now!
2024-04-06 16:08:03,031 - INFO - Epoch [66/300] (130918) train_loss: 1.7916, val_loss: 2.0789, lr: 0.000894, 287.18s
2024-04-06 16:12:28,718 - INFO - epoch complete!
2024-04-06 16:12:28,719 - INFO - evaluating now!
2024-04-06 16:12:49,258 - INFO - Epoch [67/300] (132872) train_loss: 1.7832, val_loss: 2.0326, lr: 0.000891, 286.23s
2024-04-06 16:12:49,287 - INFO - Saved model at 67
2024-04-06 16:12:49,287 - INFO - Val loss decrease from 2.0671 to 2.0326, saving to ./libcity/cache/18231/model_cache/PDFormer_PEMS-BAY_epoch67.tar
2024-04-06 16:17:19,968 - INFO - epoch complete!
2024-04-06 16:17:19,969 - INFO - evaluating now!
2024-04-06 16:17:40,493 - INFO - Epoch [68/300] (134826) train_loss: 1.7815, val_loss: 2.0605, lr: 0.000888, 291.21s
2024-04-06 16:21:54,751 - INFO - epoch complete!
2024-04-06 16:21:54,751 - INFO - evaluating now!
2024-04-06 16:22:15,263 - INFO - Epoch [69/300] (136780) train_loss: 1.7761, val_loss: 2.0720, lr: 0.000884, 274.77s
2024-04-06 16:26:39,143 - INFO - epoch complete!
2024-04-06 16:26:39,144 - INFO - evaluating now!
2024-04-06 16:26:59,745 - INFO - Epoch [70/300] (138734) train_loss: 1.7732, val_loss: 2.1085, lr: 0.000881, 284.48s
2024-04-06 16:31:16,459 - INFO - epoch complete!
2024-04-06 16:31:16,460 - INFO - evaluating now!
2024-04-06 16:31:37,026 - INFO - Epoch [71/300] (140688) train_loss: 1.7700, val_loss: 2.0765, lr: 0.000878, 277.28s
2024-04-06 16:35:56,124 - INFO - epoch complete!
2024-04-06 16:35:56,124 - INFO - evaluating now!
2024-04-06 16:36:16,689 - INFO - Epoch [72/300] (142642) train_loss: 1.7684, val_loss: 2.0949, lr: 0.000875, 279.66s
2024-04-06 16:40:40,286 - INFO - epoch complete!
2024-04-06 16:40:40,287 - INFO - evaluating now!
2024-04-06 16:41:00,801 - INFO - Epoch [73/300] (144596) train_loss: 1.7625, val_loss: 2.0785, lr: 0.000872, 284.11s
2024-04-06 16:45:23,331 - INFO - epoch complete!
2024-04-06 16:45:23,332 - INFO - evaluating now!
2024-04-06 16:45:44,289 - INFO - Epoch [74/300] (146550) train_loss: 1.7611, val_loss: 2.0683, lr: 0.000868, 283.49s
2024-04-06 16:50:12,093 - INFO - epoch complete!
2024-04-06 16:50:12,093 - INFO - evaluating now!
2024-04-06 16:50:33,185 - INFO - Epoch [75/300] (148504) train_loss: 1.7576, val_loss: 2.0814, lr: 0.000865, 288.89s
2024-04-06 16:55:00,128 - INFO - epoch complete!
2024-04-06 16:55:00,128 - INFO - evaluating now!
2024-04-06 16:55:21,027 - INFO - Epoch [76/300] (150458) train_loss: 1.7512, val_loss: 2.0890, lr: 0.000861, 287.84s
2024-04-06 16:59:35,115 - INFO - epoch complete!
2024-04-06 16:59:35,115 - INFO - evaluating now!
2024-04-06 16:59:56,152 - INFO - Epoch [77/300] (152412) train_loss: 1.7510, val_loss: 2.0878, lr: 0.000858, 275.12s
2024-04-06 17:04:12,591 - INFO - epoch complete!
2024-04-06 17:04:12,591 - INFO - evaluating now!
2024-04-06 17:04:33,775 - INFO - Epoch [78/300] (154366) train_loss: 1.7451, val_loss: 2.0920, lr: 0.000855, 277.62s
2024-04-06 17:08:50,289 - INFO - epoch complete!
2024-04-06 17:08:50,290 - INFO - evaluating now!
2024-04-06 17:09:11,312 - INFO - Epoch [79/300] (156320) train_loss: 1.7450, val_loss: 2.0760, lr: 0.000851, 277.54s
2024-04-06 17:13:38,250 - INFO - epoch complete!
2024-04-06 17:13:38,251 - INFO - evaluating now!
2024-04-06 17:13:59,314 - INFO - Epoch [80/300] (158274) train_loss: 1.7413, val_loss: 2.0444, lr: 0.000848, 288.00s
2024-04-06 17:18:22,178 - INFO - epoch complete!
2024-04-06 17:18:22,178 - INFO - evaluating now!
2024-04-06 17:18:42,766 - INFO - Epoch [81/300] (160228) train_loss: 1.7421, val_loss: 2.0504, lr: 0.000844, 283.45s
2024-04-06 17:22:56,078 - INFO - epoch complete!
2024-04-06 17:22:56,079 - INFO - evaluating now!
2024-04-06 17:23:16,661 - INFO - Epoch [82/300] (162182) train_loss: 1.7339, val_loss: 2.0472, lr: 0.000840, 273.89s
2024-04-06 17:27:29,566 - INFO - epoch complete!
2024-04-06 17:27:29,567 - INFO - evaluating now!
2024-04-06 17:27:50,426 - INFO - Epoch [83/300] (164136) train_loss: 1.7356, val_loss: 2.0528, lr: 0.000837, 273.76s
2024-04-06 17:32:14,481 - INFO - epoch complete!
2024-04-06 17:32:14,482 - INFO - evaluating now!
2024-04-06 17:32:35,090 - INFO - Epoch [84/300] (166090) train_loss: 1.7314, val_loss: 2.0675, lr: 0.000833, 284.66s
2024-04-06 17:36:51,593 - INFO - epoch complete!
2024-04-06 17:36:51,594 - INFO - evaluating now!
2024-04-06 17:37:12,292 - INFO - Epoch [85/300] (168044) train_loss: 1.7336, val_loss: 2.0787, lr: 0.000830, 277.20s
2024-04-06 17:41:30,096 - INFO - epoch complete!
2024-04-06 17:41:30,097 - INFO - evaluating now!
2024-04-06 17:41:50,953 - INFO - Epoch [86/300] (169998) train_loss: 1.7262, val_loss: 2.0544, lr: 0.000826, 278.66s
2024-04-06 17:46:22,359 - INFO - epoch complete!
2024-04-06 17:46:22,360 - INFO - evaluating now!
2024-04-06 17:46:43,826 - INFO - Epoch [87/300] (171952) train_loss: 1.7290, val_loss: 2.0928, lr: 0.000822, 292.87s
2024-04-06 17:51:12,569 - INFO - epoch complete!
2024-04-06 17:51:12,570 - INFO - evaluating now!
2024-04-06 17:51:33,726 - INFO - Epoch [88/300] (173906) train_loss: 1.7227, val_loss: 2.0893, lr: 0.000818, 289.90s
2024-04-06 17:56:03,820 - INFO - epoch complete!
2024-04-06 17:56:03,821 - INFO - evaluating now!
2024-04-06 17:56:25,014 - INFO - Epoch [89/300] (175860) train_loss: 1.7186, val_loss: 2.0810, lr: 0.000815, 291.29s
2024-04-06 18:00:46,883 - INFO - epoch complete!
2024-04-06 18:00:46,883 - INFO - evaluating now!
2024-04-06 18:01:08,041 - INFO - Epoch [90/300] (177814) train_loss: 1.7186, val_loss: 2.0799, lr: 0.000811, 283.03s
2024-04-06 18:05:36,660 - INFO - epoch complete!
2024-04-06 18:05:36,661 - INFO - evaluating now!
2024-04-06 18:05:58,639 - INFO - Epoch [91/300] (179768) train_loss: 1.7134, val_loss: 2.0629, lr: 0.000807, 290.60s
2024-04-06 18:11:05,426 - INFO - epoch complete!
2024-04-06 18:11:05,427 - INFO - evaluating now!
2024-04-06 18:11:31,574 - INFO - Epoch [92/300] (181722) train_loss: 1.7119, val_loss: 2.1385, lr: 0.000803, 332.93s
2024-04-06 18:16:41,984 - INFO - epoch complete!
2024-04-06 18:16:41,985 - INFO - evaluating now!
2024-04-06 18:17:08,545 - INFO - Epoch [93/300] (183676) train_loss: 1.7118, val_loss: 2.0550, lr: 0.000799, 336.97s
2024-04-06 18:22:20,954 - INFO - epoch complete!
2024-04-06 18:22:20,954 - INFO - evaluating now!
2024-04-06 18:22:47,529 - INFO - Epoch [94/300] (185630) train_loss: 1.7106, val_loss: 2.0849, lr: 0.000795, 338.98s
2024-04-06 18:27:53,727 - INFO - epoch complete!
2024-04-06 18:27:53,727 - INFO - evaluating now!
2024-04-06 18:28:19,759 - INFO - Epoch [95/300] (187584) train_loss: 1.7068, val_loss: 2.0589, lr: 0.000791, 332.23s
2024-04-06 18:33:27,585 - INFO - epoch complete!
2024-04-06 18:33:27,586 - INFO - evaluating now!
2024-04-06 18:33:52,249 - INFO - Epoch [96/300] (189538) train_loss: 1.7045, val_loss: 2.0621, lr: 0.000787, 332.49s
2024-04-06 18:38:56,750 - INFO - epoch complete!
2024-04-06 18:38:56,751 - INFO - evaluating now!
2024-04-06 18:39:20,555 - INFO - Epoch [97/300] (191492) train_loss: 1.7021, val_loss: 2.0644, lr: 0.000783, 328.31s
2024-04-06 18:44:16,452 - INFO - epoch complete!
2024-04-06 18:44:16,453 - INFO - evaluating now!
2024-04-06 18:44:41,022 - INFO - Epoch [98/300] (193446) train_loss: 1.7024, val_loss: 2.0672, lr: 0.000779, 320.47s
2024-04-06 18:49:36,678 - INFO - epoch complete!
2024-04-06 18:49:36,678 - INFO - evaluating now!
2024-04-06 18:50:01,282 - INFO - Epoch [99/300] (195400) train_loss: 1.6974, val_loss: 2.0619, lr: 0.000775, 320.26s
2024-04-06 18:54:47,527 - INFO - epoch complete!
2024-04-06 18:54:47,528 - INFO - evaluating now!
2024-04-06 18:55:11,481 - INFO - Epoch [100/300] (197354) train_loss: 1.6937, val_loss: 2.0694, lr: 0.000771, 310.20s
2024-04-06 19:00:03,351 - INFO - epoch complete!
2024-04-06 19:00:03,352 - INFO - evaluating now!
2024-04-06 19:00:28,154 - INFO - Epoch [101/300] (199308) train_loss: 1.6938, val_loss: 2.0904, lr: 0.000767, 316.67s
2024-04-06 19:05:33,419 - INFO - epoch complete!
2024-04-06 19:05:33,420 - INFO - evaluating now!
2024-04-06 19:05:58,259 - INFO - Epoch [102/300] (201262) train_loss: 1.6914, val_loss: 2.0783, lr: 0.000763, 330.10s
2024-04-06 19:10:51,700 - INFO - epoch complete!
2024-04-06 19:10:51,701 - INFO - evaluating now!
2024-04-06 19:11:16,625 - INFO - Epoch [103/300] (203216) train_loss: 1.6899, val_loss: 2.0535, lr: 0.000758, 318.36s
2024-04-06 19:16:05,891 - INFO - epoch complete!
2024-04-06 19:16:05,892 - INFO - evaluating now!
2024-04-06 19:16:30,456 - INFO - Epoch [104/300] (205170) train_loss: 1.6858, val_loss: 2.0452, lr: 0.000754, 313.83s
