2024-03-27 00:32:50,507 - INFO - Log directory: ./libcity/log
2024-03-27 00:32:50,508 - INFO - Begin pipeline, task=traffic_state_pred, model_name=PDFormer, dataset_name=PeMS03, exp_id=23382
2024-03-27 00:32:50,508 - INFO - {'task': 'traffic_state_pred', 'model': 'PDFormer', 'dataset': 'PeMS03', 'saved_model': True, 'train': True, 'local_rank': 0, 'initial_ckpt': None, 'dataset_class': 'PDFormerDataset', 'input_window': 12, 'output_window': 12, 'train_rate': 0.6, 'eval_rate': 0.2, 'batch_size': 16, 'add_time_in_day': True, 'add_day_in_week': True, 'step_size': 1964, 'max_epoch': 300, 'bidir': True, 'far_mask_delta': 7, 'geo_num_heads': 4, 'sem_num_heads': 2, 't_num_heads': 2, 'cluster_method': 'kshape', 'cand_key_days': 14, 'seed': 1, 'type_ln': 'pre', 'set_loss': 'huber', 'huber_delta': 2, 'mode': 'average', 'executor': 'PDFormerExecutor', 'evaluator': 'TrafficStateEvaluator', 'embed_dim': 64, 'skip_dim': 256, 'mlp_ratio': 4, 'qkv_bias': True, 'drop': 0, 'attn_drop': 0, 'drop_path': 0.3, 's_attn_size': 3, 't_attn_size': 1, 'enc_depth': 5, 'type_short_path': 'hop', 'scaler': 'standard', 'load_external': True, 'normal_external': False, 'ext_scaler': 'none', 'learner': 'adamw', 'learning_rate': 0.001, 'weight_decay': 0.05, 'lr_decay': True, 'lr_scheduler': 'cosinelr', 'lr_eta_min': 0.0001, 'lr_decay_ratio': 0.1, 'lr_warmup_epoch': 5, 'lr_warmup_init': 1e-06, 'clip_grad_norm': True, 'max_grad_norm': 5, 'use_early_stop': True, 'patience': 50, 'task_level': 0, 'use_curriculum_learning': True, 'random_flip': True, 'quan_delta': 0.25, 'dtw_delta': 5, 'cache_dataset': True, 'num_workers': 0, 'pad_with_last_sample': True, 'lape_dim': 8, 'gpu': True, 'gpu_id': 0, 'train_loss': 'none', 'epoch': 0, 'lr_epsilon': 1e-08, 'lr_beta1': 0.9, 'lr_beta2': 0.999, 'lr_alpha': 0.99, 'lr_momentum': 0, 'steps': [5, 20, 40, 70], 'lr_T_max': 30, 'lr_patience': 10, 'lr_threshold': 0.0001, 'log_level': 'INFO', 'log_every': 1, 'load_best_epoch': True, 'hyper_tune': False, 'grad_accmu_steps': 1, 'metrics': ['MAE', 'MAPE', 'RMSE', 'masked_MAE', 'masked_MAPE', 'masked_RMSE'], 'save_modes': ['csv'], 'geo': {'including_types': ['Point'], 'Point': {}}, 'rel': {'including_types': ['geo'], 'geo': {'cost': 'num'}}, 'dyna': {'including_types': ['state'], 'state': {'entity_id': 'geo_id', 'traffic_flow': 'num', 'traffic_occupancy': 'num', 'traffic_speed': 'num'}}, 'data_col': ['traffic_flow'], 'weight_col': 'cost', 'data_files': ['PeMS03'], 'geo_file': 'PeMS03', 'rel_file': 'PeMS03', 'output_dim': 1, 'time_intervals': 300, 'init_weight_inf_or_zero': 'zero', 'set_weight_link_or_dist': 'link', 'calculate_weight_adj': False, 'weight_adj_epsilon': 0.1, 'distributed': False, 'device': device(type='cuda', index=0), 'exp_id': 23382}
2024-03-27 00:32:50,938 - INFO - Loaded file PeMS03.geo, num_nodes=358
2024-03-27 00:32:50,941 - INFO - set_weight_link_or_dist: link
2024-03-27 00:32:50,941 - INFO - init_weight_inf_or_zero: zero
2024-03-27 00:32:50,944 - INFO - Loaded file PeMS03.rel, shape=(358, 358)
2024-03-27 00:32:50,945 - INFO - Max adj_mx value = 1.0
2024-03-27 00:34:35,811 - INFO - Loading file PeMS03.dyna
2024-03-27 00:34:40,195 - INFO - Loaded file PeMS03.dyna, shape=(26208, 358, 1)
2024-03-27 00:34:40,268 - INFO - Load DTW matrix from ./libcity/cache/dataset_cache/dtw_PeMS03.npy
2024-03-27 00:34:40,269 - INFO - Loading ./libcity/cache/dataset_cache/pdformer_point_based_PeMS03_12_12_0.6_1_0.2_standard_16_True_True_True_True_traffic_flow.npz
2024-03-27 00:35:00,477 - INFO - train	x: (15711, 12, 358, 9), y: (15711, 12, 358, 9), ind: (15711,)
2024-03-27 00:35:00,477 - INFO - eval	x: (5237, 12, 358, 9), y: (5237, 12, 358, 9), ind: (5237,)
2024-03-27 00:35:00,477 - INFO - test	x: (5237, 12, 358, 9), y: (5237, 12, 358, 9), ind: (5237,)
2024-03-27 00:35:01,741 - INFO - StandardScaler mean: 181.37526799238148, std: 144.4083626200602
2024-03-27 00:35:01,741 - INFO - NoneScaler
2024-03-27 00:35:05,376 - INFO - Loaded file ./libcity/cache/dataset_cache/pattern_keys_kshape_PeMS03_14_3_16_5.npy
2024-03-27 00:35:05,383 - INFO - Use use_curriculum_learning!
2024-03-27 00:35:08,929 - INFO - Number of isolated points: 0
2024-03-27 00:35:08,960 - INFO - Number of isolated points: 0
2024-03-27 00:35:09,027 - INFO - PDFormer(
  (pattern_embeddings): ModuleList(
    (0): TokenEmbedding(
      (token_embed): Linear(in_features=3, out_features=64, bias=True)
      (norm): Identity()
    )
  )
  (enc_embed_layer): DataEmbedding(
    (value_embedding): TokenEmbedding(
      (token_embed): Linear(in_features=1, out_features=64, bias=True)
      (norm): Identity()
    )
    (position_encoding): PositionalEncoding()
    (daytime_embedding): Embedding(1440, 64)
    (weekday_embedding): Embedding(7, 64)
    (spatial_embedding): LaplacianPE(
      (embedding_lap_pos_enc): Linear(in_features=8, out_features=64, bias=True)
    )
    (tempp_embedding): Linear(in_features=8, out_features=64, bias=True)
    (dropout): Dropout(p=0, inplace=False)
  )
  (encoder_blocks): ModuleList(
    (0): STEncoderBlock(
      (norm1): LayerNorm((64,), eps=1e-06, elementwise_affine=True)
      (st_attn): STSelfAttention(
        (pattern_q_linears): ModuleList(
          (0): Linear(in_features=64, out_features=32, bias=True)
        )
        (pattern_k_linears): ModuleList(
          (0): Linear(in_features=64, out_features=32, bias=True)
        )
        (pattern_v_linears): ModuleList(
          (0): Linear(in_features=64, out_features=32, bias=True)
        )
        (geo_q_conv): Conv2d(64, 32, kernel_size=(1, 1), stride=(1, 1))
        (geo_k_conv): Conv2d(64, 32, kernel_size=(1, 1), stride=(1, 1))
        (geo_v_conv): Conv2d(64, 32, kernel_size=(1, 1), stride=(1, 1))
        (geo_attn_drop): Dropout(p=0, inplace=False)
        (sem_q_conv): Conv2d(64, 16, kernel_size=(1, 1), stride=(1, 1))
        (sem_k_conv): Conv2d(64, 16, kernel_size=(1, 1), stride=(1, 1))
        (sem_v_conv): Conv2d(64, 16, kernel_size=(1, 1), stride=(1, 1))
        (sem_attn_drop): Dropout(p=0, inplace=False)
        (t_q_conv): Conv2d(64, 16, kernel_size=(1, 1), stride=(1, 1))
        (t_k_conv): Conv2d(64, 16, kernel_size=(1, 1), stride=(1, 1))
        (t_v_conv): Conv2d(64, 16, kernel_size=(1, 1), stride=(1, 1))
        (t_attn_drop): Dropout(p=0, inplace=False)
        (proj): Linear(in_features=48, out_features=64, bias=True)
        (proj_drop): Dropout(p=0, inplace=False)
        (gconv): ModuleList(
          (0): gcn(
            (nconv): nconv()
            (mlp): linear(
              (mlp): Conv2d(96, 32, kernel_size=(1, 1), stride=(1, 1))
            )
          )
          (1): gcn(
            (nconv): nconv()
            (mlp): linear(
              (mlp): Conv2d(96, 32, kernel_size=(1, 1), stride=(1, 1))
            )
          )
        )
        (reshape1): Linear(in_features=64, out_features=32, bias=True)
        (reshape2): Linear(in_features=32, out_features=64, bias=True)
      )
      (drop_path): Identity()
      (norm2): LayerNorm((64,), eps=1e-06, elementwise_affine=True)
      (mlp): Mlp(
        (fc1): Linear(in_features=64, out_features=256, bias=True)
        (act): GELU()
        (fc2): Linear(in_features=256, out_features=64, bias=True)
        (drop): Dropout(p=0, inplace=False)
      )
    )
    (1): STEncoderBlock(
      (norm1): LayerNorm((64,), eps=1e-06, elementwise_affine=True)
      (st_attn): STSelfAttention(
        (pattern_q_linears): ModuleList(
          (0): Linear(in_features=64, out_features=32, bias=True)
        )
        (pattern_k_linears): ModuleList(
          (0): Linear(in_features=64, out_features=32, bias=True)
        )
        (pattern_v_linears): ModuleList(
          (0): Linear(in_features=64, out_features=32, bias=True)
        )
        (geo_q_conv): Conv2d(64, 32, kernel_size=(1, 1), stride=(1, 1))
        (geo_k_conv): Conv2d(64, 32, kernel_size=(1, 1), stride=(1, 1))
        (geo_v_conv): Conv2d(64, 32, kernel_size=(1, 1), stride=(1, 1))
        (geo_attn_drop): Dropout(p=0, inplace=False)
        (sem_q_conv): Conv2d(64, 16, kernel_size=(1, 1), stride=(1, 1))
        (sem_k_conv): Conv2d(64, 16, kernel_size=(1, 1), stride=(1, 1))
        (sem_v_conv): Conv2d(64, 16, kernel_size=(1, 1), stride=(1, 1))
        (sem_attn_drop): Dropout(p=0, inplace=False)
        (t_q_conv): Conv2d(64, 16, kernel_size=(1, 1), stride=(1, 1))
        (t_k_conv): Conv2d(64, 16, kernel_size=(1, 1), stride=(1, 1))
        (t_v_conv): Conv2d(64, 16, kernel_size=(1, 1), stride=(1, 1))
        (t_attn_drop): Dropout(p=0, inplace=False)
        (proj): Linear(in_features=48, out_features=64, bias=True)
        (proj_drop): Dropout(p=0, inplace=False)
        (gconv): ModuleList(
          (0): gcn(
            (nconv): nconv()
            (mlp): linear(
              (mlp): Conv2d(96, 32, kernel_size=(1, 1), stride=(1, 1))
            )
          )
          (1): gcn(
            (nconv): nconv()
            (mlp): linear(
              (mlp): Conv2d(96, 32, kernel_size=(1, 1), stride=(1, 1))
            )
          )
        )
        (reshape1): Linear(in_features=64, out_features=32, bias=True)
        (reshape2): Linear(in_features=32, out_features=64, bias=True)
      )
      (drop_path): DropPath()
      (norm2): LayerNorm((64,), eps=1e-06, elementwise_affine=True)
      (mlp): Mlp(
        (fc1): Linear(in_features=64, out_features=256, bias=True)
        (act): GELU()
        (fc2): Linear(in_features=256, out_features=64, bias=True)
        (drop): Dropout(p=0, inplace=False)
      )
    )
    (2): STEncoderBlock(
      (norm1): LayerNorm((64,), eps=1e-06, elementwise_affine=True)
      (st_attn): STSelfAttention(
        (pattern_q_linears): ModuleList(
          (0): Linear(in_features=64, out_features=32, bias=True)
        )
        (pattern_k_linears): ModuleList(
          (0): Linear(in_features=64, out_features=32, bias=True)
        )
        (pattern_v_linears): ModuleList(
          (0): Linear(in_features=64, out_features=32, bias=True)
        )
        (geo_q_conv): Conv2d(64, 32, kernel_size=(1, 1), stride=(1, 1))
        (geo_k_conv): Conv2d(64, 32, kernel_size=(1, 1), stride=(1, 1))
        (geo_v_conv): Conv2d(64, 32, kernel_size=(1, 1), stride=(1, 1))
        (geo_attn_drop): Dropout(p=0, inplace=False)
        (sem_q_conv): Conv2d(64, 16, kernel_size=(1, 1), stride=(1, 1))
        (sem_k_conv): Conv2d(64, 16, kernel_size=(1, 1), stride=(1, 1))
        (sem_v_conv): Conv2d(64, 16, kernel_size=(1, 1), stride=(1, 1))
        (sem_attn_drop): Dropout(p=0, inplace=False)
        (t_q_conv): Conv2d(64, 16, kernel_size=(1, 1), stride=(1, 1))
        (t_k_conv): Conv2d(64, 16, kernel_size=(1, 1), stride=(1, 1))
        (t_v_conv): Conv2d(64, 16, kernel_size=(1, 1), stride=(1, 1))
        (t_attn_drop): Dropout(p=0, inplace=False)
        (proj): Linear(in_features=48, out_features=64, bias=True)
        (proj_drop): Dropout(p=0, inplace=False)
        (gconv): ModuleList(
          (0): gcn(
            (nconv): nconv()
            (mlp): linear(
              (mlp): Conv2d(96, 32, kernel_size=(1, 1), stride=(1, 1))
            )
          )
          (1): gcn(
            (nconv): nconv()
            (mlp): linear(
              (mlp): Conv2d(96, 32, kernel_size=(1, 1), stride=(1, 1))
            )
          )
        )
        (reshape1): Linear(in_features=64, out_features=32, bias=True)
        (reshape2): Linear(in_features=32, out_features=64, bias=True)
      )
      (drop_path): DropPath()
      (norm2): LayerNorm((64,), eps=1e-06, elementwise_affine=True)
      (mlp): Mlp(
        (fc1): Linear(in_features=64, out_features=256, bias=True)
        (act): GELU()
        (fc2): Linear(in_features=256, out_features=64, bias=True)
        (drop): Dropout(p=0, inplace=False)
      )
    )
    (3): STEncoderBlock(
      (norm1): LayerNorm((64,), eps=1e-06, elementwise_affine=True)
      (st_attn): STSelfAttention(
        (pattern_q_linears): ModuleList(
          (0): Linear(in_features=64, out_features=32, bias=True)
        )
        (pattern_k_linears): ModuleList(
          (0): Linear(in_features=64, out_features=32, bias=True)
        )
        (pattern_v_linears): ModuleList(
          (0): Linear(in_features=64, out_features=32, bias=True)
        )
        (geo_q_conv): Conv2d(64, 32, kernel_size=(1, 1), stride=(1, 1))
        (geo_k_conv): Conv2d(64, 32, kernel_size=(1, 1), stride=(1, 1))
        (geo_v_conv): Conv2d(64, 32, kernel_size=(1, 1), stride=(1, 1))
        (geo_attn_drop): Dropout(p=0, inplace=False)
        (sem_q_conv): Conv2d(64, 16, kernel_size=(1, 1), stride=(1, 1))
        (sem_k_conv): Conv2d(64, 16, kernel_size=(1, 1), stride=(1, 1))
        (sem_v_conv): Conv2d(64, 16, kernel_size=(1, 1), stride=(1, 1))
        (sem_attn_drop): Dropout(p=0, inplace=False)
        (t_q_conv): Conv2d(64, 16, kernel_size=(1, 1), stride=(1, 1))
        (t_k_conv): Conv2d(64, 16, kernel_size=(1, 1), stride=(1, 1))
        (t_v_conv): Conv2d(64, 16, kernel_size=(1, 1), stride=(1, 1))
        (t_attn_drop): Dropout(p=0, inplace=False)
        (proj): Linear(in_features=48, out_features=64, bias=True)
        (proj_drop): Dropout(p=0, inplace=False)
        (gconv): ModuleList(
          (0): gcn(
            (nconv): nconv()
            (mlp): linear(
              (mlp): Conv2d(96, 32, kernel_size=(1, 1), stride=(1, 1))
            )
          )
          (1): gcn(
            (nconv): nconv()
            (mlp): linear(
              (mlp): Conv2d(96, 32, kernel_size=(1, 1), stride=(1, 1))
            )
          )
        )
        (reshape1): Linear(in_features=64, out_features=32, bias=True)
        (reshape2): Linear(in_features=32, out_features=64, bias=True)
      )
      (drop_path): DropPath()
      (norm2): LayerNorm((64,), eps=1e-06, elementwise_affine=True)
      (mlp): Mlp(
        (fc1): Linear(in_features=64, out_features=256, bias=True)
        (act): GELU()
        (fc2): Linear(in_features=256, out_features=64, bias=True)
        (drop): Dropout(p=0, inplace=False)
      )
    )
    (4): STEncoderBlock(
      (norm1): LayerNorm((64,), eps=1e-06, elementwise_affine=True)
      (st_attn): STSelfAttention(
        (pattern_q_linears): ModuleList(
          (0): Linear(in_features=64, out_features=32, bias=True)
        )
        (pattern_k_linears): ModuleList(
          (0): Linear(in_features=64, out_features=32, bias=True)
        )
        (pattern_v_linears): ModuleList(
          (0): Linear(in_features=64, out_features=32, bias=True)
        )
        (geo_q_conv): Conv2d(64, 32, kernel_size=(1, 1), stride=(1, 1))
        (geo_k_conv): Conv2d(64, 32, kernel_size=(1, 1), stride=(1, 1))
        (geo_v_conv): Conv2d(64, 32, kernel_size=(1, 1), stride=(1, 1))
        (geo_attn_drop): Dropout(p=0, inplace=False)
        (sem_q_conv): Conv2d(64, 16, kernel_size=(1, 1), stride=(1, 1))
        (sem_k_conv): Conv2d(64, 16, kernel_size=(1, 1), stride=(1, 1))
        (sem_v_conv): Conv2d(64, 16, kernel_size=(1, 1), stride=(1, 1))
        (sem_attn_drop): Dropout(p=0, inplace=False)
        (t_q_conv): Conv2d(64, 16, kernel_size=(1, 1), stride=(1, 1))
        (t_k_conv): Conv2d(64, 16, kernel_size=(1, 1), stride=(1, 1))
        (t_v_conv): Conv2d(64, 16, kernel_size=(1, 1), stride=(1, 1))
        (t_attn_drop): Dropout(p=0, inplace=False)
        (proj): Linear(in_features=48, out_features=64, bias=True)
        (proj_drop): Dropout(p=0, inplace=False)
        (gconv): ModuleList(
          (0): gcn(
            (nconv): nconv()
            (mlp): linear(
              (mlp): Conv2d(96, 32, kernel_size=(1, 1), stride=(1, 1))
            )
          )
          (1): gcn(
            (nconv): nconv()
            (mlp): linear(
              (mlp): Conv2d(96, 32, kernel_size=(1, 1), stride=(1, 1))
            )
          )
        )
        (reshape1): Linear(in_features=64, out_features=32, bias=True)
        (reshape2): Linear(in_features=32, out_features=64, bias=True)
      )
      (drop_path): DropPath()
      (norm2): LayerNorm((64,), eps=1e-06, elementwise_affine=True)
      (mlp): Mlp(
        (fc1): Linear(in_features=64, out_features=256, bias=True)
        (act): GELU()
        (fc2): Linear(in_features=256, out_features=64, bias=True)
        (drop): Dropout(p=0, inplace=False)
      )
    )
  )
  (skip_convs): ModuleList(
    (0): Conv2d(64, 256, kernel_size=(1, 1), stride=(1, 1))
    (1): Conv2d(64, 256, kernel_size=(1, 1), stride=(1, 1))
    (2): Conv2d(64, 256, kernel_size=(1, 1), stride=(1, 1))
    (3): Conv2d(64, 256, kernel_size=(1, 1), stride=(1, 1))
    (4): Conv2d(64, 256, kernel_size=(1, 1), stride=(1, 1))
  )
  (end_conv1): Conv2d(12, 12, kernel_size=(1, 1), stride=(1, 1))
  (end_conv2): Conv2d(256, 1, kernel_size=(1, 1), stride=(1, 1))
)
2024-03-27 00:35:09,030 - INFO - pattern_embeddings.0.token_embed.weight	torch.Size([64, 3])	cuda:0	True
2024-03-27 00:35:09,030 - INFO - pattern_embeddings.0.token_embed.bias	torch.Size([64])	cuda:0	True
2024-03-27 00:35:09,030 - INFO - enc_embed_layer.value_embedding.token_embed.weight	torch.Size([64, 1])	cuda:0	True
2024-03-27 00:35:09,030 - INFO - enc_embed_layer.value_embedding.token_embed.bias	torch.Size([64])	cuda:0	True
2024-03-27 00:35:09,030 - INFO - enc_embed_layer.daytime_embedding.weight	torch.Size([1440, 64])	cuda:0	True
2024-03-27 00:35:09,030 - INFO - enc_embed_layer.weekday_embedding.weight	torch.Size([7, 64])	cuda:0	True
2024-03-27 00:35:09,030 - INFO - enc_embed_layer.spatial_embedding.embedding_lap_pos_enc.weight	torch.Size([64, 8])	cuda:0	True
2024-03-27 00:35:09,030 - INFO - enc_embed_layer.spatial_embedding.embedding_lap_pos_enc.bias	torch.Size([64])	cuda:0	True
2024-03-27 00:35:09,030 - INFO - enc_embed_layer.tempp_embedding.weight	torch.Size([64, 8])	cuda:0	True
2024-03-27 00:35:09,030 - INFO - enc_embed_layer.tempp_embedding.bias	torch.Size([64])	cuda:0	True
2024-03-27 00:35:09,030 - INFO - encoder_blocks.0.norm1.weight	torch.Size([64])	cuda:0	True
2024-03-27 00:35:09,030 - INFO - encoder_blocks.0.norm1.bias	torch.Size([64])	cuda:0	True
2024-03-27 00:35:09,030 - INFO - encoder_blocks.0.st_attn.nodevec_p1	torch.Size([288, 40])	cuda:0	True
2024-03-27 00:35:09,030 - INFO - encoder_blocks.0.st_attn.nodevec_p2	torch.Size([358, 40])	cuda:0	True
2024-03-27 00:35:09,030 - INFO - encoder_blocks.0.st_attn.nodevec_p3	torch.Size([358, 40])	cuda:0	True
2024-03-27 00:35:09,030 - INFO - encoder_blocks.0.st_attn.nodevec_pk	torch.Size([40, 40, 40])	cuda:0	True
2024-03-27 00:35:09,030 - INFO - encoder_blocks.0.st_attn.pattern_q_linears.0.weight	torch.Size([32, 64])	cuda:0	True
2024-03-27 00:35:09,030 - INFO - encoder_blocks.0.st_attn.pattern_q_linears.0.bias	torch.Size([32])	cuda:0	True
2024-03-27 00:35:09,030 - INFO - encoder_blocks.0.st_attn.pattern_k_linears.0.weight	torch.Size([32, 64])	cuda:0	True
2024-03-27 00:35:09,031 - INFO - encoder_blocks.0.st_attn.pattern_k_linears.0.bias	torch.Size([32])	cuda:0	True
2024-03-27 00:35:09,031 - INFO - encoder_blocks.0.st_attn.pattern_v_linears.0.weight	torch.Size([32, 64])	cuda:0	True
2024-03-27 00:35:09,031 - INFO - encoder_blocks.0.st_attn.pattern_v_linears.0.bias	torch.Size([32])	cuda:0	True
2024-03-27 00:35:09,031 - INFO - encoder_blocks.0.st_attn.geo_q_conv.weight	torch.Size([32, 64, 1, 1])	cuda:0	True
2024-03-27 00:35:09,031 - INFO - encoder_blocks.0.st_attn.geo_q_conv.bias	torch.Size([32])	cuda:0	True
2024-03-27 00:35:09,031 - INFO - encoder_blocks.0.st_attn.geo_k_conv.weight	torch.Size([32, 64, 1, 1])	cuda:0	True
2024-03-27 00:35:09,031 - INFO - encoder_blocks.0.st_attn.geo_k_conv.bias	torch.Size([32])	cuda:0	True
2024-03-27 00:35:09,031 - INFO - encoder_blocks.0.st_attn.geo_v_conv.weight	torch.Size([32, 64, 1, 1])	cuda:0	True
2024-03-27 00:35:09,031 - INFO - encoder_blocks.0.st_attn.geo_v_conv.bias	torch.Size([32])	cuda:0	True
2024-03-27 00:35:09,031 - INFO - encoder_blocks.0.st_attn.sem_q_conv.weight	torch.Size([16, 64, 1, 1])	cuda:0	True
2024-03-27 00:35:09,031 - INFO - encoder_blocks.0.st_attn.sem_q_conv.bias	torch.Size([16])	cuda:0	True
2024-03-27 00:35:09,031 - INFO - encoder_blocks.0.st_attn.sem_k_conv.weight	torch.Size([16, 64, 1, 1])	cuda:0	True
2024-03-27 00:35:09,031 - INFO - encoder_blocks.0.st_attn.sem_k_conv.bias	torch.Size([16])	cuda:0	True
2024-03-27 00:35:09,031 - INFO - encoder_blocks.0.st_attn.sem_v_conv.weight	torch.Size([16, 64, 1, 1])	cuda:0	True
2024-03-27 00:35:09,031 - INFO - encoder_blocks.0.st_attn.sem_v_conv.bias	torch.Size([16])	cuda:0	True
2024-03-27 00:35:09,031 - INFO - encoder_blocks.0.st_attn.t_q_conv.weight	torch.Size([16, 64, 1, 1])	cuda:0	True
2024-03-27 00:35:09,031 - INFO - encoder_blocks.0.st_attn.t_q_conv.bias	torch.Size([16])	cuda:0	True
2024-03-27 00:35:09,031 - INFO - encoder_blocks.0.st_attn.t_k_conv.weight	torch.Size([16, 64, 1, 1])	cuda:0	True
2024-03-27 00:35:09,031 - INFO - encoder_blocks.0.st_attn.t_k_conv.bias	torch.Size([16])	cuda:0	True
2024-03-27 00:35:09,031 - INFO - encoder_blocks.0.st_attn.t_v_conv.weight	torch.Size([16, 64, 1, 1])	cuda:0	True
2024-03-27 00:35:09,031 - INFO - encoder_blocks.0.st_attn.t_v_conv.bias	torch.Size([16])	cuda:0	True
2024-03-27 00:35:09,031 - INFO - encoder_blocks.0.st_attn.proj.weight	torch.Size([64, 48])	cuda:0	True
2024-03-27 00:35:09,031 - INFO - encoder_blocks.0.st_attn.proj.bias	torch.Size([64])	cuda:0	True
2024-03-27 00:35:09,031 - INFO - encoder_blocks.0.st_attn.gconv.0.mlp.mlp.weight	torch.Size([32, 96, 1, 1])	cuda:0	True
2024-03-27 00:35:09,031 - INFO - encoder_blocks.0.st_attn.gconv.0.mlp.mlp.bias	torch.Size([32])	cuda:0	True
2024-03-27 00:35:09,031 - INFO - encoder_blocks.0.st_attn.gconv.1.mlp.mlp.weight	torch.Size([32, 96, 1, 1])	cuda:0	True
2024-03-27 00:35:09,031 - INFO - encoder_blocks.0.st_attn.gconv.1.mlp.mlp.bias	torch.Size([32])	cuda:0	True
2024-03-27 00:35:09,032 - INFO - encoder_blocks.0.st_attn.reshape1.weight	torch.Size([32, 64])	cuda:0	True
2024-03-27 00:35:09,032 - INFO - encoder_blocks.0.st_attn.reshape1.bias	torch.Size([32])	cuda:0	True
2024-03-27 00:35:09,032 - INFO - encoder_blocks.0.st_attn.reshape2.weight	torch.Size([64, 32])	cuda:0	True
2024-03-27 00:35:09,032 - INFO - encoder_blocks.0.st_attn.reshape2.bias	torch.Size([64])	cuda:0	True
2024-03-27 00:35:09,032 - INFO - encoder_blocks.0.norm2.weight	torch.Size([64])	cuda:0	True
2024-03-27 00:35:09,032 - INFO - encoder_blocks.0.norm2.bias	torch.Size([64])	cuda:0	True
2024-03-27 00:35:09,032 - INFO - encoder_blocks.0.mlp.fc1.weight	torch.Size([256, 64])	cuda:0	True
2024-03-27 00:35:09,032 - INFO - encoder_blocks.0.mlp.fc1.bias	torch.Size([256])	cuda:0	True
2024-03-27 00:35:09,032 - INFO - encoder_blocks.0.mlp.fc2.weight	torch.Size([64, 256])	cuda:0	True
2024-03-27 00:35:09,032 - INFO - encoder_blocks.0.mlp.fc2.bias	torch.Size([64])	cuda:0	True
2024-03-27 00:35:09,032 - INFO - encoder_blocks.1.norm1.weight	torch.Size([64])	cuda:0	True
2024-03-27 00:35:09,032 - INFO - encoder_blocks.1.norm1.bias	torch.Size([64])	cuda:0	True
2024-03-27 00:35:09,032 - INFO - encoder_blocks.1.st_attn.nodevec_p1	torch.Size([288, 40])	cuda:0	True
2024-03-27 00:35:09,032 - INFO - encoder_blocks.1.st_attn.nodevec_p2	torch.Size([358, 40])	cuda:0	True
2024-03-27 00:35:09,032 - INFO - encoder_blocks.1.st_attn.nodevec_p3	torch.Size([358, 40])	cuda:0	True
2024-03-27 00:35:09,032 - INFO - encoder_blocks.1.st_attn.nodevec_pk	torch.Size([40, 40, 40])	cuda:0	True
2024-03-27 00:35:09,032 - INFO - encoder_blocks.1.st_attn.pattern_q_linears.0.weight	torch.Size([32, 64])	cuda:0	True
2024-03-27 00:35:09,032 - INFO - encoder_blocks.1.st_attn.pattern_q_linears.0.bias	torch.Size([32])	cuda:0	True
2024-03-27 00:35:09,032 - INFO - encoder_blocks.1.st_attn.pattern_k_linears.0.weight	torch.Size([32, 64])	cuda:0	True
2024-03-27 00:35:09,032 - INFO - encoder_blocks.1.st_attn.pattern_k_linears.0.bias	torch.Size([32])	cuda:0	True
2024-03-27 00:35:09,032 - INFO - encoder_blocks.1.st_attn.pattern_v_linears.0.weight	torch.Size([32, 64])	cuda:0	True
2024-03-27 00:35:09,032 - INFO - encoder_blocks.1.st_attn.pattern_v_linears.0.bias	torch.Size([32])	cuda:0	True
2024-03-27 00:35:09,032 - INFO - encoder_blocks.1.st_attn.geo_q_conv.weight	torch.Size([32, 64, 1, 1])	cuda:0	True
2024-03-27 00:35:09,032 - INFO - encoder_blocks.1.st_attn.geo_q_conv.bias	torch.Size([32])	cuda:0	True
2024-03-27 00:35:09,032 - INFO - encoder_blocks.1.st_attn.geo_k_conv.weight	torch.Size([32, 64, 1, 1])	cuda:0	True
2024-03-27 00:35:09,032 - INFO - encoder_blocks.1.st_attn.geo_k_conv.bias	torch.Size([32])	cuda:0	True
2024-03-27 00:35:09,033 - INFO - encoder_blocks.1.st_attn.geo_v_conv.weight	torch.Size([32, 64, 1, 1])	cuda:0	True
2024-03-27 00:35:09,033 - INFO - encoder_blocks.1.st_attn.geo_v_conv.bias	torch.Size([32])	cuda:0	True
2024-03-27 00:35:09,033 - INFO - encoder_blocks.1.st_attn.sem_q_conv.weight	torch.Size([16, 64, 1, 1])	cuda:0	True
2024-03-27 00:35:09,033 - INFO - encoder_blocks.1.st_attn.sem_q_conv.bias	torch.Size([16])	cuda:0	True
2024-03-27 00:35:09,033 - INFO - encoder_blocks.1.st_attn.sem_k_conv.weight	torch.Size([16, 64, 1, 1])	cuda:0	True
2024-03-27 00:35:09,033 - INFO - encoder_blocks.1.st_attn.sem_k_conv.bias	torch.Size([16])	cuda:0	True
2024-03-27 00:35:09,033 - INFO - encoder_blocks.1.st_attn.sem_v_conv.weight	torch.Size([16, 64, 1, 1])	cuda:0	True
2024-03-27 00:35:09,033 - INFO - encoder_blocks.1.st_attn.sem_v_conv.bias	torch.Size([16])	cuda:0	True
2024-03-27 00:35:09,033 - INFO - encoder_blocks.1.st_attn.t_q_conv.weight	torch.Size([16, 64, 1, 1])	cuda:0	True
2024-03-27 00:35:09,033 - INFO - encoder_blocks.1.st_attn.t_q_conv.bias	torch.Size([16])	cuda:0	True
2024-03-27 00:35:09,033 - INFO - encoder_blocks.1.st_attn.t_k_conv.weight	torch.Size([16, 64, 1, 1])	cuda:0	True
2024-03-27 00:35:09,033 - INFO - encoder_blocks.1.st_attn.t_k_conv.bias	torch.Size([16])	cuda:0	True
2024-03-27 00:35:09,033 - INFO - encoder_blocks.1.st_attn.t_v_conv.weight	torch.Size([16, 64, 1, 1])	cuda:0	True
2024-03-27 00:35:09,033 - INFO - encoder_blocks.1.st_attn.t_v_conv.bias	torch.Size([16])	cuda:0	True
2024-03-27 00:35:09,033 - INFO - encoder_blocks.1.st_attn.proj.weight	torch.Size([64, 48])	cuda:0	True
2024-03-27 00:35:09,033 - INFO - encoder_blocks.1.st_attn.proj.bias	torch.Size([64])	cuda:0	True
2024-03-27 00:35:09,033 - INFO - encoder_blocks.1.st_attn.gconv.0.mlp.mlp.weight	torch.Size([32, 96, 1, 1])	cuda:0	True
2024-03-27 00:35:09,033 - INFO - encoder_blocks.1.st_attn.gconv.0.mlp.mlp.bias	torch.Size([32])	cuda:0	True
2024-03-27 00:35:09,033 - INFO - encoder_blocks.1.st_attn.gconv.1.mlp.mlp.weight	torch.Size([32, 96, 1, 1])	cuda:0	True
2024-03-27 00:35:09,033 - INFO - encoder_blocks.1.st_attn.gconv.1.mlp.mlp.bias	torch.Size([32])	cuda:0	True
2024-03-27 00:35:09,033 - INFO - encoder_blocks.1.st_attn.reshape1.weight	torch.Size([32, 64])	cuda:0	True
2024-03-27 00:35:09,033 - INFO - encoder_blocks.1.st_attn.reshape1.bias	torch.Size([32])	cuda:0	True
2024-03-27 00:35:09,033 - INFO - encoder_blocks.1.st_attn.reshape2.weight	torch.Size([64, 32])	cuda:0	True
2024-03-27 00:35:09,033 - INFO - encoder_blocks.1.st_attn.reshape2.bias	torch.Size([64])	cuda:0	True
2024-03-27 00:35:09,033 - INFO - encoder_blocks.1.norm2.weight	torch.Size([64])	cuda:0	True
2024-03-27 00:35:09,033 - INFO - encoder_blocks.1.norm2.bias	torch.Size([64])	cuda:0	True
2024-03-27 00:35:09,034 - INFO - encoder_blocks.1.mlp.fc1.weight	torch.Size([256, 64])	cuda:0	True
2024-03-27 00:35:09,034 - INFO - encoder_blocks.1.mlp.fc1.bias	torch.Size([256])	cuda:0	True
2024-03-27 00:35:09,034 - INFO - encoder_blocks.1.mlp.fc2.weight	torch.Size([64, 256])	cuda:0	True
2024-03-27 00:35:09,034 - INFO - encoder_blocks.1.mlp.fc2.bias	torch.Size([64])	cuda:0	True
2024-03-27 00:35:09,034 - INFO - encoder_blocks.2.norm1.weight	torch.Size([64])	cuda:0	True
2024-03-27 00:35:09,034 - INFO - encoder_blocks.2.norm1.bias	torch.Size([64])	cuda:0	True
2024-03-27 00:35:09,034 - INFO - encoder_blocks.2.st_attn.nodevec_p1	torch.Size([288, 40])	cuda:0	True
2024-03-27 00:35:09,034 - INFO - encoder_blocks.2.st_attn.nodevec_p2	torch.Size([358, 40])	cuda:0	True
2024-03-27 00:35:09,034 - INFO - encoder_blocks.2.st_attn.nodevec_p3	torch.Size([358, 40])	cuda:0	True
2024-03-27 00:35:09,034 - INFO - encoder_blocks.2.st_attn.nodevec_pk	torch.Size([40, 40, 40])	cuda:0	True
2024-03-27 00:35:09,034 - INFO - encoder_blocks.2.st_attn.pattern_q_linears.0.weight	torch.Size([32, 64])	cuda:0	True
2024-03-27 00:35:09,034 - INFO - encoder_blocks.2.st_attn.pattern_q_linears.0.bias	torch.Size([32])	cuda:0	True
2024-03-27 00:35:09,034 - INFO - encoder_blocks.2.st_attn.pattern_k_linears.0.weight	torch.Size([32, 64])	cuda:0	True
2024-03-27 00:35:09,034 - INFO - encoder_blocks.2.st_attn.pattern_k_linears.0.bias	torch.Size([32])	cuda:0	True
2024-03-27 00:35:09,034 - INFO - encoder_blocks.2.st_attn.pattern_v_linears.0.weight	torch.Size([32, 64])	cuda:0	True
2024-03-27 00:35:09,034 - INFO - encoder_blocks.2.st_attn.pattern_v_linears.0.bias	torch.Size([32])	cuda:0	True
2024-03-27 00:35:09,034 - INFO - encoder_blocks.2.st_attn.geo_q_conv.weight	torch.Size([32, 64, 1, 1])	cuda:0	True
2024-03-27 00:35:09,034 - INFO - encoder_blocks.2.st_attn.geo_q_conv.bias	torch.Size([32])	cuda:0	True
2024-03-27 00:35:09,034 - INFO - encoder_blocks.2.st_attn.geo_k_conv.weight	torch.Size([32, 64, 1, 1])	cuda:0	True
2024-03-27 00:35:09,034 - INFO - encoder_blocks.2.st_attn.geo_k_conv.bias	torch.Size([32])	cuda:0	True
2024-03-27 00:35:09,034 - INFO - encoder_blocks.2.st_attn.geo_v_conv.weight	torch.Size([32, 64, 1, 1])	cuda:0	True
2024-03-27 00:35:09,034 - INFO - encoder_blocks.2.st_attn.geo_v_conv.bias	torch.Size([32])	cuda:0	True
2024-03-27 00:35:09,034 - INFO - encoder_blocks.2.st_attn.sem_q_conv.weight	torch.Size([16, 64, 1, 1])	cuda:0	True
2024-03-27 00:35:09,034 - INFO - encoder_blocks.2.st_attn.sem_q_conv.bias	torch.Size([16])	cuda:0	True
2024-03-27 00:35:09,034 - INFO - encoder_blocks.2.st_attn.sem_k_conv.weight	torch.Size([16, 64, 1, 1])	cuda:0	True
2024-03-27 00:35:09,035 - INFO - encoder_blocks.2.st_attn.sem_k_conv.bias	torch.Size([16])	cuda:0	True
2024-03-27 00:35:09,035 - INFO - encoder_blocks.2.st_attn.sem_v_conv.weight	torch.Size([16, 64, 1, 1])	cuda:0	True
2024-03-27 00:35:09,035 - INFO - encoder_blocks.2.st_attn.sem_v_conv.bias	torch.Size([16])	cuda:0	True
2024-03-27 00:35:09,035 - INFO - encoder_blocks.2.st_attn.t_q_conv.weight	torch.Size([16, 64, 1, 1])	cuda:0	True
2024-03-27 00:35:09,035 - INFO - encoder_blocks.2.st_attn.t_q_conv.bias	torch.Size([16])	cuda:0	True
2024-03-27 00:35:09,035 - INFO - encoder_blocks.2.st_attn.t_k_conv.weight	torch.Size([16, 64, 1, 1])	cuda:0	True
2024-03-27 00:35:09,035 - INFO - encoder_blocks.2.st_attn.t_k_conv.bias	torch.Size([16])	cuda:0	True
2024-03-27 00:35:09,035 - INFO - encoder_blocks.2.st_attn.t_v_conv.weight	torch.Size([16, 64, 1, 1])	cuda:0	True
2024-03-27 00:35:09,035 - INFO - encoder_blocks.2.st_attn.t_v_conv.bias	torch.Size([16])	cuda:0	True
2024-03-27 00:35:09,035 - INFO - encoder_blocks.2.st_attn.proj.weight	torch.Size([64, 48])	cuda:0	True
2024-03-27 00:35:09,035 - INFO - encoder_blocks.2.st_attn.proj.bias	torch.Size([64])	cuda:0	True
2024-03-27 00:35:09,035 - INFO - encoder_blocks.2.st_attn.gconv.0.mlp.mlp.weight	torch.Size([32, 96, 1, 1])	cuda:0	True
2024-03-27 00:35:09,035 - INFO - encoder_blocks.2.st_attn.gconv.0.mlp.mlp.bias	torch.Size([32])	cuda:0	True
2024-03-27 00:35:09,035 - INFO - encoder_blocks.2.st_attn.gconv.1.mlp.mlp.weight	torch.Size([32, 96, 1, 1])	cuda:0	True
2024-03-27 00:35:09,035 - INFO - encoder_blocks.2.st_attn.gconv.1.mlp.mlp.bias	torch.Size([32])	cuda:0	True
2024-03-27 00:35:09,035 - INFO - encoder_blocks.2.st_attn.reshape1.weight	torch.Size([32, 64])	cuda:0	True
2024-03-27 00:35:09,035 - INFO - encoder_blocks.2.st_attn.reshape1.bias	torch.Size([32])	cuda:0	True
2024-03-27 00:35:09,035 - INFO - encoder_blocks.2.st_attn.reshape2.weight	torch.Size([64, 32])	cuda:0	True
2024-03-27 00:35:09,035 - INFO - encoder_blocks.2.st_attn.reshape2.bias	torch.Size([64])	cuda:0	True
2024-03-27 00:35:09,035 - INFO - encoder_blocks.2.norm2.weight	torch.Size([64])	cuda:0	True
2024-03-27 00:35:09,035 - INFO - encoder_blocks.2.norm2.bias	torch.Size([64])	cuda:0	True
2024-03-27 00:35:09,035 - INFO - encoder_blocks.2.mlp.fc1.weight	torch.Size([256, 64])	cuda:0	True
2024-03-27 00:35:09,035 - INFO - encoder_blocks.2.mlp.fc1.bias	torch.Size([256])	cuda:0	True
2024-03-27 00:35:09,035 - INFO - encoder_blocks.2.mlp.fc2.weight	torch.Size([64, 256])	cuda:0	True
2024-03-27 00:35:09,035 - INFO - encoder_blocks.2.mlp.fc2.bias	torch.Size([64])	cuda:0	True
2024-03-27 00:35:09,035 - INFO - encoder_blocks.3.norm1.weight	torch.Size([64])	cuda:0	True
2024-03-27 00:35:09,036 - INFO - encoder_blocks.3.norm1.bias	torch.Size([64])	cuda:0	True
2024-03-27 00:35:09,036 - INFO - encoder_blocks.3.st_attn.nodevec_p1	torch.Size([288, 40])	cuda:0	True
2024-03-27 00:35:09,036 - INFO - encoder_blocks.3.st_attn.nodevec_p2	torch.Size([358, 40])	cuda:0	True
2024-03-27 00:35:09,036 - INFO - encoder_blocks.3.st_attn.nodevec_p3	torch.Size([358, 40])	cuda:0	True
2024-03-27 00:35:09,036 - INFO - encoder_blocks.3.st_attn.nodevec_pk	torch.Size([40, 40, 40])	cuda:0	True
2024-03-27 00:35:09,036 - INFO - encoder_blocks.3.st_attn.pattern_q_linears.0.weight	torch.Size([32, 64])	cuda:0	True
2024-03-27 00:35:09,036 - INFO - encoder_blocks.3.st_attn.pattern_q_linears.0.bias	torch.Size([32])	cuda:0	True
2024-03-27 00:35:09,036 - INFO - encoder_blocks.3.st_attn.pattern_k_linears.0.weight	torch.Size([32, 64])	cuda:0	True
2024-03-27 00:35:09,036 - INFO - encoder_blocks.3.st_attn.pattern_k_linears.0.bias	torch.Size([32])	cuda:0	True
2024-03-27 00:35:09,036 - INFO - encoder_blocks.3.st_attn.pattern_v_linears.0.weight	torch.Size([32, 64])	cuda:0	True
2024-03-27 00:35:09,036 - INFO - encoder_blocks.3.st_attn.pattern_v_linears.0.bias	torch.Size([32])	cuda:0	True
2024-03-27 00:35:09,036 - INFO - encoder_blocks.3.st_attn.geo_q_conv.weight	torch.Size([32, 64, 1, 1])	cuda:0	True
2024-03-27 00:35:09,036 - INFO - encoder_blocks.3.st_attn.geo_q_conv.bias	torch.Size([32])	cuda:0	True
2024-03-27 00:35:09,036 - INFO - encoder_blocks.3.st_attn.geo_k_conv.weight	torch.Size([32, 64, 1, 1])	cuda:0	True
2024-03-27 00:35:09,036 - INFO - encoder_blocks.3.st_attn.geo_k_conv.bias	torch.Size([32])	cuda:0	True
2024-03-27 00:35:09,036 - INFO - encoder_blocks.3.st_attn.geo_v_conv.weight	torch.Size([32, 64, 1, 1])	cuda:0	True
2024-03-27 00:35:09,036 - INFO - encoder_blocks.3.st_attn.geo_v_conv.bias	torch.Size([32])	cuda:0	True
2024-03-27 00:35:09,036 - INFO - encoder_blocks.3.st_attn.sem_q_conv.weight	torch.Size([16, 64, 1, 1])	cuda:0	True
2024-03-27 00:35:09,036 - INFO - encoder_blocks.3.st_attn.sem_q_conv.bias	torch.Size([16])	cuda:0	True
2024-03-27 00:35:09,036 - INFO - encoder_blocks.3.st_attn.sem_k_conv.weight	torch.Size([16, 64, 1, 1])	cuda:0	True
2024-03-27 00:35:09,036 - INFO - encoder_blocks.3.st_attn.sem_k_conv.bias	torch.Size([16])	cuda:0	True
2024-03-27 00:35:09,036 - INFO - encoder_blocks.3.st_attn.sem_v_conv.weight	torch.Size([16, 64, 1, 1])	cuda:0	True
2024-03-27 00:35:09,036 - INFO - encoder_blocks.3.st_attn.sem_v_conv.bias	torch.Size([16])	cuda:0	True
2024-03-27 00:35:09,036 - INFO - encoder_blocks.3.st_attn.t_q_conv.weight	torch.Size([16, 64, 1, 1])	cuda:0	True
2024-03-27 00:35:09,036 - INFO - encoder_blocks.3.st_attn.t_q_conv.bias	torch.Size([16])	cuda:0	True
2024-03-27 00:35:09,036 - INFO - encoder_blocks.3.st_attn.t_k_conv.weight	torch.Size([16, 64, 1, 1])	cuda:0	True
2024-03-27 00:35:09,036 - INFO - encoder_blocks.3.st_attn.t_k_conv.bias	torch.Size([16])	cuda:0	True
2024-03-27 00:35:09,037 - INFO - encoder_blocks.3.st_attn.t_v_conv.weight	torch.Size([16, 64, 1, 1])	cuda:0	True
2024-03-27 00:35:09,037 - INFO - encoder_blocks.3.st_attn.t_v_conv.bias	torch.Size([16])	cuda:0	True
2024-03-27 00:35:09,037 - INFO - encoder_blocks.3.st_attn.proj.weight	torch.Size([64, 48])	cuda:0	True
2024-03-27 00:35:09,037 - INFO - encoder_blocks.3.st_attn.proj.bias	torch.Size([64])	cuda:0	True
2024-03-27 00:35:09,037 - INFO - encoder_blocks.3.st_attn.gconv.0.mlp.mlp.weight	torch.Size([32, 96, 1, 1])	cuda:0	True
2024-03-27 00:35:09,037 - INFO - encoder_blocks.3.st_attn.gconv.0.mlp.mlp.bias	torch.Size([32])	cuda:0	True
2024-03-27 00:35:09,037 - INFO - encoder_blocks.3.st_attn.gconv.1.mlp.mlp.weight	torch.Size([32, 96, 1, 1])	cuda:0	True
2024-03-27 00:35:09,037 - INFO - encoder_blocks.3.st_attn.gconv.1.mlp.mlp.bias	torch.Size([32])	cuda:0	True
2024-03-27 00:35:09,037 - INFO - encoder_blocks.3.st_attn.reshape1.weight	torch.Size([32, 64])	cuda:0	True
2024-03-27 00:35:09,037 - INFO - encoder_blocks.3.st_attn.reshape1.bias	torch.Size([32])	cuda:0	True
2024-03-27 00:35:09,037 - INFO - encoder_blocks.3.st_attn.reshape2.weight	torch.Size([64, 32])	cuda:0	True
2024-03-27 00:35:09,037 - INFO - encoder_blocks.3.st_attn.reshape2.bias	torch.Size([64])	cuda:0	True
2024-03-27 00:35:09,037 - INFO - encoder_blocks.3.norm2.weight	torch.Size([64])	cuda:0	True
2024-03-27 00:35:09,037 - INFO - encoder_blocks.3.norm2.bias	torch.Size([64])	cuda:0	True
2024-03-27 00:35:09,037 - INFO - encoder_blocks.3.mlp.fc1.weight	torch.Size([256, 64])	cuda:0	True
2024-03-27 00:35:09,037 - INFO - encoder_blocks.3.mlp.fc1.bias	torch.Size([256])	cuda:0	True
2024-03-27 00:35:09,037 - INFO - encoder_blocks.3.mlp.fc2.weight	torch.Size([64, 256])	cuda:0	True
2024-03-27 00:35:09,037 - INFO - encoder_blocks.3.mlp.fc2.bias	torch.Size([64])	cuda:0	True
2024-03-27 00:35:09,037 - INFO - encoder_blocks.4.norm1.weight	torch.Size([64])	cuda:0	True
2024-03-27 00:35:09,037 - INFO - encoder_blocks.4.norm1.bias	torch.Size([64])	cuda:0	True
2024-03-27 00:35:09,037 - INFO - encoder_blocks.4.st_attn.nodevec_p1	torch.Size([288, 40])	cuda:0	True
2024-03-27 00:35:09,037 - INFO - encoder_blocks.4.st_attn.nodevec_p2	torch.Size([358, 40])	cuda:0	True
2024-03-27 00:35:09,037 - INFO - encoder_blocks.4.st_attn.nodevec_p3	torch.Size([358, 40])	cuda:0	True
2024-03-27 00:35:09,037 - INFO - encoder_blocks.4.st_attn.nodevec_pk	torch.Size([40, 40, 40])	cuda:0	True
2024-03-27 00:35:09,037 - INFO - encoder_blocks.4.st_attn.pattern_q_linears.0.weight	torch.Size([32, 64])	cuda:0	True
2024-03-27 00:35:09,037 - INFO - encoder_blocks.4.st_attn.pattern_q_linears.0.bias	torch.Size([32])	cuda:0	True
2024-03-27 00:35:09,038 - INFO - encoder_blocks.4.st_attn.pattern_k_linears.0.weight	torch.Size([32, 64])	cuda:0	True
2024-03-27 00:35:09,038 - INFO - encoder_blocks.4.st_attn.pattern_k_linears.0.bias	torch.Size([32])	cuda:0	True
2024-03-27 00:35:09,038 - INFO - encoder_blocks.4.st_attn.pattern_v_linears.0.weight	torch.Size([32, 64])	cuda:0	True
2024-03-27 00:35:09,038 - INFO - encoder_blocks.4.st_attn.pattern_v_linears.0.bias	torch.Size([32])	cuda:0	True
2024-03-27 00:35:09,038 - INFO - encoder_blocks.4.st_attn.geo_q_conv.weight	torch.Size([32, 64, 1, 1])	cuda:0	True
2024-03-27 00:35:09,038 - INFO - encoder_blocks.4.st_attn.geo_q_conv.bias	torch.Size([32])	cuda:0	True
2024-03-27 00:35:09,038 - INFO - encoder_blocks.4.st_attn.geo_k_conv.weight	torch.Size([32, 64, 1, 1])	cuda:0	True
2024-03-27 00:35:09,038 - INFO - encoder_blocks.4.st_attn.geo_k_conv.bias	torch.Size([32])	cuda:0	True
2024-03-27 00:35:09,038 - INFO - encoder_blocks.4.st_attn.geo_v_conv.weight	torch.Size([32, 64, 1, 1])	cuda:0	True
2024-03-27 00:35:09,038 - INFO - encoder_blocks.4.st_attn.geo_v_conv.bias	torch.Size([32])	cuda:0	True
2024-03-27 00:35:09,038 - INFO - encoder_blocks.4.st_attn.sem_q_conv.weight	torch.Size([16, 64, 1, 1])	cuda:0	True
2024-03-27 00:35:09,038 - INFO - encoder_blocks.4.st_attn.sem_q_conv.bias	torch.Size([16])	cuda:0	True
2024-03-27 00:35:09,038 - INFO - encoder_blocks.4.st_attn.sem_k_conv.weight	torch.Size([16, 64, 1, 1])	cuda:0	True
2024-03-27 00:35:09,038 - INFO - encoder_blocks.4.st_attn.sem_k_conv.bias	torch.Size([16])	cuda:0	True
2024-03-27 00:35:09,038 - INFO - encoder_blocks.4.st_attn.sem_v_conv.weight	torch.Size([16, 64, 1, 1])	cuda:0	True
2024-03-27 00:35:09,038 - INFO - encoder_blocks.4.st_attn.sem_v_conv.bias	torch.Size([16])	cuda:0	True
2024-03-27 00:35:09,038 - INFO - encoder_blocks.4.st_attn.t_q_conv.weight	torch.Size([16, 64, 1, 1])	cuda:0	True
2024-03-27 00:35:09,038 - INFO - encoder_blocks.4.st_attn.t_q_conv.bias	torch.Size([16])	cuda:0	True
2024-03-27 00:35:09,038 - INFO - encoder_blocks.4.st_attn.t_k_conv.weight	torch.Size([16, 64, 1, 1])	cuda:0	True
2024-03-27 00:35:09,038 - INFO - encoder_blocks.4.st_attn.t_k_conv.bias	torch.Size([16])	cuda:0	True
2024-03-27 00:35:09,038 - INFO - encoder_blocks.4.st_attn.t_v_conv.weight	torch.Size([16, 64, 1, 1])	cuda:0	True
2024-03-27 00:35:09,038 - INFO - encoder_blocks.4.st_attn.t_v_conv.bias	torch.Size([16])	cuda:0	True
2024-03-27 00:35:09,038 - INFO - encoder_blocks.4.st_attn.proj.weight	torch.Size([64, 48])	cuda:0	True
2024-03-27 00:35:09,038 - INFO - encoder_blocks.4.st_attn.proj.bias	torch.Size([64])	cuda:0	True
2024-03-27 00:35:09,038 - INFO - encoder_blocks.4.st_attn.gconv.0.mlp.mlp.weight	torch.Size([32, 96, 1, 1])	cuda:0	True
2024-03-27 00:35:09,038 - INFO - encoder_blocks.4.st_attn.gconv.0.mlp.mlp.bias	torch.Size([32])	cuda:0	True
2024-03-27 00:35:09,039 - INFO - encoder_blocks.4.st_attn.gconv.1.mlp.mlp.weight	torch.Size([32, 96, 1, 1])	cuda:0	True
2024-03-27 00:35:09,039 - INFO - encoder_blocks.4.st_attn.gconv.1.mlp.mlp.bias	torch.Size([32])	cuda:0	True
2024-03-27 00:35:09,039 - INFO - encoder_blocks.4.st_attn.reshape1.weight	torch.Size([32, 64])	cuda:0	True
2024-03-27 00:35:09,039 - INFO - encoder_blocks.4.st_attn.reshape1.bias	torch.Size([32])	cuda:0	True
2024-03-27 00:35:09,039 - INFO - encoder_blocks.4.st_attn.reshape2.weight	torch.Size([64, 32])	cuda:0	True
2024-03-27 00:35:09,039 - INFO - encoder_blocks.4.st_attn.reshape2.bias	torch.Size([64])	cuda:0	True
2024-03-27 00:35:09,039 - INFO - encoder_blocks.4.norm2.weight	torch.Size([64])	cuda:0	True
2024-03-27 00:35:09,039 - INFO - encoder_blocks.4.norm2.bias	torch.Size([64])	cuda:0	True
2024-03-27 00:35:09,039 - INFO - encoder_blocks.4.mlp.fc1.weight	torch.Size([256, 64])	cuda:0	True
2024-03-27 00:35:09,039 - INFO - encoder_blocks.4.mlp.fc1.bias	torch.Size([256])	cuda:0	True
2024-03-27 00:35:09,039 - INFO - encoder_blocks.4.mlp.fc2.weight	torch.Size([64, 256])	cuda:0	True
2024-03-27 00:35:09,039 - INFO - encoder_blocks.4.mlp.fc2.bias	torch.Size([64])	cuda:0	True
2024-03-27 00:35:09,039 - INFO - skip_convs.0.weight	torch.Size([256, 64, 1, 1])	cuda:0	True
2024-03-27 00:35:09,039 - INFO - skip_convs.0.bias	torch.Size([256])	cuda:0	True
2024-03-27 00:35:09,039 - INFO - skip_convs.1.weight	torch.Size([256, 64, 1, 1])	cuda:0	True
2024-03-27 00:35:09,039 - INFO - skip_convs.1.bias	torch.Size([256])	cuda:0	True
2024-03-27 00:35:09,039 - INFO - skip_convs.2.weight	torch.Size([256, 64, 1, 1])	cuda:0	True
2024-03-27 00:35:09,039 - INFO - skip_convs.2.bias	torch.Size([256])	cuda:0	True
2024-03-27 00:35:09,039 - INFO - skip_convs.3.weight	torch.Size([256, 64, 1, 1])	cuda:0	True
2024-03-27 00:35:09,039 - INFO - skip_convs.3.bias	torch.Size([256])	cuda:0	True
2024-03-27 00:35:09,039 - INFO - skip_convs.4.weight	torch.Size([256, 64, 1, 1])	cuda:0	True
2024-03-27 00:35:09,039 - INFO - skip_convs.4.bias	torch.Size([256])	cuda:0	True
2024-03-27 00:35:09,039 - INFO - end_conv1.weight	torch.Size([12, 12, 1, 1])	cuda:0	True
2024-03-27 00:35:09,039 - INFO - end_conv1.bias	torch.Size([12])	cuda:0	True
2024-03-27 00:35:09,039 - INFO - end_conv2.weight	torch.Size([1, 256, 1, 1])	cuda:0	True
2024-03-27 00:35:09,039 - INFO - end_conv2.bias	torch.Size([1])	cuda:0	True
2024-03-27 00:35:09,040 - INFO - Total parameter numbers: 1026557
2024-03-27 00:35:09,042 - INFO - You select `adamw` optimizer.
2024-03-27 00:35:09,042 - INFO - You select `cosinelr` lr_scheduler.
2024-03-27 00:35:09,042 - WARNING - Received none train loss func and will use the loss func defined in the model.module.
2024-03-27 00:35:09,044 - INFO - Number of isolated points: 0
2024-03-27 00:35:09,082 - INFO - Start training ...
2024-03-27 00:35:09,082 - INFO - num_batches:982
2024-03-27 00:35:09,173 - INFO - Training: task_level increase from 0 to 1
2024-03-27 00:35:09,173 - INFO - Current batches_seen is 0
2024-03-27 00:39:03,436 - INFO - epoch complete!
2024-03-27 00:39:03,437 - INFO - evaluating now!
2024-03-27 00:39:22,005 - INFO - Epoch [0/300] (982) train_loss: 250.5570, val_loss: 229.5641, lr: 0.000201, 252.92s
2024-03-27 00:39:22,053 - INFO - Saved model at 0
2024-03-27 00:39:22,054 - INFO - Val loss decrease from inf to 229.5641, saving to ./libcity/cache/23382/model_cache/PDFormer_PeMS03_epoch0.tar
2024-03-27 00:43:14,474 - INFO - epoch complete!
2024-03-27 00:43:14,474 - INFO - evaluating now!
2024-03-27 00:43:33,054 - INFO - Epoch [1/300] (1964) train_loss: 50.2224, val_loss: 162.5578, lr: 0.000401, 251.00s
2024-03-27 00:43:33,101 - INFO - Saved model at 1
2024-03-27 00:43:33,101 - INFO - Val loss decrease from 229.5641 to 162.5578, saving to ./libcity/cache/23382/model_cache/PDFormer_PeMS03_epoch1.tar
2024-03-27 00:43:33,154 - INFO - Training: task_level increase from 1 to 2
2024-03-27 00:43:33,154 - INFO - Current batches_seen is 1964
2024-03-27 00:47:25,733 - INFO - epoch complete!
2024-03-27 00:47:25,734 - INFO - evaluating now!
2024-03-27 00:47:44,324 - INFO - Epoch [2/300] (2946) train_loss: 35.2630, val_loss: 151.3447, lr: 0.000600, 251.22s
2024-03-27 00:47:44,370 - INFO - Saved model at 2
2024-03-27 00:47:44,370 - INFO - Val loss decrease from 162.5578 to 151.3447, saving to ./libcity/cache/23382/model_cache/PDFormer_PeMS03_epoch2.tar
2024-03-27 00:51:36,959 - INFO - epoch complete!
2024-03-27 00:51:36,960 - INFO - evaluating now!
2024-03-27 00:51:55,552 - INFO - Epoch [3/300] (3928) train_loss: 30.3541, val_loss: 153.6148, lr: 0.000800, 251.18s
2024-03-27 00:51:55,606 - INFO - Training: task_level increase from 2 to 3
2024-03-27 00:51:55,606 - INFO - Current batches_seen is 3928
2024-03-27 00:55:48,164 - INFO - epoch complete!
2024-03-27 00:55:48,164 - INFO - evaluating now!
2024-03-27 00:56:06,774 - INFO - Epoch [4/300] (4910) train_loss: 30.2587, val_loss: 143.0989, lr: 0.000999, 251.22s
2024-03-27 00:56:06,820 - INFO - Saved model at 4
2024-03-27 00:56:06,821 - INFO - Val loss decrease from 151.3447 to 143.0989, saving to ./libcity/cache/23382/model_cache/PDFormer_PeMS03_epoch4.tar
2024-03-27 00:59:59,152 - INFO - epoch complete!
2024-03-27 00:59:59,153 - INFO - evaluating now!
2024-03-27 01:00:17,748 - INFO - Epoch [5/300] (5892) train_loss: 29.1232, val_loss: 145.3184, lr: 0.000999, 250.93s
2024-03-27 01:00:17,802 - INFO - Training: task_level increase from 3 to 4
2024-03-27 01:00:17,802 - INFO - Current batches_seen is 5892
2024-03-27 01:04:10,700 - INFO - epoch complete!
2024-03-27 01:04:10,700 - INFO - evaluating now!
2024-03-27 01:04:29,284 - INFO - Epoch [6/300] (6874) train_loss: 29.5893, val_loss: 139.3661, lr: 0.000999, 251.54s
2024-03-27 01:04:29,331 - INFO - Saved model at 6
2024-03-27 01:04:29,331 - INFO - Val loss decrease from 143.0989 to 139.3661, saving to ./libcity/cache/23382/model_cache/PDFormer_PeMS03_epoch6.tar
2024-03-27 01:08:21,500 - INFO - epoch complete!
2024-03-27 01:08:21,501 - INFO - evaluating now!
2024-03-27 01:08:40,070 - INFO - Epoch [7/300] (7856) train_loss: 28.7150, val_loss: 141.3569, lr: 0.000998, 250.74s
2024-03-27 01:08:40,123 - INFO - Training: task_level increase from 4 to 5
2024-03-27 01:08:40,123 - INFO - Current batches_seen is 7856
2024-03-27 01:12:32,388 - INFO - epoch complete!
2024-03-27 01:12:32,389 - INFO - evaluating now!
2024-03-27 01:12:51,019 - INFO - Epoch [8/300] (8838) train_loss: 30.0979, val_loss: 124.1406, lr: 0.000998, 250.95s
2024-03-27 01:12:51,066 - INFO - Saved model at 8
2024-03-27 01:12:51,066 - INFO - Val loss decrease from 139.3661 to 124.1406, saving to ./libcity/cache/23382/model_cache/PDFormer_PeMS03_epoch8.tar
2024-03-27 01:16:45,596 - INFO - epoch complete!
2024-03-27 01:16:45,596 - INFO - evaluating now!
2024-03-27 01:17:04,219 - INFO - Epoch [9/300] (9820) train_loss: 28.7281, val_loss: 124.2628, lr: 0.000998, 253.15s
2024-03-27 01:17:04,274 - INFO - Training: task_level increase from 5 to 6
2024-03-27 01:17:04,274 - INFO - Current batches_seen is 9820
2024-03-27 01:20:59,425 - INFO - epoch complete!
2024-03-27 01:20:59,426 - INFO - evaluating now!
2024-03-27 01:21:18,195 - INFO - Epoch [10/300] (10802) train_loss: 29.4462, val_loss: 120.7551, lr: 0.000997, 253.98s
2024-03-27 01:21:18,249 - INFO - Saved model at 10
2024-03-27 01:21:18,249 - INFO - Val loss decrease from 124.1406 to 120.7551, saving to ./libcity/cache/23382/model_cache/PDFormer_PeMS03_epoch10.tar
2024-03-27 01:25:18,682 - INFO - epoch complete!
2024-03-27 01:25:18,683 - INFO - evaluating now!
2024-03-27 01:25:37,248 - INFO - Epoch [11/300] (11784) train_loss: 28.6442, val_loss: 119.1532, lr: 0.000996, 259.00s
2024-03-27 01:25:37,293 - INFO - Saved model at 11
2024-03-27 01:25:37,293 - INFO - Val loss decrease from 120.7551 to 119.1532, saving to ./libcity/cache/23382/model_cache/PDFormer_PeMS03_epoch11.tar
2024-03-27 01:25:37,346 - INFO - Training: task_level increase from 6 to 7
2024-03-27 01:25:37,346 - INFO - Current batches_seen is 11784
2024-03-27 01:29:29,702 - INFO - epoch complete!
2024-03-27 01:29:29,703 - INFO - evaluating now!
2024-03-27 01:29:48,268 - INFO - Epoch [12/300] (12766) train_loss: 29.4183, val_loss: 105.5196, lr: 0.000996, 250.97s
2024-03-27 01:29:48,314 - INFO - Saved model at 12
2024-03-27 01:29:48,314 - INFO - Val loss decrease from 119.1532 to 105.5196, saving to ./libcity/cache/23382/model_cache/PDFormer_PeMS03_epoch12.tar
2024-03-27 01:33:40,833 - INFO - epoch complete!
2024-03-27 01:33:40,834 - INFO - evaluating now!
2024-03-27 01:33:59,381 - INFO - Epoch [13/300] (13748) train_loss: 28.6432, val_loss: 104.3371, lr: 0.000995, 251.07s
2024-03-27 01:33:59,427 - INFO - Saved model at 13
2024-03-27 01:33:59,427 - INFO - Val loss decrease from 105.5196 to 104.3371, saving to ./libcity/cache/23382/model_cache/PDFormer_PeMS03_epoch13.tar
2024-03-27 01:33:59,481 - INFO - Training: task_level increase from 7 to 8
2024-03-27 01:33:59,481 - INFO - Current batches_seen is 13748
2024-03-27 01:37:52,125 - INFO - epoch complete!
2024-03-27 01:37:52,126 - INFO - evaluating now!
2024-03-27 01:38:10,703 - INFO - Epoch [14/300] (14730) train_loss: 29.2574, val_loss: 87.4277, lr: 0.000994, 251.28s
2024-03-27 01:38:10,749 - INFO - Saved model at 14
2024-03-27 01:38:10,749 - INFO - Val loss decrease from 104.3371 to 87.4277, saving to ./libcity/cache/23382/model_cache/PDFormer_PeMS03_epoch14.tar
2024-03-27 01:42:04,732 - INFO - epoch complete!
2024-03-27 01:42:04,733 - INFO - evaluating now!
2024-03-27 01:42:23,379 - INFO - Epoch [15/300] (15712) train_loss: 28.6273, val_loss: 87.0662, lr: 0.000994, 252.63s
2024-03-27 01:42:23,424 - INFO - Saved model at 15
2024-03-27 01:42:23,424 - INFO - Val loss decrease from 87.4277 to 87.0662, saving to ./libcity/cache/23382/model_cache/PDFormer_PeMS03_epoch15.tar
2024-03-27 01:42:23,477 - INFO - Training: task_level increase from 8 to 9
2024-03-27 01:42:23,477 - INFO - Current batches_seen is 15712
2024-03-27 01:46:16,117 - INFO - epoch complete!
2024-03-27 01:46:16,118 - INFO - evaluating now!
2024-03-27 01:46:34,677 - INFO - Epoch [16/300] (16694) train_loss: 29.4105, val_loss: 70.8183, lr: 0.000993, 251.25s
2024-03-27 01:46:34,721 - INFO - Saved model at 16
2024-03-27 01:46:34,722 - INFO - Val loss decrease from 87.0662 to 70.8183, saving to ./libcity/cache/23382/model_cache/PDFormer_PeMS03_epoch16.tar
2024-03-27 01:50:27,304 - INFO - epoch complete!
2024-03-27 01:50:27,305 - INFO - evaluating now!
2024-03-27 01:50:45,885 - INFO - Epoch [17/300] (17676) train_loss: 28.3689, val_loss: 71.1744, lr: 0.000992, 251.16s
2024-03-27 01:50:45,939 - INFO - Training: task_level increase from 9 to 10
2024-03-27 01:50:45,939 - INFO - Current batches_seen is 17676
2024-03-27 01:54:38,310 - INFO - epoch complete!
2024-03-27 01:54:38,311 - INFO - evaluating now!
2024-03-27 01:54:56,852 - INFO - Epoch [18/300] (18658) train_loss: 29.3521, val_loss: 53.1462, lr: 0.000991, 250.97s
2024-03-27 01:54:56,898 - INFO - Saved model at 18
2024-03-27 01:54:56,898 - INFO - Val loss decrease from 70.8183 to 53.1462, saving to ./libcity/cache/23382/model_cache/PDFormer_PeMS03_epoch18.tar
2024-03-27 01:58:49,368 - INFO - epoch complete!
2024-03-27 01:58:49,368 - INFO - evaluating now!
2024-03-27 01:59:07,932 - INFO - Epoch [19/300] (19640) train_loss: 28.5527, val_loss: 53.3184, lr: 0.000990, 251.03s
2024-03-27 01:59:07,985 - INFO - Training: task_level increase from 10 to 11
2024-03-27 01:59:07,985 - INFO - Current batches_seen is 19640
2024-03-27 02:03:00,444 - INFO - epoch complete!
2024-03-27 02:03:00,445 - INFO - evaluating now!
2024-03-27 02:03:19,104 - INFO - Epoch [20/300] (20622) train_loss: 28.8892, val_loss: 44.1566, lr: 0.000989, 251.17s
2024-03-27 02:03:19,150 - INFO - Saved model at 20
2024-03-27 02:03:19,150 - INFO - Val loss decrease from 53.1462 to 44.1566, saving to ./libcity/cache/23382/model_cache/PDFormer_PeMS03_epoch20.tar
2024-03-27 02:07:19,318 - INFO - epoch complete!
2024-03-27 02:07:19,318 - INFO - evaluating now!
2024-03-27 02:07:37,906 - INFO - Epoch [21/300] (21604) train_loss: 28.4635, val_loss: 43.2703, lr: 0.000988, 258.76s
2024-03-27 02:07:37,952 - INFO - Saved model at 21
2024-03-27 02:07:37,952 - INFO - Val loss decrease from 44.1566 to 43.2703, saving to ./libcity/cache/23382/model_cache/PDFormer_PeMS03_epoch21.tar
2024-03-27 02:07:38,006 - INFO - Training: task_level increase from 11 to 12
2024-03-27 02:07:38,006 - INFO - Current batches_seen is 21604
2024-03-27 02:11:30,589 - INFO - epoch complete!
2024-03-27 02:11:30,590 - INFO - evaluating now!
2024-03-27 02:11:49,134 - INFO - Epoch [22/300] (22586) train_loss: 28.8148, val_loss: 28.7845, lr: 0.000987, 251.18s
2024-03-27 02:11:49,181 - INFO - Saved model at 22
2024-03-27 02:11:49,182 - INFO - Val loss decrease from 43.2703 to 28.7845, saving to ./libcity/cache/23382/model_cache/PDFormer_PeMS03_epoch22.tar
2024-03-27 02:15:41,663 - INFO - epoch complete!
2024-03-27 02:15:41,663 - INFO - evaluating now!
2024-03-27 02:16:00,200 - INFO - Epoch [23/300] (23568) train_loss: 28.4040, val_loss: 28.5017, lr: 0.000986, 251.02s
2024-03-27 02:16:00,245 - INFO - Saved model at 23
2024-03-27 02:16:00,245 - INFO - Val loss decrease from 28.7845 to 28.5017, saving to ./libcity/cache/23382/model_cache/PDFormer_PeMS03_epoch23.tar
2024-03-27 02:19:52,872 - INFO - epoch complete!
2024-03-27 02:19:52,872 - INFO - evaluating now!
2024-03-27 02:20:11,427 - INFO - Epoch [24/300] (24550) train_loss: 28.1630, val_loss: 28.1310, lr: 0.000985, 251.18s
2024-03-27 02:20:11,473 - INFO - Saved model at 24
2024-03-27 02:20:11,473 - INFO - Val loss decrease from 28.5017 to 28.1310, saving to ./libcity/cache/23382/model_cache/PDFormer_PeMS03_epoch24.tar
2024-03-27 02:24:04,284 - INFO - epoch complete!
2024-03-27 02:24:04,285 - INFO - evaluating now!
2024-03-27 02:24:22,836 - INFO - Epoch [25/300] (25532) train_loss: 27.9764, val_loss: 27.9388, lr: 0.000983, 251.36s
2024-03-27 02:24:22,881 - INFO - Saved model at 25
2024-03-27 02:24:22,881 - INFO - Val loss decrease from 28.1310 to 27.9388, saving to ./libcity/cache/23382/model_cache/PDFormer_PeMS03_epoch25.tar
2024-03-27 02:28:15,712 - INFO - epoch complete!
2024-03-27 02:28:15,712 - INFO - evaluating now!
2024-03-27 02:28:34,261 - INFO - Epoch [26/300] (26514) train_loss: 27.8426, val_loss: 28.0461, lr: 0.000982, 251.38s
2024-03-27 02:32:26,928 - INFO - epoch complete!
2024-03-27 02:32:26,928 - INFO - evaluating now!
2024-03-27 02:32:45,477 - INFO - Epoch [27/300] (27496) train_loss: 27.8626, val_loss: 27.2949, lr: 0.000981, 251.22s
2024-03-27 02:32:45,523 - INFO - Saved model at 27
2024-03-27 02:32:45,523 - INFO - Val loss decrease from 27.9388 to 27.2949, saving to ./libcity/cache/23382/model_cache/PDFormer_PeMS03_epoch27.tar
2024-03-27 02:36:38,237 - INFO - epoch complete!
2024-03-27 02:36:38,238 - INFO - evaluating now!
2024-03-27 02:36:56,780 - INFO - Epoch [28/300] (28478) train_loss: 27.5561, val_loss: 27.5520, lr: 0.000979, 251.26s
2024-03-27 02:40:49,268 - INFO - epoch complete!
2024-03-27 02:40:49,269 - INFO - evaluating now!
2024-03-27 02:41:07,824 - INFO - Epoch [29/300] (29460) train_loss: 27.5074, val_loss: 27.6027, lr: 0.000978, 251.04s
2024-03-27 02:45:00,515 - INFO - epoch complete!
2024-03-27 02:45:00,515 - INFO - evaluating now!
2024-03-27 02:45:19,070 - INFO - Epoch [30/300] (30442) train_loss: 27.4744, val_loss: 28.9537, lr: 0.000976, 251.24s
2024-03-27 02:49:11,684 - INFO - epoch complete!
2024-03-27 02:49:11,685 - INFO - evaluating now!
2024-03-27 02:49:30,249 - INFO - Epoch [31/300] (31424) train_loss: 27.3252, val_loss: 27.3528, lr: 0.000975, 251.18s
2024-03-27 02:53:23,168 - INFO - epoch complete!
2024-03-27 02:53:23,168 - INFO - evaluating now!
2024-03-27 02:53:41,723 - INFO - Epoch [32/300] (32406) train_loss: 27.3544, val_loss: 27.5069, lr: 0.000973, 251.47s
2024-03-27 02:57:34,428 - INFO - epoch complete!
2024-03-27 02:57:34,428 - INFO - evaluating now!
2024-03-27 02:57:53,012 - INFO - Epoch [33/300] (33388) train_loss: 27.1631, val_loss: 27.1286, lr: 0.000972, 251.29s
2024-03-27 02:57:53,057 - INFO - Saved model at 33
2024-03-27 02:57:53,057 - INFO - Val loss decrease from 27.2949 to 27.1286, saving to ./libcity/cache/23382/model_cache/PDFormer_PeMS03_epoch33.tar
2024-03-27 03:01:45,679 - INFO - epoch complete!
2024-03-27 03:01:45,679 - INFO - evaluating now!
2024-03-27 03:02:04,270 - INFO - Epoch [34/300] (34370) train_loss: 27.0321, val_loss: 27.2389, lr: 0.000970, 251.21s
2024-03-27 03:05:56,285 - INFO - epoch complete!
2024-03-27 03:05:56,286 - INFO - evaluating now!
2024-03-27 03:06:14,809 - INFO - Epoch [35/300] (35352) train_loss: 27.0025, val_loss: 26.8226, lr: 0.000968, 250.54s
2024-03-27 03:06:14,854 - INFO - Saved model at 35
2024-03-27 03:06:14,855 - INFO - Val loss decrease from 27.1286 to 26.8226, saving to ./libcity/cache/23382/model_cache/PDFormer_PeMS03_epoch35.tar
2024-03-27 03:10:06,905 - INFO - epoch complete!
2024-03-27 03:10:06,905 - INFO - evaluating now!
2024-03-27 03:10:25,428 - INFO - Epoch [36/300] (36334) train_loss: 27.1066, val_loss: 26.6475, lr: 0.000967, 250.57s
2024-03-27 03:10:25,473 - INFO - Saved model at 36
2024-03-27 03:10:25,473 - INFO - Val loss decrease from 26.8226 to 26.6475, saving to ./libcity/cache/23382/model_cache/PDFormer_PeMS03_epoch36.tar
2024-03-27 03:14:17,117 - INFO - epoch complete!
2024-03-27 03:14:17,117 - INFO - evaluating now!
2024-03-27 03:14:35,623 - INFO - Epoch [37/300] (37316) train_loss: 26.9051, val_loss: 27.1537, lr: 0.000965, 250.15s
2024-03-27 03:18:27,110 - INFO - epoch complete!
2024-03-27 03:18:27,110 - INFO - evaluating now!
2024-03-27 03:18:45,622 - INFO - Epoch [38/300] (38298) train_loss: 26.8576, val_loss: 27.1960, lr: 0.000963, 250.00s
2024-03-27 03:22:36,932 - INFO - epoch complete!
2024-03-27 03:22:36,932 - INFO - evaluating now!
2024-03-27 03:22:55,419 - INFO - Epoch [39/300] (39280) train_loss: 26.8028, val_loss: 27.1320, lr: 0.000961, 249.80s
2024-03-27 03:26:46,747 - INFO - epoch complete!
2024-03-27 03:26:46,747 - INFO - evaluating now!
2024-03-27 03:27:05,241 - INFO - Epoch [40/300] (40262) train_loss: 26.8497, val_loss: 27.8174, lr: 0.000959, 249.82s
2024-03-27 03:30:56,353 - INFO - epoch complete!
2024-03-27 03:30:56,353 - INFO - evaluating now!
2024-03-27 03:31:14,840 - INFO - Epoch [41/300] (41244) train_loss: 26.7304, val_loss: 26.7837, lr: 0.000957, 249.60s
2024-03-27 03:35:05,811 - INFO - epoch complete!
2024-03-27 03:35:05,812 - INFO - evaluating now!
2024-03-27 03:35:24,293 - INFO - Epoch [42/300] (42226) train_loss: 26.6402, val_loss: 27.0535, lr: 0.000955, 249.45s
2024-03-27 03:39:15,563 - INFO - epoch complete!
2024-03-27 03:39:15,563 - INFO - evaluating now!
2024-03-27 03:39:34,071 - INFO - Epoch [43/300] (43208) train_loss: 26.6430, val_loss: 26.9201, lr: 0.000953, 249.78s
2024-03-27 03:43:25,675 - INFO - epoch complete!
2024-03-27 03:43:25,675 - INFO - evaluating now!
2024-03-27 03:43:44,194 - INFO - Epoch [44/300] (44190) train_loss: 26.4918, val_loss: 27.0555, lr: 0.000951, 250.12s
2024-03-27 03:47:36,022 - INFO - epoch complete!
2024-03-27 03:47:36,022 - INFO - evaluating now!
2024-03-27 03:47:54,537 - INFO - Epoch [45/300] (45172) train_loss: 26.5381, val_loss: 26.6360, lr: 0.000949, 250.34s
2024-03-27 03:47:54,582 - INFO - Saved model at 45
2024-03-27 03:47:54,583 - INFO - Val loss decrease from 26.6475 to 26.6360, saving to ./libcity/cache/23382/model_cache/PDFormer_PeMS03_epoch45.tar
2024-03-27 03:51:46,477 - INFO - epoch complete!
2024-03-27 03:51:46,477 - INFO - evaluating now!
2024-03-27 03:52:04,989 - INFO - Epoch [46/300] (46154) train_loss: 26.5190, val_loss: 27.2684, lr: 0.000947, 250.41s
2024-03-27 03:55:56,840 - INFO - epoch complete!
2024-03-27 03:55:56,841 - INFO - evaluating now!
2024-03-27 03:56:15,361 - INFO - Epoch [47/300] (47136) train_loss: 26.4355, val_loss: 26.4013, lr: 0.000944, 250.37s
2024-03-27 03:56:15,406 - INFO - Saved model at 47
2024-03-27 03:56:15,407 - INFO - Val loss decrease from 26.6360 to 26.4013, saving to ./libcity/cache/23382/model_cache/PDFormer_PeMS03_epoch47.tar
2024-03-27 04:00:07,325 - INFO - epoch complete!
2024-03-27 04:00:07,326 - INFO - evaluating now!
2024-03-27 04:00:25,840 - INFO - Epoch [48/300] (48118) train_loss: 26.2855, val_loss: 26.8274, lr: 0.000942, 250.43s
2024-03-27 04:04:17,526 - INFO - epoch complete!
2024-03-27 04:04:17,527 - INFO - evaluating now!
2024-03-27 04:04:36,090 - INFO - Epoch [49/300] (49100) train_loss: 26.4112, val_loss: 26.9683, lr: 0.000940, 250.25s
2024-03-27 04:08:27,916 - INFO - epoch complete!
2024-03-27 04:08:27,916 - INFO - evaluating now!
2024-03-27 04:08:46,436 - INFO - Epoch [50/300] (50082) train_loss: 26.3124, val_loss: 26.8813, lr: 0.000937, 250.35s
2024-03-27 04:12:38,146 - INFO - epoch complete!
2024-03-27 04:12:38,147 - INFO - evaluating now!
2024-03-27 04:12:56,666 - INFO - Epoch [51/300] (51064) train_loss: 26.1972, val_loss: 26.4722, lr: 0.000935, 250.23s
2024-03-27 04:16:48,304 - INFO - epoch complete!
2024-03-27 04:16:48,304 - INFO - evaluating now!
2024-03-27 04:17:06,821 - INFO - Epoch [52/300] (52046) train_loss: 26.1504, val_loss: 27.6734, lr: 0.000932, 250.15s
2024-03-27 04:20:58,489 - INFO - epoch complete!
2024-03-27 04:20:58,490 - INFO - evaluating now!
2024-03-27 04:21:17,054 - INFO - Epoch [53/300] (53028) train_loss: 26.1678, val_loss: 26.7876, lr: 0.000930, 250.23s
2024-03-27 04:25:08,632 - INFO - epoch complete!
2024-03-27 04:25:08,632 - INFO - evaluating now!
2024-03-27 04:25:27,142 - INFO - Epoch [54/300] (54010) train_loss: 26.0009, val_loss: 26.8955, lr: 0.000927, 250.09s
2024-03-27 04:29:18,728 - INFO - epoch complete!
2024-03-27 04:29:18,728 - INFO - evaluating now!
2024-03-27 04:29:37,280 - INFO - Epoch [55/300] (54992) train_loss: 25.9843, val_loss: 26.2069, lr: 0.000925, 250.14s
2024-03-27 04:29:37,325 - INFO - Saved model at 55
2024-03-27 04:29:37,325 - INFO - Val loss decrease from 26.4013 to 26.2069, saving to ./libcity/cache/23382/model_cache/PDFormer_PeMS03_epoch55.tar
2024-03-27 04:33:28,803 - INFO - epoch complete!
2024-03-27 04:33:28,803 - INFO - evaluating now!
2024-03-27 04:33:47,321 - INFO - Epoch [56/300] (55974) train_loss: 25.9732, val_loss: 26.3678, lr: 0.000922, 250.00s
2024-03-27 04:37:39,224 - INFO - epoch complete!
2024-03-27 04:37:39,224 - INFO - evaluating now!
2024-03-27 04:37:57,747 - INFO - Epoch [57/300] (56956) train_loss: 25.9865, val_loss: 27.2593, lr: 0.000920, 250.42s
2024-03-27 04:41:49,934 - INFO - epoch complete!
2024-03-27 04:41:49,935 - INFO - evaluating now!
2024-03-27 04:42:08,467 - INFO - Epoch [58/300] (57938) train_loss: 25.9273, val_loss: 26.4534, lr: 0.000917, 250.72s
2024-03-27 04:46:00,481 - INFO - epoch complete!
2024-03-27 04:46:00,481 - INFO - evaluating now!
2024-03-27 04:46:19,007 - INFO - Epoch [59/300] (58920) train_loss: 25.7845, val_loss: 26.3425, lr: 0.000914, 250.54s
2024-03-27 04:50:11,009 - INFO - epoch complete!
2024-03-27 04:50:11,010 - INFO - evaluating now!
2024-03-27 04:50:29,533 - INFO - Epoch [60/300] (59902) train_loss: 25.7635, val_loss: 26.3669, lr: 0.000911, 250.53s
2024-03-27 04:54:25,032 - INFO - epoch complete!
2024-03-27 04:54:25,033 - INFO - evaluating now!
2024-03-27 04:54:43,536 - INFO - Epoch [61/300] (60884) train_loss: 25.6863, val_loss: 26.7321, lr: 0.000908, 254.00s
2024-03-27 04:58:35,565 - INFO - epoch complete!
2024-03-27 04:58:35,566 - INFO - evaluating now!
2024-03-27 04:58:54,075 - INFO - Epoch [62/300] (61866) train_loss: 25.7881, val_loss: 25.9379, lr: 0.000906, 250.54s
2024-03-27 04:58:54,120 - INFO - Saved model at 62
2024-03-27 04:58:54,120 - INFO - Val loss decrease from 26.2069 to 25.9379, saving to ./libcity/cache/23382/model_cache/PDFormer_PeMS03_epoch62.tar
2024-03-27 05:02:45,883 - INFO - epoch complete!
2024-03-27 05:02:45,884 - INFO - evaluating now!
2024-03-27 05:03:04,384 - INFO - Epoch [63/300] (62848) train_loss: 25.6347, val_loss: 26.4886, lr: 0.000903, 250.26s
2024-03-27 05:06:56,045 - INFO - epoch complete!
2024-03-27 05:06:56,046 - INFO - evaluating now!
2024-03-27 05:07:14,588 - INFO - Epoch [64/300] (63830) train_loss: 25.5663, val_loss: 26.2533, lr: 0.000900, 250.20s
2024-03-27 05:11:06,303 - INFO - epoch complete!
2024-03-27 05:11:06,303 - INFO - evaluating now!
2024-03-27 05:11:24,802 - INFO - Epoch [65/300] (64812) train_loss: 25.5451, val_loss: 26.9662, lr: 0.000897, 250.21s
2024-03-27 05:15:16,501 - INFO - epoch complete!
2024-03-27 05:15:16,501 - INFO - evaluating now!
2024-03-27 05:15:34,992 - INFO - Epoch [66/300] (65794) train_loss: 25.5244, val_loss: 25.9755, lr: 0.000894, 250.19s
2024-03-27 05:19:26,599 - INFO - epoch complete!
2024-03-27 05:19:26,599 - INFO - evaluating now!
2024-03-27 05:19:45,132 - INFO - Epoch [67/300] (66776) train_loss: 25.3873, val_loss: 26.2712, lr: 0.000891, 250.14s
2024-03-27 05:23:36,854 - INFO - epoch complete!
2024-03-27 05:23:36,854 - INFO - evaluating now!
2024-03-27 05:23:55,343 - INFO - Epoch [68/300] (67758) train_loss: 25.3700, val_loss: 26.9221, lr: 0.000888, 250.21s
2024-03-27 05:27:47,038 - INFO - epoch complete!
2024-03-27 05:27:47,038 - INFO - evaluating now!
2024-03-27 05:28:05,531 - INFO - Epoch [69/300] (68740) train_loss: 25.3662, val_loss: 26.1146, lr: 0.000884, 250.19s
2024-03-27 05:31:57,262 - INFO - epoch complete!
2024-03-27 05:31:57,263 - INFO - evaluating now!
2024-03-27 05:32:15,765 - INFO - Epoch [70/300] (69722) train_loss: 25.3495, val_loss: 26.2960, lr: 0.000881, 250.23s
2024-03-27 05:36:07,655 - INFO - epoch complete!
2024-03-27 05:36:07,656 - INFO - evaluating now!
2024-03-27 05:36:26,153 - INFO - Epoch [71/300] (70704) train_loss: 25.2241, val_loss: 26.6600, lr: 0.000878, 250.39s
2024-03-27 05:40:18,009 - INFO - epoch complete!
2024-03-27 05:40:18,010 - INFO - evaluating now!
2024-03-27 05:40:36,509 - INFO - Epoch [72/300] (71686) train_loss: 25.1207, val_loss: 25.8911, lr: 0.000875, 250.36s
2024-03-27 05:40:36,554 - INFO - Saved model at 72
2024-03-27 05:40:36,554 - INFO - Val loss decrease from 25.9379 to 25.8911, saving to ./libcity/cache/23382/model_cache/PDFormer_PeMS03_epoch72.tar
2024-03-27 05:44:28,501 - INFO - epoch complete!
2024-03-27 05:44:28,501 - INFO - evaluating now!
2024-03-27 05:44:46,995 - INFO - Epoch [73/300] (72668) train_loss: 25.1175, val_loss: 26.5617, lr: 0.000872, 250.44s
2024-03-27 05:48:38,671 - INFO - epoch complete!
2024-03-27 05:48:38,672 - INFO - evaluating now!
2024-03-27 05:48:57,170 - INFO - Epoch [74/300] (73650) train_loss: 25.1484, val_loss: 26.4974, lr: 0.000868, 250.17s
2024-03-27 05:52:49,072 - INFO - epoch complete!
2024-03-27 05:52:49,073 - INFO - evaluating now!
2024-03-27 05:53:07,577 - INFO - Epoch [75/300] (74632) train_loss: 25.0422, val_loss: 26.0921, lr: 0.000865, 250.41s
2024-03-27 05:56:59,457 - INFO - epoch complete!
2024-03-27 05:56:59,458 - INFO - evaluating now!
2024-03-27 05:57:17,958 - INFO - Epoch [76/300] (75614) train_loss: 24.9819, val_loss: 26.3763, lr: 0.000861, 250.38s
2024-03-27 06:01:09,804 - INFO - epoch complete!
2024-03-27 06:01:09,805 - INFO - evaluating now!
2024-03-27 06:01:28,557 - INFO - Epoch [77/300] (76596) train_loss: 25.0245, val_loss: 26.3829, lr: 0.000858, 250.60s
2024-03-27 06:05:20,460 - INFO - epoch complete!
2024-03-27 06:05:20,461 - INFO - evaluating now!
2024-03-27 06:05:38,958 - INFO - Epoch [78/300] (77578) train_loss: 24.9355, val_loss: 26.1965, lr: 0.000855, 250.40s
2024-03-27 06:09:31,049 - INFO - epoch complete!
2024-03-27 06:09:31,050 - INFO - evaluating now!
2024-03-27 06:09:49,544 - INFO - Epoch [79/300] (78560) train_loss: 24.8261, val_loss: 25.8120, lr: 0.000851, 250.59s
2024-03-27 06:09:49,589 - INFO - Saved model at 79
2024-03-27 06:09:49,589 - INFO - Val loss decrease from 25.8911 to 25.8120, saving to ./libcity/cache/23382/model_cache/PDFormer_PeMS03_epoch79.tar
2024-03-27 06:13:45,909 - INFO - epoch complete!
2024-03-27 06:13:45,910 - INFO - evaluating now!
2024-03-27 06:14:04,397 - INFO - Epoch [80/300] (79542) train_loss: 24.7544, val_loss: 25.9760, lr: 0.000848, 254.81s
2024-03-27 06:17:55,923 - INFO - epoch complete!
2024-03-27 06:17:55,924 - INFO - evaluating now!
2024-03-27 06:18:14,409 - INFO - Epoch [81/300] (80524) train_loss: 24.7580, val_loss: 26.0135, lr: 0.000844, 250.01s
2024-03-27 06:22:05,771 - INFO - epoch complete!
2024-03-27 06:22:05,772 - INFO - evaluating now!
2024-03-27 06:22:24,250 - INFO - Epoch [82/300] (81506) train_loss: 24.7366, val_loss: 26.3548, lr: 0.000840, 249.84s
2024-03-27 06:26:16,411 - INFO - epoch complete!
2024-03-27 06:26:16,412 - INFO - evaluating now!
2024-03-27 06:26:34,889 - INFO - Epoch [83/300] (82488) train_loss: 24.6184, val_loss: 26.1553, lr: 0.000837, 250.64s
2024-03-27 06:30:27,812 - INFO - epoch complete!
2024-03-27 06:30:27,813 - INFO - evaluating now!
2024-03-27 06:30:46,323 - INFO - Epoch [84/300] (83470) train_loss: 24.6120, val_loss: 26.1217, lr: 0.000833, 251.43s
2024-03-27 06:34:38,904 - INFO - epoch complete!
2024-03-27 06:34:38,904 - INFO - evaluating now!
2024-03-27 06:34:57,385 - INFO - Epoch [85/300] (84452) train_loss: 24.5332, val_loss: 25.8957, lr: 0.000830, 251.06s
2024-03-27 06:38:50,116 - INFO - epoch complete!
2024-03-27 06:38:50,117 - INFO - evaluating now!
2024-03-27 06:39:08,601 - INFO - Epoch [86/300] (85434) train_loss: 24.4843, val_loss: 25.8575, lr: 0.000826, 251.21s
2024-03-27 06:43:00,651 - INFO - epoch complete!
2024-03-27 06:43:00,652 - INFO - evaluating now!
2024-03-27 06:43:19,136 - INFO - Epoch [87/300] (86416) train_loss: 24.4382, val_loss: 25.7000, lr: 0.000822, 250.53s
2024-03-27 06:43:19,181 - INFO - Saved model at 87
2024-03-27 06:43:19,181 - INFO - Val loss decrease from 25.8120 to 25.7000, saving to ./libcity/cache/23382/model_cache/PDFormer_PeMS03_epoch87.tar
2024-03-27 06:47:11,226 - INFO - epoch complete!
2024-03-27 06:47:11,227 - INFO - evaluating now!
2024-03-27 06:47:29,745 - INFO - Epoch [88/300] (87398) train_loss: 24.3521, val_loss: 25.8185, lr: 0.000818, 250.56s
2024-03-27 06:51:21,710 - INFO - epoch complete!
2024-03-27 06:51:21,710 - INFO - evaluating now!
2024-03-27 06:51:40,188 - INFO - Epoch [89/300] (88380) train_loss: 24.3671, val_loss: 26.6099, lr: 0.000815, 250.44s
2024-03-27 06:55:32,159 - INFO - epoch complete!
2024-03-27 06:55:32,159 - INFO - evaluating now!
2024-03-27 06:55:50,642 - INFO - Epoch [90/300] (89362) train_loss: 24.2755, val_loss: 25.5809, lr: 0.000811, 250.45s
2024-03-27 06:55:50,686 - INFO - Saved model at 90
2024-03-27 06:55:50,687 - INFO - Val loss decrease from 25.7000 to 25.5809, saving to ./libcity/cache/23382/model_cache/PDFormer_PeMS03_epoch90.tar
2024-03-27 06:59:43,215 - INFO - epoch complete!
2024-03-27 06:59:43,216 - INFO - evaluating now!
2024-03-27 07:00:01,756 - INFO - Epoch [91/300] (90344) train_loss: 24.1889, val_loss: 25.6749, lr: 0.000807, 251.07s
2024-03-27 07:03:54,193 - INFO - epoch complete!
2024-03-27 07:03:54,194 - INFO - evaluating now!
2024-03-27 07:04:12,735 - INFO - Epoch [92/300] (91326) train_loss: 24.2410, val_loss: 26.5174, lr: 0.000803, 250.98s
2024-03-27 07:08:05,503 - INFO - epoch complete!
2024-03-27 07:08:05,504 - INFO - evaluating now!
2024-03-27 07:08:24,045 - INFO - Epoch [93/300] (92308) train_loss: 24.1289, val_loss: 25.9603, lr: 0.000799, 251.31s
2024-03-27 07:12:17,068 - INFO - epoch complete!
2024-03-27 07:12:17,069 - INFO - evaluating now!
2024-03-27 07:12:35,621 - INFO - Epoch [94/300] (93290) train_loss: 24.1156, val_loss: 25.5469, lr: 0.000795, 251.58s
2024-03-27 07:12:35,667 - INFO - Saved model at 94
2024-03-27 07:12:35,667 - INFO - Val loss decrease from 25.5809 to 25.5469, saving to ./libcity/cache/23382/model_cache/PDFormer_PeMS03_epoch94.tar
2024-03-27 07:16:28,387 - INFO - epoch complete!
2024-03-27 07:16:28,388 - INFO - evaluating now!
2024-03-27 07:16:46,928 - INFO - Epoch [95/300] (94272) train_loss: 24.0361, val_loss: 25.8854, lr: 0.000791, 251.26s
2024-03-27 07:20:39,368 - INFO - epoch complete!
2024-03-27 07:20:39,369 - INFO - evaluating now!
2024-03-27 07:20:57,920 - INFO - Epoch [96/300] (95254) train_loss: 24.0290, val_loss: 25.9658, lr: 0.000787, 250.99s
2024-03-27 07:24:50,481 - INFO - epoch complete!
2024-03-27 07:24:50,482 - INFO - evaluating now!
2024-03-27 07:25:09,027 - INFO - Epoch [97/300] (96236) train_loss: 23.9410, val_loss: 26.1941, lr: 0.000783, 251.11s
2024-03-27 07:29:01,563 - INFO - epoch complete!
2024-03-27 07:29:01,564 - INFO - evaluating now!
2024-03-27 07:29:20,113 - INFO - Epoch [98/300] (97218) train_loss: 23.9330, val_loss: 25.6467, lr: 0.000779, 251.08s
2024-03-27 07:33:12,655 - INFO - epoch complete!
2024-03-27 07:33:12,656 - INFO - evaluating now!
2024-03-27 07:33:31,196 - INFO - Epoch [99/300] (98200) train_loss: 23.8833, val_loss: 25.9617, lr: 0.000775, 251.08s
2024-03-27 07:37:23,755 - INFO - epoch complete!
2024-03-27 07:37:23,755 - INFO - evaluating now!
2024-03-27 07:37:42,296 - INFO - Epoch [100/300] (99182) train_loss: 23.8641, val_loss: 25.6204, lr: 0.000771, 251.10s
2024-03-27 07:41:34,883 - INFO - epoch complete!
2024-03-27 07:41:34,883 - INFO - evaluating now!
2024-03-27 07:41:53,444 - INFO - Epoch [101/300] (100164) train_loss: 23.8242, val_loss: 25.7579, lr: 0.000767, 251.15s
2024-03-27 07:45:46,326 - INFO - epoch complete!
2024-03-27 07:45:46,327 - INFO - evaluating now!
2024-03-27 07:46:04,868 - INFO - Epoch [102/300] (101146) train_loss: 23.7278, val_loss: 26.0354, lr: 0.000763, 251.42s
2024-03-27 07:49:57,817 - INFO - epoch complete!
2024-03-27 07:49:57,817 - INFO - evaluating now!
2024-03-27 07:50:16,368 - INFO - Epoch [103/300] (102128) train_loss: 23.6075, val_loss: 25.7253, lr: 0.000758, 251.50s
2024-03-27 07:54:09,161 - INFO - epoch complete!
2024-03-27 07:54:09,162 - INFO - evaluating now!
2024-03-27 07:54:27,738 - INFO - Epoch [104/300] (103110) train_loss: 23.6982, val_loss: 25.9383, lr: 0.000754, 251.37s
2024-03-27 07:58:20,619 - INFO - epoch complete!
2024-03-27 07:58:20,620 - INFO - evaluating now!
2024-03-27 07:58:39,171 - INFO - Epoch [105/300] (104092) train_loss: 23.6465, val_loss: 25.9210, lr: 0.000750, 251.43s
2024-03-27 08:02:32,158 - INFO - epoch complete!
2024-03-27 08:02:32,158 - INFO - evaluating now!
2024-03-27 08:02:50,743 - INFO - Epoch [106/300] (105074) train_loss: 23.6136, val_loss: 25.6970, lr: 0.000746, 251.57s
2024-03-27 08:06:43,387 - INFO - epoch complete!
2024-03-27 08:06:43,388 - INFO - evaluating now!
2024-03-27 08:07:01,939 - INFO - Epoch [107/300] (106056) train_loss: 23.5797, val_loss: 26.0986, lr: 0.000742, 251.20s
2024-03-27 08:10:54,667 - INFO - epoch complete!
2024-03-27 08:10:54,668 - INFO - evaluating now!
2024-03-27 08:11:13,218 - INFO - Epoch [108/300] (107038) train_loss: 23.5140, val_loss: 25.6326, lr: 0.000737, 251.28s
2024-03-27 08:15:06,065 - INFO - epoch complete!
2024-03-27 08:15:06,066 - INFO - evaluating now!
2024-03-27 08:15:24,627 - INFO - Epoch [109/300] (108020) train_loss: 23.5223, val_loss: 25.9505, lr: 0.000733, 251.41s
2024-03-27 08:19:17,507 - INFO - epoch complete!
2024-03-27 08:19:17,508 - INFO - evaluating now!
2024-03-27 08:19:36,098 - INFO - Epoch [110/300] (109002) train_loss: 23.5104, val_loss: 26.0505, lr: 0.000729, 251.47s
2024-03-27 08:23:28,911 - INFO - epoch complete!
2024-03-27 08:23:28,912 - INFO - evaluating now!
2024-03-27 08:23:47,487 - INFO - Epoch [111/300] (109984) train_loss: 23.4059, val_loss: 25.8595, lr: 0.000724, 251.39s
2024-03-27 08:27:40,234 - INFO - epoch complete!
2024-03-27 08:27:40,234 - INFO - evaluating now!
2024-03-27 08:27:58,811 - INFO - Epoch [112/300] (110966) train_loss: 23.4073, val_loss: 25.5712, lr: 0.000720, 251.32s
2024-03-27 08:31:51,594 - INFO - epoch complete!
2024-03-27 08:31:51,595 - INFO - evaluating now!
2024-03-27 08:32:10,170 - INFO - Epoch [113/300] (111948) train_loss: 23.3820, val_loss: 26.7637, lr: 0.000716, 251.36s
2024-03-27 08:36:02,875 - INFO - epoch complete!
2024-03-27 08:36:02,875 - INFO - evaluating now!
2024-03-27 08:36:21,450 - INFO - Epoch [114/300] (112930) train_loss: 23.3366, val_loss: 25.6600, lr: 0.000711, 251.28s
2024-03-27 08:40:14,080 - INFO - epoch complete!
2024-03-27 08:40:14,081 - INFO - evaluating now!
2024-03-27 08:40:32,653 - INFO - Epoch [115/300] (113912) train_loss: 23.3105, val_loss: 25.7668, lr: 0.000707, 251.20s
2024-03-27 08:44:25,081 - INFO - epoch complete!
2024-03-27 08:44:25,081 - INFO - evaluating now!
2024-03-27 08:44:43,657 - INFO - Epoch [116/300] (114894) train_loss: 23.2936, val_loss: 26.1237, lr: 0.000702, 251.00s
2024-03-27 08:48:36,364 - INFO - epoch complete!
2024-03-27 08:48:36,365 - INFO - evaluating now!
2024-03-27 08:48:54,936 - INFO - Epoch [117/300] (115876) train_loss: 23.2212, val_loss: 25.9407, lr: 0.000698, 251.28s
2024-03-27 08:52:47,843 - INFO - epoch complete!
2024-03-27 08:52:47,844 - INFO - evaluating now!
2024-03-27 08:53:06,420 - INFO - Epoch [118/300] (116858) train_loss: 23.2514, val_loss: 25.6964, lr: 0.000694, 251.48s
2024-03-27 08:56:59,296 - INFO - epoch complete!
2024-03-27 08:56:59,297 - INFO - evaluating now!
2024-03-27 08:57:17,878 - INFO - Epoch [119/300] (117840) train_loss: 23.2072, val_loss: 25.9621, lr: 0.000689, 251.46s
2024-03-27 09:01:10,581 - INFO - epoch complete!
2024-03-27 09:01:10,581 - INFO - evaluating now!
2024-03-27 09:01:29,153 - INFO - Epoch [120/300] (118822) train_loss: 23.1291, val_loss: 25.7719, lr: 0.000685, 251.27s
2024-03-27 09:05:21,731 - INFO - epoch complete!
2024-03-27 09:05:21,732 - INFO - evaluating now!
2024-03-27 09:05:40,303 - INFO - Epoch [121/300] (119804) train_loss: 23.1677, val_loss: 25.7685, lr: 0.000680, 251.15s
2024-03-27 09:09:32,961 - INFO - epoch complete!
2024-03-27 09:09:32,962 - INFO - evaluating now!
2024-03-27 09:09:51,536 - INFO - Epoch [122/300] (120786) train_loss: 23.1469, val_loss: 25.7298, lr: 0.000676, 251.23s
2024-03-27 09:13:44,479 - INFO - epoch complete!
2024-03-27 09:13:44,479 - INFO - evaluating now!
2024-03-27 09:14:03,044 - INFO - Epoch [123/300] (121768) train_loss: 23.1186, val_loss: 25.7930, lr: 0.000671, 251.51s
2024-03-27 09:17:55,907 - INFO - epoch complete!
2024-03-27 09:17:55,908 - INFO - evaluating now!
2024-03-27 09:18:14,485 - INFO - Epoch [124/300] (122750) train_loss: 23.0739, val_loss: 25.7727, lr: 0.000666, 251.44s
2024-03-27 09:22:07,467 - INFO - epoch complete!
2024-03-27 09:22:07,468 - INFO - evaluating now!
2024-03-27 09:22:26,041 - INFO - Epoch [125/300] (123732) train_loss: 23.0355, val_loss: 25.8293, lr: 0.000662, 251.56s
2024-03-27 09:26:19,029 - INFO - epoch complete!
2024-03-27 09:26:19,030 - INFO - evaluating now!
2024-03-27 09:26:37,608 - INFO - Epoch [126/300] (124714) train_loss: 23.0091, val_loss: 25.6321, lr: 0.000657, 251.57s
2024-03-27 09:30:30,401 - INFO - epoch complete!
2024-03-27 09:30:30,402 - INFO - evaluating now!
2024-03-27 09:30:48,970 - INFO - Epoch [127/300] (125696) train_loss: 23.0099, val_loss: 26.3081, lr: 0.000653, 251.36s
2024-03-27 09:34:41,728 - INFO - epoch complete!
2024-03-27 09:34:41,729 - INFO - evaluating now!
2024-03-27 09:35:00,300 - INFO - Epoch [128/300] (126678) train_loss: 23.0330, val_loss: 25.5727, lr: 0.000648, 251.33s
2024-03-27 09:38:54,399 - INFO - epoch complete!
2024-03-27 09:38:54,400 - INFO - evaluating now!
2024-03-27 09:39:12,960 - INFO - Epoch [129/300] (127660) train_loss: 22.9394, val_loss: 25.8026, lr: 0.000644, 252.66s
2024-03-27 09:43:05,158 - INFO - epoch complete!
2024-03-27 09:43:05,158 - INFO - evaluating now!
2024-03-27 09:43:23,699 - INFO - Epoch [130/300] (128642) train_loss: 22.9498, val_loss: 26.0077, lr: 0.000639, 250.74s
2024-03-27 09:47:15,421 - INFO - epoch complete!
2024-03-27 09:47:15,421 - INFO - evaluating now!
2024-03-27 09:47:33,907 - INFO - Epoch [131/300] (129624) train_loss: 22.8937, val_loss: 25.9761, lr: 0.000634, 250.21s
2024-03-27 09:51:25,576 - INFO - epoch complete!
2024-03-27 09:51:25,577 - INFO - evaluating now!
2024-03-27 09:51:44,067 - INFO - Epoch [132/300] (130606) train_loss: 22.9257, val_loss: 25.8879, lr: 0.000630, 250.16s
2024-03-27 09:55:35,900 - INFO - epoch complete!
2024-03-27 09:55:35,901 - INFO - evaluating now!
2024-03-27 09:55:54,407 - INFO - Epoch [133/300] (131588) train_loss: 22.8406, val_loss: 25.5963, lr: 0.000625, 250.34s
2024-03-27 09:59:47,399 - INFO - epoch complete!
2024-03-27 09:59:47,400 - INFO - evaluating now!
2024-03-27 10:00:06,518 - INFO - Epoch [134/300] (132570) train_loss: 22.8143, val_loss: 25.8548, lr: 0.000620, 252.11s
2024-03-27 10:04:05,936 - INFO - epoch complete!
2024-03-27 10:04:05,937 - INFO - evaluating now!
2024-03-27 10:04:25,178 - INFO - Epoch [135/300] (133552) train_loss: 22.8265, val_loss: 26.3395, lr: 0.000616, 258.66s
2024-03-27 10:08:26,252 - INFO - epoch complete!
2024-03-27 10:08:26,253 - INFO - evaluating now!
2024-03-27 10:08:44,768 - INFO - Epoch [136/300] (134534) train_loss: 22.8479, val_loss: 26.4211, lr: 0.000611, 259.59s
2024-03-27 10:12:37,578 - INFO - epoch complete!
2024-03-27 10:12:37,578 - INFO - evaluating now!
2024-03-27 10:12:56,110 - INFO - Epoch [137/300] (135516) train_loss: 22.7853, val_loss: 25.9185, lr: 0.000606, 251.34s
2024-03-27 10:16:48,957 - INFO - epoch complete!
2024-03-27 10:16:48,958 - INFO - evaluating now!
2024-03-27 10:17:07,499 - INFO - Epoch [138/300] (136498) train_loss: 22.7217, val_loss: 25.8819, lr: 0.000602, 251.39s
2024-03-27 10:21:00,256 - INFO - epoch complete!
2024-03-27 10:21:00,257 - INFO - evaluating now!
2024-03-27 10:21:18,796 - INFO - Epoch [139/300] (137480) train_loss: 22.7044, val_loss: 25.6831, lr: 0.000597, 251.30s
2024-03-27 10:25:11,800 - INFO - epoch complete!
2024-03-27 10:25:11,800 - INFO - evaluating now!
2024-03-27 10:25:30,339 - INFO - Epoch [140/300] (138462) train_loss: 22.6818, val_loss: 25.7976, lr: 0.000592, 251.54s
2024-03-27 10:29:23,833 - INFO - epoch complete!
2024-03-27 10:29:23,833 - INFO - evaluating now!
2024-03-27 10:29:42,361 - INFO - Epoch [141/300] (139444) train_loss: 22.6739, val_loss: 26.1207, lr: 0.000588, 252.02s
2024-03-27 10:33:35,714 - INFO - epoch complete!
2024-03-27 10:33:35,714 - INFO - evaluating now!
2024-03-27 10:33:54,248 - INFO - Epoch [142/300] (140426) train_loss: 22.6597, val_loss: 25.9979, lr: 0.000583, 251.89s
2024-03-27 10:37:48,570 - INFO - epoch complete!
2024-03-27 10:37:48,570 - INFO - evaluating now!
2024-03-27 10:38:07,132 - INFO - Epoch [143/300] (141408) train_loss: 22.6179, val_loss: 25.9277, lr: 0.000578, 252.88s
2024-03-27 10:42:00,088 - INFO - epoch complete!
2024-03-27 10:42:00,088 - INFO - evaluating now!
2024-03-27 10:42:18,633 - INFO - Epoch [144/300] (142390) train_loss: 22.6481, val_loss: 26.2077, lr: 0.000574, 251.50s
2024-03-27 10:42:18,633 - WARNING - Early stopping at epoch: 144
2024-03-27 10:42:18,634 - INFO - Trained totally 145 epochs, average train time is 232.673s, average eval time is 18.552s
2024-03-27 10:42:18,679 - INFO - Loaded model at 94
2024-03-27 10:42:18,679 - INFO - Saved model at ./libcity/cache/23382/model_cache/PDFormer_PeMS03.m
2024-03-27 10:42:18,722 - INFO - Start evaluating ...
2024-03-27 10:43:04,681 - INFO - Note that you select the average mode to evaluate!
2024-03-27 10:43:04,686 - INFO - Evaluate result is saved at ./libcity/cache/23382/evaluate_cache/2024_03_27_10_43_04_PDFormer_PeMS03_average.csv
2024-03-27 10:43:04,694 - INFO - 
          MAE  MAPE       RMSE  masked_MAE  masked_MAPE  masked_RMSE
1   12.622352   inf  22.089064   12.665823     0.142852    22.113995
2   12.969967   inf  22.766153   13.012325     0.147659    22.787865
3   13.291807   inf  23.351219   13.334426     0.150559    23.370201
4   13.573298   inf  23.850414   13.616342     0.152695    23.867062
5   13.814680   inf  24.281790   13.858301     0.154092    24.296659
6   14.031087   inf  24.671452   14.075060     0.155434    24.684786
7   14.230848   inf  25.033951   14.275269     0.156564    25.046017
8   14.413395   inf  25.369265   14.458394     0.157435    25.380297
9   14.584294   inf  25.681887   14.629864     0.158381    25.692034
10  14.742563   inf  25.969604   14.788500     0.159243    25.978891
11  14.896887   inf  26.241220   14.943194     0.160286    26.249821
12  15.054469   inf  26.508228   15.100863     0.161562    26.516035
