2024-03-21 01:35:27,322 - INFO - Log directory: ./libcity/log
2024-03-21 01:35:27,322 - INFO - Begin pipeline, task=traffic_state_pred, model_name=PDFormer, dataset_name=PeMS08, exp_id=2529
2024-03-21 01:35:27,322 - INFO - {'task': 'traffic_state_pred', 'model': 'PDFormer', 'dataset': 'PeMS08', 'saved_model': True, 'train': True, 'local_rank': 0, 'initial_ckpt': None, 'dataset_class': 'PDFormerDataset', 'input_window': 12, 'output_window': 12, 'train_rate': 0.6, 'eval_rate': 0.2, 'batch_size': 16, 'add_time_in_day': True, 'add_day_in_week': True, 'step_size': 2776, 'max_epoch': 300, 'bidir': True, 'far_mask_delta': 7, 'geo_num_heads': 4, 'sem_num_heads': 2, 't_num_heads': 2, 'cluster_method': 'kshape', 'cand_key_days': 21, 'seed': 1, 'type_ln': 'pre', 'set_loss': 'huber', 'huber_delta': 2, 'mode': 'average', 'executor': 'PDFormerExecutor', 'evaluator': 'TrafficStateEvaluator', 'embed_dim': 64, 'skip_dim': 256, 'mlp_ratio': 4, 'qkv_bias': True, 'drop': 0, 'attn_drop': 0, 'drop_path': 0.3, 's_attn_size': 3, 't_attn_size': 1, 'enc_depth': 6, 'type_short_path': 'hop', 'scaler': 'standard', 'load_external': True, 'normal_external': False, 'ext_scaler': 'none', 'learner': 'adamw', 'learning_rate': 0.001, 'weight_decay': 0.05, 'lr_decay': True, 'lr_scheduler': 'cosinelr', 'lr_eta_min': 0.0001, 'lr_decay_ratio': 0.1, 'lr_warmup_epoch': 5, 'lr_warmup_init': 1e-06, 'clip_grad_norm': True, 'max_grad_norm': 5, 'use_early_stop': True, 'patience': 50, 'task_level': 0, 'use_curriculum_learning': True, 'random_flip': True, 'quan_delta': 0.25, 'dtw_delta': 5, 'cache_dataset': True, 'num_workers': 0, 'pad_with_last_sample': True, 'lape_dim': 8, 'gpu': True, 'gpu_id': 0, 'train_loss': 'none', 'epoch': 0, 'lr_epsilon': 1e-08, 'lr_beta1': 0.9, 'lr_beta2': 0.999, 'lr_alpha': 0.99, 'lr_momentum': 0, 'steps': [5, 20, 40, 70], 'lr_T_max': 30, 'lr_patience': 10, 'lr_threshold': 0.0001, 'log_level': 'INFO', 'log_every': 1, 'load_best_epoch': True, 'hyper_tune': False, 'grad_accmu_steps': 1, 'metrics': ['MAE', 'MAPE', 'RMSE', 'masked_MAE', 'masked_MAPE', 'masked_RMSE'], 'save_modes': ['csv'], 'geo': {'including_types': ['Point'], 'Point': {}}, 'rel': {'including_types': ['geo'], 'geo': {'cost': 'num'}}, 'dyna': {'including_types': ['state'], 'state': {'entity_id': 'geo_id', 'traffic_flow': 'num', 'traffic_occupancy': 'num', 'traffic_speed': 'num'}}, 'data_col': ['traffic_flow'], 'weight_col': 'cost', 'data_files': ['PeMS08'], 'geo_file': 'PeMS08', 'rel_file': 'PeMS08', 'adp_file': 'PeMS08', 'output_dim': 1, 'time_intervals': 300, 'init_weight_inf_or_zero': 'zero', 'set_weight_link_or_dist': 'link', 'calculate_weight_adj': False, 'weight_adj_epsilon': 0.1, 'distributed': False, 'device': device(type='cuda', index=0), 'exp_id': 2529}
2024-03-21 01:35:27,603 - INFO - Loaded file PeMS08.geo, num_nodes=170
2024-03-21 01:35:27,605 - INFO - set_weight_link_or_dist: link
2024-03-21 01:35:27,605 - INFO - init_weight_inf_or_zero: zero
2024-03-21 01:35:27,607 - INFO - Loaded file PeMS08.rel, shape=(170, 170)
2024-03-21 01:35:27,607 - INFO - Max adj_mx value = 1.0
2024-03-21 01:35:38,220 - INFO - Loading file PeMS08.dyna
2024-03-21 01:35:40,454 - INFO - Loaded file PeMS08.dyna, shape=(17856, 170, 1)
2024-03-21 01:35:40,475 - INFO - Load DTW matrix from ./libcity/cache/dataset_cache/dtw_PeMS08.npy
2024-03-21 01:35:40,476 - INFO - Loading ./libcity/cache/dataset_cache/pdformer_point_based_PeMS08_12_12_0.6_1_0.2_standard_16_True_True_True_True_traffic_flow.npz
2024-03-21 01:35:47,617 - INFO - train	x: (10700, 12, 170, 9), y: (10700, 12, 170, 9), ind: (10700,)
2024-03-21 01:35:47,617 - INFO - eval	x: (3566, 12, 170, 9), y: (3566, 12, 170, 9), ind: (3566,)
2024-03-21 01:35:47,617 - INFO - test	x: (3567, 12, 170, 9), y: (3567, 12, 170, 9), ind: (3567,)
2024-03-21 01:35:48,036 - INFO - StandardScaler mean: 229.8431355598314, std: 145.62553066568907
2024-03-21 01:35:48,036 - INFO - NoneScaler
2024-03-21 01:35:49,210 - INFO - Loaded file ./libcity/cache/dataset_cache/pattern_keys_kshape_PeMS08_21_3_16_5.npy
2024-03-21 01:35:49,217 - INFO - Use use_curriculum_learning!
2024-03-21 01:35:53,074 - INFO - Number of isolated points: 0
2024-03-21 01:35:53,085 - INFO - Number of isolated points: 0
2024-03-21 01:35:53,176 - INFO - PDFormer(
  (pattern_embeddings): ModuleList(
    (0): TokenEmbedding(
      (token_embed): Linear(in_features=3, out_features=64, bias=True)
      (norm): Identity()
    )
  )
  (enc_embed_layer): DataEmbedding(
    (value_embedding): TokenEmbedding(
      (token_embed): Linear(in_features=1, out_features=64, bias=True)
      (norm): Identity()
    )
    (position_encoding): PositionalEncoding()
    (daytime_embedding): Embedding(1440, 64)
    (weekday_embedding): Embedding(7, 64)
    (spatial_embedding): LaplacianPE(
      (embedding_lap_pos_enc): Linear(in_features=8, out_features=64, bias=True)
    )
    (tempp_embedding): Linear(in_features=8, out_features=64, bias=True)
    (dropout): Dropout(p=0, inplace=False)
  )
  (encoder_blocks): ModuleList(
    (0): STEncoderBlock(
      (norm1): LayerNorm((64,), eps=1e-06, elementwise_affine=True)
      (st_attn): STSelfAttention(
        (pattern_q_linears): ModuleList(
          (0): Linear(in_features=64, out_features=32, bias=True)
        )
        (pattern_k_linears): ModuleList(
          (0): Linear(in_features=64, out_features=32, bias=True)
        )
        (pattern_v_linears): ModuleList(
          (0): Linear(in_features=64, out_features=32, bias=True)
        )
        (geo_q_conv): Conv2d(64, 32, kernel_size=(1, 1), stride=(1, 1))
        (geo_k_conv): Conv2d(64, 32, kernel_size=(1, 1), stride=(1, 1))
        (geo_v_conv): Conv2d(64, 32, kernel_size=(1, 1), stride=(1, 1))
        (geo_attn_drop): Dropout(p=0, inplace=False)
        (sem_q_conv): Conv2d(64, 16, kernel_size=(1, 1), stride=(1, 1))
        (sem_k_conv): Conv2d(64, 16, kernel_size=(1, 1), stride=(1, 1))
        (sem_v_conv): Conv2d(64, 16, kernel_size=(1, 1), stride=(1, 1))
        (sem_attn_drop): Dropout(p=0, inplace=False)
        (t_q_conv): Conv2d(64, 16, kernel_size=(1, 3), stride=(1, 1), padding=(0, 1))
        (t_k_conv): Conv2d(64, 16, kernel_size=(1, 3), stride=(1, 1), padding=(0, 1))
        (t_v_conv): Conv2d(64, 16, kernel_size=(1, 1), stride=(1, 1))
        (t_attn_drop): Dropout(p=0, inplace=False)
        (proj): Linear(in_features=48, out_features=64, bias=True)
        (proj_drop): Dropout(p=0, inplace=False)
        (gconv): gcn(
          (nconv): nconv()
          (mlp): linear(
            (mlp): Conv2d(96, 32, kernel_size=(1, 1), stride=(1, 1))
          )
        )
        (reshape1): Linear(in_features=64, out_features=32, bias=True)
        (reshape2): Linear(in_features=32, out_features=64, bias=True)
      )
      (drop_path): Identity()
      (norm2): LayerNorm((64,), eps=1e-06, elementwise_affine=True)
      (mlp): Mlp(
        (fc1): Linear(in_features=64, out_features=256, bias=True)
        (act): GELU()
        (fc2): Linear(in_features=256, out_features=64, bias=True)
        (drop): Dropout(p=0, inplace=False)
      )
    )
    (1): STEncoderBlock(
      (norm1): LayerNorm((64,), eps=1e-06, elementwise_affine=True)
      (st_attn): STSelfAttention(
        (pattern_q_linears): ModuleList(
          (0): Linear(in_features=64, out_features=32, bias=True)
        )
        (pattern_k_linears): ModuleList(
          (0): Linear(in_features=64, out_features=32, bias=True)
        )
        (pattern_v_linears): ModuleList(
          (0): Linear(in_features=64, out_features=32, bias=True)
        )
        (geo_q_conv): Conv2d(64, 32, kernel_size=(1, 1), stride=(1, 1))
        (geo_k_conv): Conv2d(64, 32, kernel_size=(1, 1), stride=(1, 1))
        (geo_v_conv): Conv2d(64, 32, kernel_size=(1, 1), stride=(1, 1))
        (geo_attn_drop): Dropout(p=0, inplace=False)
        (sem_q_conv): Conv2d(64, 16, kernel_size=(1, 1), stride=(1, 1))
        (sem_k_conv): Conv2d(64, 16, kernel_size=(1, 1), stride=(1, 1))
        (sem_v_conv): Conv2d(64, 16, kernel_size=(1, 1), stride=(1, 1))
        (sem_attn_drop): Dropout(p=0, inplace=False)
        (t_q_conv): Conv2d(64, 16, kernel_size=(1, 3), stride=(1, 1), padding=(0, 1))
        (t_k_conv): Conv2d(64, 16, kernel_size=(1, 3), stride=(1, 1), padding=(0, 1))
        (t_v_conv): Conv2d(64, 16, kernel_size=(1, 1), stride=(1, 1))
        (t_attn_drop): Dropout(p=0, inplace=False)
        (proj): Linear(in_features=48, out_features=64, bias=True)
        (proj_drop): Dropout(p=0, inplace=False)
        (gconv): gcn(
          (nconv): nconv()
          (mlp): linear(
            (mlp): Conv2d(96, 32, kernel_size=(1, 1), stride=(1, 1))
          )
        )
        (reshape1): Linear(in_features=64, out_features=32, bias=True)
        (reshape2): Linear(in_features=32, out_features=64, bias=True)
      )
      (drop_path): DropPath()
      (norm2): LayerNorm((64,), eps=1e-06, elementwise_affine=True)
      (mlp): Mlp(
        (fc1): Linear(in_features=64, out_features=256, bias=True)
        (act): GELU()
        (fc2): Linear(in_features=256, out_features=64, bias=True)
        (drop): Dropout(p=0, inplace=False)
      )
    )
    (2): STEncoderBlock(
      (norm1): LayerNorm((64,), eps=1e-06, elementwise_affine=True)
      (st_attn): STSelfAttention(
        (pattern_q_linears): ModuleList(
          (0): Linear(in_features=64, out_features=32, bias=True)
        )
        (pattern_k_linears): ModuleList(
          (0): Linear(in_features=64, out_features=32, bias=True)
        )
        (pattern_v_linears): ModuleList(
          (0): Linear(in_features=64, out_features=32, bias=True)
        )
        (geo_q_conv): Conv2d(64, 32, kernel_size=(1, 1), stride=(1, 1))
        (geo_k_conv): Conv2d(64, 32, kernel_size=(1, 1), stride=(1, 1))
        (geo_v_conv): Conv2d(64, 32, kernel_size=(1, 1), stride=(1, 1))
        (geo_attn_drop): Dropout(p=0, inplace=False)
        (sem_q_conv): Conv2d(64, 16, kernel_size=(1, 1), stride=(1, 1))
        (sem_k_conv): Conv2d(64, 16, kernel_size=(1, 1), stride=(1, 1))
        (sem_v_conv): Conv2d(64, 16, kernel_size=(1, 1), stride=(1, 1))
        (sem_attn_drop): Dropout(p=0, inplace=False)
        (t_q_conv): Conv2d(64, 16, kernel_size=(1, 3), stride=(1, 1), padding=(0, 1))
        (t_k_conv): Conv2d(64, 16, kernel_size=(1, 3), stride=(1, 1), padding=(0, 1))
        (t_v_conv): Conv2d(64, 16, kernel_size=(1, 1), stride=(1, 1))
        (t_attn_drop): Dropout(p=0, inplace=False)
        (proj): Linear(in_features=48, out_features=64, bias=True)
        (proj_drop): Dropout(p=0, inplace=False)
        (gconv): gcn(
          (nconv): nconv()
          (mlp): linear(
            (mlp): Conv2d(96, 32, kernel_size=(1, 1), stride=(1, 1))
          )
        )
        (reshape1): Linear(in_features=64, out_features=32, bias=True)
        (reshape2): Linear(in_features=32, out_features=64, bias=True)
      )
      (drop_path): DropPath()
      (norm2): LayerNorm((64,), eps=1e-06, elementwise_affine=True)
      (mlp): Mlp(
        (fc1): Linear(in_features=64, out_features=256, bias=True)
        (act): GELU()
        (fc2): Linear(in_features=256, out_features=64, bias=True)
        (drop): Dropout(p=0, inplace=False)
      )
    )
    (3): STEncoderBlock(
      (norm1): LayerNorm((64,), eps=1e-06, elementwise_affine=True)
      (st_attn): STSelfAttention(
        (pattern_q_linears): ModuleList(
          (0): Linear(in_features=64, out_features=32, bias=True)
        )
        (pattern_k_linears): ModuleList(
          (0): Linear(in_features=64, out_features=32, bias=True)
        )
        (pattern_v_linears): ModuleList(
          (0): Linear(in_features=64, out_features=32, bias=True)
        )
        (geo_q_conv): Conv2d(64, 32, kernel_size=(1, 1), stride=(1, 1))
        (geo_k_conv): Conv2d(64, 32, kernel_size=(1, 1), stride=(1, 1))
        (geo_v_conv): Conv2d(64, 32, kernel_size=(1, 1), stride=(1, 1))
        (geo_attn_drop): Dropout(p=0, inplace=False)
        (sem_q_conv): Conv2d(64, 16, kernel_size=(1, 1), stride=(1, 1))
        (sem_k_conv): Conv2d(64, 16, kernel_size=(1, 1), stride=(1, 1))
        (sem_v_conv): Conv2d(64, 16, kernel_size=(1, 1), stride=(1, 1))
        (sem_attn_drop): Dropout(p=0, inplace=False)
        (t_q_conv): Conv2d(64, 16, kernel_size=(1, 3), stride=(1, 1), padding=(0, 1))
        (t_k_conv): Conv2d(64, 16, kernel_size=(1, 3), stride=(1, 1), padding=(0, 1))
        (t_v_conv): Conv2d(64, 16, kernel_size=(1, 1), stride=(1, 1))
        (t_attn_drop): Dropout(p=0, inplace=False)
        (proj): Linear(in_features=48, out_features=64, bias=True)
        (proj_drop): Dropout(p=0, inplace=False)
        (gconv): gcn(
          (nconv): nconv()
          (mlp): linear(
            (mlp): Conv2d(96, 32, kernel_size=(1, 1), stride=(1, 1))
          )
        )
        (reshape1): Linear(in_features=64, out_features=32, bias=True)
        (reshape2): Linear(in_features=32, out_features=64, bias=True)
      )
      (drop_path): DropPath()
      (norm2): LayerNorm((64,), eps=1e-06, elementwise_affine=True)
      (mlp): Mlp(
        (fc1): Linear(in_features=64, out_features=256, bias=True)
        (act): GELU()
        (fc2): Linear(in_features=256, out_features=64, bias=True)
        (drop): Dropout(p=0, inplace=False)
      )
    )
    (4): STEncoderBlock(
      (norm1): LayerNorm((64,), eps=1e-06, elementwise_affine=True)
      (st_attn): STSelfAttention(
        (pattern_q_linears): ModuleList(
          (0): Linear(in_features=64, out_features=32, bias=True)
        )
        (pattern_k_linears): ModuleList(
          (0): Linear(in_features=64, out_features=32, bias=True)
        )
        (pattern_v_linears): ModuleList(
          (0): Linear(in_features=64, out_features=32, bias=True)
        )
        (geo_q_conv): Conv2d(64, 32, kernel_size=(1, 1), stride=(1, 1))
        (geo_k_conv): Conv2d(64, 32, kernel_size=(1, 1), stride=(1, 1))
        (geo_v_conv): Conv2d(64, 32, kernel_size=(1, 1), stride=(1, 1))
        (geo_attn_drop): Dropout(p=0, inplace=False)
        (sem_q_conv): Conv2d(64, 16, kernel_size=(1, 1), stride=(1, 1))
        (sem_k_conv): Conv2d(64, 16, kernel_size=(1, 1), stride=(1, 1))
        (sem_v_conv): Conv2d(64, 16, kernel_size=(1, 1), stride=(1, 1))
        (sem_attn_drop): Dropout(p=0, inplace=False)
        (t_q_conv): Conv2d(64, 16, kernel_size=(1, 3), stride=(1, 1), padding=(0, 1))
        (t_k_conv): Conv2d(64, 16, kernel_size=(1, 3), stride=(1, 1), padding=(0, 1))
        (t_v_conv): Conv2d(64, 16, kernel_size=(1, 1), stride=(1, 1))
        (t_attn_drop): Dropout(p=0, inplace=False)
        (proj): Linear(in_features=48, out_features=64, bias=True)
        (proj_drop): Dropout(p=0, inplace=False)
        (gconv): gcn(
          (nconv): nconv()
          (mlp): linear(
            (mlp): Conv2d(96, 32, kernel_size=(1, 1), stride=(1, 1))
          )
        )
        (reshape1): Linear(in_features=64, out_features=32, bias=True)
        (reshape2): Linear(in_features=32, out_features=64, bias=True)
      )
      (drop_path): DropPath()
      (norm2): LayerNorm((64,), eps=1e-06, elementwise_affine=True)
      (mlp): Mlp(
        (fc1): Linear(in_features=64, out_features=256, bias=True)
        (act): GELU()
        (fc2): Linear(in_features=256, out_features=64, bias=True)
        (drop): Dropout(p=0, inplace=False)
      )
    )
    (5): STEncoderBlock(
      (norm1): LayerNorm((64,), eps=1e-06, elementwise_affine=True)
      (st_attn): STSelfAttention(
        (pattern_q_linears): ModuleList(
          (0): Linear(in_features=64, out_features=32, bias=True)
        )
        (pattern_k_linears): ModuleList(
          (0): Linear(in_features=64, out_features=32, bias=True)
        )
        (pattern_v_linears): ModuleList(
          (0): Linear(in_features=64, out_features=32, bias=True)
        )
        (geo_q_conv): Conv2d(64, 32, kernel_size=(1, 1), stride=(1, 1))
        (geo_k_conv): Conv2d(64, 32, kernel_size=(1, 1), stride=(1, 1))
        (geo_v_conv): Conv2d(64, 32, kernel_size=(1, 1), stride=(1, 1))
        (geo_attn_drop): Dropout(p=0, inplace=False)
        (sem_q_conv): Conv2d(64, 16, kernel_size=(1, 1), stride=(1, 1))
        (sem_k_conv): Conv2d(64, 16, kernel_size=(1, 1), stride=(1, 1))
        (sem_v_conv): Conv2d(64, 16, kernel_size=(1, 1), stride=(1, 1))
        (sem_attn_drop): Dropout(p=0, inplace=False)
        (t_q_conv): Conv2d(64, 16, kernel_size=(1, 3), stride=(1, 1), padding=(0, 1))
        (t_k_conv): Conv2d(64, 16, kernel_size=(1, 3), stride=(1, 1), padding=(0, 1))
        (t_v_conv): Conv2d(64, 16, kernel_size=(1, 1), stride=(1, 1))
        (t_attn_drop): Dropout(p=0, inplace=False)
        (proj): Linear(in_features=48, out_features=64, bias=True)
        (proj_drop): Dropout(p=0, inplace=False)
        (gconv): gcn(
          (nconv): nconv()
          (mlp): linear(
            (mlp): Conv2d(96, 32, kernel_size=(1, 1), stride=(1, 1))
          )
        )
        (reshape1): Linear(in_features=64, out_features=32, bias=True)
        (reshape2): Linear(in_features=32, out_features=64, bias=True)
      )
      (drop_path): DropPath()
      (norm2): LayerNorm((64,), eps=1e-06, elementwise_affine=True)
      (mlp): Mlp(
        (fc1): Linear(in_features=64, out_features=256, bias=True)
        (act): GELU()
        (fc2): Linear(in_features=256, out_features=64, bias=True)
        (drop): Dropout(p=0, inplace=False)
      )
    )
  )
  (skip_convs): ModuleList(
    (0): Conv2d(64, 256, kernel_size=(1, 1), stride=(1, 1))
    (1): Conv2d(64, 256, kernel_size=(1, 1), stride=(1, 1))
    (2): Conv2d(64, 256, kernel_size=(1, 1), stride=(1, 1))
    (3): Conv2d(64, 256, kernel_size=(1, 1), stride=(1, 1))
    (4): Conv2d(64, 256, kernel_size=(1, 1), stride=(1, 1))
    (5): Conv2d(64, 256, kernel_size=(1, 1), stride=(1, 1))
  )
  (end_conv1): Conv2d(12, 12, kernel_size=(1, 1), stride=(1, 1))
  (end_conv2): Conv2d(256, 1, kernel_size=(1, 1), stride=(1, 1))
)
2024-03-21 01:35:53,179 - INFO - pattern_embeddings.0.token_embed.weight	torch.Size([64, 3])	cuda:0	True
2024-03-21 01:35:53,179 - INFO - pattern_embeddings.0.token_embed.bias	torch.Size([64])	cuda:0	True
2024-03-21 01:35:53,179 - INFO - enc_embed_layer.value_embedding.token_embed.weight	torch.Size([64, 1])	cuda:0	True
2024-03-21 01:35:53,179 - INFO - enc_embed_layer.value_embedding.token_embed.bias	torch.Size([64])	cuda:0	True
2024-03-21 01:35:53,179 - INFO - enc_embed_layer.daytime_embedding.weight	torch.Size([1440, 64])	cuda:0	True
2024-03-21 01:35:53,179 - INFO - enc_embed_layer.weekday_embedding.weight	torch.Size([7, 64])	cuda:0	True
2024-03-21 01:35:53,179 - INFO - enc_embed_layer.spatial_embedding.embedding_lap_pos_enc.weight	torch.Size([64, 8])	cuda:0	True
2024-03-21 01:35:53,179 - INFO - enc_embed_layer.spatial_embedding.embedding_lap_pos_enc.bias	torch.Size([64])	cuda:0	True
2024-03-21 01:35:53,179 - INFO - enc_embed_layer.tempp_embedding.weight	torch.Size([64, 8])	cuda:0	True
2024-03-21 01:35:53,179 - INFO - enc_embed_layer.tempp_embedding.bias	torch.Size([64])	cuda:0	True
2024-03-21 01:35:53,179 - INFO - encoder_blocks.0.norm1.weight	torch.Size([64])	cuda:0	True
2024-03-21 01:35:53,179 - INFO - encoder_blocks.0.norm1.bias	torch.Size([64])	cuda:0	True
2024-03-21 01:35:53,179 - INFO - encoder_blocks.0.st_attn.nodevec_p1	torch.Size([288, 40])	cuda:0	True
2024-03-21 01:35:53,179 - INFO - encoder_blocks.0.st_attn.nodevec_p2	torch.Size([170, 40])	cuda:0	True
2024-03-21 01:35:53,179 - INFO - encoder_blocks.0.st_attn.nodevec_p3	torch.Size([170, 40])	cuda:0	True
2024-03-21 01:35:53,179 - INFO - encoder_blocks.0.st_attn.nodevec_pk	torch.Size([40, 40, 40])	cuda:0	True
2024-03-21 01:35:53,179 - INFO - encoder_blocks.0.st_attn.pattern_q_linears.0.weight	torch.Size([32, 64])	cuda:0	True
2024-03-21 01:35:53,179 - INFO - encoder_blocks.0.st_attn.pattern_q_linears.0.bias	torch.Size([32])	cuda:0	True
2024-03-21 01:35:53,180 - INFO - encoder_blocks.0.st_attn.pattern_k_linears.0.weight	torch.Size([32, 64])	cuda:0	True
2024-03-21 01:35:53,180 - INFO - encoder_blocks.0.st_attn.pattern_k_linears.0.bias	torch.Size([32])	cuda:0	True
2024-03-21 01:35:53,180 - INFO - encoder_blocks.0.st_attn.pattern_v_linears.0.weight	torch.Size([32, 64])	cuda:0	True
2024-03-21 01:35:53,180 - INFO - encoder_blocks.0.st_attn.pattern_v_linears.0.bias	torch.Size([32])	cuda:0	True
2024-03-21 01:35:53,180 - INFO - encoder_blocks.0.st_attn.geo_q_conv.weight	torch.Size([32, 64, 1, 1])	cuda:0	True
2024-03-21 01:35:53,180 - INFO - encoder_blocks.0.st_attn.geo_q_conv.bias	torch.Size([32])	cuda:0	True
2024-03-21 01:35:53,180 - INFO - encoder_blocks.0.st_attn.geo_k_conv.weight	torch.Size([32, 64, 1, 1])	cuda:0	True
2024-03-21 01:35:53,180 - INFO - encoder_blocks.0.st_attn.geo_k_conv.bias	torch.Size([32])	cuda:0	True
2024-03-21 01:35:53,180 - INFO - encoder_blocks.0.st_attn.geo_v_conv.weight	torch.Size([32, 64, 1, 1])	cuda:0	True
2024-03-21 01:35:53,180 - INFO - encoder_blocks.0.st_attn.geo_v_conv.bias	torch.Size([32])	cuda:0	True
2024-03-21 01:35:53,180 - INFO - encoder_blocks.0.st_attn.sem_q_conv.weight	torch.Size([16, 64, 1, 1])	cuda:0	True
2024-03-21 01:35:53,180 - INFO - encoder_blocks.0.st_attn.sem_q_conv.bias	torch.Size([16])	cuda:0	True
2024-03-21 01:35:53,180 - INFO - encoder_blocks.0.st_attn.sem_k_conv.weight	torch.Size([16, 64, 1, 1])	cuda:0	True
2024-03-21 01:35:53,180 - INFO - encoder_blocks.0.st_attn.sem_k_conv.bias	torch.Size([16])	cuda:0	True
2024-03-21 01:35:53,180 - INFO - encoder_blocks.0.st_attn.sem_v_conv.weight	torch.Size([16, 64, 1, 1])	cuda:0	True
2024-03-21 01:35:53,180 - INFO - encoder_blocks.0.st_attn.sem_v_conv.bias	torch.Size([16])	cuda:0	True
2024-03-21 01:35:53,180 - INFO - encoder_blocks.0.st_attn.t_q_conv.weight	torch.Size([16, 64, 1, 3])	cuda:0	True
2024-03-21 01:35:53,180 - INFO - encoder_blocks.0.st_attn.t_q_conv.bias	torch.Size([16])	cuda:0	True
2024-03-21 01:35:53,180 - INFO - encoder_blocks.0.st_attn.t_k_conv.weight	torch.Size([16, 64, 1, 3])	cuda:0	True
2024-03-21 01:35:53,180 - INFO - encoder_blocks.0.st_attn.t_k_conv.bias	torch.Size([16])	cuda:0	True
2024-03-21 01:35:53,180 - INFO - encoder_blocks.0.st_attn.t_v_conv.weight	torch.Size([16, 64, 1, 1])	cuda:0	True
2024-03-21 01:35:53,180 - INFO - encoder_blocks.0.st_attn.t_v_conv.bias	torch.Size([16])	cuda:0	True
2024-03-21 01:35:53,180 - INFO - encoder_blocks.0.st_attn.proj.weight	torch.Size([64, 48])	cuda:0	True
2024-03-21 01:35:53,180 - INFO - encoder_blocks.0.st_attn.proj.bias	torch.Size([64])	cuda:0	True
2024-03-21 01:35:53,180 - INFO - encoder_blocks.0.st_attn.gconv.mlp.mlp.weight	torch.Size([32, 96, 1, 1])	cuda:0	True
2024-03-21 01:35:53,180 - INFO - encoder_blocks.0.st_attn.gconv.mlp.mlp.bias	torch.Size([32])	cuda:0	True
2024-03-21 01:35:53,180 - INFO - encoder_blocks.0.st_attn.reshape1.weight	torch.Size([32, 64])	cuda:0	True
2024-03-21 01:35:53,181 - INFO - encoder_blocks.0.st_attn.reshape1.bias	torch.Size([32])	cuda:0	True
2024-03-21 01:35:53,181 - INFO - encoder_blocks.0.st_attn.reshape2.weight	torch.Size([64, 32])	cuda:0	True
2024-03-21 01:35:53,181 - INFO - encoder_blocks.0.st_attn.reshape2.bias	torch.Size([64])	cuda:0	True
2024-03-21 01:35:53,181 - INFO - encoder_blocks.0.norm2.weight	torch.Size([64])	cuda:0	True
2024-03-21 01:35:53,181 - INFO - encoder_blocks.0.norm2.bias	torch.Size([64])	cuda:0	True
2024-03-21 01:35:53,181 - INFO - encoder_blocks.0.mlp.fc1.weight	torch.Size([256, 64])	cuda:0	True
2024-03-21 01:35:53,181 - INFO - encoder_blocks.0.mlp.fc1.bias	torch.Size([256])	cuda:0	True
2024-03-21 01:35:53,181 - INFO - encoder_blocks.0.mlp.fc2.weight	torch.Size([64, 256])	cuda:0	True
2024-03-21 01:35:53,181 - INFO - encoder_blocks.0.mlp.fc2.bias	torch.Size([64])	cuda:0	True
2024-03-21 01:35:53,181 - INFO - encoder_blocks.1.norm1.weight	torch.Size([64])	cuda:0	True
2024-03-21 01:35:53,181 - INFO - encoder_blocks.1.norm1.bias	torch.Size([64])	cuda:0	True
2024-03-21 01:35:53,181 - INFO - encoder_blocks.1.st_attn.nodevec_p1	torch.Size([288, 40])	cuda:0	True
2024-03-21 01:35:53,181 - INFO - encoder_blocks.1.st_attn.nodevec_p2	torch.Size([170, 40])	cuda:0	True
2024-03-21 01:35:53,181 - INFO - encoder_blocks.1.st_attn.nodevec_p3	torch.Size([170, 40])	cuda:0	True
2024-03-21 01:35:53,181 - INFO - encoder_blocks.1.st_attn.nodevec_pk	torch.Size([40, 40, 40])	cuda:0	True
2024-03-21 01:35:53,181 - INFO - encoder_blocks.1.st_attn.pattern_q_linears.0.weight	torch.Size([32, 64])	cuda:0	True
2024-03-21 01:35:53,181 - INFO - encoder_blocks.1.st_attn.pattern_q_linears.0.bias	torch.Size([32])	cuda:0	True
2024-03-21 01:35:53,181 - INFO - encoder_blocks.1.st_attn.pattern_k_linears.0.weight	torch.Size([32, 64])	cuda:0	True
2024-03-21 01:35:53,181 - INFO - encoder_blocks.1.st_attn.pattern_k_linears.0.bias	torch.Size([32])	cuda:0	True
2024-03-21 01:35:53,181 - INFO - encoder_blocks.1.st_attn.pattern_v_linears.0.weight	torch.Size([32, 64])	cuda:0	True
2024-03-21 01:35:53,181 - INFO - encoder_blocks.1.st_attn.pattern_v_linears.0.bias	torch.Size([32])	cuda:0	True
2024-03-21 01:35:53,181 - INFO - encoder_blocks.1.st_attn.geo_q_conv.weight	torch.Size([32, 64, 1, 1])	cuda:0	True
2024-03-21 01:35:53,181 - INFO - encoder_blocks.1.st_attn.geo_q_conv.bias	torch.Size([32])	cuda:0	True
2024-03-21 01:35:53,181 - INFO - encoder_blocks.1.st_attn.geo_k_conv.weight	torch.Size([32, 64, 1, 1])	cuda:0	True
2024-03-21 01:35:53,181 - INFO - encoder_blocks.1.st_attn.geo_k_conv.bias	torch.Size([32])	cuda:0	True
2024-03-21 01:35:53,181 - INFO - encoder_blocks.1.st_attn.geo_v_conv.weight	torch.Size([32, 64, 1, 1])	cuda:0	True
2024-03-21 01:35:53,182 - INFO - encoder_blocks.1.st_attn.geo_v_conv.bias	torch.Size([32])	cuda:0	True
2024-03-21 01:35:53,182 - INFO - encoder_blocks.1.st_attn.sem_q_conv.weight	torch.Size([16, 64, 1, 1])	cuda:0	True
2024-03-21 01:35:53,182 - INFO - encoder_blocks.1.st_attn.sem_q_conv.bias	torch.Size([16])	cuda:0	True
2024-03-21 01:35:53,182 - INFO - encoder_blocks.1.st_attn.sem_k_conv.weight	torch.Size([16, 64, 1, 1])	cuda:0	True
2024-03-21 01:35:53,182 - INFO - encoder_blocks.1.st_attn.sem_k_conv.bias	torch.Size([16])	cuda:0	True
2024-03-21 01:35:53,182 - INFO - encoder_blocks.1.st_attn.sem_v_conv.weight	torch.Size([16, 64, 1, 1])	cuda:0	True
2024-03-21 01:35:53,182 - INFO - encoder_blocks.1.st_attn.sem_v_conv.bias	torch.Size([16])	cuda:0	True
2024-03-21 01:35:53,182 - INFO - encoder_blocks.1.st_attn.t_q_conv.weight	torch.Size([16, 64, 1, 3])	cuda:0	True
2024-03-21 01:35:53,182 - INFO - encoder_blocks.1.st_attn.t_q_conv.bias	torch.Size([16])	cuda:0	True
2024-03-21 01:35:53,182 - INFO - encoder_blocks.1.st_attn.t_k_conv.weight	torch.Size([16, 64, 1, 3])	cuda:0	True
2024-03-21 01:35:53,182 - INFO - encoder_blocks.1.st_attn.t_k_conv.bias	torch.Size([16])	cuda:0	True
2024-03-21 01:35:53,182 - INFO - encoder_blocks.1.st_attn.t_v_conv.weight	torch.Size([16, 64, 1, 1])	cuda:0	True
2024-03-21 01:35:53,182 - INFO - encoder_blocks.1.st_attn.t_v_conv.bias	torch.Size([16])	cuda:0	True
2024-03-21 01:35:53,182 - INFO - encoder_blocks.1.st_attn.proj.weight	torch.Size([64, 48])	cuda:0	True
2024-03-21 01:35:53,182 - INFO - encoder_blocks.1.st_attn.proj.bias	torch.Size([64])	cuda:0	True
2024-03-21 01:35:53,182 - INFO - encoder_blocks.1.st_attn.gconv.mlp.mlp.weight	torch.Size([32, 96, 1, 1])	cuda:0	True
2024-03-21 01:35:53,182 - INFO - encoder_blocks.1.st_attn.gconv.mlp.mlp.bias	torch.Size([32])	cuda:0	True
2024-03-21 01:35:53,182 - INFO - encoder_blocks.1.st_attn.reshape1.weight	torch.Size([32, 64])	cuda:0	True
2024-03-21 01:35:53,182 - INFO - encoder_blocks.1.st_attn.reshape1.bias	torch.Size([32])	cuda:0	True
2024-03-21 01:35:53,182 - INFO - encoder_blocks.1.st_attn.reshape2.weight	torch.Size([64, 32])	cuda:0	True
2024-03-21 01:35:53,182 - INFO - encoder_blocks.1.st_attn.reshape2.bias	torch.Size([64])	cuda:0	True
2024-03-21 01:35:53,182 - INFO - encoder_blocks.1.norm2.weight	torch.Size([64])	cuda:0	True
2024-03-21 01:35:53,182 - INFO - encoder_blocks.1.norm2.bias	torch.Size([64])	cuda:0	True
2024-03-21 01:35:53,182 - INFO - encoder_blocks.1.mlp.fc1.weight	torch.Size([256, 64])	cuda:0	True
2024-03-21 01:35:53,182 - INFO - encoder_blocks.1.mlp.fc1.bias	torch.Size([256])	cuda:0	True
2024-03-21 01:35:53,182 - INFO - encoder_blocks.1.mlp.fc2.weight	torch.Size([64, 256])	cuda:0	True
2024-03-21 01:35:53,183 - INFO - encoder_blocks.1.mlp.fc2.bias	torch.Size([64])	cuda:0	True
2024-03-21 01:35:53,183 - INFO - encoder_blocks.2.norm1.weight	torch.Size([64])	cuda:0	True
2024-03-21 01:35:53,183 - INFO - encoder_blocks.2.norm1.bias	torch.Size([64])	cuda:0	True
2024-03-21 01:35:53,183 - INFO - encoder_blocks.2.st_attn.nodevec_p1	torch.Size([288, 40])	cuda:0	True
2024-03-21 01:35:53,183 - INFO - encoder_blocks.2.st_attn.nodevec_p2	torch.Size([170, 40])	cuda:0	True
2024-03-21 01:35:53,183 - INFO - encoder_blocks.2.st_attn.nodevec_p3	torch.Size([170, 40])	cuda:0	True
2024-03-21 01:35:53,183 - INFO - encoder_blocks.2.st_attn.nodevec_pk	torch.Size([40, 40, 40])	cuda:0	True
2024-03-21 01:35:53,183 - INFO - encoder_blocks.2.st_attn.pattern_q_linears.0.weight	torch.Size([32, 64])	cuda:0	True
2024-03-21 01:35:53,183 - INFO - encoder_blocks.2.st_attn.pattern_q_linears.0.bias	torch.Size([32])	cuda:0	True
2024-03-21 01:35:53,183 - INFO - encoder_blocks.2.st_attn.pattern_k_linears.0.weight	torch.Size([32, 64])	cuda:0	True
2024-03-21 01:35:53,183 - INFO - encoder_blocks.2.st_attn.pattern_k_linears.0.bias	torch.Size([32])	cuda:0	True
2024-03-21 01:35:53,183 - INFO - encoder_blocks.2.st_attn.pattern_v_linears.0.weight	torch.Size([32, 64])	cuda:0	True
2024-03-21 01:35:53,183 - INFO - encoder_blocks.2.st_attn.pattern_v_linears.0.bias	torch.Size([32])	cuda:0	True
2024-03-21 01:35:53,183 - INFO - encoder_blocks.2.st_attn.geo_q_conv.weight	torch.Size([32, 64, 1, 1])	cuda:0	True
2024-03-21 01:35:53,183 - INFO - encoder_blocks.2.st_attn.geo_q_conv.bias	torch.Size([32])	cuda:0	True
2024-03-21 01:35:53,183 - INFO - encoder_blocks.2.st_attn.geo_k_conv.weight	torch.Size([32, 64, 1, 1])	cuda:0	True
2024-03-21 01:35:53,183 - INFO - encoder_blocks.2.st_attn.geo_k_conv.bias	torch.Size([32])	cuda:0	True
2024-03-21 01:35:53,183 - INFO - encoder_blocks.2.st_attn.geo_v_conv.weight	torch.Size([32, 64, 1, 1])	cuda:0	True
2024-03-21 01:35:53,183 - INFO - encoder_blocks.2.st_attn.geo_v_conv.bias	torch.Size([32])	cuda:0	True
2024-03-21 01:35:53,183 - INFO - encoder_blocks.2.st_attn.sem_q_conv.weight	torch.Size([16, 64, 1, 1])	cuda:0	True
2024-03-21 01:35:53,183 - INFO - encoder_blocks.2.st_attn.sem_q_conv.bias	torch.Size([16])	cuda:0	True
2024-03-21 01:35:53,183 - INFO - encoder_blocks.2.st_attn.sem_k_conv.weight	torch.Size([16, 64, 1, 1])	cuda:0	True
2024-03-21 01:35:53,183 - INFO - encoder_blocks.2.st_attn.sem_k_conv.bias	torch.Size([16])	cuda:0	True
2024-03-21 01:35:53,183 - INFO - encoder_blocks.2.st_attn.sem_v_conv.weight	torch.Size([16, 64, 1, 1])	cuda:0	True
2024-03-21 01:35:53,183 - INFO - encoder_blocks.2.st_attn.sem_v_conv.bias	torch.Size([16])	cuda:0	True
2024-03-21 01:35:53,183 - INFO - encoder_blocks.2.st_attn.t_q_conv.weight	torch.Size([16, 64, 1, 3])	cuda:0	True
2024-03-21 01:35:53,184 - INFO - encoder_blocks.2.st_attn.t_q_conv.bias	torch.Size([16])	cuda:0	True
2024-03-21 01:35:53,184 - INFO - encoder_blocks.2.st_attn.t_k_conv.weight	torch.Size([16, 64, 1, 3])	cuda:0	True
2024-03-21 01:35:53,184 - INFO - encoder_blocks.2.st_attn.t_k_conv.bias	torch.Size([16])	cuda:0	True
2024-03-21 01:35:53,184 - INFO - encoder_blocks.2.st_attn.t_v_conv.weight	torch.Size([16, 64, 1, 1])	cuda:0	True
2024-03-21 01:35:53,184 - INFO - encoder_blocks.2.st_attn.t_v_conv.bias	torch.Size([16])	cuda:0	True
2024-03-21 01:35:53,184 - INFO - encoder_blocks.2.st_attn.proj.weight	torch.Size([64, 48])	cuda:0	True
2024-03-21 01:35:53,184 - INFO - encoder_blocks.2.st_attn.proj.bias	torch.Size([64])	cuda:0	True
2024-03-21 01:35:53,184 - INFO - encoder_blocks.2.st_attn.gconv.mlp.mlp.weight	torch.Size([32, 96, 1, 1])	cuda:0	True
2024-03-21 01:35:53,184 - INFO - encoder_blocks.2.st_attn.gconv.mlp.mlp.bias	torch.Size([32])	cuda:0	True
2024-03-21 01:35:53,184 - INFO - encoder_blocks.2.st_attn.reshape1.weight	torch.Size([32, 64])	cuda:0	True
2024-03-21 01:35:53,184 - INFO - encoder_blocks.2.st_attn.reshape1.bias	torch.Size([32])	cuda:0	True
2024-03-21 01:35:53,184 - INFO - encoder_blocks.2.st_attn.reshape2.weight	torch.Size([64, 32])	cuda:0	True
2024-03-21 01:35:53,184 - INFO - encoder_blocks.2.st_attn.reshape2.bias	torch.Size([64])	cuda:0	True
2024-03-21 01:35:53,184 - INFO - encoder_blocks.2.norm2.weight	torch.Size([64])	cuda:0	True
2024-03-21 01:35:53,184 - INFO - encoder_blocks.2.norm2.bias	torch.Size([64])	cuda:0	True
2024-03-21 01:35:53,184 - INFO - encoder_blocks.2.mlp.fc1.weight	torch.Size([256, 64])	cuda:0	True
2024-03-21 01:35:53,184 - INFO - encoder_blocks.2.mlp.fc1.bias	torch.Size([256])	cuda:0	True
2024-03-21 01:35:53,184 - INFO - encoder_blocks.2.mlp.fc2.weight	torch.Size([64, 256])	cuda:0	True
2024-03-21 01:35:53,184 - INFO - encoder_blocks.2.mlp.fc2.bias	torch.Size([64])	cuda:0	True
2024-03-21 01:35:53,184 - INFO - encoder_blocks.3.norm1.weight	torch.Size([64])	cuda:0	True
2024-03-21 01:35:53,184 - INFO - encoder_blocks.3.norm1.bias	torch.Size([64])	cuda:0	True
2024-03-21 01:35:53,184 - INFO - encoder_blocks.3.st_attn.nodevec_p1	torch.Size([288, 40])	cuda:0	True
2024-03-21 01:35:53,184 - INFO - encoder_blocks.3.st_attn.nodevec_p2	torch.Size([170, 40])	cuda:0	True
2024-03-21 01:35:53,184 - INFO - encoder_blocks.3.st_attn.nodevec_p3	torch.Size([170, 40])	cuda:0	True
2024-03-21 01:35:53,184 - INFO - encoder_blocks.3.st_attn.nodevec_pk	torch.Size([40, 40, 40])	cuda:0	True
2024-03-21 01:35:53,184 - INFO - encoder_blocks.3.st_attn.pattern_q_linears.0.weight	torch.Size([32, 64])	cuda:0	True
2024-03-21 01:35:53,185 - INFO - encoder_blocks.3.st_attn.pattern_q_linears.0.bias	torch.Size([32])	cuda:0	True
2024-03-21 01:35:53,185 - INFO - encoder_blocks.3.st_attn.pattern_k_linears.0.weight	torch.Size([32, 64])	cuda:0	True
2024-03-21 01:35:53,185 - INFO - encoder_blocks.3.st_attn.pattern_k_linears.0.bias	torch.Size([32])	cuda:0	True
2024-03-21 01:35:53,185 - INFO - encoder_blocks.3.st_attn.pattern_v_linears.0.weight	torch.Size([32, 64])	cuda:0	True
2024-03-21 01:35:53,185 - INFO - encoder_blocks.3.st_attn.pattern_v_linears.0.bias	torch.Size([32])	cuda:0	True
2024-03-21 01:35:53,185 - INFO - encoder_blocks.3.st_attn.geo_q_conv.weight	torch.Size([32, 64, 1, 1])	cuda:0	True
2024-03-21 01:35:53,185 - INFO - encoder_blocks.3.st_attn.geo_q_conv.bias	torch.Size([32])	cuda:0	True
2024-03-21 01:35:53,185 - INFO - encoder_blocks.3.st_attn.geo_k_conv.weight	torch.Size([32, 64, 1, 1])	cuda:0	True
2024-03-21 01:35:53,185 - INFO - encoder_blocks.3.st_attn.geo_k_conv.bias	torch.Size([32])	cuda:0	True
2024-03-21 01:35:53,185 - INFO - encoder_blocks.3.st_attn.geo_v_conv.weight	torch.Size([32, 64, 1, 1])	cuda:0	True
2024-03-21 01:35:53,185 - INFO - encoder_blocks.3.st_attn.geo_v_conv.bias	torch.Size([32])	cuda:0	True
2024-03-21 01:35:53,185 - INFO - encoder_blocks.3.st_attn.sem_q_conv.weight	torch.Size([16, 64, 1, 1])	cuda:0	True
2024-03-21 01:35:53,185 - INFO - encoder_blocks.3.st_attn.sem_q_conv.bias	torch.Size([16])	cuda:0	True
2024-03-21 01:35:53,185 - INFO - encoder_blocks.3.st_attn.sem_k_conv.weight	torch.Size([16, 64, 1, 1])	cuda:0	True
2024-03-21 01:35:53,185 - INFO - encoder_blocks.3.st_attn.sem_k_conv.bias	torch.Size([16])	cuda:0	True
2024-03-21 01:35:53,185 - INFO - encoder_blocks.3.st_attn.sem_v_conv.weight	torch.Size([16, 64, 1, 1])	cuda:0	True
2024-03-21 01:35:53,185 - INFO - encoder_blocks.3.st_attn.sem_v_conv.bias	torch.Size([16])	cuda:0	True
2024-03-21 01:35:53,185 - INFO - encoder_blocks.3.st_attn.t_q_conv.weight	torch.Size([16, 64, 1, 3])	cuda:0	True
2024-03-21 01:35:53,185 - INFO - encoder_blocks.3.st_attn.t_q_conv.bias	torch.Size([16])	cuda:0	True
2024-03-21 01:35:53,185 - INFO - encoder_blocks.3.st_attn.t_k_conv.weight	torch.Size([16, 64, 1, 3])	cuda:0	True
2024-03-21 01:35:53,185 - INFO - encoder_blocks.3.st_attn.t_k_conv.bias	torch.Size([16])	cuda:0	True
2024-03-21 01:35:53,185 - INFO - encoder_blocks.3.st_attn.t_v_conv.weight	torch.Size([16, 64, 1, 1])	cuda:0	True
2024-03-21 01:35:53,185 - INFO - encoder_blocks.3.st_attn.t_v_conv.bias	torch.Size([16])	cuda:0	True
2024-03-21 01:35:53,185 - INFO - encoder_blocks.3.st_attn.proj.weight	torch.Size([64, 48])	cuda:0	True
2024-03-21 01:35:53,185 - INFO - encoder_blocks.3.st_attn.proj.bias	torch.Size([64])	cuda:0	True
2024-03-21 01:35:53,185 - INFO - encoder_blocks.3.st_attn.gconv.mlp.mlp.weight	torch.Size([32, 96, 1, 1])	cuda:0	True
2024-03-21 01:35:53,185 - INFO - encoder_blocks.3.st_attn.gconv.mlp.mlp.bias	torch.Size([32])	cuda:0	True
2024-03-21 01:35:53,186 - INFO - encoder_blocks.3.st_attn.reshape1.weight	torch.Size([32, 64])	cuda:0	True
2024-03-21 01:35:53,186 - INFO - encoder_blocks.3.st_attn.reshape1.bias	torch.Size([32])	cuda:0	True
2024-03-21 01:35:53,186 - INFO - encoder_blocks.3.st_attn.reshape2.weight	torch.Size([64, 32])	cuda:0	True
2024-03-21 01:35:53,186 - INFO - encoder_blocks.3.st_attn.reshape2.bias	torch.Size([64])	cuda:0	True
2024-03-21 01:35:53,186 - INFO - encoder_blocks.3.norm2.weight	torch.Size([64])	cuda:0	True
2024-03-21 01:35:53,186 - INFO - encoder_blocks.3.norm2.bias	torch.Size([64])	cuda:0	True
2024-03-21 01:35:53,186 - INFO - encoder_blocks.3.mlp.fc1.weight	torch.Size([256, 64])	cuda:0	True
2024-03-21 01:35:53,186 - INFO - encoder_blocks.3.mlp.fc1.bias	torch.Size([256])	cuda:0	True
2024-03-21 01:35:53,186 - INFO - encoder_blocks.3.mlp.fc2.weight	torch.Size([64, 256])	cuda:0	True
2024-03-21 01:35:53,186 - INFO - encoder_blocks.3.mlp.fc2.bias	torch.Size([64])	cuda:0	True
2024-03-21 01:35:53,186 - INFO - encoder_blocks.4.norm1.weight	torch.Size([64])	cuda:0	True
2024-03-21 01:35:53,186 - INFO - encoder_blocks.4.norm1.bias	torch.Size([64])	cuda:0	True
2024-03-21 01:35:53,186 - INFO - encoder_blocks.4.st_attn.nodevec_p1	torch.Size([288, 40])	cuda:0	True
2024-03-21 01:35:53,186 - INFO - encoder_blocks.4.st_attn.nodevec_p2	torch.Size([170, 40])	cuda:0	True
2024-03-21 01:35:53,186 - INFO - encoder_blocks.4.st_attn.nodevec_p3	torch.Size([170, 40])	cuda:0	True
2024-03-21 01:35:53,186 - INFO - encoder_blocks.4.st_attn.nodevec_pk	torch.Size([40, 40, 40])	cuda:0	True
2024-03-21 01:35:53,186 - INFO - encoder_blocks.4.st_attn.pattern_q_linears.0.weight	torch.Size([32, 64])	cuda:0	True
2024-03-21 01:35:53,186 - INFO - encoder_blocks.4.st_attn.pattern_q_linears.0.bias	torch.Size([32])	cuda:0	True
2024-03-21 01:35:53,186 - INFO - encoder_blocks.4.st_attn.pattern_k_linears.0.weight	torch.Size([32, 64])	cuda:0	True
2024-03-21 01:35:53,186 - INFO - encoder_blocks.4.st_attn.pattern_k_linears.0.bias	torch.Size([32])	cuda:0	True
2024-03-21 01:35:53,186 - INFO - encoder_blocks.4.st_attn.pattern_v_linears.0.weight	torch.Size([32, 64])	cuda:0	True
2024-03-21 01:35:53,186 - INFO - encoder_blocks.4.st_attn.pattern_v_linears.0.bias	torch.Size([32])	cuda:0	True
2024-03-21 01:35:53,186 - INFO - encoder_blocks.4.st_attn.geo_q_conv.weight	torch.Size([32, 64, 1, 1])	cuda:0	True
2024-03-21 01:35:53,186 - INFO - encoder_blocks.4.st_attn.geo_q_conv.bias	torch.Size([32])	cuda:0	True
2024-03-21 01:35:53,186 - INFO - encoder_blocks.4.st_attn.geo_k_conv.weight	torch.Size([32, 64, 1, 1])	cuda:0	True
2024-03-21 01:35:53,186 - INFO - encoder_blocks.4.st_attn.geo_k_conv.bias	torch.Size([32])	cuda:0	True
2024-03-21 01:35:53,187 - INFO - encoder_blocks.4.st_attn.geo_v_conv.weight	torch.Size([32, 64, 1, 1])	cuda:0	True
2024-03-21 01:35:53,187 - INFO - encoder_blocks.4.st_attn.geo_v_conv.bias	torch.Size([32])	cuda:0	True
2024-03-21 01:35:53,187 - INFO - encoder_blocks.4.st_attn.sem_q_conv.weight	torch.Size([16, 64, 1, 1])	cuda:0	True
2024-03-21 01:35:53,187 - INFO - encoder_blocks.4.st_attn.sem_q_conv.bias	torch.Size([16])	cuda:0	True
2024-03-21 01:35:53,187 - INFO - encoder_blocks.4.st_attn.sem_k_conv.weight	torch.Size([16, 64, 1, 1])	cuda:0	True
2024-03-21 01:35:53,187 - INFO - encoder_blocks.4.st_attn.sem_k_conv.bias	torch.Size([16])	cuda:0	True
2024-03-21 01:35:53,187 - INFO - encoder_blocks.4.st_attn.sem_v_conv.weight	torch.Size([16, 64, 1, 1])	cuda:0	True
2024-03-21 01:35:53,187 - INFO - encoder_blocks.4.st_attn.sem_v_conv.bias	torch.Size([16])	cuda:0	True
2024-03-21 01:35:53,187 - INFO - encoder_blocks.4.st_attn.t_q_conv.weight	torch.Size([16, 64, 1, 3])	cuda:0	True
2024-03-21 01:35:53,187 - INFO - encoder_blocks.4.st_attn.t_q_conv.bias	torch.Size([16])	cuda:0	True
2024-03-21 01:35:53,187 - INFO - encoder_blocks.4.st_attn.t_k_conv.weight	torch.Size([16, 64, 1, 3])	cuda:0	True
2024-03-21 01:35:53,187 - INFO - encoder_blocks.4.st_attn.t_k_conv.bias	torch.Size([16])	cuda:0	True
2024-03-21 01:35:53,187 - INFO - encoder_blocks.4.st_attn.t_v_conv.weight	torch.Size([16, 64, 1, 1])	cuda:0	True
2024-03-21 01:35:53,187 - INFO - encoder_blocks.4.st_attn.t_v_conv.bias	torch.Size([16])	cuda:0	True
2024-03-21 01:35:53,187 - INFO - encoder_blocks.4.st_attn.proj.weight	torch.Size([64, 48])	cuda:0	True
2024-03-21 01:35:53,187 - INFO - encoder_blocks.4.st_attn.proj.bias	torch.Size([64])	cuda:0	True
2024-03-21 01:35:53,187 - INFO - encoder_blocks.4.st_attn.gconv.mlp.mlp.weight	torch.Size([32, 96, 1, 1])	cuda:0	True
2024-03-21 01:35:53,187 - INFO - encoder_blocks.4.st_attn.gconv.mlp.mlp.bias	torch.Size([32])	cuda:0	True
2024-03-21 01:35:53,187 - INFO - encoder_blocks.4.st_attn.reshape1.weight	torch.Size([32, 64])	cuda:0	True
2024-03-21 01:35:53,187 - INFO - encoder_blocks.4.st_attn.reshape1.bias	torch.Size([32])	cuda:0	True
2024-03-21 01:35:53,187 - INFO - encoder_blocks.4.st_attn.reshape2.weight	torch.Size([64, 32])	cuda:0	True
2024-03-21 01:35:53,187 - INFO - encoder_blocks.4.st_attn.reshape2.bias	torch.Size([64])	cuda:0	True
2024-03-21 01:35:53,187 - INFO - encoder_blocks.4.norm2.weight	torch.Size([64])	cuda:0	True
2024-03-21 01:35:53,187 - INFO - encoder_blocks.4.norm2.bias	torch.Size([64])	cuda:0	True
2024-03-21 01:35:53,187 - INFO - encoder_blocks.4.mlp.fc1.weight	torch.Size([256, 64])	cuda:0	True
2024-03-21 01:35:53,188 - INFO - encoder_blocks.4.mlp.fc1.bias	torch.Size([256])	cuda:0	True
2024-03-21 01:35:53,188 - INFO - encoder_blocks.4.mlp.fc2.weight	torch.Size([64, 256])	cuda:0	True
2024-03-21 01:35:53,188 - INFO - encoder_blocks.4.mlp.fc2.bias	torch.Size([64])	cuda:0	True
2024-03-21 01:35:53,188 - INFO - encoder_blocks.5.norm1.weight	torch.Size([64])	cuda:0	True
2024-03-21 01:35:53,188 - INFO - encoder_blocks.5.norm1.bias	torch.Size([64])	cuda:0	True
2024-03-21 01:35:53,188 - INFO - encoder_blocks.5.st_attn.nodevec_p1	torch.Size([288, 40])	cuda:0	True
2024-03-21 01:35:53,188 - INFO - encoder_blocks.5.st_attn.nodevec_p2	torch.Size([170, 40])	cuda:0	True
2024-03-21 01:35:53,188 - INFO - encoder_blocks.5.st_attn.nodevec_p3	torch.Size([170, 40])	cuda:0	True
2024-03-21 01:35:53,188 - INFO - encoder_blocks.5.st_attn.nodevec_pk	torch.Size([40, 40, 40])	cuda:0	True
2024-03-21 01:35:53,188 - INFO - encoder_blocks.5.st_attn.pattern_q_linears.0.weight	torch.Size([32, 64])	cuda:0	True
2024-03-21 01:35:53,188 - INFO - encoder_blocks.5.st_attn.pattern_q_linears.0.bias	torch.Size([32])	cuda:0	True
2024-03-21 01:35:53,188 - INFO - encoder_blocks.5.st_attn.pattern_k_linears.0.weight	torch.Size([32, 64])	cuda:0	True
2024-03-21 01:35:53,188 - INFO - encoder_blocks.5.st_attn.pattern_k_linears.0.bias	torch.Size([32])	cuda:0	True
2024-03-21 01:35:53,188 - INFO - encoder_blocks.5.st_attn.pattern_v_linears.0.weight	torch.Size([32, 64])	cuda:0	True
2024-03-21 01:35:53,188 - INFO - encoder_blocks.5.st_attn.pattern_v_linears.0.bias	torch.Size([32])	cuda:0	True
2024-03-21 01:35:53,188 - INFO - encoder_blocks.5.st_attn.geo_q_conv.weight	torch.Size([32, 64, 1, 1])	cuda:0	True
2024-03-21 01:35:53,188 - INFO - encoder_blocks.5.st_attn.geo_q_conv.bias	torch.Size([32])	cuda:0	True
2024-03-21 01:35:53,188 - INFO - encoder_blocks.5.st_attn.geo_k_conv.weight	torch.Size([32, 64, 1, 1])	cuda:0	True
2024-03-21 01:35:53,188 - INFO - encoder_blocks.5.st_attn.geo_k_conv.bias	torch.Size([32])	cuda:0	True
2024-03-21 01:35:53,188 - INFO - encoder_blocks.5.st_attn.geo_v_conv.weight	torch.Size([32, 64, 1, 1])	cuda:0	True
2024-03-21 01:35:53,188 - INFO - encoder_blocks.5.st_attn.geo_v_conv.bias	torch.Size([32])	cuda:0	True
2024-03-21 01:35:53,188 - INFO - encoder_blocks.5.st_attn.sem_q_conv.weight	torch.Size([16, 64, 1, 1])	cuda:0	True
2024-03-21 01:35:53,188 - INFO - encoder_blocks.5.st_attn.sem_q_conv.bias	torch.Size([16])	cuda:0	True
2024-03-21 01:35:53,188 - INFO - encoder_blocks.5.st_attn.sem_k_conv.weight	torch.Size([16, 64, 1, 1])	cuda:0	True
2024-03-21 01:35:53,188 - INFO - encoder_blocks.5.st_attn.sem_k_conv.bias	torch.Size([16])	cuda:0	True
2024-03-21 01:35:53,188 - INFO - encoder_blocks.5.st_attn.sem_v_conv.weight	torch.Size([16, 64, 1, 1])	cuda:0	True
2024-03-21 01:35:53,188 - INFO - encoder_blocks.5.st_attn.sem_v_conv.bias	torch.Size([16])	cuda:0	True
2024-03-21 01:35:53,189 - INFO - encoder_blocks.5.st_attn.t_q_conv.weight	torch.Size([16, 64, 1, 3])	cuda:0	True
2024-03-21 01:35:53,189 - INFO - encoder_blocks.5.st_attn.t_q_conv.bias	torch.Size([16])	cuda:0	True
2024-03-21 01:35:53,189 - INFO - encoder_blocks.5.st_attn.t_k_conv.weight	torch.Size([16, 64, 1, 3])	cuda:0	True
2024-03-21 01:35:53,189 - INFO - encoder_blocks.5.st_attn.t_k_conv.bias	torch.Size([16])	cuda:0	True
2024-03-21 01:35:53,189 - INFO - encoder_blocks.5.st_attn.t_v_conv.weight	torch.Size([16, 64, 1, 1])	cuda:0	True
2024-03-21 01:35:53,189 - INFO - encoder_blocks.5.st_attn.t_v_conv.bias	torch.Size([16])	cuda:0	True
2024-03-21 01:35:53,189 - INFO - encoder_blocks.5.st_attn.proj.weight	torch.Size([64, 48])	cuda:0	True
2024-03-21 01:35:53,189 - INFO - encoder_blocks.5.st_attn.proj.bias	torch.Size([64])	cuda:0	True
2024-03-21 01:35:53,189 - INFO - encoder_blocks.5.st_attn.gconv.mlp.mlp.weight	torch.Size([32, 96, 1, 1])	cuda:0	True
2024-03-21 01:35:53,189 - INFO - encoder_blocks.5.st_attn.gconv.mlp.mlp.bias	torch.Size([32])	cuda:0	True
2024-03-21 01:35:53,189 - INFO - encoder_blocks.5.st_attn.reshape1.weight	torch.Size([32, 64])	cuda:0	True
2024-03-21 01:35:53,189 - INFO - encoder_blocks.5.st_attn.reshape1.bias	torch.Size([32])	cuda:0	True
2024-03-21 01:35:53,189 - INFO - encoder_blocks.5.st_attn.reshape2.weight	torch.Size([64, 32])	cuda:0	True
2024-03-21 01:35:53,189 - INFO - encoder_blocks.5.st_attn.reshape2.bias	torch.Size([64])	cuda:0	True
2024-03-21 01:35:53,189 - INFO - encoder_blocks.5.norm2.weight	torch.Size([64])	cuda:0	True
2024-03-21 01:35:53,189 - INFO - encoder_blocks.5.norm2.bias	torch.Size([64])	cuda:0	True
2024-03-21 01:35:53,189 - INFO - encoder_blocks.5.mlp.fc1.weight	torch.Size([256, 64])	cuda:0	True
2024-03-21 01:35:53,189 - INFO - encoder_blocks.5.mlp.fc1.bias	torch.Size([256])	cuda:0	True
2024-03-21 01:35:53,189 - INFO - encoder_blocks.5.mlp.fc2.weight	torch.Size([64, 256])	cuda:0	True
2024-03-21 01:35:53,189 - INFO - encoder_blocks.5.mlp.fc2.bias	torch.Size([64])	cuda:0	True
2024-03-21 01:35:53,189 - INFO - skip_convs.0.weight	torch.Size([256, 64, 1, 1])	cuda:0	True
2024-03-21 01:35:53,189 - INFO - skip_convs.0.bias	torch.Size([256])	cuda:0	True
2024-03-21 01:35:53,189 - INFO - skip_convs.1.weight	torch.Size([256, 64, 1, 1])	cuda:0	True
2024-03-21 01:35:53,189 - INFO - skip_convs.1.bias	torch.Size([256])	cuda:0	True
2024-03-21 01:35:53,189 - INFO - skip_convs.2.weight	torch.Size([256, 64, 1, 1])	cuda:0	True
2024-03-21 01:35:53,189 - INFO - skip_convs.2.bias	torch.Size([256])	cuda:0	True
2024-03-21 01:35:53,190 - INFO - skip_convs.3.weight	torch.Size([256, 64, 1, 1])	cuda:0	True
2024-03-21 01:35:53,190 - INFO - skip_convs.3.bias	torch.Size([256])	cuda:0	True
2024-03-21 01:35:53,190 - INFO - skip_convs.4.weight	torch.Size([256, 64, 1, 1])	cuda:0	True
2024-03-21 01:35:53,190 - INFO - skip_convs.4.bias	torch.Size([256])	cuda:0	True
2024-03-21 01:35:53,190 - INFO - skip_convs.5.weight	torch.Size([256, 64, 1, 1])	cuda:0	True
2024-03-21 01:35:53,190 - INFO - skip_convs.5.bias	torch.Size([256])	cuda:0	True
2024-03-21 01:35:53,190 - INFO - end_conv1.weight	torch.Size([12, 12, 1, 1])	cuda:0	True
2024-03-21 01:35:53,190 - INFO - end_conv1.bias	torch.Size([12])	cuda:0	True
2024-03-21 01:35:53,190 - INFO - end_conv2.weight	torch.Size([1, 256, 1, 1])	cuda:0	True
2024-03-21 01:35:53,190 - INFO - end_conv2.bias	torch.Size([1])	cuda:0	True
2024-03-21 01:35:53,190 - INFO - Total parameter numbers: 1128669
2024-03-21 01:35:53,194 - INFO - You select `adamw` optimizer.
2024-03-21 01:35:53,195 - INFO - You select `cosinelr` lr_scheduler.
2024-03-21 01:35:53,195 - WARNING - Received none train loss func and will use the loss func defined in the model.module.
2024-03-21 01:35:53,196 - INFO - Number of isolated points: 0
2024-03-21 01:35:53,209 - INFO - Start training ...
2024-03-21 01:35:53,209 - INFO - num_batches:669
2024-03-21 01:35:53,283 - INFO - Training: task_level increase from 0 to 1
2024-03-21 01:35:53,283 - INFO - Current batches_seen is 0
2024-03-21 01:37:44,529 - INFO - epoch complete!
2024-03-21 01:37:44,529 - INFO - evaluating now!
2024-03-21 01:37:52,048 - INFO - Epoch [0/300] (669) train_loss: 227.8215, val_loss: 230.3856, lr: 0.000201, 118.84s
2024-03-21 01:37:52,105 - INFO - Saved model at 0
2024-03-21 01:37:52,105 - INFO - Val loss decrease from inf to 230.3856, saving to ./libcity/cache/2529/model_cache/PDFormer_PeMS08_epoch0.tar
2024-03-21 01:39:33,763 - INFO - epoch complete!
2024-03-21 01:39:33,764 - INFO - evaluating now!
2024-03-21 01:39:41,270 - INFO - Epoch [1/300] (1338) train_loss: 48.0200, val_loss: 195.3695, lr: 0.000401, 109.16s
2024-03-21 01:39:41,322 - INFO - Saved model at 1
2024-03-21 01:39:41,322 - INFO - Val loss decrease from 230.3856 to 195.3695, saving to ./libcity/cache/2529/model_cache/PDFormer_PeMS08_epoch1.tar
2024-03-21 01:41:21,005 - INFO - epoch complete!
2024-03-21 01:41:21,006 - INFO - evaluating now!
2024-03-21 01:41:28,591 - INFO - Epoch [2/300] (2007) train_loss: 35.0947, val_loss: 193.7147, lr: 0.000600, 107.27s
2024-03-21 01:41:28,644 - INFO - Saved model at 2
2024-03-21 01:41:28,644 - INFO - Val loss decrease from 195.3695 to 193.7147, saving to ./libcity/cache/2529/model_cache/PDFormer_PeMS08_epoch2.tar
2024-03-21 01:43:18,054 - INFO - epoch complete!
2024-03-21 01:43:18,055 - INFO - evaluating now!
2024-03-21 01:43:25,417 - INFO - Epoch [3/300] (2676) train_loss: 32.2654, val_loss: 193.3952, lr: 0.000800, 116.77s
2024-03-21 01:43:25,470 - INFO - Saved model at 3
2024-03-21 01:43:25,471 - INFO - Val loss decrease from 193.7147 to 193.3952, saving to ./libcity/cache/2529/model_cache/PDFormer_PeMS08_epoch3.tar
2024-03-21 01:43:42,321 - INFO - Training: task_level increase from 1 to 2
2024-03-21 01:43:42,321 - INFO - Current batches_seen is 2776
2024-03-21 01:45:10,823 - INFO - epoch complete!
2024-03-21 01:45:10,824 - INFO - evaluating now!
2024-03-21 01:45:18,882 - INFO - Epoch [4/300] (3345) train_loss: 35.5770, val_loss: 172.9054, lr: 0.000999, 113.41s
2024-03-21 01:45:18,935 - INFO - Saved model at 4
2024-03-21 01:45:18,936 - INFO - Val loss decrease from 193.3952 to 172.9054, saving to ./libcity/cache/2529/model_cache/PDFormer_PeMS08_epoch4.tar
2024-03-21 01:47:05,025 - INFO - epoch complete!
2024-03-21 01:47:05,026 - INFO - evaluating now!
2024-03-21 01:47:13,063 - INFO - Epoch [5/300] (4014) train_loss: 30.7066, val_loss: 173.3638, lr: 0.000999, 114.13s
2024-03-21 01:48:52,580 - INFO - epoch complete!
2024-03-21 01:48:52,580 - INFO - evaluating now!
2024-03-21 01:49:00,103 - INFO - Epoch [6/300] (4683) train_loss: 29.7696, val_loss: 174.3131, lr: 0.000999, 107.04s
2024-03-21 01:50:51,064 - INFO - epoch complete!
2024-03-21 01:50:51,065 - INFO - evaluating now!
2024-03-21 01:50:58,624 - INFO - Epoch [7/300] (5352) train_loss: 29.2863, val_loss: 175.3873, lr: 0.000998, 118.52s
2024-03-21 01:51:31,243 - INFO - Training: task_level increase from 2 to 3
2024-03-21 01:51:31,244 - INFO - Current batches_seen is 5552
2024-03-21 01:52:46,337 - INFO - epoch complete!
2024-03-21 01:52:46,337 - INFO - evaluating now!
2024-03-21 01:52:53,880 - INFO - Epoch [8/300] (6021) train_loss: 31.0417, val_loss: 160.4122, lr: 0.000998, 115.25s
2024-03-21 01:52:53,934 - INFO - Saved model at 8
2024-03-21 01:52:53,934 - INFO - Val loss decrease from 172.9054 to 160.4122, saving to ./libcity/cache/2529/model_cache/PDFormer_PeMS08_epoch8.tar
2024-03-21 01:54:43,678 - INFO - epoch complete!
2024-03-21 01:54:43,678 - INFO - evaluating now!
2024-03-21 01:54:51,247 - INFO - Epoch [9/300] (6690) train_loss: 29.8237, val_loss: 160.9375, lr: 0.000998, 117.31s
2024-03-21 01:56:41,878 - INFO - epoch complete!
2024-03-21 01:56:41,879 - INFO - evaluating now!
2024-03-21 01:56:49,195 - INFO - Epoch [10/300] (7359) train_loss: 28.9918, val_loss: 161.6600, lr: 0.000997, 117.95s
2024-03-21 01:58:35,835 - INFO - epoch complete!
2024-03-21 01:58:35,836 - INFO - evaluating now!
2024-03-21 01:58:43,374 - INFO - Epoch [11/300] (8028) train_loss: 28.9505, val_loss: 162.7506, lr: 0.000996, 114.18s
2024-03-21 01:59:30,660 - INFO - Training: task_level increase from 3 to 4
2024-03-21 01:59:30,660 - INFO - Current batches_seen is 8328
2024-03-21 02:00:28,602 - INFO - epoch complete!
2024-03-21 02:00:28,602 - INFO - evaluating now!
2024-03-21 02:00:36,205 - INFO - Epoch [12/300] (8697) train_loss: 29.4379, val_loss: 159.1518, lr: 0.000996, 112.83s
2024-03-21 02:00:36,262 - INFO - Saved model at 12
2024-03-21 02:00:36,263 - INFO - Val loss decrease from 160.4122 to 159.1518, saving to ./libcity/cache/2529/model_cache/PDFormer_PeMS08_epoch12.tar
2024-03-21 02:02:12,430 - INFO - epoch complete!
2024-03-21 02:02:12,431 - INFO - evaluating now!
2024-03-21 02:02:20,264 - INFO - Epoch [13/300] (9366) train_loss: 29.7093, val_loss: 160.0367, lr: 0.000995, 104.00s
2024-03-21 02:03:55,049 - INFO - epoch complete!
2024-03-21 02:03:55,049 - INFO - evaluating now!
2024-03-21 02:04:02,718 - INFO - Epoch [14/300] (10035) train_loss: 29.2891, val_loss: 159.6447, lr: 0.000994, 102.45s
2024-03-21 02:05:38,914 - INFO - epoch complete!
2024-03-21 02:05:38,915 - INFO - evaluating now!
2024-03-21 02:05:46,456 - INFO - Epoch [15/300] (10704) train_loss: 28.9859, val_loss: 160.0687, lr: 0.000994, 103.74s
2024-03-21 02:06:43,759 - INFO - Training: task_level increase from 4 to 5
2024-03-21 02:06:43,759 - INFO - Current batches_seen is 11104
2024-03-21 02:07:22,153 - INFO - epoch complete!
2024-03-21 02:07:22,154 - INFO - evaluating now!
2024-03-21 02:07:29,611 - INFO - Epoch [16/300] (11373) train_loss: 30.2206, val_loss: 143.1274, lr: 0.000993, 103.15s
2024-03-21 02:07:29,664 - INFO - Saved model at 16
2024-03-21 02:07:29,664 - INFO - Val loss decrease from 159.1518 to 143.1274, saving to ./libcity/cache/2529/model_cache/PDFormer_PeMS08_epoch16.tar
2024-03-21 02:09:05,327 - INFO - epoch complete!
2024-03-21 02:09:05,327 - INFO - evaluating now!
2024-03-21 02:09:13,457 - INFO - Epoch [17/300] (12042) train_loss: 29.5530, val_loss: 142.6602, lr: 0.000992, 103.79s
2024-03-21 02:09:13,513 - INFO - Saved model at 17
2024-03-21 02:09:13,513 - INFO - Val loss decrease from 143.1274 to 142.6602, saving to ./libcity/cache/2529/model_cache/PDFormer_PeMS08_epoch17.tar
2024-03-21 02:11:05,157 - INFO - epoch complete!
2024-03-21 02:11:05,157 - INFO - evaluating now!
2024-03-21 02:11:13,166 - INFO - Epoch [18/300] (12711) train_loss: 29.2806, val_loss: 143.0005, lr: 0.000991, 119.65s
2024-03-21 02:13:03,284 - INFO - epoch complete!
2024-03-21 02:13:03,285 - INFO - evaluating now!
2024-03-21 02:13:11,385 - INFO - Epoch [19/300] (13380) train_loss: 29.1875, val_loss: 142.9179, lr: 0.000990, 118.22s
2024-03-21 02:14:29,846 - INFO - Training: task_level increase from 5 to 6
2024-03-21 02:14:29,847 - INFO - Current batches_seen is 13880
2024-03-21 02:14:58,170 - INFO - epoch complete!
2024-03-21 02:14:58,171 - INFO - evaluating now!
2024-03-21 02:15:05,867 - INFO - Epoch [20/300] (14049) train_loss: 29.7761, val_loss: 125.5669, lr: 0.000989, 114.48s
2024-03-21 02:15:05,922 - INFO - Saved model at 20
2024-03-21 02:15:05,922 - INFO - Val loss decrease from 142.6602 to 125.5669, saving to ./libcity/cache/2529/model_cache/PDFormer_PeMS08_epoch20.tar
2024-03-21 02:16:57,227 - INFO - epoch complete!
2024-03-21 02:16:57,228 - INFO - evaluating now!
2024-03-21 02:17:05,008 - INFO - Epoch [21/300] (14718) train_loss: 29.1246, val_loss: 125.8929, lr: 0.000988, 119.09s
2024-03-21 02:18:51,270 - INFO - epoch complete!
2024-03-21 02:18:51,270 - INFO - evaluating now!
2024-03-21 02:18:58,652 - INFO - Epoch [22/300] (15387) train_loss: 28.8407, val_loss: 126.3334, lr: 0.000987, 113.64s
2024-03-21 02:20:50,697 - INFO - epoch complete!
2024-03-21 02:20:50,697 - INFO - evaluating now!
2024-03-21 02:20:58,189 - INFO - Epoch [23/300] (16056) train_loss: 28.7509, val_loss: 126.4409, lr: 0.000986, 119.54s
2024-03-21 02:22:38,119 - INFO - Training: task_level increase from 6 to 7
2024-03-21 02:22:38,119 - INFO - Current batches_seen is 16656
2024-03-21 02:22:49,584 - INFO - epoch complete!
2024-03-21 02:22:49,584 - INFO - evaluating now!
2024-03-21 02:22:57,141 - INFO - Epoch [24/300] (16725) train_loss: 28.8682, val_loss: 113.0738, lr: 0.000985, 118.95s
2024-03-21 02:22:57,194 - INFO - Saved model at 24
2024-03-21 02:22:57,194 - INFO - Val loss decrease from 125.5669 to 113.0738, saving to ./libcity/cache/2529/model_cache/PDFormer_PeMS08_epoch24.tar
2024-03-21 02:24:44,060 - INFO - epoch complete!
2024-03-21 02:24:44,061 - INFO - evaluating now!
2024-03-21 02:24:51,596 - INFO - Epoch [25/300] (17394) train_loss: 28.9653, val_loss: 111.9423, lr: 0.000983, 114.40s
2024-03-21 02:24:51,651 - INFO - Saved model at 25
2024-03-21 02:24:51,652 - INFO - Val loss decrease from 113.0738 to 111.9423, saving to ./libcity/cache/2529/model_cache/PDFormer_PeMS08_epoch25.tar
2024-03-21 02:26:43,742 - INFO - epoch complete!
2024-03-21 02:26:43,743 - INFO - evaluating now!
2024-03-21 02:26:50,973 - INFO - Epoch [26/300] (18063) train_loss: 28.6325, val_loss: 114.0197, lr: 0.000982, 119.32s
2024-03-21 02:28:41,906 - INFO - epoch complete!
2024-03-21 02:28:41,907 - INFO - evaluating now!
2024-03-21 02:28:49,407 - INFO - Epoch [27/300] (18732) train_loss: 28.7507, val_loss: 111.9375, lr: 0.000981, 118.43s
2024-03-21 02:28:49,461 - INFO - Saved model at 27
2024-03-21 02:28:49,461 - INFO - Val loss decrease from 111.9423 to 111.9375, saving to ./libcity/cache/2529/model_cache/PDFormer_PeMS08_epoch27.tar
2024-03-21 02:30:39,145 - INFO - epoch complete!
2024-03-21 02:30:39,146 - INFO - evaluating now!
2024-03-21 02:30:46,691 - INFO - Epoch [28/300] (19401) train_loss: 28.1264, val_loss: 112.1612, lr: 0.000979, 117.23s
2024-03-21 02:30:51,347 - INFO - Training: task_level increase from 7 to 8
2024-03-21 02:30:51,347 - INFO - Current batches_seen is 19432
2024-03-21 02:32:35,319 - INFO - epoch complete!
2024-03-21 02:32:35,320 - INFO - evaluating now!
2024-03-21 02:32:42,833 - INFO - Epoch [29/300] (20070) train_loss: 29.1277, val_loss: 99.4657, lr: 0.000978, 116.14s
2024-03-21 02:32:42,887 - INFO - Saved model at 29
2024-03-21 02:32:42,887 - INFO - Val loss decrease from 111.9375 to 99.4657, saving to ./libcity/cache/2529/model_cache/PDFormer_PeMS08_epoch29.tar
2024-03-21 02:34:21,992 - INFO - epoch complete!
2024-03-21 02:34:21,992 - INFO - evaluating now!
2024-03-21 02:34:29,487 - INFO - Epoch [30/300] (20739) train_loss: 28.5185, val_loss: 99.0218, lr: 0.000976, 106.60s
2024-03-21 02:34:29,540 - INFO - Saved model at 30
2024-03-21 02:34:29,540 - INFO - Val loss decrease from 99.4657 to 99.0218, saving to ./libcity/cache/2529/model_cache/PDFormer_PeMS08_epoch30.tar
2024-03-21 02:36:15,171 - INFO - epoch complete!
2024-03-21 02:36:15,171 - INFO - evaluating now!
2024-03-21 02:36:22,824 - INFO - Epoch [31/300] (21408) train_loss: 28.3232, val_loss: 99.5180, lr: 0.000975, 113.28s
2024-03-21 02:38:09,156 - INFO - epoch complete!
2024-03-21 02:38:09,156 - INFO - evaluating now!
2024-03-21 02:38:17,214 - INFO - Epoch [32/300] (22077) train_loss: 28.0354, val_loss: 98.6844, lr: 0.000973, 114.39s
2024-03-21 02:38:17,266 - INFO - Saved model at 32
2024-03-21 02:38:17,267 - INFO - Val loss decrease from 99.0218 to 98.6844, saving to ./libcity/cache/2529/model_cache/PDFormer_PeMS08_epoch32.tar
2024-03-21 02:38:38,817 - INFO - Training: task_level increase from 8 to 9
2024-03-21 02:38:38,818 - INFO - Current batches_seen is 22208
2024-03-21 02:40:08,957 - INFO - epoch complete!
2024-03-21 02:40:08,958 - INFO - evaluating now!
2024-03-21 02:40:16,952 - INFO - Epoch [33/300] (22746) train_loss: 29.1847, val_loss: 80.6184, lr: 0.000972, 119.68s
2024-03-21 02:40:17,009 - INFO - Saved model at 33
2024-03-21 02:40:17,009 - INFO - Val loss decrease from 98.6844 to 80.6184, saving to ./libcity/cache/2529/model_cache/PDFormer_PeMS08_epoch33.tar
2024-03-21 02:42:07,122 - INFO - epoch complete!
2024-03-21 02:42:07,123 - INFO - evaluating now!
2024-03-21 02:42:15,286 - INFO - Epoch [34/300] (23415) train_loss: 28.5064, val_loss: 80.5182, lr: 0.000970, 118.28s
2024-03-21 02:42:15,345 - INFO - Saved model at 34
2024-03-21 02:42:15,345 - INFO - Val loss decrease from 80.6184 to 80.5182, saving to ./libcity/cache/2529/model_cache/PDFormer_PeMS08_epoch34.tar
2024-03-21 02:44:07,913 - INFO - epoch complete!
2024-03-21 02:44:07,914 - INFO - evaluating now!
2024-03-21 02:44:15,839 - INFO - Epoch [35/300] (24084) train_loss: 28.2868, val_loss: 80.1385, lr: 0.000968, 120.49s
2024-03-21 02:44:15,896 - INFO - Saved model at 35
2024-03-21 02:44:15,897 - INFO - Val loss decrease from 80.5182 to 80.1385, saving to ./libcity/cache/2529/model_cache/PDFormer_PeMS08_epoch35.tar
2024-03-21 02:46:01,537 - INFO - epoch complete!
2024-03-21 02:46:01,537 - INFO - evaluating now!
2024-03-21 02:46:09,528 - INFO - Epoch [36/300] (24753) train_loss: 28.1473, val_loss: 80.1386, lr: 0.000967, 113.63s
2024-03-21 02:46:48,096 - INFO - Training: task_level increase from 9 to 10
2024-03-21 02:46:48,096 - INFO - Current batches_seen is 24984
2024-03-21 02:48:00,387 - INFO - epoch complete!
2024-03-21 02:48:00,388 - INFO - evaluating now!
2024-03-21 02:48:08,044 - INFO - Epoch [37/300] (25422) train_loss: 28.7081, val_loss: 63.3637, lr: 0.000965, 118.52s
2024-03-21 02:48:08,103 - INFO - Saved model at 37
2024-03-21 02:48:08,103 - INFO - Val loss decrease from 80.1385 to 63.3637, saving to ./libcity/cache/2529/model_cache/PDFormer_PeMS08_epoch37.tar
2024-03-21 02:49:51,184 - INFO - epoch complete!
2024-03-21 02:49:51,184 - INFO - evaluating now!
2024-03-21 02:49:58,751 - INFO - Epoch [38/300] (26091) train_loss: 28.5601, val_loss: 62.6898, lr: 0.000963, 110.65s
2024-03-21 02:49:58,802 - INFO - Saved model at 38
2024-03-21 02:49:58,802 - INFO - Val loss decrease from 63.3637 to 62.6898, saving to ./libcity/cache/2529/model_cache/PDFormer_PeMS08_epoch38.tar
2024-03-21 02:51:44,621 - INFO - epoch complete!
2024-03-21 02:51:44,622 - INFO - evaluating now!
2024-03-21 02:51:52,712 - INFO - Epoch [39/300] (26760) train_loss: 28.4119, val_loss: 62.6079, lr: 0.000961, 113.91s
2024-03-21 02:51:52,772 - INFO - Saved model at 39
2024-03-21 02:51:52,773 - INFO - Val loss decrease from 62.6898 to 62.6079, saving to ./libcity/cache/2529/model_cache/PDFormer_PeMS08_epoch39.tar
2024-03-21 02:53:45,123 - INFO - epoch complete!
2024-03-21 02:53:45,124 - INFO - evaluating now!
2024-03-21 02:53:52,609 - INFO - Epoch [40/300] (27429) train_loss: 28.1348, val_loss: 63.0791, lr: 0.000959, 119.84s
2024-03-21 02:54:47,031 - INFO - Training: task_level increase from 10 to 11
2024-03-21 02:54:47,031 - INFO - Current batches_seen is 27760
2024-03-21 02:55:43,099 - INFO - epoch complete!
2024-03-21 02:55:43,099 - INFO - evaluating now!
2024-03-21 02:55:50,676 - INFO - Epoch [41/300] (28098) train_loss: 28.5582, val_loss: 45.9836, lr: 0.000957, 118.07s
2024-03-21 02:55:50,729 - INFO - Saved model at 41
2024-03-21 02:55:50,730 - INFO - Val loss decrease from 62.6079 to 45.9836, saving to ./libcity/cache/2529/model_cache/PDFormer_PeMS08_epoch41.tar
2024-03-21 02:57:39,796 - INFO - epoch complete!
2024-03-21 02:57:39,797 - INFO - evaluating now!
2024-03-21 02:57:47,055 - INFO - Epoch [42/300] (28767) train_loss: 28.5772, val_loss: 46.2388, lr: 0.000955, 116.32s
2024-03-21 02:59:29,862 - INFO - epoch complete!
2024-03-21 02:59:29,862 - INFO - evaluating now!
2024-03-21 02:59:37,372 - INFO - Epoch [43/300] (29436) train_loss: 28.3682, val_loss: 46.4205, lr: 0.000953, 110.32s
2024-03-21 03:01:26,092 - INFO - epoch complete!
2024-03-21 03:01:26,092 - INFO - evaluating now!
2024-03-21 03:01:33,591 - INFO - Epoch [44/300] (30105) train_loss: 28.2991, val_loss: 45.9309, lr: 0.000951, 116.22s
2024-03-21 03:01:33,643 - INFO - Saved model at 44
2024-03-21 03:01:33,643 - INFO - Val loss decrease from 45.9836 to 45.9309, saving to ./libcity/cache/2529/model_cache/PDFormer_PeMS08_epoch44.tar
2024-03-21 03:02:44,839 - INFO - Training: task_level increase from 11 to 12
2024-03-21 03:02:44,839 - INFO - Current batches_seen is 30536
2024-03-21 03:03:23,998 - INFO - epoch complete!
2024-03-21 03:03:23,998 - INFO - evaluating now!
2024-03-21 03:03:31,484 - INFO - Epoch [45/300] (30774) train_loss: 28.5676, val_loss: 28.6349, lr: 0.000949, 117.84s
2024-03-21 03:03:31,537 - INFO - Saved model at 45
2024-03-21 03:03:31,537 - INFO - Val loss decrease from 45.9309 to 28.6349, saving to ./libcity/cache/2529/model_cache/PDFormer_PeMS08_epoch45.tar
2024-03-21 03:05:19,864 - INFO - epoch complete!
2024-03-21 03:05:19,864 - INFO - evaluating now!
2024-03-21 03:05:27,891 - INFO - Epoch [46/300] (31443) train_loss: 28.6650, val_loss: 28.5316, lr: 0.000947, 116.35s
2024-03-21 03:05:27,951 - INFO - Saved model at 46
2024-03-21 03:05:27,951 - INFO - Val loss decrease from 28.6349 to 28.5316, saving to ./libcity/cache/2529/model_cache/PDFormer_PeMS08_epoch46.tar
2024-03-21 03:07:20,417 - INFO - epoch complete!
2024-03-21 03:07:20,418 - INFO - evaluating now!
2024-03-21 03:07:27,981 - INFO - Epoch [47/300] (32112) train_loss: 28.6784, val_loss: 28.3279, lr: 0.000944, 120.03s
2024-03-21 03:07:28,034 - INFO - Saved model at 47
2024-03-21 03:07:28,034 - INFO - Val loss decrease from 28.5316 to 28.3279, saving to ./libcity/cache/2529/model_cache/PDFormer_PeMS08_epoch47.tar
2024-03-21 03:09:08,328 - INFO - epoch complete!
2024-03-21 03:09:08,329 - INFO - evaluating now!
2024-03-21 03:09:16,348 - INFO - Epoch [48/300] (32781) train_loss: 28.4088, val_loss: 28.9653, lr: 0.000942, 108.31s
2024-03-21 03:11:01,975 - INFO - epoch complete!
2024-03-21 03:11:01,976 - INFO - evaluating now!
2024-03-21 03:11:09,872 - INFO - Epoch [49/300] (33450) train_loss: 28.2811, val_loss: 27.9569, lr: 0.000940, 113.52s
2024-03-21 03:11:09,927 - INFO - Saved model at 49
2024-03-21 03:11:09,928 - INFO - Val loss decrease from 28.3279 to 27.9569, saving to ./libcity/cache/2529/model_cache/PDFormer_PeMS08_epoch49.tar
2024-03-21 03:13:01,108 - INFO - epoch complete!
2024-03-21 03:13:01,109 - INFO - evaluating now!
2024-03-21 03:13:09,069 - INFO - Epoch [50/300] (34119) train_loss: 28.2625, val_loss: 27.9023, lr: 0.000937, 119.14s
2024-03-21 03:13:09,130 - INFO - Saved model at 50
2024-03-21 03:13:09,131 - INFO - Val loss decrease from 27.9569 to 27.9023, saving to ./libcity/cache/2529/model_cache/PDFormer_PeMS08_epoch50.tar
2024-03-21 03:14:54,683 - INFO - epoch complete!
2024-03-21 03:14:54,684 - INFO - evaluating now!
2024-03-21 03:15:02,259 - INFO - Epoch [51/300] (34788) train_loss: 28.0813, val_loss: 28.1567, lr: 0.000935, 113.13s
2024-03-21 03:16:52,451 - INFO - epoch complete!
2024-03-21 03:16:52,452 - INFO - evaluating now!
2024-03-21 03:16:59,764 - INFO - Epoch [52/300] (35457) train_loss: 28.1635, val_loss: 27.5621, lr: 0.000932, 117.50s
2024-03-21 03:16:59,815 - INFO - Saved model at 52
2024-03-21 03:16:59,816 - INFO - Val loss decrease from 27.9023 to 27.5621, saving to ./libcity/cache/2529/model_cache/PDFormer_PeMS08_epoch52.tar
2024-03-21 03:18:44,662 - INFO - epoch complete!
2024-03-21 03:18:44,662 - INFO - evaluating now!
2024-03-21 03:18:52,132 - INFO - Epoch [53/300] (36126) train_loss: 27.8767, val_loss: 27.8270, lr: 0.000930, 112.32s
2024-03-21 03:20:44,512 - INFO - epoch complete!
2024-03-21 03:20:44,512 - INFO - evaluating now!
2024-03-21 03:20:52,083 - INFO - Epoch [54/300] (36795) train_loss: 27.8999, val_loss: 28.0865, lr: 0.000927, 119.95s
2024-03-21 03:22:42,737 - INFO - epoch complete!
2024-03-21 03:22:42,737 - INFO - evaluating now!
2024-03-21 03:22:50,065 - INFO - Epoch [55/300] (37464) train_loss: 27.8692, val_loss: 27.4207, lr: 0.000925, 117.98s
2024-03-21 03:22:50,118 - INFO - Saved model at 55
2024-03-21 03:22:50,118 - INFO - Val loss decrease from 27.5621 to 27.4207, saving to ./libcity/cache/2529/model_cache/PDFormer_PeMS08_epoch55.tar
2024-03-21 03:24:37,738 - INFO - epoch complete!
2024-03-21 03:24:37,739 - INFO - evaluating now!
2024-03-21 03:24:45,197 - INFO - Epoch [56/300] (38133) train_loss: 27.6558, val_loss: 27.8722, lr: 0.000922, 115.08s
2024-03-21 03:26:34,357 - INFO - epoch complete!
2024-03-21 03:26:34,358 - INFO - evaluating now!
2024-03-21 03:26:41,758 - INFO - Epoch [57/300] (38802) train_loss: 27.6592, val_loss: 28.3018, lr: 0.000920, 116.56s
2024-03-21 03:28:23,184 - INFO - epoch complete!
2024-03-21 03:28:23,185 - INFO - evaluating now!
2024-03-21 03:28:30,880 - INFO - Epoch [58/300] (39471) train_loss: 27.6164, val_loss: 27.7744, lr: 0.000917, 109.12s
2024-03-21 03:30:18,384 - INFO - epoch complete!
2024-03-21 03:30:18,384 - INFO - evaluating now!
2024-03-21 03:30:25,911 - INFO - Epoch [59/300] (40140) train_loss: 27.5004, val_loss: 27.5062, lr: 0.000914, 115.03s
2024-03-21 03:32:12,404 - INFO - epoch complete!
2024-03-21 03:32:12,404 - INFO - evaluating now!
2024-03-21 03:32:20,129 - INFO - Epoch [60/300] (40809) train_loss: 27.5092, val_loss: 28.0536, lr: 0.000911, 114.22s
