2024-04-01 15:37:16,914 - INFO - Log directory: ./libcity/log
2024-04-01 15:37:16,914 - INFO - Begin pipeline, task=traffic_state_pred, model_name=PDFormer, dataset_name=PeMS03, exp_id=25791
2024-04-01 15:37:16,915 - INFO - {'task': 'traffic_state_pred', 'model': 'PDFormer', 'dataset': 'PeMS03', 'saved_model': True, 'train': True, 'local_rank': 0, 'initial_ckpt': None, 'dataset_class': 'PDFormerDataset', 'input_window': 12, 'output_window': 12, 'train_rate': 0.6, 'eval_rate': 0.2, 'batch_size': 16, 'add_time_in_day': True, 'add_day_in_week': True, 'step_size': 1964, 'max_epoch': 300, 'bidir': True, 'far_mask_delta': 7, 'geo_num_heads': 4, 'sem_num_heads': 2, 't_num_heads': 2, 'cluster_method': 'kshape', 'cand_key_days': 14, 'seed': 1, 'type_ln': 'pre', 'set_loss': 'huber', 'huber_delta': 2, 'mode': 'average', 'executor': 'PDFormerExecutor', 'evaluator': 'TrafficStateEvaluator', 'embed_dim': 64, 'skip_dim': 256, 'mlp_ratio': 4, 'qkv_bias': True, 'drop': 0, 'attn_drop': 0, 'drop_path': 0.3, 's_attn_size': 3, 't_attn_size': 1, 'enc_depth': 5, 'type_short_path': 'hop', 'scaler': 'standard', 'load_external': True, 'normal_external': False, 'ext_scaler': 'none', 'learner': 'adamw', 'learning_rate': 0.001, 'weight_decay': 0.05, 'lr_decay': True, 'lr_scheduler': 'cosinelr', 'lr_eta_min': 0.0001, 'lr_decay_ratio': 0.1, 'lr_warmup_epoch': 5, 'lr_warmup_init': 1e-06, 'clip_grad_norm': True, 'max_grad_norm': 5, 'use_early_stop': True, 'patience': 50, 'task_level': 0, 'use_curriculum_learning': True, 'random_flip': True, 'quan_delta': 0.25, 'dtw_delta': 5, 'cache_dataset': True, 'num_workers': 0, 'pad_with_last_sample': True, 'lape_dim': 8, 'gpu': True, 'gpu_id': 2, 'train_loss': 'none', 'epoch': 0, 'lr_epsilon': 1e-08, 'lr_beta1': 0.9, 'lr_beta2': 0.999, 'lr_alpha': 0.99, 'lr_momentum': 0, 'steps': [5, 20, 40, 70], 'lr_T_max': 30, 'lr_patience': 10, 'lr_threshold': 0.0001, 'log_level': 'INFO', 'log_every': 1, 'load_best_epoch': True, 'hyper_tune': False, 'grad_accmu_steps': 1, 'metrics': ['MAE', 'MAPE', 'RMSE', 'masked_MAE', 'masked_MAPE', 'masked_RMSE'], 'save_modes': ['csv'], 'geo': {'including_types': ['Point'], 'Point': {}}, 'rel': {'including_types': ['geo'], 'geo': {'cost': 'num'}}, 'dyna': {'including_types': ['state'], 'state': {'entity_id': 'geo_id', 'traffic_flow': 'num', 'traffic_occupancy': 'num', 'traffic_speed': 'num'}}, 'data_col': ['traffic_flow'], 'weight_col': 'cost', 'data_files': ['PeMS03'], 'geo_file': 'PeMS03', 'rel_file': 'PeMS03', 'output_dim': 1, 'time_intervals': 300, 'init_weight_inf_or_zero': 'zero', 'set_weight_link_or_dist': 'link', 'calculate_weight_adj': False, 'weight_adj_epsilon': 0.1, 'distributed': False, 'device': device(type='cuda', index=2), 'exp_id': 25791}
2024-04-01 15:37:17,177 - INFO - Loaded file PeMS03.geo, num_nodes=358
2024-04-01 15:37:17,179 - INFO - set_weight_link_or_dist: link
2024-04-01 15:37:17,179 - INFO - init_weight_inf_or_zero: zero
2024-04-01 15:37:17,181 - INFO - Loaded file PeMS03.rel, shape=(358, 358)
2024-04-01 15:37:17,181 - INFO - Max adj_mx value = 1.0
2024-04-01 15:38:50,448 - INFO - Loading file PeMS03.dyna
2024-04-01 15:38:54,849 - INFO - Loaded file PeMS03.dyna, shape=(26208, 358, 1)
2024-04-01 15:38:54,915 - INFO - Load DTW matrix from ./libcity/cache/dataset_cache/dtw_PeMS03.npy
2024-04-01 15:38:54,915 - INFO - Loading ./libcity/cache/dataset_cache/pdformer_point_based_PeMS03_12_12_0.6_1_0.2_standard_16_True_True_True_True_traffic_flow.npz
2024-04-01 15:39:16,079 - INFO - train	x: (15711, 12, 358, 9), y: (15711, 12, 358, 9), ind: (15711,)
2024-04-01 15:39:16,079 - INFO - eval	x: (5237, 12, 358, 9), y: (5237, 12, 358, 9), ind: (5237,)
2024-04-01 15:39:16,079 - INFO - test	x: (5237, 12, 358, 9), y: (5237, 12, 358, 9), ind: (5237,)
2024-04-01 15:39:17,289 - INFO - StandardScaler mean: 181.37526799238148, std: 144.4083626200602
2024-04-01 15:39:17,289 - INFO - NoneScaler
2024-04-01 15:39:20,890 - INFO - Loaded file ./libcity/cache/dataset_cache/pattern_keys_kshape_PeMS03_14_3_16_5.npy
2024-04-01 15:39:20,899 - INFO - Use use_curriculum_learning!
2024-04-01 15:39:24,407 - INFO - Number of isolated points: 0
2024-04-01 15:39:24,437 - INFO - Number of isolated points: 0
2024-04-01 15:39:24,510 - INFO - PDFormer(
  (pattern_embeddings): ModuleList(
    (0): TokenEmbedding(
      (token_embed): Linear(in_features=3, out_features=64, bias=True)
      (norm): Identity()
    )
  )
  (enc_embed_layer): DataEmbedding(
    (value_embedding): TokenEmbedding(
      (token_embed): Linear(in_features=1, out_features=64, bias=True)
      (norm): Identity()
    )
    (position_encoding): PositionalEncoding()
    (daytime_embedding): Embedding(1440, 64)
    (weekday_embedding): Embedding(7, 64)
    (spatial_embedding): LaplacianPE(
      (embedding_lap_pos_enc): Linear(in_features=8, out_features=64, bias=True)
    )
    (tempp_embedding): Linear(in_features=8, out_features=64, bias=True)
    (dropout): Dropout(p=0, inplace=False)
  )
  (encoder_blocks): ModuleList(
    (0): STEncoderBlock(
      (norm1): LayerNorm((64,), eps=1e-06, elementwise_affine=True)
      (st_attn): STSelfAttention(
        (pattern_q_linears): ModuleList(
          (0): Linear(in_features=64, out_features=32, bias=True)
        )
        (pattern_k_linears): ModuleList(
          (0): Linear(in_features=64, out_features=32, bias=True)
        )
        (pattern_v_linears): ModuleList(
          (0): Linear(in_features=64, out_features=32, bias=True)
        )
        (geo_q_conv): Conv2d(64, 32, kernel_size=(1, 1), stride=(1, 1))
        (geo_k_conv): Conv2d(64, 32, kernel_size=(1, 1), stride=(1, 1))
        (geo_v_conv): Conv2d(64, 32, kernel_size=(1, 1), stride=(1, 1))
        (geo_attn_drop): Dropout(p=0, inplace=False)
        (sem_q_conv): Conv2d(64, 16, kernel_size=(1, 1), stride=(1, 1))
        (sem_k_conv): Conv2d(64, 16, kernel_size=(1, 1), stride=(1, 1))
        (sem_v_conv): Conv2d(64, 16, kernel_size=(1, 1), stride=(1, 1))
        (sem_attn_drop): Dropout(p=0, inplace=False)
        (t_q_conv): Conv2d(64, 16, kernel_size=(1, 1), stride=(1, 1))
        (t_k_conv): Conv2d(64, 16, kernel_size=(1, 1), stride=(1, 1))
        (t_v_conv): Conv2d(64, 16, kernel_size=(1, 1), stride=(1, 1))
        (t_attn_drop): Dropout(p=0, inplace=False)
        (proj): Linear(in_features=48, out_features=64, bias=True)
        (proj_drop): Dropout(p=0, inplace=False)
        (gconv): gcn(
          (nconv): nconv()
          (mlp): linear(
            (mlp): Conv2d(96, 32, kernel_size=(1, 1), stride=(1, 1))
          )
        )
        (reshape1): Linear(in_features=64, out_features=32, bias=True)
        (reshape2): Linear(in_features=32, out_features=64, bias=True)
      )
      (drop_path): DropPath()
      (norm2): LayerNorm((64,), eps=1e-06, elementwise_affine=True)
      (mlp): Mlp(
        (fc1): Linear(in_features=64, out_features=256, bias=True)
        (act): GELU()
        (fc2): Linear(in_features=256, out_features=64, bias=True)
        (drop): Dropout(p=0, inplace=False)
      )
    )
    (1): STEncoderBlock(
      (norm1): LayerNorm((64,), eps=1e-06, elementwise_affine=True)
      (st_attn): STSelfAttention(
        (pattern_q_linears): ModuleList(
          (0): Linear(in_features=64, out_features=32, bias=True)
        )
        (pattern_k_linears): ModuleList(
          (0): Linear(in_features=64, out_features=32, bias=True)
        )
        (pattern_v_linears): ModuleList(
          (0): Linear(in_features=64, out_features=32, bias=True)
        )
        (geo_q_conv): Conv2d(64, 32, kernel_size=(1, 1), stride=(1, 1))
        (geo_k_conv): Conv2d(64, 32, kernel_size=(1, 1), stride=(1, 1))
        (geo_v_conv): Conv2d(64, 32, kernel_size=(1, 1), stride=(1, 1))
        (geo_attn_drop): Dropout(p=0, inplace=False)
        (sem_q_conv): Conv2d(64, 16, kernel_size=(1, 1), stride=(1, 1))
        (sem_k_conv): Conv2d(64, 16, kernel_size=(1, 1), stride=(1, 1))
        (sem_v_conv): Conv2d(64, 16, kernel_size=(1, 1), stride=(1, 1))
        (sem_attn_drop): Dropout(p=0, inplace=False)
        (t_q_conv): Conv2d(64, 16, kernel_size=(1, 1), stride=(1, 1))
        (t_k_conv): Conv2d(64, 16, kernel_size=(1, 1), stride=(1, 1))
        (t_v_conv): Conv2d(64, 16, kernel_size=(1, 1), stride=(1, 1))
        (t_attn_drop): Dropout(p=0, inplace=False)
        (proj): Linear(in_features=48, out_features=64, bias=True)
        (proj_drop): Dropout(p=0, inplace=False)
        (gconv): gcn(
          (nconv): nconv()
          (mlp): linear(
            (mlp): Conv2d(96, 32, kernel_size=(1, 1), stride=(1, 1))
          )
        )
        (reshape1): Linear(in_features=64, out_features=32, bias=True)
        (reshape2): Linear(in_features=32, out_features=64, bias=True)
      )
      (drop_path): DropPath()
      (norm2): LayerNorm((64,), eps=1e-06, elementwise_affine=True)
      (mlp): Mlp(
        (fc1): Linear(in_features=64, out_features=256, bias=True)
        (act): GELU()
        (fc2): Linear(in_features=256, out_features=64, bias=True)
        (drop): Dropout(p=0, inplace=False)
      )
    )
    (2): STEncoderBlock(
      (norm1): LayerNorm((64,), eps=1e-06, elementwise_affine=True)
      (st_attn): STSelfAttention(
        (pattern_q_linears): ModuleList(
          (0): Linear(in_features=64, out_features=32, bias=True)
        )
        (pattern_k_linears): ModuleList(
          (0): Linear(in_features=64, out_features=32, bias=True)
        )
        (pattern_v_linears): ModuleList(
          (0): Linear(in_features=64, out_features=32, bias=True)
        )
        (geo_q_conv): Conv2d(64, 32, kernel_size=(1, 1), stride=(1, 1))
        (geo_k_conv): Conv2d(64, 32, kernel_size=(1, 1), stride=(1, 1))
        (geo_v_conv): Conv2d(64, 32, kernel_size=(1, 1), stride=(1, 1))
        (geo_attn_drop): Dropout(p=0, inplace=False)
        (sem_q_conv): Conv2d(64, 16, kernel_size=(1, 1), stride=(1, 1))
        (sem_k_conv): Conv2d(64, 16, kernel_size=(1, 1), stride=(1, 1))
        (sem_v_conv): Conv2d(64, 16, kernel_size=(1, 1), stride=(1, 1))
        (sem_attn_drop): Dropout(p=0, inplace=False)
        (t_q_conv): Conv2d(64, 16, kernel_size=(1, 1), stride=(1, 1))
        (t_k_conv): Conv2d(64, 16, kernel_size=(1, 1), stride=(1, 1))
        (t_v_conv): Conv2d(64, 16, kernel_size=(1, 1), stride=(1, 1))
        (t_attn_drop): Dropout(p=0, inplace=False)
        (proj): Linear(in_features=48, out_features=64, bias=True)
        (proj_drop): Dropout(p=0, inplace=False)
        (gconv): gcn(
          (nconv): nconv()
          (mlp): linear(
            (mlp): Conv2d(96, 32, kernel_size=(1, 1), stride=(1, 1))
          )
        )
        (reshape1): Linear(in_features=64, out_features=32, bias=True)
        (reshape2): Linear(in_features=32, out_features=64, bias=True)
      )
      (drop_path): DropPath()
      (norm2): LayerNorm((64,), eps=1e-06, elementwise_affine=True)
      (mlp): Mlp(
        (fc1): Linear(in_features=64, out_features=256, bias=True)
        (act): GELU()
        (fc2): Linear(in_features=256, out_features=64, bias=True)
        (drop): Dropout(p=0, inplace=False)
      )
    )
    (3): STEncoderBlock(
      (norm1): LayerNorm((64,), eps=1e-06, elementwise_affine=True)
      (st_attn): STSelfAttention(
        (pattern_q_linears): ModuleList(
          (0): Linear(in_features=64, out_features=32, bias=True)
        )
        (pattern_k_linears): ModuleList(
          (0): Linear(in_features=64, out_features=32, bias=True)
        )
        (pattern_v_linears): ModuleList(
          (0): Linear(in_features=64, out_features=32, bias=True)
        )
        (geo_q_conv): Conv2d(64, 32, kernel_size=(1, 1), stride=(1, 1))
        (geo_k_conv): Conv2d(64, 32, kernel_size=(1, 1), stride=(1, 1))
        (geo_v_conv): Conv2d(64, 32, kernel_size=(1, 1), stride=(1, 1))
        (geo_attn_drop): Dropout(p=0, inplace=False)
        (sem_q_conv): Conv2d(64, 16, kernel_size=(1, 1), stride=(1, 1))
        (sem_k_conv): Conv2d(64, 16, kernel_size=(1, 1), stride=(1, 1))
        (sem_v_conv): Conv2d(64, 16, kernel_size=(1, 1), stride=(1, 1))
        (sem_attn_drop): Dropout(p=0, inplace=False)
        (t_q_conv): Conv2d(64, 16, kernel_size=(1, 1), stride=(1, 1))
        (t_k_conv): Conv2d(64, 16, kernel_size=(1, 1), stride=(1, 1))
        (t_v_conv): Conv2d(64, 16, kernel_size=(1, 1), stride=(1, 1))
        (t_attn_drop): Dropout(p=0, inplace=False)
        (proj): Linear(in_features=48, out_features=64, bias=True)
        (proj_drop): Dropout(p=0, inplace=False)
        (gconv): gcn(
          (nconv): nconv()
          (mlp): linear(
            (mlp): Conv2d(96, 32, kernel_size=(1, 1), stride=(1, 1))
          )
        )
        (reshape1): Linear(in_features=64, out_features=32, bias=True)
        (reshape2): Linear(in_features=32, out_features=64, bias=True)
      )
      (drop_path): DropPath()
      (norm2): LayerNorm((64,), eps=1e-06, elementwise_affine=True)
      (mlp): Mlp(
        (fc1): Linear(in_features=64, out_features=256, bias=True)
        (act): GELU()
        (fc2): Linear(in_features=256, out_features=64, bias=True)
        (drop): Dropout(p=0, inplace=False)
      )
    )
    (4): STEncoderBlock(
      (norm1): LayerNorm((64,), eps=1e-06, elementwise_affine=True)
      (st_attn): STSelfAttention(
        (pattern_q_linears): ModuleList(
          (0): Linear(in_features=64, out_features=32, bias=True)
        )
        (pattern_k_linears): ModuleList(
          (0): Linear(in_features=64, out_features=32, bias=True)
        )
        (pattern_v_linears): ModuleList(
          (0): Linear(in_features=64, out_features=32, bias=True)
        )
        (geo_q_conv): Conv2d(64, 32, kernel_size=(1, 1), stride=(1, 1))
        (geo_k_conv): Conv2d(64, 32, kernel_size=(1, 1), stride=(1, 1))
        (geo_v_conv): Conv2d(64, 32, kernel_size=(1, 1), stride=(1, 1))
        (geo_attn_drop): Dropout(p=0, inplace=False)
        (sem_q_conv): Conv2d(64, 16, kernel_size=(1, 1), stride=(1, 1))
        (sem_k_conv): Conv2d(64, 16, kernel_size=(1, 1), stride=(1, 1))
        (sem_v_conv): Conv2d(64, 16, kernel_size=(1, 1), stride=(1, 1))
        (sem_attn_drop): Dropout(p=0, inplace=False)
        (t_q_conv): Conv2d(64, 16, kernel_size=(1, 1), stride=(1, 1))
        (t_k_conv): Conv2d(64, 16, kernel_size=(1, 1), stride=(1, 1))
        (t_v_conv): Conv2d(64, 16, kernel_size=(1, 1), stride=(1, 1))
        (t_attn_drop): Dropout(p=0, inplace=False)
        (proj): Linear(in_features=48, out_features=64, bias=True)
        (proj_drop): Dropout(p=0, inplace=False)
        (gconv): gcn(
          (nconv): nconv()
          (mlp): linear(
            (mlp): Conv2d(96, 32, kernel_size=(1, 1), stride=(1, 1))
          )
        )
        (reshape1): Linear(in_features=64, out_features=32, bias=True)
        (reshape2): Linear(in_features=32, out_features=64, bias=True)
      )
      (drop_path): DropPath()
      (norm2): LayerNorm((64,), eps=1e-06, elementwise_affine=True)
      (mlp): Mlp(
        (fc1): Linear(in_features=64, out_features=256, bias=True)
        (act): GELU()
        (fc2): Linear(in_features=256, out_features=64, bias=True)
        (drop): Dropout(p=0, inplace=False)
      )
    )
  )
  (skip_convs): ModuleList(
    (0): Conv2d(64, 256, kernel_size=(1, 1), stride=(1, 1))
    (1): Conv2d(64, 256, kernel_size=(1, 1), stride=(1, 1))
    (2): Conv2d(64, 256, kernel_size=(1, 1), stride=(1, 1))
    (3): Conv2d(64, 256, kernel_size=(1, 1), stride=(1, 1))
    (4): Conv2d(64, 256, kernel_size=(1, 1), stride=(1, 1))
  )
  (end_conv1): Conv2d(12, 12, kernel_size=(1, 1), stride=(1, 1))
  (end_conv2): Conv2d(256, 1, kernel_size=(1, 1), stride=(1, 1))
)
2024-04-01 15:39:24,512 - INFO - pattern_embeddings.0.token_embed.weight	torch.Size([64, 3])	cuda:2	True
2024-04-01 15:39:24,512 - INFO - pattern_embeddings.0.token_embed.bias	torch.Size([64])	cuda:2	True
2024-04-01 15:39:24,512 - INFO - enc_embed_layer.value_embedding.token_embed.weight	torch.Size([64, 1])	cuda:2	True
2024-04-01 15:39:24,512 - INFO - enc_embed_layer.value_embedding.token_embed.bias	torch.Size([64])	cuda:2	True
2024-04-01 15:39:24,512 - INFO - enc_embed_layer.daytime_embedding.weight	torch.Size([1440, 64])	cuda:2	True
2024-04-01 15:39:24,512 - INFO - enc_embed_layer.weekday_embedding.weight	torch.Size([7, 64])	cuda:2	True
2024-04-01 15:39:24,512 - INFO - enc_embed_layer.spatial_embedding.embedding_lap_pos_enc.weight	torch.Size([64, 8])	cuda:2	True
2024-04-01 15:39:24,512 - INFO - enc_embed_layer.spatial_embedding.embedding_lap_pos_enc.bias	torch.Size([64])	cuda:2	True
2024-04-01 15:39:24,512 - INFO - enc_embed_layer.tempp_embedding.weight	torch.Size([64, 8])	cuda:2	True
2024-04-01 15:39:24,513 - INFO - enc_embed_layer.tempp_embedding.bias	torch.Size([64])	cuda:2	True
2024-04-01 15:39:24,513 - INFO - encoder_blocks.0.norm1.weight	torch.Size([64])	cuda:2	True
2024-04-01 15:39:24,513 - INFO - encoder_blocks.0.norm1.bias	torch.Size([64])	cuda:2	True
2024-04-01 15:39:24,513 - INFO - encoder_blocks.0.st_attn.nodevec_p1	torch.Size([288, 40])	cuda:2	True
2024-04-01 15:39:24,513 - INFO - encoder_blocks.0.st_attn.nodevec_p2	torch.Size([358, 40])	cuda:2	True
2024-04-01 15:39:24,513 - INFO - encoder_blocks.0.st_attn.nodevec_p3	torch.Size([358, 40])	cuda:2	True
2024-04-01 15:39:24,513 - INFO - encoder_blocks.0.st_attn.nodevec_pk	torch.Size([40, 40, 40])	cuda:2	True
2024-04-01 15:39:24,513 - INFO - encoder_blocks.0.st_attn.pattern_q_linears.0.weight	torch.Size([32, 64])	cuda:2	True
2024-04-01 15:39:24,513 - INFO - encoder_blocks.0.st_attn.pattern_q_linears.0.bias	torch.Size([32])	cuda:2	True
2024-04-01 15:39:24,513 - INFO - encoder_blocks.0.st_attn.pattern_k_linears.0.weight	torch.Size([32, 64])	cuda:2	True
2024-04-01 15:39:24,513 - INFO - encoder_blocks.0.st_attn.pattern_k_linears.0.bias	torch.Size([32])	cuda:2	True
2024-04-01 15:39:24,513 - INFO - encoder_blocks.0.st_attn.pattern_v_linears.0.weight	torch.Size([32, 64])	cuda:2	True
2024-04-01 15:39:24,513 - INFO - encoder_blocks.0.st_attn.pattern_v_linears.0.bias	torch.Size([32])	cuda:2	True
2024-04-01 15:39:24,513 - INFO - encoder_blocks.0.st_attn.geo_q_conv.weight	torch.Size([32, 64, 1, 1])	cuda:2	True
2024-04-01 15:39:24,513 - INFO - encoder_blocks.0.st_attn.geo_q_conv.bias	torch.Size([32])	cuda:2	True
2024-04-01 15:39:24,513 - INFO - encoder_blocks.0.st_attn.geo_k_conv.weight	torch.Size([32, 64, 1, 1])	cuda:2	True
2024-04-01 15:39:24,513 - INFO - encoder_blocks.0.st_attn.geo_k_conv.bias	torch.Size([32])	cuda:2	True
2024-04-01 15:39:24,513 - INFO - encoder_blocks.0.st_attn.geo_v_conv.weight	torch.Size([32, 64, 1, 1])	cuda:2	True
2024-04-01 15:39:24,513 - INFO - encoder_blocks.0.st_attn.geo_v_conv.bias	torch.Size([32])	cuda:2	True
2024-04-01 15:39:24,513 - INFO - encoder_blocks.0.st_attn.sem_q_conv.weight	torch.Size([16, 64, 1, 1])	cuda:2	True
2024-04-01 15:39:24,513 - INFO - encoder_blocks.0.st_attn.sem_q_conv.bias	torch.Size([16])	cuda:2	True
2024-04-01 15:39:24,513 - INFO - encoder_blocks.0.st_attn.sem_k_conv.weight	torch.Size([16, 64, 1, 1])	cuda:2	True
2024-04-01 15:39:24,513 - INFO - encoder_blocks.0.st_attn.sem_k_conv.bias	torch.Size([16])	cuda:2	True
2024-04-01 15:39:24,513 - INFO - encoder_blocks.0.st_attn.sem_v_conv.weight	torch.Size([16, 64, 1, 1])	cuda:2	True
2024-04-01 15:39:24,513 - INFO - encoder_blocks.0.st_attn.sem_v_conv.bias	torch.Size([16])	cuda:2	True
2024-04-01 15:39:24,513 - INFO - encoder_blocks.0.st_attn.t_q_conv.weight	torch.Size([16, 64, 1, 1])	cuda:2	True
2024-04-01 15:39:24,514 - INFO - encoder_blocks.0.st_attn.t_q_conv.bias	torch.Size([16])	cuda:2	True
2024-04-01 15:39:24,514 - INFO - encoder_blocks.0.st_attn.t_k_conv.weight	torch.Size([16, 64, 1, 1])	cuda:2	True
2024-04-01 15:39:24,514 - INFO - encoder_blocks.0.st_attn.t_k_conv.bias	torch.Size([16])	cuda:2	True
2024-04-01 15:39:24,514 - INFO - encoder_blocks.0.st_attn.t_v_conv.weight	torch.Size([16, 64, 1, 1])	cuda:2	True
2024-04-01 15:39:24,514 - INFO - encoder_blocks.0.st_attn.t_v_conv.bias	torch.Size([16])	cuda:2	True
2024-04-01 15:39:24,514 - INFO - encoder_blocks.0.st_attn.proj.weight	torch.Size([64, 48])	cuda:2	True
2024-04-01 15:39:24,514 - INFO - encoder_blocks.0.st_attn.proj.bias	torch.Size([64])	cuda:2	True
2024-04-01 15:39:24,514 - INFO - encoder_blocks.0.st_attn.gconv.mlp.mlp.weight	torch.Size([32, 96, 1, 1])	cuda:2	True
2024-04-01 15:39:24,514 - INFO - encoder_blocks.0.st_attn.gconv.mlp.mlp.bias	torch.Size([32])	cuda:2	True
2024-04-01 15:39:24,514 - INFO - encoder_blocks.0.st_attn.reshape1.weight	torch.Size([32, 64])	cuda:2	True
2024-04-01 15:39:24,514 - INFO - encoder_blocks.0.st_attn.reshape1.bias	torch.Size([32])	cuda:2	True
2024-04-01 15:39:24,514 - INFO - encoder_blocks.0.st_attn.reshape2.weight	torch.Size([64, 32])	cuda:2	True
2024-04-01 15:39:24,514 - INFO - encoder_blocks.0.st_attn.reshape2.bias	torch.Size([64])	cuda:2	True
2024-04-01 15:39:24,514 - INFO - encoder_blocks.0.norm2.weight	torch.Size([64])	cuda:2	True
2024-04-01 15:39:24,514 - INFO - encoder_blocks.0.norm2.bias	torch.Size([64])	cuda:2	True
2024-04-01 15:39:24,514 - INFO - encoder_blocks.0.mlp.fc1.weight	torch.Size([256, 64])	cuda:2	True
2024-04-01 15:39:24,514 - INFO - encoder_blocks.0.mlp.fc1.bias	torch.Size([256])	cuda:2	True
2024-04-01 15:39:24,514 - INFO - encoder_blocks.0.mlp.fc2.weight	torch.Size([64, 256])	cuda:2	True
2024-04-01 15:39:24,514 - INFO - encoder_blocks.0.mlp.fc2.bias	torch.Size([64])	cuda:2	True
2024-04-01 15:39:24,514 - INFO - encoder_blocks.1.norm1.weight	torch.Size([64])	cuda:2	True
2024-04-01 15:39:24,514 - INFO - encoder_blocks.1.norm1.bias	torch.Size([64])	cuda:2	True
2024-04-01 15:39:24,514 - INFO - encoder_blocks.1.st_attn.nodevec_p1	torch.Size([288, 40])	cuda:2	True
2024-04-01 15:39:24,514 - INFO - encoder_blocks.1.st_attn.nodevec_p2	torch.Size([358, 40])	cuda:2	True
2024-04-01 15:39:24,514 - INFO - encoder_blocks.1.st_attn.nodevec_p3	torch.Size([358, 40])	cuda:2	True
2024-04-01 15:39:24,514 - INFO - encoder_blocks.1.st_attn.nodevec_pk	torch.Size([40, 40, 40])	cuda:2	True
2024-04-01 15:39:24,514 - INFO - encoder_blocks.1.st_attn.pattern_q_linears.0.weight	torch.Size([32, 64])	cuda:2	True
2024-04-01 15:39:24,514 - INFO - encoder_blocks.1.st_attn.pattern_q_linears.0.bias	torch.Size([32])	cuda:2	True
2024-04-01 15:39:24,515 - INFO - encoder_blocks.1.st_attn.pattern_k_linears.0.weight	torch.Size([32, 64])	cuda:2	True
2024-04-01 15:39:24,515 - INFO - encoder_blocks.1.st_attn.pattern_k_linears.0.bias	torch.Size([32])	cuda:2	True
2024-04-01 15:39:24,515 - INFO - encoder_blocks.1.st_attn.pattern_v_linears.0.weight	torch.Size([32, 64])	cuda:2	True
2024-04-01 15:39:24,515 - INFO - encoder_blocks.1.st_attn.pattern_v_linears.0.bias	torch.Size([32])	cuda:2	True
2024-04-01 15:39:24,515 - INFO - encoder_blocks.1.st_attn.geo_q_conv.weight	torch.Size([32, 64, 1, 1])	cuda:2	True
2024-04-01 15:39:24,515 - INFO - encoder_blocks.1.st_attn.geo_q_conv.bias	torch.Size([32])	cuda:2	True
2024-04-01 15:39:24,515 - INFO - encoder_blocks.1.st_attn.geo_k_conv.weight	torch.Size([32, 64, 1, 1])	cuda:2	True
2024-04-01 15:39:24,515 - INFO - encoder_blocks.1.st_attn.geo_k_conv.bias	torch.Size([32])	cuda:2	True
2024-04-01 15:39:24,515 - INFO - encoder_blocks.1.st_attn.geo_v_conv.weight	torch.Size([32, 64, 1, 1])	cuda:2	True
2024-04-01 15:39:24,515 - INFO - encoder_blocks.1.st_attn.geo_v_conv.bias	torch.Size([32])	cuda:2	True
2024-04-01 15:39:24,515 - INFO - encoder_blocks.1.st_attn.sem_q_conv.weight	torch.Size([16, 64, 1, 1])	cuda:2	True
2024-04-01 15:39:24,515 - INFO - encoder_blocks.1.st_attn.sem_q_conv.bias	torch.Size([16])	cuda:2	True
2024-04-01 15:39:24,515 - INFO - encoder_blocks.1.st_attn.sem_k_conv.weight	torch.Size([16, 64, 1, 1])	cuda:2	True
2024-04-01 15:39:24,515 - INFO - encoder_blocks.1.st_attn.sem_k_conv.bias	torch.Size([16])	cuda:2	True
2024-04-01 15:39:24,515 - INFO - encoder_blocks.1.st_attn.sem_v_conv.weight	torch.Size([16, 64, 1, 1])	cuda:2	True
2024-04-01 15:39:24,515 - INFO - encoder_blocks.1.st_attn.sem_v_conv.bias	torch.Size([16])	cuda:2	True
2024-04-01 15:39:24,515 - INFO - encoder_blocks.1.st_attn.t_q_conv.weight	torch.Size([16, 64, 1, 1])	cuda:2	True
2024-04-01 15:39:24,515 - INFO - encoder_blocks.1.st_attn.t_q_conv.bias	torch.Size([16])	cuda:2	True
2024-04-01 15:39:24,515 - INFO - encoder_blocks.1.st_attn.t_k_conv.weight	torch.Size([16, 64, 1, 1])	cuda:2	True
2024-04-01 15:39:24,515 - INFO - encoder_blocks.1.st_attn.t_k_conv.bias	torch.Size([16])	cuda:2	True
2024-04-01 15:39:24,515 - INFO - encoder_blocks.1.st_attn.t_v_conv.weight	torch.Size([16, 64, 1, 1])	cuda:2	True
2024-04-01 15:39:24,515 - INFO - encoder_blocks.1.st_attn.t_v_conv.bias	torch.Size([16])	cuda:2	True
2024-04-01 15:39:24,515 - INFO - encoder_blocks.1.st_attn.proj.weight	torch.Size([64, 48])	cuda:2	True
2024-04-01 15:39:24,515 - INFO - encoder_blocks.1.st_attn.proj.bias	torch.Size([64])	cuda:2	True
2024-04-01 15:39:24,515 - INFO - encoder_blocks.1.st_attn.gconv.mlp.mlp.weight	torch.Size([32, 96, 1, 1])	cuda:2	True
2024-04-01 15:39:24,515 - INFO - encoder_blocks.1.st_attn.gconv.mlp.mlp.bias	torch.Size([32])	cuda:2	True
2024-04-01 15:39:24,515 - INFO - encoder_blocks.1.st_attn.reshape1.weight	torch.Size([32, 64])	cuda:2	True
2024-04-01 15:39:24,516 - INFO - encoder_blocks.1.st_attn.reshape1.bias	torch.Size([32])	cuda:2	True
2024-04-01 15:39:24,516 - INFO - encoder_blocks.1.st_attn.reshape2.weight	torch.Size([64, 32])	cuda:2	True
2024-04-01 15:39:24,516 - INFO - encoder_blocks.1.st_attn.reshape2.bias	torch.Size([64])	cuda:2	True
2024-04-01 15:39:24,516 - INFO - encoder_blocks.1.norm2.weight	torch.Size([64])	cuda:2	True
2024-04-01 15:39:24,516 - INFO - encoder_blocks.1.norm2.bias	torch.Size([64])	cuda:2	True
2024-04-01 15:39:24,516 - INFO - encoder_blocks.1.mlp.fc1.weight	torch.Size([256, 64])	cuda:2	True
2024-04-01 15:39:24,516 - INFO - encoder_blocks.1.mlp.fc1.bias	torch.Size([256])	cuda:2	True
2024-04-01 15:39:24,516 - INFO - encoder_blocks.1.mlp.fc2.weight	torch.Size([64, 256])	cuda:2	True
2024-04-01 15:39:24,516 - INFO - encoder_blocks.1.mlp.fc2.bias	torch.Size([64])	cuda:2	True
2024-04-01 15:39:24,516 - INFO - encoder_blocks.2.norm1.weight	torch.Size([64])	cuda:2	True
2024-04-01 15:39:24,516 - INFO - encoder_blocks.2.norm1.bias	torch.Size([64])	cuda:2	True
2024-04-01 15:39:24,516 - INFO - encoder_blocks.2.st_attn.nodevec_p1	torch.Size([288, 40])	cuda:2	True
2024-04-01 15:39:24,516 - INFO - encoder_blocks.2.st_attn.nodevec_p2	torch.Size([358, 40])	cuda:2	True
2024-04-01 15:39:24,516 - INFO - encoder_blocks.2.st_attn.nodevec_p3	torch.Size([358, 40])	cuda:2	True
2024-04-01 15:39:24,516 - INFO - encoder_blocks.2.st_attn.nodevec_pk	torch.Size([40, 40, 40])	cuda:2	True
2024-04-01 15:39:24,516 - INFO - encoder_blocks.2.st_attn.pattern_q_linears.0.weight	torch.Size([32, 64])	cuda:2	True
2024-04-01 15:39:24,516 - INFO - encoder_blocks.2.st_attn.pattern_q_linears.0.bias	torch.Size([32])	cuda:2	True
2024-04-01 15:39:24,516 - INFO - encoder_blocks.2.st_attn.pattern_k_linears.0.weight	torch.Size([32, 64])	cuda:2	True
2024-04-01 15:39:24,516 - INFO - encoder_blocks.2.st_attn.pattern_k_linears.0.bias	torch.Size([32])	cuda:2	True
2024-04-01 15:39:24,516 - INFO - encoder_blocks.2.st_attn.pattern_v_linears.0.weight	torch.Size([32, 64])	cuda:2	True
2024-04-01 15:39:24,516 - INFO - encoder_blocks.2.st_attn.pattern_v_linears.0.bias	torch.Size([32])	cuda:2	True
2024-04-01 15:39:24,516 - INFO - encoder_blocks.2.st_attn.geo_q_conv.weight	torch.Size([32, 64, 1, 1])	cuda:2	True
2024-04-01 15:39:24,516 - INFO - encoder_blocks.2.st_attn.geo_q_conv.bias	torch.Size([32])	cuda:2	True
2024-04-01 15:39:24,516 - INFO - encoder_blocks.2.st_attn.geo_k_conv.weight	torch.Size([32, 64, 1, 1])	cuda:2	True
2024-04-01 15:39:24,516 - INFO - encoder_blocks.2.st_attn.geo_k_conv.bias	torch.Size([32])	cuda:2	True
2024-04-01 15:39:24,516 - INFO - encoder_blocks.2.st_attn.geo_v_conv.weight	torch.Size([32, 64, 1, 1])	cuda:2	True
2024-04-01 15:39:24,516 - INFO - encoder_blocks.2.st_attn.geo_v_conv.bias	torch.Size([32])	cuda:2	True
2024-04-01 15:39:24,516 - INFO - encoder_blocks.2.st_attn.sem_q_conv.weight	torch.Size([16, 64, 1, 1])	cuda:2	True
2024-04-01 15:39:24,516 - INFO - encoder_blocks.2.st_attn.sem_q_conv.bias	torch.Size([16])	cuda:2	True
2024-04-01 15:39:24,517 - INFO - encoder_blocks.2.st_attn.sem_k_conv.weight	torch.Size([16, 64, 1, 1])	cuda:2	True
2024-04-01 15:39:24,517 - INFO - encoder_blocks.2.st_attn.sem_k_conv.bias	torch.Size([16])	cuda:2	True
2024-04-01 15:39:24,517 - INFO - encoder_blocks.2.st_attn.sem_v_conv.weight	torch.Size([16, 64, 1, 1])	cuda:2	True
2024-04-01 15:39:24,517 - INFO - encoder_blocks.2.st_attn.sem_v_conv.bias	torch.Size([16])	cuda:2	True
2024-04-01 15:39:24,517 - INFO - encoder_blocks.2.st_attn.t_q_conv.weight	torch.Size([16, 64, 1, 1])	cuda:2	True
2024-04-01 15:39:24,517 - INFO - encoder_blocks.2.st_attn.t_q_conv.bias	torch.Size([16])	cuda:2	True
2024-04-01 15:39:24,517 - INFO - encoder_blocks.2.st_attn.t_k_conv.weight	torch.Size([16, 64, 1, 1])	cuda:2	True
2024-04-01 15:39:24,517 - INFO - encoder_blocks.2.st_attn.t_k_conv.bias	torch.Size([16])	cuda:2	True
2024-04-01 15:39:24,517 - INFO - encoder_blocks.2.st_attn.t_v_conv.weight	torch.Size([16, 64, 1, 1])	cuda:2	True
2024-04-01 15:39:24,517 - INFO - encoder_blocks.2.st_attn.t_v_conv.bias	torch.Size([16])	cuda:2	True
2024-04-01 15:39:24,517 - INFO - encoder_blocks.2.st_attn.proj.weight	torch.Size([64, 48])	cuda:2	True
2024-04-01 15:39:24,517 - INFO - encoder_blocks.2.st_attn.proj.bias	torch.Size([64])	cuda:2	True
2024-04-01 15:39:24,517 - INFO - encoder_blocks.2.st_attn.gconv.mlp.mlp.weight	torch.Size([32, 96, 1, 1])	cuda:2	True
2024-04-01 15:39:24,517 - INFO - encoder_blocks.2.st_attn.gconv.mlp.mlp.bias	torch.Size([32])	cuda:2	True
2024-04-01 15:39:24,517 - INFO - encoder_blocks.2.st_attn.reshape1.weight	torch.Size([32, 64])	cuda:2	True
2024-04-01 15:39:24,517 - INFO - encoder_blocks.2.st_attn.reshape1.bias	torch.Size([32])	cuda:2	True
2024-04-01 15:39:24,517 - INFO - encoder_blocks.2.st_attn.reshape2.weight	torch.Size([64, 32])	cuda:2	True
2024-04-01 15:39:24,517 - INFO - encoder_blocks.2.st_attn.reshape2.bias	torch.Size([64])	cuda:2	True
2024-04-01 15:39:24,517 - INFO - encoder_blocks.2.norm2.weight	torch.Size([64])	cuda:2	True
2024-04-01 15:39:24,517 - INFO - encoder_blocks.2.norm2.bias	torch.Size([64])	cuda:2	True
2024-04-01 15:39:24,517 - INFO - encoder_blocks.2.mlp.fc1.weight	torch.Size([256, 64])	cuda:2	True
2024-04-01 15:39:24,517 - INFO - encoder_blocks.2.mlp.fc1.bias	torch.Size([256])	cuda:2	True
2024-04-01 15:39:24,517 - INFO - encoder_blocks.2.mlp.fc2.weight	torch.Size([64, 256])	cuda:2	True
2024-04-01 15:39:24,517 - INFO - encoder_blocks.2.mlp.fc2.bias	torch.Size([64])	cuda:2	True
2024-04-01 15:39:24,517 - INFO - encoder_blocks.3.norm1.weight	torch.Size([64])	cuda:2	True
2024-04-01 15:39:24,517 - INFO - encoder_blocks.3.norm1.bias	torch.Size([64])	cuda:2	True
2024-04-01 15:39:24,517 - INFO - encoder_blocks.3.st_attn.nodevec_p1	torch.Size([288, 40])	cuda:2	True
2024-04-01 15:39:24,518 - INFO - encoder_blocks.3.st_attn.nodevec_p2	torch.Size([358, 40])	cuda:2	True
2024-04-01 15:39:24,518 - INFO - encoder_blocks.3.st_attn.nodevec_p3	torch.Size([358, 40])	cuda:2	True
2024-04-01 15:39:24,518 - INFO - encoder_blocks.3.st_attn.nodevec_pk	torch.Size([40, 40, 40])	cuda:2	True
2024-04-01 15:39:24,518 - INFO - encoder_blocks.3.st_attn.pattern_q_linears.0.weight	torch.Size([32, 64])	cuda:2	True
2024-04-01 15:39:24,518 - INFO - encoder_blocks.3.st_attn.pattern_q_linears.0.bias	torch.Size([32])	cuda:2	True
2024-04-01 15:39:24,518 - INFO - encoder_blocks.3.st_attn.pattern_k_linears.0.weight	torch.Size([32, 64])	cuda:2	True
2024-04-01 15:39:24,518 - INFO - encoder_blocks.3.st_attn.pattern_k_linears.0.bias	torch.Size([32])	cuda:2	True
2024-04-01 15:39:24,518 - INFO - encoder_blocks.3.st_attn.pattern_v_linears.0.weight	torch.Size([32, 64])	cuda:2	True
2024-04-01 15:39:24,518 - INFO - encoder_blocks.3.st_attn.pattern_v_linears.0.bias	torch.Size([32])	cuda:2	True
2024-04-01 15:39:24,518 - INFO - encoder_blocks.3.st_attn.geo_q_conv.weight	torch.Size([32, 64, 1, 1])	cuda:2	True
2024-04-01 15:39:24,518 - INFO - encoder_blocks.3.st_attn.geo_q_conv.bias	torch.Size([32])	cuda:2	True
2024-04-01 15:39:24,518 - INFO - encoder_blocks.3.st_attn.geo_k_conv.weight	torch.Size([32, 64, 1, 1])	cuda:2	True
2024-04-01 15:39:24,518 - INFO - encoder_blocks.3.st_attn.geo_k_conv.bias	torch.Size([32])	cuda:2	True
2024-04-01 15:39:24,518 - INFO - encoder_blocks.3.st_attn.geo_v_conv.weight	torch.Size([32, 64, 1, 1])	cuda:2	True
2024-04-01 15:39:24,518 - INFO - encoder_blocks.3.st_attn.geo_v_conv.bias	torch.Size([32])	cuda:2	True
2024-04-01 15:39:24,518 - INFO - encoder_blocks.3.st_attn.sem_q_conv.weight	torch.Size([16, 64, 1, 1])	cuda:2	True
2024-04-01 15:39:24,518 - INFO - encoder_blocks.3.st_attn.sem_q_conv.bias	torch.Size([16])	cuda:2	True
2024-04-01 15:39:24,518 - INFO - encoder_blocks.3.st_attn.sem_k_conv.weight	torch.Size([16, 64, 1, 1])	cuda:2	True
2024-04-01 15:39:24,518 - INFO - encoder_blocks.3.st_attn.sem_k_conv.bias	torch.Size([16])	cuda:2	True
2024-04-01 15:39:24,518 - INFO - encoder_blocks.3.st_attn.sem_v_conv.weight	torch.Size([16, 64, 1, 1])	cuda:2	True
2024-04-01 15:39:24,518 - INFO - encoder_blocks.3.st_attn.sem_v_conv.bias	torch.Size([16])	cuda:2	True
2024-04-01 15:39:24,518 - INFO - encoder_blocks.3.st_attn.t_q_conv.weight	torch.Size([16, 64, 1, 1])	cuda:2	True
2024-04-01 15:39:24,518 - INFO - encoder_blocks.3.st_attn.t_q_conv.bias	torch.Size([16])	cuda:2	True
2024-04-01 15:39:24,518 - INFO - encoder_blocks.3.st_attn.t_k_conv.weight	torch.Size([16, 64, 1, 1])	cuda:2	True
2024-04-01 15:39:24,518 - INFO - encoder_blocks.3.st_attn.t_k_conv.bias	torch.Size([16])	cuda:2	True
2024-04-01 15:39:24,518 - INFO - encoder_blocks.3.st_attn.t_v_conv.weight	torch.Size([16, 64, 1, 1])	cuda:2	True
2024-04-01 15:39:24,518 - INFO - encoder_blocks.3.st_attn.t_v_conv.bias	torch.Size([16])	cuda:2	True
2024-04-01 15:39:24,519 - INFO - encoder_blocks.3.st_attn.proj.weight	torch.Size([64, 48])	cuda:2	True
2024-04-01 15:39:24,519 - INFO - encoder_blocks.3.st_attn.proj.bias	torch.Size([64])	cuda:2	True
2024-04-01 15:39:24,519 - INFO - encoder_blocks.3.st_attn.gconv.mlp.mlp.weight	torch.Size([32, 96, 1, 1])	cuda:2	True
2024-04-01 15:39:24,519 - INFO - encoder_blocks.3.st_attn.gconv.mlp.mlp.bias	torch.Size([32])	cuda:2	True
2024-04-01 15:39:24,519 - INFO - encoder_blocks.3.st_attn.reshape1.weight	torch.Size([32, 64])	cuda:2	True
2024-04-01 15:39:24,519 - INFO - encoder_blocks.3.st_attn.reshape1.bias	torch.Size([32])	cuda:2	True
2024-04-01 15:39:24,519 - INFO - encoder_blocks.3.st_attn.reshape2.weight	torch.Size([64, 32])	cuda:2	True
2024-04-01 15:39:24,519 - INFO - encoder_blocks.3.st_attn.reshape2.bias	torch.Size([64])	cuda:2	True
2024-04-01 15:39:24,519 - INFO - encoder_blocks.3.norm2.weight	torch.Size([64])	cuda:2	True
2024-04-01 15:39:24,519 - INFO - encoder_blocks.3.norm2.bias	torch.Size([64])	cuda:2	True
2024-04-01 15:39:24,519 - INFO - encoder_blocks.3.mlp.fc1.weight	torch.Size([256, 64])	cuda:2	True
2024-04-01 15:39:24,519 - INFO - encoder_blocks.3.mlp.fc1.bias	torch.Size([256])	cuda:2	True
2024-04-01 15:39:24,519 - INFO - encoder_blocks.3.mlp.fc2.weight	torch.Size([64, 256])	cuda:2	True
2024-04-01 15:39:24,519 - INFO - encoder_blocks.3.mlp.fc2.bias	torch.Size([64])	cuda:2	True
2024-04-01 15:39:24,519 - INFO - encoder_blocks.4.norm1.weight	torch.Size([64])	cuda:2	True
2024-04-01 15:39:24,519 - INFO - encoder_blocks.4.norm1.bias	torch.Size([64])	cuda:2	True
2024-04-01 15:39:24,519 - INFO - encoder_blocks.4.st_attn.nodevec_p1	torch.Size([288, 40])	cuda:2	True
2024-04-01 15:39:24,519 - INFO - encoder_blocks.4.st_attn.nodevec_p2	torch.Size([358, 40])	cuda:2	True
2024-04-01 15:39:24,519 - INFO - encoder_blocks.4.st_attn.nodevec_p3	torch.Size([358, 40])	cuda:2	True
2024-04-01 15:39:24,519 - INFO - encoder_blocks.4.st_attn.nodevec_pk	torch.Size([40, 40, 40])	cuda:2	True
2024-04-01 15:39:24,519 - INFO - encoder_blocks.4.st_attn.pattern_q_linears.0.weight	torch.Size([32, 64])	cuda:2	True
2024-04-01 15:39:24,519 - INFO - encoder_blocks.4.st_attn.pattern_q_linears.0.bias	torch.Size([32])	cuda:2	True
2024-04-01 15:39:24,519 - INFO - encoder_blocks.4.st_attn.pattern_k_linears.0.weight	torch.Size([32, 64])	cuda:2	True
2024-04-01 15:39:24,519 - INFO - encoder_blocks.4.st_attn.pattern_k_linears.0.bias	torch.Size([32])	cuda:2	True
2024-04-01 15:39:24,519 - INFO - encoder_blocks.4.st_attn.pattern_v_linears.0.weight	torch.Size([32, 64])	cuda:2	True
2024-04-01 15:39:24,519 - INFO - encoder_blocks.4.st_attn.pattern_v_linears.0.bias	torch.Size([32])	cuda:2	True
2024-04-01 15:39:24,519 - INFO - encoder_blocks.4.st_attn.geo_q_conv.weight	torch.Size([32, 64, 1, 1])	cuda:2	True
2024-04-01 15:39:24,519 - INFO - encoder_blocks.4.st_attn.geo_q_conv.bias	torch.Size([32])	cuda:2	True
2024-04-01 15:39:24,520 - INFO - encoder_blocks.4.st_attn.geo_k_conv.weight	torch.Size([32, 64, 1, 1])	cuda:2	True
2024-04-01 15:39:24,520 - INFO - encoder_blocks.4.st_attn.geo_k_conv.bias	torch.Size([32])	cuda:2	True
2024-04-01 15:39:24,520 - INFO - encoder_blocks.4.st_attn.geo_v_conv.weight	torch.Size([32, 64, 1, 1])	cuda:2	True
2024-04-01 15:39:24,520 - INFO - encoder_blocks.4.st_attn.geo_v_conv.bias	torch.Size([32])	cuda:2	True
2024-04-01 15:39:24,520 - INFO - encoder_blocks.4.st_attn.sem_q_conv.weight	torch.Size([16, 64, 1, 1])	cuda:2	True
2024-04-01 15:39:24,520 - INFO - encoder_blocks.4.st_attn.sem_q_conv.bias	torch.Size([16])	cuda:2	True
2024-04-01 15:39:24,520 - INFO - encoder_blocks.4.st_attn.sem_k_conv.weight	torch.Size([16, 64, 1, 1])	cuda:2	True
2024-04-01 15:39:24,520 - INFO - encoder_blocks.4.st_attn.sem_k_conv.bias	torch.Size([16])	cuda:2	True
2024-04-01 15:39:24,520 - INFO - encoder_blocks.4.st_attn.sem_v_conv.weight	torch.Size([16, 64, 1, 1])	cuda:2	True
2024-04-01 15:39:24,520 - INFO - encoder_blocks.4.st_attn.sem_v_conv.bias	torch.Size([16])	cuda:2	True
2024-04-01 15:39:24,520 - INFO - encoder_blocks.4.st_attn.t_q_conv.weight	torch.Size([16, 64, 1, 1])	cuda:2	True
2024-04-01 15:39:24,520 - INFO - encoder_blocks.4.st_attn.t_q_conv.bias	torch.Size([16])	cuda:2	True
2024-04-01 15:39:24,520 - INFO - encoder_blocks.4.st_attn.t_k_conv.weight	torch.Size([16, 64, 1, 1])	cuda:2	True
2024-04-01 15:39:24,520 - INFO - encoder_blocks.4.st_attn.t_k_conv.bias	torch.Size([16])	cuda:2	True
2024-04-01 15:39:24,520 - INFO - encoder_blocks.4.st_attn.t_v_conv.weight	torch.Size([16, 64, 1, 1])	cuda:2	True
2024-04-01 15:39:24,520 - INFO - encoder_blocks.4.st_attn.t_v_conv.bias	torch.Size([16])	cuda:2	True
2024-04-01 15:39:24,520 - INFO - encoder_blocks.4.st_attn.proj.weight	torch.Size([64, 48])	cuda:2	True
2024-04-01 15:39:24,520 - INFO - encoder_blocks.4.st_attn.proj.bias	torch.Size([64])	cuda:2	True
2024-04-01 15:39:24,520 - INFO - encoder_blocks.4.st_attn.gconv.mlp.mlp.weight	torch.Size([32, 96, 1, 1])	cuda:2	True
2024-04-01 15:39:24,520 - INFO - encoder_blocks.4.st_attn.gconv.mlp.mlp.bias	torch.Size([32])	cuda:2	True
2024-04-01 15:39:24,520 - INFO - encoder_blocks.4.st_attn.reshape1.weight	torch.Size([32, 64])	cuda:2	True
2024-04-01 15:39:24,520 - INFO - encoder_blocks.4.st_attn.reshape1.bias	torch.Size([32])	cuda:2	True
2024-04-01 15:39:24,520 - INFO - encoder_blocks.4.st_attn.reshape2.weight	torch.Size([64, 32])	cuda:2	True
2024-04-01 15:39:24,520 - INFO - encoder_blocks.4.st_attn.reshape2.bias	torch.Size([64])	cuda:2	True
2024-04-01 15:39:24,520 - INFO - encoder_blocks.4.norm2.weight	torch.Size([64])	cuda:2	True
2024-04-01 15:39:24,520 - INFO - encoder_blocks.4.norm2.bias	torch.Size([64])	cuda:2	True
2024-04-01 15:39:24,520 - INFO - encoder_blocks.4.mlp.fc1.weight	torch.Size([256, 64])	cuda:2	True
2024-04-01 15:39:24,521 - INFO - encoder_blocks.4.mlp.fc1.bias	torch.Size([256])	cuda:2	True
2024-04-01 15:39:24,521 - INFO - encoder_blocks.4.mlp.fc2.weight	torch.Size([64, 256])	cuda:2	True
2024-04-01 15:39:24,521 - INFO - encoder_blocks.4.mlp.fc2.bias	torch.Size([64])	cuda:2	True
2024-04-01 15:39:24,521 - INFO - skip_convs.0.weight	torch.Size([256, 64, 1, 1])	cuda:2	True
2024-04-01 15:39:24,521 - INFO - skip_convs.0.bias	torch.Size([256])	cuda:2	True
2024-04-01 15:39:24,521 - INFO - skip_convs.1.weight	torch.Size([256, 64, 1, 1])	cuda:2	True
2024-04-01 15:39:24,521 - INFO - skip_convs.1.bias	torch.Size([256])	cuda:2	True
2024-04-01 15:39:24,521 - INFO - skip_convs.2.weight	torch.Size([256, 64, 1, 1])	cuda:2	True
2024-04-01 15:39:24,521 - INFO - skip_convs.2.bias	torch.Size([256])	cuda:2	True
2024-04-01 15:39:24,521 - INFO - skip_convs.3.weight	torch.Size([256, 64, 1, 1])	cuda:2	True
2024-04-01 15:39:24,521 - INFO - skip_convs.3.bias	torch.Size([256])	cuda:2	True
2024-04-01 15:39:24,521 - INFO - skip_convs.4.weight	torch.Size([256, 64, 1, 1])	cuda:2	True
2024-04-01 15:39:24,521 - INFO - skip_convs.4.bias	torch.Size([256])	cuda:2	True
2024-04-01 15:39:24,521 - INFO - end_conv1.weight	torch.Size([12, 12, 1, 1])	cuda:2	True
2024-04-01 15:39:24,521 - INFO - end_conv1.bias	torch.Size([12])	cuda:2	True
2024-04-01 15:39:24,521 - INFO - end_conv2.weight	torch.Size([1, 256, 1, 1])	cuda:2	True
2024-04-01 15:39:24,521 - INFO - end_conv2.bias	torch.Size([1])	cuda:2	True
2024-04-01 15:39:24,522 - INFO - Total parameter numbers: 1011037
2024-04-01 15:39:24,523 - INFO - You select `adamw` optimizer.
2024-04-01 15:39:24,524 - INFO - You select `cosinelr` lr_scheduler.
2024-04-01 15:39:24,524 - WARNING - Received none train loss func and will use the loss func defined in the model.module.
2024-04-01 15:39:24,526 - INFO - Number of isolated points: 0
2024-04-01 15:39:24,567 - INFO - Start training ...
2024-04-01 15:39:24,567 - INFO - num_batches:982
2024-04-01 15:39:24,654 - INFO - Training: task_level increase from 0 to 1
2024-04-01 15:39:24,654 - INFO - Current batches_seen is 0
2024-04-01 15:43:14,864 - INFO - epoch complete!
2024-04-01 15:43:14,864 - INFO - evaluating now!
2024-04-01 15:43:32,651 - INFO - Epoch [0/300] (982) train_loss: 239.6957, val_loss: 258.1767, lr: 0.000201, 248.08s
2024-04-01 15:43:32,697 - INFO - Saved model at 0
2024-04-01 15:43:32,697 - INFO - Val loss decrease from inf to 258.1767, saving to ./libcity/cache/25791/model_cache/PDFormer_PeMS03_epoch0.tar
2024-04-01 15:47:26,435 - INFO - epoch complete!
2024-04-01 15:47:26,436 - INFO - evaluating now!
2024-04-01 15:47:44,226 - INFO - Epoch [1/300] (1964) train_loss: 62.3639, val_loss: 219.6397, lr: 0.000401, 251.53s
2024-04-01 15:47:44,270 - INFO - Saved model at 1
2024-04-01 15:47:44,270 - INFO - Val loss decrease from 258.1767 to 219.6397, saving to ./libcity/cache/25791/model_cache/PDFormer_PeMS03_epoch1.tar
2024-04-01 15:47:44,321 - INFO - Training: task_level increase from 1 to 2
2024-04-01 15:47:44,321 - INFO - Current batches_seen is 1964
2024-04-01 15:51:32,700 - INFO - epoch complete!
2024-04-01 15:51:32,700 - INFO - evaluating now!
2024-04-01 15:51:50,526 - INFO - Epoch [2/300] (2946) train_loss: 42.1931, val_loss: 172.6162, lr: 0.000600, 246.26s
2024-04-01 15:51:50,572 - INFO - Saved model at 2
2024-04-01 15:51:50,572 - INFO - Val loss decrease from 219.6397 to 172.6162, saving to ./libcity/cache/25791/model_cache/PDFormer_PeMS03_epoch2.tar
2024-04-01 15:55:37,553 - INFO - epoch complete!
2024-04-01 15:55:37,554 - INFO - evaluating now!
2024-04-01 15:55:55,350 - INFO - Epoch [3/300] (3928) train_loss: 35.8172, val_loss: 188.8434, lr: 0.000800, 244.78s
2024-04-01 15:55:55,401 - INFO - Training: task_level increase from 2 to 3
2024-04-01 15:55:55,401 - INFO - Current batches_seen is 3928
2024-04-01 15:59:41,606 - INFO - epoch complete!
2024-04-01 15:59:41,606 - INFO - evaluating now!
