2024-04-03 01:04:19,621 - INFO - Log directory: ./libcity/log
2024-04-03 01:04:19,621 - INFO - Begin pipeline, task=traffic_state_pred, model_name=PDFormer, dataset_name=PeMS07, exp_id=41823
2024-04-03 01:04:19,622 - INFO - {'task': 'traffic_state_pred', 'model': 'PDFormer', 'dataset': 'PeMS07', 'saved_model': True, 'train': True, 'local_rank': 0, 'initial_ckpt': None, 'dataset_class': 'PDFormerDataset', 'input_window': 12, 'output_window': 12, 'train_rate': 0.6, 'eval_rate': 0.2, 'batch_size': 8, 'grad_accmu_steps': 2, 'add_time_in_day': True, 'add_day_in_week': True, 'step_size': 4232, 'max_epoch': 300, 'bidir': True, 'far_mask_delta': 7, 'geo_num_heads': 4, 'sem_num_heads': 2, 't_num_heads': 2, 'cluster_method': 'kshape', 'cand_key_days': 14, 'seed': 1, 'type_ln': 'pre', 'set_loss': 'huber', 'huber_delta': 2, 'mode': 'average', 'executor': 'PDFormerExecutor', 'evaluator': 'TrafficStateEvaluator', 'embed_dim': 64, 'skip_dim': 256, 'mlp_ratio': 4, 'qkv_bias': True, 'drop': 0, 'attn_drop': 0, 'drop_path': 0.3, 's_attn_size': 3, 't_attn_size': 1, 'enc_depth': 6, 'type_short_path': 'hop', 'scaler': 'standard', 'load_external': True, 'normal_external': False, 'ext_scaler': 'none', 'learner': 'adamw', 'learning_rate': 0.001, 'weight_decay': 0.05, 'lr_decay': True, 'lr_scheduler': 'cosinelr', 'lr_eta_min': 0.0001, 'lr_decay_ratio': 0.1, 'lr_warmup_epoch': 5, 'lr_warmup_init': 1e-06, 'clip_grad_norm': True, 'max_grad_norm': 5, 'use_early_stop': True, 'patience': 50, 'task_level': 0, 'use_curriculum_learning': True, 'random_flip': True, 'quan_delta': 0.25, 'dtw_delta': 5, 'cache_dataset': True, 'num_workers': 0, 'pad_with_last_sample': True, 'lape_dim': 8, 'gpu': True, 'gpu_id': [0, 1], 'train_loss': 'none', 'epoch': 0, 'lr_epsilon': 1e-08, 'lr_beta1': 0.9, 'lr_beta2': 0.999, 'lr_alpha': 0.99, 'lr_momentum': 0, 'steps': [5, 20, 40, 70], 'lr_T_max': 30, 'lr_patience': 10, 'lr_threshold': 0.0001, 'log_level': 'INFO', 'log_every': 1, 'load_best_epoch': True, 'hyper_tune': False, 'metrics': ['MAE', 'MAPE', 'RMSE', 'masked_MAE', 'masked_MAPE', 'masked_RMSE'], 'save_modes': ['csv'], 'geo': {'including_types': ['Point'], 'Point': {}}, 'rel': {'including_types': ['geo'], 'geo': {'cost': 'num'}}, 'dyna': {'including_types': ['state'], 'state': {'entity_id': 'geo_id', 'traffic_flow': 'num'}}, 'data_col': ['traffic_flow'], 'weight_col': 'cost', 'data_files': ['PeMS07'], 'geo_file': 'PeMS07', 'rel_file': 'PeMS07', 'output_dim': 1, 'time_intervals': 300, 'init_weight_inf_or_zero': 'zero', 'set_weight_link_or_dist': 'link', 'calculate_weight_adj': False, 'weight_adj_epsilon': 0.1, 'distributed': False, 'device': device(type='cuda', index=0), 'exp_id': 41823}
2024-04-03 01:04:19,911 - INFO - Loaded file PeMS07.geo, num_nodes=883
2024-04-03 01:04:19,913 - INFO - set_weight_link_or_dist: link
2024-04-03 01:04:19,913 - INFO - init_weight_inf_or_zero: zero
2024-04-03 01:04:19,917 - INFO - Loaded file PeMS07.rel, shape=(883, 883)
2024-04-03 01:04:19,918 - INFO - Max adj_mx value = 1.0
2024-04-03 01:27:31,201 - INFO - Loading file PeMS07.dyna
2024-04-03 01:27:46,407 - INFO - Loaded file PeMS07.dyna, shape=(28224, 883, 1)
2024-04-03 01:27:46,626 - INFO - Load DTW matrix from ./libcity/cache/dataset_cache/dtw_PeMS07.npy
2024-04-03 01:27:46,628 - INFO - Loading ./libcity/cache/dataset_cache/pdformer_point_based_PeMS07_12_12_0.6_1_0.2_standard_8_True_True_True_True_traffic_flow.npz
2024-04-03 01:28:42,160 - INFO - train	x: (16921, 12, 883, 9), y: (16921, 12, 883, 9), ind: (16921,)
2024-04-03 01:28:42,160 - INFO - eval	x: (5640, 12, 883, 9), y: (5640, 12, 883, 9), ind: (5640,)
2024-04-03 01:28:42,160 - INFO - test	x: (5640, 12, 883, 9), y: (5640, 12, 883, 9), ind: (5640,)
2024-04-03 01:28:45,623 - INFO - StandardScaler mean: 309.5414726371829, std: 189.50746108430616
2024-04-03 01:28:45,623 - INFO - NoneScaler
2024-04-03 01:28:55,462 - INFO - Loaded file ./libcity/cache/dataset_cache/pattern_keys_kshape_PeMS07_14_3_16_5.npy
2024-04-03 01:28:55,470 - INFO - Use use_curriculum_learning!
2024-04-03 01:28:58,999 - INFO - Number of isolated points: 0
2024-04-03 01:28:59,270 - INFO - Number of isolated points: 0
2024-04-03 01:28:59,571 - INFO - PDFormer(
  (pattern_embeddings): ModuleList(
    (0): TokenEmbedding(
      (token_embed): Linear(in_features=3, out_features=64, bias=True)
      (norm): Identity()
    )
  )
  (enc_embed_layer): DataEmbedding(
    (value_embedding): TokenEmbedding(
      (token_embed): Linear(in_features=1, out_features=64, bias=True)
      (norm): Identity()
    )
    (position_encoding): PositionalEncoding()
    (daytime_embedding): Embedding(1440, 64)
    (weekday_embedding): Embedding(7, 64)
    (spatial_embedding): LaplacianPE(
      (embedding_lap_pos_enc): Linear(in_features=8, out_features=64, bias=True)
    )
    (tempp_embedding): Linear(in_features=8, out_features=64, bias=True)
    (dropout): Dropout(p=0, inplace=False)
  )
  (encoder_blocks): ModuleList(
    (0): STEncoderBlock(
      (norm1): LayerNorm((64,), eps=1e-06, elementwise_affine=True)
      (st_attn): STSelfAttention(
        (pattern_q_linears): ModuleList(
          (0): Linear(in_features=64, out_features=32, bias=True)
        )
        (pattern_k_linears): ModuleList(
          (0): Linear(in_features=64, out_features=32, bias=True)
        )
        (pattern_v_linears): ModuleList(
          (0): Linear(in_features=64, out_features=32, bias=True)
        )
        (geo_q_conv): Conv2d(64, 32, kernel_size=(1, 1), stride=(1, 1))
        (geo_k_conv): Conv2d(64, 32, kernel_size=(1, 1), stride=(1, 1))
        (geo_v_conv): Conv2d(64, 32, kernel_size=(1, 1), stride=(1, 1))
        (geo_attn_drop): Dropout(p=0, inplace=False)
        (sem_q_conv): Conv2d(64, 16, kernel_size=(1, 1), stride=(1, 1))
        (sem_k_conv): Conv2d(64, 16, kernel_size=(1, 1), stride=(1, 1))
        (sem_v_conv): Conv2d(64, 16, kernel_size=(1, 1), stride=(1, 1))
        (sem_attn_drop): Dropout(p=0, inplace=False)
        (t_q_conv): Conv2d(64, 16, kernel_size=(1, 3), stride=(1, 1), padding=(0, 1))
        (t_k_conv): Conv2d(64, 16, kernel_size=(1, 3), stride=(1, 1), padding=(0, 1))
        (t_v_conv): Conv2d(64, 16, kernel_size=(1, 1), stride=(1, 1))
        (t_attn_drop): Dropout(p=0, inplace=False)
        (proj): Linear(in_features=48, out_features=64, bias=True)
        (proj_drop): Dropout(p=0, inplace=False)
        (gconv): gcn(
          (nconv): nconv()
          (mlp): linear(
            (mlp): Conv2d(96, 32, kernel_size=(1, 1), stride=(1, 1))
          )
        )
        (reshape1): Linear(in_features=64, out_features=32, bias=True)
        (reshape2): Linear(in_features=32, out_features=64, bias=True)
      )
      (drop_path): Identity()
      (norm2): LayerNorm((64,), eps=1e-06, elementwise_affine=True)
      (mlp): Mlp(
        (fc1): Linear(in_features=64, out_features=256, bias=True)
        (act): GELU()
        (fc2): Linear(in_features=256, out_features=64, bias=True)
        (drop): Dropout(p=0, inplace=False)
      )
    )
    (1): STEncoderBlock(
      (norm1): LayerNorm((64,), eps=1e-06, elementwise_affine=True)
      (st_attn): STSelfAttention(
        (pattern_q_linears): ModuleList(
          (0): Linear(in_features=64, out_features=32, bias=True)
        )
        (pattern_k_linears): ModuleList(
          (0): Linear(in_features=64, out_features=32, bias=True)
        )
        (pattern_v_linears): ModuleList(
          (0): Linear(in_features=64, out_features=32, bias=True)
        )
        (geo_q_conv): Conv2d(64, 32, kernel_size=(1, 1), stride=(1, 1))
        (geo_k_conv): Conv2d(64, 32, kernel_size=(1, 1), stride=(1, 1))
        (geo_v_conv): Conv2d(64, 32, kernel_size=(1, 1), stride=(1, 1))
        (geo_attn_drop): Dropout(p=0, inplace=False)
        (sem_q_conv): Conv2d(64, 16, kernel_size=(1, 1), stride=(1, 1))
        (sem_k_conv): Conv2d(64, 16, kernel_size=(1, 1), stride=(1, 1))
        (sem_v_conv): Conv2d(64, 16, kernel_size=(1, 1), stride=(1, 1))
        (sem_attn_drop): Dropout(p=0, inplace=False)
        (t_q_conv): Conv2d(64, 16, kernel_size=(1, 3), stride=(1, 1), padding=(0, 1))
        (t_k_conv): Conv2d(64, 16, kernel_size=(1, 3), stride=(1, 1), padding=(0, 1))
        (t_v_conv): Conv2d(64, 16, kernel_size=(1, 1), stride=(1, 1))
        (t_attn_drop): Dropout(p=0, inplace=False)
        (proj): Linear(in_features=48, out_features=64, bias=True)
        (proj_drop): Dropout(p=0, inplace=False)
        (gconv): gcn(
          (nconv): nconv()
          (mlp): linear(
            (mlp): Conv2d(96, 32, kernel_size=(1, 1), stride=(1, 1))
          )
        )
        (reshape1): Linear(in_features=64, out_features=32, bias=True)
        (reshape2): Linear(in_features=32, out_features=64, bias=True)
      )
      (drop_path): DropPath()
      (norm2): LayerNorm((64,), eps=1e-06, elementwise_affine=True)
      (mlp): Mlp(
        (fc1): Linear(in_features=64, out_features=256, bias=True)
        (act): GELU()
        (fc2): Linear(in_features=256, out_features=64, bias=True)
        (drop): Dropout(p=0, inplace=False)
      )
    )
    (2): STEncoderBlock(
      (norm1): LayerNorm((64,), eps=1e-06, elementwise_affine=True)
      (st_attn): STSelfAttention(
        (pattern_q_linears): ModuleList(
          (0): Linear(in_features=64, out_features=32, bias=True)
        )
        (pattern_k_linears): ModuleList(
          (0): Linear(in_features=64, out_features=32, bias=True)
        )
        (pattern_v_linears): ModuleList(
          (0): Linear(in_features=64, out_features=32, bias=True)
        )
        (geo_q_conv): Conv2d(64, 32, kernel_size=(1, 1), stride=(1, 1))
        (geo_k_conv): Conv2d(64, 32, kernel_size=(1, 1), stride=(1, 1))
        (geo_v_conv): Conv2d(64, 32, kernel_size=(1, 1), stride=(1, 1))
        (geo_attn_drop): Dropout(p=0, inplace=False)
        (sem_q_conv): Conv2d(64, 16, kernel_size=(1, 1), stride=(1, 1))
        (sem_k_conv): Conv2d(64, 16, kernel_size=(1, 1), stride=(1, 1))
        (sem_v_conv): Conv2d(64, 16, kernel_size=(1, 1), stride=(1, 1))
        (sem_attn_drop): Dropout(p=0, inplace=False)
        (t_q_conv): Conv2d(64, 16, kernel_size=(1, 3), stride=(1, 1), padding=(0, 1))
        (t_k_conv): Conv2d(64, 16, kernel_size=(1, 3), stride=(1, 1), padding=(0, 1))
        (t_v_conv): Conv2d(64, 16, kernel_size=(1, 1), stride=(1, 1))
        (t_attn_drop): Dropout(p=0, inplace=False)
        (proj): Linear(in_features=48, out_features=64, bias=True)
        (proj_drop): Dropout(p=0, inplace=False)
        (gconv): gcn(
          (nconv): nconv()
          (mlp): linear(
            (mlp): Conv2d(96, 32, kernel_size=(1, 1), stride=(1, 1))
          )
        )
        (reshape1): Linear(in_features=64, out_features=32, bias=True)
        (reshape2): Linear(in_features=32, out_features=64, bias=True)
      )
      (drop_path): DropPath()
      (norm2): LayerNorm((64,), eps=1e-06, elementwise_affine=True)
      (mlp): Mlp(
        (fc1): Linear(in_features=64, out_features=256, bias=True)
        (act): GELU()
        (fc2): Linear(in_features=256, out_features=64, bias=True)
        (drop): Dropout(p=0, inplace=False)
      )
    )
    (3): STEncoderBlock(
      (norm1): LayerNorm((64,), eps=1e-06, elementwise_affine=True)
      (st_attn): STSelfAttention(
        (pattern_q_linears): ModuleList(
          (0): Linear(in_features=64, out_features=32, bias=True)
        )
        (pattern_k_linears): ModuleList(
          (0): Linear(in_features=64, out_features=32, bias=True)
        )
        (pattern_v_linears): ModuleList(
          (0): Linear(in_features=64, out_features=32, bias=True)
        )
        (geo_q_conv): Conv2d(64, 32, kernel_size=(1, 1), stride=(1, 1))
        (geo_k_conv): Conv2d(64, 32, kernel_size=(1, 1), stride=(1, 1))
        (geo_v_conv): Conv2d(64, 32, kernel_size=(1, 1), stride=(1, 1))
        (geo_attn_drop): Dropout(p=0, inplace=False)
        (sem_q_conv): Conv2d(64, 16, kernel_size=(1, 1), stride=(1, 1))
        (sem_k_conv): Conv2d(64, 16, kernel_size=(1, 1), stride=(1, 1))
        (sem_v_conv): Conv2d(64, 16, kernel_size=(1, 1), stride=(1, 1))
        (sem_attn_drop): Dropout(p=0, inplace=False)
        (t_q_conv): Conv2d(64, 16, kernel_size=(1, 3), stride=(1, 1), padding=(0, 1))
        (t_k_conv): Conv2d(64, 16, kernel_size=(1, 3), stride=(1, 1), padding=(0, 1))
        (t_v_conv): Conv2d(64, 16, kernel_size=(1, 1), stride=(1, 1))
        (t_attn_drop): Dropout(p=0, inplace=False)
        (proj): Linear(in_features=48, out_features=64, bias=True)
        (proj_drop): Dropout(p=0, inplace=False)
        (gconv): gcn(
          (nconv): nconv()
          (mlp): linear(
            (mlp): Conv2d(96, 32, kernel_size=(1, 1), stride=(1, 1))
          )
        )
        (reshape1): Linear(in_features=64, out_features=32, bias=True)
        (reshape2): Linear(in_features=32, out_features=64, bias=True)
      )
      (drop_path): DropPath()
      (norm2): LayerNorm((64,), eps=1e-06, elementwise_affine=True)
      (mlp): Mlp(
        (fc1): Linear(in_features=64, out_features=256, bias=True)
        (act): GELU()
        (fc2): Linear(in_features=256, out_features=64, bias=True)
        (drop): Dropout(p=0, inplace=False)
      )
    )
    (4): STEncoderBlock(
      (norm1): LayerNorm((64,), eps=1e-06, elementwise_affine=True)
      (st_attn): STSelfAttention(
        (pattern_q_linears): ModuleList(
          (0): Linear(in_features=64, out_features=32, bias=True)
        )
        (pattern_k_linears): ModuleList(
          (0): Linear(in_features=64, out_features=32, bias=True)
        )
        (pattern_v_linears): ModuleList(
          (0): Linear(in_features=64, out_features=32, bias=True)
        )
        (geo_q_conv): Conv2d(64, 32, kernel_size=(1, 1), stride=(1, 1))
        (geo_k_conv): Conv2d(64, 32, kernel_size=(1, 1), stride=(1, 1))
        (geo_v_conv): Conv2d(64, 32, kernel_size=(1, 1), stride=(1, 1))
        (geo_attn_drop): Dropout(p=0, inplace=False)
        (sem_q_conv): Conv2d(64, 16, kernel_size=(1, 1), stride=(1, 1))
        (sem_k_conv): Conv2d(64, 16, kernel_size=(1, 1), stride=(1, 1))
        (sem_v_conv): Conv2d(64, 16, kernel_size=(1, 1), stride=(1, 1))
        (sem_attn_drop): Dropout(p=0, inplace=False)
        (t_q_conv): Conv2d(64, 16, kernel_size=(1, 3), stride=(1, 1), padding=(0, 1))
        (t_k_conv): Conv2d(64, 16, kernel_size=(1, 3), stride=(1, 1), padding=(0, 1))
        (t_v_conv): Conv2d(64, 16, kernel_size=(1, 1), stride=(1, 1))
        (t_attn_drop): Dropout(p=0, inplace=False)
        (proj): Linear(in_features=48, out_features=64, bias=True)
        (proj_drop): Dropout(p=0, inplace=False)
        (gconv): gcn(
          (nconv): nconv()
          (mlp): linear(
            (mlp): Conv2d(96, 32, kernel_size=(1, 1), stride=(1, 1))
          )
        )
        (reshape1): Linear(in_features=64, out_features=32, bias=True)
        (reshape2): Linear(in_features=32, out_features=64, bias=True)
      )
      (drop_path): DropPath()
      (norm2): LayerNorm((64,), eps=1e-06, elementwise_affine=True)
      (mlp): Mlp(
        (fc1): Linear(in_features=64, out_features=256, bias=True)
        (act): GELU()
        (fc2): Linear(in_features=256, out_features=64, bias=True)
        (drop): Dropout(p=0, inplace=False)
      )
    )
    (5): STEncoderBlock(
      (norm1): LayerNorm((64,), eps=1e-06, elementwise_affine=True)
      (st_attn): STSelfAttention(
        (pattern_q_linears): ModuleList(
          (0): Linear(in_features=64, out_features=32, bias=True)
        )
        (pattern_k_linears): ModuleList(
          (0): Linear(in_features=64, out_features=32, bias=True)
        )
        (pattern_v_linears): ModuleList(
          (0): Linear(in_features=64, out_features=32, bias=True)
        )
        (geo_q_conv): Conv2d(64, 32, kernel_size=(1, 1), stride=(1, 1))
        (geo_k_conv): Conv2d(64, 32, kernel_size=(1, 1), stride=(1, 1))
        (geo_v_conv): Conv2d(64, 32, kernel_size=(1, 1), stride=(1, 1))
        (geo_attn_drop): Dropout(p=0, inplace=False)
        (sem_q_conv): Conv2d(64, 16, kernel_size=(1, 1), stride=(1, 1))
        (sem_k_conv): Conv2d(64, 16, kernel_size=(1, 1), stride=(1, 1))
        (sem_v_conv): Conv2d(64, 16, kernel_size=(1, 1), stride=(1, 1))
        (sem_attn_drop): Dropout(p=0, inplace=False)
        (t_q_conv): Conv2d(64, 16, kernel_size=(1, 3), stride=(1, 1), padding=(0, 1))
        (t_k_conv): Conv2d(64, 16, kernel_size=(1, 3), stride=(1, 1), padding=(0, 1))
        (t_v_conv): Conv2d(64, 16, kernel_size=(1, 1), stride=(1, 1))
        (t_attn_drop): Dropout(p=0, inplace=False)
        (proj): Linear(in_features=48, out_features=64, bias=True)
        (proj_drop): Dropout(p=0, inplace=False)
        (gconv): gcn(
          (nconv): nconv()
          (mlp): linear(
            (mlp): Conv2d(96, 32, kernel_size=(1, 1), stride=(1, 1))
          )
        )
        (reshape1): Linear(in_features=64, out_features=32, bias=True)
        (reshape2): Linear(in_features=32, out_features=64, bias=True)
      )
      (drop_path): DropPath()
      (norm2): LayerNorm((64,), eps=1e-06, elementwise_affine=True)
      (mlp): Mlp(
        (fc1): Linear(in_features=64, out_features=256, bias=True)
        (act): GELU()
        (fc2): Linear(in_features=256, out_features=64, bias=True)
        (drop): Dropout(p=0, inplace=False)
      )
    )
  )
  (skip_convs): ModuleList(
    (0): Conv2d(64, 256, kernel_size=(1, 1), stride=(1, 1))
    (1): Conv2d(64, 256, kernel_size=(1, 1), stride=(1, 1))
    (2): Conv2d(64, 256, kernel_size=(1, 1), stride=(1, 1))
    (3): Conv2d(64, 256, kernel_size=(1, 1), stride=(1, 1))
    (4): Conv2d(64, 256, kernel_size=(1, 1), stride=(1, 1))
    (5): Conv2d(64, 256, kernel_size=(1, 1), stride=(1, 1))
  )
  (end_conv1): Conv2d(12, 12, kernel_size=(1, 1), stride=(1, 1))
  (end_conv2): Conv2d(256, 1, kernel_size=(1, 1), stride=(1, 1))
)
2024-04-03 01:28:59,574 - INFO - pattern_embeddings.0.token_embed.weight	torch.Size([64, 3])	cuda:0	True
2024-04-03 01:28:59,574 - INFO - pattern_embeddings.0.token_embed.bias	torch.Size([64])	cuda:0	True
2024-04-03 01:28:59,574 - INFO - enc_embed_layer.value_embedding.token_embed.weight	torch.Size([64, 1])	cuda:0	True
2024-04-03 01:28:59,574 - INFO - enc_embed_layer.value_embedding.token_embed.bias	torch.Size([64])	cuda:0	True
2024-04-03 01:28:59,574 - INFO - enc_embed_layer.daytime_embedding.weight	torch.Size([1440, 64])	cuda:0	True
2024-04-03 01:28:59,574 - INFO - enc_embed_layer.weekday_embedding.weight	torch.Size([7, 64])	cuda:0	True
2024-04-03 01:28:59,574 - INFO - enc_embed_layer.spatial_embedding.embedding_lap_pos_enc.weight	torch.Size([64, 8])	cuda:0	True
2024-04-03 01:28:59,574 - INFO - enc_embed_layer.spatial_embedding.embedding_lap_pos_enc.bias	torch.Size([64])	cuda:0	True
2024-04-03 01:28:59,574 - INFO - enc_embed_layer.tempp_embedding.weight	torch.Size([64, 8])	cuda:0	True
2024-04-03 01:28:59,574 - INFO - enc_embed_layer.tempp_embedding.bias	torch.Size([64])	cuda:0	True
2024-04-03 01:28:59,574 - INFO - encoder_blocks.0.norm1.weight	torch.Size([64])	cuda:0	True
2024-04-03 01:28:59,574 - INFO - encoder_blocks.0.norm1.bias	torch.Size([64])	cuda:0	True
2024-04-03 01:28:59,574 - INFO - encoder_blocks.0.st_attn.nodevec_p1	torch.Size([288, 40])	cuda:0	True
2024-04-03 01:28:59,574 - INFO - encoder_blocks.0.st_attn.nodevec_p2	torch.Size([883, 40])	cuda:0	True
2024-04-03 01:28:59,574 - INFO - encoder_blocks.0.st_attn.nodevec_p3	torch.Size([883, 40])	cuda:0	True
2024-04-03 01:28:59,574 - INFO - encoder_blocks.0.st_attn.nodevec_pk	torch.Size([40, 40, 40])	cuda:0	True
2024-04-03 01:28:59,574 - INFO - encoder_blocks.0.st_attn.pattern_q_linears.0.weight	torch.Size([32, 64])	cuda:0	True
2024-04-03 01:28:59,574 - INFO - encoder_blocks.0.st_attn.pattern_q_linears.0.bias	torch.Size([32])	cuda:0	True
2024-04-03 01:28:59,574 - INFO - encoder_blocks.0.st_attn.pattern_k_linears.0.weight	torch.Size([32, 64])	cuda:0	True
2024-04-03 01:28:59,574 - INFO - encoder_blocks.0.st_attn.pattern_k_linears.0.bias	torch.Size([32])	cuda:0	True
2024-04-03 01:28:59,574 - INFO - encoder_blocks.0.st_attn.pattern_v_linears.0.weight	torch.Size([32, 64])	cuda:0	True
2024-04-03 01:28:59,574 - INFO - encoder_blocks.0.st_attn.pattern_v_linears.0.bias	torch.Size([32])	cuda:0	True
2024-04-03 01:28:59,574 - INFO - encoder_blocks.0.st_attn.geo_q_conv.weight	torch.Size([32, 64, 1, 1])	cuda:0	True
2024-04-03 01:28:59,574 - INFO - encoder_blocks.0.st_attn.geo_q_conv.bias	torch.Size([32])	cuda:0	True
2024-04-03 01:28:59,575 - INFO - encoder_blocks.0.st_attn.geo_k_conv.weight	torch.Size([32, 64, 1, 1])	cuda:0	True
2024-04-03 01:28:59,575 - INFO - encoder_blocks.0.st_attn.geo_k_conv.bias	torch.Size([32])	cuda:0	True
2024-04-03 01:28:59,575 - INFO - encoder_blocks.0.st_attn.geo_v_conv.weight	torch.Size([32, 64, 1, 1])	cuda:0	True
2024-04-03 01:28:59,575 - INFO - encoder_blocks.0.st_attn.geo_v_conv.bias	torch.Size([32])	cuda:0	True
2024-04-03 01:28:59,575 - INFO - encoder_blocks.0.st_attn.sem_q_conv.weight	torch.Size([16, 64, 1, 1])	cuda:0	True
2024-04-03 01:28:59,575 - INFO - encoder_blocks.0.st_attn.sem_q_conv.bias	torch.Size([16])	cuda:0	True
2024-04-03 01:28:59,575 - INFO - encoder_blocks.0.st_attn.sem_k_conv.weight	torch.Size([16, 64, 1, 1])	cuda:0	True
2024-04-03 01:28:59,575 - INFO - encoder_blocks.0.st_attn.sem_k_conv.bias	torch.Size([16])	cuda:0	True
2024-04-03 01:28:59,575 - INFO - encoder_blocks.0.st_attn.sem_v_conv.weight	torch.Size([16, 64, 1, 1])	cuda:0	True
2024-04-03 01:28:59,575 - INFO - encoder_blocks.0.st_attn.sem_v_conv.bias	torch.Size([16])	cuda:0	True
2024-04-03 01:28:59,575 - INFO - encoder_blocks.0.st_attn.t_q_conv.weight	torch.Size([16, 64, 1, 3])	cuda:0	True
2024-04-03 01:28:59,575 - INFO - encoder_blocks.0.st_attn.t_q_conv.bias	torch.Size([16])	cuda:0	True
2024-04-03 01:28:59,575 - INFO - encoder_blocks.0.st_attn.t_k_conv.weight	torch.Size([16, 64, 1, 3])	cuda:0	True
2024-04-03 01:28:59,575 - INFO - encoder_blocks.0.st_attn.t_k_conv.bias	torch.Size([16])	cuda:0	True
2024-04-03 01:28:59,575 - INFO - encoder_blocks.0.st_attn.t_v_conv.weight	torch.Size([16, 64, 1, 1])	cuda:0	True
2024-04-03 01:28:59,575 - INFO - encoder_blocks.0.st_attn.t_v_conv.bias	torch.Size([16])	cuda:0	True
2024-04-03 01:28:59,575 - INFO - encoder_blocks.0.st_attn.proj.weight	torch.Size([64, 48])	cuda:0	True
2024-04-03 01:28:59,575 - INFO - encoder_blocks.0.st_attn.proj.bias	torch.Size([64])	cuda:0	True
2024-04-03 01:28:59,575 - INFO - encoder_blocks.0.st_attn.gconv.mlp.mlp.weight	torch.Size([32, 96, 1, 1])	cuda:0	True
2024-04-03 01:28:59,575 - INFO - encoder_blocks.0.st_attn.gconv.mlp.mlp.bias	torch.Size([32])	cuda:0	True
2024-04-03 01:28:59,575 - INFO - encoder_blocks.0.st_attn.reshape1.weight	torch.Size([32, 64])	cuda:0	True
2024-04-03 01:28:59,575 - INFO - encoder_blocks.0.st_attn.reshape1.bias	torch.Size([32])	cuda:0	True
2024-04-03 01:28:59,575 - INFO - encoder_blocks.0.st_attn.reshape2.weight	torch.Size([64, 32])	cuda:0	True
2024-04-03 01:28:59,575 - INFO - encoder_blocks.0.st_attn.reshape2.bias	torch.Size([64])	cuda:0	True
2024-04-03 01:28:59,575 - INFO - encoder_blocks.0.norm2.weight	torch.Size([64])	cuda:0	True
2024-04-03 01:28:59,575 - INFO - encoder_blocks.0.norm2.bias	torch.Size([64])	cuda:0	True
2024-04-03 01:28:59,575 - INFO - encoder_blocks.0.mlp.fc1.weight	torch.Size([256, 64])	cuda:0	True
2024-04-03 01:28:59,575 - INFO - encoder_blocks.0.mlp.fc1.bias	torch.Size([256])	cuda:0	True
2024-04-03 01:28:59,576 - INFO - encoder_blocks.0.mlp.fc2.weight	torch.Size([64, 256])	cuda:0	True
2024-04-03 01:28:59,576 - INFO - encoder_blocks.0.mlp.fc2.bias	torch.Size([64])	cuda:0	True
2024-04-03 01:28:59,576 - INFO - encoder_blocks.1.norm1.weight	torch.Size([64])	cuda:0	True
2024-04-03 01:28:59,576 - INFO - encoder_blocks.1.norm1.bias	torch.Size([64])	cuda:0	True
2024-04-03 01:28:59,576 - INFO - encoder_blocks.1.st_attn.nodevec_p1	torch.Size([288, 40])	cuda:0	True
2024-04-03 01:28:59,576 - INFO - encoder_blocks.1.st_attn.nodevec_p2	torch.Size([883, 40])	cuda:0	True
2024-04-03 01:28:59,576 - INFO - encoder_blocks.1.st_attn.nodevec_p3	torch.Size([883, 40])	cuda:0	True
2024-04-03 01:28:59,576 - INFO - encoder_blocks.1.st_attn.nodevec_pk	torch.Size([40, 40, 40])	cuda:0	True
2024-04-03 01:28:59,576 - INFO - encoder_blocks.1.st_attn.pattern_q_linears.0.weight	torch.Size([32, 64])	cuda:0	True
2024-04-03 01:28:59,576 - INFO - encoder_blocks.1.st_attn.pattern_q_linears.0.bias	torch.Size([32])	cuda:0	True
2024-04-03 01:28:59,576 - INFO - encoder_blocks.1.st_attn.pattern_k_linears.0.weight	torch.Size([32, 64])	cuda:0	True
2024-04-03 01:28:59,576 - INFO - encoder_blocks.1.st_attn.pattern_k_linears.0.bias	torch.Size([32])	cuda:0	True
2024-04-03 01:28:59,576 - INFO - encoder_blocks.1.st_attn.pattern_v_linears.0.weight	torch.Size([32, 64])	cuda:0	True
2024-04-03 01:28:59,576 - INFO - encoder_blocks.1.st_attn.pattern_v_linears.0.bias	torch.Size([32])	cuda:0	True
2024-04-03 01:28:59,576 - INFO - encoder_blocks.1.st_attn.geo_q_conv.weight	torch.Size([32, 64, 1, 1])	cuda:0	True
2024-04-03 01:28:59,576 - INFO - encoder_blocks.1.st_attn.geo_q_conv.bias	torch.Size([32])	cuda:0	True
2024-04-03 01:28:59,576 - INFO - encoder_blocks.1.st_attn.geo_k_conv.weight	torch.Size([32, 64, 1, 1])	cuda:0	True
2024-04-03 01:28:59,576 - INFO - encoder_blocks.1.st_attn.geo_k_conv.bias	torch.Size([32])	cuda:0	True
2024-04-03 01:28:59,576 - INFO - encoder_blocks.1.st_attn.geo_v_conv.weight	torch.Size([32, 64, 1, 1])	cuda:0	True
2024-04-03 01:28:59,576 - INFO - encoder_blocks.1.st_attn.geo_v_conv.bias	torch.Size([32])	cuda:0	True
2024-04-03 01:28:59,576 - INFO - encoder_blocks.1.st_attn.sem_q_conv.weight	torch.Size([16, 64, 1, 1])	cuda:0	True
2024-04-03 01:28:59,576 - INFO - encoder_blocks.1.st_attn.sem_q_conv.bias	torch.Size([16])	cuda:0	True
2024-04-03 01:28:59,576 - INFO - encoder_blocks.1.st_attn.sem_k_conv.weight	torch.Size([16, 64, 1, 1])	cuda:0	True
2024-04-03 01:28:59,576 - INFO - encoder_blocks.1.st_attn.sem_k_conv.bias	torch.Size([16])	cuda:0	True
2024-04-03 01:28:59,576 - INFO - encoder_blocks.1.st_attn.sem_v_conv.weight	torch.Size([16, 64, 1, 1])	cuda:0	True
2024-04-03 01:28:59,576 - INFO - encoder_blocks.1.st_attn.sem_v_conv.bias	torch.Size([16])	cuda:0	True
2024-04-03 01:28:59,576 - INFO - encoder_blocks.1.st_attn.t_q_conv.weight	torch.Size([16, 64, 1, 3])	cuda:0	True
2024-04-03 01:28:59,576 - INFO - encoder_blocks.1.st_attn.t_q_conv.bias	torch.Size([16])	cuda:0	True
2024-04-03 01:28:59,576 - INFO - encoder_blocks.1.st_attn.t_k_conv.weight	torch.Size([16, 64, 1, 3])	cuda:0	True
2024-04-03 01:28:59,577 - INFO - encoder_blocks.1.st_attn.t_k_conv.bias	torch.Size([16])	cuda:0	True
2024-04-03 01:28:59,577 - INFO - encoder_blocks.1.st_attn.t_v_conv.weight	torch.Size([16, 64, 1, 1])	cuda:0	True
2024-04-03 01:28:59,577 - INFO - encoder_blocks.1.st_attn.t_v_conv.bias	torch.Size([16])	cuda:0	True
2024-04-03 01:28:59,577 - INFO - encoder_blocks.1.st_attn.proj.weight	torch.Size([64, 48])	cuda:0	True
2024-04-03 01:28:59,577 - INFO - encoder_blocks.1.st_attn.proj.bias	torch.Size([64])	cuda:0	True
2024-04-03 01:28:59,577 - INFO - encoder_blocks.1.st_attn.gconv.mlp.mlp.weight	torch.Size([32, 96, 1, 1])	cuda:0	True
2024-04-03 01:28:59,577 - INFO - encoder_blocks.1.st_attn.gconv.mlp.mlp.bias	torch.Size([32])	cuda:0	True
2024-04-03 01:28:59,577 - INFO - encoder_blocks.1.st_attn.reshape1.weight	torch.Size([32, 64])	cuda:0	True
2024-04-03 01:28:59,577 - INFO - encoder_blocks.1.st_attn.reshape1.bias	torch.Size([32])	cuda:0	True
2024-04-03 01:28:59,577 - INFO - encoder_blocks.1.st_attn.reshape2.weight	torch.Size([64, 32])	cuda:0	True
2024-04-03 01:28:59,577 - INFO - encoder_blocks.1.st_attn.reshape2.bias	torch.Size([64])	cuda:0	True
2024-04-03 01:28:59,577 - INFO - encoder_blocks.1.norm2.weight	torch.Size([64])	cuda:0	True
2024-04-03 01:28:59,577 - INFO - encoder_blocks.1.norm2.bias	torch.Size([64])	cuda:0	True
2024-04-03 01:28:59,577 - INFO - encoder_blocks.1.mlp.fc1.weight	torch.Size([256, 64])	cuda:0	True
2024-04-03 01:28:59,577 - INFO - encoder_blocks.1.mlp.fc1.bias	torch.Size([256])	cuda:0	True
2024-04-03 01:28:59,577 - INFO - encoder_blocks.1.mlp.fc2.weight	torch.Size([64, 256])	cuda:0	True
2024-04-03 01:28:59,577 - INFO - encoder_blocks.1.mlp.fc2.bias	torch.Size([64])	cuda:0	True
2024-04-03 01:28:59,577 - INFO - encoder_blocks.2.norm1.weight	torch.Size([64])	cuda:0	True
2024-04-03 01:28:59,577 - INFO - encoder_blocks.2.norm1.bias	torch.Size([64])	cuda:0	True
2024-04-03 01:28:59,577 - INFO - encoder_blocks.2.st_attn.nodevec_p1	torch.Size([288, 40])	cuda:0	True
2024-04-03 01:28:59,577 - INFO - encoder_blocks.2.st_attn.nodevec_p2	torch.Size([883, 40])	cuda:0	True
2024-04-03 01:28:59,577 - INFO - encoder_blocks.2.st_attn.nodevec_p3	torch.Size([883, 40])	cuda:0	True
2024-04-03 01:28:59,577 - INFO - encoder_blocks.2.st_attn.nodevec_pk	torch.Size([40, 40, 40])	cuda:0	True
2024-04-03 01:28:59,577 - INFO - encoder_blocks.2.st_attn.pattern_q_linears.0.weight	torch.Size([32, 64])	cuda:0	True
2024-04-03 01:28:59,577 - INFO - encoder_blocks.2.st_attn.pattern_q_linears.0.bias	torch.Size([32])	cuda:0	True
2024-04-03 01:28:59,577 - INFO - encoder_blocks.2.st_attn.pattern_k_linears.0.weight	torch.Size([32, 64])	cuda:0	True
2024-04-03 01:28:59,577 - INFO - encoder_blocks.2.st_attn.pattern_k_linears.0.bias	torch.Size([32])	cuda:0	True
2024-04-03 01:28:59,578 - INFO - encoder_blocks.2.st_attn.pattern_v_linears.0.weight	torch.Size([32, 64])	cuda:0	True
2024-04-03 01:28:59,578 - INFO - encoder_blocks.2.st_attn.pattern_v_linears.0.bias	torch.Size([32])	cuda:0	True
2024-04-03 01:28:59,578 - INFO - encoder_blocks.2.st_attn.geo_q_conv.weight	torch.Size([32, 64, 1, 1])	cuda:0	True
2024-04-03 01:28:59,578 - INFO - encoder_blocks.2.st_attn.geo_q_conv.bias	torch.Size([32])	cuda:0	True
2024-04-03 01:28:59,578 - INFO - encoder_blocks.2.st_attn.geo_k_conv.weight	torch.Size([32, 64, 1, 1])	cuda:0	True
2024-04-03 01:28:59,578 - INFO - encoder_blocks.2.st_attn.geo_k_conv.bias	torch.Size([32])	cuda:0	True
2024-04-03 01:28:59,578 - INFO - encoder_blocks.2.st_attn.geo_v_conv.weight	torch.Size([32, 64, 1, 1])	cuda:0	True
2024-04-03 01:28:59,578 - INFO - encoder_blocks.2.st_attn.geo_v_conv.bias	torch.Size([32])	cuda:0	True
2024-04-03 01:28:59,578 - INFO - encoder_blocks.2.st_attn.sem_q_conv.weight	torch.Size([16, 64, 1, 1])	cuda:0	True
2024-04-03 01:28:59,578 - INFO - encoder_blocks.2.st_attn.sem_q_conv.bias	torch.Size([16])	cuda:0	True
2024-04-03 01:28:59,578 - INFO - encoder_blocks.2.st_attn.sem_k_conv.weight	torch.Size([16, 64, 1, 1])	cuda:0	True
2024-04-03 01:28:59,578 - INFO - encoder_blocks.2.st_attn.sem_k_conv.bias	torch.Size([16])	cuda:0	True
2024-04-03 01:28:59,578 - INFO - encoder_blocks.2.st_attn.sem_v_conv.weight	torch.Size([16, 64, 1, 1])	cuda:0	True
2024-04-03 01:28:59,578 - INFO - encoder_blocks.2.st_attn.sem_v_conv.bias	torch.Size([16])	cuda:0	True
2024-04-03 01:28:59,578 - INFO - encoder_blocks.2.st_attn.t_q_conv.weight	torch.Size([16, 64, 1, 3])	cuda:0	True
2024-04-03 01:28:59,578 - INFO - encoder_blocks.2.st_attn.t_q_conv.bias	torch.Size([16])	cuda:0	True
2024-04-03 01:28:59,578 - INFO - encoder_blocks.2.st_attn.t_k_conv.weight	torch.Size([16, 64, 1, 3])	cuda:0	True
2024-04-03 01:28:59,578 - INFO - encoder_blocks.2.st_attn.t_k_conv.bias	torch.Size([16])	cuda:0	True
2024-04-03 01:28:59,578 - INFO - encoder_blocks.2.st_attn.t_v_conv.weight	torch.Size([16, 64, 1, 1])	cuda:0	True
2024-04-03 01:28:59,578 - INFO - encoder_blocks.2.st_attn.t_v_conv.bias	torch.Size([16])	cuda:0	True
2024-04-03 01:28:59,578 - INFO - encoder_blocks.2.st_attn.proj.weight	torch.Size([64, 48])	cuda:0	True
2024-04-03 01:28:59,578 - INFO - encoder_blocks.2.st_attn.proj.bias	torch.Size([64])	cuda:0	True
2024-04-03 01:28:59,578 - INFO - encoder_blocks.2.st_attn.gconv.mlp.mlp.weight	torch.Size([32, 96, 1, 1])	cuda:0	True
2024-04-03 01:28:59,578 - INFO - encoder_blocks.2.st_attn.gconv.mlp.mlp.bias	torch.Size([32])	cuda:0	True
2024-04-03 01:28:59,578 - INFO - encoder_blocks.2.st_attn.reshape1.weight	torch.Size([32, 64])	cuda:0	True
2024-04-03 01:28:59,579 - INFO - encoder_blocks.2.st_attn.reshape1.bias	torch.Size([32])	cuda:0	True
2024-04-03 01:28:59,579 - INFO - encoder_blocks.2.st_attn.reshape2.weight	torch.Size([64, 32])	cuda:0	True
2024-04-03 01:28:59,579 - INFO - encoder_blocks.2.st_attn.reshape2.bias	torch.Size([64])	cuda:0	True
2024-04-03 01:28:59,579 - INFO - encoder_blocks.2.norm2.weight	torch.Size([64])	cuda:0	True
2024-04-03 01:28:59,579 - INFO - encoder_blocks.2.norm2.bias	torch.Size([64])	cuda:0	True
2024-04-03 01:28:59,579 - INFO - encoder_blocks.2.mlp.fc1.weight	torch.Size([256, 64])	cuda:0	True
2024-04-03 01:28:59,579 - INFO - encoder_blocks.2.mlp.fc1.bias	torch.Size([256])	cuda:0	True
2024-04-03 01:28:59,579 - INFO - encoder_blocks.2.mlp.fc2.weight	torch.Size([64, 256])	cuda:0	True
2024-04-03 01:28:59,579 - INFO - encoder_blocks.2.mlp.fc2.bias	torch.Size([64])	cuda:0	True
2024-04-03 01:28:59,579 - INFO - encoder_blocks.3.norm1.weight	torch.Size([64])	cuda:0	True
2024-04-03 01:28:59,579 - INFO - encoder_blocks.3.norm1.bias	torch.Size([64])	cuda:0	True
2024-04-03 01:28:59,579 - INFO - encoder_blocks.3.st_attn.nodevec_p1	torch.Size([288, 40])	cuda:0	True
2024-04-03 01:28:59,579 - INFO - encoder_blocks.3.st_attn.nodevec_p2	torch.Size([883, 40])	cuda:0	True
2024-04-03 01:28:59,579 - INFO - encoder_blocks.3.st_attn.nodevec_p3	torch.Size([883, 40])	cuda:0	True
2024-04-03 01:28:59,579 - INFO - encoder_blocks.3.st_attn.nodevec_pk	torch.Size([40, 40, 40])	cuda:0	True
2024-04-03 01:28:59,579 - INFO - encoder_blocks.3.st_attn.pattern_q_linears.0.weight	torch.Size([32, 64])	cuda:0	True
2024-04-03 01:28:59,579 - INFO - encoder_blocks.3.st_attn.pattern_q_linears.0.bias	torch.Size([32])	cuda:0	True
2024-04-03 01:28:59,579 - INFO - encoder_blocks.3.st_attn.pattern_k_linears.0.weight	torch.Size([32, 64])	cuda:0	True
2024-04-03 01:28:59,579 - INFO - encoder_blocks.3.st_attn.pattern_k_linears.0.bias	torch.Size([32])	cuda:0	True
2024-04-03 01:28:59,579 - INFO - encoder_blocks.3.st_attn.pattern_v_linears.0.weight	torch.Size([32, 64])	cuda:0	True
2024-04-03 01:28:59,579 - INFO - encoder_blocks.3.st_attn.pattern_v_linears.0.bias	torch.Size([32])	cuda:0	True
2024-04-03 01:28:59,579 - INFO - encoder_blocks.3.st_attn.geo_q_conv.weight	torch.Size([32, 64, 1, 1])	cuda:0	True
2024-04-03 01:28:59,579 - INFO - encoder_blocks.3.st_attn.geo_q_conv.bias	torch.Size([32])	cuda:0	True
2024-04-03 01:28:59,579 - INFO - encoder_blocks.3.st_attn.geo_k_conv.weight	torch.Size([32, 64, 1, 1])	cuda:0	True
2024-04-03 01:28:59,579 - INFO - encoder_blocks.3.st_attn.geo_k_conv.bias	torch.Size([32])	cuda:0	True
2024-04-03 01:28:59,579 - INFO - encoder_blocks.3.st_attn.geo_v_conv.weight	torch.Size([32, 64, 1, 1])	cuda:0	True
2024-04-03 01:28:59,580 - INFO - encoder_blocks.3.st_attn.geo_v_conv.bias	torch.Size([32])	cuda:0	True
2024-04-03 01:28:59,580 - INFO - encoder_blocks.3.st_attn.sem_q_conv.weight	torch.Size([16, 64, 1, 1])	cuda:0	True
2024-04-03 01:28:59,580 - INFO - encoder_blocks.3.st_attn.sem_q_conv.bias	torch.Size([16])	cuda:0	True
2024-04-03 01:28:59,580 - INFO - encoder_blocks.3.st_attn.sem_k_conv.weight	torch.Size([16, 64, 1, 1])	cuda:0	True
2024-04-03 01:28:59,580 - INFO - encoder_blocks.3.st_attn.sem_k_conv.bias	torch.Size([16])	cuda:0	True
2024-04-03 01:28:59,580 - INFO - encoder_blocks.3.st_attn.sem_v_conv.weight	torch.Size([16, 64, 1, 1])	cuda:0	True
2024-04-03 01:28:59,580 - INFO - encoder_blocks.3.st_attn.sem_v_conv.bias	torch.Size([16])	cuda:0	True
2024-04-03 01:28:59,580 - INFO - encoder_blocks.3.st_attn.t_q_conv.weight	torch.Size([16, 64, 1, 3])	cuda:0	True
2024-04-03 01:28:59,580 - INFO - encoder_blocks.3.st_attn.t_q_conv.bias	torch.Size([16])	cuda:0	True
2024-04-03 01:28:59,580 - INFO - encoder_blocks.3.st_attn.t_k_conv.weight	torch.Size([16, 64, 1, 3])	cuda:0	True
2024-04-03 01:28:59,580 - INFO - encoder_blocks.3.st_attn.t_k_conv.bias	torch.Size([16])	cuda:0	True
2024-04-03 01:28:59,580 - INFO - encoder_blocks.3.st_attn.t_v_conv.weight	torch.Size([16, 64, 1, 1])	cuda:0	True
2024-04-03 01:28:59,580 - INFO - encoder_blocks.3.st_attn.t_v_conv.bias	torch.Size([16])	cuda:0	True
2024-04-03 01:28:59,580 - INFO - encoder_blocks.3.st_attn.proj.weight	torch.Size([64, 48])	cuda:0	True
2024-04-03 01:28:59,580 - INFO - encoder_blocks.3.st_attn.proj.bias	torch.Size([64])	cuda:0	True
2024-04-03 01:28:59,580 - INFO - encoder_blocks.3.st_attn.gconv.mlp.mlp.weight	torch.Size([32, 96, 1, 1])	cuda:0	True
2024-04-03 01:28:59,580 - INFO - encoder_blocks.3.st_attn.gconv.mlp.mlp.bias	torch.Size([32])	cuda:0	True
2024-04-03 01:28:59,580 - INFO - encoder_blocks.3.st_attn.reshape1.weight	torch.Size([32, 64])	cuda:0	True
2024-04-03 01:28:59,580 - INFO - encoder_blocks.3.st_attn.reshape1.bias	torch.Size([32])	cuda:0	True
2024-04-03 01:28:59,580 - INFO - encoder_blocks.3.st_attn.reshape2.weight	torch.Size([64, 32])	cuda:0	True
2024-04-03 01:28:59,580 - INFO - encoder_blocks.3.st_attn.reshape2.bias	torch.Size([64])	cuda:0	True
2024-04-03 01:28:59,580 - INFO - encoder_blocks.3.norm2.weight	torch.Size([64])	cuda:0	True
2024-04-03 01:28:59,580 - INFO - encoder_blocks.3.norm2.bias	torch.Size([64])	cuda:0	True
2024-04-03 01:28:59,580 - INFO - encoder_blocks.3.mlp.fc1.weight	torch.Size([256, 64])	cuda:0	True
2024-04-03 01:28:59,580 - INFO - encoder_blocks.3.mlp.fc1.bias	torch.Size([256])	cuda:0	True
2024-04-03 01:28:59,580 - INFO - encoder_blocks.3.mlp.fc2.weight	torch.Size([64, 256])	cuda:0	True
2024-04-03 01:28:59,580 - INFO - encoder_blocks.3.mlp.fc2.bias	torch.Size([64])	cuda:0	True
2024-04-03 01:28:59,581 - INFO - encoder_blocks.4.norm1.weight	torch.Size([64])	cuda:0	True
2024-04-03 01:28:59,581 - INFO - encoder_blocks.4.norm1.bias	torch.Size([64])	cuda:0	True
2024-04-03 01:28:59,581 - INFO - encoder_blocks.4.st_attn.nodevec_p1	torch.Size([288, 40])	cuda:0	True
2024-04-03 01:28:59,581 - INFO - encoder_blocks.4.st_attn.nodevec_p2	torch.Size([883, 40])	cuda:0	True
2024-04-03 01:28:59,581 - INFO - encoder_blocks.4.st_attn.nodevec_p3	torch.Size([883, 40])	cuda:0	True
2024-04-03 01:28:59,581 - INFO - encoder_blocks.4.st_attn.nodevec_pk	torch.Size([40, 40, 40])	cuda:0	True
2024-04-03 01:28:59,581 - INFO - encoder_blocks.4.st_attn.pattern_q_linears.0.weight	torch.Size([32, 64])	cuda:0	True
2024-04-03 01:28:59,581 - INFO - encoder_blocks.4.st_attn.pattern_q_linears.0.bias	torch.Size([32])	cuda:0	True
2024-04-03 01:28:59,581 - INFO - encoder_blocks.4.st_attn.pattern_k_linears.0.weight	torch.Size([32, 64])	cuda:0	True
2024-04-03 01:28:59,581 - INFO - encoder_blocks.4.st_attn.pattern_k_linears.0.bias	torch.Size([32])	cuda:0	True
2024-04-03 01:28:59,581 - INFO - encoder_blocks.4.st_attn.pattern_v_linears.0.weight	torch.Size([32, 64])	cuda:0	True
2024-04-03 01:28:59,581 - INFO - encoder_blocks.4.st_attn.pattern_v_linears.0.bias	torch.Size([32])	cuda:0	True
2024-04-03 01:28:59,581 - INFO - encoder_blocks.4.st_attn.geo_q_conv.weight	torch.Size([32, 64, 1, 1])	cuda:0	True
2024-04-03 01:28:59,581 - INFO - encoder_blocks.4.st_attn.geo_q_conv.bias	torch.Size([32])	cuda:0	True
2024-04-03 01:28:59,581 - INFO - encoder_blocks.4.st_attn.geo_k_conv.weight	torch.Size([32, 64, 1, 1])	cuda:0	True
2024-04-03 01:28:59,581 - INFO - encoder_blocks.4.st_attn.geo_k_conv.bias	torch.Size([32])	cuda:0	True
2024-04-03 01:28:59,581 - INFO - encoder_blocks.4.st_attn.geo_v_conv.weight	torch.Size([32, 64, 1, 1])	cuda:0	True
2024-04-03 01:28:59,581 - INFO - encoder_blocks.4.st_attn.geo_v_conv.bias	torch.Size([32])	cuda:0	True
2024-04-03 01:28:59,581 - INFO - encoder_blocks.4.st_attn.sem_q_conv.weight	torch.Size([16, 64, 1, 1])	cuda:0	True
2024-04-03 01:28:59,581 - INFO - encoder_blocks.4.st_attn.sem_q_conv.bias	torch.Size([16])	cuda:0	True
2024-04-03 01:28:59,581 - INFO - encoder_blocks.4.st_attn.sem_k_conv.weight	torch.Size([16, 64, 1, 1])	cuda:0	True
2024-04-03 01:28:59,581 - INFO - encoder_blocks.4.st_attn.sem_k_conv.bias	torch.Size([16])	cuda:0	True
2024-04-03 01:28:59,581 - INFO - encoder_blocks.4.st_attn.sem_v_conv.weight	torch.Size([16, 64, 1, 1])	cuda:0	True
2024-04-03 01:28:59,581 - INFO - encoder_blocks.4.st_attn.sem_v_conv.bias	torch.Size([16])	cuda:0	True
2024-04-03 01:28:59,581 - INFO - encoder_blocks.4.st_attn.t_q_conv.weight	torch.Size([16, 64, 1, 3])	cuda:0	True
2024-04-03 01:28:59,581 - INFO - encoder_blocks.4.st_attn.t_q_conv.bias	torch.Size([16])	cuda:0	True
2024-04-03 01:28:59,581 - INFO - encoder_blocks.4.st_attn.t_k_conv.weight	torch.Size([16, 64, 1, 3])	cuda:0	True
2024-04-03 01:28:59,582 - INFO - encoder_blocks.4.st_attn.t_k_conv.bias	torch.Size([16])	cuda:0	True
2024-04-03 01:28:59,582 - INFO - encoder_blocks.4.st_attn.t_v_conv.weight	torch.Size([16, 64, 1, 1])	cuda:0	True
2024-04-03 01:28:59,582 - INFO - encoder_blocks.4.st_attn.t_v_conv.bias	torch.Size([16])	cuda:0	True
2024-04-03 01:28:59,582 - INFO - encoder_blocks.4.st_attn.proj.weight	torch.Size([64, 48])	cuda:0	True
2024-04-03 01:28:59,582 - INFO - encoder_blocks.4.st_attn.proj.bias	torch.Size([64])	cuda:0	True
2024-04-03 01:28:59,582 - INFO - encoder_blocks.4.st_attn.gconv.mlp.mlp.weight	torch.Size([32, 96, 1, 1])	cuda:0	True
2024-04-03 01:28:59,582 - INFO - encoder_blocks.4.st_attn.gconv.mlp.mlp.bias	torch.Size([32])	cuda:0	True
2024-04-03 01:28:59,582 - INFO - encoder_blocks.4.st_attn.reshape1.weight	torch.Size([32, 64])	cuda:0	True
2024-04-03 01:28:59,582 - INFO - encoder_blocks.4.st_attn.reshape1.bias	torch.Size([32])	cuda:0	True
2024-04-03 01:28:59,582 - INFO - encoder_blocks.4.st_attn.reshape2.weight	torch.Size([64, 32])	cuda:0	True
2024-04-03 01:28:59,582 - INFO - encoder_blocks.4.st_attn.reshape2.bias	torch.Size([64])	cuda:0	True
2024-04-03 01:28:59,582 - INFO - encoder_blocks.4.norm2.weight	torch.Size([64])	cuda:0	True
2024-04-03 01:28:59,582 - INFO - encoder_blocks.4.norm2.bias	torch.Size([64])	cuda:0	True
2024-04-03 01:28:59,582 - INFO - encoder_blocks.4.mlp.fc1.weight	torch.Size([256, 64])	cuda:0	True
2024-04-03 01:28:59,582 - INFO - encoder_blocks.4.mlp.fc1.bias	torch.Size([256])	cuda:0	True
2024-04-03 01:28:59,582 - INFO - encoder_blocks.4.mlp.fc2.weight	torch.Size([64, 256])	cuda:0	True
2024-04-03 01:28:59,582 - INFO - encoder_blocks.4.mlp.fc2.bias	torch.Size([64])	cuda:0	True
2024-04-03 01:28:59,582 - INFO - encoder_blocks.5.norm1.weight	torch.Size([64])	cuda:0	True
2024-04-03 01:28:59,582 - INFO - encoder_blocks.5.norm1.bias	torch.Size([64])	cuda:0	True
2024-04-03 01:28:59,582 - INFO - encoder_blocks.5.st_attn.nodevec_p1	torch.Size([288, 40])	cuda:0	True
2024-04-03 01:28:59,582 - INFO - encoder_blocks.5.st_attn.nodevec_p2	torch.Size([883, 40])	cuda:0	True
2024-04-03 01:28:59,582 - INFO - encoder_blocks.5.st_attn.nodevec_p3	torch.Size([883, 40])	cuda:0	True
2024-04-03 01:28:59,582 - INFO - encoder_blocks.5.st_attn.nodevec_pk	torch.Size([40, 40, 40])	cuda:0	True
2024-04-03 01:28:59,582 - INFO - encoder_blocks.5.st_attn.pattern_q_linears.0.weight	torch.Size([32, 64])	cuda:0	True
2024-04-03 01:28:59,582 - INFO - encoder_blocks.5.st_attn.pattern_q_linears.0.bias	torch.Size([32])	cuda:0	True
2024-04-03 01:28:59,582 - INFO - encoder_blocks.5.st_attn.pattern_k_linears.0.weight	torch.Size([32, 64])	cuda:0	True
2024-04-03 01:28:59,583 - INFO - encoder_blocks.5.st_attn.pattern_k_linears.0.bias	torch.Size([32])	cuda:0	True
2024-04-03 01:28:59,583 - INFO - encoder_blocks.5.st_attn.pattern_v_linears.0.weight	torch.Size([32, 64])	cuda:0	True
2024-04-03 01:28:59,583 - INFO - encoder_blocks.5.st_attn.pattern_v_linears.0.bias	torch.Size([32])	cuda:0	True
2024-04-03 01:28:59,583 - INFO - encoder_blocks.5.st_attn.geo_q_conv.weight	torch.Size([32, 64, 1, 1])	cuda:0	True
2024-04-03 01:28:59,583 - INFO - encoder_blocks.5.st_attn.geo_q_conv.bias	torch.Size([32])	cuda:0	True
2024-04-03 01:28:59,583 - INFO - encoder_blocks.5.st_attn.geo_k_conv.weight	torch.Size([32, 64, 1, 1])	cuda:0	True
2024-04-03 01:28:59,583 - INFO - encoder_blocks.5.st_attn.geo_k_conv.bias	torch.Size([32])	cuda:0	True
2024-04-03 01:28:59,583 - INFO - encoder_blocks.5.st_attn.geo_v_conv.weight	torch.Size([32, 64, 1, 1])	cuda:0	True
2024-04-03 01:28:59,583 - INFO - encoder_blocks.5.st_attn.geo_v_conv.bias	torch.Size([32])	cuda:0	True
2024-04-03 01:28:59,583 - INFO - encoder_blocks.5.st_attn.sem_q_conv.weight	torch.Size([16, 64, 1, 1])	cuda:0	True
2024-04-03 01:28:59,583 - INFO - encoder_blocks.5.st_attn.sem_q_conv.bias	torch.Size([16])	cuda:0	True
2024-04-03 01:28:59,583 - INFO - encoder_blocks.5.st_attn.sem_k_conv.weight	torch.Size([16, 64, 1, 1])	cuda:0	True
2024-04-03 01:28:59,583 - INFO - encoder_blocks.5.st_attn.sem_k_conv.bias	torch.Size([16])	cuda:0	True
2024-04-03 01:28:59,583 - INFO - encoder_blocks.5.st_attn.sem_v_conv.weight	torch.Size([16, 64, 1, 1])	cuda:0	True
2024-04-03 01:28:59,583 - INFO - encoder_blocks.5.st_attn.sem_v_conv.bias	torch.Size([16])	cuda:0	True
2024-04-03 01:28:59,583 - INFO - encoder_blocks.5.st_attn.t_q_conv.weight	torch.Size([16, 64, 1, 3])	cuda:0	True
2024-04-03 01:28:59,583 - INFO - encoder_blocks.5.st_attn.t_q_conv.bias	torch.Size([16])	cuda:0	True
2024-04-03 01:28:59,583 - INFO - encoder_blocks.5.st_attn.t_k_conv.weight	torch.Size([16, 64, 1, 3])	cuda:0	True
2024-04-03 01:28:59,583 - INFO - encoder_blocks.5.st_attn.t_k_conv.bias	torch.Size([16])	cuda:0	True
2024-04-03 01:28:59,583 - INFO - encoder_blocks.5.st_attn.t_v_conv.weight	torch.Size([16, 64, 1, 1])	cuda:0	True
2024-04-03 01:28:59,583 - INFO - encoder_blocks.5.st_attn.t_v_conv.bias	torch.Size([16])	cuda:0	True
2024-04-03 01:28:59,583 - INFO - encoder_blocks.5.st_attn.proj.weight	torch.Size([64, 48])	cuda:0	True
2024-04-03 01:28:59,583 - INFO - encoder_blocks.5.st_attn.proj.bias	torch.Size([64])	cuda:0	True
2024-04-03 01:28:59,583 - INFO - encoder_blocks.5.st_attn.gconv.mlp.mlp.weight	torch.Size([32, 96, 1, 1])	cuda:0	True
2024-04-03 01:28:59,583 - INFO - encoder_blocks.5.st_attn.gconv.mlp.mlp.bias	torch.Size([32])	cuda:0	True
2024-04-03 01:28:59,583 - INFO - encoder_blocks.5.st_attn.reshape1.weight	torch.Size([32, 64])	cuda:0	True
2024-04-03 01:28:59,583 - INFO - encoder_blocks.5.st_attn.reshape1.bias	torch.Size([32])	cuda:0	True
2024-04-03 01:28:59,584 - INFO - encoder_blocks.5.st_attn.reshape2.weight	torch.Size([64, 32])	cuda:0	True
2024-04-03 01:28:59,584 - INFO - encoder_blocks.5.st_attn.reshape2.bias	torch.Size([64])	cuda:0	True
2024-04-03 01:28:59,584 - INFO - encoder_blocks.5.norm2.weight	torch.Size([64])	cuda:0	True
2024-04-03 01:28:59,584 - INFO - encoder_blocks.5.norm2.bias	torch.Size([64])	cuda:0	True
2024-04-03 01:28:59,584 - INFO - encoder_blocks.5.mlp.fc1.weight	torch.Size([256, 64])	cuda:0	True
2024-04-03 01:28:59,584 - INFO - encoder_blocks.5.mlp.fc1.bias	torch.Size([256])	cuda:0	True
2024-04-03 01:28:59,584 - INFO - encoder_blocks.5.mlp.fc2.weight	torch.Size([64, 256])	cuda:0	True
2024-04-03 01:28:59,584 - INFO - encoder_blocks.5.mlp.fc2.bias	torch.Size([64])	cuda:0	True
2024-04-03 01:28:59,584 - INFO - skip_convs.0.weight	torch.Size([256, 64, 1, 1])	cuda:0	True
2024-04-03 01:28:59,584 - INFO - skip_convs.0.bias	torch.Size([256])	cuda:0	True
2024-04-03 01:28:59,584 - INFO - skip_convs.1.weight	torch.Size([256, 64, 1, 1])	cuda:0	True
2024-04-03 01:28:59,584 - INFO - skip_convs.1.bias	torch.Size([256])	cuda:0	True
2024-04-03 01:28:59,584 - INFO - skip_convs.2.weight	torch.Size([256, 64, 1, 1])	cuda:0	True
2024-04-03 01:28:59,584 - INFO - skip_convs.2.bias	torch.Size([256])	cuda:0	True
2024-04-03 01:28:59,584 - INFO - skip_convs.3.weight	torch.Size([256, 64, 1, 1])	cuda:0	True
2024-04-03 01:28:59,584 - INFO - skip_convs.3.bias	torch.Size([256])	cuda:0	True
2024-04-03 01:28:59,584 - INFO - skip_convs.4.weight	torch.Size([256, 64, 1, 1])	cuda:0	True
2024-04-03 01:28:59,584 - INFO - skip_convs.4.bias	torch.Size([256])	cuda:0	True
2024-04-03 01:28:59,584 - INFO - skip_convs.5.weight	torch.Size([256, 64, 1, 1])	cuda:0	True
2024-04-03 01:28:59,584 - INFO - skip_convs.5.bias	torch.Size([256])	cuda:0	True
2024-04-03 01:28:59,584 - INFO - end_conv1.weight	torch.Size([12, 12, 1, 1])	cuda:0	True
2024-04-03 01:28:59,584 - INFO - end_conv1.bias	torch.Size([12])	cuda:0	True
2024-04-03 01:28:59,584 - INFO - end_conv2.weight	torch.Size([1, 256, 1, 1])	cuda:0	True
2024-04-03 01:28:59,584 - INFO - end_conv2.bias	torch.Size([1])	cuda:0	True
2024-04-03 01:28:59,585 - INFO - Total parameter numbers: 1470909
2024-04-03 01:28:59,587 - INFO - You select `adamw` optimizer.
2024-04-03 01:28:59,588 - INFO - You select `cosinelr` lr_scheduler.
2024-04-03 01:28:59,588 - WARNING - Received none train loss func and will use the loss func defined in the model.module.
2024-04-03 01:28:59,595 - INFO - Number of isolated points: 0
2024-04-03 01:29:00,120 - INFO - Start training ...
2024-04-03 01:29:00,121 - INFO - num_batches:2116
2024-04-03 01:29:00,278 - INFO - Training: task_level increase from 0 to 1
2024-04-03 01:29:00,278 - INFO - Current batches_seen is 0
2024-04-03 01:46:39,710 - INFO - epoch complete!
2024-04-03 01:46:39,710 - INFO - evaluating now!
2024-04-03 01:48:09,916 - INFO - Epoch [0/300] (2116) train_loss: 311.0804, val_loss: 384.8685, lr: 0.000201, 1149.79s
2024-04-03 01:48:09,973 - INFO - Saved model at 0
2024-04-03 01:48:09,973 - INFO - Val loss decrease from inf to 384.8685, saving to ./libcity/cache/41823/model_cache/PDFormer_PeMS07_epoch0.tar
2024-04-03 02:05:47,061 - INFO - epoch complete!
2024-04-03 02:05:47,062 - INFO - evaluating now!
2024-04-03 02:07:17,343 - INFO - Epoch [1/300] (4232) train_loss: 80.0308, val_loss: 658.1453, lr: 0.000401, 1147.37s
2024-04-03 02:07:17,457 - INFO - Training: task_level increase from 1 to 2
2024-04-03 02:07:17,457 - INFO - Current batches_seen is 4232
2024-04-03 02:24:54,387 - INFO - epoch complete!
2024-04-03 02:24:54,388 - INFO - evaluating now!
2024-04-03 02:26:24,657 - INFO - Epoch [2/300] (6348) train_loss: 61.2393, val_loss: 454.0394, lr: 0.000600, 1147.31s
2024-04-03 02:44:03,059 - INFO - epoch complete!
2024-04-03 02:44:03,060 - INFO - evaluating now!
2024-04-03 02:45:33,291 - INFO - Epoch [3/300] (8464) train_loss: 49.4773, val_loss: 493.8608, lr: 0.000800, 1148.63s
2024-04-03 02:45:33,406 - INFO - Training: task_level increase from 2 to 3
2024-04-03 02:45:33,406 - INFO - Current batches_seen is 8464
2024-04-03 03:03:09,647 - INFO - epoch complete!
2024-04-03 03:03:09,648 - INFO - evaluating now!
2024-04-03 03:04:39,756 - INFO - Epoch [4/300] (10580) train_loss: 52.6802, val_loss: 192.9725, lr: 0.000999, 1146.46s
2024-04-03 03:04:39,811 - INFO - Saved model at 4
2024-04-03 03:04:39,811 - INFO - Val loss decrease from 384.8685 to 192.9725, saving to ./libcity/cache/41823/model_cache/PDFormer_PeMS07_epoch4.tar
2024-04-03 03:22:15,797 - INFO - epoch complete!
2024-04-03 03:22:15,797 - INFO - evaluating now!
2024-04-03 03:23:45,819 - INFO - Epoch [5/300] (12696) train_loss: 45.4972, val_loss: 204.4300, lr: 0.000999, 1146.01s
2024-04-03 03:23:45,933 - INFO - Training: task_level increase from 3 to 4
2024-04-03 03:23:45,933 - INFO - Current batches_seen is 12696
2024-04-03 03:41:21,430 - INFO - epoch complete!
2024-04-03 03:41:21,430 - INFO - evaluating now!
2024-04-03 03:42:51,455 - INFO - Epoch [6/300] (14812) train_loss: 46.0367, val_loss: 152.9081, lr: 0.000999, 1145.64s
2024-04-03 03:42:51,510 - INFO - Saved model at 6
2024-04-03 03:42:51,510 - INFO - Val loss decrease from 192.9725 to 152.9081, saving to ./libcity/cache/41823/model_cache/PDFormer_PeMS07_epoch6.tar
2024-04-03 04:00:25,911 - INFO - epoch complete!
2024-04-03 04:00:25,911 - INFO - evaluating now!
2024-04-03 04:01:55,874 - INFO - Epoch [7/300] (16928) train_loss: 43.4177, val_loss: 152.0574, lr: 0.000998, 1144.36s
2024-04-03 04:01:55,927 - INFO - Saved model at 7
2024-04-03 04:01:55,928 - INFO - Val loss decrease from 152.9081 to 152.0574, saving to ./libcity/cache/41823/model_cache/PDFormer_PeMS07_epoch7.tar
2024-04-03 04:01:56,040 - INFO - Training: task_level increase from 4 to 5
2024-04-03 04:01:56,040 - INFO - Current batches_seen is 16928
2024-04-03 04:19:31,289 - INFO - epoch complete!
2024-04-03 04:19:31,289 - INFO - evaluating now!
2024-04-03 04:21:01,078 - INFO - Epoch [8/300] (19044) train_loss: 44.6358, val_loss: 121.7445, lr: 0.000998, 1145.15s
2024-04-03 04:21:01,134 - INFO - Saved model at 8
2024-04-03 04:21:01,134 - INFO - Val loss decrease from 152.0574 to 121.7445, saving to ./libcity/cache/41823/model_cache/PDFormer_PeMS07_epoch8.tar
2024-04-03 04:38:34,767 - INFO - epoch complete!
2024-04-03 04:38:34,768 - INFO - evaluating now!
2024-04-03 04:40:04,684 - INFO - Epoch [9/300] (21160) train_loss: 42.4125, val_loss: 118.7095, lr: 0.000998, 1143.55s
2024-04-03 04:40:04,738 - INFO - Saved model at 9
2024-04-03 04:40:04,739 - INFO - Val loss decrease from 121.7445 to 118.7095, saving to ./libcity/cache/41823/model_cache/PDFormer_PeMS07_epoch9.tar
2024-04-03 04:40:04,851 - INFO - Training: task_level increase from 5 to 6
2024-04-03 04:40:04,851 - INFO - Current batches_seen is 21160
2024-04-03 04:57:39,316 - INFO - epoch complete!
2024-04-03 04:57:39,317 - INFO - evaluating now!
2024-04-03 04:59:09,295 - INFO - Epoch [10/300] (23276) train_loss: 44.3609, val_loss: 113.6945, lr: 0.000997, 1144.56s
2024-04-03 04:59:09,351 - INFO - Saved model at 10
2024-04-03 04:59:09,351 - INFO - Val loss decrease from 118.7095 to 113.6945, saving to ./libcity/cache/41823/model_cache/PDFormer_PeMS07_epoch10.tar
2024-04-03 05:16:43,272 - INFO - epoch complete!
2024-04-03 05:16:43,272 - INFO - evaluating now!
2024-04-03 05:18:13,250 - INFO - Epoch [11/300] (25392) train_loss: 42.9770, val_loss: 108.8274, lr: 0.000996, 1143.90s
2024-04-03 05:18:13,304 - INFO - Saved model at 11
2024-04-03 05:18:13,304 - INFO - Val loss decrease from 113.6945 to 108.8274, saving to ./libcity/cache/41823/model_cache/PDFormer_PeMS07_epoch11.tar
2024-04-03 05:18:13,416 - INFO - Training: task_level increase from 6 to 7
2024-04-03 05:18:13,416 - INFO - Current batches_seen is 25392
2024-04-03 05:35:48,923 - INFO - epoch complete!
2024-04-03 05:35:48,923 - INFO - evaluating now!
2024-04-03 05:37:18,951 - INFO - Epoch [12/300] (27508) train_loss: 44.2609, val_loss: 82.1840, lr: 0.000996, 1145.65s
2024-04-03 05:37:19,005 - INFO - Saved model at 12
2024-04-03 05:37:19,005 - INFO - Val loss decrease from 108.8274 to 82.1840, saving to ./libcity/cache/41823/model_cache/PDFormer_PeMS07_epoch12.tar
2024-04-03 05:54:54,637 - INFO - epoch complete!
2024-04-03 05:54:54,638 - INFO - evaluating now!
2024-04-03 05:56:24,630 - INFO - Epoch [13/300] (29624) train_loss: 42.9752, val_loss: 79.1163, lr: 0.000995, 1145.63s
2024-04-03 05:56:24,684 - INFO - Saved model at 13
2024-04-03 05:56:24,685 - INFO - Val loss decrease from 82.1840 to 79.1163, saving to ./libcity/cache/41823/model_cache/PDFormer_PeMS07_epoch13.tar
2024-04-03 05:56:24,797 - INFO - Training: task_level increase from 7 to 8
2024-04-03 05:56:24,798 - INFO - Current batches_seen is 29624
2024-04-03 06:13:59,477 - INFO - epoch complete!
2024-04-03 06:13:59,477 - INFO - evaluating now!
2024-04-03 06:15:29,385 - INFO - Epoch [14/300] (31740) train_loss: 43.5845, val_loss: 75.2544, lr: 0.000994, 1144.70s
2024-04-03 06:15:29,439 - INFO - Saved model at 14
2024-04-03 06:15:29,439 - INFO - Val loss decrease from 79.1163 to 75.2544, saving to ./libcity/cache/41823/model_cache/PDFormer_PeMS07_epoch14.tar
2024-04-03 06:33:04,254 - INFO - epoch complete!
2024-04-03 06:33:04,254 - INFO - evaluating now!
2024-04-03 06:34:34,194 - INFO - Epoch [15/300] (33856) train_loss: 42.7938, val_loss: 75.4977, lr: 0.000994, 1144.76s
2024-04-03 06:34:34,307 - INFO - Training: task_level increase from 8 to 9
2024-04-03 06:34:34,307 - INFO - Current batches_seen is 33856
2024-04-03 06:52:08,685 - INFO - epoch complete!
2024-04-03 06:52:08,685 - INFO - evaluating now!
2024-04-03 06:53:38,576 - INFO - Epoch [16/300] (35972) train_loss: 43.5599, val_loss: 72.2585, lr: 0.000993, 1144.38s
2024-04-03 06:53:38,629 - INFO - Saved model at 16
2024-04-03 06:53:38,629 - INFO - Val loss decrease from 75.2544 to 72.2585, saving to ./libcity/cache/41823/model_cache/PDFormer_PeMS07_epoch16.tar
2024-04-03 07:11:13,360 - INFO - epoch complete!
2024-04-03 07:11:13,361 - INFO - evaluating now!
2024-04-03 07:12:43,222 - INFO - Epoch [17/300] (38088) train_loss: 42.9539, val_loss: 71.3323, lr: 0.000992, 1144.59s
2024-04-03 07:12:43,276 - INFO - Saved model at 17
2024-04-03 07:12:43,276 - INFO - Val loss decrease from 72.2585 to 71.3323, saving to ./libcity/cache/41823/model_cache/PDFormer_PeMS07_epoch17.tar
2024-04-03 07:12:43,388 - INFO - Training: task_level increase from 9 to 10
2024-04-03 07:12:43,388 - INFO - Current batches_seen is 38088
2024-04-03 07:30:17,244 - INFO - epoch complete!
2024-04-03 07:30:17,245 - INFO - evaluating now!
2024-04-03 07:31:47,128 - INFO - Epoch [18/300] (40204) train_loss: 43.7243, val_loss: 61.9441, lr: 0.000991, 1143.85s
2024-04-03 07:31:47,182 - INFO - Saved model at 18
2024-04-03 07:31:47,182 - INFO - Val loss decrease from 71.3323 to 61.9441, saving to ./libcity/cache/41823/model_cache/PDFormer_PeMS07_epoch18.tar
2024-04-03 07:49:23,646 - INFO - epoch complete!
2024-04-03 07:49:23,646 - INFO - evaluating now!
2024-04-03 07:50:53,523 - INFO - Epoch [19/300] (42320) train_loss: 43.0289, val_loss: 60.7195, lr: 0.000990, 1146.34s
2024-04-03 07:50:53,577 - INFO - Saved model at 19
2024-04-03 07:50:53,577 - INFO - Val loss decrease from 61.9441 to 60.7195, saving to ./libcity/cache/41823/model_cache/PDFormer_PeMS07_epoch19.tar
2024-04-03 07:50:53,689 - INFO - Training: task_level increase from 10 to 11
2024-04-03 07:50:53,689 - INFO - Current batches_seen is 42320
2024-04-03 08:08:29,634 - INFO - epoch complete!
2024-04-03 08:08:29,635 - INFO - evaluating now!
2024-04-03 08:09:59,521 - INFO - Epoch [20/300] (44436) train_loss: 43.9280, val_loss: 55.8090, lr: 0.000989, 1145.94s
2024-04-03 08:09:59,576 - INFO - Saved model at 20
2024-04-03 08:09:59,576 - INFO - Val loss decrease from 60.7195 to 55.8090, saving to ./libcity/cache/41823/model_cache/PDFormer_PeMS07_epoch20.tar
2024-04-03 08:27:34,426 - INFO - epoch complete!
2024-04-03 08:27:34,426 - INFO - evaluating now!
2024-04-03 08:29:04,295 - INFO - Epoch [21/300] (46552) train_loss: 43.1564, val_loss: 55.0905, lr: 0.000988, 1144.72s
2024-04-03 08:29:04,349 - INFO - Saved model at 21
2024-04-03 08:29:04,349 - INFO - Val loss decrease from 55.8090 to 55.0905, saving to ./libcity/cache/41823/model_cache/PDFormer_PeMS07_epoch21.tar
2024-04-03 08:29:04,461 - INFO - Training: task_level increase from 11 to 12
2024-04-03 08:29:04,462 - INFO - Current batches_seen is 46552
2024-04-03 08:46:37,442 - INFO - epoch complete!
2024-04-03 08:46:37,443 - INFO - evaluating now!
2024-04-03 08:48:07,303 - INFO - Epoch [22/300] (48668) train_loss: 43.8556, val_loss: 42.2079, lr: 0.000987, 1142.95s
2024-04-03 08:48:07,357 - INFO - Saved model at 22
2024-04-03 08:48:07,357 - INFO - Val loss decrease from 55.0905 to 42.2079, saving to ./libcity/cache/41823/model_cache/PDFormer_PeMS07_epoch22.tar
2024-04-03 09:05:41,723 - INFO - epoch complete!
2024-04-03 09:05:41,724 - INFO - evaluating now!
2024-04-03 09:07:11,689 - INFO - Epoch [23/300] (50784) train_loss: 43.5583, val_loss: 42.0098, lr: 0.000986, 1144.33s
2024-04-03 09:07:11,744 - INFO - Saved model at 23
2024-04-03 09:07:11,745 - INFO - Val loss decrease from 42.2079 to 42.0098, saving to ./libcity/cache/41823/model_cache/PDFormer_PeMS07_epoch23.tar
2024-04-03 09:24:46,602 - INFO - epoch complete!
2024-04-03 09:24:46,603 - INFO - evaluating now!
2024-04-03 09:26:16,600 - INFO - Epoch [24/300] (52900) train_loss: 43.0894, val_loss: 41.6505, lr: 0.000985, 1144.86s
2024-04-03 09:26:16,654 - INFO - Saved model at 24
2024-04-03 09:26:16,655 - INFO - Val loss decrease from 42.0098 to 41.6505, saving to ./libcity/cache/41823/model_cache/PDFormer_PeMS07_epoch24.tar
2024-04-03 09:43:53,196 - INFO - epoch complete!
2024-04-03 09:43:53,197 - INFO - evaluating now!
2024-04-03 09:45:23,136 - INFO - Epoch [25/300] (55016) train_loss: 42.6695, val_loss: 41.9025, lr: 0.000983, 1146.48s
2024-04-03 10:02:59,273 - INFO - epoch complete!
2024-04-03 10:02:59,274 - INFO - evaluating now!
2024-04-03 10:04:29,265 - INFO - Epoch [26/300] (57132) train_loss: 42.6149, val_loss: 41.4051, lr: 0.000982, 1146.13s
2024-04-03 10:04:29,319 - INFO - Saved model at 26
2024-04-03 10:04:29,320 - INFO - Val loss decrease from 41.6505 to 41.4051, saving to ./libcity/cache/41823/model_cache/PDFormer_PeMS07_epoch26.tar
2024-04-03 10:22:03,416 - INFO - epoch complete!
2024-04-03 10:22:03,417 - INFO - evaluating now!
2024-04-03 10:23:33,385 - INFO - Epoch [27/300] (59248) train_loss: 42.4549, val_loss: 42.1435, lr: 0.000981, 1144.07s
2024-04-03 10:41:06,159 - INFO - epoch complete!
2024-04-03 10:41:06,159 - INFO - evaluating now!
2024-04-03 10:42:36,006 - INFO - Epoch [28/300] (61364) train_loss: 42.2135, val_loss: 41.2418, lr: 0.000979, 1142.62s
2024-04-03 10:42:36,060 - INFO - Saved model at 28
2024-04-03 10:42:36,061 - INFO - Val loss decrease from 41.4051 to 41.2418, saving to ./libcity/cache/41823/model_cache/PDFormer_PeMS07_epoch28.tar
2024-04-03 11:00:08,500 - INFO - epoch complete!
2024-04-03 11:00:08,500 - INFO - evaluating now!
2024-04-03 11:01:38,273 - INFO - Epoch [29/300] (63480) train_loss: 41.9390, val_loss: 40.8554, lr: 0.000978, 1142.21s
2024-04-03 11:01:38,327 - INFO - Saved model at 29
2024-04-03 11:01:38,327 - INFO - Val loss decrease from 41.2418 to 40.8554, saving to ./libcity/cache/41823/model_cache/PDFormer_PeMS07_epoch29.tar
2024-04-03 11:19:11,786 - INFO - epoch complete!
2024-04-03 11:19:11,786 - INFO - evaluating now!
2024-04-03 11:20:41,761 - INFO - Epoch [30/300] (65596) train_loss: 42.0259, val_loss: 40.9600, lr: 0.000976, 1143.43s
2024-04-03 11:38:18,410 - INFO - epoch complete!
2024-04-03 11:38:18,410 - INFO - evaluating now!
2024-04-03 11:39:48,442 - INFO - Epoch [31/300] (67712) train_loss: 41.6697, val_loss: 40.6714, lr: 0.000975, 1146.68s
2024-04-03 11:39:48,635 - INFO - Saved model at 31
2024-04-03 11:39:48,635 - INFO - Val loss decrease from 40.8554 to 40.6714, saving to ./libcity/cache/41823/model_cache/PDFormer_PeMS07_epoch31.tar
2024-04-03 11:57:24,965 - INFO - epoch complete!
2024-04-03 11:57:24,966 - INFO - evaluating now!
2024-04-03 11:58:56,123 - INFO - Epoch [32/300] (69828) train_loss: 41.4223, val_loss: 41.0720, lr: 0.000973, 1147.49s
2024-04-03 12:16:38,372 - INFO - epoch complete!
2024-04-03 12:16:38,372 - INFO - evaluating now!
2024-04-03 12:18:09,957 - INFO - Epoch [33/300] (71944) train_loss: 41.3062, val_loss: 40.8106, lr: 0.000972, 1153.83s
2024-04-03 12:35:59,841 - INFO - epoch complete!
2024-04-03 12:35:59,842 - INFO - evaluating now!
2024-04-03 12:37:31,148 - INFO - Epoch [34/300] (74060) train_loss: 41.3352, val_loss: 41.1190, lr: 0.000970, 1161.19s
2024-04-03 12:55:15,989 - INFO - epoch complete!
2024-04-03 12:55:15,990 - INFO - evaluating now!
2024-04-03 12:56:46,912 - INFO - Epoch [35/300] (76176) train_loss: 41.1374, val_loss: 40.2552, lr: 0.000968, 1155.76s
2024-04-03 12:56:46,968 - INFO - Saved model at 35
2024-04-03 12:56:46,968 - INFO - Val loss decrease from 40.6714 to 40.2552, saving to ./libcity/cache/41823/model_cache/PDFormer_PeMS07_epoch35.tar
2024-04-03 13:14:36,486 - INFO - epoch complete!
2024-04-03 13:14:36,487 - INFO - evaluating now!
2024-04-03 13:16:07,946 - INFO - Epoch [36/300] (78292) train_loss: 41.2057, val_loss: 41.7501, lr: 0.000967, 1160.98s
2024-04-03 13:33:55,759 - INFO - epoch complete!
2024-04-03 13:33:55,760 - INFO - evaluating now!
2024-04-03 13:35:26,674 - INFO - Epoch [37/300] (80408) train_loss: 40.9938, val_loss: 41.3366, lr: 0.000965, 1158.73s
2024-04-03 13:53:06,169 - INFO - epoch complete!
2024-04-03 13:53:06,170 - INFO - evaluating now!
2024-04-03 13:54:37,126 - INFO - Epoch [38/300] (82524) train_loss: 40.8400, val_loss: 41.7504, lr: 0.000963, 1150.45s
2024-04-03 14:12:23,041 - INFO - epoch complete!
2024-04-03 14:12:23,041 - INFO - evaluating now!
2024-04-03 14:13:54,179 - INFO - Epoch [39/300] (84640) train_loss: 40.8053, val_loss: 40.0726, lr: 0.000961, 1157.05s
2024-04-03 14:13:54,235 - INFO - Saved model at 39
2024-04-03 14:13:54,235 - INFO - Val loss decrease from 40.2552 to 40.0726, saving to ./libcity/cache/41823/model_cache/PDFormer_PeMS07_epoch39.tar
2024-04-03 14:31:36,820 - INFO - epoch complete!
2024-04-03 14:31:36,821 - INFO - evaluating now!
2024-04-03 14:33:07,891 - INFO - Epoch [40/300] (86756) train_loss: 40.8144, val_loss: 40.5025, lr: 0.000959, 1153.66s
2024-04-03 14:50:47,449 - INFO - epoch complete!
2024-04-03 14:50:47,449 - INFO - evaluating now!
2024-04-03 14:52:18,484 - INFO - Epoch [41/300] (88872) train_loss: 40.5600, val_loss: 41.5538, lr: 0.000957, 1150.59s
2024-04-03 15:09:57,215 - INFO - epoch complete!
2024-04-03 15:09:57,216 - INFO - evaluating now!
2024-04-03 15:11:27,747 - INFO - Epoch [42/300] (90988) train_loss: 40.5206, val_loss: 41.9557, lr: 0.000955, 1149.26s
2024-04-03 15:29:00,563 - INFO - epoch complete!
2024-04-03 15:29:00,563 - INFO - evaluating now!
2024-04-03 15:30:30,493 - INFO - Epoch [43/300] (93104) train_loss: 40.3401, val_loss: 40.9935, lr: 0.000953, 1142.75s
2024-04-03 15:48:08,220 - INFO - epoch complete!
2024-04-03 15:48:08,221 - INFO - evaluating now!
2024-04-03 15:49:38,817 - INFO - Epoch [44/300] (95220) train_loss: 40.3114, val_loss: 39.5470, lr: 0.000951, 1148.32s
2024-04-03 15:49:38,873 - INFO - Saved model at 44
2024-04-03 15:49:38,873 - INFO - Val loss decrease from 40.0726 to 39.5470, saving to ./libcity/cache/41823/model_cache/PDFormer_PeMS07_epoch44.tar
2024-04-03 16:07:21,569 - INFO - epoch complete!
2024-04-03 16:07:21,569 - INFO - evaluating now!
2024-04-03 16:08:52,252 - INFO - Epoch [45/300] (97336) train_loss: 40.2431, val_loss: 41.3748, lr: 0.000949, 1153.38s
2024-04-03 16:26:34,265 - INFO - epoch complete!
2024-04-03 16:26:34,266 - INFO - evaluating now!
2024-04-03 16:28:04,601 - INFO - Epoch [46/300] (99452) train_loss: 40.1945, val_loss: 40.5486, lr: 0.000947, 1152.35s
2024-04-03 16:45:46,592 - INFO - epoch complete!
2024-04-03 16:45:46,593 - INFO - evaluating now!
2024-04-03 16:47:17,657 - INFO - Epoch [47/300] (101568) train_loss: 40.0038, val_loss: 40.2863, lr: 0.000944, 1153.05s
2024-04-03 17:05:00,777 - INFO - epoch complete!
2024-04-03 17:05:00,778 - INFO - evaluating now!
2024-04-03 17:06:30,889 - INFO - Epoch [48/300] (103684) train_loss: 39.9467, val_loss: 39.8969, lr: 0.000942, 1153.23s
2024-04-03 17:24:09,731 - INFO - epoch complete!
2024-04-03 17:24:09,732 - INFO - evaluating now!
2024-04-03 17:25:40,219 - INFO - Epoch [49/300] (105800) train_loss: 39.8107, val_loss: 39.1977, lr: 0.000940, 1149.33s
2024-04-03 17:25:40,273 - INFO - Saved model at 49
2024-04-03 17:25:40,274 - INFO - Val loss decrease from 39.5470 to 39.1977, saving to ./libcity/cache/41823/model_cache/PDFormer_PeMS07_epoch49.tar
2024-04-03 17:43:19,344 - INFO - epoch complete!
2024-04-03 17:43:19,344 - INFO - evaluating now!
2024-04-03 17:44:49,801 - INFO - Epoch [50/300] (107916) train_loss: 39.7751, val_loss: 39.8303, lr: 0.000937, 1149.53s
2024-04-03 18:02:20,504 - INFO - epoch complete!
2024-04-03 18:02:20,505 - INFO - evaluating now!
2024-04-03 18:03:50,991 - INFO - Epoch [51/300] (110032) train_loss: 39.6757, val_loss: 40.0355, lr: 0.000935, 1141.19s
2024-04-03 18:21:25,261 - INFO - epoch complete!
2024-04-03 18:21:25,261 - INFO - evaluating now!
2024-04-03 18:22:56,454 - INFO - Epoch [52/300] (112148) train_loss: 39.4782, val_loss: 39.7696, lr: 0.000932, 1145.46s
2024-04-03 18:40:37,657 - INFO - epoch complete!
2024-04-03 18:40:37,658 - INFO - evaluating now!
2024-04-03 18:42:08,399 - INFO - Epoch [53/300] (114264) train_loss: 39.3961, val_loss: 39.7090, lr: 0.000930, 1151.94s
2024-04-03 18:59:46,543 - INFO - epoch complete!
2024-04-03 18:59:46,543 - INFO - evaluating now!
2024-04-03 19:01:16,892 - INFO - Epoch [54/300] (116380) train_loss: 39.2702, val_loss: 40.0758, lr: 0.000927, 1148.49s
2024-04-03 19:18:55,995 - INFO - epoch complete!
2024-04-03 19:18:55,995 - INFO - evaluating now!
2024-04-03 19:20:26,179 - INFO - Epoch [55/300] (118496) train_loss: 39.1821, val_loss: 38.8032, lr: 0.000925, 1149.29s
2024-04-03 19:20:26,234 - INFO - Saved model at 55
2024-04-03 19:20:26,234 - INFO - Val loss decrease from 39.1977 to 38.8032, saving to ./libcity/cache/41823/model_cache/PDFormer_PeMS07_epoch55.tar
2024-04-03 19:38:00,403 - INFO - epoch complete!
2024-04-03 19:38:00,404 - INFO - evaluating now!
2024-04-03 19:39:30,277 - INFO - Epoch [56/300] (120612) train_loss: 39.0467, val_loss: 38.5347, lr: 0.000922, 1144.04s
2024-04-03 19:39:30,333 - INFO - Saved model at 56
2024-04-03 19:39:30,333 - INFO - Val loss decrease from 38.8032 to 38.5347, saving to ./libcity/cache/41823/model_cache/PDFormer_PeMS07_epoch56.tar
2024-04-03 19:57:05,176 - INFO - epoch complete!
2024-04-03 19:57:05,177 - INFO - evaluating now!
2024-04-03 19:58:36,135 - INFO - Epoch [57/300] (122728) train_loss: 38.9882, val_loss: 39.5239, lr: 0.000920, 1145.80s
2024-04-03 20:16:13,675 - INFO - epoch complete!
2024-04-03 20:16:13,675 - INFO - evaluating now!
2024-04-03 20:17:44,681 - INFO - Epoch [58/300] (124844) train_loss: 38.8635, val_loss: 39.5697, lr: 0.000917, 1148.54s
2024-04-03 20:35:24,365 - INFO - epoch complete!
2024-04-03 20:35:24,366 - INFO - evaluating now!
2024-04-03 20:36:54,466 - INFO - Epoch [59/300] (126960) train_loss: 38.6918, val_loss: 39.3569, lr: 0.000914, 1149.78s
2024-04-03 20:54:33,734 - INFO - epoch complete!
2024-04-03 20:54:33,735 - INFO - evaluating now!
2024-04-03 20:56:04,639 - INFO - Epoch [60/300] (129076) train_loss: 38.6974, val_loss: 39.0805, lr: 0.000911, 1150.17s
2024-04-03 21:13:42,517 - INFO - epoch complete!
2024-04-03 21:13:42,518 - INFO - evaluating now!
2024-04-03 21:15:13,452 - INFO - Epoch [61/300] (131192) train_loss: 38.4785, val_loss: 38.6458, lr: 0.000908, 1148.81s
2024-04-03 21:32:51,550 - INFO - epoch complete!
2024-04-03 21:32:51,550 - INFO - evaluating now!
2024-04-03 21:34:21,597 - INFO - Epoch [62/300] (133308) train_loss: 38.2947, val_loss: 39.5069, lr: 0.000906, 1148.14s
2024-04-03 21:51:57,048 - INFO - epoch complete!
2024-04-03 21:51:57,049 - INFO - evaluating now!
2024-04-03 21:53:27,544 - INFO - Epoch [63/300] (135424) train_loss: 38.1186, val_loss: 38.1221, lr: 0.000903, 1145.95s
2024-04-03 21:53:27,600 - INFO - Saved model at 63
2024-04-03 21:53:27,601 - INFO - Val loss decrease from 38.5347 to 38.1221, saving to ./libcity/cache/41823/model_cache/PDFormer_PeMS07_epoch63.tar
2024-04-03 22:11:03,539 - INFO - epoch complete!
2024-04-03 22:11:03,540 - INFO - evaluating now!
2024-04-03 22:12:33,518 - INFO - Epoch [64/300] (137540) train_loss: 37.9419, val_loss: 38.7708, lr: 0.000900, 1145.92s
2024-04-03 22:30:11,034 - INFO - epoch complete!
2024-04-03 22:30:11,035 - INFO - evaluating now!
2024-04-03 22:31:41,890 - INFO - Epoch [65/300] (139656) train_loss: 37.9062, val_loss: 38.3566, lr: 0.000897, 1148.37s
2024-04-03 22:49:19,519 - INFO - epoch complete!
2024-04-03 22:49:19,520 - INFO - evaluating now!
2024-04-03 22:50:50,325 - INFO - Epoch [66/300] (141772) train_loss: 37.9118, val_loss: 38.7018, lr: 0.000894, 1148.43s
2024-04-03 23:08:26,124 - INFO - epoch complete!
2024-04-03 23:08:26,124 - INFO - evaluating now!
2024-04-03 23:09:56,159 - INFO - Epoch [67/300] (143888) train_loss: 37.6668, val_loss: 38.4987, lr: 0.000891, 1145.83s
2024-04-03 23:27:33,115 - INFO - epoch complete!
2024-04-03 23:27:33,116 - INFO - evaluating now!
2024-04-03 23:29:03,939 - INFO - Epoch [68/300] (146004) train_loss: 37.5076, val_loss: 38.3162, lr: 0.000888, 1147.78s
2024-04-03 23:46:37,952 - INFO - epoch complete!
2024-04-03 23:46:37,953 - INFO - evaluating now!
2024-04-03 23:48:07,687 - INFO - Epoch [69/300] (148120) train_loss: 37.3989, val_loss: 38.6352, lr: 0.000884, 1143.75s
2024-04-04 00:05:45,032 - INFO - epoch complete!
2024-04-04 00:05:45,032 - INFO - evaluating now!
2024-04-04 00:07:15,129 - INFO - Epoch [70/300] (150236) train_loss: 37.2866, val_loss: 37.9264, lr: 0.000881, 1147.44s
2024-04-04 00:07:15,184 - INFO - Saved model at 70
2024-04-04 00:07:15,184 - INFO - Val loss decrease from 38.1221 to 37.9264, saving to ./libcity/cache/41823/model_cache/PDFormer_PeMS07_epoch70.tar
2024-04-04 00:24:51,312 - INFO - epoch complete!
2024-04-04 00:24:51,313 - INFO - evaluating now!
2024-04-04 00:26:21,477 - INFO - Epoch [71/300] (152352) train_loss: 37.2916, val_loss: 38.3790, lr: 0.000878, 1146.29s
2024-04-04 00:43:57,960 - INFO - epoch complete!
2024-04-04 00:43:57,961 - INFO - evaluating now!
2024-04-04 00:45:28,194 - INFO - Epoch [72/300] (154468) train_loss: 37.1898, val_loss: 39.0577, lr: 0.000875, 1146.72s
2024-04-04 01:03:06,079 - INFO - epoch complete!
2024-04-04 01:03:06,080 - INFO - evaluating now!
2024-04-04 01:04:36,321 - INFO - Epoch [73/300] (156584) train_loss: 36.9442, val_loss: 38.4511, lr: 0.000872, 1148.13s
2024-04-04 01:22:13,811 - INFO - epoch complete!
2024-04-04 01:22:13,812 - INFO - evaluating now!
2024-04-04 01:23:43,926 - INFO - Epoch [74/300] (158700) train_loss: 36.7567, val_loss: 38.7370, lr: 0.000868, 1147.60s
2024-04-04 01:41:20,024 - INFO - epoch complete!
2024-04-04 01:41:20,024 - INFO - evaluating now!
2024-04-04 01:42:50,992 - INFO - Epoch [75/300] (160816) train_loss: 36.8388, val_loss: 38.3136, lr: 0.000865, 1147.06s
2024-04-04 02:00:28,565 - INFO - epoch complete!
2024-04-04 02:00:28,566 - INFO - evaluating now!
2024-04-04 02:01:59,470 - INFO - Epoch [76/300] (162932) train_loss: 36.6892, val_loss: 38.4219, lr: 0.000861, 1148.48s
2024-04-04 02:19:33,533 - INFO - epoch complete!
2024-04-04 02:19:33,534 - INFO - evaluating now!
2024-04-04 02:21:03,387 - INFO - Epoch [77/300] (165048) train_loss: 36.6259, val_loss: 38.6702, lr: 0.000858, 1143.92s
2024-04-04 02:38:37,851 - INFO - epoch complete!
2024-04-04 02:38:37,852 - INFO - evaluating now!
2024-04-04 02:40:07,761 - INFO - Epoch [78/300] (167164) train_loss: 36.5650, val_loss: 37.9277, lr: 0.000855, 1144.37s
2024-04-04 02:57:41,310 - INFO - epoch complete!
2024-04-04 02:57:41,310 - INFO - evaluating now!
2024-04-04 02:59:11,216 - INFO - Epoch [79/300] (169280) train_loss: 36.4257, val_loss: 38.4239, lr: 0.000851, 1143.45s
2024-04-04 03:16:45,023 - INFO - epoch complete!
2024-04-04 03:16:45,023 - INFO - evaluating now!
2024-04-04 03:18:14,961 - INFO - Epoch [80/300] (171396) train_loss: 36.2981, val_loss: 38.9990, lr: 0.000848, 1143.74s
2024-04-04 03:35:49,016 - INFO - epoch complete!
2024-04-04 03:35:49,016 - INFO - evaluating now!
2024-04-04 03:37:18,989 - INFO - Epoch [81/300] (173512) train_loss: 36.2687, val_loss: 38.1146, lr: 0.000844, 1144.03s
2024-04-04 03:54:53,237 - INFO - epoch complete!
2024-04-04 03:54:53,238 - INFO - evaluating now!
2024-04-04 03:56:23,129 - INFO - Epoch [82/300] (175628) train_loss: 36.1977, val_loss: 38.8529, lr: 0.000840, 1144.14s
2024-04-04 04:13:57,088 - INFO - epoch complete!
2024-04-04 04:13:57,088 - INFO - evaluating now!
2024-04-04 04:15:26,934 - INFO - Epoch [83/300] (177744) train_loss: 36.1171, val_loss: 38.0130, lr: 0.000837, 1143.80s
2024-04-04 04:33:02,259 - INFO - epoch complete!
2024-04-04 04:33:02,260 - INFO - evaluating now!
2024-04-04 04:34:32,150 - INFO - Epoch [84/300] (179860) train_loss: 35.9558, val_loss: 38.4019, lr: 0.000833, 1145.21s
2024-04-04 04:52:06,937 - INFO - epoch complete!
2024-04-04 04:52:06,938 - INFO - evaluating now!
2024-04-04 04:53:36,839 - INFO - Epoch [85/300] (181976) train_loss: 35.8688, val_loss: 38.1742, lr: 0.000830, 1144.69s
2024-04-04 05:11:12,849 - INFO - epoch complete!
2024-04-04 05:11:12,850 - INFO - evaluating now!
2024-04-04 05:12:42,747 - INFO - Epoch [86/300] (184092) train_loss: 35.9321, val_loss: 37.7398, lr: 0.000826, 1145.91s
2024-04-04 05:12:42,800 - INFO - Saved model at 86
2024-04-04 05:12:42,801 - INFO - Val loss decrease from 37.9264 to 37.7398, saving to ./libcity/cache/41823/model_cache/PDFormer_PeMS07_epoch86.tar
2024-04-04 05:30:19,128 - INFO - epoch complete!
2024-04-04 05:30:19,129 - INFO - evaluating now!
2024-04-04 05:31:49,059 - INFO - Epoch [87/300] (186208) train_loss: 35.7236, val_loss: 39.4619, lr: 0.000822, 1146.26s
2024-04-04 05:49:25,164 - INFO - epoch complete!
2024-04-04 05:49:25,165 - INFO - evaluating now!
2024-04-04 05:50:55,070 - INFO - Epoch [88/300] (188324) train_loss: 35.6072, val_loss: 37.9260, lr: 0.000818, 1146.01s
2024-04-04 06:08:31,093 - INFO - epoch complete!
2024-04-04 06:08:31,093 - INFO - evaluating now!
2024-04-04 06:10:00,968 - INFO - Epoch [89/300] (190440) train_loss: 35.6547, val_loss: 38.0690, lr: 0.000815, 1145.90s
2024-04-04 06:27:36,754 - INFO - epoch complete!
2024-04-04 06:27:36,755 - INFO - evaluating now!
2024-04-04 06:29:06,690 - INFO - Epoch [90/300] (192556) train_loss: 35.5225, val_loss: 38.3235, lr: 0.000811, 1145.72s
2024-04-04 06:46:44,603 - INFO - epoch complete!
2024-04-04 06:46:44,603 - INFO - evaluating now!
2024-04-04 06:48:14,607 - INFO - Epoch [91/300] (194672) train_loss: 35.6006, val_loss: 39.1727, lr: 0.000807, 1147.92s
2024-04-04 07:05:52,325 - INFO - epoch complete!
2024-04-04 07:05:52,326 - INFO - evaluating now!
2024-04-04 07:07:22,378 - INFO - Epoch [92/300] (196788) train_loss: 35.3319, val_loss: 38.8010, lr: 0.000803, 1147.77s
2024-04-04 07:24:59,794 - INFO - epoch complete!
2024-04-04 07:24:59,794 - INFO - evaluating now!
2024-04-04 07:26:29,787 - INFO - Epoch [93/300] (198904) train_loss: 35.3765, val_loss: 38.1891, lr: 0.000799, 1147.41s
2024-04-04 07:44:06,534 - INFO - epoch complete!
2024-04-04 07:44:06,535 - INFO - evaluating now!
2024-04-04 07:45:36,578 - INFO - Epoch [94/300] (201020) train_loss: 35.2533, val_loss: 39.5783, lr: 0.000795, 1146.79s
2024-04-04 08:03:14,050 - INFO - epoch complete!
2024-04-04 08:03:14,051 - INFO - evaluating now!
2024-04-04 08:04:44,062 - INFO - Epoch [95/300] (203136) train_loss: 35.2119, val_loss: 38.1261, lr: 0.000791, 1147.48s
2024-04-04 08:22:17,610 - INFO - epoch complete!
2024-04-04 08:22:17,611 - INFO - evaluating now!
2024-04-04 08:23:47,459 - INFO - Epoch [96/300] (205252) train_loss: 35.1597, val_loss: 38.5674, lr: 0.000787, 1143.40s
2024-04-04 08:41:21,390 - INFO - epoch complete!
2024-04-04 08:41:21,391 - INFO - evaluating now!
2024-04-04 08:42:51,340 - INFO - Epoch [97/300] (207368) train_loss: 35.0713, val_loss: 38.0561, lr: 0.000783, 1143.88s
2024-04-04 09:00:26,557 - INFO - epoch complete!
2024-04-04 09:00:26,558 - INFO - evaluating now!
2024-04-04 09:01:56,545 - INFO - Epoch [98/300] (209484) train_loss: 35.0907, val_loss: 38.2523, lr: 0.000779, 1145.20s
2024-04-04 09:19:34,697 - INFO - epoch complete!
2024-04-04 09:19:34,698 - INFO - evaluating now!
2024-04-04 09:21:04,830 - INFO - Epoch [99/300] (211600) train_loss: 34.9025, val_loss: 38.6342, lr: 0.000775, 1148.28s
2024-04-04 09:38:42,518 - INFO - epoch complete!
2024-04-04 09:38:42,518 - INFO - evaluating now!
2024-04-04 09:40:12,671 - INFO - Epoch [100/300] (213716) train_loss: 34.8154, val_loss: 38.4517, lr: 0.000771, 1147.84s
2024-04-04 09:57:50,934 - INFO - epoch complete!
2024-04-04 09:57:50,935 - INFO - evaluating now!
2024-04-04 09:59:21,181 - INFO - Epoch [101/300] (215832) train_loss: 34.6319, val_loss: 38.2638, lr: 0.000767, 1148.51s
2024-04-04 10:16:59,598 - INFO - epoch complete!
2024-04-04 10:16:59,599 - INFO - evaluating now!
2024-04-04 10:18:29,715 - INFO - Epoch [102/300] (217948) train_loss: 34.5966, val_loss: 38.4665, lr: 0.000763, 1148.53s
2024-04-04 10:36:08,246 - INFO - epoch complete!
2024-04-04 10:36:08,246 - INFO - evaluating now!
2024-04-04 10:37:38,373 - INFO - Epoch [103/300] (220064) train_loss: 34.5916, val_loss: 37.8444, lr: 0.000758, 1148.66s
2024-04-04 10:55:16,879 - INFO - epoch complete!
2024-04-04 10:55:16,879 - INFO - evaluating now!
2024-04-04 10:56:46,996 - INFO - Epoch [104/300] (222180) train_loss: 34.6234, val_loss: 37.8664, lr: 0.000754, 1148.62s
2024-04-04 11:14:24,492 - INFO - epoch complete!
2024-04-04 11:14:24,493 - INFO - evaluating now!
2024-04-04 11:15:54,659 - INFO - Epoch [105/300] (224296) train_loss: 34.5088, val_loss: 38.6316, lr: 0.000750, 1147.66s
2024-04-04 11:33:34,807 - INFO - epoch complete!
2024-04-04 11:33:34,807 - INFO - evaluating now!
2024-04-04 11:35:05,887 - INFO - Epoch [106/300] (226412) train_loss: 34.6155, val_loss: 37.5803, lr: 0.000746, 1151.23s
2024-04-04 11:35:05,943 - INFO - Saved model at 106
2024-04-04 11:35:05,943 - INFO - Val loss decrease from 37.7398 to 37.5803, saving to ./libcity/cache/41823/model_cache/PDFormer_PeMS07_epoch106.tar
2024-04-04 11:52:46,663 - INFO - epoch complete!
2024-04-04 11:52:46,664 - INFO - evaluating now!
2024-04-04 11:54:17,531 - INFO - Epoch [107/300] (228528) train_loss: 34.5295, val_loss: 38.6556, lr: 0.000742, 1151.59s
2024-04-04 12:11:58,800 - INFO - epoch complete!
2024-04-04 12:11:58,801 - INFO - evaluating now!
2024-04-04 12:13:29,588 - INFO - Epoch [108/300] (230644) train_loss: 34.3084, val_loss: 38.2385, lr: 0.000737, 1152.06s
2024-04-04 12:31:07,364 - INFO - epoch complete!
2024-04-04 12:31:07,364 - INFO - evaluating now!
2024-04-04 12:32:37,289 - INFO - Epoch [109/300] (232760) train_loss: 34.3955, val_loss: 38.3936, lr: 0.000733, 1147.70s
2024-04-04 12:50:11,391 - INFO - epoch complete!
2024-04-04 12:50:11,392 - INFO - evaluating now!
2024-04-04 12:51:42,080 - INFO - Epoch [110/300] (234876) train_loss: 34.2843, val_loss: 38.5641, lr: 0.000729, 1144.79s
2024-04-04 13:09:20,061 - INFO - epoch complete!
2024-04-04 13:09:20,062 - INFO - evaluating now!
2024-04-04 13:10:50,655 - INFO - Epoch [111/300] (236992) train_loss: 34.1521, val_loss: 38.8006, lr: 0.000724, 1148.57s
2024-04-04 13:28:28,217 - INFO - epoch complete!
2024-04-04 13:28:28,218 - INFO - evaluating now!
2024-04-04 13:29:59,081 - INFO - Epoch [112/300] (239108) train_loss: 34.2211, val_loss: 38.4990, lr: 0.000720, 1148.42s
2024-04-04 13:47:36,991 - INFO - epoch complete!
2024-04-04 13:47:36,992 - INFO - evaluating now!
2024-04-04 13:49:07,123 - INFO - Epoch [113/300] (241224) train_loss: 34.0382, val_loss: 38.1771, lr: 0.000716, 1148.04s
2024-04-04 14:06:44,725 - INFO - epoch complete!
2024-04-04 14:06:44,726 - INFO - evaluating now!
2024-04-04 14:08:14,943 - INFO - Epoch [114/300] (243340) train_loss: 34.1151, val_loss: 38.5334, lr: 0.000711, 1147.82s
2024-04-04 14:25:53,286 - INFO - epoch complete!
2024-04-04 14:25:53,286 - INFO - evaluating now!
2024-04-04 14:27:23,422 - INFO - Epoch [115/300] (245456) train_loss: 34.0704, val_loss: 38.3424, lr: 0.000707, 1148.48s
2024-04-04 14:45:01,144 - INFO - epoch complete!
2024-04-04 14:45:01,144 - INFO - evaluating now!
2024-04-04 14:46:31,371 - INFO - Epoch [116/300] (247572) train_loss: 33.9308, val_loss: 38.4729, lr: 0.000702, 1147.95s
2024-04-04 15:04:09,893 - INFO - epoch complete!
2024-04-04 15:04:09,893 - INFO - evaluating now!
2024-04-04 15:05:40,128 - INFO - Epoch [117/300] (249688) train_loss: 33.8834, val_loss: 38.3423, lr: 0.000698, 1148.76s
2024-04-04 15:23:19,270 - INFO - epoch complete!
2024-04-04 15:23:19,271 - INFO - evaluating now!
2024-04-04 15:24:49,858 - INFO - Epoch [118/300] (251804) train_loss: 33.7800, val_loss: 38.7807, lr: 0.000694, 1149.73s
2024-04-04 15:42:30,634 - INFO - epoch complete!
2024-04-04 15:42:30,635 - INFO - evaluating now!
2024-04-04 15:44:01,745 - INFO - Epoch [119/300] (253920) train_loss: 33.7952, val_loss: 37.8452, lr: 0.000689, 1151.89s
2024-04-04 16:01:43,411 - INFO - epoch complete!
2024-04-04 16:01:43,411 - INFO - evaluating now!
2024-04-04 16:03:14,395 - INFO - Epoch [120/300] (256036) train_loss: 33.7506, val_loss: 38.3633, lr: 0.000685, 1152.65s
2024-04-04 16:20:56,093 - INFO - epoch complete!
2024-04-04 16:20:56,094 - INFO - evaluating now!
2024-04-04 16:22:26,992 - INFO - Epoch [121/300] (258152) train_loss: 33.7305, val_loss: 38.0875, lr: 0.000680, 1152.60s
2024-04-04 16:40:09,529 - INFO - epoch complete!
2024-04-04 16:40:09,529 - INFO - evaluating now!
2024-04-04 16:41:40,144 - INFO - Epoch [122/300] (260268) train_loss: 33.6662, val_loss: 38.4518, lr: 0.000676, 1153.15s
2024-04-04 16:59:18,668 - INFO - epoch complete!
2024-04-04 16:59:18,669 - INFO - evaluating now!
2024-04-04 17:00:49,750 - INFO - Epoch [123/300] (262384) train_loss: 33.6239, val_loss: 37.9157, lr: 0.000671, 1149.61s
2024-04-04 17:18:31,052 - INFO - epoch complete!
2024-04-04 17:18:31,053 - INFO - evaluating now!
2024-04-04 17:20:01,859 - INFO - Epoch [124/300] (264500) train_loss: 33.6235, val_loss: 38.2560, lr: 0.000666, 1152.11s
2024-04-04 17:37:43,765 - INFO - epoch complete!
2024-04-04 17:37:43,766 - INFO - evaluating now!
2024-04-04 17:39:14,610 - INFO - Epoch [125/300] (266616) train_loss: 33.5085, val_loss: 38.7733, lr: 0.000662, 1152.75s
2024-04-04 17:56:58,453 - INFO - epoch complete!
2024-04-04 17:56:58,453 - INFO - evaluating now!
2024-04-04 17:58:29,386 - INFO - Epoch [126/300] (268732) train_loss: 33.3945, val_loss: 37.9930, lr: 0.000657, 1154.78s
2024-04-04 18:16:11,905 - INFO - epoch complete!
2024-04-04 18:16:11,905 - INFO - evaluating now!
2024-04-04 18:17:42,826 - INFO - Epoch [127/300] (270848) train_loss: 33.4347, val_loss: 38.5708, lr: 0.000653, 1153.44s
2024-04-04 18:35:23,970 - INFO - epoch complete!
2024-04-04 18:35:23,970 - INFO - evaluating now!
2024-04-04 18:36:54,759 - INFO - Epoch [128/300] (272964) train_loss: 33.3563, val_loss: 39.1185, lr: 0.000648, 1151.93s
2024-04-04 18:54:35,465 - INFO - epoch complete!
2024-04-04 18:54:35,465 - INFO - evaluating now!
2024-04-04 18:56:06,390 - INFO - Epoch [129/300] (275080) train_loss: 33.2731, val_loss: 38.4303, lr: 0.000644, 1151.63s
2024-04-04 19:13:47,446 - INFO - epoch complete!
2024-04-04 19:13:47,447 - INFO - evaluating now!
2024-04-04 19:15:18,262 - INFO - Epoch [130/300] (277196) train_loss: 33.3055, val_loss: 38.2176, lr: 0.000639, 1151.87s
2024-04-04 19:32:59,307 - INFO - epoch complete!
2024-04-04 19:32:59,307 - INFO - evaluating now!
2024-04-04 19:34:29,570 - INFO - Epoch [131/300] (279312) train_loss: 33.2679, val_loss: 39.3026, lr: 0.000634, 1151.31s
2024-04-04 19:52:10,324 - INFO - epoch complete!
2024-04-04 19:52:10,325 - INFO - evaluating now!
2024-04-04 19:53:41,026 - INFO - Epoch [132/300] (281428) train_loss: 33.1395, val_loss: 39.0487, lr: 0.000630, 1151.46s
2024-04-04 20:11:21,764 - INFO - epoch complete!
2024-04-04 20:11:21,764 - INFO - evaluating now!
2024-04-04 20:12:52,658 - INFO - Epoch [133/300] (283544) train_loss: 33.1226, val_loss: 38.0419, lr: 0.000625, 1151.63s
2024-04-04 20:30:33,261 - INFO - epoch complete!
2024-04-04 20:30:33,262 - INFO - evaluating now!
2024-04-04 20:32:04,247 - INFO - Epoch [134/300] (285660) train_loss: 33.1214, val_loss: 38.6972, lr: 0.000620, 1151.59s
2024-04-04 20:49:46,113 - INFO - epoch complete!
2024-04-04 20:49:46,114 - INFO - evaluating now!
2024-04-04 20:51:17,069 - INFO - Epoch [135/300] (287776) train_loss: 33.0711, val_loss: 38.0695, lr: 0.000616, 1152.82s
2024-04-04 21:08:55,596 - INFO - epoch complete!
2024-04-04 21:08:55,597 - INFO - evaluating now!
2024-04-04 21:10:26,290 - INFO - Epoch [136/300] (289892) train_loss: 33.0436, val_loss: 38.2741, lr: 0.000611, 1149.22s
2024-04-04 21:28:05,889 - INFO - epoch complete!
2024-04-04 21:28:05,889 - INFO - evaluating now!
2024-04-04 21:29:36,610 - INFO - Epoch [137/300] (292008) train_loss: 32.9694, val_loss: 38.6590, lr: 0.000606, 1150.32s
2024-04-04 21:47:15,862 - INFO - epoch complete!
2024-04-04 21:47:15,863 - INFO - evaluating now!
2024-04-04 21:48:46,713 - INFO - Epoch [138/300] (294124) train_loss: 32.9887, val_loss: 38.2099, lr: 0.000602, 1150.10s
2024-04-04 22:06:26,861 - INFO - epoch complete!
2024-04-04 22:06:26,861 - INFO - evaluating now!
2024-04-04 22:07:57,714 - INFO - Epoch [139/300] (296240) train_loss: 32.8876, val_loss: 38.6450, lr: 0.000597, 1151.00s
2024-04-04 22:25:37,060 - INFO - epoch complete!
2024-04-04 22:25:37,061 - INFO - evaluating now!
2024-04-04 22:27:07,839 - INFO - Epoch [140/300] (298356) train_loss: 32.8759, val_loss: 37.7266, lr: 0.000592, 1150.12s
2024-04-04 22:44:47,440 - INFO - epoch complete!
2024-04-04 22:44:47,441 - INFO - evaluating now!
2024-04-04 22:46:18,374 - INFO - Epoch [141/300] (300472) train_loss: 32.8034, val_loss: 38.2674, lr: 0.000588, 1150.53s
2024-04-04 23:03:59,664 - INFO - epoch complete!
2024-04-04 23:03:59,664 - INFO - evaluating now!
2024-04-04 23:05:30,622 - INFO - Epoch [142/300] (302588) train_loss: 32.8461, val_loss: 39.0145, lr: 0.000583, 1152.25s
2024-04-04 23:23:12,880 - INFO - epoch complete!
2024-04-04 23:23:12,881 - INFO - evaluating now!
2024-04-04 23:24:44,417 - INFO - Epoch [143/300] (304704) train_loss: 32.7730, val_loss: 37.5990, lr: 0.000578, 1153.79s
2024-04-04 23:42:29,367 - INFO - epoch complete!
2024-04-04 23:42:29,368 - INFO - evaluating now!
2024-04-04 23:44:00,321 - INFO - Epoch [144/300] (306820) train_loss: 32.7306, val_loss: 38.5723, lr: 0.000574, 1155.90s
2024-04-05 00:01:46,336 - INFO - epoch complete!
2024-04-05 00:01:46,337 - INFO - evaluating now!
2024-04-05 00:03:17,670 - INFO - Epoch [145/300] (308936) train_loss: 32.5740, val_loss: 38.4515, lr: 0.000569, 1157.35s
2024-04-05 00:21:02,730 - INFO - epoch complete!
2024-04-05 00:21:02,731 - INFO - evaluating now!
2024-04-05 00:22:34,099 - INFO - Epoch [146/300] (311052) train_loss: 32.5331, val_loss: 38.3085, lr: 0.000564, 1156.43s
2024-04-05 00:40:18,971 - INFO - epoch complete!
2024-04-05 00:40:18,971 - INFO - evaluating now!
2024-04-05 00:41:50,107 - INFO - Epoch [147/300] (313168) train_loss: 32.5233, val_loss: 38.6692, lr: 0.000559, 1156.01s
2024-04-05 00:59:31,868 - INFO - epoch complete!
2024-04-05 00:59:31,869 - INFO - evaluating now!
2024-04-05 01:01:02,786 - INFO - Epoch [148/300] (315284) train_loss: 32.5443, val_loss: 37.9391, lr: 0.000555, 1152.68s
2024-04-05 01:18:42,074 - INFO - epoch complete!
2024-04-05 01:18:42,075 - INFO - evaluating now!
2024-04-05 01:20:12,733 - INFO - Epoch [149/300] (317400) train_loss: 32.4335, val_loss: 38.4171, lr: 0.000550, 1149.95s
2024-04-05 01:37:50,655 - INFO - epoch complete!
2024-04-05 01:37:50,655 - INFO - evaluating now!
2024-04-05 01:39:21,380 - INFO - Epoch [150/300] (319516) train_loss: 32.5344, val_loss: 38.5102, lr: 0.000545, 1148.65s
2024-04-05 01:57:01,994 - INFO - epoch complete!
2024-04-05 01:57:01,994 - INFO - evaluating now!
2024-04-05 01:58:32,845 - INFO - Epoch [151/300] (321632) train_loss: 32.5047, val_loss: 38.5969, lr: 0.000541, 1151.46s
2024-04-05 02:16:16,108 - INFO - epoch complete!
2024-04-05 02:16:16,109 - INFO - evaluating now!
2024-04-05 02:17:46,977 - INFO - Epoch [152/300] (323748) train_loss: 32.4948, val_loss: 39.2674, lr: 0.000536, 1154.13s
2024-04-05 02:35:30,012 - INFO - epoch complete!
2024-04-05 02:35:30,013 - INFO - evaluating now!
2024-04-05 02:37:00,704 - INFO - Epoch [153/300] (325864) train_loss: 32.4687, val_loss: 38.5087, lr: 0.000531, 1153.73s
2024-04-05 02:54:40,474 - INFO - epoch complete!
2024-04-05 02:54:40,474 - INFO - evaluating now!
2024-04-05 02:56:11,359 - INFO - Epoch [154/300] (327980) train_loss: 32.3690, val_loss: 37.9659, lr: 0.000526, 1150.65s
2024-04-05 03:13:50,831 - INFO - epoch complete!
2024-04-05 03:13:50,831 - INFO - evaluating now!
2024-04-05 03:15:21,532 - INFO - Epoch [155/300] (330096) train_loss: 32.2121, val_loss: 38.1099, lr: 0.000522, 1150.17s
2024-04-05 03:33:00,341 - INFO - epoch complete!
2024-04-05 03:33:00,341 - INFO - evaluating now!
2024-04-05 03:34:31,212 - INFO - Epoch [156/300] (332212) train_loss: 32.2965, val_loss: 38.0187, lr: 0.000517, 1149.68s
2024-04-05 03:34:31,213 - WARNING - Early stopping at epoch: 156
2024-04-05 03:34:31,213 - INFO - Trained totally 157 epochs, average train time is 1058.165s, average eval time is 90.426s
2024-04-05 03:34:31,267 - INFO - Loaded model at 106
2024-04-05 03:34:31,268 - INFO - Saved model at ./libcity/cache/41823/model_cache/PDFormer_PeMS07.m
2024-04-05 03:34:31,321 - INFO - Start evaluating ...
2024-04-05 03:37:49,355 - INFO - Note that you select the average mode to evaluate!
2024-04-05 03:37:49,360 - INFO - Evaluate result is saved at ./libcity/cache/41823/evaluate_cache/2024_04_05_03_37_49_PDFormer_PeMS07_average.csv
2024-04-05 03:37:49,367 - INFO - 
          MAE  MAPE       RMSE  masked_MAE  masked_MAPE  masked_RMSE
1   16.920143   inf  27.119926   16.988882     0.075737    27.139214
2   17.439941   inf  28.268221   17.511789     0.076603    28.285456
3   17.884600   inf  29.245876   17.958935     0.077617    29.261114
4   18.252911   inf  30.011118   18.328598     0.078793    30.025835
5   18.605467   inf  30.673594   18.681831     0.080491    30.688526
6   18.886543   inf  31.233482   18.964342     0.081311    31.248734
7   19.138004   inf  31.726366   19.216854     0.082179    31.741976
8   19.367947   inf  32.167477   19.447779     0.082951    32.183514
9   19.584156   inf  32.562817   19.664665     0.083926    32.579418
10  19.779724   inf  32.917042   19.860973     0.084668    32.934227
11  19.974249   inf  33.251034   20.056101     0.085532    33.269024
12  20.169012   inf  33.572838   20.251530     0.086335    33.591618
