2024-03-02 22:46:05,784 - INFO - Log directory: ./libcity/log
2024-03-02 22:46:05,785 - INFO - Begin pipeline, task=traffic_state_pred, model_name=PDFormer, dataset_name=PeMS08, exp_id=45026
2024-03-02 22:46:05,785 - INFO - {'task': 'traffic_state_pred', 'model': 'PDFormer', 'dataset': 'PeMS08', 'saved_model': True, 'train': True, 'local_rank': 0, 'initial_ckpt': None, 'dataset_class': 'PDFormerDataset', 'input_window': 12, 'output_window': 12, 'train_rate': 0.6, 'eval_rate': 0.2, 'batch_size': 16, 'add_time_in_day': True, 'add_day_in_week': True, 'step_size': 2776, 'max_epoch': 300, 'bidir': True, 'far_mask_delta': 7, 'geo_num_heads': 4, 'sem_num_heads': 2, 't_num_heads': 2, 'cluster_method': 'kshape', 'cand_key_days': 21, 'seed': 1, 'type_ln': 'pre', 'set_loss': 'huber', 'huber_delta': 2, 'mode': 'average', 'executor': 'PDFormerExecutor', 'evaluator': 'TrafficStateEvaluator', 'embed_dim': 64, 'skip_dim': 256, 'mlp_ratio': 4, 'qkv_bias': True, 'drop': 0, 'attn_drop': 0, 'drop_path': 0.3, 's_attn_size': 3, 't_attn_size': 1, 'enc_depth': 6, 'type_short_path': 'hop', 'scaler': 'standard', 'load_external': True, 'normal_external': False, 'ext_scaler': 'none', 'learner': 'adamw', 'learning_rate': 0.001, 'weight_decay': 0.05, 'lr_decay': True, 'lr_scheduler': 'cosinelr', 'lr_eta_min': 0.0001, 'lr_decay_ratio': 0.1, 'lr_warmup_epoch': 5, 'lr_warmup_init': 1e-06, 'clip_grad_norm': True, 'max_grad_norm': 5, 'use_early_stop': True, 'patience': 50, 'task_level': 0, 'use_curriculum_learning': True, 'random_flip': True, 'quan_delta': 0.25, 'dtw_delta': 5, 'cache_dataset': True, 'num_workers': 0, 'pad_with_last_sample': True, 'lape_dim': 8, 'gpu': True, 'gpu_id': 3, 'train_loss': 'none', 'epoch': 0, 'lr_epsilon': 1e-08, 'lr_beta1': 0.9, 'lr_beta2': 0.999, 'lr_alpha': 0.99, 'lr_momentum': 0, 'steps': [5, 20, 40, 70], 'lr_T_max': 30, 'lr_patience': 10, 'lr_threshold': 0.0001, 'log_level': 'INFO', 'log_every': 1, 'load_best_epoch': True, 'hyper_tune': False, 'grad_accmu_steps': 1, 'metrics': ['MAE', 'MAPE', 'RMSE', 'masked_MAE', 'masked_MAPE', 'masked_RMSE'], 'save_modes': ['csv'], 'geo': {'including_types': ['Point'], 'Point': {}}, 'rel': {'including_types': ['geo'], 'geo': {'cost': 'num'}}, 'dyna': {'including_types': ['state'], 'state': {'entity_id': 'geo_id', 'traffic_flow': 'num', 'traffic_occupancy': 'num', 'traffic_speed': 'num'}}, 'data_col': ['traffic_flow'], 'weight_col': 'cost', 'data_files': ['PeMS08'], 'geo_file': 'PeMS08', 'rel_file': 'PeMS08', 'adp_file': 'PeMS08', 'output_dim': 1, 'time_intervals': 300, 'init_weight_inf_or_zero': 'zero', 'set_weight_link_or_dist': 'link', 'calculate_weight_adj': False, 'weight_adj_epsilon': 0.1, 'distributed': False, 'device': device(type='cuda', index=0), 'exp_id': 45026}
2024-03-02 22:46:06,431 - INFO - Loaded file PeMS08.geo, num_nodes=170
2024-03-02 22:46:06,434 - INFO - set_weight_link_or_dist: link
2024-03-02 22:46:06,435 - INFO - init_weight_inf_or_zero: zero
2024-03-02 22:46:06,439 - INFO - Loaded file PeMS08.rel, shape=(170, 170)
2024-03-02 22:46:06,440 - INFO - Max adj_mx value = 1.0
2024-03-02 22:46:33,099 - INFO - Loading file PeMS08.dyna
2024-03-02 22:46:37,666 - INFO - Loaded file PeMS08.dyna, shape=(17856, 170, 1)
2024-03-02 22:46:37,695 - INFO - Load DTW matrix from ./libcity/cache/dataset_cache/dtw_PeMS08.npy
2024-03-02 22:46:37,697 - INFO - Loading ./libcity/cache/dataset_cache/pdformer_point_based_PeMS08_12_12_0.6_1_0.2_standard_16_True_True_True_True_traffic_flow.npz
2024-03-02 22:46:53,139 - INFO - train	x: (10700, 12, 170, 9), y: (10700, 12, 170, 9), ind: (10700,)
2024-03-02 22:46:53,139 - INFO - eval	x: (3566, 12, 170, 9), y: (3566, 12, 170, 9), ind: (3566,)
2024-03-02 22:46:53,139 - INFO - test	x: (3567, 12, 170, 9), y: (3567, 12, 170, 9), ind: (3567,)
2024-03-02 22:46:53,813 - INFO - StandardScaler mean: 229.8431355598314, std: 145.62553066568907
2024-03-02 22:46:53,814 - INFO - NoneScaler
2024-03-02 22:46:55,416 - INFO - Loaded file ./libcity/cache/dataset_cache/pattern_keys_kshape_PeMS08_21_3_16_5.npy
2024-03-02 22:46:55,434 - INFO - Use use_curriculum_learning!
2024-03-02 22:47:02,297 - INFO - Number of isolated points: 0
2024-03-02 22:47:02,324 - INFO - Number of isolated points: 0
2024-03-02 22:47:02,428 - INFO - PDFormer(
  (pattern_embeddings): ModuleList(
    (0): TokenEmbedding(
      (token_embed): Linear(in_features=3, out_features=64, bias=True)
      (norm): Identity()
    )
  )
  (enc_embed_layer): DataEmbedding(
    (value_embedding): TokenEmbedding(
      (token_embed): Linear(in_features=1, out_features=64, bias=True)
      (norm): Identity()
    )
    (position_encoding): PositionalEncoding()
    (daytime_embedding): Embedding(1440, 64)
    (weekday_embedding): Embedding(7, 64)
    (spatial_embedding): LaplacianPE(
      (embedding_lap_pos_enc): Linear(in_features=8, out_features=64, bias=True)
    )
    (tempp_embedding): Linear(in_features=8, out_features=64, bias=True)
    (dropout): Dropout(p=0, inplace=False)
  )
  (encoder_blocks): ModuleList(
    (0): STEncoderBlock(
      (norm1): LayerNorm((64,), eps=1e-06, elementwise_affine=True)
      (st_attn): STSelfAttention(
        (pattern_q_linears): ModuleList(
          (0): Linear(in_features=64, out_features=32, bias=True)
        )
        (pattern_k_linears): ModuleList(
          (0): Linear(in_features=64, out_features=32, bias=True)
        )
        (pattern_v_linears): ModuleList(
          (0): Linear(in_features=64, out_features=32, bias=True)
        )
        (geo_q_conv): Conv2d(64, 32, kernel_size=(1, 1), stride=(1, 1))
        (geo_k_conv): Conv2d(64, 32, kernel_size=(1, 1), stride=(1, 1))
        (geo_v_conv): Conv2d(64, 32, kernel_size=(1, 1), stride=(1, 1))
        (geo_attn_drop): Dropout(p=0, inplace=False)
        (t_q_conv): Conv2d(64, 32, kernel_size=(1, 1), stride=(1, 1))
        (t_k_conv): Conv2d(64, 32, kernel_size=(1, 1), stride=(1, 1))
        (t_v_conv): Conv2d(64, 32, kernel_size=(1, 1), stride=(1, 1))
        (t_attn_drop): Dropout(p=0, inplace=False)
        (proj): Linear(in_features=64, out_features=64, bias=True)
        (proj_drop): Dropout(p=0, inplace=False)
        (gconv): gcn(
          (nconv): nconv()
          (mlp): linear(
            (mlp): Conv2d(96, 32, kernel_size=(1, 1), stride=(1, 1))
          )
        )
        (reshape1): Linear(in_features=64, out_features=32, bias=True)
        (reshape2): Linear(in_features=32, out_features=64, bias=True)
      )
      (drop_path): Identity()
      (norm2): LayerNorm((64,), eps=1e-06, elementwise_affine=True)
      (mlp): Mlp(
        (fc1): Linear(in_features=64, out_features=256, bias=True)
        (act): GELU()
        (fc2): Linear(in_features=256, out_features=64, bias=True)
        (drop): Dropout(p=0, inplace=False)
      )
    )
    (1): STEncoderBlock(
      (norm1): LayerNorm((64,), eps=1e-06, elementwise_affine=True)
      (st_attn): STSelfAttention(
        (pattern_q_linears): ModuleList(
          (0): Linear(in_features=64, out_features=32, bias=True)
        )
        (pattern_k_linears): ModuleList(
          (0): Linear(in_features=64, out_features=32, bias=True)
        )
        (pattern_v_linears): ModuleList(
          (0): Linear(in_features=64, out_features=32, bias=True)
        )
        (geo_q_conv): Conv2d(64, 32, kernel_size=(1, 1), stride=(1, 1))
        (geo_k_conv): Conv2d(64, 32, kernel_size=(1, 1), stride=(1, 1))
        (geo_v_conv): Conv2d(64, 32, kernel_size=(1, 1), stride=(1, 1))
        (geo_attn_drop): Dropout(p=0, inplace=False)
        (t_q_conv): Conv2d(64, 32, kernel_size=(1, 1), stride=(1, 1))
        (t_k_conv): Conv2d(64, 32, kernel_size=(1, 1), stride=(1, 1))
        (t_v_conv): Conv2d(64, 32, kernel_size=(1, 1), stride=(1, 1))
        (t_attn_drop): Dropout(p=0, inplace=False)
        (proj): Linear(in_features=64, out_features=64, bias=True)
        (proj_drop): Dropout(p=0, inplace=False)
        (gconv): gcn(
          (nconv): nconv()
          (mlp): linear(
            (mlp): Conv2d(96, 32, kernel_size=(1, 1), stride=(1, 1))
          )
        )
        (reshape1): Linear(in_features=64, out_features=32, bias=True)
        (reshape2): Linear(in_features=32, out_features=64, bias=True)
      )
      (drop_path): DropPath()
      (norm2): LayerNorm((64,), eps=1e-06, elementwise_affine=True)
      (mlp): Mlp(
        (fc1): Linear(in_features=64, out_features=256, bias=True)
        (act): GELU()
        (fc2): Linear(in_features=256, out_features=64, bias=True)
        (drop): Dropout(p=0, inplace=False)
      )
    )
    (2): STEncoderBlock(
      (norm1): LayerNorm((64,), eps=1e-06, elementwise_affine=True)
      (st_attn): STSelfAttention(
        (pattern_q_linears): ModuleList(
          (0): Linear(in_features=64, out_features=32, bias=True)
        )
        (pattern_k_linears): ModuleList(
          (0): Linear(in_features=64, out_features=32, bias=True)
        )
        (pattern_v_linears): ModuleList(
          (0): Linear(in_features=64, out_features=32, bias=True)
        )
        (geo_q_conv): Conv2d(64, 32, kernel_size=(1, 1), stride=(1, 1))
        (geo_k_conv): Conv2d(64, 32, kernel_size=(1, 1), stride=(1, 1))
        (geo_v_conv): Conv2d(64, 32, kernel_size=(1, 1), stride=(1, 1))
        (geo_attn_drop): Dropout(p=0, inplace=False)
        (t_q_conv): Conv2d(64, 32, kernel_size=(1, 1), stride=(1, 1))
        (t_k_conv): Conv2d(64, 32, kernel_size=(1, 1), stride=(1, 1))
        (t_v_conv): Conv2d(64, 32, kernel_size=(1, 1), stride=(1, 1))
        (t_attn_drop): Dropout(p=0, inplace=False)
        (proj): Linear(in_features=64, out_features=64, bias=True)
        (proj_drop): Dropout(p=0, inplace=False)
        (gconv): gcn(
          (nconv): nconv()
          (mlp): linear(
            (mlp): Conv2d(96, 32, kernel_size=(1, 1), stride=(1, 1))
          )
        )
        (reshape1): Linear(in_features=64, out_features=32, bias=True)
        (reshape2): Linear(in_features=32, out_features=64, bias=True)
      )
      (drop_path): DropPath()
      (norm2): LayerNorm((64,), eps=1e-06, elementwise_affine=True)
      (mlp): Mlp(
        (fc1): Linear(in_features=64, out_features=256, bias=True)
        (act): GELU()
        (fc2): Linear(in_features=256, out_features=64, bias=True)
        (drop): Dropout(p=0, inplace=False)
      )
    )
    (3): STEncoderBlock(
      (norm1): LayerNorm((64,), eps=1e-06, elementwise_affine=True)
      (st_attn): STSelfAttention(
        (pattern_q_linears): ModuleList(
          (0): Linear(in_features=64, out_features=32, bias=True)
        )
        (pattern_k_linears): ModuleList(
          (0): Linear(in_features=64, out_features=32, bias=True)
        )
        (pattern_v_linears): ModuleList(
          (0): Linear(in_features=64, out_features=32, bias=True)
        )
        (geo_q_conv): Conv2d(64, 32, kernel_size=(1, 1), stride=(1, 1))
        (geo_k_conv): Conv2d(64, 32, kernel_size=(1, 1), stride=(1, 1))
        (geo_v_conv): Conv2d(64, 32, kernel_size=(1, 1), stride=(1, 1))
        (geo_attn_drop): Dropout(p=0, inplace=False)
        (t_q_conv): Conv2d(64, 32, kernel_size=(1, 1), stride=(1, 1))
        (t_k_conv): Conv2d(64, 32, kernel_size=(1, 1), stride=(1, 1))
        (t_v_conv): Conv2d(64, 32, kernel_size=(1, 1), stride=(1, 1))
        (t_attn_drop): Dropout(p=0, inplace=False)
        (proj): Linear(in_features=64, out_features=64, bias=True)
        (proj_drop): Dropout(p=0, inplace=False)
        (gconv): gcn(
          (nconv): nconv()
          (mlp): linear(
            (mlp): Conv2d(96, 32, kernel_size=(1, 1), stride=(1, 1))
          )
        )
        (reshape1): Linear(in_features=64, out_features=32, bias=True)
        (reshape2): Linear(in_features=32, out_features=64, bias=True)
      )
      (drop_path): DropPath()
      (norm2): LayerNorm((64,), eps=1e-06, elementwise_affine=True)
      (mlp): Mlp(
        (fc1): Linear(in_features=64, out_features=256, bias=True)
        (act): GELU()
        (fc2): Linear(in_features=256, out_features=64, bias=True)
        (drop): Dropout(p=0, inplace=False)
      )
    )
    (4): STEncoderBlock(
      (norm1): LayerNorm((64,), eps=1e-06, elementwise_affine=True)
      (st_attn): STSelfAttention(
        (pattern_q_linears): ModuleList(
          (0): Linear(in_features=64, out_features=32, bias=True)
        )
        (pattern_k_linears): ModuleList(
          (0): Linear(in_features=64, out_features=32, bias=True)
        )
        (pattern_v_linears): ModuleList(
          (0): Linear(in_features=64, out_features=32, bias=True)
        )
        (geo_q_conv): Conv2d(64, 32, kernel_size=(1, 1), stride=(1, 1))
        (geo_k_conv): Conv2d(64, 32, kernel_size=(1, 1), stride=(1, 1))
        (geo_v_conv): Conv2d(64, 32, kernel_size=(1, 1), stride=(1, 1))
        (geo_attn_drop): Dropout(p=0, inplace=False)
        (t_q_conv): Conv2d(64, 32, kernel_size=(1, 1), stride=(1, 1))
        (t_k_conv): Conv2d(64, 32, kernel_size=(1, 1), stride=(1, 1))
        (t_v_conv): Conv2d(64, 32, kernel_size=(1, 1), stride=(1, 1))
        (t_attn_drop): Dropout(p=0, inplace=False)
        (proj): Linear(in_features=64, out_features=64, bias=True)
        (proj_drop): Dropout(p=0, inplace=False)
        (gconv): gcn(
          (nconv): nconv()
          (mlp): linear(
            (mlp): Conv2d(96, 32, kernel_size=(1, 1), stride=(1, 1))
          )
        )
        (reshape1): Linear(in_features=64, out_features=32, bias=True)
        (reshape2): Linear(in_features=32, out_features=64, bias=True)
      )
      (drop_path): DropPath()
      (norm2): LayerNorm((64,), eps=1e-06, elementwise_affine=True)
      (mlp): Mlp(
        (fc1): Linear(in_features=64, out_features=256, bias=True)
        (act): GELU()
        (fc2): Linear(in_features=256, out_features=64, bias=True)
        (drop): Dropout(p=0, inplace=False)
      )
    )
    (5): STEncoderBlock(
      (norm1): LayerNorm((64,), eps=1e-06, elementwise_affine=True)
      (st_attn): STSelfAttention(
        (pattern_q_linears): ModuleList(
          (0): Linear(in_features=64, out_features=32, bias=True)
        )
        (pattern_k_linears): ModuleList(
          (0): Linear(in_features=64, out_features=32, bias=True)
        )
        (pattern_v_linears): ModuleList(
          (0): Linear(in_features=64, out_features=32, bias=True)
        )
        (geo_q_conv): Conv2d(64, 32, kernel_size=(1, 1), stride=(1, 1))
        (geo_k_conv): Conv2d(64, 32, kernel_size=(1, 1), stride=(1, 1))
        (geo_v_conv): Conv2d(64, 32, kernel_size=(1, 1), stride=(1, 1))
        (geo_attn_drop): Dropout(p=0, inplace=False)
        (t_q_conv): Conv2d(64, 32, kernel_size=(1, 1), stride=(1, 1))
        (t_k_conv): Conv2d(64, 32, kernel_size=(1, 1), stride=(1, 1))
        (t_v_conv): Conv2d(64, 32, kernel_size=(1, 1), stride=(1, 1))
        (t_attn_drop): Dropout(p=0, inplace=False)
        (proj): Linear(in_features=64, out_features=64, bias=True)
        (proj_drop): Dropout(p=0, inplace=False)
        (gconv): gcn(
          (nconv): nconv()
          (mlp): linear(
            (mlp): Conv2d(96, 32, kernel_size=(1, 1), stride=(1, 1))
          )
        )
        (reshape1): Linear(in_features=64, out_features=32, bias=True)
        (reshape2): Linear(in_features=32, out_features=64, bias=True)
      )
      (drop_path): DropPath()
      (norm2): LayerNorm((64,), eps=1e-06, elementwise_affine=True)
      (mlp): Mlp(
        (fc1): Linear(in_features=64, out_features=256, bias=True)
        (act): GELU()
        (fc2): Linear(in_features=256, out_features=64, bias=True)
        (drop): Dropout(p=0, inplace=False)
      )
    )
  )
  (skip_convs): ModuleList(
    (0): Conv2d(64, 256, kernel_size=(1, 1), stride=(1, 1))
    (1): Conv2d(64, 256, kernel_size=(1, 1), stride=(1, 1))
    (2): Conv2d(64, 256, kernel_size=(1, 1), stride=(1, 1))
    (3): Conv2d(64, 256, kernel_size=(1, 1), stride=(1, 1))
    (4): Conv2d(64, 256, kernel_size=(1, 1), stride=(1, 1))
    (5): Conv2d(64, 256, kernel_size=(1, 1), stride=(1, 1))
  )
  (end_conv1): Conv2d(12, 12, kernel_size=(1, 1), stride=(1, 1))
  (end_conv2): Conv2d(256, 1, kernel_size=(1, 1), stride=(1, 1))
)
2024-03-02 22:47:02,434 - INFO - pattern_embeddings.0.token_embed.weight	torch.Size([64, 3])	cuda:0	True
2024-03-02 22:47:02,434 - INFO - pattern_embeddings.0.token_embed.bias	torch.Size([64])	cuda:0	True
2024-03-02 22:47:02,434 - INFO - enc_embed_layer.value_embedding.token_embed.weight	torch.Size([64, 1])	cuda:0	True
2024-03-02 22:47:02,434 - INFO - enc_embed_layer.value_embedding.token_embed.bias	torch.Size([64])	cuda:0	True
2024-03-02 22:47:02,434 - INFO - enc_embed_layer.daytime_embedding.weight	torch.Size([1440, 64])	cuda:0	True
2024-03-02 22:47:02,434 - INFO - enc_embed_layer.weekday_embedding.weight	torch.Size([7, 64])	cuda:0	True
2024-03-02 22:47:02,434 - INFO - enc_embed_layer.spatial_embedding.embedding_lap_pos_enc.weight	torch.Size([64, 8])	cuda:0	True
2024-03-02 22:47:02,435 - INFO - enc_embed_layer.spatial_embedding.embedding_lap_pos_enc.bias	torch.Size([64])	cuda:0	True
2024-03-02 22:47:02,435 - INFO - enc_embed_layer.tempp_embedding.weight	torch.Size([64, 8])	cuda:0	True
2024-03-02 22:47:02,435 - INFO - enc_embed_layer.tempp_embedding.bias	torch.Size([64])	cuda:0	True
2024-03-02 22:47:02,435 - INFO - encoder_blocks.0.norm1.weight	torch.Size([64])	cuda:0	True
2024-03-02 22:47:02,435 - INFO - encoder_blocks.0.norm1.bias	torch.Size([64])	cuda:0	True
2024-03-02 22:47:02,435 - INFO - encoder_blocks.0.st_attn.nodevec_p1	torch.Size([288, 40])	cuda:0	True
2024-03-02 22:47:02,435 - INFO - encoder_blocks.0.st_attn.nodevec_p2	torch.Size([170, 40])	cuda:0	True
2024-03-02 22:47:02,435 - INFO - encoder_blocks.0.st_attn.nodevec_p3	torch.Size([170, 40])	cuda:0	True
2024-03-02 22:47:02,435 - INFO - encoder_blocks.0.st_attn.nodevec_pk	torch.Size([40, 40, 40])	cuda:0	True
2024-03-02 22:47:02,435 - INFO - encoder_blocks.0.st_attn.pattern_q_linears.0.weight	torch.Size([32, 64])	cuda:0	True
2024-03-02 22:47:02,435 - INFO - encoder_blocks.0.st_attn.pattern_q_linears.0.bias	torch.Size([32])	cuda:0	True
2024-03-02 22:47:02,435 - INFO - encoder_blocks.0.st_attn.pattern_k_linears.0.weight	torch.Size([32, 64])	cuda:0	True
2024-03-02 22:47:02,435 - INFO - encoder_blocks.0.st_attn.pattern_k_linears.0.bias	torch.Size([32])	cuda:0	True
2024-03-02 22:47:02,435 - INFO - encoder_blocks.0.st_attn.pattern_v_linears.0.weight	torch.Size([32, 64])	cuda:0	True
2024-03-02 22:47:02,435 - INFO - encoder_blocks.0.st_attn.pattern_v_linears.0.bias	torch.Size([32])	cuda:0	True
2024-03-02 22:47:02,435 - INFO - encoder_blocks.0.st_attn.geo_q_conv.weight	torch.Size([32, 64, 1, 1])	cuda:0	True
2024-03-02 22:47:02,435 - INFO - encoder_blocks.0.st_attn.geo_q_conv.bias	torch.Size([32])	cuda:0	True
2024-03-02 22:47:02,435 - INFO - encoder_blocks.0.st_attn.geo_k_conv.weight	torch.Size([32, 64, 1, 1])	cuda:0	True
2024-03-02 22:47:02,435 - INFO - encoder_blocks.0.st_attn.geo_k_conv.bias	torch.Size([32])	cuda:0	True
2024-03-02 22:47:02,435 - INFO - encoder_blocks.0.st_attn.geo_v_conv.weight	torch.Size([32, 64, 1, 1])	cuda:0	True
2024-03-02 22:47:02,436 - INFO - encoder_blocks.0.st_attn.geo_v_conv.bias	torch.Size([32])	cuda:0	True
2024-03-02 22:47:02,436 - INFO - encoder_blocks.0.st_attn.t_q_conv.weight	torch.Size([32, 64, 1, 1])	cuda:0	True
2024-03-02 22:47:02,436 - INFO - encoder_blocks.0.st_attn.t_q_conv.bias	torch.Size([32])	cuda:0	True
2024-03-02 22:47:02,436 - INFO - encoder_blocks.0.st_attn.t_k_conv.weight	torch.Size([32, 64, 1, 1])	cuda:0	True
2024-03-02 22:47:02,436 - INFO - encoder_blocks.0.st_attn.t_k_conv.bias	torch.Size([32])	cuda:0	True
2024-03-02 22:47:02,436 - INFO - encoder_blocks.0.st_attn.t_v_conv.weight	torch.Size([32, 64, 1, 1])	cuda:0	True
2024-03-02 22:47:02,436 - INFO - encoder_blocks.0.st_attn.t_v_conv.bias	torch.Size([32])	cuda:0	True
2024-03-02 22:47:02,436 - INFO - encoder_blocks.0.st_attn.proj.weight	torch.Size([64, 64])	cuda:0	True
2024-03-02 22:47:02,436 - INFO - encoder_blocks.0.st_attn.proj.bias	torch.Size([64])	cuda:0	True
2024-03-02 22:47:02,436 - INFO - encoder_blocks.0.st_attn.gconv.mlp.mlp.weight	torch.Size([32, 96, 1, 1])	cuda:0	True
2024-03-02 22:47:02,436 - INFO - encoder_blocks.0.st_attn.gconv.mlp.mlp.bias	torch.Size([32])	cuda:0	True
2024-03-02 22:47:02,436 - INFO - encoder_blocks.0.st_attn.reshape1.weight	torch.Size([32, 64])	cuda:0	True
2024-03-02 22:47:02,436 - INFO - encoder_blocks.0.st_attn.reshape1.bias	torch.Size([32])	cuda:0	True
2024-03-02 22:47:02,436 - INFO - encoder_blocks.0.st_attn.reshape2.weight	torch.Size([64, 32])	cuda:0	True
2024-03-02 22:47:02,436 - INFO - encoder_blocks.0.st_attn.reshape2.bias	torch.Size([64])	cuda:0	True
2024-03-02 22:47:02,436 - INFO - encoder_blocks.0.norm2.weight	torch.Size([64])	cuda:0	True
2024-03-02 22:47:02,436 - INFO - encoder_blocks.0.norm2.bias	torch.Size([64])	cuda:0	True
2024-03-02 22:47:02,436 - INFO - encoder_blocks.0.mlp.fc1.weight	torch.Size([256, 64])	cuda:0	True
2024-03-02 22:47:02,436 - INFO - encoder_blocks.0.mlp.fc1.bias	torch.Size([256])	cuda:0	True
2024-03-02 22:47:02,437 - INFO - encoder_blocks.0.mlp.fc2.weight	torch.Size([64, 256])	cuda:0	True
2024-03-02 22:47:02,437 - INFO - encoder_blocks.0.mlp.fc2.bias	torch.Size([64])	cuda:0	True
2024-03-02 22:47:02,437 - INFO - encoder_blocks.1.norm1.weight	torch.Size([64])	cuda:0	True
2024-03-02 22:47:02,437 - INFO - encoder_blocks.1.norm1.bias	torch.Size([64])	cuda:0	True
2024-03-02 22:47:02,437 - INFO - encoder_blocks.1.st_attn.nodevec_p1	torch.Size([288, 40])	cuda:0	True
2024-03-02 22:47:02,437 - INFO - encoder_blocks.1.st_attn.nodevec_p2	torch.Size([170, 40])	cuda:0	True
2024-03-02 22:47:02,437 - INFO - encoder_blocks.1.st_attn.nodevec_p3	torch.Size([170, 40])	cuda:0	True
2024-03-02 22:47:02,437 - INFO - encoder_blocks.1.st_attn.nodevec_pk	torch.Size([40, 40, 40])	cuda:0	True
2024-03-02 22:47:02,437 - INFO - encoder_blocks.1.st_attn.pattern_q_linears.0.weight	torch.Size([32, 64])	cuda:0	True
2024-03-02 22:47:02,437 - INFO - encoder_blocks.1.st_attn.pattern_q_linears.0.bias	torch.Size([32])	cuda:0	True
2024-03-02 22:47:02,437 - INFO - encoder_blocks.1.st_attn.pattern_k_linears.0.weight	torch.Size([32, 64])	cuda:0	True
2024-03-02 22:47:02,437 - INFO - encoder_blocks.1.st_attn.pattern_k_linears.0.bias	torch.Size([32])	cuda:0	True
2024-03-02 22:47:02,437 - INFO - encoder_blocks.1.st_attn.pattern_v_linears.0.weight	torch.Size([32, 64])	cuda:0	True
2024-03-02 22:47:02,437 - INFO - encoder_blocks.1.st_attn.pattern_v_linears.0.bias	torch.Size([32])	cuda:0	True
2024-03-02 22:47:02,437 - INFO - encoder_blocks.1.st_attn.geo_q_conv.weight	torch.Size([32, 64, 1, 1])	cuda:0	True
2024-03-02 22:47:02,437 - INFO - encoder_blocks.1.st_attn.geo_q_conv.bias	torch.Size([32])	cuda:0	True
2024-03-02 22:47:02,437 - INFO - encoder_blocks.1.st_attn.geo_k_conv.weight	torch.Size([32, 64, 1, 1])	cuda:0	True
2024-03-02 22:47:02,437 - INFO - encoder_blocks.1.st_attn.geo_k_conv.bias	torch.Size([32])	cuda:0	True
2024-03-02 22:47:02,437 - INFO - encoder_blocks.1.st_attn.geo_v_conv.weight	torch.Size([32, 64, 1, 1])	cuda:0	True
2024-03-02 22:47:02,437 - INFO - encoder_blocks.1.st_attn.geo_v_conv.bias	torch.Size([32])	cuda:0	True
2024-03-02 22:47:02,438 - INFO - encoder_blocks.1.st_attn.t_q_conv.weight	torch.Size([32, 64, 1, 1])	cuda:0	True
2024-03-02 22:47:02,438 - INFO - encoder_blocks.1.st_attn.t_q_conv.bias	torch.Size([32])	cuda:0	True
2024-03-02 22:47:02,438 - INFO - encoder_blocks.1.st_attn.t_k_conv.weight	torch.Size([32, 64, 1, 1])	cuda:0	True
2024-03-02 22:47:02,438 - INFO - encoder_blocks.1.st_attn.t_k_conv.bias	torch.Size([32])	cuda:0	True
2024-03-02 22:47:02,438 - INFO - encoder_blocks.1.st_attn.t_v_conv.weight	torch.Size([32, 64, 1, 1])	cuda:0	True
2024-03-02 22:47:02,438 - INFO - encoder_blocks.1.st_attn.t_v_conv.bias	torch.Size([32])	cuda:0	True
2024-03-02 22:47:02,438 - INFO - encoder_blocks.1.st_attn.proj.weight	torch.Size([64, 64])	cuda:0	True
2024-03-02 22:47:02,438 - INFO - encoder_blocks.1.st_attn.proj.bias	torch.Size([64])	cuda:0	True
2024-03-02 22:47:02,438 - INFO - encoder_blocks.1.st_attn.gconv.mlp.mlp.weight	torch.Size([32, 96, 1, 1])	cuda:0	True
2024-03-02 22:47:02,438 - INFO - encoder_blocks.1.st_attn.gconv.mlp.mlp.bias	torch.Size([32])	cuda:0	True
2024-03-02 22:47:02,438 - INFO - encoder_blocks.1.st_attn.reshape1.weight	torch.Size([32, 64])	cuda:0	True
2024-03-02 22:47:02,438 - INFO - encoder_blocks.1.st_attn.reshape1.bias	torch.Size([32])	cuda:0	True
2024-03-02 22:47:02,438 - INFO - encoder_blocks.1.st_attn.reshape2.weight	torch.Size([64, 32])	cuda:0	True
2024-03-02 22:47:02,438 - INFO - encoder_blocks.1.st_attn.reshape2.bias	torch.Size([64])	cuda:0	True
2024-03-02 22:47:02,438 - INFO - encoder_blocks.1.norm2.weight	torch.Size([64])	cuda:0	True
2024-03-02 22:47:02,438 - INFO - encoder_blocks.1.norm2.bias	torch.Size([64])	cuda:0	True
2024-03-02 22:47:02,438 - INFO - encoder_blocks.1.mlp.fc1.weight	torch.Size([256, 64])	cuda:0	True
2024-03-02 22:47:02,438 - INFO - encoder_blocks.1.mlp.fc1.bias	torch.Size([256])	cuda:0	True
2024-03-02 22:47:02,438 - INFO - encoder_blocks.1.mlp.fc2.weight	torch.Size([64, 256])	cuda:0	True
2024-03-02 22:47:02,439 - INFO - encoder_blocks.1.mlp.fc2.bias	torch.Size([64])	cuda:0	True
2024-03-02 22:47:02,439 - INFO - encoder_blocks.2.norm1.weight	torch.Size([64])	cuda:0	True
2024-03-02 22:47:02,439 - INFO - encoder_blocks.2.norm1.bias	torch.Size([64])	cuda:0	True
2024-03-02 22:47:02,439 - INFO - encoder_blocks.2.st_attn.nodevec_p1	torch.Size([288, 40])	cuda:0	True
2024-03-02 22:47:02,439 - INFO - encoder_blocks.2.st_attn.nodevec_p2	torch.Size([170, 40])	cuda:0	True
2024-03-02 22:47:02,439 - INFO - encoder_blocks.2.st_attn.nodevec_p3	torch.Size([170, 40])	cuda:0	True
2024-03-02 22:47:02,439 - INFO - encoder_blocks.2.st_attn.nodevec_pk	torch.Size([40, 40, 40])	cuda:0	True
2024-03-02 22:47:02,439 - INFO - encoder_blocks.2.st_attn.pattern_q_linears.0.weight	torch.Size([32, 64])	cuda:0	True
2024-03-02 22:47:02,439 - INFO - encoder_blocks.2.st_attn.pattern_q_linears.0.bias	torch.Size([32])	cuda:0	True
2024-03-02 22:47:02,439 - INFO - encoder_blocks.2.st_attn.pattern_k_linears.0.weight	torch.Size([32, 64])	cuda:0	True
2024-03-02 22:47:02,439 - INFO - encoder_blocks.2.st_attn.pattern_k_linears.0.bias	torch.Size([32])	cuda:0	True
2024-03-02 22:47:02,439 - INFO - encoder_blocks.2.st_attn.pattern_v_linears.0.weight	torch.Size([32, 64])	cuda:0	True
2024-03-02 22:47:02,439 - INFO - encoder_blocks.2.st_attn.pattern_v_linears.0.bias	torch.Size([32])	cuda:0	True
2024-03-02 22:47:02,439 - INFO - encoder_blocks.2.st_attn.geo_q_conv.weight	torch.Size([32, 64, 1, 1])	cuda:0	True
2024-03-02 22:47:02,439 - INFO - encoder_blocks.2.st_attn.geo_q_conv.bias	torch.Size([32])	cuda:0	True
2024-03-02 22:47:02,439 - INFO - encoder_blocks.2.st_attn.geo_k_conv.weight	torch.Size([32, 64, 1, 1])	cuda:0	True
2024-03-02 22:47:02,439 - INFO - encoder_blocks.2.st_attn.geo_k_conv.bias	torch.Size([32])	cuda:0	True
2024-03-02 22:47:02,439 - INFO - encoder_blocks.2.st_attn.geo_v_conv.weight	torch.Size([32, 64, 1, 1])	cuda:0	True
2024-03-02 22:47:02,439 - INFO - encoder_blocks.2.st_attn.geo_v_conv.bias	torch.Size([32])	cuda:0	True
2024-03-02 22:47:02,439 - INFO - encoder_blocks.2.st_attn.t_q_conv.weight	torch.Size([32, 64, 1, 1])	cuda:0	True
2024-03-02 22:47:02,440 - INFO - encoder_blocks.2.st_attn.t_q_conv.bias	torch.Size([32])	cuda:0	True
2024-03-02 22:47:02,440 - INFO - encoder_blocks.2.st_attn.t_k_conv.weight	torch.Size([32, 64, 1, 1])	cuda:0	True
2024-03-02 22:47:02,440 - INFO - encoder_blocks.2.st_attn.t_k_conv.bias	torch.Size([32])	cuda:0	True
2024-03-02 22:47:02,440 - INFO - encoder_blocks.2.st_attn.t_v_conv.weight	torch.Size([32, 64, 1, 1])	cuda:0	True
2024-03-02 22:47:02,440 - INFO - encoder_blocks.2.st_attn.t_v_conv.bias	torch.Size([32])	cuda:0	True
2024-03-02 22:47:02,440 - INFO - encoder_blocks.2.st_attn.proj.weight	torch.Size([64, 64])	cuda:0	True
2024-03-02 22:47:02,440 - INFO - encoder_blocks.2.st_attn.proj.bias	torch.Size([64])	cuda:0	True
2024-03-02 22:47:02,440 - INFO - encoder_blocks.2.st_attn.gconv.mlp.mlp.weight	torch.Size([32, 96, 1, 1])	cuda:0	True
2024-03-02 22:47:02,440 - INFO - encoder_blocks.2.st_attn.gconv.mlp.mlp.bias	torch.Size([32])	cuda:0	True
2024-03-02 22:47:02,440 - INFO - encoder_blocks.2.st_attn.reshape1.weight	torch.Size([32, 64])	cuda:0	True
2024-03-02 22:47:02,440 - INFO - encoder_blocks.2.st_attn.reshape1.bias	torch.Size([32])	cuda:0	True
2024-03-02 22:47:02,440 - INFO - encoder_blocks.2.st_attn.reshape2.weight	torch.Size([64, 32])	cuda:0	True
2024-03-02 22:47:02,440 - INFO - encoder_blocks.2.st_attn.reshape2.bias	torch.Size([64])	cuda:0	True
2024-03-02 22:47:02,440 - INFO - encoder_blocks.2.norm2.weight	torch.Size([64])	cuda:0	True
2024-03-02 22:47:02,440 - INFO - encoder_blocks.2.norm2.bias	torch.Size([64])	cuda:0	True
2024-03-02 22:47:02,440 - INFO - encoder_blocks.2.mlp.fc1.weight	torch.Size([256, 64])	cuda:0	True
2024-03-02 22:47:02,440 - INFO - encoder_blocks.2.mlp.fc1.bias	torch.Size([256])	cuda:0	True
2024-03-02 22:47:02,440 - INFO - encoder_blocks.2.mlp.fc2.weight	torch.Size([64, 256])	cuda:0	True
2024-03-02 22:47:02,440 - INFO - encoder_blocks.2.mlp.fc2.bias	torch.Size([64])	cuda:0	True
2024-03-02 22:47:02,440 - INFO - encoder_blocks.3.norm1.weight	torch.Size([64])	cuda:0	True
2024-03-02 22:47:02,441 - INFO - encoder_blocks.3.norm1.bias	torch.Size([64])	cuda:0	True
2024-03-02 22:47:02,441 - INFO - encoder_blocks.3.st_attn.nodevec_p1	torch.Size([288, 40])	cuda:0	True
2024-03-02 22:47:02,441 - INFO - encoder_blocks.3.st_attn.nodevec_p2	torch.Size([170, 40])	cuda:0	True
2024-03-02 22:47:02,441 - INFO - encoder_blocks.3.st_attn.nodevec_p3	torch.Size([170, 40])	cuda:0	True
2024-03-02 22:47:02,441 - INFO - encoder_blocks.3.st_attn.nodevec_pk	torch.Size([40, 40, 40])	cuda:0	True
2024-03-02 22:47:02,441 - INFO - encoder_blocks.3.st_attn.pattern_q_linears.0.weight	torch.Size([32, 64])	cuda:0	True
2024-03-02 22:47:02,441 - INFO - encoder_blocks.3.st_attn.pattern_q_linears.0.bias	torch.Size([32])	cuda:0	True
2024-03-02 22:47:02,441 - INFO - encoder_blocks.3.st_attn.pattern_k_linears.0.weight	torch.Size([32, 64])	cuda:0	True
2024-03-02 22:47:02,441 - INFO - encoder_blocks.3.st_attn.pattern_k_linears.0.bias	torch.Size([32])	cuda:0	True
2024-03-02 22:47:02,441 - INFO - encoder_blocks.3.st_attn.pattern_v_linears.0.weight	torch.Size([32, 64])	cuda:0	True
2024-03-02 22:47:02,441 - INFO - encoder_blocks.3.st_attn.pattern_v_linears.0.bias	torch.Size([32])	cuda:0	True
2024-03-02 22:47:02,441 - INFO - encoder_blocks.3.st_attn.geo_q_conv.weight	torch.Size([32, 64, 1, 1])	cuda:0	True
2024-03-02 22:47:02,441 - INFO - encoder_blocks.3.st_attn.geo_q_conv.bias	torch.Size([32])	cuda:0	True
2024-03-02 22:47:02,441 - INFO - encoder_blocks.3.st_attn.geo_k_conv.weight	torch.Size([32, 64, 1, 1])	cuda:0	True
2024-03-02 22:47:02,441 - INFO - encoder_blocks.3.st_attn.geo_k_conv.bias	torch.Size([32])	cuda:0	True
2024-03-02 22:47:02,441 - INFO - encoder_blocks.3.st_attn.geo_v_conv.weight	torch.Size([32, 64, 1, 1])	cuda:0	True
2024-03-02 22:47:02,441 - INFO - encoder_blocks.3.st_attn.geo_v_conv.bias	torch.Size([32])	cuda:0	True
2024-03-02 22:47:02,441 - INFO - encoder_blocks.3.st_attn.t_q_conv.weight	torch.Size([32, 64, 1, 1])	cuda:0	True
2024-03-02 22:47:02,441 - INFO - encoder_blocks.3.st_attn.t_q_conv.bias	torch.Size([32])	cuda:0	True
2024-03-02 22:47:02,441 - INFO - encoder_blocks.3.st_attn.t_k_conv.weight	torch.Size([32, 64, 1, 1])	cuda:0	True
2024-03-02 22:47:02,442 - INFO - encoder_blocks.3.st_attn.t_k_conv.bias	torch.Size([32])	cuda:0	True
2024-03-02 22:47:02,442 - INFO - encoder_blocks.3.st_attn.t_v_conv.weight	torch.Size([32, 64, 1, 1])	cuda:0	True
2024-03-02 22:47:02,442 - INFO - encoder_blocks.3.st_attn.t_v_conv.bias	torch.Size([32])	cuda:0	True
2024-03-02 22:47:02,442 - INFO - encoder_blocks.3.st_attn.proj.weight	torch.Size([64, 64])	cuda:0	True
2024-03-02 22:47:02,442 - INFO - encoder_blocks.3.st_attn.proj.bias	torch.Size([64])	cuda:0	True
2024-03-02 22:47:02,442 - INFO - encoder_blocks.3.st_attn.gconv.mlp.mlp.weight	torch.Size([32, 96, 1, 1])	cuda:0	True
2024-03-02 22:47:02,442 - INFO - encoder_blocks.3.st_attn.gconv.mlp.mlp.bias	torch.Size([32])	cuda:0	True
2024-03-02 22:47:02,442 - INFO - encoder_blocks.3.st_attn.reshape1.weight	torch.Size([32, 64])	cuda:0	True
2024-03-02 22:47:02,442 - INFO - encoder_blocks.3.st_attn.reshape1.bias	torch.Size([32])	cuda:0	True
2024-03-02 22:47:02,442 - INFO - encoder_blocks.3.st_attn.reshape2.weight	torch.Size([64, 32])	cuda:0	True
2024-03-02 22:47:02,442 - INFO - encoder_blocks.3.st_attn.reshape2.bias	torch.Size([64])	cuda:0	True
2024-03-02 22:47:02,442 - INFO - encoder_blocks.3.norm2.weight	torch.Size([64])	cuda:0	True
2024-03-02 22:47:02,442 - INFO - encoder_blocks.3.norm2.bias	torch.Size([64])	cuda:0	True
2024-03-02 22:47:02,442 - INFO - encoder_blocks.3.mlp.fc1.weight	torch.Size([256, 64])	cuda:0	True
2024-03-02 22:47:02,442 - INFO - encoder_blocks.3.mlp.fc1.bias	torch.Size([256])	cuda:0	True
2024-03-02 22:47:02,442 - INFO - encoder_blocks.3.mlp.fc2.weight	torch.Size([64, 256])	cuda:0	True
2024-03-02 22:47:02,442 - INFO - encoder_blocks.3.mlp.fc2.bias	torch.Size([64])	cuda:0	True
2024-03-02 22:47:02,442 - INFO - encoder_blocks.4.norm1.weight	torch.Size([64])	cuda:0	True
2024-03-02 22:47:02,442 - INFO - encoder_blocks.4.norm1.bias	torch.Size([64])	cuda:0	True
2024-03-02 22:47:02,442 - INFO - encoder_blocks.4.st_attn.nodevec_p1	torch.Size([288, 40])	cuda:0	True
2024-03-02 22:47:02,443 - INFO - encoder_blocks.4.st_attn.nodevec_p2	torch.Size([170, 40])	cuda:0	True
2024-03-02 22:47:02,443 - INFO - encoder_blocks.4.st_attn.nodevec_p3	torch.Size([170, 40])	cuda:0	True
2024-03-02 22:47:02,443 - INFO - encoder_blocks.4.st_attn.nodevec_pk	torch.Size([40, 40, 40])	cuda:0	True
2024-03-02 22:47:02,443 - INFO - encoder_blocks.4.st_attn.pattern_q_linears.0.weight	torch.Size([32, 64])	cuda:0	True
2024-03-02 22:47:02,443 - INFO - encoder_blocks.4.st_attn.pattern_q_linears.0.bias	torch.Size([32])	cuda:0	True
2024-03-02 22:47:02,443 - INFO - encoder_blocks.4.st_attn.pattern_k_linears.0.weight	torch.Size([32, 64])	cuda:0	True
2024-03-02 22:47:02,443 - INFO - encoder_blocks.4.st_attn.pattern_k_linears.0.bias	torch.Size([32])	cuda:0	True
2024-03-02 22:47:02,443 - INFO - encoder_blocks.4.st_attn.pattern_v_linears.0.weight	torch.Size([32, 64])	cuda:0	True
2024-03-02 22:47:02,443 - INFO - encoder_blocks.4.st_attn.pattern_v_linears.0.bias	torch.Size([32])	cuda:0	True
2024-03-02 22:47:02,443 - INFO - encoder_blocks.4.st_attn.geo_q_conv.weight	torch.Size([32, 64, 1, 1])	cuda:0	True
2024-03-02 22:47:02,443 - INFO - encoder_blocks.4.st_attn.geo_q_conv.bias	torch.Size([32])	cuda:0	True
2024-03-02 22:47:02,443 - INFO - encoder_blocks.4.st_attn.geo_k_conv.weight	torch.Size([32, 64, 1, 1])	cuda:0	True
2024-03-02 22:47:02,443 - INFO - encoder_blocks.4.st_attn.geo_k_conv.bias	torch.Size([32])	cuda:0	True
2024-03-02 22:47:02,459 - INFO - encoder_blocks.4.st_attn.geo_v_conv.weight	torch.Size([32, 64, 1, 1])	cuda:0	True
2024-03-02 22:47:02,459 - INFO - encoder_blocks.4.st_attn.geo_v_conv.bias	torch.Size([32])	cuda:0	True
2024-03-02 22:47:02,459 - INFO - encoder_blocks.4.st_attn.t_q_conv.weight	torch.Size([32, 64, 1, 1])	cuda:0	True
2024-03-02 22:47:02,459 - INFO - encoder_blocks.4.st_attn.t_q_conv.bias	torch.Size([32])	cuda:0	True
2024-03-02 22:47:02,459 - INFO - encoder_blocks.4.st_attn.t_k_conv.weight	torch.Size([32, 64, 1, 1])	cuda:0	True
2024-03-02 22:47:02,459 - INFO - encoder_blocks.4.st_attn.t_k_conv.bias	torch.Size([32])	cuda:0	True
2024-03-02 22:47:02,459 - INFO - encoder_blocks.4.st_attn.t_v_conv.weight	torch.Size([32, 64, 1, 1])	cuda:0	True
2024-03-02 22:47:02,459 - INFO - encoder_blocks.4.st_attn.t_v_conv.bias	torch.Size([32])	cuda:0	True
2024-03-02 22:47:02,459 - INFO - encoder_blocks.4.st_attn.proj.weight	torch.Size([64, 64])	cuda:0	True
2024-03-02 22:47:02,460 - INFO - encoder_blocks.4.st_attn.proj.bias	torch.Size([64])	cuda:0	True
2024-03-02 22:47:02,460 - INFO - encoder_blocks.4.st_attn.gconv.mlp.mlp.weight	torch.Size([32, 96, 1, 1])	cuda:0	True
2024-03-02 22:47:02,460 - INFO - encoder_blocks.4.st_attn.gconv.mlp.mlp.bias	torch.Size([32])	cuda:0	True
2024-03-02 22:47:02,460 - INFO - encoder_blocks.4.st_attn.reshape1.weight	torch.Size([32, 64])	cuda:0	True
2024-03-02 22:47:02,460 - INFO - encoder_blocks.4.st_attn.reshape1.bias	torch.Size([32])	cuda:0	True
2024-03-02 22:47:02,460 - INFO - encoder_blocks.4.st_attn.reshape2.weight	torch.Size([64, 32])	cuda:0	True
2024-03-02 22:47:02,460 - INFO - encoder_blocks.4.st_attn.reshape2.bias	torch.Size([64])	cuda:0	True
2024-03-02 22:47:02,460 - INFO - encoder_blocks.4.norm2.weight	torch.Size([64])	cuda:0	True
2024-03-02 22:47:02,460 - INFO - encoder_blocks.4.norm2.bias	torch.Size([64])	cuda:0	True
2024-03-02 22:47:02,460 - INFO - encoder_blocks.4.mlp.fc1.weight	torch.Size([256, 64])	cuda:0	True
2024-03-02 22:47:02,460 - INFO - encoder_blocks.4.mlp.fc1.bias	torch.Size([256])	cuda:0	True
2024-03-02 22:47:02,461 - INFO - encoder_blocks.4.mlp.fc2.weight	torch.Size([64, 256])	cuda:0	True
2024-03-02 22:47:02,461 - INFO - encoder_blocks.4.mlp.fc2.bias	torch.Size([64])	cuda:0	True
2024-03-02 22:47:02,461 - INFO - encoder_blocks.5.norm1.weight	torch.Size([64])	cuda:0	True
2024-03-02 22:47:02,461 - INFO - encoder_blocks.5.norm1.bias	torch.Size([64])	cuda:0	True
2024-03-02 22:47:02,461 - INFO - encoder_blocks.5.st_attn.nodevec_p1	torch.Size([288, 40])	cuda:0	True
2024-03-02 22:47:02,461 - INFO - encoder_blocks.5.st_attn.nodevec_p2	torch.Size([170, 40])	cuda:0	True
2024-03-02 22:47:02,461 - INFO - encoder_blocks.5.st_attn.nodevec_p3	torch.Size([170, 40])	cuda:0	True
2024-03-02 22:47:02,461 - INFO - encoder_blocks.5.st_attn.nodevec_pk	torch.Size([40, 40, 40])	cuda:0	True
2024-03-02 22:47:02,461 - INFO - encoder_blocks.5.st_attn.pattern_q_linears.0.weight	torch.Size([32, 64])	cuda:0	True
2024-03-02 22:47:02,461 - INFO - encoder_blocks.5.st_attn.pattern_q_linears.0.bias	torch.Size([32])	cuda:0	True
2024-03-02 22:47:02,461 - INFO - encoder_blocks.5.st_attn.pattern_k_linears.0.weight	torch.Size([32, 64])	cuda:0	True
2024-03-02 22:47:02,461 - INFO - encoder_blocks.5.st_attn.pattern_k_linears.0.bias	torch.Size([32])	cuda:0	True
2024-03-02 22:47:02,462 - INFO - encoder_blocks.5.st_attn.pattern_v_linears.0.weight	torch.Size([32, 64])	cuda:0	True
2024-03-02 22:47:02,462 - INFO - encoder_blocks.5.st_attn.pattern_v_linears.0.bias	torch.Size([32])	cuda:0	True
2024-03-02 22:47:02,462 - INFO - encoder_blocks.5.st_attn.geo_q_conv.weight	torch.Size([32, 64, 1, 1])	cuda:0	True
2024-03-02 22:47:02,462 - INFO - encoder_blocks.5.st_attn.geo_q_conv.bias	torch.Size([32])	cuda:0	True
2024-03-02 22:47:02,462 - INFO - encoder_blocks.5.st_attn.geo_k_conv.weight	torch.Size([32, 64, 1, 1])	cuda:0	True
2024-03-02 22:47:02,462 - INFO - encoder_blocks.5.st_attn.geo_k_conv.bias	torch.Size([32])	cuda:0	True
2024-03-02 22:47:02,462 - INFO - encoder_blocks.5.st_attn.geo_v_conv.weight	torch.Size([32, 64, 1, 1])	cuda:0	True
2024-03-02 22:47:02,462 - INFO - encoder_blocks.5.st_attn.geo_v_conv.bias	torch.Size([32])	cuda:0	True
2024-03-02 22:47:02,462 - INFO - encoder_blocks.5.st_attn.t_q_conv.weight	torch.Size([32, 64, 1, 1])	cuda:0	True
2024-03-02 22:47:02,462 - INFO - encoder_blocks.5.st_attn.t_q_conv.bias	torch.Size([32])	cuda:0	True
2024-03-02 22:47:02,462 - INFO - encoder_blocks.5.st_attn.t_k_conv.weight	torch.Size([32, 64, 1, 1])	cuda:0	True
2024-03-02 22:47:02,462 - INFO - encoder_blocks.5.st_attn.t_k_conv.bias	torch.Size([32])	cuda:0	True
2024-03-02 22:47:02,463 - INFO - encoder_blocks.5.st_attn.t_v_conv.weight	torch.Size([32, 64, 1, 1])	cuda:0	True
2024-03-02 22:47:02,463 - INFO - encoder_blocks.5.st_attn.t_v_conv.bias	torch.Size([32])	cuda:0	True
2024-03-02 22:47:02,463 - INFO - encoder_blocks.5.st_attn.proj.weight	torch.Size([64, 64])	cuda:0	True
2024-03-02 22:47:02,463 - INFO - encoder_blocks.5.st_attn.proj.bias	torch.Size([64])	cuda:0	True
2024-03-02 22:47:02,463 - INFO - encoder_blocks.5.st_attn.gconv.mlp.mlp.weight	torch.Size([32, 96, 1, 1])	cuda:0	True
2024-03-02 22:47:02,463 - INFO - encoder_blocks.5.st_attn.gconv.mlp.mlp.bias	torch.Size([32])	cuda:0	True
2024-03-02 22:47:02,463 - INFO - encoder_blocks.5.st_attn.reshape1.weight	torch.Size([32, 64])	cuda:0	True
2024-03-02 22:47:02,463 - INFO - encoder_blocks.5.st_attn.reshape1.bias	torch.Size([32])	cuda:0	True
2024-03-02 22:47:02,463 - INFO - encoder_blocks.5.st_attn.reshape2.weight	torch.Size([64, 32])	cuda:0	True
2024-03-02 22:47:02,463 - INFO - encoder_blocks.5.st_attn.reshape2.bias	torch.Size([64])	cuda:0	True
2024-03-02 22:47:02,463 - INFO - encoder_blocks.5.norm2.weight	torch.Size([64])	cuda:0	True
2024-03-02 22:47:02,463 - INFO - encoder_blocks.5.norm2.bias	torch.Size([64])	cuda:0	True
2024-03-02 22:47:02,464 - INFO - encoder_blocks.5.mlp.fc1.weight	torch.Size([256, 64])	cuda:0	True
2024-03-02 22:47:02,464 - INFO - encoder_blocks.5.mlp.fc1.bias	torch.Size([256])	cuda:0	True
2024-03-02 22:47:02,464 - INFO - encoder_blocks.5.mlp.fc2.weight	torch.Size([64, 256])	cuda:0	True
2024-03-02 22:47:02,464 - INFO - encoder_blocks.5.mlp.fc2.bias	torch.Size([64])	cuda:0	True
2024-03-02 22:47:02,464 - INFO - skip_convs.0.weight	torch.Size([256, 64, 1, 1])	cuda:0	True
2024-03-02 22:47:02,464 - INFO - skip_convs.0.bias	torch.Size([256])	cuda:0	True
2024-03-02 22:47:02,464 - INFO - skip_convs.1.weight	torch.Size([256, 64, 1, 1])	cuda:0	True
2024-03-02 22:47:02,464 - INFO - skip_convs.1.bias	torch.Size([256])	cuda:0	True
2024-03-02 22:47:02,464 - INFO - skip_convs.2.weight	torch.Size([256, 64, 1, 1])	cuda:0	True
2024-03-02 22:47:02,464 - INFO - skip_convs.2.bias	torch.Size([256])	cuda:0	True
2024-03-02 22:47:02,465 - INFO - skip_convs.3.weight	torch.Size([256, 64, 1, 1])	cuda:0	True
2024-03-02 22:47:02,465 - INFO - skip_convs.3.bias	torch.Size([256])	cuda:0	True
2024-03-02 22:47:02,465 - INFO - skip_convs.4.weight	torch.Size([256, 64, 1, 1])	cuda:0	True
2024-03-02 22:47:02,465 - INFO - skip_convs.4.bias	torch.Size([256])	cuda:0	True
2024-03-02 22:47:02,465 - INFO - skip_convs.5.weight	torch.Size([256, 64, 1, 1])	cuda:0	True
2024-03-02 22:47:02,465 - INFO - skip_convs.5.bias	torch.Size([256])	cuda:0	True
2024-03-02 22:47:02,465 - INFO - end_conv1.weight	torch.Size([12, 12, 1, 1])	cuda:0	True
2024-03-02 22:47:02,465 - INFO - end_conv1.bias	torch.Size([12])	cuda:0	True
2024-03-02 22:47:02,465 - INFO - end_conv2.weight	torch.Size([1, 256, 1, 1])	cuda:0	True
2024-03-02 22:47:02,465 - INFO - end_conv2.bias	torch.Size([1])	cuda:0	True
2024-03-02 22:47:02,467 - INFO - Total parameter numbers: 1110237
2024-03-02 22:47:02,471 - INFO - You select `adamw` optimizer.
2024-03-02 22:47:02,473 - INFO - You select `cosinelr` lr_scheduler.
2024-03-02 22:47:02,473 - WARNING - Received none train loss func and will use the loss func defined in the model.
2024-03-02 22:47:02,475 - INFO - Number of isolated points: 0
2024-03-02 22:47:02,510 - INFO - Start training ...
2024-03-02 22:47:02,510 - INFO - num_batches:669
2024-03-02 22:47:02,674 - INFO - Training: task_level increase from 0 to 1
2024-03-02 22:47:02,674 - INFO - Current batches_seen is 0
2024-03-02 22:49:20,197 - INFO - epoch complete!
2024-03-02 22:49:20,198 - INFO - evaluating now!
2024-03-02 22:49:31,704 - INFO - Epoch [0/300] (669) train_loss: 152.3707, val_loss: 196.7313, lr: 0.000201, 149.19s
2024-03-02 22:49:31,814 - INFO - Saved model at 0
2024-03-02 22:49:31,815 - INFO - Val loss decrease from inf to 196.7313, saving to ./libcity/cache/45026/model_cache/PDFormer_PeMS08_epoch0.tar
2024-03-02 22:51:49,588 - INFO - epoch complete!
2024-03-02 22:51:49,589 - INFO - evaluating now!
2024-03-02 22:52:01,201 - INFO - Epoch [1/300] (1338) train_loss: 45.5943, val_loss: 179.6616, lr: 0.000401, 149.39s
2024-03-02 22:52:01,307 - INFO - Saved model at 1
2024-03-02 22:52:01,308 - INFO - Val loss decrease from 196.7313 to 179.6616, saving to ./libcity/cache/45026/model_cache/PDFormer_PeMS08_epoch1.tar
2024-03-02 22:54:18,161 - INFO - epoch complete!
2024-03-02 22:54:18,161 - INFO - evaluating now!
2024-03-02 22:54:29,647 - INFO - Epoch [2/300] (2007) train_loss: 35.9096, val_loss: 181.6238, lr: 0.000600, 148.34s
2024-03-02 22:56:47,471 - INFO - epoch complete!
2024-03-02 22:56:47,472 - INFO - evaluating now!
2024-03-02 22:56:59,024 - INFO - Epoch [3/300] (2676) train_loss: 31.4923, val_loss: 179.9855, lr: 0.000800, 149.38s
2024-03-02 22:57:19,721 - INFO - Training: task_level increase from 1 to 2
2024-03-02 22:57:19,721 - INFO - Current batches_seen is 2776
2024-03-02 22:59:17,172 - INFO - epoch complete!
2024-03-02 22:59:17,173 - INFO - evaluating now!
2024-03-02 22:59:28,917 - INFO - Epoch [4/300] (3345) train_loss: 31.8281, val_loss: 171.4136, lr: 0.000999, 149.89s
2024-03-02 22:59:29,021 - INFO - Saved model at 4
2024-03-02 22:59:29,022 - INFO - Val loss decrease from 179.6616 to 171.4136, saving to ./libcity/cache/45026/model_cache/PDFormer_PeMS08_epoch4.tar
2024-03-02 23:01:47,725 - INFO - epoch complete!
2024-03-02 23:01:47,726 - INFO - evaluating now!
2024-03-02 23:01:59,433 - INFO - Epoch [5/300] (4014) train_loss: 30.3168, val_loss: 170.2815, lr: 0.000999, 150.41s
2024-03-02 23:01:59,542 - INFO - Saved model at 5
2024-03-02 23:01:59,542 - INFO - Val loss decrease from 171.4136 to 170.2815, saving to ./libcity/cache/45026/model_cache/PDFormer_PeMS08_epoch5.tar
2024-03-02 23:04:18,121 - INFO - epoch complete!
2024-03-02 23:04:18,122 - INFO - evaluating now!
2024-03-02 23:04:29,766 - INFO - Epoch [6/300] (4683) train_loss: 29.1026, val_loss: 171.0519, lr: 0.000999, 150.22s
2024-03-02 23:06:47,914 - INFO - epoch complete!
2024-03-02 23:06:47,915 - INFO - evaluating now!
2024-03-02 23:06:59,463 - INFO - Epoch [7/300] (5352) train_loss: 29.0275, val_loss: 170.9742, lr: 0.000998, 149.70s
2024-03-02 23:07:40,612 - INFO - Training: task_level increase from 2 to 3
2024-03-02 23:07:40,613 - INFO - Current batches_seen is 5552
2024-03-02 23:09:17,919 - INFO - epoch complete!
2024-03-02 23:09:17,920 - INFO - evaluating now!
2024-03-02 23:09:29,578 - INFO - Epoch [8/300] (6021) train_loss: 30.4474, val_loss: 153.7861, lr: 0.000998, 150.11s
2024-03-02 23:09:29,678 - INFO - Saved model at 8
2024-03-02 23:09:29,679 - INFO - Val loss decrease from 170.2815 to 153.7861, saving to ./libcity/cache/45026/model_cache/PDFormer_PeMS08_epoch8.tar
2024-03-02 23:11:47,831 - INFO - epoch complete!
2024-03-02 23:11:47,832 - INFO - evaluating now!
2024-03-02 23:11:59,446 - INFO - Epoch [9/300] (6690) train_loss: 29.5111, val_loss: 152.4550, lr: 0.000998, 149.77s
2024-03-02 23:11:59,554 - INFO - Saved model at 9
2024-03-02 23:11:59,554 - INFO - Val loss decrease from 153.7861 to 152.4550, saving to ./libcity/cache/45026/model_cache/PDFormer_PeMS08_epoch9.tar
2024-03-02 23:14:17,748 - INFO - epoch complete!
2024-03-02 23:14:17,749 - INFO - evaluating now!
2024-03-02 23:14:29,387 - INFO - Epoch [10/300] (7359) train_loss: 28.9140, val_loss: 153.4563, lr: 0.000997, 149.83s
2024-03-02 23:16:47,601 - INFO - epoch complete!
2024-03-02 23:16:47,602 - INFO - evaluating now!
2024-03-02 23:16:59,228 - INFO - Epoch [11/300] (8028) train_loss: 28.6501, val_loss: 153.2264, lr: 0.000996, 149.84s
2024-03-02 23:18:01,340 - INFO - Training: task_level increase from 3 to 4
2024-03-02 23:18:01,341 - INFO - Current batches_seen is 8328
2024-03-02 23:19:17,256 - INFO - epoch complete!
2024-03-02 23:19:17,257 - INFO - evaluating now!
2024-03-02 23:19:28,849 - INFO - Epoch [12/300] (8697) train_loss: 30.0776, val_loss: 134.7188, lr: 0.000996, 149.62s
2024-03-02 23:19:28,953 - INFO - Saved model at 12
2024-03-02 23:19:28,953 - INFO - Val loss decrease from 152.4550 to 134.7188, saving to ./libcity/cache/45026/model_cache/PDFormer_PeMS08_epoch12.tar
2024-03-02 23:21:47,134 - INFO - epoch complete!
2024-03-02 23:21:47,135 - INFO - evaluating now!
2024-03-02 23:21:58,793 - INFO - Epoch [13/300] (9366) train_loss: 29.1659, val_loss: 134.5791, lr: 0.000995, 149.84s
2024-03-02 23:21:58,900 - INFO - Saved model at 13
2024-03-02 23:21:58,901 - INFO - Val loss decrease from 134.7188 to 134.5791, saving to ./libcity/cache/45026/model_cache/PDFormer_PeMS08_epoch13.tar
2024-03-02 23:24:17,034 - INFO - epoch complete!
2024-03-02 23:24:17,035 - INFO - evaluating now!
2024-03-02 23:24:28,655 - INFO - Epoch [14/300] (10035) train_loss: 28.7380, val_loss: 134.4461, lr: 0.000994, 149.75s
2024-03-02 23:24:28,762 - INFO - Saved model at 14
2024-03-02 23:24:28,763 - INFO - Val loss decrease from 134.5791 to 134.4461, saving to ./libcity/cache/45026/model_cache/PDFormer_PeMS08_epoch14.tar
2024-03-02 23:26:47,178 - INFO - epoch complete!
2024-03-02 23:26:47,179 - INFO - evaluating now!
2024-03-02 23:26:58,801 - INFO - Epoch [15/300] (10704) train_loss: 28.3235, val_loss: 133.9097, lr: 0.000994, 150.04s
2024-03-02 23:26:58,908 - INFO - Saved model at 15
2024-03-02 23:26:58,909 - INFO - Val loss decrease from 134.4461 to 133.9097, saving to ./libcity/cache/45026/model_cache/PDFormer_PeMS08_epoch15.tar
2024-03-02 23:28:21,243 - INFO - Training: task_level increase from 4 to 5
2024-03-02 23:28:21,244 - INFO - Current batches_seen is 11104
2024-03-02 23:29:16,684 - INFO - epoch complete!
2024-03-02 23:29:16,684 - INFO - evaluating now!
2024-03-02 23:29:28,236 - INFO - Epoch [16/300] (11373) train_loss: 29.7167, val_loss: 117.1019, lr: 0.000993, 149.33s
2024-03-02 23:29:28,343 - INFO - Saved model at 16
2024-03-02 23:29:28,344 - INFO - Val loss decrease from 133.9097 to 117.1019, saving to ./libcity/cache/45026/model_cache/PDFormer_PeMS08_epoch16.tar
2024-03-02 23:31:45,854 - INFO - epoch complete!
2024-03-02 23:31:45,855 - INFO - evaluating now!
2024-03-02 23:31:57,431 - INFO - Epoch [17/300] (12042) train_loss: 29.0724, val_loss: 117.6570, lr: 0.000992, 149.09s
2024-03-02 23:34:15,488 - INFO - epoch complete!
2024-03-02 23:34:15,489 - INFO - evaluating now!
2024-03-02 23:34:27,035 - INFO - Epoch [18/300] (12711) train_loss: 28.5661, val_loss: 118.3625, lr: 0.000991, 149.60s
2024-03-02 23:36:44,231 - INFO - epoch complete!
2024-03-02 23:36:44,232 - INFO - evaluating now!
2024-03-02 23:36:55,793 - INFO - Epoch [19/300] (13380) train_loss: 28.1552, val_loss: 119.1655, lr: 0.000990, 148.76s
2024-03-02 23:38:38,701 - INFO - Training: task_level increase from 5 to 6
2024-03-02 23:38:38,701 - INFO - Current batches_seen is 13880
2024-03-02 23:39:13,163 - INFO - epoch complete!
2024-03-02 23:39:13,164 - INFO - evaluating now!
2024-03-02 23:39:24,691 - INFO - Epoch [20/300] (14049) train_loss: 28.3837, val_loss: 117.6907, lr: 0.000989, 148.90s
2024-03-02 23:41:42,168 - INFO - epoch complete!
2024-03-02 23:41:42,169 - INFO - evaluating now!
2024-03-02 23:41:53,775 - INFO - Epoch [21/300] (14718) train_loss: 28.6725, val_loss: 117.1332, lr: 0.000988, 149.08s
2024-03-02 23:44:10,980 - INFO - epoch complete!
2024-03-02 23:44:10,980 - INFO - evaluating now!
2024-03-02 23:44:22,548 - INFO - Epoch [22/300] (15387) train_loss: 28.2389, val_loss: 117.2459, lr: 0.000987, 148.77s
2024-03-02 23:46:41,652 - INFO - epoch complete!
2024-03-02 23:46:41,653 - INFO - evaluating now!
2024-03-02 23:46:53,321 - INFO - Epoch [23/300] (16056) train_loss: 28.0602, val_loss: 117.5674, lr: 0.000986, 150.77s
2024-03-02 23:48:58,357 - INFO - Training: task_level increase from 6 to 7
2024-03-02 23:48:58,357 - INFO - Current batches_seen is 16656
2024-03-02 23:49:12,673 - INFO - epoch complete!
2024-03-02 23:49:12,674 - INFO - evaluating now!
2024-03-02 23:49:24,389 - INFO - Epoch [24/300] (16725) train_loss: 27.9524, val_loss: 114.4452, lr: 0.000985, 151.07s
2024-03-02 23:49:24,498 - INFO - Saved model at 24
2024-03-02 23:49:24,499 - INFO - Val loss decrease from 117.1019 to 114.4452, saving to ./libcity/cache/45026/model_cache/PDFormer_PeMS08_epoch24.tar
2024-03-02 23:51:43,614 - INFO - epoch complete!
2024-03-02 23:51:43,615 - INFO - evaluating now!
2024-03-02 23:51:55,342 - INFO - Epoch [25/300] (17394) train_loss: 28.4221, val_loss: 114.0097, lr: 0.000983, 150.84s
2024-03-02 23:51:55,451 - INFO - Saved model at 25
2024-03-02 23:51:55,452 - INFO - Val loss decrease from 114.4452 to 114.0097, saving to ./libcity/cache/45026/model_cache/PDFormer_PeMS08_epoch25.tar
2024-03-02 23:54:14,579 - INFO - epoch complete!
2024-03-02 23:54:14,579 - INFO - evaluating now!
2024-03-02 23:54:26,205 - INFO - Epoch [26/300] (18063) train_loss: 28.0923, val_loss: 114.0140, lr: 0.000982, 150.75s
2024-03-02 23:56:45,100 - INFO - epoch complete!
2024-03-02 23:56:45,100 - INFO - evaluating now!
2024-03-02 23:56:56,800 - INFO - Epoch [27/300] (18732) train_loss: 27.8765, val_loss: 114.5118, lr: 0.000981, 150.60s
2024-03-02 23:59:15,989 - INFO - epoch complete!
2024-03-02 23:59:15,990 - INFO - evaluating now!
2024-03-02 23:59:27,910 - INFO - Epoch [28/300] (19401) train_loss: 27.7301, val_loss: 113.7449, lr: 0.000979, 151.11s
2024-03-02 23:59:28,018 - INFO - Saved model at 28
2024-03-02 23:59:28,019 - INFO - Val loss decrease from 114.0097 to 113.7449, saving to ./libcity/cache/45026/model_cache/PDFormer_PeMS08_epoch28.tar
2024-03-02 23:59:34,572 - INFO - Training: task_level increase from 7 to 8
2024-03-02 23:59:34,572 - INFO - Current batches_seen is 19432
2024-03-03 00:01:47,398 - INFO - epoch complete!
2024-03-03 00:01:47,399 - INFO - evaluating now!
2024-03-03 00:01:59,212 - INFO - Epoch [29/300] (20070) train_loss: 28.4183, val_loss: 100.1981, lr: 0.000978, 151.19s
2024-03-03 00:01:59,322 - INFO - Saved model at 29
2024-03-03 00:01:59,323 - INFO - Val loss decrease from 113.7449 to 100.1981, saving to ./libcity/cache/45026/model_cache/PDFormer_PeMS08_epoch29.tar
2024-03-03 00:04:18,804 - INFO - epoch complete!
2024-03-03 00:04:18,805 - INFO - evaluating now!
2024-03-03 00:04:30,390 - INFO - Epoch [30/300] (20739) train_loss: 28.0288, val_loss: 99.9825, lr: 0.000976, 151.07s
2024-03-03 00:04:30,503 - INFO - Saved model at 30
2024-03-03 00:04:30,503 - INFO - Val loss decrease from 100.1981 to 99.9825, saving to ./libcity/cache/45026/model_cache/PDFormer_PeMS08_epoch30.tar
2024-03-03 00:06:50,175 - INFO - epoch complete!
2024-03-03 00:06:50,175 - INFO - evaluating now!
2024-03-03 00:07:01,894 - INFO - Epoch [31/300] (21408) train_loss: 27.8657, val_loss: 100.2671, lr: 0.000975, 151.39s
2024-03-03 00:09:21,114 - INFO - epoch complete!
2024-03-03 00:09:21,115 - INFO - evaluating now!
2024-03-03 00:09:32,855 - INFO - Epoch [32/300] (22077) train_loss: 27.7357, val_loss: 100.5873, lr: 0.000973, 150.96s
2024-03-03 00:10:00,105 - INFO - Training: task_level increase from 8 to 9
2024-03-03 00:10:00,105 - INFO - Current batches_seen is 22208
2024-03-03 00:11:51,840 - INFO - epoch complete!
2024-03-03 00:11:51,841 - INFO - evaluating now!
2024-03-03 00:12:03,582 - INFO - Epoch [33/300] (22746) train_loss: 28.3057, val_loss: 81.5020, lr: 0.000972, 150.73s
2024-03-03 00:12:03,691 - INFO - Saved model at 33
2024-03-03 00:12:03,691 - INFO - Val loss decrease from 99.9825 to 81.5020, saving to ./libcity/cache/45026/model_cache/PDFormer_PeMS08_epoch33.tar
2024-03-03 00:14:21,918 - INFO - epoch complete!
2024-03-03 00:14:21,918 - INFO - evaluating now!
2024-03-03 00:14:33,438 - INFO - Epoch [34/300] (23415) train_loss: 27.9899, val_loss: 82.2021, lr: 0.000970, 149.75s
2024-03-03 00:16:50,888 - INFO - epoch complete!
2024-03-03 00:16:50,888 - INFO - evaluating now!
2024-03-03 00:17:02,372 - INFO - Epoch [35/300] (24084) train_loss: 27.7612, val_loss: 81.1797, lr: 0.000968, 148.93s
2024-03-03 00:17:02,479 - INFO - Saved model at 35
2024-03-03 00:17:02,480 - INFO - Val loss decrease from 81.5020 to 81.1797, saving to ./libcity/cache/45026/model_cache/PDFormer_PeMS08_epoch35.tar
2024-03-03 00:19:20,136 - INFO - epoch complete!
2024-03-03 00:19:20,136 - INFO - evaluating now!
2024-03-03 00:19:31,733 - INFO - Epoch [36/300] (24753) train_loss: 27.6970, val_loss: 81.3187, lr: 0.000967, 149.25s
2024-03-03 00:20:19,356 - INFO - Training: task_level increase from 9 to 10
2024-03-03 00:20:19,356 - INFO - Current batches_seen is 24984
2024-03-03 00:21:49,264 - INFO - epoch complete!
2024-03-03 00:21:49,265 - INFO - evaluating now!
2024-03-03 00:22:00,953 - INFO - Epoch [37/300] (25422) train_loss: 28.5221, val_loss: 63.2042, lr: 0.000965, 149.22s
2024-03-03 00:22:01,061 - INFO - Saved model at 37
2024-03-03 00:22:01,062 - INFO - Val loss decrease from 81.1797 to 63.2042, saving to ./libcity/cache/45026/model_cache/PDFormer_PeMS08_epoch37.tar
2024-03-03 00:24:18,712 - INFO - epoch complete!
2024-03-03 00:24:18,713 - INFO - evaluating now!
2024-03-03 00:24:30,259 - INFO - Epoch [38/300] (26091) train_loss: 27.9387, val_loss: 63.0563, lr: 0.000963, 149.20s
2024-03-03 00:24:30,366 - INFO - Saved model at 38
2024-03-03 00:24:30,366 - INFO - Val loss decrease from 63.2042 to 63.0563, saving to ./libcity/cache/45026/model_cache/PDFormer_PeMS08_epoch38.tar
2024-03-03 00:26:47,793 - INFO - epoch complete!
2024-03-03 00:26:47,793 - INFO - evaluating now!
2024-03-03 00:26:59,358 - INFO - Epoch [39/300] (26760) train_loss: 27.9128, val_loss: 63.4440, lr: 0.000961, 148.99s
2024-03-03 00:29:16,643 - INFO - epoch complete!
2024-03-03 00:29:16,644 - INFO - evaluating now!
2024-03-03 00:29:28,144 - INFO - Epoch [40/300] (27429) train_loss: 27.7847, val_loss: 63.6083, lr: 0.000959, 148.79s
2024-03-03 00:30:36,270 - INFO - Training: task_level increase from 10 to 11
2024-03-03 00:30:36,270 - INFO - Current batches_seen is 27760
2024-03-03 00:31:45,848 - INFO - epoch complete!
2024-03-03 00:31:45,848 - INFO - evaluating now!
2024-03-03 00:31:57,426 - INFO - Epoch [41/300] (28098) train_loss: 28.2868, val_loss: 45.6323, lr: 0.000957, 149.28s
2024-03-03 00:31:57,532 - INFO - Saved model at 41
2024-03-03 00:31:57,533 - INFO - Val loss decrease from 63.0563 to 45.6323, saving to ./libcity/cache/45026/model_cache/PDFormer_PeMS08_epoch41.tar
2024-03-03 00:34:15,634 - INFO - epoch complete!
2024-03-03 00:34:15,635 - INFO - evaluating now!
2024-03-03 00:34:27,201 - INFO - Epoch [42/300] (28767) train_loss: 28.0228, val_loss: 45.6763, lr: 0.000955, 149.67s
2024-03-03 00:36:44,549 - INFO - epoch complete!
2024-03-03 00:36:44,550 - INFO - evaluating now!
2024-03-03 00:36:56,118 - INFO - Epoch [43/300] (29436) train_loss: 28.0137, val_loss: 45.3544, lr: 0.000953, 148.92s
2024-03-03 00:36:56,227 - INFO - Saved model at 43
2024-03-03 00:36:56,228 - INFO - Val loss decrease from 45.6323 to 45.3544, saving to ./libcity/cache/45026/model_cache/PDFormer_PeMS08_epoch43.tar
2024-03-03 00:39:14,058 - INFO - epoch complete!
2024-03-03 00:39:14,059 - INFO - evaluating now!
2024-03-03 00:39:25,637 - INFO - Epoch [44/300] (30105) train_loss: 27.8246, val_loss: 46.2153, lr: 0.000951, 149.41s
2024-03-03 00:40:54,336 - INFO - Training: task_level increase from 11 to 12
2024-03-03 00:40:54,337 - INFO - Current batches_seen is 30536
2024-03-03 00:41:43,270 - INFO - epoch complete!
2024-03-03 00:41:43,271 - INFO - evaluating now!
2024-03-03 00:41:54,818 - INFO - Epoch [45/300] (30774) train_loss: 28.4564, val_loss: 27.8500, lr: 0.000949, 149.18s
2024-03-03 00:41:54,918 - INFO - Saved model at 45
2024-03-03 00:41:54,919 - INFO - Val loss decrease from 45.3544 to 27.8500, saving to ./libcity/cache/45026/model_cache/PDFormer_PeMS08_epoch45.tar
2024-03-03 00:44:12,074 - INFO - epoch complete!
2024-03-03 00:44:12,075 - INFO - evaluating now!
2024-03-03 00:44:23,585 - INFO - Epoch [46/300] (31443) train_loss: 28.2282, val_loss: 27.5963, lr: 0.000947, 148.67s
2024-03-03 00:44:23,692 - INFO - Saved model at 46
2024-03-03 00:44:23,693 - INFO - Val loss decrease from 27.8500 to 27.5963, saving to ./libcity/cache/45026/model_cache/PDFormer_PeMS08_epoch46.tar
2024-03-03 00:46:40,685 - INFO - epoch complete!
2024-03-03 00:46:40,686 - INFO - evaluating now!
2024-03-03 00:46:52,227 - INFO - Epoch [47/300] (32112) train_loss: 28.0701, val_loss: 27.9722, lr: 0.000944, 148.53s
2024-03-03 00:49:08,871 - INFO - epoch complete!
2024-03-03 00:49:08,872 - INFO - evaluating now!
2024-03-03 00:49:20,398 - INFO - Epoch [48/300] (32781) train_loss: 27.9151, val_loss: 27.2461, lr: 0.000942, 148.17s
2024-03-03 00:49:20,504 - INFO - Saved model at 48
2024-03-03 00:49:20,505 - INFO - Val loss decrease from 27.5963 to 27.2461, saving to ./libcity/cache/45026/model_cache/PDFormer_PeMS08_epoch48.tar
2024-03-03 00:51:37,311 - INFO - epoch complete!
2024-03-03 00:51:37,312 - INFO - evaluating now!
2024-03-03 00:51:48,970 - INFO - Epoch [49/300] (33450) train_loss: 27.8340, val_loss: 28.0435, lr: 0.000940, 148.46s
2024-03-03 00:54:06,420 - INFO - epoch complete!
2024-03-03 00:54:06,421 - INFO - evaluating now!
2024-03-03 00:54:17,998 - INFO - Epoch [50/300] (34119) train_loss: 27.8455, val_loss: 27.6440, lr: 0.000937, 149.03s
2024-03-03 00:56:35,109 - INFO - epoch complete!
2024-03-03 00:56:35,110 - INFO - evaluating now!
2024-03-03 00:56:46,620 - INFO - Epoch [51/300] (34788) train_loss: 27.7525, val_loss: 27.1136, lr: 0.000935, 148.62s
2024-03-03 00:56:46,728 - INFO - Saved model at 51
2024-03-03 00:56:46,729 - INFO - Val loss decrease from 27.2461 to 27.1136, saving to ./libcity/cache/45026/model_cache/PDFormer_PeMS08_epoch51.tar
2024-03-03 00:59:03,863 - INFO - epoch complete!
2024-03-03 00:59:03,864 - INFO - evaluating now!
2024-03-03 00:59:15,409 - INFO - Epoch [52/300] (35457) train_loss: 27.6246, val_loss: 26.7966, lr: 0.000932, 148.68s
2024-03-03 00:59:15,517 - INFO - Saved model at 52
2024-03-03 00:59:15,518 - INFO - Val loss decrease from 27.1136 to 26.7966, saving to ./libcity/cache/45026/model_cache/PDFormer_PeMS08_epoch52.tar
2024-03-03 01:01:32,667 - INFO - epoch complete!
2024-03-03 01:01:32,668 - INFO - evaluating now!
2024-03-03 01:01:44,209 - INFO - Epoch [53/300] (36126) train_loss: 27.5487, val_loss: 27.5693, lr: 0.000930, 148.69s
2024-03-03 01:04:01,513 - INFO - epoch complete!
2024-03-03 01:04:01,514 - INFO - evaluating now!
2024-03-03 01:04:13,114 - INFO - Epoch [54/300] (36795) train_loss: 27.4852, val_loss: 27.0424, lr: 0.000927, 148.90s
2024-03-03 01:06:30,521 - INFO - epoch complete!
2024-03-03 01:06:30,522 - INFO - evaluating now!
2024-03-03 01:06:42,059 - INFO - Epoch [55/300] (37464) train_loss: 27.3704, val_loss: 27.8418, lr: 0.000925, 148.94s
2024-03-03 01:08:59,175 - INFO - epoch complete!
2024-03-03 01:08:59,176 - INFO - evaluating now!
2024-03-03 01:09:10,742 - INFO - Epoch [56/300] (38133) train_loss: 27.3421, val_loss: 27.3133, lr: 0.000922, 148.68s
2024-03-03 01:11:28,145 - INFO - epoch complete!
2024-03-03 01:11:28,145 - INFO - evaluating now!
2024-03-03 01:11:39,754 - INFO - Epoch [57/300] (38802) train_loss: 27.3387, val_loss: 27.9421, lr: 0.000920, 149.01s
2024-03-03 01:13:57,285 - INFO - epoch complete!
2024-03-03 01:13:57,286 - INFO - evaluating now!
2024-03-03 01:14:08,873 - INFO - Epoch [58/300] (39471) train_loss: 27.3655, val_loss: 27.3908, lr: 0.000917, 149.12s
2024-03-03 01:16:26,453 - INFO - epoch complete!
2024-03-03 01:16:26,454 - INFO - evaluating now!
2024-03-03 01:16:38,022 - INFO - Epoch [59/300] (40140) train_loss: 27.2278, val_loss: 26.8766, lr: 0.000914, 149.15s
2024-03-03 01:18:55,350 - INFO - epoch complete!
2024-03-03 01:18:55,351 - INFO - evaluating now!
2024-03-03 01:19:06,891 - INFO - Epoch [60/300] (40809) train_loss: 27.0920, val_loss: 26.8398, lr: 0.000911, 148.87s
2024-03-03 01:21:24,441 - INFO - epoch complete!
2024-03-03 01:21:24,442 - INFO - evaluating now!
2024-03-03 01:21:36,019 - INFO - Epoch [61/300] (41478) train_loss: 27.0059, val_loss: 27.0631, lr: 0.000908, 149.13s
2024-03-03 01:23:53,300 - INFO - epoch complete!
2024-03-03 01:23:53,301 - INFO - evaluating now!
2024-03-03 01:24:04,861 - INFO - Epoch [62/300] (42147) train_loss: 27.0876, val_loss: 26.9783, lr: 0.000906, 148.84s
2024-03-03 01:26:21,957 - INFO - epoch complete!
2024-03-03 01:26:21,958 - INFO - evaluating now!
2024-03-03 01:26:33,474 - INFO - Epoch [63/300] (42816) train_loss: 26.9616, val_loss: 26.6905, lr: 0.000903, 148.61s
2024-03-03 01:26:33,581 - INFO - Saved model at 63
2024-03-03 01:26:33,582 - INFO - Val loss decrease from 26.7966 to 26.6905, saving to ./libcity/cache/45026/model_cache/PDFormer_PeMS08_epoch63.tar
2024-03-03 01:28:50,877 - INFO - epoch complete!
2024-03-03 01:28:50,878 - INFO - evaluating now!
2024-03-03 01:29:02,413 - INFO - Epoch [64/300] (43485) train_loss: 26.9950, val_loss: 26.5706, lr: 0.000900, 148.83s
2024-03-03 01:29:02,512 - INFO - Saved model at 64
2024-03-03 01:29:02,513 - INFO - Val loss decrease from 26.6905 to 26.5706, saving to ./libcity/cache/45026/model_cache/PDFormer_PeMS08_epoch64.tar
2024-03-03 01:31:19,596 - INFO - epoch complete!
2024-03-03 01:31:19,597 - INFO - evaluating now!
2024-03-03 01:31:31,182 - INFO - Epoch [65/300] (44154) train_loss: 26.9465, val_loss: 26.8203, lr: 0.000897, 148.67s
2024-03-03 01:33:48,269 - INFO - epoch complete!
2024-03-03 01:33:48,270 - INFO - evaluating now!
2024-03-03 01:33:59,797 - INFO - Epoch [66/300] (44823) train_loss: 26.8873, val_loss: 26.5242, lr: 0.000894, 148.61s
2024-03-03 01:33:59,898 - INFO - Saved model at 66
2024-03-03 01:33:59,899 - INFO - Val loss decrease from 26.5706 to 26.5242, saving to ./libcity/cache/45026/model_cache/PDFormer_PeMS08_epoch66.tar
2024-03-03 01:36:17,001 - INFO - epoch complete!
2024-03-03 01:36:17,002 - INFO - evaluating now!
2024-03-03 01:36:28,549 - INFO - Epoch [67/300] (45492) train_loss: 26.7741, val_loss: 26.6611, lr: 0.000891, 148.65s
2024-03-03 01:38:45,584 - INFO - epoch complete!
2024-03-03 01:38:45,585 - INFO - evaluating now!
2024-03-03 01:38:57,128 - INFO - Epoch [68/300] (46161) train_loss: 26.7489, val_loss: 27.2055, lr: 0.000888, 148.58s
2024-03-03 01:41:14,693 - INFO - epoch complete!
2024-03-03 01:41:14,694 - INFO - evaluating now!
2024-03-03 01:41:26,256 - INFO - Epoch [69/300] (46830) train_loss: 26.6588, val_loss: 26.9139, lr: 0.000884, 149.13s
2024-03-03 01:43:43,410 - INFO - epoch complete!
2024-03-03 01:43:43,411 - INFO - evaluating now!
2024-03-03 01:43:54,993 - INFO - Epoch [70/300] (47499) train_loss: 26.5289, val_loss: 26.6607, lr: 0.000881, 148.74s
2024-03-03 01:46:12,426 - INFO - epoch complete!
2024-03-03 01:46:12,427 - INFO - evaluating now!
2024-03-03 01:46:24,019 - INFO - Epoch [71/300] (48168) train_loss: 26.6689, val_loss: 26.6894, lr: 0.000878, 149.03s
2024-03-03 01:48:41,396 - INFO - epoch complete!
2024-03-03 01:48:41,397 - INFO - evaluating now!
2024-03-03 01:48:52,975 - INFO - Epoch [72/300] (48837) train_loss: 26.6943, val_loss: 26.3616, lr: 0.000875, 148.96s
2024-03-03 01:48:53,083 - INFO - Saved model at 72
2024-03-03 01:48:53,084 - INFO - Val loss decrease from 26.5242 to 26.3616, saving to ./libcity/cache/45026/model_cache/PDFormer_PeMS08_epoch72.tar
2024-03-03 01:51:10,733 - INFO - epoch complete!
2024-03-03 01:51:10,737 - INFO - evaluating now!
2024-03-03 01:51:22,307 - INFO - Epoch [73/300] (49506) train_loss: 26.4680, val_loss: 26.5524, lr: 0.000872, 149.22s
2024-03-03 01:53:39,453 - INFO - epoch complete!
2024-03-03 01:53:39,454 - INFO - evaluating now!
2024-03-03 01:53:50,992 - INFO - Epoch [74/300] (50175) train_loss: 26.5022, val_loss: 26.2634, lr: 0.000868, 148.68s
2024-03-03 01:53:51,092 - INFO - Saved model at 74
2024-03-03 01:53:51,093 - INFO - Val loss decrease from 26.3616 to 26.2634, saving to ./libcity/cache/45026/model_cache/PDFormer_PeMS08_epoch74.tar
2024-03-03 01:56:08,658 - INFO - epoch complete!
2024-03-03 01:56:08,659 - INFO - evaluating now!
2024-03-03 01:56:20,215 - INFO - Epoch [75/300] (50844) train_loss: 26.4193, val_loss: 27.0086, lr: 0.000865, 149.12s
2024-03-03 01:58:37,399 - INFO - epoch complete!
2024-03-03 01:58:37,400 - INFO - evaluating now!
2024-03-03 01:58:48,978 - INFO - Epoch [76/300] (51513) train_loss: 26.3202, val_loss: 26.1715, lr: 0.000861, 148.76s
2024-03-03 01:58:49,086 - INFO - Saved model at 76
2024-03-03 01:58:49,087 - INFO - Val loss decrease from 26.2634 to 26.1715, saving to ./libcity/cache/45026/model_cache/PDFormer_PeMS08_epoch76.tar
2024-03-03 02:01:06,241 - INFO - epoch complete!
2024-03-03 02:01:06,242 - INFO - evaluating now!
2024-03-03 02:01:17,837 - INFO - Epoch [77/300] (52182) train_loss: 26.3044, val_loss: 26.4571, lr: 0.000858, 148.75s
2024-03-03 02:03:35,304 - INFO - epoch complete!
2024-03-03 02:03:35,305 - INFO - evaluating now!
2024-03-03 02:03:46,922 - INFO - Epoch [78/300] (52851) train_loss: 26.2951, val_loss: 26.9275, lr: 0.000855, 149.08s
2024-03-03 02:06:04,290 - INFO - epoch complete!
2024-03-03 02:06:04,291 - INFO - evaluating now!
2024-03-03 02:06:15,876 - INFO - Epoch [79/300] (53520) train_loss: 26.2004, val_loss: 26.5214, lr: 0.000851, 148.95s
2024-03-03 02:08:33,055 - INFO - epoch complete!
2024-03-03 02:08:33,056 - INFO - evaluating now!
2024-03-03 02:08:44,582 - INFO - Epoch [80/300] (54189) train_loss: 26.2361, val_loss: 25.9967, lr: 0.000848, 148.71s
2024-03-03 02:08:44,689 - INFO - Saved model at 80
2024-03-03 02:08:44,689 - INFO - Val loss decrease from 26.1715 to 25.9967, saving to ./libcity/cache/45026/model_cache/PDFormer_PeMS08_epoch80.tar
2024-03-03 02:11:02,388 - INFO - epoch complete!
2024-03-03 02:11:02,389 - INFO - evaluating now!
2024-03-03 02:11:14,009 - INFO - Epoch [81/300] (54858) train_loss: 26.1822, val_loss: 25.8611, lr: 0.000844, 149.32s
2024-03-03 02:11:14,111 - INFO - Saved model at 81
2024-03-03 02:11:14,112 - INFO - Val loss decrease from 25.9967 to 25.8611, saving to ./libcity/cache/45026/model_cache/PDFormer_PeMS08_epoch81.tar
2024-03-03 02:13:31,732 - INFO - epoch complete!
2024-03-03 02:13:31,733 - INFO - evaluating now!
2024-03-03 02:13:43,343 - INFO - Epoch [82/300] (55527) train_loss: 26.1039, val_loss: 25.9242, lr: 0.000840, 149.23s
2024-03-03 02:16:00,518 - INFO - epoch complete!
2024-03-03 02:16:00,519 - INFO - evaluating now!
2024-03-03 02:16:12,082 - INFO - Epoch [83/300] (56196) train_loss: 26.2379, val_loss: 26.1959, lr: 0.000837, 148.74s
2024-03-03 02:18:29,662 - INFO - epoch complete!
2024-03-03 02:18:29,663 - INFO - evaluating now!
2024-03-03 02:18:41,313 - INFO - Epoch [84/300] (56865) train_loss: 26.1229, val_loss: 26.3225, lr: 0.000833, 149.23s
2024-03-03 02:20:58,884 - INFO - epoch complete!
2024-03-03 02:20:58,885 - INFO - evaluating now!
2024-03-03 02:21:10,532 - INFO - Epoch [85/300] (57534) train_loss: 26.0822, val_loss: 25.8836, lr: 0.000830, 149.22s
2024-03-03 02:23:28,099 - INFO - epoch complete!
2024-03-03 02:23:28,100 - INFO - evaluating now!
2024-03-03 02:23:39,657 - INFO - Epoch [86/300] (58203) train_loss: 26.0651, val_loss: 25.7720, lr: 0.000826, 149.12s
2024-03-03 02:23:39,765 - INFO - Saved model at 86
2024-03-03 02:23:39,765 - INFO - Val loss decrease from 25.8611 to 25.7720, saving to ./libcity/cache/45026/model_cache/PDFormer_PeMS08_epoch86.tar
2024-03-03 02:25:56,831 - INFO - epoch complete!
2024-03-03 02:25:56,832 - INFO - evaluating now!
2024-03-03 02:26:08,361 - INFO - Epoch [87/300] (58872) train_loss: 25.9483, val_loss: 26.2776, lr: 0.000822, 148.60s
2024-03-03 02:28:25,419 - INFO - epoch complete!
2024-03-03 02:28:25,420 - INFO - evaluating now!
2024-03-03 02:28:36,937 - INFO - Epoch [88/300] (59541) train_loss: 25.9292, val_loss: 26.8703, lr: 0.000818, 148.58s
2024-03-03 02:30:54,213 - INFO - epoch complete!
2024-03-03 02:30:54,214 - INFO - evaluating now!
2024-03-03 02:31:05,817 - INFO - Epoch [89/300] (60210) train_loss: 26.0168, val_loss: 25.7257, lr: 0.000815, 148.88s
2024-03-03 02:31:05,918 - INFO - Saved model at 89
2024-03-03 02:31:05,918 - INFO - Val loss decrease from 25.7720 to 25.7257, saving to ./libcity/cache/45026/model_cache/PDFormer_PeMS08_epoch89.tar
2024-03-03 02:33:23,067 - INFO - epoch complete!
2024-03-03 02:33:23,067 - INFO - evaluating now!
2024-03-03 02:33:34,606 - INFO - Epoch [90/300] (60879) train_loss: 25.8089, val_loss: 25.8521, lr: 0.000811, 148.69s
2024-03-03 02:35:50,800 - INFO - epoch complete!
2024-03-03 02:35:50,801 - INFO - evaluating now!
2024-03-03 02:36:02,338 - INFO - Epoch [91/300] (61548) train_loss: 25.8124, val_loss: 26.1038, lr: 0.000807, 147.73s
2024-03-03 02:38:19,472 - INFO - epoch complete!
2024-03-03 02:38:19,473 - INFO - evaluating now!
2024-03-03 02:38:31,033 - INFO - Epoch [92/300] (62217) train_loss: 25.8771, val_loss: 26.4350, lr: 0.000803, 148.69s
2024-03-03 02:40:48,198 - INFO - epoch complete!
2024-03-03 02:40:48,198 - INFO - evaluating now!
2024-03-03 02:40:59,848 - INFO - Epoch [93/300] (62886) train_loss: 25.7555, val_loss: 25.7003, lr: 0.000799, 148.81s
2024-03-03 02:40:59,951 - INFO - Saved model at 93
2024-03-03 02:40:59,951 - INFO - Val loss decrease from 25.7257 to 25.7003, saving to ./libcity/cache/45026/model_cache/PDFormer_PeMS08_epoch93.tar
2024-03-03 02:43:17,493 - INFO - epoch complete!
2024-03-03 02:43:17,494 - INFO - evaluating now!
2024-03-03 02:43:29,002 - INFO - Epoch [94/300] (63555) train_loss: 25.6308, val_loss: 26.4253, lr: 0.000795, 149.05s
2024-03-03 02:45:46,079 - INFO - epoch complete!
2024-03-03 02:45:46,079 - INFO - evaluating now!
2024-03-03 02:45:57,577 - INFO - Epoch [95/300] (64224) train_loss: 25.7486, val_loss: 25.8808, lr: 0.000791, 148.57s
2024-03-03 02:48:14,856 - INFO - epoch complete!
2024-03-03 02:48:14,856 - INFO - evaluating now!
2024-03-03 02:48:26,432 - INFO - Epoch [96/300] (64893) train_loss: 25.6216, val_loss: 26.2903, lr: 0.000787, 148.85s
2024-03-03 02:50:43,753 - INFO - epoch complete!
2024-03-03 02:50:43,754 - INFO - evaluating now!
2024-03-03 02:50:55,270 - INFO - Epoch [97/300] (65562) train_loss: 25.5850, val_loss: 26.4439, lr: 0.000783, 148.84s
2024-03-03 02:53:12,630 - INFO - epoch complete!
2024-03-03 02:53:12,631 - INFO - evaluating now!
2024-03-03 02:53:24,159 - INFO - Epoch [98/300] (66231) train_loss: 25.4454, val_loss: 25.7201, lr: 0.000779, 148.89s
2024-03-03 02:55:41,687 - INFO - epoch complete!
2024-03-03 02:55:41,688 - INFO - evaluating now!
2024-03-03 02:55:53,424 - INFO - Epoch [99/300] (66900) train_loss: 25.4465, val_loss: 25.7081, lr: 0.000775, 149.26s
2024-03-03 02:58:11,089 - INFO - epoch complete!
2024-03-03 02:58:11,090 - INFO - evaluating now!
2024-03-03 02:58:22,620 - INFO - Epoch [100/300] (67569) train_loss: 25.4412, val_loss: 25.8391, lr: 0.000771, 149.19s
2024-03-03 03:00:39,706 - INFO - epoch complete!
2024-03-03 03:00:39,707 - INFO - evaluating now!
2024-03-03 03:00:51,229 - INFO - Epoch [101/300] (68238) train_loss: 25.5122, val_loss: 25.8695, lr: 0.000767, 148.61s
2024-03-03 03:03:08,066 - INFO - epoch complete!
2024-03-03 03:03:08,067 - INFO - evaluating now!
2024-03-03 03:03:19,634 - INFO - Epoch [102/300] (68907) train_loss: 25.3843, val_loss: 26.2769, lr: 0.000763, 148.40s
2024-03-03 03:05:36,934 - INFO - epoch complete!
2024-03-03 03:05:36,934 - INFO - evaluating now!
2024-03-03 03:05:48,526 - INFO - Epoch [103/300] (69576) train_loss: 25.4038, val_loss: 26.7577, lr: 0.000758, 148.89s
2024-03-03 03:08:05,656 - INFO - epoch complete!
2024-03-03 03:08:05,657 - INFO - evaluating now!
2024-03-03 03:08:17,182 - INFO - Epoch [104/300] (70245) train_loss: 25.2103, val_loss: 25.9690, lr: 0.000754, 148.66s
2024-03-03 03:10:34,609 - INFO - epoch complete!
2024-03-03 03:10:34,610 - INFO - evaluating now!
2024-03-03 03:10:46,151 - INFO - Epoch [105/300] (70914) train_loss: 25.1959, val_loss: 26.2614, lr: 0.000750, 148.97s
2024-03-03 03:13:03,434 - INFO - epoch complete!
2024-03-03 03:13:03,435 - INFO - evaluating now!
2024-03-03 03:13:15,015 - INFO - Epoch [106/300] (71583) train_loss: 25.2413, val_loss: 26.0273, lr: 0.000746, 148.86s
2024-03-03 03:15:32,575 - INFO - epoch complete!
2024-03-03 03:15:32,575 - INFO - evaluating now!
2024-03-03 03:15:44,127 - INFO - Epoch [107/300] (72252) train_loss: 25.1207, val_loss: 25.7902, lr: 0.000742, 149.11s
2024-03-03 03:18:01,501 - INFO - epoch complete!
2024-03-03 03:18:01,502 - INFO - evaluating now!
2024-03-03 03:18:13,031 - INFO - Epoch [108/300] (72921) train_loss: 25.1701, val_loss: 25.6835, lr: 0.000737, 148.90s
2024-03-03 03:18:13,138 - INFO - Saved model at 108
2024-03-03 03:18:13,139 - INFO - Val loss decrease from 25.7003 to 25.6835, saving to ./libcity/cache/45026/model_cache/PDFormer_PeMS08_epoch108.tar
2024-03-03 03:20:30,456 - INFO - epoch complete!
2024-03-03 03:20:30,457 - INFO - evaluating now!
2024-03-03 03:20:42,012 - INFO - Epoch [109/300] (73590) train_loss: 25.0574, val_loss: 25.8085, lr: 0.000733, 148.87s
2024-03-03 03:22:59,293 - INFO - epoch complete!
2024-03-03 03:22:59,294 - INFO - evaluating now!
2024-03-03 03:23:10,825 - INFO - Epoch [110/300] (74259) train_loss: 25.0249, val_loss: 25.4535, lr: 0.000729, 148.81s
2024-03-03 03:23:10,926 - INFO - Saved model at 110
2024-03-03 03:23:10,926 - INFO - Val loss decrease from 25.6835 to 25.4535, saving to ./libcity/cache/45026/model_cache/PDFormer_PeMS08_epoch110.tar
2024-03-03 03:25:25,091 - INFO - epoch complete!
2024-03-03 03:25:25,092 - INFO - evaluating now!
2024-03-03 03:25:36,585 - INFO - Epoch [111/300] (74928) train_loss: 25.0483, val_loss: 25.7753, lr: 0.000724, 145.66s
2024-03-03 03:27:53,974 - INFO - epoch complete!
2024-03-03 03:27:53,975 - INFO - evaluating now!
2024-03-03 03:28:05,571 - INFO - Epoch [112/300] (75597) train_loss: 25.0141, val_loss: 26.0800, lr: 0.000720, 148.99s
2024-03-03 03:30:23,032 - INFO - epoch complete!
2024-03-03 03:30:23,032 - INFO - evaluating now!
2024-03-03 03:30:34,587 - INFO - Epoch [113/300] (76266) train_loss: 24.8244, val_loss: 25.6822, lr: 0.000716, 149.01s
2024-03-03 03:32:52,063 - INFO - epoch complete!
2024-03-03 03:32:52,064 - INFO - evaluating now!
2024-03-03 03:33:03,594 - INFO - Epoch [114/300] (76935) train_loss: 24.8894, val_loss: 26.0197, lr: 0.000711, 149.01s
2024-03-03 03:35:20,720 - INFO - epoch complete!
2024-03-03 03:35:20,721 - INFO - evaluating now!
2024-03-03 03:35:32,262 - INFO - Epoch [115/300] (77604) train_loss: 24.9155, val_loss: 25.8133, lr: 0.000707, 148.67s
2024-03-03 03:37:49,748 - INFO - epoch complete!
2024-03-03 03:37:49,749 - INFO - evaluating now!
2024-03-03 03:38:01,405 - INFO - Epoch [116/300] (78273) train_loss: 24.8704, val_loss: 25.9202, lr: 0.000702, 149.14s
2024-03-03 03:40:18,833 - INFO - epoch complete!
2024-03-03 03:40:18,834 - INFO - evaluating now!
2024-03-03 03:40:30,393 - INFO - Epoch [117/300] (78942) train_loss: 24.7786, val_loss: 26.1738, lr: 0.000698, 148.99s
2024-03-03 03:42:47,717 - INFO - epoch complete!
2024-03-03 03:42:47,717 - INFO - evaluating now!
2024-03-03 03:42:59,276 - INFO - Epoch [118/300] (79611) train_loss: 24.7083, val_loss: 25.6992, lr: 0.000694, 148.88s
2024-03-03 03:45:16,440 - INFO - epoch complete!
2024-03-03 03:45:16,441 - INFO - evaluating now!
2024-03-03 03:45:27,960 - INFO - Epoch [119/300] (80280) train_loss: 24.7119, val_loss: 25.8749, lr: 0.000689, 148.68s
2024-03-03 03:47:45,566 - INFO - epoch complete!
2024-03-03 03:47:45,567 - INFO - evaluating now!
2024-03-03 03:47:57,121 - INFO - Epoch [120/300] (80949) train_loss: 24.7272, val_loss: 25.7043, lr: 0.000685, 149.16s
2024-03-03 03:50:13,984 - INFO - epoch complete!
2024-03-03 03:50:13,985 - INFO - evaluating now!
2024-03-03 03:50:25,495 - INFO - Epoch [121/300] (81618) train_loss: 24.6322, val_loss: 25.5447, lr: 0.000680, 148.37s
2024-03-03 03:52:42,623 - INFO - epoch complete!
2024-03-03 03:52:42,623 - INFO - evaluating now!
2024-03-03 03:52:54,189 - INFO - Epoch [122/300] (82287) train_loss: 24.5924, val_loss: 25.6670, lr: 0.000676, 148.69s
2024-03-03 03:55:11,633 - INFO - epoch complete!
2024-03-03 03:55:11,634 - INFO - evaluating now!
2024-03-03 03:55:23,198 - INFO - Epoch [123/300] (82956) train_loss: 24.5878, val_loss: 25.4191, lr: 0.000671, 149.01s
2024-03-03 03:55:23,306 - INFO - Saved model at 123
2024-03-03 03:55:23,306 - INFO - Val loss decrease from 25.4535 to 25.4191, saving to ./libcity/cache/45026/model_cache/PDFormer_PeMS08_epoch123.tar
2024-03-03 03:57:40,434 - INFO - epoch complete!
2024-03-03 03:57:40,435 - INFO - evaluating now!
2024-03-03 03:57:51,943 - INFO - Epoch [124/300] (83625) train_loss: 24.5764, val_loss: 25.8451, lr: 0.000666, 148.64s
2024-03-03 04:00:08,240 - INFO - epoch complete!
2024-03-03 04:00:08,241 - INFO - evaluating now!
2024-03-03 04:00:19,853 - INFO - Epoch [125/300] (84294) train_loss: 24.5070, val_loss: 26.5165, lr: 0.000662, 147.91s
2024-03-03 04:02:37,220 - INFO - epoch complete!
2024-03-03 04:02:37,221 - INFO - evaluating now!
2024-03-03 04:02:48,724 - INFO - Epoch [126/300] (84963) train_loss: 24.5989, val_loss: 25.7083, lr: 0.000657, 148.87s
2024-03-03 04:05:06,019 - INFO - epoch complete!
2024-03-03 04:05:06,020 - INFO - evaluating now!
2024-03-03 04:05:17,576 - INFO - Epoch [127/300] (85632) train_loss: 24.5238, val_loss: 25.5993, lr: 0.000653, 148.85s
2024-03-03 04:07:35,063 - INFO - epoch complete!
2024-03-03 04:07:35,063 - INFO - evaluating now!
2024-03-03 04:07:46,625 - INFO - Epoch [128/300] (86301) train_loss: 24.4311, val_loss: 25.6233, lr: 0.000648, 149.05s
2024-03-03 04:10:03,799 - INFO - epoch complete!
2024-03-03 04:10:03,800 - INFO - evaluating now!
2024-03-03 04:10:15,332 - INFO - Epoch [129/300] (86970) train_loss: 24.4209, val_loss: 25.7520, lr: 0.000644, 148.71s
2024-03-03 04:12:32,607 - INFO - epoch complete!
2024-03-03 04:12:32,608 - INFO - evaluating now!
2024-03-03 04:12:44,137 - INFO - Epoch [130/300] (87639) train_loss: 24.3350, val_loss: 25.7298, lr: 0.000639, 148.80s
2024-03-03 04:15:01,418 - INFO - epoch complete!
2024-03-03 04:15:01,419 - INFO - evaluating now!
2024-03-03 04:15:12,956 - INFO - Epoch [131/300] (88308) train_loss: 24.3804, val_loss: 25.7845, lr: 0.000634, 148.82s
2024-03-03 04:17:30,060 - INFO - epoch complete!
2024-03-03 04:17:30,060 - INFO - evaluating now!
2024-03-03 04:17:41,628 - INFO - Epoch [132/300] (88977) train_loss: 24.3050, val_loss: 26.4107, lr: 0.000630, 148.67s
2024-03-03 04:19:58,945 - INFO - epoch complete!
2024-03-03 04:19:58,946 - INFO - evaluating now!
2024-03-03 04:20:10,523 - INFO - Epoch [133/300] (89646) train_loss: 24.3364, val_loss: 25.6392, lr: 0.000625, 148.89s
2024-03-03 04:22:27,621 - INFO - epoch complete!
2024-03-03 04:22:27,622 - INFO - evaluating now!
2024-03-03 04:22:39,196 - INFO - Epoch [134/300] (90315) train_loss: 24.2924, val_loss: 25.6071, lr: 0.000620, 148.67s
2024-03-03 04:24:56,597 - INFO - epoch complete!
2024-03-03 04:24:56,598 - INFO - evaluating now!
2024-03-03 04:25:08,198 - INFO - Epoch [135/300] (90984) train_loss: 24.2509, val_loss: 25.7946, lr: 0.000616, 149.00s
2024-03-03 04:27:25,366 - INFO - epoch complete!
2024-03-03 04:27:25,367 - INFO - evaluating now!
2024-03-03 04:27:36,901 - INFO - Epoch [136/300] (91653) train_loss: 24.1885, val_loss: 25.4296, lr: 0.000611, 148.70s
2024-03-03 04:29:54,455 - INFO - epoch complete!
2024-03-03 04:29:54,456 - INFO - evaluating now!
2024-03-03 04:30:06,033 - INFO - Epoch [137/300] (92322) train_loss: 24.2342, val_loss: 25.8313, lr: 0.000606, 149.13s
2024-03-03 04:32:23,167 - INFO - epoch complete!
2024-03-03 04:32:23,168 - INFO - evaluating now!
2024-03-03 04:32:34,698 - INFO - Epoch [138/300] (92991) train_loss: 24.1299, val_loss: 25.9510, lr: 0.000602, 148.66s
2024-03-03 04:34:51,811 - INFO - epoch complete!
2024-03-03 04:34:51,812 - INFO - evaluating now!
2024-03-03 04:35:03,338 - INFO - Epoch [139/300] (93660) train_loss: 24.1490, val_loss: 25.8515, lr: 0.000597, 148.64s
2024-03-03 04:37:20,433 - INFO - epoch complete!
2024-03-03 04:37:20,434 - INFO - evaluating now!
2024-03-03 04:37:31,970 - INFO - Epoch [140/300] (94329) train_loss: 24.0643, val_loss: 25.6117, lr: 0.000592, 148.63s
2024-03-03 04:39:48,998 - INFO - epoch complete!
2024-03-03 04:39:48,999 - INFO - evaluating now!
2024-03-03 04:40:00,550 - INFO - Epoch [141/300] (94998) train_loss: 24.1104, val_loss: 26.1448, lr: 0.000588, 148.58s
2024-03-03 04:42:18,114 - INFO - epoch complete!
2024-03-03 04:42:18,115 - INFO - evaluating now!
2024-03-03 04:42:29,654 - INFO - Epoch [142/300] (95667) train_loss: 24.0902, val_loss: 26.1294, lr: 0.000583, 149.10s
2024-03-03 04:44:47,180 - INFO - epoch complete!
2024-03-03 04:44:47,181 - INFO - evaluating now!
2024-03-03 04:44:58,732 - INFO - Epoch [143/300] (96336) train_loss: 24.0305, val_loss: 26.0404, lr: 0.000578, 149.08s
2024-03-03 04:47:16,357 - INFO - epoch complete!
2024-03-03 04:47:16,358 - INFO - evaluating now!
2024-03-03 04:47:27,915 - INFO - Epoch [144/300] (97005) train_loss: 24.0438, val_loss: 25.5703, lr: 0.000574, 149.18s
2024-03-03 04:49:45,359 - INFO - epoch complete!
2024-03-03 04:49:45,360 - INFO - evaluating now!
2024-03-03 04:49:57,033 - INFO - Epoch [145/300] (97674) train_loss: 24.0128, val_loss: 25.5687, lr: 0.000569, 149.12s
2024-03-03 04:52:14,672 - INFO - epoch complete!
2024-03-03 04:52:14,673 - INFO - evaluating now!
2024-03-03 04:52:26,331 - INFO - Epoch [146/300] (98343) train_loss: 23.9312, val_loss: 26.2746, lr: 0.000564, 149.30s
2024-03-03 04:54:43,960 - INFO - epoch complete!
2024-03-03 04:54:43,961 - INFO - evaluating now!
2024-03-03 04:54:55,627 - INFO - Epoch [147/300] (99012) train_loss: 23.9946, val_loss: 25.3906, lr: 0.000559, 149.30s
2024-03-03 04:54:55,736 - INFO - Saved model at 147
2024-03-03 04:54:55,736 - INFO - Val loss decrease from 25.4191 to 25.3906, saving to ./libcity/cache/45026/model_cache/PDFormer_PeMS08_epoch147.tar
2024-03-03 04:57:13,128 - INFO - epoch complete!
2024-03-03 04:57:13,129 - INFO - evaluating now!
2024-03-03 04:57:24,622 - INFO - Epoch [148/300] (99681) train_loss: 23.9035, val_loss: 25.7445, lr: 0.000555, 148.89s
2024-03-03 04:59:41,304 - INFO - epoch complete!
2024-03-03 04:59:41,305 - INFO - evaluating now!
2024-03-03 04:59:52,851 - INFO - Epoch [149/300] (100350) train_loss: 23.9052, val_loss: 25.8918, lr: 0.000550, 148.23s
2024-03-03 05:02:10,063 - INFO - epoch complete!
2024-03-03 05:02:10,064 - INFO - evaluating now!
2024-03-03 05:02:21,599 - INFO - Epoch [150/300] (101019) train_loss: 23.8173, val_loss: 25.7618, lr: 0.000545, 148.75s
2024-03-03 05:04:38,724 - INFO - epoch complete!
2024-03-03 05:04:38,725 - INFO - evaluating now!
2024-03-03 05:04:50,324 - INFO - Epoch [151/300] (101688) train_loss: 23.8409, val_loss: 25.9933, lr: 0.000541, 148.72s
2024-03-03 05:07:07,860 - INFO - epoch complete!
2024-03-03 05:07:07,861 - INFO - evaluating now!
2024-03-03 05:07:19,462 - INFO - Epoch [152/300] (102357) train_loss: 23.8389, val_loss: 25.7539, lr: 0.000536, 149.14s
2024-03-03 05:09:37,062 - INFO - epoch complete!
2024-03-03 05:09:37,062 - INFO - evaluating now!
2024-03-03 05:09:48,681 - INFO - Epoch [153/300] (103026) train_loss: 23.7868, val_loss: 25.9283, lr: 0.000531, 149.22s
2024-03-03 05:12:06,237 - INFO - epoch complete!
2024-03-03 05:12:06,238 - INFO - evaluating now!
2024-03-03 05:12:17,832 - INFO - Epoch [154/300] (103695) train_loss: 23.7668, val_loss: 25.6628, lr: 0.000526, 149.15s
2024-03-03 05:14:35,045 - INFO - epoch complete!
2024-03-03 05:14:35,046 - INFO - evaluating now!
2024-03-03 05:14:46,588 - INFO - Epoch [155/300] (104364) train_loss: 23.8239, val_loss: 25.6739, lr: 0.000522, 148.75s
2024-03-03 05:17:03,784 - INFO - epoch complete!
2024-03-03 05:17:03,785 - INFO - evaluating now!
2024-03-03 05:17:15,309 - INFO - Epoch [156/300] (105033) train_loss: 23.7790, val_loss: 25.4720, lr: 0.000517, 148.72s
2024-03-03 05:19:32,928 - INFO - epoch complete!
2024-03-03 05:19:32,929 - INFO - evaluating now!
2024-03-03 05:19:44,475 - INFO - Epoch [157/300] (105702) train_loss: 23.7177, val_loss: 25.7510, lr: 0.000512, 149.17s
2024-03-03 05:22:02,125 - INFO - epoch complete!
2024-03-03 05:22:02,126 - INFO - evaluating now!
2024-03-03 05:22:13,660 - INFO - Epoch [158/300] (106371) train_loss: 23.6524, val_loss: 25.9484, lr: 0.000508, 149.18s
2024-03-03 05:24:30,998 - INFO - epoch complete!
2024-03-03 05:24:30,999 - INFO - evaluating now!
2024-03-03 05:24:42,538 - INFO - Epoch [159/300] (107040) train_loss: 23.7284, val_loss: 25.5265, lr: 0.000503, 148.88s
2024-03-03 05:26:59,370 - INFO - epoch complete!
2024-03-03 05:26:59,371 - INFO - evaluating now!
2024-03-03 05:27:10,985 - INFO - Epoch [160/300] (107709) train_loss: 23.6096, val_loss: 26.3715, lr: 0.000498, 148.45s
2024-03-03 05:29:27,719 - INFO - epoch complete!
2024-03-03 05:29:27,719 - INFO - evaluating now!
2024-03-03 05:29:39,321 - INFO - Epoch [161/300] (108378) train_loss: 23.5976, val_loss: 26.0927, lr: 0.000494, 148.34s
2024-03-03 05:31:56,427 - INFO - epoch complete!
2024-03-03 05:31:56,427 - INFO - evaluating now!
2024-03-03 05:32:07,971 - INFO - Epoch [162/300] (109047) train_loss: 23.5927, val_loss: 25.6271, lr: 0.000489, 148.65s
2024-03-03 05:34:25,178 - INFO - epoch complete!
2024-03-03 05:34:25,179 - INFO - evaluating now!
2024-03-03 05:34:36,723 - INFO - Epoch [163/300] (109716) train_loss: 23.5985, val_loss: 26.1654, lr: 0.000484, 148.75s
2024-03-03 05:36:53,864 - INFO - epoch complete!
2024-03-03 05:36:53,865 - INFO - evaluating now!
2024-03-03 05:37:05,465 - INFO - Epoch [164/300] (110385) train_loss: 23.4956, val_loss: 26.0181, lr: 0.000480, 148.74s
2024-03-03 05:39:23,495 - INFO - epoch complete!
2024-03-03 05:39:23,496 - INFO - evaluating now!
2024-03-03 05:39:35,070 - INFO - Epoch [165/300] (111054) train_loss: 23.5850, val_loss: 25.5800, lr: 0.000475, 149.60s
2024-03-03 05:41:52,008 - INFO - epoch complete!
2024-03-03 05:41:52,008 - INFO - evaluating now!
2024-03-03 05:42:03,562 - INFO - Epoch [166/300] (111723) train_loss: 23.4751, val_loss: 26.2435, lr: 0.000470, 148.49s
2024-03-03 05:44:20,763 - INFO - epoch complete!
2024-03-03 05:44:20,763 - INFO - evaluating now!
2024-03-03 05:44:32,295 - INFO - Epoch [167/300] (112392) train_loss: 23.4189, val_loss: 25.9257, lr: 0.000466, 148.73s
2024-03-03 05:46:49,490 - INFO - epoch complete!
2024-03-03 05:46:49,491 - INFO - evaluating now!
2024-03-03 05:47:01,013 - INFO - Epoch [168/300] (113061) train_loss: 23.4708, val_loss: 25.6536, lr: 0.000461, 148.72s
2024-03-03 05:49:18,016 - INFO - epoch complete!
2024-03-03 05:49:18,017 - INFO - evaluating now!
2024-03-03 05:49:29,562 - INFO - Epoch [169/300] (113730) train_loss: 23.3761, val_loss: 25.8535, lr: 0.000456, 148.55s
2024-03-03 05:51:46,744 - INFO - epoch complete!
2024-03-03 05:51:46,745 - INFO - evaluating now!
2024-03-03 05:51:58,346 - INFO - Epoch [170/300] (114399) train_loss: 23.4314, val_loss: 25.8797, lr: 0.000452, 148.78s
2024-03-03 05:54:15,848 - INFO - epoch complete!
2024-03-03 05:54:15,849 - INFO - evaluating now!
2024-03-03 05:54:27,377 - INFO - Epoch [171/300] (115068) train_loss: 23.3748, val_loss: 25.6578, lr: 0.000447, 149.03s
2024-03-03 05:56:44,974 - INFO - epoch complete!
2024-03-03 05:56:44,975 - INFO - evaluating now!
2024-03-03 05:56:56,589 - INFO - Epoch [172/300] (115737) train_loss: 23.3319, val_loss: 25.9669, lr: 0.000443, 149.21s
2024-03-03 05:59:13,775 - INFO - epoch complete!
2024-03-03 05:59:13,776 - INFO - evaluating now!
2024-03-03 05:59:25,353 - INFO - Epoch [173/300] (116406) train_loss: 23.3386, val_loss: 25.6972, lr: 0.000438, 148.76s
2024-03-03 06:01:42,770 - INFO - epoch complete!
2024-03-03 06:01:42,771 - INFO - evaluating now!
2024-03-03 06:01:54,335 - INFO - Epoch [174/300] (117075) train_loss: 23.3559, val_loss: 25.8876, lr: 0.000434, 148.98s
2024-03-03 06:04:11,821 - INFO - epoch complete!
2024-03-03 06:04:11,822 - INFO - evaluating now!
2024-03-03 06:04:23,409 - INFO - Epoch [175/300] (117744) train_loss: 23.2949, val_loss: 25.9785, lr: 0.000429, 149.07s
2024-03-03 06:06:40,911 - INFO - epoch complete!
2024-03-03 06:06:40,911 - INFO - evaluating now!
2024-03-03 06:06:52,482 - INFO - Epoch [176/300] (118413) train_loss: 23.2798, val_loss: 25.9183, lr: 0.000424, 149.07s
2024-03-03 06:09:09,186 - INFO - epoch complete!
2024-03-03 06:09:09,187 - INFO - evaluating now!
2024-03-03 06:09:20,699 - INFO - Epoch [177/300] (119082) train_loss: 23.3017, val_loss: 25.6493, lr: 0.000420, 148.22s
2024-03-03 06:11:37,857 - INFO - epoch complete!
2024-03-03 06:11:37,858 - INFO - evaluating now!
2024-03-03 06:11:49,371 - INFO - Epoch [178/300] (119751) train_loss: 23.2351, val_loss: 26.0865, lr: 0.000415, 148.67s
2024-03-03 06:14:06,510 - INFO - epoch complete!
2024-03-03 06:14:06,511 - INFO - evaluating now!
2024-03-03 06:14:18,036 - INFO - Epoch [179/300] (120420) train_loss: 23.2360, val_loss: 26.1831, lr: 0.000411, 148.66s
2024-03-03 06:16:35,687 - INFO - epoch complete!
2024-03-03 06:16:35,688 - INFO - evaluating now!
2024-03-03 06:16:47,249 - INFO - Epoch [180/300] (121089) train_loss: 23.2278, val_loss: 26.0941, lr: 0.000406, 149.21s
2024-03-03 06:19:04,650 - INFO - epoch complete!
2024-03-03 06:19:04,651 - INFO - evaluating now!
2024-03-03 06:19:16,170 - INFO - Epoch [181/300] (121758) train_loss: 23.1477, val_loss: 25.9179, lr: 0.000402, 148.92s
2024-03-03 06:21:33,538 - INFO - epoch complete!
2024-03-03 06:21:33,539 - INFO - evaluating now!
2024-03-03 06:21:45,093 - INFO - Epoch [182/300] (122427) train_loss: 23.1724, val_loss: 25.7035, lr: 0.000398, 148.92s
2024-03-03 06:24:02,452 - INFO - epoch complete!
2024-03-03 06:24:02,453 - INFO - evaluating now!
2024-03-03 06:24:13,987 - INFO - Epoch [183/300] (123096) train_loss: 23.1952, val_loss: 25.8681, lr: 0.000393, 148.89s
2024-03-03 06:26:31,323 - INFO - epoch complete!
2024-03-03 06:26:31,324 - INFO - evaluating now!
2024-03-03 06:26:42,792 - INFO - Epoch [184/300] (123765) train_loss: 23.1187, val_loss: 25.9134, lr: 0.000389, 148.80s
2024-03-03 06:28:59,450 - INFO - epoch complete!
2024-03-03 06:28:59,450 - INFO - evaluating now!
2024-03-03 06:29:10,898 - INFO - Epoch [185/300] (124434) train_loss: 23.0830, val_loss: 26.0732, lr: 0.000384, 148.11s
2024-03-03 06:31:28,062 - INFO - epoch complete!
2024-03-03 06:31:28,063 - INFO - evaluating now!
2024-03-03 06:31:39,632 - INFO - Epoch [186/300] (125103) train_loss: 23.0957, val_loss: 25.6397, lr: 0.000380, 148.73s
2024-03-03 06:33:57,223 - INFO - epoch complete!
2024-03-03 06:33:57,224 - INFO - evaluating now!
2024-03-03 06:34:08,790 - INFO - Epoch [187/300] (125772) train_loss: 23.1315, val_loss: 25.8394, lr: 0.000376, 149.16s
2024-03-03 06:36:25,976 - INFO - epoch complete!
2024-03-03 06:36:25,977 - INFO - evaluating now!
2024-03-03 06:36:37,530 - INFO - Epoch [188/300] (126441) train_loss: 23.0297, val_loss: 25.7893, lr: 0.000371, 148.74s
2024-03-03 06:38:54,915 - INFO - epoch complete!
2024-03-03 06:38:54,916 - INFO - evaluating now!
2024-03-03 06:39:06,463 - INFO - Epoch [189/300] (127110) train_loss: 23.0142, val_loss: 26.2055, lr: 0.000367, 148.93s
2024-03-03 06:41:23,793 - INFO - epoch complete!
2024-03-03 06:41:23,794 - INFO - evaluating now!
2024-03-03 06:41:35,354 - INFO - Epoch [190/300] (127779) train_loss: 23.0255, val_loss: 26.4438, lr: 0.000363, 148.89s
2024-03-03 06:43:52,676 - INFO - epoch complete!
2024-03-03 06:43:52,677 - INFO - evaluating now!
2024-03-03 06:44:04,221 - INFO - Epoch [191/300] (128448) train_loss: 22.9735, val_loss: 25.9907, lr: 0.000358, 148.87s
2024-03-03 06:46:21,355 - INFO - epoch complete!
2024-03-03 06:46:21,356 - INFO - evaluating now!
2024-03-03 06:46:32,888 - INFO - Epoch [192/300] (129117) train_loss: 22.9573, val_loss: 26.2347, lr: 0.000354, 148.67s
2024-03-03 06:48:50,043 - INFO - epoch complete!
2024-03-03 06:48:50,044 - INFO - evaluating now!
2024-03-03 06:49:01,559 - INFO - Epoch [193/300] (129786) train_loss: 22.9495, val_loss: 26.0278, lr: 0.000350, 148.67s
2024-03-03 06:51:18,694 - INFO - epoch complete!
2024-03-03 06:51:18,695 - INFO - evaluating now!
2024-03-03 06:51:30,232 - INFO - Epoch [194/300] (130455) train_loss: 22.9621, val_loss: 26.3301, lr: 0.000346, 148.67s
2024-03-03 06:53:47,372 - INFO - epoch complete!
2024-03-03 06:53:47,373 - INFO - evaluating now!
2024-03-03 06:53:58,912 - INFO - Epoch [195/300] (131124) train_loss: 22.9524, val_loss: 26.3582, lr: 0.000342, 148.68s
2024-03-03 06:56:16,081 - INFO - epoch complete!
2024-03-03 06:56:16,082 - INFO - evaluating now!
2024-03-03 06:56:27,608 - INFO - Epoch [196/300] (131793) train_loss: 22.9305, val_loss: 26.0893, lr: 0.000337, 148.70s
2024-03-03 06:58:45,227 - INFO - epoch complete!
2024-03-03 06:58:45,228 - INFO - evaluating now!
2024-03-03 06:58:56,809 - INFO - Epoch [197/300] (132462) train_loss: 22.8656, val_loss: 25.8348, lr: 0.000333, 149.20s
2024-03-03 06:58:56,810 - WARNING - Early stopping at epoch: 197
2024-03-03 06:58:56,810 - INFO - Trained totally 198 epochs, average train time is 137.464s, average eval time is 11.572s
2024-03-03 06:58:56,922 - INFO - Loaded model at 147
2024-03-03 06:58:56,924 - INFO - Saved model at ./libcity/cache/45026/model_cache/PDFormer_PeMS08.m
2024-03-03 06:58:57,030 - INFO - Start evaluating ...
2024-03-03 06:59:23,964 - INFO - Note that you select the average mode to evaluate!
2024-03-03 06:59:23,971 - INFO - Evaluate result is saved at ./libcity/cache/45026/evaluate_cache/2024_03_03_06_59_23_PDFormer_PeMS08_average.csv
2024-03-03 06:59:23,988 - INFO - 
          MAE  MAPE       RMSE  masked_MAE  masked_MAPE  masked_RMSE
1   11.862281   inf  19.798609   11.876621     0.080661    19.689383
2   12.046760   inf  20.248825   12.061178     0.081844    20.140274
3   12.212118   inf  20.644165   12.227231     0.082382    20.538158
4   12.374942   inf  21.014315   12.391012     0.082911    20.911530
5   12.533825   inf  21.360165   12.550662     0.083564    21.259260
6   12.681135   inf  21.672098   12.698483     0.084300    21.572657
7   12.818554   inf  21.959866   12.836402     0.085088    21.861280
8   12.950357   inf  22.225151   12.968580     0.085857    22.127508
9   13.077251   inf  22.468203   13.095728     0.086671    22.370773
10  13.200887   inf  22.691874   13.219594     0.087550    22.595089
11  13.327704   inf  22.906023   13.346540     0.088612    22.809776
12  13.457201   inf  23.121553   13.476303     0.089612    23.026211
