2024-02-29 20:22:09,028 - INFO - Log directory: ./libcity/log
2024-02-29 20:22:09,028 - INFO - Begin pipeline, task=traffic_state_pred, model_name=PDFormer, dataset_name=PeMS08, exp_id=49344
2024-02-29 20:22:09,028 - INFO - {'task': 'traffic_state_pred', 'model': 'PDFormer', 'dataset': 'PeMS08', 'saved_model': True, 'train': True, 'local_rank': 0, 'initial_ckpt': None, 'dataset_class': 'PDFormerDataset', 'input_window': 12, 'output_window': 12, 'train_rate': 0.6, 'eval_rate': 0.2, 'batch_size': 16, 'add_time_in_day': True, 'add_day_in_week': True, 'step_size': 2776, 'max_epoch': 300, 'bidir': True, 'far_mask_delta': 7, 'geo_num_heads': 4, 'sem_num_heads': 2, 't_num_heads': 2, 'cluster_method': 'kshape', 'cand_key_days': 21, 'seed': 1, 'type_ln': 'pre', 'set_loss': 'huber', 'huber_delta': 2, 'mode': 'average', 'executor': 'PDFormerExecutor', 'evaluator': 'TrafficStateEvaluator', 'embed_dim': 64, 'skip_dim': 256, 'mlp_ratio': 4, 'qkv_bias': True, 'drop': 0, 'attn_drop': 0, 'drop_path': 0.3, 's_attn_size': 3, 't_attn_size': 1, 'enc_depth': 6, 'type_short_path': 'hop', 'scaler': 'standard', 'load_external': True, 'normal_external': False, 'ext_scaler': 'none', 'learner': 'adamw', 'learning_rate': 0.001, 'weight_decay': 0.05, 'lr_decay': True, 'lr_scheduler': 'cosinelr', 'lr_eta_min': 0.0001, 'lr_decay_ratio': 0.1, 'lr_warmup_epoch': 5, 'lr_warmup_init': 1e-06, 'clip_grad_norm': True, 'max_grad_norm': 5, 'use_early_stop': True, 'patience': 50, 'task_level': 0, 'use_curriculum_learning': True, 'random_flip': True, 'quan_delta': 0.25, 'dtw_delta': 5, 'cache_dataset': True, 'num_workers': 0, 'pad_with_last_sample': True, 'lape_dim': 8, 'gpu': True, 'gpu_id': 1, 'train_loss': 'none', 'epoch': 0, 'lr_epsilon': 1e-08, 'lr_beta1': 0.9, 'lr_beta2': 0.999, 'lr_alpha': 0.99, 'lr_momentum': 0, 'steps': [5, 20, 40, 70], 'lr_T_max': 30, 'lr_patience': 10, 'lr_threshold': 0.0001, 'log_level': 'INFO', 'log_every': 1, 'load_best_epoch': True, 'hyper_tune': False, 'grad_accmu_steps': 1, 'metrics': ['MAE', 'MAPE', 'RMSE', 'masked_MAE', 'masked_MAPE', 'masked_RMSE'], 'save_modes': ['csv'], 'geo': {'including_types': ['Point'], 'Point': {}}, 'rel': {'including_types': ['geo'], 'geo': {'cost': 'num'}}, 'dyna': {'including_types': ['state'], 'state': {'entity_id': 'geo_id', 'traffic_flow': 'num', 'traffic_occupancy': 'num', 'traffic_speed': 'num'}}, 'data_col': ['traffic_flow'], 'weight_col': 'cost', 'data_files': ['PeMS08'], 'geo_file': 'PeMS08', 'rel_file': 'PeMS08', 'adp_file': 'PeMS08', 'output_dim': 1, 'time_intervals': 300, 'init_weight_inf_or_zero': 'zero', 'set_weight_link_or_dist': 'link', 'calculate_weight_adj': False, 'weight_adj_epsilon': 0.1, 'distributed': False, 'device': device(type='cuda', index=0), 'exp_id': 49344}
2024-02-29 20:22:09,297 - INFO - Loaded file PeMS08.geo, num_nodes=170
2024-02-29 20:22:09,298 - INFO - set_weight_link_or_dist: link
2024-02-29 20:22:09,298 - INFO - init_weight_inf_or_zero: zero
2024-02-29 20:22:09,300 - INFO - Loaded file PeMS08.rel, shape=(170, 170)
2024-02-29 20:22:09,300 - INFO - Max adj_mx value = 1.0
2024-02-29 20:22:19,125 - INFO - Loading file PeMS08.dyna
2024-02-29 20:22:20,835 - INFO - Loaded file PeMS08.dyna, shape=(17856, 170, 1)
2024-02-29 20:22:20,855 - INFO - Load DTW matrix from ./libcity/cache/dataset_cache/dtw_PeMS08.npy
2024-02-29 20:22:20,856 - INFO - Loading ./libcity/cache/dataset_cache/pdformer_point_based_PeMS08_12_12_0.6_1_0.2_standard_16_True_True_True_True_traffic_flow.npz
2024-02-29 20:22:27,761 - INFO - train	x: (10700, 12, 170, 9), y: (10700, 12, 170, 9), ind: (10700,)
2024-02-29 20:22:27,761 - INFO - eval	x: (3566, 12, 170, 9), y: (3566, 12, 170, 9), ind: (3566,)
2024-02-29 20:22:27,761 - INFO - test	x: (3567, 12, 170, 9), y: (3567, 12, 170, 9), ind: (3567,)
2024-02-29 20:22:28,215 - INFO - StandardScaler mean: 229.8431355598314, std: 145.62553066568907
2024-02-29 20:22:28,216 - INFO - NoneScaler
2024-02-29 20:22:29,476 - INFO - Loaded file ./libcity/cache/dataset_cache/pattern_keys_kshape_PeMS08_21_3_16_5.npy
2024-02-29 20:22:29,483 - INFO - Use use_curriculum_learning!
2024-02-29 20:22:32,982 - INFO - Number of isolated points: 0
2024-02-29 20:22:32,991 - INFO - Number of isolated points: 0
2024-02-29 20:22:33,033 - INFO - PDFormer(
  (pattern_embeddings): ModuleList(
    (0): TokenEmbedding(
      (token_embed): Linear(in_features=3, out_features=64, bias=True)
      (norm): Identity()
    )
  )
  (enc_embed_layer): DataEmbedding(
    (value_embedding): TokenEmbedding(
      (token_embed): Linear(in_features=1, out_features=64, bias=True)
      (norm): Identity()
    )
    (position_encoding): PositionalEncoding()
    (daytime_embedding): Embedding(1440, 64)
    (weekday_embedding): Embedding(7, 64)
    (spatial_embedding): LaplacianPE(
      (embedding_lap_pos_enc): Linear(in_features=8, out_features=64, bias=True)
    )
    (tempp_embedding): Linear(in_features=8, out_features=64, bias=True)
    (dropout): Dropout(p=0, inplace=False)
  )
  (encoder_blocks): ModuleList(
    (0): STEncoderBlock(
      (norm1): LayerNorm((64,), eps=1e-06, elementwise_affine=True)
      (st_attn): STSelfAttention(
        (pattern_q_linears): ModuleList(
          (0): Linear(in_features=64, out_features=32, bias=True)
        )
        (pattern_k_linears): ModuleList(
          (0): Linear(in_features=64, out_features=32, bias=True)
        )
        (pattern_v_linears): ModuleList(
          (0): Linear(in_features=64, out_features=32, bias=True)
        )
        (geo_q_conv): Conv2d(64, 32, kernel_size=(1, 1), stride=(1, 1))
        (geo_k_conv): Conv2d(64, 32, kernel_size=(1, 1), stride=(1, 1))
        (geo_v_conv): Conv2d(64, 32, kernel_size=(1, 1), stride=(1, 1))
        (geo_attn_drop): Dropout(p=0, inplace=False)
        (sem_q_conv): Conv2d(64, 16, kernel_size=(1, 1), stride=(1, 1))
        (sem_k_conv): Conv2d(64, 16, kernel_size=(1, 1), stride=(1, 1))
        (sem_v_conv): Conv2d(64, 16, kernel_size=(1, 1), stride=(1, 1))
        (sem_attn_drop): Dropout(p=0, inplace=False)
        (t_q_conv): Conv2d(64, 16, kernel_size=(1, 1), stride=(1, 1))
        (t_k_conv): Conv2d(64, 16, kernel_size=(1, 1), stride=(1, 1))
        (t_v_conv): Conv2d(64, 16, kernel_size=(1, 1), stride=(1, 1))
        (t_attn_drop): Dropout(p=0, inplace=False)
        (proj): Linear(in_features=48, out_features=64, bias=True)
        (proj_drop): Dropout(p=0, inplace=False)
        (gconv): gcn(
          (nconv): nconv()
          (mlp): linear(
            (mlp): Conv2d(96, 32, kernel_size=(1, 1), stride=(1, 1))
          )
        )
        (reshape1): Linear(in_features=64, out_features=32, bias=True)
        (reshape2): Linear(in_features=32, out_features=64, bias=True)
      )
      (drop_path): Identity()
      (norm2): LayerNorm((64,), eps=1e-06, elementwise_affine=True)
      (mlp): Mlp(
        (fc1): Linear(in_features=64, out_features=256, bias=True)
        (act): GELU()
        (fc2): Linear(in_features=256, out_features=64, bias=True)
        (drop): Dropout(p=0, inplace=False)
      )
    )
    (1): STEncoderBlock(
      (norm1): LayerNorm((64,), eps=1e-06, elementwise_affine=True)
      (st_attn): STSelfAttention(
        (pattern_q_linears): ModuleList(
          (0): Linear(in_features=64, out_features=32, bias=True)
        )
        (pattern_k_linears): ModuleList(
          (0): Linear(in_features=64, out_features=32, bias=True)
        )
        (pattern_v_linears): ModuleList(
          (0): Linear(in_features=64, out_features=32, bias=True)
        )
        (geo_q_conv): Conv2d(64, 32, kernel_size=(1, 1), stride=(1, 1))
        (geo_k_conv): Conv2d(64, 32, kernel_size=(1, 1), stride=(1, 1))
        (geo_v_conv): Conv2d(64, 32, kernel_size=(1, 1), stride=(1, 1))
        (geo_attn_drop): Dropout(p=0, inplace=False)
        (sem_q_conv): Conv2d(64, 16, kernel_size=(1, 1), stride=(1, 1))
        (sem_k_conv): Conv2d(64, 16, kernel_size=(1, 1), stride=(1, 1))
        (sem_v_conv): Conv2d(64, 16, kernel_size=(1, 1), stride=(1, 1))
        (sem_attn_drop): Dropout(p=0, inplace=False)
        (t_q_conv): Conv2d(64, 16, kernel_size=(1, 1), stride=(1, 1))
        (t_k_conv): Conv2d(64, 16, kernel_size=(1, 1), stride=(1, 1))
        (t_v_conv): Conv2d(64, 16, kernel_size=(1, 1), stride=(1, 1))
        (t_attn_drop): Dropout(p=0, inplace=False)
        (proj): Linear(in_features=48, out_features=64, bias=True)
        (proj_drop): Dropout(p=0, inplace=False)
        (gconv): gcn(
          (nconv): nconv()
          (mlp): linear(
            (mlp): Conv2d(96, 32, kernel_size=(1, 1), stride=(1, 1))
          )
        )
        (reshape1): Linear(in_features=64, out_features=32, bias=True)
        (reshape2): Linear(in_features=32, out_features=64, bias=True)
      )
      (drop_path): DropPath()
      (norm2): LayerNorm((64,), eps=1e-06, elementwise_affine=True)
      (mlp): Mlp(
        (fc1): Linear(in_features=64, out_features=256, bias=True)
        (act): GELU()
        (fc2): Linear(in_features=256, out_features=64, bias=True)
        (drop): Dropout(p=0, inplace=False)
      )
    )
    (2): STEncoderBlock(
      (norm1): LayerNorm((64,), eps=1e-06, elementwise_affine=True)
      (st_attn): STSelfAttention(
        (pattern_q_linears): ModuleList(
          (0): Linear(in_features=64, out_features=32, bias=True)
        )
        (pattern_k_linears): ModuleList(
          (0): Linear(in_features=64, out_features=32, bias=True)
        )
        (pattern_v_linears): ModuleList(
          (0): Linear(in_features=64, out_features=32, bias=True)
        )
        (geo_q_conv): Conv2d(64, 32, kernel_size=(1, 1), stride=(1, 1))
        (geo_k_conv): Conv2d(64, 32, kernel_size=(1, 1), stride=(1, 1))
        (geo_v_conv): Conv2d(64, 32, kernel_size=(1, 1), stride=(1, 1))
        (geo_attn_drop): Dropout(p=0, inplace=False)
        (sem_q_conv): Conv2d(64, 16, kernel_size=(1, 1), stride=(1, 1))
        (sem_k_conv): Conv2d(64, 16, kernel_size=(1, 1), stride=(1, 1))
        (sem_v_conv): Conv2d(64, 16, kernel_size=(1, 1), stride=(1, 1))
        (sem_attn_drop): Dropout(p=0, inplace=False)
        (t_q_conv): Conv2d(64, 16, kernel_size=(1, 1), stride=(1, 1))
        (t_k_conv): Conv2d(64, 16, kernel_size=(1, 1), stride=(1, 1))
        (t_v_conv): Conv2d(64, 16, kernel_size=(1, 1), stride=(1, 1))
        (t_attn_drop): Dropout(p=0, inplace=False)
        (proj): Linear(in_features=48, out_features=64, bias=True)
        (proj_drop): Dropout(p=0, inplace=False)
        (gconv): gcn(
          (nconv): nconv()
          (mlp): linear(
            (mlp): Conv2d(96, 32, kernel_size=(1, 1), stride=(1, 1))
          )
        )
        (reshape1): Linear(in_features=64, out_features=32, bias=True)
        (reshape2): Linear(in_features=32, out_features=64, bias=True)
      )
      (drop_path): DropPath()
      (norm2): LayerNorm((64,), eps=1e-06, elementwise_affine=True)
      (mlp): Mlp(
        (fc1): Linear(in_features=64, out_features=256, bias=True)
        (act): GELU()
        (fc2): Linear(in_features=256, out_features=64, bias=True)
        (drop): Dropout(p=0, inplace=False)
      )
    )
    (3): STEncoderBlock(
      (norm1): LayerNorm((64,), eps=1e-06, elementwise_affine=True)
      (st_attn): STSelfAttention(
        (pattern_q_linears): ModuleList(
          (0): Linear(in_features=64, out_features=32, bias=True)
        )
        (pattern_k_linears): ModuleList(
          (0): Linear(in_features=64, out_features=32, bias=True)
        )
        (pattern_v_linears): ModuleList(
          (0): Linear(in_features=64, out_features=32, bias=True)
        )
        (geo_q_conv): Conv2d(64, 32, kernel_size=(1, 1), stride=(1, 1))
        (geo_k_conv): Conv2d(64, 32, kernel_size=(1, 1), stride=(1, 1))
        (geo_v_conv): Conv2d(64, 32, kernel_size=(1, 1), stride=(1, 1))
        (geo_attn_drop): Dropout(p=0, inplace=False)
        (sem_q_conv): Conv2d(64, 16, kernel_size=(1, 1), stride=(1, 1))
        (sem_k_conv): Conv2d(64, 16, kernel_size=(1, 1), stride=(1, 1))
        (sem_v_conv): Conv2d(64, 16, kernel_size=(1, 1), stride=(1, 1))
        (sem_attn_drop): Dropout(p=0, inplace=False)
        (t_q_conv): Conv2d(64, 16, kernel_size=(1, 1), stride=(1, 1))
        (t_k_conv): Conv2d(64, 16, kernel_size=(1, 1), stride=(1, 1))
        (t_v_conv): Conv2d(64, 16, kernel_size=(1, 1), stride=(1, 1))
        (t_attn_drop): Dropout(p=0, inplace=False)
        (proj): Linear(in_features=48, out_features=64, bias=True)
        (proj_drop): Dropout(p=0, inplace=False)
        (gconv): gcn(
          (nconv): nconv()
          (mlp): linear(
            (mlp): Conv2d(96, 32, kernel_size=(1, 1), stride=(1, 1))
          )
        )
        (reshape1): Linear(in_features=64, out_features=32, bias=True)
        (reshape2): Linear(in_features=32, out_features=64, bias=True)
      )
      (drop_path): DropPath()
      (norm2): LayerNorm((64,), eps=1e-06, elementwise_affine=True)
      (mlp): Mlp(
        (fc1): Linear(in_features=64, out_features=256, bias=True)
        (act): GELU()
        (fc2): Linear(in_features=256, out_features=64, bias=True)
        (drop): Dropout(p=0, inplace=False)
      )
    )
    (4): STEncoderBlock(
      (norm1): LayerNorm((64,), eps=1e-06, elementwise_affine=True)
      (st_attn): STSelfAttention(
        (pattern_q_linears): ModuleList(
          (0): Linear(in_features=64, out_features=32, bias=True)
        )
        (pattern_k_linears): ModuleList(
          (0): Linear(in_features=64, out_features=32, bias=True)
        )
        (pattern_v_linears): ModuleList(
          (0): Linear(in_features=64, out_features=32, bias=True)
        )
        (geo_q_conv): Conv2d(64, 32, kernel_size=(1, 1), stride=(1, 1))
        (geo_k_conv): Conv2d(64, 32, kernel_size=(1, 1), stride=(1, 1))
        (geo_v_conv): Conv2d(64, 32, kernel_size=(1, 1), stride=(1, 1))
        (geo_attn_drop): Dropout(p=0, inplace=False)
        (sem_q_conv): Conv2d(64, 16, kernel_size=(1, 1), stride=(1, 1))
        (sem_k_conv): Conv2d(64, 16, kernel_size=(1, 1), stride=(1, 1))
        (sem_v_conv): Conv2d(64, 16, kernel_size=(1, 1), stride=(1, 1))
        (sem_attn_drop): Dropout(p=0, inplace=False)
        (t_q_conv): Conv2d(64, 16, kernel_size=(1, 1), stride=(1, 1))
        (t_k_conv): Conv2d(64, 16, kernel_size=(1, 1), stride=(1, 1))
        (t_v_conv): Conv2d(64, 16, kernel_size=(1, 1), stride=(1, 1))
        (t_attn_drop): Dropout(p=0, inplace=False)
        (proj): Linear(in_features=48, out_features=64, bias=True)
        (proj_drop): Dropout(p=0, inplace=False)
        (gconv): gcn(
          (nconv): nconv()
          (mlp): linear(
            (mlp): Conv2d(96, 32, kernel_size=(1, 1), stride=(1, 1))
          )
        )
        (reshape1): Linear(in_features=64, out_features=32, bias=True)
        (reshape2): Linear(in_features=32, out_features=64, bias=True)
      )
      (drop_path): DropPath()
      (norm2): LayerNorm((64,), eps=1e-06, elementwise_affine=True)
      (mlp): Mlp(
        (fc1): Linear(in_features=64, out_features=256, bias=True)
        (act): GELU()
        (fc2): Linear(in_features=256, out_features=64, bias=True)
        (drop): Dropout(p=0, inplace=False)
      )
    )
    (5): STEncoderBlock(
      (norm1): LayerNorm((64,), eps=1e-06, elementwise_affine=True)
      (st_attn): STSelfAttention(
        (pattern_q_linears): ModuleList(
          (0): Linear(in_features=64, out_features=32, bias=True)
        )
        (pattern_k_linears): ModuleList(
          (0): Linear(in_features=64, out_features=32, bias=True)
        )
        (pattern_v_linears): ModuleList(
          (0): Linear(in_features=64, out_features=32, bias=True)
        )
        (geo_q_conv): Conv2d(64, 32, kernel_size=(1, 1), stride=(1, 1))
        (geo_k_conv): Conv2d(64, 32, kernel_size=(1, 1), stride=(1, 1))
        (geo_v_conv): Conv2d(64, 32, kernel_size=(1, 1), stride=(1, 1))
        (geo_attn_drop): Dropout(p=0, inplace=False)
        (sem_q_conv): Conv2d(64, 16, kernel_size=(1, 1), stride=(1, 1))
        (sem_k_conv): Conv2d(64, 16, kernel_size=(1, 1), stride=(1, 1))
        (sem_v_conv): Conv2d(64, 16, kernel_size=(1, 1), stride=(1, 1))
        (sem_attn_drop): Dropout(p=0, inplace=False)
        (t_q_conv): Conv2d(64, 16, kernel_size=(1, 1), stride=(1, 1))
        (t_k_conv): Conv2d(64, 16, kernel_size=(1, 1), stride=(1, 1))
        (t_v_conv): Conv2d(64, 16, kernel_size=(1, 1), stride=(1, 1))
        (t_attn_drop): Dropout(p=0, inplace=False)
        (proj): Linear(in_features=48, out_features=64, bias=True)
        (proj_drop): Dropout(p=0, inplace=False)
        (gconv): gcn(
          (nconv): nconv()
          (mlp): linear(
            (mlp): Conv2d(96, 32, kernel_size=(1, 1), stride=(1, 1))
          )
        )
        (reshape1): Linear(in_features=64, out_features=32, bias=True)
        (reshape2): Linear(in_features=32, out_features=64, bias=True)
      )
      (drop_path): DropPath()
      (norm2): LayerNorm((64,), eps=1e-06, elementwise_affine=True)
      (mlp): Mlp(
        (fc1): Linear(in_features=64, out_features=256, bias=True)
        (act): GELU()
        (fc2): Linear(in_features=256, out_features=64, bias=True)
        (drop): Dropout(p=0, inplace=False)
      )
    )
  )
  (skip_convs): ModuleList(
    (0): Conv2d(64, 256, kernel_size=(1, 1), stride=(1, 1))
    (1): Conv2d(64, 256, kernel_size=(1, 1), stride=(1, 1))
    (2): Conv2d(64, 256, kernel_size=(1, 1), stride=(1, 1))
    (3): Conv2d(64, 256, kernel_size=(1, 1), stride=(1, 1))
    (4): Conv2d(64, 256, kernel_size=(1, 1), stride=(1, 1))
    (5): Conv2d(64, 256, kernel_size=(1, 1), stride=(1, 1))
  )
  (end_conv1): Conv2d(12, 12, kernel_size=(1, 1), stride=(1, 1))
  (end_conv2): Conv2d(256, 1, kernel_size=(1, 1), stride=(1, 1))
)
2024-02-29 20:22:33,035 - INFO - pattern_embeddings.0.token_embed.weight	torch.Size([64, 3])	cuda:0	True
2024-02-29 20:22:33,036 - INFO - pattern_embeddings.0.token_embed.bias	torch.Size([64])	cuda:0	True
2024-02-29 20:22:33,036 - INFO - enc_embed_layer.value_embedding.token_embed.weight	torch.Size([64, 1])	cuda:0	True
2024-02-29 20:22:33,036 - INFO - enc_embed_layer.value_embedding.token_embed.bias	torch.Size([64])	cuda:0	True
2024-02-29 20:22:33,036 - INFO - enc_embed_layer.daytime_embedding.weight	torch.Size([1440, 64])	cuda:0	True
2024-02-29 20:22:33,036 - INFO - enc_embed_layer.weekday_embedding.weight	torch.Size([7, 64])	cuda:0	True
2024-02-29 20:22:33,036 - INFO - enc_embed_layer.spatial_embedding.embedding_lap_pos_enc.weight	torch.Size([64, 8])	cuda:0	True
2024-02-29 20:22:33,036 - INFO - enc_embed_layer.spatial_embedding.embedding_lap_pos_enc.bias	torch.Size([64])	cuda:0	True
2024-02-29 20:22:33,036 - INFO - enc_embed_layer.tempp_embedding.weight	torch.Size([64, 8])	cuda:0	True
2024-02-29 20:22:33,036 - INFO - enc_embed_layer.tempp_embedding.bias	torch.Size([64])	cuda:0	True
2024-02-29 20:22:33,036 - INFO - encoder_blocks.0.norm1.weight	torch.Size([64])	cuda:0	True
2024-02-29 20:22:33,036 - INFO - encoder_blocks.0.norm1.bias	torch.Size([64])	cuda:0	True
2024-02-29 20:22:33,036 - INFO - encoder_blocks.0.st_attn.nodevec_p1	torch.Size([288, 40])	cuda:0	True
2024-02-29 20:22:33,036 - INFO - encoder_blocks.0.st_attn.nodevec_p2	torch.Size([170, 40])	cuda:0	True
2024-02-29 20:22:33,036 - INFO - encoder_blocks.0.st_attn.nodevec_p3	torch.Size([170, 40])	cuda:0	True
2024-02-29 20:22:33,036 - INFO - encoder_blocks.0.st_attn.nodevec_pk	torch.Size([40, 40, 40])	cuda:0	True
2024-02-29 20:22:33,036 - INFO - encoder_blocks.0.st_attn.pattern_q_linears.0.weight	torch.Size([32, 64])	cuda:0	True
2024-02-29 20:22:33,036 - INFO - encoder_blocks.0.st_attn.pattern_q_linears.0.bias	torch.Size([32])	cuda:0	True
2024-02-29 20:22:33,036 - INFO - encoder_blocks.0.st_attn.pattern_k_linears.0.weight	torch.Size([32, 64])	cuda:0	True
2024-02-29 20:22:33,036 - INFO - encoder_blocks.0.st_attn.pattern_k_linears.0.bias	torch.Size([32])	cuda:0	True
2024-02-29 20:22:33,036 - INFO - encoder_blocks.0.st_attn.pattern_v_linears.0.weight	torch.Size([32, 64])	cuda:0	True
2024-02-29 20:22:33,036 - INFO - encoder_blocks.0.st_attn.pattern_v_linears.0.bias	torch.Size([32])	cuda:0	True
2024-02-29 20:22:33,036 - INFO - encoder_blocks.0.st_attn.geo_q_conv.weight	torch.Size([32, 64, 1, 1])	cuda:0	True
2024-02-29 20:22:33,036 - INFO - encoder_blocks.0.st_attn.geo_q_conv.bias	torch.Size([32])	cuda:0	True
2024-02-29 20:22:33,036 - INFO - encoder_blocks.0.st_attn.geo_k_conv.weight	torch.Size([32, 64, 1, 1])	cuda:0	True
2024-02-29 20:22:33,036 - INFO - encoder_blocks.0.st_attn.geo_k_conv.bias	torch.Size([32])	cuda:0	True
2024-02-29 20:22:33,036 - INFO - encoder_blocks.0.st_attn.geo_v_conv.weight	torch.Size([32, 64, 1, 1])	cuda:0	True
2024-02-29 20:22:33,037 - INFO - encoder_blocks.0.st_attn.geo_v_conv.bias	torch.Size([32])	cuda:0	True
2024-02-29 20:22:33,037 - INFO - encoder_blocks.0.st_attn.sem_q_conv.weight	torch.Size([16, 64, 1, 1])	cuda:0	True
2024-02-29 20:22:33,037 - INFO - encoder_blocks.0.st_attn.sem_q_conv.bias	torch.Size([16])	cuda:0	True
2024-02-29 20:22:33,037 - INFO - encoder_blocks.0.st_attn.sem_k_conv.weight	torch.Size([16, 64, 1, 1])	cuda:0	True
2024-02-29 20:22:33,037 - INFO - encoder_blocks.0.st_attn.sem_k_conv.bias	torch.Size([16])	cuda:0	True
2024-02-29 20:22:33,037 - INFO - encoder_blocks.0.st_attn.sem_v_conv.weight	torch.Size([16, 64, 1, 1])	cuda:0	True
2024-02-29 20:22:33,037 - INFO - encoder_blocks.0.st_attn.sem_v_conv.bias	torch.Size([16])	cuda:0	True
2024-02-29 20:22:33,037 - INFO - encoder_blocks.0.st_attn.t_q_conv.weight	torch.Size([16, 64, 1, 1])	cuda:0	True
2024-02-29 20:22:33,037 - INFO - encoder_blocks.0.st_attn.t_q_conv.bias	torch.Size([16])	cuda:0	True
2024-02-29 20:22:33,037 - INFO - encoder_blocks.0.st_attn.t_k_conv.weight	torch.Size([16, 64, 1, 1])	cuda:0	True
2024-02-29 20:22:33,037 - INFO - encoder_blocks.0.st_attn.t_k_conv.bias	torch.Size([16])	cuda:0	True
2024-02-29 20:22:33,037 - INFO - encoder_blocks.0.st_attn.t_v_conv.weight	torch.Size([16, 64, 1, 1])	cuda:0	True
2024-02-29 20:22:33,037 - INFO - encoder_blocks.0.st_attn.t_v_conv.bias	torch.Size([16])	cuda:0	True
2024-02-29 20:22:33,037 - INFO - encoder_blocks.0.st_attn.proj.weight	torch.Size([64, 48])	cuda:0	True
2024-02-29 20:22:33,037 - INFO - encoder_blocks.0.st_attn.proj.bias	torch.Size([64])	cuda:0	True
2024-02-29 20:22:33,037 - INFO - encoder_blocks.0.st_attn.gconv.mlp.mlp.weight	torch.Size([32, 96, 1, 1])	cuda:0	True
2024-02-29 20:22:33,037 - INFO - encoder_blocks.0.st_attn.gconv.mlp.mlp.bias	torch.Size([32])	cuda:0	True
2024-02-29 20:22:33,037 - INFO - encoder_blocks.0.st_attn.reshape1.weight	torch.Size([32, 64])	cuda:0	True
2024-02-29 20:22:33,037 - INFO - encoder_blocks.0.st_attn.reshape1.bias	torch.Size([32])	cuda:0	True
2024-02-29 20:22:33,037 - INFO - encoder_blocks.0.st_attn.reshape2.weight	torch.Size([64, 32])	cuda:0	True
2024-02-29 20:22:33,037 - INFO - encoder_blocks.0.st_attn.reshape2.bias	torch.Size([64])	cuda:0	True
2024-02-29 20:22:33,037 - INFO - encoder_blocks.0.norm2.weight	torch.Size([64])	cuda:0	True
2024-02-29 20:22:33,037 - INFO - encoder_blocks.0.norm2.bias	torch.Size([64])	cuda:0	True
2024-02-29 20:22:33,037 - INFO - encoder_blocks.0.mlp.fc1.weight	torch.Size([256, 64])	cuda:0	True
2024-02-29 20:22:33,037 - INFO - encoder_blocks.0.mlp.fc1.bias	torch.Size([256])	cuda:0	True
2024-02-29 20:22:33,038 - INFO - encoder_blocks.0.mlp.fc2.weight	torch.Size([64, 256])	cuda:0	True
2024-02-29 20:22:33,038 - INFO - encoder_blocks.0.mlp.fc2.bias	torch.Size([64])	cuda:0	True
2024-02-29 20:22:33,038 - INFO - encoder_blocks.1.norm1.weight	torch.Size([64])	cuda:0	True
2024-02-29 20:22:33,038 - INFO - encoder_blocks.1.norm1.bias	torch.Size([64])	cuda:0	True
2024-02-29 20:22:33,038 - INFO - encoder_blocks.1.st_attn.nodevec_p1	torch.Size([288, 40])	cuda:0	True
2024-02-29 20:22:33,038 - INFO - encoder_blocks.1.st_attn.nodevec_p2	torch.Size([170, 40])	cuda:0	True
2024-02-29 20:22:33,038 - INFO - encoder_blocks.1.st_attn.nodevec_p3	torch.Size([170, 40])	cuda:0	True
2024-02-29 20:22:33,038 - INFO - encoder_blocks.1.st_attn.nodevec_pk	torch.Size([40, 40, 40])	cuda:0	True
2024-02-29 20:22:33,038 - INFO - encoder_blocks.1.st_attn.pattern_q_linears.0.weight	torch.Size([32, 64])	cuda:0	True
2024-02-29 20:22:33,038 - INFO - encoder_blocks.1.st_attn.pattern_q_linears.0.bias	torch.Size([32])	cuda:0	True
2024-02-29 20:22:33,038 - INFO - encoder_blocks.1.st_attn.pattern_k_linears.0.weight	torch.Size([32, 64])	cuda:0	True
2024-02-29 20:22:33,038 - INFO - encoder_blocks.1.st_attn.pattern_k_linears.0.bias	torch.Size([32])	cuda:0	True
2024-02-29 20:22:33,038 - INFO - encoder_blocks.1.st_attn.pattern_v_linears.0.weight	torch.Size([32, 64])	cuda:0	True
2024-02-29 20:22:33,038 - INFO - encoder_blocks.1.st_attn.pattern_v_linears.0.bias	torch.Size([32])	cuda:0	True
2024-02-29 20:22:33,038 - INFO - encoder_blocks.1.st_attn.geo_q_conv.weight	torch.Size([32, 64, 1, 1])	cuda:0	True
2024-02-29 20:22:33,038 - INFO - encoder_blocks.1.st_attn.geo_q_conv.bias	torch.Size([32])	cuda:0	True
2024-02-29 20:22:33,038 - INFO - encoder_blocks.1.st_attn.geo_k_conv.weight	torch.Size([32, 64, 1, 1])	cuda:0	True
2024-02-29 20:22:33,038 - INFO - encoder_blocks.1.st_attn.geo_k_conv.bias	torch.Size([32])	cuda:0	True
2024-02-29 20:22:33,038 - INFO - encoder_blocks.1.st_attn.geo_v_conv.weight	torch.Size([32, 64, 1, 1])	cuda:0	True
2024-02-29 20:22:33,038 - INFO - encoder_blocks.1.st_attn.geo_v_conv.bias	torch.Size([32])	cuda:0	True
2024-02-29 20:22:33,038 - INFO - encoder_blocks.1.st_attn.sem_q_conv.weight	torch.Size([16, 64, 1, 1])	cuda:0	True
2024-02-29 20:22:33,038 - INFO - encoder_blocks.1.st_attn.sem_q_conv.bias	torch.Size([16])	cuda:0	True
2024-02-29 20:22:33,038 - INFO - encoder_blocks.1.st_attn.sem_k_conv.weight	torch.Size([16, 64, 1, 1])	cuda:0	True
2024-02-29 20:22:33,038 - INFO - encoder_blocks.1.st_attn.sem_k_conv.bias	torch.Size([16])	cuda:0	True
2024-02-29 20:22:33,038 - INFO - encoder_blocks.1.st_attn.sem_v_conv.weight	torch.Size([16, 64, 1, 1])	cuda:0	True
2024-02-29 20:22:33,038 - INFO - encoder_blocks.1.st_attn.sem_v_conv.bias	torch.Size([16])	cuda:0	True
2024-02-29 20:22:33,039 - INFO - encoder_blocks.1.st_attn.t_q_conv.weight	torch.Size([16, 64, 1, 1])	cuda:0	True
2024-02-29 20:22:33,039 - INFO - encoder_blocks.1.st_attn.t_q_conv.bias	torch.Size([16])	cuda:0	True
2024-02-29 20:22:33,039 - INFO - encoder_blocks.1.st_attn.t_k_conv.weight	torch.Size([16, 64, 1, 1])	cuda:0	True
2024-02-29 20:22:33,039 - INFO - encoder_blocks.1.st_attn.t_k_conv.bias	torch.Size([16])	cuda:0	True
2024-02-29 20:22:33,039 - INFO - encoder_blocks.1.st_attn.t_v_conv.weight	torch.Size([16, 64, 1, 1])	cuda:0	True
2024-02-29 20:22:33,039 - INFO - encoder_blocks.1.st_attn.t_v_conv.bias	torch.Size([16])	cuda:0	True
2024-02-29 20:22:33,039 - INFO - encoder_blocks.1.st_attn.proj.weight	torch.Size([64, 48])	cuda:0	True
2024-02-29 20:22:33,039 - INFO - encoder_blocks.1.st_attn.proj.bias	torch.Size([64])	cuda:0	True
2024-02-29 20:22:33,039 - INFO - encoder_blocks.1.st_attn.gconv.mlp.mlp.weight	torch.Size([32, 96, 1, 1])	cuda:0	True
2024-02-29 20:22:33,039 - INFO - encoder_blocks.1.st_attn.gconv.mlp.mlp.bias	torch.Size([32])	cuda:0	True
2024-02-29 20:22:33,039 - INFO - encoder_blocks.1.st_attn.reshape1.weight	torch.Size([32, 64])	cuda:0	True
2024-02-29 20:22:33,039 - INFO - encoder_blocks.1.st_attn.reshape1.bias	torch.Size([32])	cuda:0	True
2024-02-29 20:22:33,039 - INFO - encoder_blocks.1.st_attn.reshape2.weight	torch.Size([64, 32])	cuda:0	True
2024-02-29 20:22:33,039 - INFO - encoder_blocks.1.st_attn.reshape2.bias	torch.Size([64])	cuda:0	True
2024-02-29 20:22:33,039 - INFO - encoder_blocks.1.norm2.weight	torch.Size([64])	cuda:0	True
2024-02-29 20:22:33,039 - INFO - encoder_blocks.1.norm2.bias	torch.Size([64])	cuda:0	True
2024-02-29 20:22:33,039 - INFO - encoder_blocks.1.mlp.fc1.weight	torch.Size([256, 64])	cuda:0	True
2024-02-29 20:22:33,039 - INFO - encoder_blocks.1.mlp.fc1.bias	torch.Size([256])	cuda:0	True
2024-02-29 20:22:33,039 - INFO - encoder_blocks.1.mlp.fc2.weight	torch.Size([64, 256])	cuda:0	True
2024-02-29 20:22:33,039 - INFO - encoder_blocks.1.mlp.fc2.bias	torch.Size([64])	cuda:0	True
2024-02-29 20:22:33,039 - INFO - encoder_blocks.2.norm1.weight	torch.Size([64])	cuda:0	True
2024-02-29 20:22:33,039 - INFO - encoder_blocks.2.norm1.bias	torch.Size([64])	cuda:0	True
2024-02-29 20:22:33,039 - INFO - encoder_blocks.2.st_attn.nodevec_p1	torch.Size([288, 40])	cuda:0	True
2024-02-29 20:22:33,039 - INFO - encoder_blocks.2.st_attn.nodevec_p2	torch.Size([170, 40])	cuda:0	True
2024-02-29 20:22:33,039 - INFO - encoder_blocks.2.st_attn.nodevec_p3	torch.Size([170, 40])	cuda:0	True
2024-02-29 20:22:33,039 - INFO - encoder_blocks.2.st_attn.nodevec_pk	torch.Size([40, 40, 40])	cuda:0	True
2024-02-29 20:22:33,040 - INFO - encoder_blocks.2.st_attn.pattern_q_linears.0.weight	torch.Size([32, 64])	cuda:0	True
2024-02-29 20:22:33,040 - INFO - encoder_blocks.2.st_attn.pattern_q_linears.0.bias	torch.Size([32])	cuda:0	True
2024-02-29 20:22:33,040 - INFO - encoder_blocks.2.st_attn.pattern_k_linears.0.weight	torch.Size([32, 64])	cuda:0	True
2024-02-29 20:22:33,040 - INFO - encoder_blocks.2.st_attn.pattern_k_linears.0.bias	torch.Size([32])	cuda:0	True
2024-02-29 20:22:33,040 - INFO - encoder_blocks.2.st_attn.pattern_v_linears.0.weight	torch.Size([32, 64])	cuda:0	True
2024-02-29 20:22:33,040 - INFO - encoder_blocks.2.st_attn.pattern_v_linears.0.bias	torch.Size([32])	cuda:0	True
2024-02-29 20:22:33,040 - INFO - encoder_blocks.2.st_attn.geo_q_conv.weight	torch.Size([32, 64, 1, 1])	cuda:0	True
2024-02-29 20:22:33,040 - INFO - encoder_blocks.2.st_attn.geo_q_conv.bias	torch.Size([32])	cuda:0	True
2024-02-29 20:22:33,040 - INFO - encoder_blocks.2.st_attn.geo_k_conv.weight	torch.Size([32, 64, 1, 1])	cuda:0	True
2024-02-29 20:22:33,040 - INFO - encoder_blocks.2.st_attn.geo_k_conv.bias	torch.Size([32])	cuda:0	True
2024-02-29 20:22:33,040 - INFO - encoder_blocks.2.st_attn.geo_v_conv.weight	torch.Size([32, 64, 1, 1])	cuda:0	True
2024-02-29 20:22:33,040 - INFO - encoder_blocks.2.st_attn.geo_v_conv.bias	torch.Size([32])	cuda:0	True
2024-02-29 20:22:33,040 - INFO - encoder_blocks.2.st_attn.sem_q_conv.weight	torch.Size([16, 64, 1, 1])	cuda:0	True
2024-02-29 20:22:33,040 - INFO - encoder_blocks.2.st_attn.sem_q_conv.bias	torch.Size([16])	cuda:0	True
2024-02-29 20:22:33,040 - INFO - encoder_blocks.2.st_attn.sem_k_conv.weight	torch.Size([16, 64, 1, 1])	cuda:0	True
2024-02-29 20:22:33,040 - INFO - encoder_blocks.2.st_attn.sem_k_conv.bias	torch.Size([16])	cuda:0	True
2024-02-29 20:22:33,040 - INFO - encoder_blocks.2.st_attn.sem_v_conv.weight	torch.Size([16, 64, 1, 1])	cuda:0	True
2024-02-29 20:22:33,040 - INFO - encoder_blocks.2.st_attn.sem_v_conv.bias	torch.Size([16])	cuda:0	True
2024-02-29 20:22:33,040 - INFO - encoder_blocks.2.st_attn.t_q_conv.weight	torch.Size([16, 64, 1, 1])	cuda:0	True
2024-02-29 20:22:33,040 - INFO - encoder_blocks.2.st_attn.t_q_conv.bias	torch.Size([16])	cuda:0	True
2024-02-29 20:22:33,040 - INFO - encoder_blocks.2.st_attn.t_k_conv.weight	torch.Size([16, 64, 1, 1])	cuda:0	True
2024-02-29 20:22:33,040 - INFO - encoder_blocks.2.st_attn.t_k_conv.bias	torch.Size([16])	cuda:0	True
2024-02-29 20:22:33,040 - INFO - encoder_blocks.2.st_attn.t_v_conv.weight	torch.Size([16, 64, 1, 1])	cuda:0	True
2024-02-29 20:22:33,040 - INFO - encoder_blocks.2.st_attn.t_v_conv.bias	torch.Size([16])	cuda:0	True
2024-02-29 20:22:33,040 - INFO - encoder_blocks.2.st_attn.proj.weight	torch.Size([64, 48])	cuda:0	True
2024-02-29 20:22:33,040 - INFO - encoder_blocks.2.st_attn.proj.bias	torch.Size([64])	cuda:0	True
2024-02-29 20:22:33,040 - INFO - encoder_blocks.2.st_attn.gconv.mlp.mlp.weight	torch.Size([32, 96, 1, 1])	cuda:0	True
2024-02-29 20:22:33,041 - INFO - encoder_blocks.2.st_attn.gconv.mlp.mlp.bias	torch.Size([32])	cuda:0	True
2024-02-29 20:22:33,041 - INFO - encoder_blocks.2.st_attn.reshape1.weight	torch.Size([32, 64])	cuda:0	True
2024-02-29 20:22:33,041 - INFO - encoder_blocks.2.st_attn.reshape1.bias	torch.Size([32])	cuda:0	True
2024-02-29 20:22:33,041 - INFO - encoder_blocks.2.st_attn.reshape2.weight	torch.Size([64, 32])	cuda:0	True
2024-02-29 20:22:33,041 - INFO - encoder_blocks.2.st_attn.reshape2.bias	torch.Size([64])	cuda:0	True
2024-02-29 20:22:33,041 - INFO - encoder_blocks.2.norm2.weight	torch.Size([64])	cuda:0	True
2024-02-29 20:22:33,041 - INFO - encoder_blocks.2.norm2.bias	torch.Size([64])	cuda:0	True
2024-02-29 20:22:33,041 - INFO - encoder_blocks.2.mlp.fc1.weight	torch.Size([256, 64])	cuda:0	True
2024-02-29 20:22:33,041 - INFO - encoder_blocks.2.mlp.fc1.bias	torch.Size([256])	cuda:0	True
2024-02-29 20:22:33,041 - INFO - encoder_blocks.2.mlp.fc2.weight	torch.Size([64, 256])	cuda:0	True
2024-02-29 20:22:33,041 - INFO - encoder_blocks.2.mlp.fc2.bias	torch.Size([64])	cuda:0	True
2024-02-29 20:22:33,041 - INFO - encoder_blocks.3.norm1.weight	torch.Size([64])	cuda:0	True
2024-02-29 20:22:33,041 - INFO - encoder_blocks.3.norm1.bias	torch.Size([64])	cuda:0	True
2024-02-29 20:22:33,041 - INFO - encoder_blocks.3.st_attn.nodevec_p1	torch.Size([288, 40])	cuda:0	True
2024-02-29 20:22:33,041 - INFO - encoder_blocks.3.st_attn.nodevec_p2	torch.Size([170, 40])	cuda:0	True
2024-02-29 20:22:33,041 - INFO - encoder_blocks.3.st_attn.nodevec_p3	torch.Size([170, 40])	cuda:0	True
2024-02-29 20:22:33,041 - INFO - encoder_blocks.3.st_attn.nodevec_pk	torch.Size([40, 40, 40])	cuda:0	True
2024-02-29 20:22:33,041 - INFO - encoder_blocks.3.st_attn.pattern_q_linears.0.weight	torch.Size([32, 64])	cuda:0	True
2024-02-29 20:22:33,041 - INFO - encoder_blocks.3.st_attn.pattern_q_linears.0.bias	torch.Size([32])	cuda:0	True
2024-02-29 20:22:33,041 - INFO - encoder_blocks.3.st_attn.pattern_k_linears.0.weight	torch.Size([32, 64])	cuda:0	True
2024-02-29 20:22:33,041 - INFO - encoder_blocks.3.st_attn.pattern_k_linears.0.bias	torch.Size([32])	cuda:0	True
2024-02-29 20:22:33,041 - INFO - encoder_blocks.3.st_attn.pattern_v_linears.0.weight	torch.Size([32, 64])	cuda:0	True
2024-02-29 20:22:33,041 - INFO - encoder_blocks.3.st_attn.pattern_v_linears.0.bias	torch.Size([32])	cuda:0	True
2024-02-29 20:22:33,041 - INFO - encoder_blocks.3.st_attn.geo_q_conv.weight	torch.Size([32, 64, 1, 1])	cuda:0	True
2024-02-29 20:22:33,041 - INFO - encoder_blocks.3.st_attn.geo_q_conv.bias	torch.Size([32])	cuda:0	True
2024-02-29 20:22:33,041 - INFO - encoder_blocks.3.st_attn.geo_k_conv.weight	torch.Size([32, 64, 1, 1])	cuda:0	True
2024-02-29 20:22:33,041 - INFO - encoder_blocks.3.st_attn.geo_k_conv.bias	torch.Size([32])	cuda:0	True
2024-02-29 20:22:33,042 - INFO - encoder_blocks.3.st_attn.geo_v_conv.weight	torch.Size([32, 64, 1, 1])	cuda:0	True
2024-02-29 20:22:33,042 - INFO - encoder_blocks.3.st_attn.geo_v_conv.bias	torch.Size([32])	cuda:0	True
2024-02-29 20:22:33,042 - INFO - encoder_blocks.3.st_attn.sem_q_conv.weight	torch.Size([16, 64, 1, 1])	cuda:0	True
2024-02-29 20:22:33,042 - INFO - encoder_blocks.3.st_attn.sem_q_conv.bias	torch.Size([16])	cuda:0	True
2024-02-29 20:22:33,042 - INFO - encoder_blocks.3.st_attn.sem_k_conv.weight	torch.Size([16, 64, 1, 1])	cuda:0	True
2024-02-29 20:22:33,042 - INFO - encoder_blocks.3.st_attn.sem_k_conv.bias	torch.Size([16])	cuda:0	True
2024-02-29 20:22:33,042 - INFO - encoder_blocks.3.st_attn.sem_v_conv.weight	torch.Size([16, 64, 1, 1])	cuda:0	True
2024-02-29 20:22:33,042 - INFO - encoder_blocks.3.st_attn.sem_v_conv.bias	torch.Size([16])	cuda:0	True
2024-02-29 20:22:33,042 - INFO - encoder_blocks.3.st_attn.t_q_conv.weight	torch.Size([16, 64, 1, 1])	cuda:0	True
2024-02-29 20:22:33,042 - INFO - encoder_blocks.3.st_attn.t_q_conv.bias	torch.Size([16])	cuda:0	True
2024-02-29 20:22:33,042 - INFO - encoder_blocks.3.st_attn.t_k_conv.weight	torch.Size([16, 64, 1, 1])	cuda:0	True
2024-02-29 20:22:33,042 - INFO - encoder_blocks.3.st_attn.t_k_conv.bias	torch.Size([16])	cuda:0	True
2024-02-29 20:22:33,042 - INFO - encoder_blocks.3.st_attn.t_v_conv.weight	torch.Size([16, 64, 1, 1])	cuda:0	True
2024-02-29 20:22:33,042 - INFO - encoder_blocks.3.st_attn.t_v_conv.bias	torch.Size([16])	cuda:0	True
2024-02-29 20:22:33,042 - INFO - encoder_blocks.3.st_attn.proj.weight	torch.Size([64, 48])	cuda:0	True
2024-02-29 20:22:33,042 - INFO - encoder_blocks.3.st_attn.proj.bias	torch.Size([64])	cuda:0	True
2024-02-29 20:22:33,042 - INFO - encoder_blocks.3.st_attn.gconv.mlp.mlp.weight	torch.Size([32, 96, 1, 1])	cuda:0	True
2024-02-29 20:22:33,042 - INFO - encoder_blocks.3.st_attn.gconv.mlp.mlp.bias	torch.Size([32])	cuda:0	True
2024-02-29 20:22:33,042 - INFO - encoder_blocks.3.st_attn.reshape1.weight	torch.Size([32, 64])	cuda:0	True
2024-02-29 20:22:33,042 - INFO - encoder_blocks.3.st_attn.reshape1.bias	torch.Size([32])	cuda:0	True
2024-02-29 20:22:33,042 - INFO - encoder_blocks.3.st_attn.reshape2.weight	torch.Size([64, 32])	cuda:0	True
2024-02-29 20:22:33,042 - INFO - encoder_blocks.3.st_attn.reshape2.bias	torch.Size([64])	cuda:0	True
2024-02-29 20:22:33,042 - INFO - encoder_blocks.3.norm2.weight	torch.Size([64])	cuda:0	True
2024-02-29 20:22:33,042 - INFO - encoder_blocks.3.norm2.bias	torch.Size([64])	cuda:0	True
2024-02-29 20:22:33,042 - INFO - encoder_blocks.3.mlp.fc1.weight	torch.Size([256, 64])	cuda:0	True
2024-02-29 20:22:33,042 - INFO - encoder_blocks.3.mlp.fc1.bias	torch.Size([256])	cuda:0	True
2024-02-29 20:22:33,043 - INFO - encoder_blocks.3.mlp.fc2.weight	torch.Size([64, 256])	cuda:0	True
2024-02-29 20:22:33,043 - INFO - encoder_blocks.3.mlp.fc2.bias	torch.Size([64])	cuda:0	True
2024-02-29 20:22:33,043 - INFO - encoder_blocks.4.norm1.weight	torch.Size([64])	cuda:0	True
2024-02-29 20:22:33,043 - INFO - encoder_blocks.4.norm1.bias	torch.Size([64])	cuda:0	True
2024-02-29 20:22:33,043 - INFO - encoder_blocks.4.st_attn.nodevec_p1	torch.Size([288, 40])	cuda:0	True
2024-02-29 20:22:33,043 - INFO - encoder_blocks.4.st_attn.nodevec_p2	torch.Size([170, 40])	cuda:0	True
2024-02-29 20:22:33,043 - INFO - encoder_blocks.4.st_attn.nodevec_p3	torch.Size([170, 40])	cuda:0	True
2024-02-29 20:22:33,043 - INFO - encoder_blocks.4.st_attn.nodevec_pk	torch.Size([40, 40, 40])	cuda:0	True
2024-02-29 20:22:33,043 - INFO - encoder_blocks.4.st_attn.pattern_q_linears.0.weight	torch.Size([32, 64])	cuda:0	True
2024-02-29 20:22:33,043 - INFO - encoder_blocks.4.st_attn.pattern_q_linears.0.bias	torch.Size([32])	cuda:0	True
2024-02-29 20:22:33,043 - INFO - encoder_blocks.4.st_attn.pattern_k_linears.0.weight	torch.Size([32, 64])	cuda:0	True
2024-02-29 20:22:33,043 - INFO - encoder_blocks.4.st_attn.pattern_k_linears.0.bias	torch.Size([32])	cuda:0	True
2024-02-29 20:22:33,043 - INFO - encoder_blocks.4.st_attn.pattern_v_linears.0.weight	torch.Size([32, 64])	cuda:0	True
2024-02-29 20:22:33,043 - INFO - encoder_blocks.4.st_attn.pattern_v_linears.0.bias	torch.Size([32])	cuda:0	True
2024-02-29 20:22:33,043 - INFO - encoder_blocks.4.st_attn.geo_q_conv.weight	torch.Size([32, 64, 1, 1])	cuda:0	True
2024-02-29 20:22:33,043 - INFO - encoder_blocks.4.st_attn.geo_q_conv.bias	torch.Size([32])	cuda:0	True
2024-02-29 20:22:33,043 - INFO - encoder_blocks.4.st_attn.geo_k_conv.weight	torch.Size([32, 64, 1, 1])	cuda:0	True
2024-02-29 20:22:33,043 - INFO - encoder_blocks.4.st_attn.geo_k_conv.bias	torch.Size([32])	cuda:0	True
2024-02-29 20:22:33,043 - INFO - encoder_blocks.4.st_attn.geo_v_conv.weight	torch.Size([32, 64, 1, 1])	cuda:0	True
2024-02-29 20:22:33,043 - INFO - encoder_blocks.4.st_attn.geo_v_conv.bias	torch.Size([32])	cuda:0	True
2024-02-29 20:22:33,043 - INFO - encoder_blocks.4.st_attn.sem_q_conv.weight	torch.Size([16, 64, 1, 1])	cuda:0	True
2024-02-29 20:22:33,043 - INFO - encoder_blocks.4.st_attn.sem_q_conv.bias	torch.Size([16])	cuda:0	True
2024-02-29 20:22:33,043 - INFO - encoder_blocks.4.st_attn.sem_k_conv.weight	torch.Size([16, 64, 1, 1])	cuda:0	True
2024-02-29 20:22:33,043 - INFO - encoder_blocks.4.st_attn.sem_k_conv.bias	torch.Size([16])	cuda:0	True
2024-02-29 20:22:33,043 - INFO - encoder_blocks.4.st_attn.sem_v_conv.weight	torch.Size([16, 64, 1, 1])	cuda:0	True
2024-02-29 20:22:33,043 - INFO - encoder_blocks.4.st_attn.sem_v_conv.bias	torch.Size([16])	cuda:0	True
2024-02-29 20:22:33,043 - INFO - encoder_blocks.4.st_attn.t_q_conv.weight	torch.Size([16, 64, 1, 1])	cuda:0	True
2024-02-29 20:22:33,044 - INFO - encoder_blocks.4.st_attn.t_q_conv.bias	torch.Size([16])	cuda:0	True
2024-02-29 20:22:33,044 - INFO - encoder_blocks.4.st_attn.t_k_conv.weight	torch.Size([16, 64, 1, 1])	cuda:0	True
2024-02-29 20:22:33,044 - INFO - encoder_blocks.4.st_attn.t_k_conv.bias	torch.Size([16])	cuda:0	True
2024-02-29 20:22:33,044 - INFO - encoder_blocks.4.st_attn.t_v_conv.weight	torch.Size([16, 64, 1, 1])	cuda:0	True
2024-02-29 20:22:33,044 - INFO - encoder_blocks.4.st_attn.t_v_conv.bias	torch.Size([16])	cuda:0	True
2024-02-29 20:22:33,044 - INFO - encoder_blocks.4.st_attn.proj.weight	torch.Size([64, 48])	cuda:0	True
2024-02-29 20:22:33,044 - INFO - encoder_blocks.4.st_attn.proj.bias	torch.Size([64])	cuda:0	True
2024-02-29 20:22:33,044 - INFO - encoder_blocks.4.st_attn.gconv.mlp.mlp.weight	torch.Size([32, 96, 1, 1])	cuda:0	True
2024-02-29 20:22:33,044 - INFO - encoder_blocks.4.st_attn.gconv.mlp.mlp.bias	torch.Size([32])	cuda:0	True
2024-02-29 20:22:33,044 - INFO - encoder_blocks.4.st_attn.reshape1.weight	torch.Size([32, 64])	cuda:0	True
2024-02-29 20:22:33,044 - INFO - encoder_blocks.4.st_attn.reshape1.bias	torch.Size([32])	cuda:0	True
2024-02-29 20:22:33,044 - INFO - encoder_blocks.4.st_attn.reshape2.weight	torch.Size([64, 32])	cuda:0	True
2024-02-29 20:22:33,044 - INFO - encoder_blocks.4.st_attn.reshape2.bias	torch.Size([64])	cuda:0	True
2024-02-29 20:22:33,044 - INFO - encoder_blocks.4.norm2.weight	torch.Size([64])	cuda:0	True
2024-02-29 20:22:33,044 - INFO - encoder_blocks.4.norm2.bias	torch.Size([64])	cuda:0	True
2024-02-29 20:22:33,044 - INFO - encoder_blocks.4.mlp.fc1.weight	torch.Size([256, 64])	cuda:0	True
2024-02-29 20:22:33,044 - INFO - encoder_blocks.4.mlp.fc1.bias	torch.Size([256])	cuda:0	True
2024-02-29 20:22:33,044 - INFO - encoder_blocks.4.mlp.fc2.weight	torch.Size([64, 256])	cuda:0	True
2024-02-29 20:22:33,044 - INFO - encoder_blocks.4.mlp.fc2.bias	torch.Size([64])	cuda:0	True
2024-02-29 20:22:33,044 - INFO - encoder_blocks.5.norm1.weight	torch.Size([64])	cuda:0	True
2024-02-29 20:22:33,044 - INFO - encoder_blocks.5.norm1.bias	torch.Size([64])	cuda:0	True
2024-02-29 20:22:33,044 - INFO - encoder_blocks.5.st_attn.nodevec_p1	torch.Size([288, 40])	cuda:0	True
2024-02-29 20:22:33,044 - INFO - encoder_blocks.5.st_attn.nodevec_p2	torch.Size([170, 40])	cuda:0	True
2024-02-29 20:22:33,044 - INFO - encoder_blocks.5.st_attn.nodevec_p3	torch.Size([170, 40])	cuda:0	True
2024-02-29 20:22:33,044 - INFO - encoder_blocks.5.st_attn.nodevec_pk	torch.Size([40, 40, 40])	cuda:0	True
2024-02-29 20:22:33,044 - INFO - encoder_blocks.5.st_attn.pattern_q_linears.0.weight	torch.Size([32, 64])	cuda:0	True
2024-02-29 20:22:33,045 - INFO - encoder_blocks.5.st_attn.pattern_q_linears.0.bias	torch.Size([32])	cuda:0	True
2024-02-29 20:22:33,045 - INFO - encoder_blocks.5.st_attn.pattern_k_linears.0.weight	torch.Size([32, 64])	cuda:0	True
2024-02-29 20:22:33,045 - INFO - encoder_blocks.5.st_attn.pattern_k_linears.0.bias	torch.Size([32])	cuda:0	True
2024-02-29 20:22:33,045 - INFO - encoder_blocks.5.st_attn.pattern_v_linears.0.weight	torch.Size([32, 64])	cuda:0	True
2024-02-29 20:22:33,045 - INFO - encoder_blocks.5.st_attn.pattern_v_linears.0.bias	torch.Size([32])	cuda:0	True
2024-02-29 20:22:33,045 - INFO - encoder_blocks.5.st_attn.geo_q_conv.weight	torch.Size([32, 64, 1, 1])	cuda:0	True
2024-02-29 20:22:33,045 - INFO - encoder_blocks.5.st_attn.geo_q_conv.bias	torch.Size([32])	cuda:0	True
2024-02-29 20:22:33,045 - INFO - encoder_blocks.5.st_attn.geo_k_conv.weight	torch.Size([32, 64, 1, 1])	cuda:0	True
2024-02-29 20:22:33,045 - INFO - encoder_blocks.5.st_attn.geo_k_conv.bias	torch.Size([32])	cuda:0	True
2024-02-29 20:22:33,045 - INFO - encoder_blocks.5.st_attn.geo_v_conv.weight	torch.Size([32, 64, 1, 1])	cuda:0	True
2024-02-29 20:22:33,045 - INFO - encoder_blocks.5.st_attn.geo_v_conv.bias	torch.Size([32])	cuda:0	True
2024-02-29 20:22:33,045 - INFO - encoder_blocks.5.st_attn.sem_q_conv.weight	torch.Size([16, 64, 1, 1])	cuda:0	True
2024-02-29 20:22:33,045 - INFO - encoder_blocks.5.st_attn.sem_q_conv.bias	torch.Size([16])	cuda:0	True
2024-02-29 20:22:33,045 - INFO - encoder_blocks.5.st_attn.sem_k_conv.weight	torch.Size([16, 64, 1, 1])	cuda:0	True
2024-02-29 20:22:33,045 - INFO - encoder_blocks.5.st_attn.sem_k_conv.bias	torch.Size([16])	cuda:0	True
2024-02-29 20:22:33,045 - INFO - encoder_blocks.5.st_attn.sem_v_conv.weight	torch.Size([16, 64, 1, 1])	cuda:0	True
2024-02-29 20:22:33,045 - INFO - encoder_blocks.5.st_attn.sem_v_conv.bias	torch.Size([16])	cuda:0	True
2024-02-29 20:22:33,045 - INFO - encoder_blocks.5.st_attn.t_q_conv.weight	torch.Size([16, 64, 1, 1])	cuda:0	True
2024-02-29 20:22:33,045 - INFO - encoder_blocks.5.st_attn.t_q_conv.bias	torch.Size([16])	cuda:0	True
2024-02-29 20:22:33,045 - INFO - encoder_blocks.5.st_attn.t_k_conv.weight	torch.Size([16, 64, 1, 1])	cuda:0	True
2024-02-29 20:22:33,045 - INFO - encoder_blocks.5.st_attn.t_k_conv.bias	torch.Size([16])	cuda:0	True
2024-02-29 20:22:33,045 - INFO - encoder_blocks.5.st_attn.t_v_conv.weight	torch.Size([16, 64, 1, 1])	cuda:0	True
2024-02-29 20:22:33,045 - INFO - encoder_blocks.5.st_attn.t_v_conv.bias	torch.Size([16])	cuda:0	True
2024-02-29 20:22:33,045 - INFO - encoder_blocks.5.st_attn.proj.weight	torch.Size([64, 48])	cuda:0	True
2024-02-29 20:22:33,045 - INFO - encoder_blocks.5.st_attn.proj.bias	torch.Size([64])	cuda:0	True
2024-02-29 20:22:33,045 - INFO - encoder_blocks.5.st_attn.gconv.mlp.mlp.weight	torch.Size([32, 96, 1, 1])	cuda:0	True
2024-02-29 20:22:33,046 - INFO - encoder_blocks.5.st_attn.gconv.mlp.mlp.bias	torch.Size([32])	cuda:0	True
2024-02-29 20:22:33,046 - INFO - encoder_blocks.5.st_attn.reshape1.weight	torch.Size([32, 64])	cuda:0	True
2024-02-29 20:22:33,046 - INFO - encoder_blocks.5.st_attn.reshape1.bias	torch.Size([32])	cuda:0	True
2024-02-29 20:22:33,046 - INFO - encoder_blocks.5.st_attn.reshape2.weight	torch.Size([64, 32])	cuda:0	True
2024-02-29 20:22:33,046 - INFO - encoder_blocks.5.st_attn.reshape2.bias	torch.Size([64])	cuda:0	True
2024-02-29 20:22:33,046 - INFO - encoder_blocks.5.norm2.weight	torch.Size([64])	cuda:0	True
2024-02-29 20:22:33,046 - INFO - encoder_blocks.5.norm2.bias	torch.Size([64])	cuda:0	True
2024-02-29 20:22:33,046 - INFO - encoder_blocks.5.mlp.fc1.weight	torch.Size([256, 64])	cuda:0	True
2024-02-29 20:22:33,046 - INFO - encoder_blocks.5.mlp.fc1.bias	torch.Size([256])	cuda:0	True
2024-02-29 20:22:33,046 - INFO - encoder_blocks.5.mlp.fc2.weight	torch.Size([64, 256])	cuda:0	True
2024-02-29 20:22:33,046 - INFO - encoder_blocks.5.mlp.fc2.bias	torch.Size([64])	cuda:0	True
2024-02-29 20:22:33,046 - INFO - skip_convs.0.weight	torch.Size([256, 64, 1, 1])	cuda:0	True
2024-02-29 20:22:33,046 - INFO - skip_convs.0.bias	torch.Size([256])	cuda:0	True
2024-02-29 20:22:33,046 - INFO - skip_convs.1.weight	torch.Size([256, 64, 1, 1])	cuda:0	True
2024-02-29 20:22:33,046 - INFO - skip_convs.1.bias	torch.Size([256])	cuda:0	True
2024-02-29 20:22:33,046 - INFO - skip_convs.2.weight	torch.Size([256, 64, 1, 1])	cuda:0	True
2024-02-29 20:22:33,046 - INFO - skip_convs.2.bias	torch.Size([256])	cuda:0	True
2024-02-29 20:22:33,046 - INFO - skip_convs.3.weight	torch.Size([256, 64, 1, 1])	cuda:0	True
2024-02-29 20:22:33,046 - INFO - skip_convs.3.bias	torch.Size([256])	cuda:0	True
2024-02-29 20:22:33,046 - INFO - skip_convs.4.weight	torch.Size([256, 64, 1, 1])	cuda:0	True
2024-02-29 20:22:33,046 - INFO - skip_convs.4.bias	torch.Size([256])	cuda:0	True
2024-02-29 20:22:33,046 - INFO - skip_convs.5.weight	torch.Size([256, 64, 1, 1])	cuda:0	True
2024-02-29 20:22:33,046 - INFO - skip_convs.5.bias	torch.Size([256])	cuda:0	True
2024-02-29 20:22:33,046 - INFO - end_conv1.weight	torch.Size([12, 12, 1, 1])	cuda:0	True
2024-02-29 20:22:33,046 - INFO - end_conv1.bias	torch.Size([12])	cuda:0	True
2024-02-29 20:22:33,046 - INFO - end_conv2.weight	torch.Size([1, 256, 1, 1])	cuda:0	True
2024-02-29 20:22:33,046 - INFO - end_conv2.bias	torch.Size([1])	cuda:0	True
2024-02-29 20:22:33,047 - INFO - Total parameter numbers: 1104093
2024-02-29 20:22:33,049 - INFO - You select `adamw` optimizer.
2024-02-29 20:22:33,050 - INFO - You select `cosinelr` lr_scheduler.
2024-02-29 20:22:33,050 - WARNING - Received none train loss func and will use the loss func defined in the model.
2024-02-29 20:22:33,050 - INFO - Number of isolated points: 0
2024-02-29 20:22:33,061 - INFO - Start training ...
2024-02-29 20:22:33,061 - INFO - num_batches:669
2024-02-29 20:22:33,125 - INFO - Training: task_level increase from 0 to 1
2024-02-29 20:22:33,125 - INFO - Current batches_seen is 0
2024-02-29 20:24:03,782 - INFO - epoch complete!
2024-02-29 20:24:03,783 - INFO - evaluating now!
2024-02-29 20:24:10,055 - INFO - Epoch [0/300] (669) train_loss: 249.6562, val_loss: 249.6458, lr: 0.000201, 96.99s
2024-02-29 20:24:10,107 - INFO - Saved model at 0
2024-02-29 20:24:10,107 - INFO - Val loss decrease from inf to 249.6458, saving to ./libcity/cache/49344/model_cache/PDFormer_PeMS08_epoch0.tar
2024-02-29 20:25:41,298 - INFO - epoch complete!
2024-02-29 20:25:41,298 - INFO - evaluating now!
2024-02-29 20:25:47,534 - INFO - Epoch [1/300] (1338) train_loss: 53.4116, val_loss: 193.7208, lr: 0.000401, 97.43s
2024-02-29 20:25:47,584 - INFO - Saved model at 1
2024-02-29 20:25:47,584 - INFO - Val loss decrease from 249.6458 to 193.7208, saving to ./libcity/cache/49344/model_cache/PDFormer_PeMS08_epoch1.tar
2024-02-29 20:27:18,626 - INFO - epoch complete!
2024-02-29 20:27:18,627 - INFO - evaluating now!
2024-02-29 20:27:24,856 - INFO - Epoch [2/300] (2007) train_loss: 36.4620, val_loss: 195.9336, lr: 0.000600, 97.27s
2024-02-29 20:29:02,806 - INFO - epoch complete!
2024-02-29 20:29:02,806 - INFO - evaluating now!
2024-02-29 20:29:09,528 - INFO - Epoch [3/300] (2676) train_loss: 32.8160, val_loss: 194.8591, lr: 0.000800, 104.67s
2024-02-29 20:29:24,311 - INFO - Training: task_level increase from 1 to 2
2024-02-29 20:29:24,311 - INFO - Current batches_seen is 2776
2024-02-29 20:30:48,463 - INFO - epoch complete!
2024-02-29 20:30:48,463 - INFO - evaluating now!
2024-02-29 20:30:55,152 - INFO - Epoch [4/300] (3345) train_loss: 36.3388, val_loss: 171.4306, lr: 0.000999, 105.62s
2024-02-29 20:30:55,209 - INFO - Saved model at 4
2024-02-29 20:30:55,209 - INFO - Val loss decrease from 193.7208 to 171.4306, saving to ./libcity/cache/49344/model_cache/PDFormer_PeMS08_epoch4.tar
2024-02-29 20:32:34,634 - INFO - epoch complete!
2024-02-29 20:32:34,634 - INFO - evaluating now!
2024-02-29 20:32:41,317 - INFO - Epoch [5/300] (4014) train_loss: 30.9543, val_loss: 172.4082, lr: 0.000999, 106.11s
2024-02-29 20:34:20,614 - INFO - epoch complete!
2024-02-29 20:34:20,614 - INFO - evaluating now!
2024-02-29 20:34:27,306 - INFO - Epoch [6/300] (4683) train_loss: 29.8620, val_loss: 172.4182, lr: 0.000999, 105.99s
2024-02-29 20:36:04,824 - INFO - epoch complete!
2024-02-29 20:36:04,825 - INFO - evaluating now!
2024-02-29 20:36:11,050 - INFO - Epoch [7/300] (5352) train_loss: 29.2565, val_loss: 173.1078, lr: 0.000998, 103.74s
2024-02-29 20:36:38,281 - INFO - Training: task_level increase from 2 to 3
2024-02-29 20:36:38,281 - INFO - Current batches_seen is 5552
2024-02-29 20:37:42,013 - INFO - epoch complete!
2024-02-29 20:37:42,014 - INFO - evaluating now!
2024-02-29 20:37:48,234 - INFO - Epoch [8/300] (6021) train_loss: 31.0257, val_loss: 155.7582, lr: 0.000998, 97.18s
2024-02-29 20:37:48,283 - INFO - Saved model at 8
2024-02-29 20:37:48,284 - INFO - Val loss decrease from 171.4306 to 155.7582, saving to ./libcity/cache/49344/model_cache/PDFormer_PeMS08_epoch8.tar
2024-02-29 20:39:19,484 - INFO - epoch complete!
2024-02-29 20:39:19,484 - INFO - evaluating now!
2024-02-29 20:39:25,714 - INFO - Epoch [9/300] (6690) train_loss: 29.9293, val_loss: 155.6549, lr: 0.000998, 97.43s
2024-02-29 20:39:25,764 - INFO - Saved model at 9
2024-02-29 20:39:25,764 - INFO - Val loss decrease from 155.7582 to 155.6549, saving to ./libcity/cache/49344/model_cache/PDFormer_PeMS08_epoch9.tar
2024-02-29 20:40:56,908 - INFO - epoch complete!
2024-02-29 20:40:56,909 - INFO - evaluating now!
2024-02-29 20:41:03,138 - INFO - Epoch [10/300] (7359) train_loss: 29.2154, val_loss: 156.1381, lr: 0.000997, 97.37s
2024-02-29 20:42:34,125 - INFO - epoch complete!
2024-02-29 20:42:34,126 - INFO - evaluating now!
2024-02-29 20:42:40,352 - INFO - Epoch [11/300] (8028) train_loss: 29.0211, val_loss: 156.5995, lr: 0.000996, 97.21s
2024-02-29 20:43:21,250 - INFO - Training: task_level increase from 3 to 4
2024-02-29 20:43:21,250 - INFO - Current batches_seen is 8328
2024-02-29 20:44:11,573 - INFO - epoch complete!
2024-02-29 20:44:11,573 - INFO - evaluating now!
2024-02-29 20:44:17,791 - INFO - Epoch [12/300] (8697) train_loss: 30.1373, val_loss: 143.0505, lr: 0.000996, 97.44s
2024-02-29 20:44:17,840 - INFO - Saved model at 12
2024-02-29 20:44:17,840 - INFO - Val loss decrease from 155.6549 to 143.0505, saving to ./libcity/cache/49344/model_cache/PDFormer_PeMS08_epoch12.tar
2024-02-29 20:45:49,202 - INFO - epoch complete!
2024-02-29 20:45:49,203 - INFO - evaluating now!
2024-02-29 20:45:55,428 - INFO - Epoch [13/300] (9366) train_loss: 29.8883, val_loss: 143.8779, lr: 0.000995, 97.59s
2024-02-29 20:47:26,617 - INFO - epoch complete!
2024-02-29 20:47:26,618 - INFO - evaluating now!
2024-02-29 20:47:32,829 - INFO - Epoch [14/300] (10035) train_loss: 29.4312, val_loss: 142.3151, lr: 0.000994, 97.40s
2024-02-29 20:47:32,879 - INFO - Saved model at 14
2024-02-29 20:47:32,879 - INFO - Val loss decrease from 143.0505 to 142.3151, saving to ./libcity/cache/49344/model_cache/PDFormer_PeMS08_epoch14.tar
2024-02-29 20:49:04,120 - INFO - epoch complete!
2024-02-29 20:49:04,120 - INFO - evaluating now!
2024-02-29 20:49:10,361 - INFO - Epoch [15/300] (10704) train_loss: 29.0028, val_loss: 142.3689, lr: 0.000994, 97.48s
2024-02-29 20:50:04,993 - INFO - Training: task_level increase from 4 to 5
2024-02-29 20:50:04,993 - INFO - Current batches_seen is 11104
2024-02-29 20:50:41,696 - INFO - epoch complete!
2024-02-29 20:50:41,696 - INFO - evaluating now!
2024-02-29 20:50:47,918 - INFO - Epoch [16/300] (11373) train_loss: 29.4772, val_loss: 126.5205, lr: 0.000993, 97.56s
2024-02-29 20:50:47,968 - INFO - Saved model at 16
2024-02-29 20:50:47,969 - INFO - Val loss decrease from 142.3151 to 126.5205, saving to ./libcity/cache/49344/model_cache/PDFormer_PeMS08_epoch16.tar
2024-02-29 20:52:19,134 - INFO - epoch complete!
2024-02-29 20:52:19,134 - INFO - evaluating now!
2024-02-29 20:52:25,350 - INFO - Epoch [17/300] (12042) train_loss: 29.6896, val_loss: 126.1048, lr: 0.000992, 97.38s
2024-02-29 20:52:25,400 - INFO - Saved model at 17
2024-02-29 20:52:25,400 - INFO - Val loss decrease from 126.5205 to 126.1048, saving to ./libcity/cache/49344/model_cache/PDFormer_PeMS08_epoch17.tar
2024-02-29 20:54:03,391 - INFO - epoch complete!
2024-02-29 20:54:03,392 - INFO - evaluating now!
2024-02-29 20:54:09,652 - INFO - Epoch [18/300] (12711) train_loss: 29.0815, val_loss: 125.3328, lr: 0.000991, 104.25s
2024-02-29 20:54:09,702 - INFO - Saved model at 18
2024-02-29 20:54:09,703 - INFO - Val loss decrease from 126.1048 to 125.3328, saving to ./libcity/cache/49344/model_cache/PDFormer_PeMS08_epoch18.tar
2024-02-29 20:55:47,653 - INFO - epoch complete!
2024-02-29 20:55:47,653 - INFO - evaluating now!
2024-02-29 20:55:53,915 - INFO - Epoch [19/300] (13380) train_loss: 29.0248, val_loss: 125.1680, lr: 0.000990, 104.21s
2024-02-29 20:55:53,967 - INFO - Saved model at 19
2024-02-29 20:55:53,968 - INFO - Val loss decrease from 125.3328 to 125.1680, saving to ./libcity/cache/49344/model_cache/PDFormer_PeMS08_epoch19.tar
2024-02-29 20:57:01,059 - INFO - Training: task_level increase from 5 to 6
2024-02-29 20:57:01,060 - INFO - Current batches_seen is 13880
2024-02-29 20:57:23,647 - INFO - epoch complete!
2024-02-29 20:57:23,647 - INFO - evaluating now!
2024-02-29 20:57:29,835 - INFO - Epoch [20/300] (14049) train_loss: 28.8195, val_loss: 123.0321, lr: 0.000989, 95.87s
2024-02-29 20:57:29,885 - INFO - Saved model at 20
2024-02-29 20:57:29,885 - INFO - Val loss decrease from 125.1680 to 123.0321, saving to ./libcity/cache/49344/model_cache/PDFormer_PeMS08_epoch20.tar
2024-02-29 20:59:07,433 - INFO - epoch complete!
2024-02-29 20:59:07,434 - INFO - evaluating now!
2024-02-29 20:59:13,666 - INFO - Epoch [21/300] (14718) train_loss: 29.3747, val_loss: 123.2883, lr: 0.000988, 103.78s
2024-02-29 21:00:41,964 - INFO - epoch complete!
2024-02-29 21:00:41,965 - INFO - evaluating now!
2024-02-29 21:00:48,139 - INFO - Epoch [22/300] (15387) train_loss: 28.6922, val_loss: 123.6426, lr: 0.000987, 94.47s
2024-02-29 21:02:18,231 - INFO - epoch complete!
2024-02-29 21:02:18,232 - INFO - evaluating now!
2024-02-29 21:02:24,401 - INFO - Epoch [23/300] (16056) train_loss: 28.7336, val_loss: 123.5957, lr: 0.000986, 96.26s
2024-02-29 21:03:44,930 - INFO - Training: task_level increase from 6 to 7
2024-02-29 21:03:44,930 - INFO - Current batches_seen is 16656
2024-02-29 21:03:53,922 - INFO - epoch complete!
2024-02-29 21:03:53,922 - INFO - evaluating now!
2024-02-29 21:04:00,087 - INFO - Epoch [24/300] (16725) train_loss: 29.1384, val_loss: 106.8831, lr: 0.000985, 95.69s
2024-02-29 21:04:00,137 - INFO - Saved model at 24
2024-02-29 21:04:00,137 - INFO - Val loss decrease from 123.0321 to 106.8831, saving to ./libcity/cache/49344/model_cache/PDFormer_PeMS08_epoch24.tar
2024-02-29 21:05:41,954 - INFO - epoch complete!
2024-02-29 21:05:41,955 - INFO - evaluating now!
2024-02-29 21:05:48,175 - INFO - Epoch [25/300] (17394) train_loss: 29.0852, val_loss: 106.9695, lr: 0.000983, 108.04s
2024-02-29 21:07:30,086 - INFO - epoch complete!
2024-02-29 21:07:30,087 - INFO - evaluating now!
2024-02-29 21:07:36,278 - INFO - Epoch [26/300] (18063) train_loss: 28.7690, val_loss: 106.4228, lr: 0.000982, 108.10s
2024-02-29 21:07:36,327 - INFO - Saved model at 26
2024-02-29 21:07:36,328 - INFO - Val loss decrease from 106.8831 to 106.4228, saving to ./libcity/cache/49344/model_cache/PDFormer_PeMS08_epoch26.tar
2024-02-29 21:09:07,447 - INFO - epoch complete!
2024-02-29 21:09:07,448 - INFO - evaluating now!
2024-02-29 21:09:13,612 - INFO - Epoch [27/300] (18732) train_loss: 28.3750, val_loss: 106.6316, lr: 0.000981, 97.28s
2024-02-29 21:10:44,568 - INFO - epoch complete!
2024-02-29 21:10:44,568 - INFO - evaluating now!
2024-02-29 21:10:50,726 - INFO - Epoch [28/300] (19401) train_loss: 28.1626, val_loss: 106.7631, lr: 0.000979, 97.11s
2024-02-29 21:10:54,964 - INFO - Training: task_level increase from 7 to 8
2024-02-29 21:10:54,965 - INFO - Current batches_seen is 19432
2024-02-29 21:12:21,259 - INFO - epoch complete!
2024-02-29 21:12:21,260 - INFO - evaluating now!
2024-02-29 21:12:27,408 - INFO - Epoch [29/300] (20070) train_loss: 28.9617, val_loss: 91.0096, lr: 0.000978, 96.68s
2024-02-29 21:12:27,458 - INFO - Saved model at 29
2024-02-29 21:12:27,458 - INFO - Val loss decrease from 106.4228 to 91.0096, saving to ./libcity/cache/49344/model_cache/PDFormer_PeMS08_epoch29.tar
2024-02-29 21:13:58,144 - INFO - epoch complete!
2024-02-29 21:13:58,145 - INFO - evaluating now!
2024-02-29 21:14:04,308 - INFO - Epoch [30/300] (20739) train_loss: 28.3727, val_loss: 91.4103, lr: 0.000976, 96.85s
2024-02-29 21:15:39,860 - INFO - epoch complete!
2024-02-29 21:15:39,860 - INFO - evaluating now!
2024-02-29 21:15:46,400 - INFO - Epoch [31/300] (21408) train_loss: 28.3585, val_loss: 90.8882, lr: 0.000975, 102.09s
2024-02-29 21:15:46,451 - INFO - Saved model at 31
2024-02-29 21:15:46,452 - INFO - Val loss decrease from 91.0096 to 90.8882, saving to ./libcity/cache/49344/model_cache/PDFormer_PeMS08_epoch31.tar
2024-02-29 21:17:32,496 - INFO - epoch complete!
2024-02-29 21:17:32,498 - INFO - evaluating now!
2024-02-29 21:17:38,914 - INFO - Epoch [32/300] (22077) train_loss: 28.0463, val_loss: 91.2812, lr: 0.000973, 112.46s
2024-02-29 21:17:56,902 - INFO - Training: task_level increase from 8 to 9
2024-02-29 21:17:56,903 - INFO - Current batches_seen is 22208
2024-02-29 21:19:23,550 - INFO - epoch complete!
2024-02-29 21:19:23,551 - INFO - evaluating now!
2024-02-29 21:19:29,820 - INFO - Epoch [33/300] (22746) train_loss: 28.4996, val_loss: 76.7144, lr: 0.000972, 110.91s
2024-02-29 21:19:29,872 - INFO - Saved model at 33
2024-02-29 21:19:29,872 - INFO - Val loss decrease from 90.8882 to 76.7144, saving to ./libcity/cache/49344/model_cache/PDFormer_PeMS08_epoch33.tar
2024-02-29 21:21:02,504 - INFO - epoch complete!
2024-02-29 21:21:02,505 - INFO - evaluating now!
2024-02-29 21:21:08,882 - INFO - Epoch [34/300] (23415) train_loss: 28.4429, val_loss: 76.7116, lr: 0.000970, 99.01s
2024-02-29 21:21:08,931 - INFO - Saved model at 34
2024-02-29 21:21:08,932 - INFO - Val loss decrease from 76.7144 to 76.7116, saving to ./libcity/cache/49344/model_cache/PDFormer_PeMS08_epoch34.tar
2024-02-29 21:22:47,760 - INFO - epoch complete!
2024-02-29 21:22:47,761 - INFO - evaluating now!
2024-02-29 21:22:53,958 - INFO - Epoch [35/300] (24084) train_loss: 27.9816, val_loss: 76.9696, lr: 0.000968, 105.03s
2024-02-29 21:24:39,674 - INFO - epoch complete!
2024-02-29 21:24:39,675 - INFO - evaluating now!
2024-02-29 21:24:45,906 - INFO - Epoch [36/300] (24753) train_loss: 27.9689, val_loss: 76.6615, lr: 0.000967, 111.95s
2024-02-29 21:24:45,956 - INFO - Saved model at 36
2024-02-29 21:24:45,956 - INFO - Val loss decrease from 76.7116 to 76.6615, saving to ./libcity/cache/49344/model_cache/PDFormer_PeMS08_epoch36.tar
2024-02-29 21:25:20,176 - INFO - Training: task_level increase from 9 to 10
2024-02-29 21:25:20,176 - INFO - Current batches_seen is 24984
2024-02-29 21:26:31,685 - INFO - epoch complete!
2024-02-29 21:26:31,686 - INFO - evaluating now!
2024-02-29 21:26:38,813 - INFO - Epoch [37/300] (25422) train_loss: 28.5317, val_loss: 61.1007, lr: 0.000965, 112.86s
2024-02-29 21:26:38,872 - INFO - Saved model at 37
2024-02-29 21:26:38,872 - INFO - Val loss decrease from 76.6615 to 61.1007, saving to ./libcity/cache/49344/model_cache/PDFormer_PeMS08_epoch37.tar
2024-02-29 21:28:17,892 - INFO - epoch complete!
2024-02-29 21:28:17,893 - INFO - evaluating now!
2024-02-29 21:28:24,588 - INFO - Epoch [38/300] (26091) train_loss: 28.2715, val_loss: 60.8789, lr: 0.000963, 105.72s
2024-02-29 21:28:24,736 - INFO - Saved model at 38
2024-02-29 21:28:24,737 - INFO - Val loss decrease from 61.1007 to 60.8789, saving to ./libcity/cache/49344/model_cache/PDFormer_PeMS08_epoch38.tar
2024-02-29 21:30:03,158 - INFO - epoch complete!
2024-02-29 21:30:03,158 - INFO - evaluating now!
2024-02-29 21:30:09,871 - INFO - Epoch [39/300] (26760) train_loss: 28.2030, val_loss: 60.3006, lr: 0.000961, 105.13s
2024-02-29 21:30:09,930 - INFO - Saved model at 39
2024-02-29 21:30:09,930 - INFO - Val loss decrease from 60.8789 to 60.3006, saving to ./libcity/cache/49344/model_cache/PDFormer_PeMS08_epoch39.tar
2024-02-29 21:31:48,499 - INFO - epoch complete!
2024-02-29 21:31:48,500 - INFO - evaluating now!
2024-02-29 21:31:55,186 - INFO - Epoch [40/300] (27429) train_loss: 28.1210, val_loss: 60.4230, lr: 0.000959, 105.26s
2024-02-29 21:32:46,998 - INFO - Training: task_level increase from 10 to 11
2024-02-29 21:32:46,998 - INFO - Current batches_seen is 27760
2024-02-29 21:33:40,407 - INFO - epoch complete!
2024-02-29 21:33:40,408 - INFO - evaluating now!
2024-02-29 21:33:46,619 - INFO - Epoch [41/300] (28098) train_loss: 28.1923, val_loss: 45.5194, lr: 0.000957, 111.43s
2024-02-29 21:33:46,670 - INFO - Saved model at 41
2024-02-29 21:33:46,670 - INFO - Val loss decrease from 60.3006 to 45.5194, saving to ./libcity/cache/49344/model_cache/PDFormer_PeMS08_epoch41.tar
2024-02-29 21:35:22,353 - INFO - epoch complete!
2024-02-29 21:35:22,353 - INFO - evaluating now!
2024-02-29 21:35:28,579 - INFO - Epoch [42/300] (28767) train_loss: 28.2750, val_loss: 46.2494, lr: 0.000955, 101.91s
2024-02-29 21:36:59,773 - INFO - epoch complete!
2024-02-29 21:36:59,773 - INFO - evaluating now!
2024-02-29 21:37:05,992 - INFO - Epoch [43/300] (29436) train_loss: 28.0754, val_loss: 45.3211, lr: 0.000953, 97.41s
2024-02-29 21:37:06,042 - INFO - Saved model at 43
2024-02-29 21:37:06,043 - INFO - Val loss decrease from 45.5194 to 45.3211, saving to ./libcity/cache/49344/model_cache/PDFormer_PeMS08_epoch43.tar
2024-02-29 21:38:36,846 - INFO - epoch complete!
2024-02-29 21:38:36,846 - INFO - evaluating now!
2024-02-29 21:38:43,013 - INFO - Epoch [44/300] (30105) train_loss: 28.0107, val_loss: 45.1933, lr: 0.000951, 96.97s
2024-02-29 21:38:43,063 - INFO - Saved model at 44
2024-02-29 21:38:43,063 - INFO - Val loss decrease from 45.3211 to 45.1933, saving to ./libcity/cache/49344/model_cache/PDFormer_PeMS08_epoch44.tar
2024-02-29 21:39:41,418 - INFO - Training: task_level increase from 11 to 12
2024-02-29 21:39:41,418 - INFO - Current batches_seen is 30536
2024-02-29 21:40:13,479 - INFO - epoch complete!
2024-02-29 21:40:13,480 - INFO - evaluating now!
2024-02-29 21:40:19,648 - INFO - Epoch [45/300] (30774) train_loss: 28.2883, val_loss: 28.5873, lr: 0.000949, 96.59s
2024-02-29 21:40:19,698 - INFO - Saved model at 45
2024-02-29 21:40:19,698 - INFO - Val loss decrease from 45.1933 to 28.5873, saving to ./libcity/cache/49344/model_cache/PDFormer_PeMS08_epoch45.tar
2024-02-29 21:41:50,956 - INFO - epoch complete!
2024-02-29 21:41:50,957 - INFO - evaluating now!
2024-02-29 21:41:57,146 - INFO - Epoch [46/300] (31443) train_loss: 28.1819, val_loss: 27.7788, lr: 0.000947, 97.45s
2024-02-29 21:41:57,196 - INFO - Saved model at 46
2024-02-29 21:41:57,197 - INFO - Val loss decrease from 28.5873 to 27.7788, saving to ./libcity/cache/49344/model_cache/PDFormer_PeMS08_epoch46.tar
2024-02-29 21:43:33,266 - INFO - epoch complete!
2024-02-29 21:43:33,267 - INFO - evaluating now!
2024-02-29 21:43:39,514 - INFO - Epoch [47/300] (32112) train_loss: 28.3628, val_loss: 27.8500, lr: 0.000944, 102.32s
2024-02-29 21:45:10,150 - INFO - epoch complete!
2024-02-29 21:45:10,151 - INFO - evaluating now!
2024-02-29 21:45:16,376 - INFO - Epoch [48/300] (32781) train_loss: 28.0310, val_loss: 28.2278, lr: 0.000942, 96.86s
2024-02-29 21:46:49,040 - INFO - epoch complete!
2024-02-29 21:46:49,040 - INFO - evaluating now!
2024-02-29 21:46:55,242 - INFO - Epoch [49/300] (33450) train_loss: 28.0951, val_loss: 27.2280, lr: 0.000940, 98.86s
2024-02-29 21:46:55,291 - INFO - Saved model at 49
2024-02-29 21:46:55,291 - INFO - Val loss decrease from 27.7788 to 27.2280, saving to ./libcity/cache/49344/model_cache/PDFormer_PeMS08_epoch49.tar
2024-02-29 21:48:26,203 - INFO - epoch complete!
2024-02-29 21:48:26,204 - INFO - evaluating now!
2024-02-29 21:48:32,367 - INFO - Epoch [50/300] (34119) train_loss: 27.8492, val_loss: 27.7275, lr: 0.000937, 97.08s
2024-02-29 21:50:15,866 - INFO - epoch complete!
2024-02-29 21:50:15,867 - INFO - evaluating now!
2024-02-29 21:50:22,061 - INFO - Epoch [51/300] (34788) train_loss: 27.8245, val_loss: 28.1717, lr: 0.000935, 109.69s
2024-02-29 21:51:52,512 - INFO - epoch complete!
2024-02-29 21:51:52,513 - INFO - evaluating now!
2024-02-29 21:51:58,671 - INFO - Epoch [52/300] (35457) train_loss: 27.6464, val_loss: 27.4762, lr: 0.000932, 96.61s
2024-02-29 21:53:28,986 - INFO - epoch complete!
2024-02-29 21:53:28,987 - INFO - evaluating now!
2024-02-29 21:53:35,151 - INFO - Epoch [53/300] (36126) train_loss: 27.6245, val_loss: 27.3196, lr: 0.000930, 96.48s
2024-02-29 21:55:05,380 - INFO - epoch complete!
2024-02-29 21:55:05,381 - INFO - evaluating now!
2024-02-29 21:55:11,564 - INFO - Epoch [54/300] (36795) train_loss: 27.6372, val_loss: 27.7068, lr: 0.000927, 96.41s
2024-02-29 21:56:39,739 - INFO - epoch complete!
2024-02-29 21:56:39,740 - INFO - evaluating now!
2024-02-29 21:56:45,914 - INFO - Epoch [55/300] (37464) train_loss: 27.5375, val_loss: 28.2929, lr: 0.000925, 94.35s
2024-02-29 21:58:14,405 - INFO - epoch complete!
2024-02-29 21:58:14,406 - INFO - evaluating now!
2024-02-29 21:58:20,628 - INFO - Epoch [56/300] (38133) train_loss: 27.5065, val_loss: 28.2988, lr: 0.000922, 94.71s
2024-02-29 21:59:49,023 - INFO - epoch complete!
2024-02-29 21:59:49,023 - INFO - evaluating now!
2024-02-29 21:59:55,196 - INFO - Epoch [57/300] (38802) train_loss: 27.4182, val_loss: 27.1429, lr: 0.000920, 94.57s
2024-02-29 21:59:55,245 - INFO - Saved model at 57
2024-02-29 21:59:55,246 - INFO - Val loss decrease from 27.2280 to 27.1429, saving to ./libcity/cache/49344/model_cache/PDFormer_PeMS08_epoch57.tar
2024-02-29 22:01:25,680 - INFO - epoch complete!
2024-02-29 22:01:25,681 - INFO - evaluating now!
2024-02-29 22:01:31,860 - INFO - Epoch [58/300] (39471) train_loss: 27.3665, val_loss: 27.0594, lr: 0.000917, 96.61s
2024-02-29 22:01:31,910 - INFO - Saved model at 58
2024-02-29 22:01:31,910 - INFO - Val loss decrease from 27.1429 to 27.0594, saving to ./libcity/cache/49344/model_cache/PDFormer_PeMS08_epoch58.tar
2024-02-29 22:03:02,512 - INFO - epoch complete!
2024-02-29 22:03:02,513 - INFO - evaluating now!
2024-02-29 22:03:08,732 - INFO - Epoch [59/300] (40140) train_loss: 27.4351, val_loss: 27.0890, lr: 0.000914, 96.82s
2024-02-29 22:04:46,685 - INFO - epoch complete!
2024-02-29 22:04:46,686 - INFO - evaluating now!
2024-02-29 22:04:52,931 - INFO - Epoch [60/300] (40809) train_loss: 27.3362, val_loss: 26.8427, lr: 0.000911, 104.20s
2024-02-29 22:04:52,981 - INFO - Saved model at 60
2024-02-29 22:04:52,981 - INFO - Val loss decrease from 27.0594 to 26.8427, saving to ./libcity/cache/49344/model_cache/PDFormer_PeMS08_epoch60.tar
2024-02-29 22:06:24,201 - INFO - epoch complete!
2024-02-29 22:06:24,202 - INFO - evaluating now!
2024-02-29 22:06:30,419 - INFO - Epoch [61/300] (41478) train_loss: 27.2395, val_loss: 27.0837, lr: 0.000908, 97.44s
2024-02-29 22:08:01,770 - INFO - epoch complete!
2024-02-29 22:08:01,771 - INFO - evaluating now!
2024-02-29 22:08:08,035 - INFO - Epoch [62/300] (42147) train_loss: 27.2239, val_loss: 27.3745, lr: 0.000906, 97.62s
2024-02-29 22:09:39,545 - INFO - epoch complete!
2024-02-29 22:09:39,546 - INFO - evaluating now!
2024-02-29 22:09:45,785 - INFO - Epoch [63/300] (42816) train_loss: 27.1492, val_loss: 28.1659, lr: 0.000903, 97.75s
2024-02-29 22:11:17,167 - INFO - epoch complete!
2024-02-29 22:11:17,168 - INFO - evaluating now!
2024-02-29 22:11:23,396 - INFO - Epoch [64/300] (43485) train_loss: 27.1574, val_loss: 27.1756, lr: 0.000900, 97.61s
2024-02-29 22:12:54,855 - INFO - epoch complete!
2024-02-29 22:12:54,856 - INFO - evaluating now!
2024-02-29 22:13:01,078 - INFO - Epoch [65/300] (44154) train_loss: 27.0324, val_loss: 26.7720, lr: 0.000897, 97.68s
2024-02-29 22:13:01,128 - INFO - Saved model at 65
2024-02-29 22:13:01,128 - INFO - Val loss decrease from 26.8427 to 26.7720, saving to ./libcity/cache/49344/model_cache/PDFormer_PeMS08_epoch65.tar
2024-02-29 22:14:32,062 - INFO - epoch complete!
2024-02-29 22:14:32,063 - INFO - evaluating now!
2024-02-29 22:14:38,252 - INFO - Epoch [66/300] (44823) train_loss: 27.0810, val_loss: 27.9519, lr: 0.000894, 97.12s
2024-02-29 22:16:08,940 - INFO - epoch complete!
2024-02-29 22:16:08,941 - INFO - evaluating now!
2024-02-29 22:16:15,123 - INFO - Epoch [67/300] (45492) train_loss: 27.0851, val_loss: 26.7935, lr: 0.000891, 96.87s
2024-02-29 22:17:45,966 - INFO - epoch complete!
2024-02-29 22:17:45,967 - INFO - evaluating now!
2024-02-29 22:17:52,156 - INFO - Epoch [68/300] (46161) train_loss: 26.8909, val_loss: 28.1298, lr: 0.000888, 97.03s
2024-02-29 22:19:22,934 - INFO - epoch complete!
2024-02-29 22:19:22,935 - INFO - evaluating now!
2024-02-29 22:19:29,122 - INFO - Epoch [69/300] (46830) train_loss: 26.9946, val_loss: 27.3887, lr: 0.000884, 96.97s
2024-02-29 22:20:59,964 - INFO - epoch complete!
2024-02-29 22:20:59,965 - INFO - evaluating now!
2024-02-29 22:21:06,192 - INFO - Epoch [70/300] (47499) train_loss: 26.7948, val_loss: 27.7336, lr: 0.000881, 97.07s
2024-02-29 22:22:36,954 - INFO - epoch complete!
2024-02-29 22:22:36,955 - INFO - evaluating now!
2024-02-29 22:22:43,135 - INFO - Epoch [71/300] (48168) train_loss: 26.8866, val_loss: 27.3080, lr: 0.000878, 96.94s
2024-02-29 22:24:13,794 - INFO - epoch complete!
2024-02-29 22:24:13,794 - INFO - evaluating now!
2024-02-29 22:24:19,986 - INFO - Epoch [72/300] (48837) train_loss: 26.8736, val_loss: 26.7234, lr: 0.000875, 96.85s
2024-02-29 22:24:20,035 - INFO - Saved model at 72
2024-02-29 22:24:20,036 - INFO - Val loss decrease from 26.7720 to 26.7234, saving to ./libcity/cache/49344/model_cache/PDFormer_PeMS08_epoch72.tar
2024-02-29 22:25:50,907 - INFO - epoch complete!
2024-02-29 22:25:50,908 - INFO - evaluating now!
2024-02-29 22:25:57,099 - INFO - Epoch [73/300] (49506) train_loss: 26.8400, val_loss: 26.7178, lr: 0.000872, 97.06s
2024-02-29 22:25:57,148 - INFO - Saved model at 73
2024-02-29 22:25:57,149 - INFO - Val loss decrease from 26.7234 to 26.7178, saving to ./libcity/cache/49344/model_cache/PDFormer_PeMS08_epoch73.tar
2024-02-29 22:27:27,977 - INFO - epoch complete!
2024-02-29 22:27:27,977 - INFO - evaluating now!
2024-02-29 22:27:34,170 - INFO - Epoch [74/300] (50175) train_loss: 26.7109, val_loss: 26.9716, lr: 0.000868, 97.02s
2024-02-29 22:29:05,106 - INFO - epoch complete!
2024-02-29 22:29:05,106 - INFO - evaluating now!
2024-02-29 22:29:11,314 - INFO - Epoch [75/300] (50844) train_loss: 26.7186, val_loss: 26.8984, lr: 0.000865, 97.14s
2024-02-29 22:30:42,232 - INFO - epoch complete!
2024-02-29 22:30:42,233 - INFO - evaluating now!
2024-02-29 22:30:48,429 - INFO - Epoch [76/300] (51513) train_loss: 26.6611, val_loss: 27.1459, lr: 0.000861, 97.11s
2024-02-29 22:32:19,327 - INFO - epoch complete!
2024-02-29 22:32:19,328 - INFO - evaluating now!
2024-02-29 22:32:25,523 - INFO - Epoch [77/300] (52182) train_loss: 26.5784, val_loss: 26.5243, lr: 0.000858, 97.09s
2024-02-29 22:32:25,572 - INFO - Saved model at 77
2024-02-29 22:32:25,572 - INFO - Val loss decrease from 26.7178 to 26.5243, saving to ./libcity/cache/49344/model_cache/PDFormer_PeMS08_epoch77.tar
2024-02-29 22:33:56,570 - INFO - epoch complete!
2024-02-29 22:33:56,571 - INFO - evaluating now!
2024-02-29 22:34:02,786 - INFO - Epoch [78/300] (52851) train_loss: 26.6079, val_loss: 27.1924, lr: 0.000855, 97.21s
2024-02-29 22:35:33,699 - INFO - epoch complete!
2024-02-29 22:35:33,699 - INFO - evaluating now!
2024-02-29 22:35:39,906 - INFO - Epoch [79/300] (53520) train_loss: 26.6001, val_loss: 27.0261, lr: 0.000851, 97.12s
2024-02-29 22:37:14,254 - INFO - epoch complete!
2024-02-29 22:37:14,255 - INFO - evaluating now!
2024-02-29 22:37:20,461 - INFO - Epoch [80/300] (54189) train_loss: 26.5054, val_loss: 26.0319, lr: 0.000848, 100.55s
2024-02-29 22:37:20,510 - INFO - Saved model at 80
2024-02-29 22:37:20,511 - INFO - Val loss decrease from 26.5243 to 26.0319, saving to ./libcity/cache/49344/model_cache/PDFormer_PeMS08_epoch80.tar
2024-02-29 22:38:50,975 - INFO - epoch complete!
2024-02-29 22:38:50,975 - INFO - evaluating now!
2024-02-29 22:38:57,170 - INFO - Epoch [81/300] (54858) train_loss: 26.4373, val_loss: 26.7600, lr: 0.000844, 96.66s
2024-02-29 22:40:29,932 - INFO - epoch complete!
2024-02-29 22:40:29,933 - INFO - evaluating now!
2024-02-29 22:40:36,221 - INFO - Epoch [82/300] (55527) train_loss: 26.5437, val_loss: 27.2590, lr: 0.000840, 99.05s
2024-02-29 22:42:17,247 - INFO - epoch complete!
2024-02-29 22:42:17,248 - INFO - evaluating now!
2024-02-29 22:42:23,464 - INFO - Epoch [83/300] (56196) train_loss: 26.4272, val_loss: 26.8499, lr: 0.000837, 107.24s
2024-02-29 22:43:54,294 - INFO - epoch complete!
2024-02-29 22:43:54,295 - INFO - evaluating now!
2024-02-29 22:44:00,469 - INFO - Epoch [84/300] (56865) train_loss: 26.4555, val_loss: 26.7913, lr: 0.000833, 97.01s
2024-02-29 22:45:41,845 - INFO - epoch complete!
2024-02-29 22:45:41,846 - INFO - evaluating now!
2024-02-29 22:45:48,025 - INFO - Epoch [85/300] (57534) train_loss: 26.3987, val_loss: 26.9545, lr: 0.000830, 107.55s
2024-02-29 22:47:18,908 - INFO - epoch complete!
2024-02-29 22:47:18,909 - INFO - evaluating now!
2024-02-29 22:47:25,051 - INFO - Epoch [86/300] (58203) train_loss: 26.4842, val_loss: 27.2863, lr: 0.000826, 97.03s
2024-02-29 22:48:56,020 - INFO - epoch complete!
2024-02-29 22:48:56,020 - INFO - evaluating now!
2024-02-29 22:49:02,181 - INFO - Epoch [87/300] (58872) train_loss: 26.3796, val_loss: 26.4008, lr: 0.000822, 97.13s
2024-02-29 22:50:36,673 - INFO - epoch complete!
2024-02-29 22:50:36,674 - INFO - evaluating now!
2024-02-29 22:50:42,881 - INFO - Epoch [88/300] (59541) train_loss: 26.2135, val_loss: 26.5180, lr: 0.000818, 100.70s
2024-02-29 22:53:00,809 - INFO - epoch complete!
2024-02-29 22:53:00,810 - INFO - evaluating now!
2024-02-29 22:53:12,892 - INFO - Epoch [89/300] (60210) train_loss: 26.2760, val_loss: 26.1128, lr: 0.000815, 150.01s
2024-02-29 22:55:40,941 - INFO - epoch complete!
2024-02-29 22:55:40,943 - INFO - evaluating now!
2024-02-29 22:55:52,472 - INFO - Epoch [90/300] (60879) train_loss: 26.2976, val_loss: 26.6184, lr: 0.000811, 159.58s
2024-02-29 22:58:17,667 - INFO - epoch complete!
2024-02-29 22:58:17,668 - INFO - evaluating now!
2024-02-29 22:58:29,541 - INFO - Epoch [91/300] (61548) train_loss: 26.2047, val_loss: 26.5694, lr: 0.000807, 157.07s
2024-02-29 23:00:55,277 - INFO - epoch complete!
2024-02-29 23:00:55,277 - INFO - evaluating now!
2024-02-29 23:01:07,336 - INFO - Epoch [92/300] (62217) train_loss: 26.1641, val_loss: 26.6010, lr: 0.000803, 157.79s
2024-02-29 23:03:33,751 - INFO - epoch complete!
2024-02-29 23:03:33,751 - INFO - evaluating now!
2024-02-29 23:03:45,783 - INFO - Epoch [93/300] (62886) train_loss: 26.1294, val_loss: 26.1695, lr: 0.000799, 158.45s
2024-02-29 23:06:11,895 - INFO - epoch complete!
2024-02-29 23:06:11,895 - INFO - evaluating now!
2024-02-29 23:06:23,817 - INFO - Epoch [94/300] (63555) train_loss: 26.1611, val_loss: 26.7633, lr: 0.000795, 158.03s
2024-02-29 23:08:50,127 - INFO - epoch complete!
2024-02-29 23:08:50,128 - INFO - evaluating now!
2024-02-29 23:09:02,160 - INFO - Epoch [95/300] (64224) train_loss: 26.0744, val_loss: 26.3650, lr: 0.000791, 158.34s
2024-02-29 23:11:29,142 - INFO - epoch complete!
2024-02-29 23:11:29,142 - INFO - evaluating now!
2024-02-29 23:11:40,955 - INFO - Epoch [96/300] (64893) train_loss: 26.1194, val_loss: 26.3028, lr: 0.000787, 158.79s
2024-02-29 23:14:13,684 - INFO - epoch complete!
2024-02-29 23:14:13,685 - INFO - evaluating now!
2024-02-29 23:14:25,493 - INFO - Epoch [97/300] (65562) train_loss: 26.0659, val_loss: 26.3214, lr: 0.000783, 164.54s
2024-02-29 23:16:56,652 - INFO - epoch complete!
2024-02-29 23:16:56,652 - INFO - evaluating now!
2024-02-29 23:17:08,090 - INFO - Epoch [98/300] (66231) train_loss: 26.1175, val_loss: 26.6403, lr: 0.000779, 162.60s
2024-02-29 23:19:35,279 - INFO - epoch complete!
2024-02-29 23:19:35,280 - INFO - evaluating now!
2024-02-29 23:19:46,465 - INFO - Epoch [99/300] (66900) train_loss: 25.9723, val_loss: 26.1813, lr: 0.000775, 158.38s
2024-02-29 23:22:21,113 - INFO - epoch complete!
2024-02-29 23:22:21,114 - INFO - evaluating now!
2024-02-29 23:22:32,961 - INFO - Epoch [100/300] (67569) train_loss: 25.9235, val_loss: 26.1972, lr: 0.000771, 166.50s
2024-02-29 23:25:05,486 - INFO - epoch complete!
2024-02-29 23:25:05,487 - INFO - evaluating now!
2024-02-29 23:25:17,359 - INFO - Epoch [101/300] (68238) train_loss: 26.0682, val_loss: 26.2407, lr: 0.000767, 164.40s
2024-02-29 23:27:52,160 - INFO - epoch complete!
2024-02-29 23:27:52,161 - INFO - evaluating now!
2024-02-29 23:28:04,121 - INFO - Epoch [102/300] (68907) train_loss: 25.8656, val_loss: 26.0963, lr: 0.000763, 166.76s
2024-02-29 23:30:31,097 - INFO - epoch complete!
2024-02-29 23:30:31,098 - INFO - evaluating now!
2024-02-29 23:30:42,924 - INFO - Epoch [103/300] (69576) train_loss: 25.9857, val_loss: 26.7286, lr: 0.000758, 158.80s
2024-02-29 23:33:08,949 - INFO - epoch complete!
2024-02-29 23:33:08,950 - INFO - evaluating now!
2024-02-29 23:33:20,777 - INFO - Epoch [104/300] (70245) train_loss: 25.8505, val_loss: 26.2151, lr: 0.000754, 157.85s
2024-02-29 23:35:57,594 - INFO - epoch complete!
2024-02-29 23:35:57,595 - INFO - evaluating now!
2024-02-29 23:36:09,541 - INFO - Epoch [105/300] (70914) train_loss: 25.8150, val_loss: 27.5822, lr: 0.000750, 168.76s
2024-02-29 23:38:34,738 - INFO - epoch complete!
2024-02-29 23:38:34,738 - INFO - evaluating now!
2024-02-29 23:38:46,559 - INFO - Epoch [106/300] (71583) train_loss: 25.7356, val_loss: 26.3882, lr: 0.000746, 157.02s
2024-02-29 23:41:12,437 - INFO - epoch complete!
2024-02-29 23:41:12,438 - INFO - evaluating now!
2024-02-29 23:41:24,228 - INFO - Epoch [107/300] (72252) train_loss: 25.8003, val_loss: 26.6443, lr: 0.000742, 157.67s
2024-02-29 23:43:53,768 - INFO - epoch complete!
2024-02-29 23:43:53,768 - INFO - evaluating now!
2024-02-29 23:44:05,787 - INFO - Epoch [108/300] (72921) train_loss: 25.7532, val_loss: 26.3902, lr: 0.000737, 161.56s
2024-02-29 23:46:34,689 - INFO - epoch complete!
2024-02-29 23:46:34,689 - INFO - evaluating now!
2024-02-29 23:46:46,554 - INFO - Epoch [109/300] (73590) train_loss: 25.8127, val_loss: 26.0450, lr: 0.000733, 160.77s
2024-02-29 23:49:12,765 - INFO - epoch complete!
2024-02-29 23:49:12,766 - INFO - evaluating now!
2024-02-29 23:49:24,601 - INFO - Epoch [110/300] (74259) train_loss: 25.7005, val_loss: 26.5595, lr: 0.000729, 158.05s
2024-02-29 23:51:50,852 - INFO - epoch complete!
2024-02-29 23:51:50,853 - INFO - evaluating now!
2024-02-29 23:52:02,766 - INFO - Epoch [111/300] (74928) train_loss: 25.7324, val_loss: 26.1531, lr: 0.000724, 158.16s
2024-02-29 23:54:35,552 - INFO - epoch complete!
2024-02-29 23:54:35,552 - INFO - evaluating now!
2024-02-29 23:54:47,569 - INFO - Epoch [112/300] (75597) train_loss: 25.7312, val_loss: 26.1346, lr: 0.000720, 164.80s
2024-02-29 23:57:21,320 - INFO - epoch complete!
2024-02-29 23:57:21,321 - INFO - evaluating now!
2024-02-29 23:57:33,218 - INFO - Epoch [113/300] (76266) train_loss: 25.6259, val_loss: 25.9781, lr: 0.000716, 165.65s
2024-02-29 23:57:33,269 - INFO - Saved model at 113
2024-02-29 23:57:33,269 - INFO - Val loss decrease from 26.0319 to 25.9781, saving to ./libcity/cache/49344/model_cache/PDFormer_PeMS08_epoch113.tar
2024-03-01 00:00:00,788 - INFO - epoch complete!
2024-03-01 00:00:00,788 - INFO - evaluating now!
2024-03-01 00:00:12,822 - INFO - Epoch [114/300] (76935) train_loss: 25.4981, val_loss: 26.0363, lr: 0.000711, 159.55s
2024-03-01 00:02:40,315 - INFO - epoch complete!
2024-03-01 00:02:40,315 - INFO - evaluating now!
2024-03-01 00:02:52,269 - INFO - Epoch [115/300] (77604) train_loss: 25.6025, val_loss: 25.8485, lr: 0.000707, 159.45s
2024-03-01 00:02:52,321 - INFO - Saved model at 115
2024-03-01 00:02:52,321 - INFO - Val loss decrease from 25.9781 to 25.8485, saving to ./libcity/cache/49344/model_cache/PDFormer_PeMS08_epoch115.tar
2024-03-01 00:05:19,599 - INFO - epoch complete!
2024-03-01 00:05:19,599 - INFO - evaluating now!
2024-03-01 00:05:31,569 - INFO - Epoch [116/300] (78273) train_loss: 25.6302, val_loss: 26.1021, lr: 0.000702, 159.25s
2024-03-01 00:07:59,008 - INFO - epoch complete!
2024-03-01 00:07:59,008 - INFO - evaluating now!
2024-03-01 00:08:10,930 - INFO - Epoch [117/300] (78942) train_loss: 25.5754, val_loss: 26.5154, lr: 0.000698, 159.36s
2024-03-01 00:10:38,890 - INFO - epoch complete!
2024-03-01 00:10:38,891 - INFO - evaluating now!
2024-03-01 00:10:50,135 - INFO - Epoch [118/300] (79611) train_loss: 25.5623, val_loss: 26.6589, lr: 0.000694, 159.20s
2024-03-01 00:13:14,233 - INFO - epoch complete!
2024-03-01 00:13:14,234 - INFO - evaluating now!
2024-03-01 00:13:25,964 - INFO - Epoch [119/300] (80280) train_loss: 25.5558, val_loss: 25.9413, lr: 0.000689, 155.83s
2024-03-01 00:15:53,482 - INFO - epoch complete!
2024-03-01 00:15:53,482 - INFO - evaluating now!
2024-03-01 00:16:04,788 - INFO - Epoch [120/300] (80949) train_loss: 25.5282, val_loss: 26.1799, lr: 0.000685, 158.82s
2024-03-01 00:18:27,975 - INFO - epoch complete!
2024-03-01 00:18:27,975 - INFO - evaluating now!
2024-03-01 00:18:39,204 - INFO - Epoch [121/300] (81618) train_loss: 25.5301, val_loss: 25.8698, lr: 0.000680, 154.42s
