2024-03-21 21:08:15,374 - INFO - Log directory: ./libcity/log
2024-03-21 21:08:15,375 - INFO - Begin pipeline, task=traffic_state_pred, model_name=PDFormer, dataset_name=PeMS08, exp_id=55603
2024-03-21 21:08:15,375 - INFO - {'task': 'traffic_state_pred', 'model': 'PDFormer', 'dataset': 'PeMS08', 'saved_model': True, 'train': True, 'local_rank': 0, 'initial_ckpt': None, 'dataset_class': 'PDFormerDataset', 'input_window': 12, 'output_window': 12, 'train_rate': 0.6, 'eval_rate': 0.2, 'batch_size': 16, 'add_time_in_day': True, 'add_day_in_week': True, 'step_size': 2776, 'max_epoch': 300, 'bidir': True, 'far_mask_delta': 7, 'geo_num_heads': 4, 'sem_num_heads': 2, 't_num_heads': 2, 'cluster_method': 'kshape', 'cand_key_days': 21, 'seed': 1, 'type_ln': 'pre', 'set_loss': 'huber', 'huber_delta': 2, 'mode': 'average', 'executor': 'PDFormerExecutor', 'evaluator': 'TrafficStateEvaluator', 'embed_dim': 64, 'skip_dim': 256, 'mlp_ratio': 4, 'qkv_bias': True, 'drop': 0, 'attn_drop': 0, 'drop_path': 0.3, 's_attn_size': 3, 't_attn_size': 1, 'enc_depth': 6, 'type_short_path': 'hop', 'scaler': 'standard', 'load_external': True, 'normal_external': False, 'ext_scaler': 'none', 'learner': 'adamw', 'learning_rate': 0.001, 'weight_decay': 0.05, 'lr_decay': True, 'lr_scheduler': 'cosinelr', 'lr_eta_min': 0.0001, 'lr_decay_ratio': 0.1, 'lr_warmup_epoch': 5, 'lr_warmup_init': 1e-06, 'clip_grad_norm': True, 'max_grad_norm': 5, 'use_early_stop': True, 'patience': 50, 'task_level': 0, 'use_curriculum_learning': True, 'random_flip': True, 'quan_delta': 0.25, 'dtw_delta': 5, 'cache_dataset': True, 'num_workers': 0, 'pad_with_last_sample': True, 'lape_dim': 8, 'gpu': True, 'gpu_id': 0, 'train_loss': 'none', 'epoch': 0, 'lr_epsilon': 1e-08, 'lr_beta1': 0.9, 'lr_beta2': 0.999, 'lr_alpha': 0.99, 'lr_momentum': 0, 'steps': [5, 20, 40, 70], 'lr_T_max': 30, 'lr_patience': 10, 'lr_threshold': 0.0001, 'log_level': 'INFO', 'log_every': 1, 'load_best_epoch': True, 'hyper_tune': False, 'grad_accmu_steps': 1, 'metrics': ['MAE', 'MAPE', 'RMSE', 'masked_MAE', 'masked_MAPE', 'masked_RMSE'], 'save_modes': ['csv'], 'geo': {'including_types': ['Point'], 'Point': {}}, 'rel': {'including_types': ['geo'], 'geo': {'cost': 'num'}}, 'dyna': {'including_types': ['state'], 'state': {'entity_id': 'geo_id', 'traffic_flow': 'num', 'traffic_occupancy': 'num', 'traffic_speed': 'num'}}, 'data_col': ['traffic_flow'], 'weight_col': 'cost', 'data_files': ['PeMS08'], 'geo_file': 'PeMS08', 'rel_file': 'PeMS08', 'adp_file': 'PeMS08', 'output_dim': 1, 'time_intervals': 300, 'init_weight_inf_or_zero': 'zero', 'set_weight_link_or_dist': 'link', 'calculate_weight_adj': False, 'weight_adj_epsilon': 0.1, 'distributed': False, 'device': device(type='cuda', index=0), 'exp_id': 55603}
2024-03-21 21:08:16,006 - INFO - Loaded file PeMS08.geo, num_nodes=170
2024-03-21 21:08:16,009 - INFO - set_weight_link_or_dist: link
2024-03-21 21:08:16,010 - INFO - init_weight_inf_or_zero: zero
2024-03-21 21:08:16,014 - INFO - Loaded file PeMS08.rel, shape=(170, 170)
2024-03-21 21:08:16,014 - INFO - Max adj_mx value = 1.0
2024-03-21 21:08:41,192 - INFO - Loading file PeMS08.dyna
2024-03-21 21:08:45,803 - INFO - Loaded file PeMS08.dyna, shape=(17856, 170, 1)
2024-03-21 21:08:45,832 - INFO - Load DTW matrix from ./libcity/cache/dataset_cache/dtw_PeMS08.npy
2024-03-21 21:08:45,833 - INFO - Loading ./libcity/cache/dataset_cache/pdformer_point_based_PeMS08_12_12_0.6_1_0.2_standard_16_True_True_True_True_traffic_flow.npz
2024-03-21 21:09:01,367 - INFO - train	x: (10700, 12, 170, 9), y: (10700, 12, 170, 9), ind: (10700,)
2024-03-21 21:09:01,367 - INFO - eval	x: (3566, 12, 170, 9), y: (3566, 12, 170, 9), ind: (3566,)
2024-03-21 21:09:01,367 - INFO - test	x: (3567, 12, 170, 9), y: (3567, 12, 170, 9), ind: (3567,)
2024-03-21 21:09:02,254 - INFO - StandardScaler mean: 229.8431355598314, std: 145.62553066568907
2024-03-21 21:09:02,255 - INFO - NoneScaler
2024-03-21 21:09:03,911 - INFO - Loaded file ./libcity/cache/dataset_cache/pattern_keys_kshape_PeMS08_21_3_16_5.npy
2024-03-21 21:09:03,929 - INFO - Use use_curriculum_learning!
2024-03-21 21:09:11,430 - INFO - Number of isolated points: 0
2024-03-21 21:09:11,456 - INFO - Number of isolated points: 0
2024-03-21 21:09:11,584 - INFO - PDFormer(
  (pattern_embeddings): ModuleList(
    (0): TokenEmbedding(
      (token_embed): Linear(in_features=3, out_features=64, bias=True)
      (norm): Identity()
    )
  )
  (enc_embed_layer): DataEmbedding(
    (value_embedding): TokenEmbedding(
      (token_embed): Linear(in_features=1, out_features=64, bias=True)
      (norm): Identity()
    )
    (position_encoding): PositionalEncoding()
    (daytime_embedding): Embedding(1440, 64)
    (weekday_embedding): Embedding(7, 64)
    (spatial_embedding): LaplacianPE(
      (embedding_lap_pos_enc): Linear(in_features=8, out_features=64, bias=True)
    )
    (tempp_embedding): Linear(in_features=8, out_features=64, bias=True)
    (dropout): Dropout(p=0, inplace=False)
  )
  (encoder_blocks): ModuleList(
    (0): STEncoderBlock(
      (norm1): LayerNorm((64,), eps=1e-06, elementwise_affine=True)
      (st_attn): STSelfAttention(
        (pattern_q_linears): ModuleList(
          (0): Linear(in_features=64, out_features=32, bias=True)
        )
        (pattern_k_linears): ModuleList(
          (0): Linear(in_features=64, out_features=32, bias=True)
        )
        (pattern_v_linears): ModuleList(
          (0): Linear(in_features=64, out_features=32, bias=True)
        )
        (geo_q_conv): Conv2d(64, 32, kernel_size=(1, 1), stride=(1, 1))
        (geo_k_conv): Conv2d(64, 32, kernel_size=(1, 1), stride=(1, 1))
        (geo_v_conv): Conv2d(64, 32, kernel_size=(1, 1), stride=(1, 1))
        (geo_attn_drop): Dropout(p=0, inplace=False)
        (sem_q_conv): Conv2d(64, 16, kernel_size=(1, 1), stride=(1, 1))
        (sem_k_conv): Conv2d(64, 16, kernel_size=(1, 1), stride=(1, 1))
        (sem_v_conv): Conv2d(64, 16, kernel_size=(1, 1), stride=(1, 1))
        (sem_attn_drop): Dropout(p=0, inplace=False)
        (t_q_conv): Conv2d(64, 16, kernel_size=(1, 1), stride=(1, 1))
        (t_k_conv): Conv2d(64, 16, kernel_size=(1, 1), stride=(1, 1))
        (t_v_conv): Conv2d(64, 16, kernel_size=(1, 1), stride=(1, 1))
        (t_attn_drop): Dropout(p=0, inplace=False)
        (proj): Linear(in_features=48, out_features=64, bias=True)
        (proj_drop): Dropout(p=0, inplace=False)
        (gconv): gcn(
          (nconv): nconv()
          (mlp): linear(
            (mlp): Conv2d(96, 32, kernel_size=(1, 1), stride=(1, 1))
          )
        )
        (reshape1): Linear(in_features=64, out_features=32, bias=True)
        (reshape2): Linear(in_features=32, out_features=64, bias=True)
      )
      (drop_path): Identity()
      (norm2): LayerNorm((64,), eps=1e-06, elementwise_affine=True)
      (mlp): Mlp(
        (fc1): Linear(in_features=64, out_features=256, bias=True)
        (act): GELU()
        (fc2): Linear(in_features=256, out_features=64, bias=True)
        (drop): Dropout(p=0, inplace=False)
      )
    )
    (1): STEncoderBlock(
      (norm1): LayerNorm((64,), eps=1e-06, elementwise_affine=True)
      (st_attn): STSelfAttention(
        (pattern_q_linears): ModuleList(
          (0): Linear(in_features=64, out_features=32, bias=True)
        )
        (pattern_k_linears): ModuleList(
          (0): Linear(in_features=64, out_features=32, bias=True)
        )
        (pattern_v_linears): ModuleList(
          (0): Linear(in_features=64, out_features=32, bias=True)
        )
        (geo_q_conv): Conv2d(64, 32, kernel_size=(1, 1), stride=(1, 1))
        (geo_k_conv): Conv2d(64, 32, kernel_size=(1, 1), stride=(1, 1))
        (geo_v_conv): Conv2d(64, 32, kernel_size=(1, 1), stride=(1, 1))
        (geo_attn_drop): Dropout(p=0, inplace=False)
        (sem_q_conv): Conv2d(64, 16, kernel_size=(1, 1), stride=(1, 1))
        (sem_k_conv): Conv2d(64, 16, kernel_size=(1, 1), stride=(1, 1))
        (sem_v_conv): Conv2d(64, 16, kernel_size=(1, 1), stride=(1, 1))
        (sem_attn_drop): Dropout(p=0, inplace=False)
        (t_q_conv): Conv2d(64, 16, kernel_size=(1, 1), stride=(1, 1))
        (t_k_conv): Conv2d(64, 16, kernel_size=(1, 1), stride=(1, 1))
        (t_v_conv): Conv2d(64, 16, kernel_size=(1, 1), stride=(1, 1))
        (t_attn_drop): Dropout(p=0, inplace=False)
        (proj): Linear(in_features=48, out_features=64, bias=True)
        (proj_drop): Dropout(p=0, inplace=False)
        (gconv): gcn(
          (nconv): nconv()
          (mlp): linear(
            (mlp): Conv2d(96, 32, kernel_size=(1, 1), stride=(1, 1))
          )
        )
        (reshape1): Linear(in_features=64, out_features=32, bias=True)
        (reshape2): Linear(in_features=32, out_features=64, bias=True)
      )
      (drop_path): DropPath()
      (norm2): LayerNorm((64,), eps=1e-06, elementwise_affine=True)
      (mlp): Mlp(
        (fc1): Linear(in_features=64, out_features=256, bias=True)
        (act): GELU()
        (fc2): Linear(in_features=256, out_features=64, bias=True)
        (drop): Dropout(p=0, inplace=False)
      )
    )
    (2): STEncoderBlock(
      (norm1): LayerNorm((64,), eps=1e-06, elementwise_affine=True)
      (st_attn): STSelfAttention(
        (pattern_q_linears): ModuleList(
          (0): Linear(in_features=64, out_features=32, bias=True)
        )
        (pattern_k_linears): ModuleList(
          (0): Linear(in_features=64, out_features=32, bias=True)
        )
        (pattern_v_linears): ModuleList(
          (0): Linear(in_features=64, out_features=32, bias=True)
        )
        (geo_q_conv): Conv2d(64, 32, kernel_size=(1, 1), stride=(1, 1))
        (geo_k_conv): Conv2d(64, 32, kernel_size=(1, 1), stride=(1, 1))
        (geo_v_conv): Conv2d(64, 32, kernel_size=(1, 1), stride=(1, 1))
        (geo_attn_drop): Dropout(p=0, inplace=False)
        (sem_q_conv): Conv2d(64, 16, kernel_size=(1, 1), stride=(1, 1))
        (sem_k_conv): Conv2d(64, 16, kernel_size=(1, 1), stride=(1, 1))
        (sem_v_conv): Conv2d(64, 16, kernel_size=(1, 1), stride=(1, 1))
        (sem_attn_drop): Dropout(p=0, inplace=False)
        (t_q_conv): Conv2d(64, 16, kernel_size=(1, 1), stride=(1, 1))
        (t_k_conv): Conv2d(64, 16, kernel_size=(1, 1), stride=(1, 1))
        (t_v_conv): Conv2d(64, 16, kernel_size=(1, 1), stride=(1, 1))
        (t_attn_drop): Dropout(p=0, inplace=False)
        (proj): Linear(in_features=48, out_features=64, bias=True)
        (proj_drop): Dropout(p=0, inplace=False)
        (gconv): gcn(
          (nconv): nconv()
          (mlp): linear(
            (mlp): Conv2d(96, 32, kernel_size=(1, 1), stride=(1, 1))
          )
        )
        (reshape1): Linear(in_features=64, out_features=32, bias=True)
        (reshape2): Linear(in_features=32, out_features=64, bias=True)
      )
      (drop_path): DropPath()
      (norm2): LayerNorm((64,), eps=1e-06, elementwise_affine=True)
      (mlp): Mlp(
        (fc1): Linear(in_features=64, out_features=256, bias=True)
        (act): GELU()
        (fc2): Linear(in_features=256, out_features=64, bias=True)
        (drop): Dropout(p=0, inplace=False)
      )
    )
    (3): STEncoderBlock(
      (norm1): LayerNorm((64,), eps=1e-06, elementwise_affine=True)
      (st_attn): STSelfAttention(
        (pattern_q_linears): ModuleList(
          (0): Linear(in_features=64, out_features=32, bias=True)
        )
        (pattern_k_linears): ModuleList(
          (0): Linear(in_features=64, out_features=32, bias=True)
        )
        (pattern_v_linears): ModuleList(
          (0): Linear(in_features=64, out_features=32, bias=True)
        )
        (geo_q_conv): Conv2d(64, 32, kernel_size=(1, 1), stride=(1, 1))
        (geo_k_conv): Conv2d(64, 32, kernel_size=(1, 1), stride=(1, 1))
        (geo_v_conv): Conv2d(64, 32, kernel_size=(1, 1), stride=(1, 1))
        (geo_attn_drop): Dropout(p=0, inplace=False)
        (sem_q_conv): Conv2d(64, 16, kernel_size=(1, 1), stride=(1, 1))
        (sem_k_conv): Conv2d(64, 16, kernel_size=(1, 1), stride=(1, 1))
        (sem_v_conv): Conv2d(64, 16, kernel_size=(1, 1), stride=(1, 1))
        (sem_attn_drop): Dropout(p=0, inplace=False)
        (t_q_conv): Conv2d(64, 16, kernel_size=(1, 1), stride=(1, 1))
        (t_k_conv): Conv2d(64, 16, kernel_size=(1, 1), stride=(1, 1))
        (t_v_conv): Conv2d(64, 16, kernel_size=(1, 1), stride=(1, 1))
        (t_attn_drop): Dropout(p=0, inplace=False)
        (proj): Linear(in_features=48, out_features=64, bias=True)
        (proj_drop): Dropout(p=0, inplace=False)
        (gconv): gcn(
          (nconv): nconv()
          (mlp): linear(
            (mlp): Conv2d(96, 32, kernel_size=(1, 1), stride=(1, 1))
          )
        )
        (reshape1): Linear(in_features=64, out_features=32, bias=True)
        (reshape2): Linear(in_features=32, out_features=64, bias=True)
      )
      (drop_path): DropPath()
      (norm2): LayerNorm((64,), eps=1e-06, elementwise_affine=True)
      (mlp): Mlp(
        (fc1): Linear(in_features=64, out_features=256, bias=True)
        (act): GELU()
        (fc2): Linear(in_features=256, out_features=64, bias=True)
        (drop): Dropout(p=0, inplace=False)
      )
    )
    (4): STEncoderBlock(
      (norm1): LayerNorm((64,), eps=1e-06, elementwise_affine=True)
      (st_attn): STSelfAttention(
        (pattern_q_linears): ModuleList(
          (0): Linear(in_features=64, out_features=32, bias=True)
        )
        (pattern_k_linears): ModuleList(
          (0): Linear(in_features=64, out_features=32, bias=True)
        )
        (pattern_v_linears): ModuleList(
          (0): Linear(in_features=64, out_features=32, bias=True)
        )
        (geo_q_conv): Conv2d(64, 32, kernel_size=(1, 1), stride=(1, 1))
        (geo_k_conv): Conv2d(64, 32, kernel_size=(1, 1), stride=(1, 1))
        (geo_v_conv): Conv2d(64, 32, kernel_size=(1, 1), stride=(1, 1))
        (geo_attn_drop): Dropout(p=0, inplace=False)
        (sem_q_conv): Conv2d(64, 16, kernel_size=(1, 1), stride=(1, 1))
        (sem_k_conv): Conv2d(64, 16, kernel_size=(1, 1), stride=(1, 1))
        (sem_v_conv): Conv2d(64, 16, kernel_size=(1, 1), stride=(1, 1))
        (sem_attn_drop): Dropout(p=0, inplace=False)
        (t_q_conv): Conv2d(64, 16, kernel_size=(1, 1), stride=(1, 1))
        (t_k_conv): Conv2d(64, 16, kernel_size=(1, 1), stride=(1, 1))
        (t_v_conv): Conv2d(64, 16, kernel_size=(1, 1), stride=(1, 1))
        (t_attn_drop): Dropout(p=0, inplace=False)
        (proj): Linear(in_features=48, out_features=64, bias=True)
        (proj_drop): Dropout(p=0, inplace=False)
        (gconv): gcn(
          (nconv): nconv()
          (mlp): linear(
            (mlp): Conv2d(96, 32, kernel_size=(1, 1), stride=(1, 1))
          )
        )
        (reshape1): Linear(in_features=64, out_features=32, bias=True)
        (reshape2): Linear(in_features=32, out_features=64, bias=True)
      )
      (drop_path): DropPath()
      (norm2): LayerNorm((64,), eps=1e-06, elementwise_affine=True)
      (mlp): Mlp(
        (fc1): Linear(in_features=64, out_features=256, bias=True)
        (act): GELU()
        (fc2): Linear(in_features=256, out_features=64, bias=True)
        (drop): Dropout(p=0, inplace=False)
      )
    )
    (5): STEncoderBlock(
      (norm1): LayerNorm((64,), eps=1e-06, elementwise_affine=True)
      (st_attn): STSelfAttention(
        (pattern_q_linears): ModuleList(
          (0): Linear(in_features=64, out_features=32, bias=True)
        )
        (pattern_k_linears): ModuleList(
          (0): Linear(in_features=64, out_features=32, bias=True)
        )
        (pattern_v_linears): ModuleList(
          (0): Linear(in_features=64, out_features=32, bias=True)
        )
        (geo_q_conv): Conv2d(64, 32, kernel_size=(1, 1), stride=(1, 1))
        (geo_k_conv): Conv2d(64, 32, kernel_size=(1, 1), stride=(1, 1))
        (geo_v_conv): Conv2d(64, 32, kernel_size=(1, 1), stride=(1, 1))
        (geo_attn_drop): Dropout(p=0, inplace=False)
        (sem_q_conv): Conv2d(64, 16, kernel_size=(1, 1), stride=(1, 1))
        (sem_k_conv): Conv2d(64, 16, kernel_size=(1, 1), stride=(1, 1))
        (sem_v_conv): Conv2d(64, 16, kernel_size=(1, 1), stride=(1, 1))
        (sem_attn_drop): Dropout(p=0, inplace=False)
        (t_q_conv): Conv2d(64, 16, kernel_size=(1, 1), stride=(1, 1))
        (t_k_conv): Conv2d(64, 16, kernel_size=(1, 1), stride=(1, 1))
        (t_v_conv): Conv2d(64, 16, kernel_size=(1, 1), stride=(1, 1))
        (t_attn_drop): Dropout(p=0, inplace=False)
        (proj): Linear(in_features=48, out_features=64, bias=True)
        (proj_drop): Dropout(p=0, inplace=False)
        (gconv): gcn(
          (nconv): nconv()
          (mlp): linear(
            (mlp): Conv2d(96, 32, kernel_size=(1, 1), stride=(1, 1))
          )
        )
        (reshape1): Linear(in_features=64, out_features=32, bias=True)
        (reshape2): Linear(in_features=32, out_features=64, bias=True)
      )
      (drop_path): DropPath()
      (norm2): LayerNorm((64,), eps=1e-06, elementwise_affine=True)
      (mlp): Mlp(
        (fc1): Linear(in_features=64, out_features=256, bias=True)
        (act): GELU()
        (fc2): Linear(in_features=256, out_features=64, bias=True)
        (drop): Dropout(p=0, inplace=False)
      )
    )
  )
  (skip_convs): ModuleList(
    (0): Conv2d(64, 256, kernel_size=(1, 1), stride=(1, 1))
    (1): Conv2d(64, 256, kernel_size=(1, 1), stride=(1, 1))
    (2): Conv2d(64, 256, kernel_size=(1, 1), stride=(1, 1))
    (3): Conv2d(64, 256, kernel_size=(1, 1), stride=(1, 1))
    (4): Conv2d(64, 256, kernel_size=(1, 1), stride=(1, 1))
    (5): Conv2d(64, 256, kernel_size=(1, 1), stride=(1, 1))
  )
  (end_conv1): Conv2d(12, 12, kernel_size=(1, 1), stride=(1, 1))
  (end_conv2): Conv2d(256, 1, kernel_size=(1, 1), stride=(1, 1))
)
2024-03-21 21:09:11,591 - INFO - pattern_embeddings.0.token_embed.weight	torch.Size([64, 3])	cuda:0	True
2024-03-21 21:09:11,591 - INFO - pattern_embeddings.0.token_embed.bias	torch.Size([64])	cuda:0	True
2024-03-21 21:09:11,591 - INFO - enc_embed_layer.value_embedding.token_embed.weight	torch.Size([64, 1])	cuda:0	True
2024-03-21 21:09:11,591 - INFO - enc_embed_layer.value_embedding.token_embed.bias	torch.Size([64])	cuda:0	True
2024-03-21 21:09:11,591 - INFO - enc_embed_layer.daytime_embedding.weight	torch.Size([1440, 64])	cuda:0	True
2024-03-21 21:09:11,591 - INFO - enc_embed_layer.weekday_embedding.weight	torch.Size([7, 64])	cuda:0	True
2024-03-21 21:09:11,592 - INFO - enc_embed_layer.spatial_embedding.embedding_lap_pos_enc.weight	torch.Size([64, 8])	cuda:0	True
2024-03-21 21:09:11,592 - INFO - enc_embed_layer.spatial_embedding.embedding_lap_pos_enc.bias	torch.Size([64])	cuda:0	True
2024-03-21 21:09:11,592 - INFO - enc_embed_layer.tempp_embedding.weight	torch.Size([64, 8])	cuda:0	True
2024-03-21 21:09:11,592 - INFO - enc_embed_layer.tempp_embedding.bias	torch.Size([64])	cuda:0	True
2024-03-21 21:09:11,592 - INFO - encoder_blocks.0.norm1.weight	torch.Size([64])	cuda:0	True
2024-03-21 21:09:11,592 - INFO - encoder_blocks.0.norm1.bias	torch.Size([64])	cuda:0	True
2024-03-21 21:09:11,592 - INFO - encoder_blocks.0.st_attn.nodevec_p1	torch.Size([288, 40])	cuda:0	True
2024-03-21 21:09:11,592 - INFO - encoder_blocks.0.st_attn.nodevec_p2	torch.Size([170, 40])	cuda:0	True
2024-03-21 21:09:11,592 - INFO - encoder_blocks.0.st_attn.nodevec_p3	torch.Size([170, 40])	cuda:0	True
2024-03-21 21:09:11,592 - INFO - encoder_blocks.0.st_attn.nodevec_pk	torch.Size([40, 40, 40])	cuda:0	True
2024-03-21 21:09:11,592 - INFO - encoder_blocks.0.st_attn.pattern_q_linears.0.weight	torch.Size([32, 64])	cuda:0	True
2024-03-21 21:09:11,592 - INFO - encoder_blocks.0.st_attn.pattern_q_linears.0.bias	torch.Size([32])	cuda:0	True
2024-03-21 21:09:11,593 - INFO - encoder_blocks.0.st_attn.pattern_k_linears.0.weight	torch.Size([32, 64])	cuda:0	True
2024-03-21 21:09:11,593 - INFO - encoder_blocks.0.st_attn.pattern_k_linears.0.bias	torch.Size([32])	cuda:0	True
2024-03-21 21:09:11,593 - INFO - encoder_blocks.0.st_attn.pattern_v_linears.0.weight	torch.Size([32, 64])	cuda:0	True
2024-03-21 21:09:11,593 - INFO - encoder_blocks.0.st_attn.pattern_v_linears.0.bias	torch.Size([32])	cuda:0	True
2024-03-21 21:09:11,593 - INFO - encoder_blocks.0.st_attn.geo_q_conv.weight	torch.Size([32, 64, 1, 1])	cuda:0	True
2024-03-21 21:09:11,593 - INFO - encoder_blocks.0.st_attn.geo_q_conv.bias	torch.Size([32])	cuda:0	True
2024-03-21 21:09:11,593 - INFO - encoder_blocks.0.st_attn.geo_k_conv.weight	torch.Size([32, 64, 1, 1])	cuda:0	True
2024-03-21 21:09:11,593 - INFO - encoder_blocks.0.st_attn.geo_k_conv.bias	torch.Size([32])	cuda:0	True
2024-03-21 21:09:11,593 - INFO - encoder_blocks.0.st_attn.geo_v_conv.weight	torch.Size([32, 64, 1, 1])	cuda:0	True
2024-03-21 21:09:11,593 - INFO - encoder_blocks.0.st_attn.geo_v_conv.bias	torch.Size([32])	cuda:0	True
2024-03-21 21:09:11,593 - INFO - encoder_blocks.0.st_attn.sem_q_conv.weight	torch.Size([16, 64, 1, 1])	cuda:0	True
2024-03-21 21:09:11,594 - INFO - encoder_blocks.0.st_attn.sem_q_conv.bias	torch.Size([16])	cuda:0	True
2024-03-21 21:09:11,594 - INFO - encoder_blocks.0.st_attn.sem_k_conv.weight	torch.Size([16, 64, 1, 1])	cuda:0	True
2024-03-21 21:09:11,594 - INFO - encoder_blocks.0.st_attn.sem_k_conv.bias	torch.Size([16])	cuda:0	True
2024-03-21 21:09:11,594 - INFO - encoder_blocks.0.st_attn.sem_v_conv.weight	torch.Size([16, 64, 1, 1])	cuda:0	True
2024-03-21 21:09:11,594 - INFO - encoder_blocks.0.st_attn.sem_v_conv.bias	torch.Size([16])	cuda:0	True
2024-03-21 21:09:11,594 - INFO - encoder_blocks.0.st_attn.t_q_conv.weight	torch.Size([16, 64, 1, 1])	cuda:0	True
2024-03-21 21:09:11,594 - INFO - encoder_blocks.0.st_attn.t_q_conv.bias	torch.Size([16])	cuda:0	True
2024-03-21 21:09:11,594 - INFO - encoder_blocks.0.st_attn.t_k_conv.weight	torch.Size([16, 64, 1, 1])	cuda:0	True
2024-03-21 21:09:11,594 - INFO - encoder_blocks.0.st_attn.t_k_conv.bias	torch.Size([16])	cuda:0	True
2024-03-21 21:09:11,594 - INFO - encoder_blocks.0.st_attn.t_v_conv.weight	torch.Size([16, 64, 1, 1])	cuda:0	True
2024-03-21 21:09:11,594 - INFO - encoder_blocks.0.st_attn.t_v_conv.bias	torch.Size([16])	cuda:0	True
2024-03-21 21:09:11,594 - INFO - encoder_blocks.0.st_attn.proj.weight	torch.Size([64, 48])	cuda:0	True
2024-03-21 21:09:11,595 - INFO - encoder_blocks.0.st_attn.proj.bias	torch.Size([64])	cuda:0	True
2024-03-21 21:09:11,595 - INFO - encoder_blocks.0.st_attn.gconv.mlp.mlp.weight	torch.Size([32, 96, 1, 1])	cuda:0	True
2024-03-21 21:09:11,595 - INFO - encoder_blocks.0.st_attn.gconv.mlp.mlp.bias	torch.Size([32])	cuda:0	True
2024-03-21 21:09:11,595 - INFO - encoder_blocks.0.st_attn.reshape1.weight	torch.Size([32, 64])	cuda:0	True
2024-03-21 21:09:11,595 - INFO - encoder_blocks.0.st_attn.reshape1.bias	torch.Size([32])	cuda:0	True
2024-03-21 21:09:11,595 - INFO - encoder_blocks.0.st_attn.reshape2.weight	torch.Size([64, 32])	cuda:0	True
2024-03-21 21:09:11,595 - INFO - encoder_blocks.0.st_attn.reshape2.bias	torch.Size([64])	cuda:0	True
2024-03-21 21:09:11,595 - INFO - encoder_blocks.0.norm2.weight	torch.Size([64])	cuda:0	True
2024-03-21 21:09:11,595 - INFO - encoder_blocks.0.norm2.bias	torch.Size([64])	cuda:0	True
2024-03-21 21:09:11,595 - INFO - encoder_blocks.0.mlp.fc1.weight	torch.Size([256, 64])	cuda:0	True
2024-03-21 21:09:11,595 - INFO - encoder_blocks.0.mlp.fc1.bias	torch.Size([256])	cuda:0	True
2024-03-21 21:09:11,595 - INFO - encoder_blocks.0.mlp.fc2.weight	torch.Size([64, 256])	cuda:0	True
2024-03-21 21:09:11,596 - INFO - encoder_blocks.0.mlp.fc2.bias	torch.Size([64])	cuda:0	True
2024-03-21 21:09:11,596 - INFO - encoder_blocks.1.norm1.weight	torch.Size([64])	cuda:0	True
2024-03-21 21:09:11,596 - INFO - encoder_blocks.1.norm1.bias	torch.Size([64])	cuda:0	True
2024-03-21 21:09:11,596 - INFO - encoder_blocks.1.st_attn.nodevec_p1	torch.Size([288, 40])	cuda:0	True
2024-03-21 21:09:11,596 - INFO - encoder_blocks.1.st_attn.nodevec_p2	torch.Size([170, 40])	cuda:0	True
2024-03-21 21:09:11,596 - INFO - encoder_blocks.1.st_attn.nodevec_p3	torch.Size([170, 40])	cuda:0	True
2024-03-21 21:09:11,596 - INFO - encoder_blocks.1.st_attn.nodevec_pk	torch.Size([40, 40, 40])	cuda:0	True
2024-03-21 21:09:11,596 - INFO - encoder_blocks.1.st_attn.pattern_q_linears.0.weight	torch.Size([32, 64])	cuda:0	True
2024-03-21 21:09:11,596 - INFO - encoder_blocks.1.st_attn.pattern_q_linears.0.bias	torch.Size([32])	cuda:0	True
2024-03-21 21:09:11,596 - INFO - encoder_blocks.1.st_attn.pattern_k_linears.0.weight	torch.Size([32, 64])	cuda:0	True
2024-03-21 21:09:11,596 - INFO - encoder_blocks.1.st_attn.pattern_k_linears.0.bias	torch.Size([32])	cuda:0	True
2024-03-21 21:09:11,596 - INFO - encoder_blocks.1.st_attn.pattern_v_linears.0.weight	torch.Size([32, 64])	cuda:0	True
2024-03-21 21:09:11,596 - INFO - encoder_blocks.1.st_attn.pattern_v_linears.0.bias	torch.Size([32])	cuda:0	True
2024-03-21 21:09:11,597 - INFO - encoder_blocks.1.st_attn.geo_q_conv.weight	torch.Size([32, 64, 1, 1])	cuda:0	True
2024-03-21 21:09:11,597 - INFO - encoder_blocks.1.st_attn.geo_q_conv.bias	torch.Size([32])	cuda:0	True
2024-03-21 21:09:11,597 - INFO - encoder_blocks.1.st_attn.geo_k_conv.weight	torch.Size([32, 64, 1, 1])	cuda:0	True
2024-03-21 21:09:11,597 - INFO - encoder_blocks.1.st_attn.geo_k_conv.bias	torch.Size([32])	cuda:0	True
2024-03-21 21:09:11,597 - INFO - encoder_blocks.1.st_attn.geo_v_conv.weight	torch.Size([32, 64, 1, 1])	cuda:0	True
2024-03-21 21:09:11,597 - INFO - encoder_blocks.1.st_attn.geo_v_conv.bias	torch.Size([32])	cuda:0	True
2024-03-21 21:09:11,597 - INFO - encoder_blocks.1.st_attn.sem_q_conv.weight	torch.Size([16, 64, 1, 1])	cuda:0	True
2024-03-21 21:09:11,597 - INFO - encoder_blocks.1.st_attn.sem_q_conv.bias	torch.Size([16])	cuda:0	True
2024-03-21 21:09:11,597 - INFO - encoder_blocks.1.st_attn.sem_k_conv.weight	torch.Size([16, 64, 1, 1])	cuda:0	True
2024-03-21 21:09:11,597 - INFO - encoder_blocks.1.st_attn.sem_k_conv.bias	torch.Size([16])	cuda:0	True
2024-03-21 21:09:11,597 - INFO - encoder_blocks.1.st_attn.sem_v_conv.weight	torch.Size([16, 64, 1, 1])	cuda:0	True
2024-03-21 21:09:11,597 - INFO - encoder_blocks.1.st_attn.sem_v_conv.bias	torch.Size([16])	cuda:0	True
2024-03-21 21:09:11,597 - INFO - encoder_blocks.1.st_attn.t_q_conv.weight	torch.Size([16, 64, 1, 1])	cuda:0	True
2024-03-21 21:09:11,597 - INFO - encoder_blocks.1.st_attn.t_q_conv.bias	torch.Size([16])	cuda:0	True
2024-03-21 21:09:11,598 - INFO - encoder_blocks.1.st_attn.t_k_conv.weight	torch.Size([16, 64, 1, 1])	cuda:0	True
2024-03-21 21:09:11,598 - INFO - encoder_blocks.1.st_attn.t_k_conv.bias	torch.Size([16])	cuda:0	True
2024-03-21 21:09:11,598 - INFO - encoder_blocks.1.st_attn.t_v_conv.weight	torch.Size([16, 64, 1, 1])	cuda:0	True
2024-03-21 21:09:11,598 - INFO - encoder_blocks.1.st_attn.t_v_conv.bias	torch.Size([16])	cuda:0	True
2024-03-21 21:09:11,598 - INFO - encoder_blocks.1.st_attn.proj.weight	torch.Size([64, 48])	cuda:0	True
2024-03-21 21:09:11,598 - INFO - encoder_blocks.1.st_attn.proj.bias	torch.Size([64])	cuda:0	True
2024-03-21 21:09:11,598 - INFO - encoder_blocks.1.st_attn.gconv.mlp.mlp.weight	torch.Size([32, 96, 1, 1])	cuda:0	True
2024-03-21 21:09:11,598 - INFO - encoder_blocks.1.st_attn.gconv.mlp.mlp.bias	torch.Size([32])	cuda:0	True
2024-03-21 21:09:11,598 - INFO - encoder_blocks.1.st_attn.reshape1.weight	torch.Size([32, 64])	cuda:0	True
2024-03-21 21:09:11,598 - INFO - encoder_blocks.1.st_attn.reshape1.bias	torch.Size([32])	cuda:0	True
2024-03-21 21:09:11,598 - INFO - encoder_blocks.1.st_attn.reshape2.weight	torch.Size([64, 32])	cuda:0	True
2024-03-21 21:09:11,598 - INFO - encoder_blocks.1.st_attn.reshape2.bias	torch.Size([64])	cuda:0	True
2024-03-21 21:09:11,598 - INFO - encoder_blocks.1.norm2.weight	torch.Size([64])	cuda:0	True
2024-03-21 21:09:11,598 - INFO - encoder_blocks.1.norm2.bias	torch.Size([64])	cuda:0	True
2024-03-21 21:09:11,598 - INFO - encoder_blocks.1.mlp.fc1.weight	torch.Size([256, 64])	cuda:0	True
2024-03-21 21:09:11,598 - INFO - encoder_blocks.1.mlp.fc1.bias	torch.Size([256])	cuda:0	True
2024-03-21 21:09:11,598 - INFO - encoder_blocks.1.mlp.fc2.weight	torch.Size([64, 256])	cuda:0	True
2024-03-21 21:09:11,598 - INFO - encoder_blocks.1.mlp.fc2.bias	torch.Size([64])	cuda:0	True
2024-03-21 21:09:11,599 - INFO - encoder_blocks.2.norm1.weight	torch.Size([64])	cuda:0	True
2024-03-21 21:09:11,599 - INFO - encoder_blocks.2.norm1.bias	torch.Size([64])	cuda:0	True
2024-03-21 21:09:11,599 - INFO - encoder_blocks.2.st_attn.nodevec_p1	torch.Size([288, 40])	cuda:0	True
2024-03-21 21:09:11,599 - INFO - encoder_blocks.2.st_attn.nodevec_p2	torch.Size([170, 40])	cuda:0	True
2024-03-21 21:09:11,599 - INFO - encoder_blocks.2.st_attn.nodevec_p3	torch.Size([170, 40])	cuda:0	True
2024-03-21 21:09:11,599 - INFO - encoder_blocks.2.st_attn.nodevec_pk	torch.Size([40, 40, 40])	cuda:0	True
2024-03-21 21:09:11,599 - INFO - encoder_blocks.2.st_attn.pattern_q_linears.0.weight	torch.Size([32, 64])	cuda:0	True
2024-03-21 21:09:11,599 - INFO - encoder_blocks.2.st_attn.pattern_q_linears.0.bias	torch.Size([32])	cuda:0	True
2024-03-21 21:09:11,600 - INFO - encoder_blocks.2.st_attn.pattern_k_linears.0.weight	torch.Size([32, 64])	cuda:0	True
2024-03-21 21:09:11,600 - INFO - encoder_blocks.2.st_attn.pattern_k_linears.0.bias	torch.Size([32])	cuda:0	True
2024-03-21 21:09:11,600 - INFO - encoder_blocks.2.st_attn.pattern_v_linears.0.weight	torch.Size([32, 64])	cuda:0	True
2024-03-21 21:09:11,600 - INFO - encoder_blocks.2.st_attn.pattern_v_linears.0.bias	torch.Size([32])	cuda:0	True
2024-03-21 21:09:11,600 - INFO - encoder_blocks.2.st_attn.geo_q_conv.weight	torch.Size([32, 64, 1, 1])	cuda:0	True
2024-03-21 21:09:11,600 - INFO - encoder_blocks.2.st_attn.geo_q_conv.bias	torch.Size([32])	cuda:0	True
2024-03-21 21:09:11,600 - INFO - encoder_blocks.2.st_attn.geo_k_conv.weight	torch.Size([32, 64, 1, 1])	cuda:0	True
2024-03-21 21:09:11,600 - INFO - encoder_blocks.2.st_attn.geo_k_conv.bias	torch.Size([32])	cuda:0	True
2024-03-21 21:09:11,600 - INFO - encoder_blocks.2.st_attn.geo_v_conv.weight	torch.Size([32, 64, 1, 1])	cuda:0	True
2024-03-21 21:09:11,600 - INFO - encoder_blocks.2.st_attn.geo_v_conv.bias	torch.Size([32])	cuda:0	True
2024-03-21 21:09:11,600 - INFO - encoder_blocks.2.st_attn.sem_q_conv.weight	torch.Size([16, 64, 1, 1])	cuda:0	True
2024-03-21 21:09:11,600 - INFO - encoder_blocks.2.st_attn.sem_q_conv.bias	torch.Size([16])	cuda:0	True
2024-03-21 21:09:11,601 - INFO - encoder_blocks.2.st_attn.sem_k_conv.weight	torch.Size([16, 64, 1, 1])	cuda:0	True
2024-03-21 21:09:11,601 - INFO - encoder_blocks.2.st_attn.sem_k_conv.bias	torch.Size([16])	cuda:0	True
2024-03-21 21:09:11,601 - INFO - encoder_blocks.2.st_attn.sem_v_conv.weight	torch.Size([16, 64, 1, 1])	cuda:0	True
2024-03-21 21:09:11,601 - INFO - encoder_blocks.2.st_attn.sem_v_conv.bias	torch.Size([16])	cuda:0	True
2024-03-21 21:09:11,601 - INFO - encoder_blocks.2.st_attn.t_q_conv.weight	torch.Size([16, 64, 1, 1])	cuda:0	True
2024-03-21 21:09:11,601 - INFO - encoder_blocks.2.st_attn.t_q_conv.bias	torch.Size([16])	cuda:0	True
2024-03-21 21:09:11,601 - INFO - encoder_blocks.2.st_attn.t_k_conv.weight	torch.Size([16, 64, 1, 1])	cuda:0	True
2024-03-21 21:09:11,601 - INFO - encoder_blocks.2.st_attn.t_k_conv.bias	torch.Size([16])	cuda:0	True
2024-03-21 21:09:11,601 - INFO - encoder_blocks.2.st_attn.t_v_conv.weight	torch.Size([16, 64, 1, 1])	cuda:0	True
2024-03-21 21:09:11,601 - INFO - encoder_blocks.2.st_attn.t_v_conv.bias	torch.Size([16])	cuda:0	True
2024-03-21 21:09:11,602 - INFO - encoder_blocks.2.st_attn.proj.weight	torch.Size([64, 48])	cuda:0	True
2024-03-21 21:09:11,602 - INFO - encoder_blocks.2.st_attn.proj.bias	torch.Size([64])	cuda:0	True
2024-03-21 21:09:11,602 - INFO - encoder_blocks.2.st_attn.gconv.mlp.mlp.weight	torch.Size([32, 96, 1, 1])	cuda:0	True
2024-03-21 21:09:11,602 - INFO - encoder_blocks.2.st_attn.gconv.mlp.mlp.bias	torch.Size([32])	cuda:0	True
2024-03-21 21:09:11,602 - INFO - encoder_blocks.2.st_attn.reshape1.weight	torch.Size([32, 64])	cuda:0	True
2024-03-21 21:09:11,602 - INFO - encoder_blocks.2.st_attn.reshape1.bias	torch.Size([32])	cuda:0	True
2024-03-21 21:09:11,602 - INFO - encoder_blocks.2.st_attn.reshape2.weight	torch.Size([64, 32])	cuda:0	True
2024-03-21 21:09:11,602 - INFO - encoder_blocks.2.st_attn.reshape2.bias	torch.Size([64])	cuda:0	True
2024-03-21 21:09:11,602 - INFO - encoder_blocks.2.norm2.weight	torch.Size([64])	cuda:0	True
2024-03-21 21:09:11,602 - INFO - encoder_blocks.2.norm2.bias	torch.Size([64])	cuda:0	True
2024-03-21 21:09:11,602 - INFO - encoder_blocks.2.mlp.fc1.weight	torch.Size([256, 64])	cuda:0	True
2024-03-21 21:09:11,602 - INFO - encoder_blocks.2.mlp.fc1.bias	torch.Size([256])	cuda:0	True
2024-03-21 21:09:11,602 - INFO - encoder_blocks.2.mlp.fc2.weight	torch.Size([64, 256])	cuda:0	True
2024-03-21 21:09:11,603 - INFO - encoder_blocks.2.mlp.fc2.bias	torch.Size([64])	cuda:0	True
2024-03-21 21:09:11,603 - INFO - encoder_blocks.3.norm1.weight	torch.Size([64])	cuda:0	True
2024-03-21 21:09:11,603 - INFO - encoder_blocks.3.norm1.bias	torch.Size([64])	cuda:0	True
2024-03-21 21:09:11,603 - INFO - encoder_blocks.3.st_attn.nodevec_p1	torch.Size([288, 40])	cuda:0	True
2024-03-21 21:09:11,603 - INFO - encoder_blocks.3.st_attn.nodevec_p2	torch.Size([170, 40])	cuda:0	True
2024-03-21 21:09:11,603 - INFO - encoder_blocks.3.st_attn.nodevec_p3	torch.Size([170, 40])	cuda:0	True
2024-03-21 21:09:11,603 - INFO - encoder_blocks.3.st_attn.nodevec_pk	torch.Size([40, 40, 40])	cuda:0	True
2024-03-21 21:09:11,603 - INFO - encoder_blocks.3.st_attn.pattern_q_linears.0.weight	torch.Size([32, 64])	cuda:0	True
2024-03-21 21:09:11,603 - INFO - encoder_blocks.3.st_attn.pattern_q_linears.0.bias	torch.Size([32])	cuda:0	True
2024-03-21 21:09:11,603 - INFO - encoder_blocks.3.st_attn.pattern_k_linears.0.weight	torch.Size([32, 64])	cuda:0	True
2024-03-21 21:09:11,603 - INFO - encoder_blocks.3.st_attn.pattern_k_linears.0.bias	torch.Size([32])	cuda:0	True
2024-03-21 21:09:11,604 - INFO - encoder_blocks.3.st_attn.pattern_v_linears.0.weight	torch.Size([32, 64])	cuda:0	True
2024-03-21 21:09:11,604 - INFO - encoder_blocks.3.st_attn.pattern_v_linears.0.bias	torch.Size([32])	cuda:0	True
2024-03-21 21:09:11,604 - INFO - encoder_blocks.3.st_attn.geo_q_conv.weight	torch.Size([32, 64, 1, 1])	cuda:0	True
2024-03-21 21:09:11,604 - INFO - encoder_blocks.3.st_attn.geo_q_conv.bias	torch.Size([32])	cuda:0	True
2024-03-21 21:09:11,604 - INFO - encoder_blocks.3.st_attn.geo_k_conv.weight	torch.Size([32, 64, 1, 1])	cuda:0	True
2024-03-21 21:09:11,604 - INFO - encoder_blocks.3.st_attn.geo_k_conv.bias	torch.Size([32])	cuda:0	True
2024-03-21 21:09:11,604 - INFO - encoder_blocks.3.st_attn.geo_v_conv.weight	torch.Size([32, 64, 1, 1])	cuda:0	True
2024-03-21 21:09:11,604 - INFO - encoder_blocks.3.st_attn.geo_v_conv.bias	torch.Size([32])	cuda:0	True
2024-03-21 21:09:11,604 - INFO - encoder_blocks.3.st_attn.sem_q_conv.weight	torch.Size([16, 64, 1, 1])	cuda:0	True
2024-03-21 21:09:11,604 - INFO - encoder_blocks.3.st_attn.sem_q_conv.bias	torch.Size([16])	cuda:0	True
2024-03-21 21:09:11,604 - INFO - encoder_blocks.3.st_attn.sem_k_conv.weight	torch.Size([16, 64, 1, 1])	cuda:0	True
2024-03-21 21:09:11,604 - INFO - encoder_blocks.3.st_attn.sem_k_conv.bias	torch.Size([16])	cuda:0	True
2024-03-21 21:09:11,605 - INFO - encoder_blocks.3.st_attn.sem_v_conv.weight	torch.Size([16, 64, 1, 1])	cuda:0	True
2024-03-21 21:09:11,605 - INFO - encoder_blocks.3.st_attn.sem_v_conv.bias	torch.Size([16])	cuda:0	True
2024-03-21 21:09:11,605 - INFO - encoder_blocks.3.st_attn.t_q_conv.weight	torch.Size([16, 64, 1, 1])	cuda:0	True
2024-03-21 21:09:11,605 - INFO - encoder_blocks.3.st_attn.t_q_conv.bias	torch.Size([16])	cuda:0	True
2024-03-21 21:09:11,605 - INFO - encoder_blocks.3.st_attn.t_k_conv.weight	torch.Size([16, 64, 1, 1])	cuda:0	True
2024-03-21 21:09:11,605 - INFO - encoder_blocks.3.st_attn.t_k_conv.bias	torch.Size([16])	cuda:0	True
2024-03-21 21:09:11,605 - INFO - encoder_blocks.3.st_attn.t_v_conv.weight	torch.Size([16, 64, 1, 1])	cuda:0	True
2024-03-21 21:09:11,605 - INFO - encoder_blocks.3.st_attn.t_v_conv.bias	torch.Size([16])	cuda:0	True
2024-03-21 21:09:11,605 - INFO - encoder_blocks.3.st_attn.proj.weight	torch.Size([64, 48])	cuda:0	True
2024-03-21 21:09:11,605 - INFO - encoder_blocks.3.st_attn.proj.bias	torch.Size([64])	cuda:0	True
2024-03-21 21:09:11,605 - INFO - encoder_blocks.3.st_attn.gconv.mlp.mlp.weight	torch.Size([32, 96, 1, 1])	cuda:0	True
2024-03-21 21:09:11,605 - INFO - encoder_blocks.3.st_attn.gconv.mlp.mlp.bias	torch.Size([32])	cuda:0	True
2024-03-21 21:09:11,606 - INFO - encoder_blocks.3.st_attn.reshape1.weight	torch.Size([32, 64])	cuda:0	True
2024-03-21 21:09:11,606 - INFO - encoder_blocks.3.st_attn.reshape1.bias	torch.Size([32])	cuda:0	True
2024-03-21 21:09:11,606 - INFO - encoder_blocks.3.st_attn.reshape2.weight	torch.Size([64, 32])	cuda:0	True
2024-03-21 21:09:11,606 - INFO - encoder_blocks.3.st_attn.reshape2.bias	torch.Size([64])	cuda:0	True
2024-03-21 21:09:11,606 - INFO - encoder_blocks.3.norm2.weight	torch.Size([64])	cuda:0	True
2024-03-21 21:09:11,606 - INFO - encoder_blocks.3.norm2.bias	torch.Size([64])	cuda:0	True
2024-03-21 21:09:11,606 - INFO - encoder_blocks.3.mlp.fc1.weight	torch.Size([256, 64])	cuda:0	True
2024-03-21 21:09:11,606 - INFO - encoder_blocks.3.mlp.fc1.bias	torch.Size([256])	cuda:0	True
2024-03-21 21:09:11,606 - INFO - encoder_blocks.3.mlp.fc2.weight	torch.Size([64, 256])	cuda:0	True
2024-03-21 21:09:11,606 - INFO - encoder_blocks.3.mlp.fc2.bias	torch.Size([64])	cuda:0	True
2024-03-21 21:09:11,606 - INFO - encoder_blocks.4.norm1.weight	torch.Size([64])	cuda:0	True
2024-03-21 21:09:11,607 - INFO - encoder_blocks.4.norm1.bias	torch.Size([64])	cuda:0	True
2024-03-21 21:09:11,607 - INFO - encoder_blocks.4.st_attn.nodevec_p1	torch.Size([288, 40])	cuda:0	True
2024-03-21 21:09:11,607 - INFO - encoder_blocks.4.st_attn.nodevec_p2	torch.Size([170, 40])	cuda:0	True
2024-03-21 21:09:11,607 - INFO - encoder_blocks.4.st_attn.nodevec_p3	torch.Size([170, 40])	cuda:0	True
2024-03-21 21:09:11,607 - INFO - encoder_blocks.4.st_attn.nodevec_pk	torch.Size([40, 40, 40])	cuda:0	True
2024-03-21 21:09:11,607 - INFO - encoder_blocks.4.st_attn.pattern_q_linears.0.weight	torch.Size([32, 64])	cuda:0	True
2024-03-21 21:09:11,607 - INFO - encoder_blocks.4.st_attn.pattern_q_linears.0.bias	torch.Size([32])	cuda:0	True
2024-03-21 21:09:11,607 - INFO - encoder_blocks.4.st_attn.pattern_k_linears.0.weight	torch.Size([32, 64])	cuda:0	True
2024-03-21 21:09:11,607 - INFO - encoder_blocks.4.st_attn.pattern_k_linears.0.bias	torch.Size([32])	cuda:0	True
2024-03-21 21:09:11,607 - INFO - encoder_blocks.4.st_attn.pattern_v_linears.0.weight	torch.Size([32, 64])	cuda:0	True
2024-03-21 21:09:11,607 - INFO - encoder_blocks.4.st_attn.pattern_v_linears.0.bias	torch.Size([32])	cuda:0	True
2024-03-21 21:09:11,607 - INFO - encoder_blocks.4.st_attn.geo_q_conv.weight	torch.Size([32, 64, 1, 1])	cuda:0	True
2024-03-21 21:09:11,607 - INFO - encoder_blocks.4.st_attn.geo_q_conv.bias	torch.Size([32])	cuda:0	True
2024-03-21 21:09:11,608 - INFO - encoder_blocks.4.st_attn.geo_k_conv.weight	torch.Size([32, 64, 1, 1])	cuda:0	True
2024-03-21 21:09:11,608 - INFO - encoder_blocks.4.st_attn.geo_k_conv.bias	torch.Size([32])	cuda:0	True
2024-03-21 21:09:11,608 - INFO - encoder_blocks.4.st_attn.geo_v_conv.weight	torch.Size([32, 64, 1, 1])	cuda:0	True
2024-03-21 21:09:11,608 - INFO - encoder_blocks.4.st_attn.geo_v_conv.bias	torch.Size([32])	cuda:0	True
2024-03-21 21:09:11,608 - INFO - encoder_blocks.4.st_attn.sem_q_conv.weight	torch.Size([16, 64, 1, 1])	cuda:0	True
2024-03-21 21:09:11,608 - INFO - encoder_blocks.4.st_attn.sem_q_conv.bias	torch.Size([16])	cuda:0	True
2024-03-21 21:09:11,608 - INFO - encoder_blocks.4.st_attn.sem_k_conv.weight	torch.Size([16, 64, 1, 1])	cuda:0	True
2024-03-21 21:09:11,608 - INFO - encoder_blocks.4.st_attn.sem_k_conv.bias	torch.Size([16])	cuda:0	True
2024-03-21 21:09:11,608 - INFO - encoder_blocks.4.st_attn.sem_v_conv.weight	torch.Size([16, 64, 1, 1])	cuda:0	True
2024-03-21 21:09:11,608 - INFO - encoder_blocks.4.st_attn.sem_v_conv.bias	torch.Size([16])	cuda:0	True
2024-03-21 21:09:11,608 - INFO - encoder_blocks.4.st_attn.t_q_conv.weight	torch.Size([16, 64, 1, 1])	cuda:0	True
2024-03-21 21:09:11,608 - INFO - encoder_blocks.4.st_attn.t_q_conv.bias	torch.Size([16])	cuda:0	True
2024-03-21 21:09:11,609 - INFO - encoder_blocks.4.st_attn.t_k_conv.weight	torch.Size([16, 64, 1, 1])	cuda:0	True
2024-03-21 21:09:11,609 - INFO - encoder_blocks.4.st_attn.t_k_conv.bias	torch.Size([16])	cuda:0	True
2024-03-21 21:09:11,609 - INFO - encoder_blocks.4.st_attn.t_v_conv.weight	torch.Size([16, 64, 1, 1])	cuda:0	True
2024-03-21 21:09:11,609 - INFO - encoder_blocks.4.st_attn.t_v_conv.bias	torch.Size([16])	cuda:0	True
2024-03-21 21:09:11,609 - INFO - encoder_blocks.4.st_attn.proj.weight	torch.Size([64, 48])	cuda:0	True
2024-03-21 21:09:11,609 - INFO - encoder_blocks.4.st_attn.proj.bias	torch.Size([64])	cuda:0	True
2024-03-21 21:09:11,609 - INFO - encoder_blocks.4.st_attn.gconv.mlp.mlp.weight	torch.Size([32, 96, 1, 1])	cuda:0	True
2024-03-21 21:09:11,609 - INFO - encoder_blocks.4.st_attn.gconv.mlp.mlp.bias	torch.Size([32])	cuda:0	True
2024-03-21 21:09:11,609 - INFO - encoder_blocks.4.st_attn.reshape1.weight	torch.Size([32, 64])	cuda:0	True
2024-03-21 21:09:11,609 - INFO - encoder_blocks.4.st_attn.reshape1.bias	torch.Size([32])	cuda:0	True
2024-03-21 21:09:11,609 - INFO - encoder_blocks.4.st_attn.reshape2.weight	torch.Size([64, 32])	cuda:0	True
2024-03-21 21:09:11,609 - INFO - encoder_blocks.4.st_attn.reshape2.bias	torch.Size([64])	cuda:0	True
2024-03-21 21:09:11,610 - INFO - encoder_blocks.4.norm2.weight	torch.Size([64])	cuda:0	True
2024-03-21 21:09:11,610 - INFO - encoder_blocks.4.norm2.bias	torch.Size([64])	cuda:0	True
2024-03-21 21:09:11,610 - INFO - encoder_blocks.4.mlp.fc1.weight	torch.Size([256, 64])	cuda:0	True
2024-03-21 21:09:11,610 - INFO - encoder_blocks.4.mlp.fc1.bias	torch.Size([256])	cuda:0	True
2024-03-21 21:09:11,610 - INFO - encoder_blocks.4.mlp.fc2.weight	torch.Size([64, 256])	cuda:0	True
2024-03-21 21:09:11,610 - INFO - encoder_blocks.4.mlp.fc2.bias	torch.Size([64])	cuda:0	True
2024-03-21 21:09:11,610 - INFO - encoder_blocks.5.norm1.weight	torch.Size([64])	cuda:0	True
2024-03-21 21:09:11,610 - INFO - encoder_blocks.5.norm1.bias	torch.Size([64])	cuda:0	True
2024-03-21 21:09:11,610 - INFO - encoder_blocks.5.st_attn.nodevec_p1	torch.Size([288, 40])	cuda:0	True
2024-03-21 21:09:11,610 - INFO - encoder_blocks.5.st_attn.nodevec_p2	torch.Size([170, 40])	cuda:0	True
2024-03-21 21:09:11,610 - INFO - encoder_blocks.5.st_attn.nodevec_p3	torch.Size([170, 40])	cuda:0	True
2024-03-21 21:09:11,610 - INFO - encoder_blocks.5.st_attn.nodevec_pk	torch.Size([40, 40, 40])	cuda:0	True
2024-03-21 21:09:11,611 - INFO - encoder_blocks.5.st_attn.pattern_q_linears.0.weight	torch.Size([32, 64])	cuda:0	True
2024-03-21 21:09:11,611 - INFO - encoder_blocks.5.st_attn.pattern_q_linears.0.bias	torch.Size([32])	cuda:0	True
2024-03-21 21:09:11,611 - INFO - encoder_blocks.5.st_attn.pattern_k_linears.0.weight	torch.Size([32, 64])	cuda:0	True
2024-03-21 21:09:11,611 - INFO - encoder_blocks.5.st_attn.pattern_k_linears.0.bias	torch.Size([32])	cuda:0	True
2024-03-21 21:09:11,611 - INFO - encoder_blocks.5.st_attn.pattern_v_linears.0.weight	torch.Size([32, 64])	cuda:0	True
2024-03-21 21:09:11,611 - INFO - encoder_blocks.5.st_attn.pattern_v_linears.0.bias	torch.Size([32])	cuda:0	True
2024-03-21 21:09:11,611 - INFO - encoder_blocks.5.st_attn.geo_q_conv.weight	torch.Size([32, 64, 1, 1])	cuda:0	True
2024-03-21 21:09:11,611 - INFO - encoder_blocks.5.st_attn.geo_q_conv.bias	torch.Size([32])	cuda:0	True
2024-03-21 21:09:11,611 - INFO - encoder_blocks.5.st_attn.geo_k_conv.weight	torch.Size([32, 64, 1, 1])	cuda:0	True
2024-03-21 21:09:11,611 - INFO - encoder_blocks.5.st_attn.geo_k_conv.bias	torch.Size([32])	cuda:0	True
2024-03-21 21:09:11,611 - INFO - encoder_blocks.5.st_attn.geo_v_conv.weight	torch.Size([32, 64, 1, 1])	cuda:0	True
2024-03-21 21:09:11,611 - INFO - encoder_blocks.5.st_attn.geo_v_conv.bias	torch.Size([32])	cuda:0	True
2024-03-21 21:09:11,612 - INFO - encoder_blocks.5.st_attn.sem_q_conv.weight	torch.Size([16, 64, 1, 1])	cuda:0	True
2024-03-21 21:09:11,612 - INFO - encoder_blocks.5.st_attn.sem_q_conv.bias	torch.Size([16])	cuda:0	True
2024-03-21 21:09:11,612 - INFO - encoder_blocks.5.st_attn.sem_k_conv.weight	torch.Size([16, 64, 1, 1])	cuda:0	True
2024-03-21 21:09:11,612 - INFO - encoder_blocks.5.st_attn.sem_k_conv.bias	torch.Size([16])	cuda:0	True
2024-03-21 21:09:11,612 - INFO - encoder_blocks.5.st_attn.sem_v_conv.weight	torch.Size([16, 64, 1, 1])	cuda:0	True
2024-03-21 21:09:11,612 - INFO - encoder_blocks.5.st_attn.sem_v_conv.bias	torch.Size([16])	cuda:0	True
2024-03-21 21:09:11,612 - INFO - encoder_blocks.5.st_attn.t_q_conv.weight	torch.Size([16, 64, 1, 1])	cuda:0	True
2024-03-21 21:09:11,612 - INFO - encoder_blocks.5.st_attn.t_q_conv.bias	torch.Size([16])	cuda:0	True
2024-03-21 21:09:11,612 - INFO - encoder_blocks.5.st_attn.t_k_conv.weight	torch.Size([16, 64, 1, 1])	cuda:0	True
2024-03-21 21:09:11,612 - INFO - encoder_blocks.5.st_attn.t_k_conv.bias	torch.Size([16])	cuda:0	True
2024-03-21 21:09:11,612 - INFO - encoder_blocks.5.st_attn.t_v_conv.weight	torch.Size([16, 64, 1, 1])	cuda:0	True
2024-03-21 21:09:11,612 - INFO - encoder_blocks.5.st_attn.t_v_conv.bias	torch.Size([16])	cuda:0	True
2024-03-21 21:09:11,613 - INFO - encoder_blocks.5.st_attn.proj.weight	torch.Size([64, 48])	cuda:0	True
2024-03-21 21:09:11,613 - INFO - encoder_blocks.5.st_attn.proj.bias	torch.Size([64])	cuda:0	True
2024-03-21 21:09:11,613 - INFO - encoder_blocks.5.st_attn.gconv.mlp.mlp.weight	torch.Size([32, 96, 1, 1])	cuda:0	True
2024-03-21 21:09:11,613 - INFO - encoder_blocks.5.st_attn.gconv.mlp.mlp.bias	torch.Size([32])	cuda:0	True
2024-03-21 21:09:11,613 - INFO - encoder_blocks.5.st_attn.reshape1.weight	torch.Size([32, 64])	cuda:0	True
2024-03-21 21:09:11,613 - INFO - encoder_blocks.5.st_attn.reshape1.bias	torch.Size([32])	cuda:0	True
2024-03-21 21:09:11,613 - INFO - encoder_blocks.5.st_attn.reshape2.weight	torch.Size([64, 32])	cuda:0	True
2024-03-21 21:09:11,613 - INFO - encoder_blocks.5.st_attn.reshape2.bias	torch.Size([64])	cuda:0	True
2024-03-21 21:09:11,613 - INFO - encoder_blocks.5.norm2.weight	torch.Size([64])	cuda:0	True
2024-03-21 21:09:11,613 - INFO - encoder_blocks.5.norm2.bias	torch.Size([64])	cuda:0	True
2024-03-21 21:09:11,613 - INFO - encoder_blocks.5.mlp.fc1.weight	torch.Size([256, 64])	cuda:0	True
2024-03-21 21:09:11,613 - INFO - encoder_blocks.5.mlp.fc1.bias	torch.Size([256])	cuda:0	True
2024-03-21 21:09:11,614 - INFO - encoder_blocks.5.mlp.fc2.weight	torch.Size([64, 256])	cuda:0	True
2024-03-21 21:09:11,614 - INFO - encoder_blocks.5.mlp.fc2.bias	torch.Size([64])	cuda:0	True
2024-03-21 21:09:11,614 - INFO - skip_convs.0.weight	torch.Size([256, 64, 1, 1])	cuda:0	True
2024-03-21 21:09:11,614 - INFO - skip_convs.0.bias	torch.Size([256])	cuda:0	True
2024-03-21 21:09:11,614 - INFO - skip_convs.1.weight	torch.Size([256, 64, 1, 1])	cuda:0	True
2024-03-21 21:09:11,614 - INFO - skip_convs.1.bias	torch.Size([256])	cuda:0	True
2024-03-21 21:09:11,614 - INFO - skip_convs.2.weight	torch.Size([256, 64, 1, 1])	cuda:0	True
2024-03-21 21:09:11,614 - INFO - skip_convs.2.bias	torch.Size([256])	cuda:0	True
2024-03-21 21:09:11,614 - INFO - skip_convs.3.weight	torch.Size([256, 64, 1, 1])	cuda:0	True
2024-03-21 21:09:11,614 - INFO - skip_convs.3.bias	torch.Size([256])	cuda:0	True
2024-03-21 21:09:11,614 - INFO - skip_convs.4.weight	torch.Size([256, 64, 1, 1])	cuda:0	True
2024-03-21 21:09:11,614 - INFO - skip_convs.4.bias	torch.Size([256])	cuda:0	True
2024-03-21 21:09:11,615 - INFO - skip_convs.5.weight	torch.Size([256, 64, 1, 1])	cuda:0	True
2024-03-21 21:09:11,615 - INFO - skip_convs.5.bias	torch.Size([256])	cuda:0	True
2024-03-21 21:09:11,615 - INFO - end_conv1.weight	torch.Size([12, 12, 1, 1])	cuda:0	True
2024-03-21 21:09:11,615 - INFO - end_conv1.bias	torch.Size([12])	cuda:0	True
2024-03-21 21:09:11,615 - INFO - end_conv2.weight	torch.Size([1, 256, 1, 1])	cuda:0	True
2024-03-21 21:09:11,615 - INFO - end_conv2.bias	torch.Size([1])	cuda:0	True
2024-03-21 21:09:11,617 - INFO - Total parameter numbers: 1104093
2024-03-21 21:09:11,621 - INFO - You select `adamw` optimizer.
2024-03-21 21:09:11,623 - INFO - You select `cosinelr` lr_scheduler.
2024-03-21 21:09:11,624 - WARNING - Received none train loss func and will use the loss func defined in the model.module.
2024-03-21 21:09:11,625 - INFO - Number of isolated points: 0
2024-03-21 21:09:11,659 - INFO - Start training ...
2024-03-21 21:09:11,659 - INFO - num_batches:669
2024-03-21 21:09:11,808 - INFO - Training: task_level increase from 0 to 1
2024-03-21 21:09:11,808 - INFO - Current batches_seen is 0
2024-03-21 21:11:16,885 - INFO - epoch complete!
2024-03-21 21:11:16,886 - INFO - evaluating now!
2024-03-21 21:11:27,642 - INFO - Epoch [0/300] (669) train_loss: 249.6197, val_loss: 249.6540, lr: 0.000201, 135.98s
2024-03-21 21:11:27,762 - INFO - Saved model at 0
2024-03-21 21:11:27,762 - INFO - Val loss decrease from inf to 249.6540, saving to ./libcity/cache/55603/model_cache/PDFormer_PeMS08_epoch0.tar
2024-03-21 21:13:32,098 - INFO - epoch complete!
2024-03-21 21:13:32,099 - INFO - evaluating now!
2024-03-21 21:13:42,023 - INFO - Epoch [1/300] (1338) train_loss: 53.5976, val_loss: 192.9584, lr: 0.000401, 134.26s
2024-03-21 21:13:42,136 - INFO - Saved model at 1
2024-03-21 21:13:42,136 - INFO - Val loss decrease from 249.6540 to 192.9584, saving to ./libcity/cache/55603/model_cache/PDFormer_PeMS08_epoch1.tar
2024-03-21 21:15:46,664 - INFO - epoch complete!
2024-03-21 21:15:46,665 - INFO - evaluating now!
2024-03-21 21:15:57,376 - INFO - Epoch [2/300] (2007) train_loss: 36.0274, val_loss: 199.3215, lr: 0.000600, 135.24s
2024-03-21 21:18:03,112 - INFO - epoch complete!
2024-03-21 21:18:03,113 - INFO - evaluating now!
2024-03-21 21:18:13,823 - INFO - Epoch [3/300] (2676) train_loss: 32.2110, val_loss: 196.3699, lr: 0.000800, 136.45s
2024-03-21 21:18:32,372 - INFO - Training: task_level increase from 1 to 2
2024-03-21 21:18:32,373 - INFO - Current batches_seen is 2776
2024-03-21 21:20:18,759 - INFO - epoch complete!
2024-03-21 21:20:18,760 - INFO - evaluating now!
2024-03-21 21:20:29,535 - INFO - Epoch [4/300] (3345) train_loss: 35.9515, val_loss: 174.3243, lr: 0.000999, 135.71s
2024-03-21 21:20:29,645 - INFO - Saved model at 4
2024-03-21 21:20:29,646 - INFO - Val loss decrease from 192.9584 to 174.3243, saving to ./libcity/cache/55603/model_cache/PDFormer_PeMS08_epoch4.tar
2024-03-21 21:22:34,062 - INFO - epoch complete!
2024-03-21 21:22:34,063 - INFO - evaluating now!
2024-03-21 21:22:44,735 - INFO - Epoch [5/300] (4014) train_loss: 31.3659, val_loss: 174.9381, lr: 0.000999, 135.09s
2024-03-21 21:24:49,250 - INFO - epoch complete!
2024-03-21 21:24:49,251 - INFO - evaluating now!
2024-03-21 21:25:00,074 - INFO - Epoch [6/300] (4683) train_loss: 30.0208, val_loss: 174.9501, lr: 0.000999, 135.34s
2024-03-21 21:27:05,017 - INFO - epoch complete!
2024-03-21 21:27:05,018 - INFO - evaluating now!
2024-03-21 21:27:15,635 - INFO - Epoch [7/300] (5352) train_loss: 29.5575, val_loss: 175.0817, lr: 0.000998, 135.56s
2024-03-21 21:27:52,677 - INFO - Training: task_level increase from 2 to 3
2024-03-21 21:27:52,677 - INFO - Current batches_seen is 5552
2024-03-21 21:29:19,222 - INFO - epoch complete!
2024-03-21 21:29:19,223 - INFO - evaluating now!
2024-03-21 21:29:29,869 - INFO - Epoch [8/300] (6021) train_loss: 31.4315, val_loss: 156.6431, lr: 0.000998, 134.23s
2024-03-21 21:29:29,987 - INFO - Saved model at 8
2024-03-21 21:29:29,988 - INFO - Val loss decrease from 174.3243 to 156.6431, saving to ./libcity/cache/55603/model_cache/PDFormer_PeMS08_epoch8.tar
2024-03-21 21:31:33,570 - INFO - epoch complete!
2024-03-21 21:31:33,577 - INFO - evaluating now!
2024-03-21 21:31:44,409 - INFO - Epoch [9/300] (6690) train_loss: 29.9619, val_loss: 157.1559, lr: 0.000998, 134.42s
2024-03-21 21:33:48,008 - INFO - epoch complete!
2024-03-21 21:33:48,009 - INFO - evaluating now!
2024-03-21 21:33:59,123 - INFO - Epoch [10/300] (7359) train_loss: 29.4791, val_loss: 157.0867, lr: 0.000997, 134.71s
2024-03-21 21:36:04,595 - INFO - epoch complete!
2024-03-21 21:36:04,596 - INFO - evaluating now!
2024-03-21 21:36:15,237 - INFO - Epoch [11/300] (8028) train_loss: 29.4811, val_loss: 156.8553, lr: 0.000996, 136.11s
2024-03-21 21:37:10,981 - INFO - Training: task_level increase from 3 to 4
2024-03-21 21:37:10,981 - INFO - Current batches_seen is 8328
2024-03-21 21:38:20,270 - INFO - epoch complete!
2024-03-21 21:38:20,271 - INFO - evaluating now!
2024-03-21 21:38:31,091 - INFO - Epoch [12/300] (8697) train_loss: 29.8346, val_loss: 144.1793, lr: 0.000996, 135.85s
2024-03-21 21:38:31,210 - INFO - Saved model at 12
2024-03-21 21:38:31,210 - INFO - Val loss decrease from 156.6431 to 144.1793, saving to ./libcity/cache/55603/model_cache/PDFormer_PeMS08_epoch12.tar
2024-03-21 21:40:35,352 - INFO - epoch complete!
2024-03-21 21:40:35,352 - INFO - evaluating now!
2024-03-21 21:40:45,944 - INFO - Epoch [13/300] (9366) train_loss: 29.7833, val_loss: 144.0291, lr: 0.000995, 134.73s
2024-03-21 21:40:46,052 - INFO - Saved model at 13
2024-03-21 21:40:46,053 - INFO - Val loss decrease from 144.1793 to 144.0291, saving to ./libcity/cache/55603/model_cache/PDFormer_PeMS08_epoch13.tar
2024-03-21 21:42:50,706 - INFO - epoch complete!
2024-03-21 21:42:50,706 - INFO - evaluating now!
2024-03-21 21:43:01,541 - INFO - Epoch [14/300] (10035) train_loss: 29.4887, val_loss: 143.3341, lr: 0.000994, 135.49s
2024-03-21 21:43:01,655 - INFO - Saved model at 14
2024-03-21 21:43:01,655 - INFO - Val loss decrease from 144.0291 to 143.3341, saving to ./libcity/cache/55603/model_cache/PDFormer_PeMS08_epoch14.tar
2024-03-21 21:45:06,133 - INFO - epoch complete!
2024-03-21 21:45:06,134 - INFO - evaluating now!
2024-03-21 21:45:17,003 - INFO - Epoch [15/300] (10704) train_loss: 29.1981, val_loss: 142.7020, lr: 0.000994, 135.35s
2024-03-21 21:45:17,118 - INFO - Saved model at 15
2024-03-21 21:45:17,119 - INFO - Val loss decrease from 143.3341 to 142.7020, saving to ./libcity/cache/55603/model_cache/PDFormer_PeMS08_epoch15.tar
2024-03-21 21:46:31,897 - INFO - Training: task_level increase from 4 to 5
2024-03-21 21:46:31,898 - INFO - Current batches_seen is 11104
2024-03-21 21:47:22,025 - INFO - epoch complete!
2024-03-21 21:47:22,025 - INFO - evaluating now!
2024-03-21 21:47:32,687 - INFO - Epoch [16/300] (11373) train_loss: 29.8718, val_loss: 127.2843, lr: 0.000993, 135.57s
2024-03-21 21:47:32,797 - INFO - Saved model at 16
2024-03-21 21:47:32,798 - INFO - Val loss decrease from 142.7020 to 127.2843, saving to ./libcity/cache/55603/model_cache/PDFormer_PeMS08_epoch16.tar
2024-03-21 21:49:37,697 - INFO - epoch complete!
2024-03-21 21:49:37,698 - INFO - evaluating now!
2024-03-21 21:49:48,326 - INFO - Epoch [17/300] (12042) train_loss: 29.6524, val_loss: 126.5319, lr: 0.000992, 135.53s
2024-03-21 21:49:48,439 - INFO - Saved model at 17
2024-03-21 21:49:48,440 - INFO - Val loss decrease from 127.2843 to 126.5319, saving to ./libcity/cache/55603/model_cache/PDFormer_PeMS08_epoch17.tar
2024-03-21 21:51:53,548 - INFO - epoch complete!
2024-03-21 21:51:53,549 - INFO - evaluating now!
2024-03-21 21:52:04,330 - INFO - Epoch [18/300] (12711) train_loss: 29.3924, val_loss: 126.0733, lr: 0.000991, 135.89s
2024-03-21 21:52:04,436 - INFO - Saved model at 18
2024-03-21 21:52:04,436 - INFO - Val loss decrease from 126.5319 to 126.0733, saving to ./libcity/cache/55603/model_cache/PDFormer_PeMS08_epoch18.tar
2024-03-21 21:54:09,472 - INFO - epoch complete!
2024-03-21 21:54:09,472 - INFO - evaluating now!
2024-03-21 21:54:20,128 - INFO - Epoch [19/300] (13380) train_loss: 29.3555, val_loss: 125.6616, lr: 0.000990, 135.69s
2024-03-21 21:54:20,239 - INFO - Saved model at 19
2024-03-21 21:54:20,240 - INFO - Val loss decrease from 126.0733 to 125.6616, saving to ./libcity/cache/55603/model_cache/PDFormer_PeMS08_epoch19.tar
2024-03-21 21:55:53,382 - INFO - Training: task_level increase from 5 to 6
2024-03-21 21:55:53,383 - INFO - Current batches_seen is 13880
2024-03-21 21:56:24,857 - INFO - epoch complete!
2024-03-21 21:56:24,858 - INFO - evaluating now!
2024-03-21 21:56:35,588 - INFO - Epoch [20/300] (14049) train_loss: 29.1168, val_loss: 122.6988, lr: 0.000989, 135.35s
2024-03-21 21:56:35,700 - INFO - Saved model at 20
2024-03-21 21:56:35,700 - INFO - Val loss decrease from 125.6616 to 122.6988, saving to ./libcity/cache/55603/model_cache/PDFormer_PeMS08_epoch20.tar
2024-03-21 21:58:39,500 - INFO - epoch complete!
2024-03-21 21:58:39,500 - INFO - evaluating now!
2024-03-21 21:58:50,223 - INFO - Epoch [21/300] (14718) train_loss: 29.3724, val_loss: 123.5335, lr: 0.000988, 134.52s
2024-03-21 22:00:53,827 - INFO - epoch complete!
2024-03-21 22:00:53,827 - INFO - evaluating now!
2024-03-21 22:01:04,394 - INFO - Epoch [22/300] (15387) train_loss: 29.1780, val_loss: 123.3616, lr: 0.000987, 134.17s
2024-03-21 22:03:08,187 - INFO - epoch complete!
2024-03-21 22:03:08,188 - INFO - evaluating now!
2024-03-21 22:03:18,847 - INFO - Epoch [23/300] (16056) train_loss: 28.7820, val_loss: 123.1433, lr: 0.000986, 134.45s
2024-03-21 22:05:09,553 - INFO - Training: task_level increase from 6 to 7
2024-03-21 22:05:09,554 - INFO - Current batches_seen is 16656
2024-03-21 22:05:22,187 - INFO - epoch complete!
2024-03-21 22:05:22,188 - INFO - evaluating now!
2024-03-21 22:05:32,938 - INFO - Epoch [24/300] (16725) train_loss: 29.2680, val_loss: 106.7283, lr: 0.000985, 134.09s
2024-03-21 22:05:33,051 - INFO - Saved model at 24
2024-03-21 22:05:33,051 - INFO - Val loss decrease from 122.6988 to 106.7283, saving to ./libcity/cache/55603/model_cache/PDFormer_PeMS08_epoch24.tar
2024-03-21 22:07:38,120 - INFO - epoch complete!
2024-03-21 22:07:38,121 - INFO - evaluating now!
2024-03-21 22:07:48,830 - INFO - Epoch [25/300] (17394) train_loss: 29.0578, val_loss: 107.1507, lr: 0.000983, 135.78s
2024-03-21 22:09:52,641 - INFO - epoch complete!
2024-03-21 22:09:52,642 - INFO - evaluating now!
2024-03-21 22:10:03,238 - INFO - Epoch [26/300] (18063) train_loss: 28.7884, val_loss: 106.9224, lr: 0.000982, 134.41s
2024-03-21 22:12:07,598 - INFO - epoch complete!
2024-03-21 22:12:07,599 - INFO - evaluating now!
2024-03-21 22:12:18,405 - INFO - Epoch [27/300] (18732) train_loss: 28.4949, val_loss: 106.5209, lr: 0.000981, 135.17s
2024-03-21 22:12:18,518 - INFO - Saved model at 27
2024-03-21 22:12:18,519 - INFO - Val loss decrease from 106.7283 to 106.5209, saving to ./libcity/cache/55603/model_cache/PDFormer_PeMS08_epoch27.tar
2024-03-21 22:14:23,393 - INFO - epoch complete!
2024-03-21 22:14:23,394 - INFO - evaluating now!
2024-03-21 22:14:34,239 - INFO - Epoch [28/300] (19401) train_loss: 28.3138, val_loss: 107.8890, lr: 0.000979, 135.72s
2024-03-21 22:14:40,084 - INFO - Training: task_level increase from 7 to 8
2024-03-21 22:14:40,085 - INFO - Current batches_seen is 19432
2024-03-21 22:16:38,682 - INFO - epoch complete!
2024-03-21 22:16:38,683 - INFO - evaluating now!
2024-03-21 22:16:49,543 - INFO - Epoch [29/300] (20070) train_loss: 28.8828, val_loss: 91.2261, lr: 0.000978, 135.30s
2024-03-21 22:16:49,651 - INFO - Saved model at 29
2024-03-21 22:16:49,652 - INFO - Val loss decrease from 106.5209 to 91.2261, saving to ./libcity/cache/55603/model_cache/PDFormer_PeMS08_epoch29.tar
2024-03-21 22:18:53,555 - INFO - epoch complete!
2024-03-21 22:18:53,556 - INFO - evaluating now!
2024-03-21 22:19:04,193 - INFO - Epoch [30/300] (20739) train_loss: 28.4241, val_loss: 91.5386, lr: 0.000976, 134.54s
2024-03-21 22:21:08,937 - INFO - epoch complete!
2024-03-21 22:21:08,938 - INFO - evaluating now!
2024-03-21 22:21:19,644 - INFO - Epoch [31/300] (21408) train_loss: 28.0427, val_loss: 91.7684, lr: 0.000975, 135.45s
2024-03-21 22:23:23,987 - INFO - epoch complete!
2024-03-21 22:23:23,988 - INFO - evaluating now!
2024-03-21 22:23:34,571 - INFO - Epoch [32/300] (22077) train_loss: 28.0893, val_loss: 92.1232, lr: 0.000973, 134.93s
2024-03-21 22:23:58,864 - INFO - Training: task_level increase from 8 to 9
2024-03-21 22:23:58,865 - INFO - Current batches_seen is 22208
2024-03-21 22:25:38,225 - INFO - epoch complete!
2024-03-21 22:25:38,226 - INFO - evaluating now!
2024-03-21 22:25:49,003 - INFO - Epoch [33/300] (22746) train_loss: 28.8661, val_loss: 77.1031, lr: 0.000972, 134.43s
2024-03-21 22:25:49,112 - INFO - Saved model at 33
2024-03-21 22:25:49,113 - INFO - Val loss decrease from 91.2261 to 77.1031, saving to ./libcity/cache/55603/model_cache/PDFormer_PeMS08_epoch33.tar
2024-03-21 22:27:54,203 - INFO - epoch complete!
2024-03-21 22:27:54,204 - INFO - evaluating now!
2024-03-21 22:28:04,815 - INFO - Epoch [34/300] (23415) train_loss: 28.1451, val_loss: 78.3587, lr: 0.000970, 135.70s
2024-03-21 22:30:08,773 - INFO - epoch complete!
2024-03-21 22:30:08,774 - INFO - evaluating now!
2024-03-21 22:30:19,603 - INFO - Epoch [35/300] (24084) train_loss: 28.0586, val_loss: 77.2821, lr: 0.000968, 134.79s
2024-03-21 22:32:25,006 - INFO - epoch complete!
2024-03-21 22:32:25,007 - INFO - evaluating now!
2024-03-21 22:32:35,656 - INFO - Epoch [36/300] (24753) train_loss: 28.0929, val_loss: 76.7785, lr: 0.000967, 136.05s
2024-03-21 22:32:35,769 - INFO - Saved model at 36
2024-03-21 22:32:35,769 - INFO - Val loss decrease from 77.1031 to 76.7785, saving to ./libcity/cache/55603/model_cache/PDFormer_PeMS08_epoch36.tar
2024-03-21 22:33:18,182 - INFO - Training: task_level increase from 9 to 10
2024-03-21 22:33:18,183 - INFO - Current batches_seen is 24984
2024-03-21 22:34:39,331 - INFO - epoch complete!
2024-03-21 22:34:39,332 - INFO - evaluating now!
2024-03-21 22:34:50,149 - INFO - Epoch [37/300] (25422) train_loss: 28.6534, val_loss: 60.8520, lr: 0.000965, 134.38s
2024-03-21 22:34:50,264 - INFO - Saved model at 37
2024-03-21 22:34:50,265 - INFO - Val loss decrease from 76.7785 to 60.8520, saving to ./libcity/cache/55603/model_cache/PDFormer_PeMS08_epoch37.tar
2024-03-21 22:36:53,051 - INFO - epoch complete!
2024-03-21 22:36:53,052 - INFO - evaluating now!
2024-03-21 22:37:03,814 - INFO - Epoch [38/300] (26091) train_loss: 28.2934, val_loss: 60.3939, lr: 0.000963, 133.55s
2024-03-21 22:37:03,928 - INFO - Saved model at 38
2024-03-21 22:37:03,929 - INFO - Val loss decrease from 60.8520 to 60.3939, saving to ./libcity/cache/55603/model_cache/PDFormer_PeMS08_epoch38.tar
2024-03-21 22:39:12,664 - INFO - epoch complete!
2024-03-21 22:39:12,664 - INFO - evaluating now!
2024-03-21 22:39:23,437 - INFO - Epoch [39/300] (26760) train_loss: 28.2730, val_loss: 62.7774, lr: 0.000961, 139.51s
2024-03-21 22:41:32,129 - INFO - epoch complete!
2024-03-21 22:41:32,130 - INFO - evaluating now!
2024-03-21 22:41:42,844 - INFO - Epoch [40/300] (27429) train_loss: 28.0150, val_loss: 60.4457, lr: 0.000959, 139.41s
2024-03-21 22:42:46,047 - INFO - Training: task_level increase from 10 to 11
2024-03-21 22:42:46,048 - INFO - Current batches_seen is 27760
2024-03-21 22:43:51,052 - INFO - epoch complete!
2024-03-21 22:43:51,053 - INFO - evaluating now!
2024-03-21 22:44:01,819 - INFO - Epoch [41/300] (28098) train_loss: 28.5453, val_loss: 45.4089, lr: 0.000957, 138.97s
2024-03-21 22:44:01,931 - INFO - Saved model at 41
2024-03-21 22:44:01,931 - INFO - Val loss decrease from 60.3939 to 45.4089, saving to ./libcity/cache/55603/model_cache/PDFormer_PeMS08_epoch41.tar
2024-03-21 22:46:10,203 - INFO - epoch complete!
2024-03-21 22:46:10,204 - INFO - evaluating now!
2024-03-21 22:46:21,055 - INFO - Epoch [42/300] (28767) train_loss: 28.2957, val_loss: 45.5235, lr: 0.000955, 139.12s
2024-03-21 22:48:28,859 - INFO - epoch complete!
2024-03-21 22:48:28,861 - INFO - evaluating now!
2024-03-21 22:48:39,651 - INFO - Epoch [43/300] (29436) train_loss: 28.5134, val_loss: 45.4259, lr: 0.000953, 138.60s
2024-03-21 22:50:48,459 - INFO - epoch complete!
2024-03-21 22:50:48,460 - INFO - evaluating now!
2024-03-21 22:50:59,214 - INFO - Epoch [44/300] (30105) train_loss: 27.8962, val_loss: 45.3584, lr: 0.000951, 139.56s
2024-03-21 22:50:59,328 - INFO - Saved model at 44
2024-03-21 22:50:59,328 - INFO - Val loss decrease from 45.4089 to 45.3584, saving to ./libcity/cache/55603/model_cache/PDFormer_PeMS08_epoch44.tar
2024-03-21 22:52:21,648 - INFO - Training: task_level increase from 11 to 12
2024-03-21 22:52:21,649 - INFO - Current batches_seen is 30536
2024-03-21 22:53:07,628 - INFO - epoch complete!
2024-03-21 22:53:07,633 - INFO - evaluating now!
2024-03-21 22:53:18,528 - INFO - Epoch [45/300] (30774) train_loss: 28.4590, val_loss: 28.2616, lr: 0.000949, 139.20s
2024-03-21 22:53:18,647 - INFO - Saved model at 45
2024-03-21 22:53:18,648 - INFO - Val loss decrease from 45.3584 to 28.2616, saving to ./libcity/cache/55603/model_cache/PDFormer_PeMS08_epoch45.tar
2024-03-21 22:55:26,546 - INFO - epoch complete!
2024-03-21 22:55:26,547 - INFO - evaluating now!
2024-03-21 22:55:37,386 - INFO - Epoch [46/300] (31443) train_loss: 28.3464, val_loss: 27.5555, lr: 0.000947, 138.74s
2024-03-21 22:55:37,498 - INFO - Saved model at 46
2024-03-21 22:55:37,498 - INFO - Val loss decrease from 28.2616 to 27.5555, saving to ./libcity/cache/55603/model_cache/PDFormer_PeMS08_epoch46.tar
2024-03-21 22:57:45,062 - INFO - epoch complete!
2024-03-21 22:57:45,063 - INFO - evaluating now!
2024-03-21 22:57:55,994 - INFO - Epoch [47/300] (32112) train_loss: 28.2812, val_loss: 28.1930, lr: 0.000944, 138.49s
2024-03-21 23:00:03,583 - INFO - epoch complete!
2024-03-21 23:00:03,583 - INFO - evaluating now!
2024-03-21 23:00:14,751 - INFO - Epoch [48/300] (32781) train_loss: 28.1327, val_loss: 27.7949, lr: 0.000942, 138.75s
2024-03-21 23:02:23,294 - INFO - epoch complete!
2024-03-21 23:02:23,295 - INFO - evaluating now!
2024-03-21 23:02:34,002 - INFO - Epoch [49/300] (33450) train_loss: 28.2336, val_loss: 28.5412, lr: 0.000940, 139.25s
2024-03-21 23:04:42,246 - INFO - epoch complete!
2024-03-21 23:04:42,247 - INFO - evaluating now!
2024-03-21 23:04:53,062 - INFO - Epoch [50/300] (34119) train_loss: 28.0765, val_loss: 28.8340, lr: 0.000937, 139.06s
2024-03-21 23:07:00,933 - INFO - epoch complete!
2024-03-21 23:07:00,934 - INFO - evaluating now!
2024-03-21 23:07:11,812 - INFO - Epoch [51/300] (34788) train_loss: 28.1114, val_loss: 27.7314, lr: 0.000935, 138.75s
2024-03-21 23:09:19,880 - INFO - epoch complete!
2024-03-21 23:09:19,880 - INFO - evaluating now!
2024-03-21 23:09:30,587 - INFO - Epoch [52/300] (35457) train_loss: 27.8614, val_loss: 27.6328, lr: 0.000932, 138.77s
2024-03-21 23:11:38,475 - INFO - epoch complete!
2024-03-21 23:11:38,476 - INFO - evaluating now!
2024-03-21 23:11:49,284 - INFO - Epoch [53/300] (36126) train_loss: 27.6463, val_loss: 28.0940, lr: 0.000930, 138.70s
2024-03-21 23:13:56,701 - INFO - epoch complete!
2024-03-21 23:13:56,702 - INFO - evaluating now!
2024-03-21 23:14:07,636 - INFO - Epoch [54/300] (36795) train_loss: 27.8282, val_loss: 27.7049, lr: 0.000927, 138.35s
2024-03-21 23:16:15,104 - INFO - epoch complete!
2024-03-21 23:16:15,105 - INFO - evaluating now!
2024-03-21 23:16:25,772 - INFO - Epoch [55/300] (37464) train_loss: 27.7136, val_loss: 27.2589, lr: 0.000925, 138.14s
2024-03-21 23:16:25,885 - INFO - Saved model at 55
2024-03-21 23:16:25,885 - INFO - Val loss decrease from 27.5555 to 27.2589, saving to ./libcity/cache/55603/model_cache/PDFormer_PeMS08_epoch55.tar
2024-03-21 23:18:34,921 - INFO - epoch complete!
2024-03-21 23:18:34,922 - INFO - evaluating now!
2024-03-21 23:18:45,986 - INFO - Epoch [56/300] (38133) train_loss: 27.5483, val_loss: 27.5500, lr: 0.000922, 140.10s
2024-03-21 23:20:54,063 - INFO - epoch complete!
2024-03-21 23:20:54,064 - INFO - evaluating now!
2024-03-21 23:21:04,880 - INFO - Epoch [57/300] (38802) train_loss: 27.5172, val_loss: 27.1256, lr: 0.000920, 138.89s
2024-03-21 23:21:04,991 - INFO - Saved model at 57
2024-03-21 23:21:04,991 - INFO - Val loss decrease from 27.2589 to 27.1256, saving to ./libcity/cache/55603/model_cache/PDFormer_PeMS08_epoch57.tar
2024-03-21 23:23:12,470 - INFO - epoch complete!
2024-03-21 23:23:12,471 - INFO - evaluating now!
2024-03-21 23:23:23,313 - INFO - Epoch [58/300] (39471) train_loss: 27.7574, val_loss: 27.9903, lr: 0.000917, 138.32s
2024-03-21 23:25:31,664 - INFO - epoch complete!
2024-03-21 23:25:31,665 - INFO - evaluating now!
2024-03-21 23:25:44,202 - INFO - Epoch [59/300] (40140) train_loss: 27.4603, val_loss: 28.3946, lr: 0.000914, 140.89s
2024-03-21 23:27:50,799 - INFO - epoch complete!
2024-03-21 23:27:50,800 - INFO - evaluating now!
2024-03-21 23:28:01,597 - INFO - Epoch [60/300] (40809) train_loss: 27.4241, val_loss: 27.7451, lr: 0.000911, 137.39s
2024-03-21 23:30:09,530 - INFO - epoch complete!
2024-03-21 23:30:09,531 - INFO - evaluating now!
2024-03-21 23:30:20,825 - INFO - Epoch [61/300] (41478) train_loss: 27.1552, val_loss: 27.6682, lr: 0.000908, 139.23s
2024-03-21 23:32:29,488 - INFO - epoch complete!
2024-03-21 23:32:29,488 - INFO - evaluating now!
2024-03-21 23:32:40,907 - INFO - Epoch [62/300] (42147) train_loss: 27.2940, val_loss: 27.4399, lr: 0.000906, 140.08s
2024-03-21 23:34:48,925 - INFO - epoch complete!
2024-03-21 23:34:48,929 - INFO - evaluating now!
2024-03-21 23:34:59,771 - INFO - Epoch [63/300] (42816) train_loss: 27.2335, val_loss: 27.1502, lr: 0.000903, 138.86s
2024-03-21 23:37:08,236 - INFO - epoch complete!
2024-03-21 23:37:08,241 - INFO - evaluating now!
2024-03-21 23:37:18,952 - INFO - Epoch [64/300] (43485) train_loss: 27.2553, val_loss: 27.3874, lr: 0.000900, 139.18s
2024-03-21 23:39:27,433 - INFO - epoch complete!
2024-03-21 23:39:27,434 - INFO - evaluating now!
2024-03-21 23:39:38,273 - INFO - Epoch [65/300] (44154) train_loss: 27.0990, val_loss: 27.2934, lr: 0.000897, 139.32s
2024-03-21 23:41:46,152 - INFO - epoch complete!
2024-03-21 23:41:46,153 - INFO - evaluating now!
2024-03-21 23:41:56,935 - INFO - Epoch [66/300] (44823) train_loss: 27.0464, val_loss: 27.3916, lr: 0.000894, 138.66s
2024-03-21 23:44:02,970 - INFO - epoch complete!
2024-03-21 23:44:02,971 - INFO - evaluating now!
2024-03-21 23:44:13,567 - INFO - Epoch [67/300] (45492) train_loss: 27.0739, val_loss: 27.4287, lr: 0.000891, 136.63s
2024-03-21 23:46:21,091 - INFO - epoch complete!
2024-03-21 23:46:21,092 - INFO - evaluating now!
2024-03-21 23:46:31,768 - INFO - Epoch [68/300] (46161) train_loss: 27.1560, val_loss: 27.4564, lr: 0.000888, 138.20s
2024-03-21 23:48:38,208 - INFO - epoch complete!
2024-03-21 23:48:38,209 - INFO - evaluating now!
2024-03-21 23:48:49,007 - INFO - Epoch [69/300] (46830) train_loss: 26.9493, val_loss: 26.6988, lr: 0.000884, 137.24s
2024-03-21 23:48:49,119 - INFO - Saved model at 69
2024-03-21 23:48:49,119 - INFO - Val loss decrease from 27.1256 to 26.6988, saving to ./libcity/cache/55603/model_cache/PDFormer_PeMS08_epoch69.tar
2024-03-21 23:50:55,533 - INFO - epoch complete!
2024-03-21 23:50:55,534 - INFO - evaluating now!
2024-03-21 23:51:06,243 - INFO - Epoch [70/300] (47499) train_loss: 26.9179, val_loss: 27.3708, lr: 0.000881, 137.12s
2024-03-21 23:53:13,934 - INFO - epoch complete!
2024-03-21 23:53:13,934 - INFO - evaluating now!
2024-03-21 23:53:24,715 - INFO - Epoch [71/300] (48168) train_loss: 26.8670, val_loss: 27.4355, lr: 0.000878, 138.47s
2024-03-21 23:55:30,989 - INFO - epoch complete!
2024-03-21 23:55:30,993 - INFO - evaluating now!
2024-03-21 23:55:41,758 - INFO - Epoch [72/300] (48837) train_loss: 26.8406, val_loss: 27.0966, lr: 0.000875, 137.04s
2024-03-21 23:57:49,082 - INFO - epoch complete!
2024-03-21 23:57:49,083 - INFO - evaluating now!
2024-03-21 23:57:59,910 - INFO - Epoch [73/300] (49506) train_loss: 26.8948, val_loss: 26.3665, lr: 0.000872, 138.15s
2024-03-21 23:58:00,019 - INFO - Saved model at 73
2024-03-21 23:58:00,020 - INFO - Val loss decrease from 26.6988 to 26.3665, saving to ./libcity/cache/55603/model_cache/PDFormer_PeMS08_epoch73.tar
2024-03-22 00:00:08,243 - INFO - epoch complete!
2024-03-22 00:00:08,244 - INFO - evaluating now!
2024-03-22 00:00:18,626 - INFO - Epoch [74/300] (50175) train_loss: 26.7247, val_loss: 26.9863, lr: 0.000868, 138.61s
2024-03-22 00:02:26,242 - INFO - epoch complete!
2024-03-22 00:02:26,243 - INFO - evaluating now!
2024-03-22 00:02:36,968 - INFO - Epoch [75/300] (50844) train_loss: 26.6637, val_loss: 26.9803, lr: 0.000865, 138.34s
2024-03-22 00:04:44,669 - INFO - epoch complete!
2024-03-22 00:04:44,670 - INFO - evaluating now!
2024-03-22 00:04:55,432 - INFO - Epoch [76/300] (51513) train_loss: 26.7757, val_loss: 27.2319, lr: 0.000861, 138.46s
2024-03-22 00:07:02,419 - INFO - epoch complete!
2024-03-22 00:07:02,420 - INFO - evaluating now!
2024-03-22 00:07:13,106 - INFO - Epoch [77/300] (52182) train_loss: 26.6556, val_loss: 26.3538, lr: 0.000858, 137.67s
2024-03-22 00:07:13,218 - INFO - Saved model at 77
2024-03-22 00:07:13,219 - INFO - Val loss decrease from 26.3665 to 26.3538, saving to ./libcity/cache/55603/model_cache/PDFormer_PeMS08_epoch77.tar
2024-03-22 00:09:19,840 - INFO - epoch complete!
2024-03-22 00:09:19,841 - INFO - evaluating now!
2024-03-22 00:09:30,564 - INFO - Epoch [78/300] (52851) train_loss: 26.6223, val_loss: 27.0881, lr: 0.000855, 137.35s
2024-03-22 00:11:40,357 - INFO - epoch complete!
2024-03-22 00:11:40,361 - INFO - evaluating now!
2024-03-22 00:11:50,970 - INFO - Epoch [79/300] (53520) train_loss: 26.6377, val_loss: 26.6569, lr: 0.000851, 140.40s
2024-03-22 00:14:00,024 - INFO - epoch complete!
2024-03-22 00:14:00,025 - INFO - evaluating now!
2024-03-22 00:14:10,638 - INFO - Epoch [80/300] (54189) train_loss: 26.3839, val_loss: 26.6611, lr: 0.000848, 139.67s
2024-03-22 00:16:16,821 - INFO - epoch complete!
2024-03-22 00:16:16,822 - INFO - evaluating now!
2024-03-22 00:16:27,494 - INFO - Epoch [81/300] (54858) train_loss: 26.3592, val_loss: 27.0109, lr: 0.000844, 136.86s
2024-03-22 00:18:35,581 - INFO - epoch complete!
2024-03-22 00:18:35,582 - INFO - evaluating now!
2024-03-22 00:18:46,210 - INFO - Epoch [82/300] (55527) train_loss: 26.4422, val_loss: 26.5360, lr: 0.000840, 138.72s
2024-03-22 00:20:52,974 - INFO - epoch complete!
2024-03-22 00:20:52,975 - INFO - evaluating now!
2024-03-22 00:21:03,806 - INFO - Epoch [83/300] (56196) train_loss: 26.4134, val_loss: 26.7231, lr: 0.000837, 137.59s
2024-03-22 00:23:11,717 - INFO - epoch complete!
2024-03-22 00:23:11,718 - INFO - evaluating now!
2024-03-22 00:23:22,369 - INFO - Epoch [84/300] (56865) train_loss: 26.4217, val_loss: 26.3969, lr: 0.000833, 138.56s
2024-03-22 00:25:29,956 - INFO - epoch complete!
2024-03-22 00:25:29,957 - INFO - evaluating now!
2024-03-22 00:25:40,633 - INFO - Epoch [85/300] (57534) train_loss: 26.3079, val_loss: 27.0517, lr: 0.000830, 138.26s
2024-03-22 00:27:47,432 - INFO - epoch complete!
2024-03-22 00:27:47,433 - INFO - evaluating now!
2024-03-22 00:27:58,218 - INFO - Epoch [86/300] (58203) train_loss: 26.2679, val_loss: 26.6009, lr: 0.000826, 137.58s
2024-03-22 00:30:04,899 - INFO - epoch complete!
2024-03-22 00:30:04,900 - INFO - evaluating now!
2024-03-22 00:30:15,660 - INFO - Epoch [87/300] (58872) train_loss: 26.3139, val_loss: 26.6975, lr: 0.000822, 137.44s
2024-03-22 00:32:22,665 - INFO - epoch complete!
2024-03-22 00:32:22,665 - INFO - evaluating now!
2024-03-22 00:32:33,347 - INFO - Epoch [88/300] (59541) train_loss: 26.3255, val_loss: 26.4012, lr: 0.000818, 137.69s
2024-03-22 00:34:38,822 - INFO - epoch complete!
2024-03-22 00:34:38,823 - INFO - evaluating now!
2024-03-22 00:34:49,458 - INFO - Epoch [89/300] (60210) train_loss: 26.2218, val_loss: 26.8209, lr: 0.000815, 136.11s
2024-03-22 00:36:56,394 - INFO - epoch complete!
2024-03-22 00:36:56,395 - INFO - evaluating now!
2024-03-22 00:37:07,053 - INFO - Epoch [90/300] (60879) train_loss: 26.2174, val_loss: 26.1249, lr: 0.000811, 137.59s
2024-03-22 00:37:07,164 - INFO - Saved model at 90
2024-03-22 00:37:07,165 - INFO - Val loss decrease from 26.3538 to 26.1249, saving to ./libcity/cache/55603/model_cache/PDFormer_PeMS08_epoch90.tar
2024-03-22 00:39:13,337 - INFO - epoch complete!
2024-03-22 00:39:13,338 - INFO - evaluating now!
2024-03-22 00:39:23,948 - INFO - Epoch [91/300] (61548) train_loss: 26.1007, val_loss: 26.3263, lr: 0.000807, 136.78s
2024-03-22 00:41:30,284 - INFO - epoch complete!
2024-03-22 00:41:30,285 - INFO - evaluating now!
2024-03-22 00:41:40,959 - INFO - Epoch [92/300] (62217) train_loss: 26.0859, val_loss: 26.3306, lr: 0.000803, 137.01s
2024-03-22 00:43:48,957 - INFO - epoch complete!
2024-03-22 00:43:48,958 - INFO - evaluating now!
2024-03-22 00:43:59,627 - INFO - Epoch [93/300] (62886) train_loss: 26.0604, val_loss: 26.1993, lr: 0.000799, 138.67s
2024-03-22 00:46:05,418 - INFO - epoch complete!
2024-03-22 00:46:05,419 - INFO - evaluating now!
2024-03-22 00:46:16,101 - INFO - Epoch [94/300] (63555) train_loss: 25.9990, val_loss: 26.2181, lr: 0.000795, 136.47s
2024-03-22 00:48:22,927 - INFO - epoch complete!
2024-03-22 00:48:22,928 - INFO - evaluating now!
2024-03-22 00:48:33,553 - INFO - Epoch [95/300] (64224) train_loss: 25.9446, val_loss: 26.1687, lr: 0.000791, 137.45s
2024-03-22 00:50:40,044 - INFO - epoch complete!
2024-03-22 00:50:40,045 - INFO - evaluating now!
2024-03-22 00:50:50,703 - INFO - Epoch [96/300] (64893) train_loss: 25.8987, val_loss: 25.9755, lr: 0.000787, 137.15s
2024-03-22 00:50:50,814 - INFO - Saved model at 96
2024-03-22 00:50:50,815 - INFO - Val loss decrease from 26.1249 to 25.9755, saving to ./libcity/cache/55603/model_cache/PDFormer_PeMS08_epoch96.tar
2024-03-22 00:52:57,414 - INFO - epoch complete!
2024-03-22 00:52:57,415 - INFO - evaluating now!
2024-03-22 00:53:08,051 - INFO - Epoch [97/300] (65562) train_loss: 25.9181, val_loss: 26.8196, lr: 0.000783, 137.24s
2024-03-22 00:55:13,962 - INFO - epoch complete!
2024-03-22 00:55:13,963 - INFO - evaluating now!
2024-03-22 00:55:24,580 - INFO - Epoch [98/300] (66231) train_loss: 25.8783, val_loss: 26.1900, lr: 0.000779, 136.53s
2024-03-22 00:57:31,422 - INFO - epoch complete!
2024-03-22 00:57:31,423 - INFO - evaluating now!
2024-03-22 00:57:42,041 - INFO - Epoch [99/300] (66900) train_loss: 25.7875, val_loss: 26.5844, lr: 0.000775, 137.46s
2024-03-22 00:59:47,515 - INFO - epoch complete!
2024-03-22 00:59:47,516 - INFO - evaluating now!
2024-03-22 00:59:58,262 - INFO - Epoch [100/300] (67569) train_loss: 25.8785, val_loss: 26.1067, lr: 0.000771, 136.22s
2024-03-22 01:02:04,076 - INFO - epoch complete!
2024-03-22 01:02:04,076 - INFO - evaluating now!
2024-03-22 01:02:16,512 - INFO - Epoch [101/300] (68238) train_loss: 25.7853, val_loss: 26.3354, lr: 0.000767, 138.25s
2024-03-22 01:04:23,462 - INFO - epoch complete!
2024-03-22 01:04:23,463 - INFO - evaluating now!
2024-03-22 01:04:34,032 - INFO - Epoch [102/300] (68907) train_loss: 25.7142, val_loss: 26.0531, lr: 0.000763, 137.52s
2024-03-22 01:06:47,608 - INFO - epoch complete!
2024-03-22 01:06:47,609 - INFO - evaluating now!
2024-03-22 01:06:58,261 - INFO - Epoch [103/300] (69576) train_loss: 25.7302, val_loss: 26.4114, lr: 0.000758, 144.23s
2024-03-22 01:09:03,498 - INFO - epoch complete!
2024-03-22 01:09:03,501 - INFO - evaluating now!
2024-03-22 01:09:14,211 - INFO - Epoch [104/300] (70245) train_loss: 25.7669, val_loss: 25.8274, lr: 0.000754, 135.95s
2024-03-22 01:09:14,301 - INFO - Saved model at 104
2024-03-22 01:09:14,302 - INFO - Val loss decrease from 25.9755 to 25.8274, saving to ./libcity/cache/55603/model_cache/PDFormer_PeMS08_epoch104.tar
2024-03-22 01:11:22,277 - INFO - epoch complete!
2024-03-22 01:11:22,277 - INFO - evaluating now!
2024-03-22 01:11:32,972 - INFO - Epoch [105/300] (70914) train_loss: 25.7007, val_loss: 26.6207, lr: 0.000750, 138.67s
2024-03-22 01:13:40,294 - INFO - epoch complete!
2024-03-22 01:13:40,295 - INFO - evaluating now!
2024-03-22 01:13:50,857 - INFO - Epoch [106/300] (71583) train_loss: 25.6938, val_loss: 26.6605, lr: 0.000746, 137.88s
2024-03-22 01:15:56,759 - INFO - epoch complete!
2024-03-22 01:15:56,760 - INFO - evaluating now!
2024-03-22 01:16:07,385 - INFO - Epoch [107/300] (72252) train_loss: 25.7247, val_loss: 25.9006, lr: 0.000742, 136.53s
2024-03-22 01:18:11,962 - INFO - epoch complete!
2024-03-22 01:18:11,963 - INFO - evaluating now!
2024-03-22 01:18:22,486 - INFO - Epoch [108/300] (72921) train_loss: 25.6056, val_loss: 25.9791, lr: 0.000737, 135.10s
2024-03-22 01:20:27,805 - INFO - epoch complete!
2024-03-22 01:20:27,806 - INFO - evaluating now!
2024-03-22 01:20:38,161 - INFO - Epoch [109/300] (73590) train_loss: 25.4996, val_loss: 26.9543, lr: 0.000733, 135.67s
2024-03-22 01:22:43,584 - INFO - epoch complete!
2024-03-22 01:22:43,585 - INFO - evaluating now!
2024-03-22 01:22:53,962 - INFO - Epoch [110/300] (74259) train_loss: 25.5685, val_loss: 25.7121, lr: 0.000729, 135.80s
2024-03-22 01:22:54,046 - INFO - Saved model at 110
2024-03-22 01:22:54,047 - INFO - Val loss decrease from 25.8274 to 25.7121, saving to ./libcity/cache/55603/model_cache/PDFormer_PeMS08_epoch110.tar
2024-03-22 01:24:58,701 - INFO - epoch complete!
2024-03-22 01:24:58,702 - INFO - evaluating now!
2024-03-22 01:25:09,093 - INFO - Epoch [111/300] (74928) train_loss: 25.4527, val_loss: 25.8174, lr: 0.000724, 135.05s
2024-03-22 01:27:14,707 - INFO - epoch complete!
2024-03-22 01:27:14,709 - INFO - evaluating now!
2024-03-22 01:27:25,240 - INFO - Epoch [112/300] (75597) train_loss: 25.4859, val_loss: 25.8120, lr: 0.000720, 136.14s
2024-03-22 01:29:30,437 - INFO - epoch complete!
2024-03-22 01:29:30,438 - INFO - evaluating now!
2024-03-22 01:29:40,569 - INFO - Epoch [113/300] (76266) train_loss: 25.3519, val_loss: 25.4328, lr: 0.000716, 135.33s
2024-03-22 01:29:40,681 - INFO - Saved model at 113
2024-03-22 01:29:40,682 - INFO - Val loss decrease from 25.7121 to 25.4328, saving to ./libcity/cache/55603/model_cache/PDFormer_PeMS08_epoch113.tar
2024-03-22 01:31:46,031 - INFO - epoch complete!
2024-03-22 01:31:46,031 - INFO - evaluating now!
2024-03-22 01:31:56,683 - INFO - Epoch [114/300] (76935) train_loss: 25.4076, val_loss: 25.9481, lr: 0.000711, 136.00s
2024-03-22 01:34:03,611 - INFO - epoch complete!
2024-03-22 01:34:03,612 - INFO - evaluating now!
2024-03-22 01:34:14,265 - INFO - Epoch [115/300] (77604) train_loss: 25.4469, val_loss: 25.9034, lr: 0.000707, 137.58s
2024-03-22 01:36:20,196 - INFO - epoch complete!
2024-03-22 01:36:20,197 - INFO - evaluating now!
2024-03-22 01:36:30,774 - INFO - Epoch [116/300] (78273) train_loss: 25.3103, val_loss: 25.9485, lr: 0.000702, 136.51s
2024-03-22 01:38:38,222 - INFO - epoch complete!
2024-03-22 01:38:38,223 - INFO - evaluating now!
2024-03-22 01:38:48,862 - INFO - Epoch [117/300] (78942) train_loss: 25.3967, val_loss: 25.9752, lr: 0.000698, 138.09s
2024-03-22 01:40:54,146 - INFO - epoch complete!
2024-03-22 01:40:54,146 - INFO - evaluating now!
2024-03-22 01:41:04,835 - INFO - Epoch [118/300] (79611) train_loss: 25.3145, val_loss: 26.0094, lr: 0.000694, 135.97s
2024-03-22 01:43:11,379 - INFO - epoch complete!
2024-03-22 01:43:11,380 - INFO - evaluating now!
2024-03-22 01:43:22,083 - INFO - Epoch [119/300] (80280) train_loss: 25.2788, val_loss: 26.7190, lr: 0.000689, 137.25s
2024-03-22 01:45:27,845 - INFO - epoch complete!
2024-03-22 01:45:27,845 - INFO - evaluating now!
2024-03-22 01:45:38,518 - INFO - Epoch [120/300] (80949) train_loss: 25.2618, val_loss: 25.8347, lr: 0.000685, 136.43s
2024-03-22 01:47:44,077 - INFO - epoch complete!
2024-03-22 01:47:44,078 - INFO - evaluating now!
2024-03-22 01:47:54,657 - INFO - Epoch [121/300] (81618) train_loss: 25.3068, val_loss: 26.3481, lr: 0.000680, 136.14s
2024-03-22 01:50:00,918 - INFO - epoch complete!
2024-03-22 01:50:00,919 - INFO - evaluating now!
2024-03-22 01:50:11,582 - INFO - Epoch [122/300] (82287) train_loss: 25.3039, val_loss: 25.8400, lr: 0.000676, 136.92s
2024-03-22 01:52:17,642 - INFO - epoch complete!
2024-03-22 01:52:17,643 - INFO - evaluating now!
2024-03-22 01:52:28,389 - INFO - Epoch [123/300] (82956) train_loss: 25.1548, val_loss: 25.9897, lr: 0.000671, 136.81s
2024-03-22 01:54:34,206 - INFO - epoch complete!
2024-03-22 01:54:34,206 - INFO - evaluating now!
2024-03-22 01:54:44,806 - INFO - Epoch [124/300] (83625) train_loss: 25.1880, val_loss: 25.9349, lr: 0.000666, 136.42s
2024-03-22 01:56:52,371 - INFO - epoch complete!
2024-03-22 01:56:52,372 - INFO - evaluating now!
2024-03-22 01:57:03,066 - INFO - Epoch [125/300] (84294) train_loss: 25.1235, val_loss: 25.8588, lr: 0.000662, 138.26s
2024-03-22 01:59:09,670 - INFO - epoch complete!
2024-03-22 01:59:09,671 - INFO - evaluating now!
2024-03-22 01:59:20,388 - INFO - Epoch [126/300] (84963) train_loss: 25.1544, val_loss: 25.7749, lr: 0.000657, 137.32s
2024-03-22 02:01:26,453 - INFO - epoch complete!
2024-03-22 02:01:26,454 - INFO - evaluating now!
2024-03-22 02:01:39,007 - INFO - Epoch [127/300] (85632) train_loss: 25.0230, val_loss: 25.5877, lr: 0.000653, 138.62s
2024-03-22 02:03:50,437 - INFO - epoch complete!
2024-03-22 02:03:50,437 - INFO - evaluating now!
2024-03-22 02:04:01,159 - INFO - Epoch [128/300] (86301) train_loss: 25.1369, val_loss: 25.8131, lr: 0.000648, 142.15s
2024-03-22 02:06:07,173 - INFO - epoch complete!
2024-03-22 02:06:07,174 - INFO - evaluating now!
2024-03-22 02:06:18,443 - INFO - Epoch [129/300] (86970) train_loss: 25.0298, val_loss: 26.2391, lr: 0.000644, 137.28s
2024-03-22 02:08:25,518 - INFO - epoch complete!
2024-03-22 02:08:25,519 - INFO - evaluating now!
2024-03-22 02:08:36,203 - INFO - Epoch [130/300] (87639) train_loss: 25.0506, val_loss: 26.1512, lr: 0.000639, 137.76s
2024-03-22 02:10:41,955 - INFO - epoch complete!
2024-03-22 02:10:41,956 - INFO - evaluating now!
2024-03-22 02:10:52,500 - INFO - Epoch [131/300] (88308) train_loss: 25.0452, val_loss: 25.7549, lr: 0.000634, 136.30s
2024-03-22 02:12:58,429 - INFO - epoch complete!
2024-03-22 02:12:58,430 - INFO - evaluating now!
2024-03-22 02:13:09,115 - INFO - Epoch [132/300] (88977) train_loss: 24.9878, val_loss: 25.9303, lr: 0.000630, 136.61s
2024-03-22 02:15:15,095 - INFO - epoch complete!
2024-03-22 02:15:15,095 - INFO - evaluating now!
2024-03-22 02:15:25,739 - INFO - Epoch [133/300] (89646) train_loss: 24.9138, val_loss: 26.0338, lr: 0.000625, 136.62s
2024-03-22 02:17:31,830 - INFO - epoch complete!
2024-03-22 02:17:31,831 - INFO - evaluating now!
2024-03-22 02:17:42,389 - INFO - Epoch [134/300] (90315) train_loss: 24.9151, val_loss: 25.5166, lr: 0.000620, 136.65s
2024-03-22 02:19:49,059 - INFO - epoch complete!
2024-03-22 02:19:49,060 - INFO - evaluating now!
2024-03-22 02:20:00,447 - INFO - Epoch [135/300] (90984) train_loss: 24.9242, val_loss: 25.4747, lr: 0.000616, 138.06s
2024-03-22 02:22:05,769 - INFO - epoch complete!
2024-03-22 02:22:05,770 - INFO - evaluating now!
2024-03-22 02:22:16,380 - INFO - Epoch [136/300] (91653) train_loss: 24.8580, val_loss: 25.4788, lr: 0.000611, 135.93s
2024-03-22 02:24:22,651 - INFO - epoch complete!
2024-03-22 02:24:22,652 - INFO - evaluating now!
2024-03-22 02:24:33,325 - INFO - Epoch [137/300] (92322) train_loss: 24.8234, val_loss: 25.5672, lr: 0.000606, 136.94s
2024-03-22 02:26:38,823 - INFO - epoch complete!
2024-03-22 02:26:38,824 - INFO - evaluating now!
2024-03-22 02:26:49,402 - INFO - Epoch [138/300] (92991) train_loss: 24.7194, val_loss: 25.7517, lr: 0.000602, 136.08s
2024-03-22 02:28:55,556 - INFO - epoch complete!
2024-03-22 02:28:55,556 - INFO - evaluating now!
2024-03-22 02:29:06,164 - INFO - Epoch [139/300] (93660) train_loss: 24.8015, val_loss: 26.2469, lr: 0.000597, 136.76s
2024-03-22 02:31:13,091 - INFO - epoch complete!
2024-03-22 02:31:13,092 - INFO - evaluating now!
2024-03-22 02:31:23,721 - INFO - Epoch [140/300] (94329) train_loss: 24.7419, val_loss: 25.5852, lr: 0.000592, 137.56s
2024-03-22 02:33:29,253 - INFO - epoch complete!
2024-03-22 02:33:29,254 - INFO - evaluating now!
2024-03-22 02:33:39,883 - INFO - Epoch [141/300] (94998) train_loss: 24.8053, val_loss: 25.8517, lr: 0.000588, 136.16s
2024-03-22 02:35:45,518 - INFO - epoch complete!
2024-03-22 02:35:45,518 - INFO - evaluating now!
2024-03-22 02:35:56,133 - INFO - Epoch [142/300] (95667) train_loss: 24.8079, val_loss: 25.5416, lr: 0.000583, 136.25s
2024-03-22 02:38:02,334 - INFO - epoch complete!
2024-03-22 02:38:02,335 - INFO - evaluating now!
2024-03-22 02:38:13,080 - INFO - Epoch [143/300] (96336) train_loss: 24.6390, val_loss: 25.4746, lr: 0.000578, 136.95s
2024-03-22 02:40:18,514 - INFO - epoch complete!
2024-03-22 02:40:18,515 - INFO - evaluating now!
2024-03-22 02:40:29,195 - INFO - Epoch [144/300] (97005) train_loss: 24.5555, val_loss: 25.6426, lr: 0.000574, 136.11s
2024-03-22 02:42:35,721 - INFO - epoch complete!
2024-03-22 02:42:35,722 - INFO - evaluating now!
2024-03-22 02:42:46,390 - INFO - Epoch [145/300] (97674) train_loss: 24.6817, val_loss: 25.3820, lr: 0.000569, 137.19s
2024-03-22 02:42:46,500 - INFO - Saved model at 145
2024-03-22 02:42:46,501 - INFO - Val loss decrease from 25.4328 to 25.3820, saving to ./libcity/cache/55603/model_cache/PDFormer_PeMS08_epoch145.tar
2024-03-22 02:44:53,348 - INFO - epoch complete!
2024-03-22 02:44:53,349 - INFO - evaluating now!
2024-03-22 02:45:04,136 - INFO - Epoch [146/300] (98343) train_loss: 24.5503, val_loss: 25.5045, lr: 0.000564, 137.63s
2024-03-22 02:47:10,024 - INFO - epoch complete!
2024-03-22 02:47:10,025 - INFO - evaluating now!
2024-03-22 02:47:20,746 - INFO - Epoch [147/300] (99012) train_loss: 24.5381, val_loss: 25.6774, lr: 0.000559, 136.61s
2024-03-22 02:49:26,803 - INFO - epoch complete!
2024-03-22 02:49:26,804 - INFO - evaluating now!
2024-03-22 02:49:37,428 - INFO - Epoch [148/300] (99681) train_loss: 24.4997, val_loss: 25.6057, lr: 0.000555, 136.68s
2024-03-22 02:51:44,251 - INFO - epoch complete!
2024-03-22 02:51:44,252 - INFO - evaluating now!
2024-03-22 02:51:54,872 - INFO - Epoch [149/300] (100350) train_loss: 24.4632, val_loss: 25.5326, lr: 0.000550, 137.44s
2024-03-22 02:54:01,332 - INFO - epoch complete!
2024-03-22 02:54:01,333 - INFO - evaluating now!
2024-03-22 02:54:12,229 - INFO - Epoch [150/300] (101019) train_loss: 24.4758, val_loss: 25.5411, lr: 0.000545, 137.36s
2024-03-22 02:56:17,300 - INFO - epoch complete!
2024-03-22 02:56:17,301 - INFO - evaluating now!
2024-03-22 02:56:28,164 - INFO - Epoch [151/300] (101688) train_loss: 24.5092, val_loss: 25.3460, lr: 0.000541, 135.93s
2024-03-22 02:56:28,277 - INFO - Saved model at 151
2024-03-22 02:56:28,278 - INFO - Val loss decrease from 25.3820 to 25.3460, saving to ./libcity/cache/55603/model_cache/PDFormer_PeMS08_epoch151.tar
2024-03-22 02:58:35,548 - INFO - epoch complete!
2024-03-22 02:58:35,548 - INFO - evaluating now!
2024-03-22 02:58:46,128 - INFO - Epoch [152/300] (102357) train_loss: 24.4658, val_loss: 25.6856, lr: 0.000536, 137.85s
2024-03-22 03:00:53,013 - INFO - epoch complete!
2024-03-22 03:00:53,013 - INFO - evaluating now!
2024-03-22 03:01:03,635 - INFO - Epoch [153/300] (103026) train_loss: 24.3893, val_loss: 25.4740, lr: 0.000531, 137.51s
2024-03-22 03:03:09,095 - INFO - epoch complete!
2024-03-22 03:03:09,096 - INFO - evaluating now!
2024-03-22 03:03:19,744 - INFO - Epoch [154/300] (103695) train_loss: 24.4254, val_loss: 25.5969, lr: 0.000526, 136.11s
2024-03-22 03:05:24,471 - INFO - epoch complete!
2024-03-22 03:05:24,471 - INFO - evaluating now!
2024-03-22 03:05:35,079 - INFO - Epoch [155/300] (104364) train_loss: 24.3465, val_loss: 26.1485, lr: 0.000522, 135.33s
2024-03-22 03:07:43,026 - INFO - epoch complete!
2024-03-22 03:07:43,027 - INFO - evaluating now!
2024-03-22 03:07:53,625 - INFO - Epoch [156/300] (105033) train_loss: 24.3393, val_loss: 25.6956, lr: 0.000517, 138.55s
2024-03-22 03:09:59,385 - INFO - epoch complete!
2024-03-22 03:09:59,386 - INFO - evaluating now!
2024-03-22 03:10:10,012 - INFO - Epoch [157/300] (105702) train_loss: 24.3123, val_loss: 25.6323, lr: 0.000512, 136.39s
2024-03-22 03:12:15,854 - INFO - epoch complete!
2024-03-22 03:12:15,854 - INFO - evaluating now!
2024-03-22 03:12:26,503 - INFO - Epoch [158/300] (106371) train_loss: 24.2304, val_loss: 25.3802, lr: 0.000508, 136.49s
2024-03-22 03:14:32,305 - INFO - epoch complete!
2024-03-22 03:14:32,306 - INFO - evaluating now!
2024-03-22 03:14:42,945 - INFO - Epoch [159/300] (107040) train_loss: 24.3217, val_loss: 26.1889, lr: 0.000503, 136.44s
2024-03-22 03:16:47,931 - INFO - epoch complete!
2024-03-22 03:16:47,932 - INFO - evaluating now!
2024-03-22 03:16:58,519 - INFO - Epoch [160/300] (107709) train_loss: 24.2632, val_loss: 25.3622, lr: 0.000498, 135.57s
2024-03-22 03:19:04,758 - INFO - epoch complete!
2024-03-22 03:19:04,759 - INFO - evaluating now!
2024-03-22 03:19:15,294 - INFO - Epoch [161/300] (108378) train_loss: 24.1811, val_loss: 25.6490, lr: 0.000494, 136.77s
2024-03-22 03:21:20,985 - INFO - epoch complete!
2024-03-22 03:21:20,986 - INFO - evaluating now!
2024-03-22 03:21:31,295 - INFO - Epoch [162/300] (109047) train_loss: 24.1717, val_loss: 25.1743, lr: 0.000489, 136.00s
2024-03-22 03:21:31,401 - INFO - Saved model at 162
2024-03-22 03:21:31,401 - INFO - Val loss decrease from 25.3460 to 25.1743, saving to ./libcity/cache/55603/model_cache/PDFormer_PeMS08_epoch162.tar
2024-03-22 03:23:35,610 - INFO - epoch complete!
2024-03-22 03:23:35,611 - INFO - evaluating now!
2024-03-22 03:23:45,959 - INFO - Epoch [163/300] (109716) train_loss: 24.1447, val_loss: 25.5408, lr: 0.000484, 134.56s
2024-03-22 03:25:50,808 - INFO - epoch complete!
2024-03-22 03:25:50,809 - INFO - evaluating now!
2024-03-22 03:26:01,351 - INFO - Epoch [164/300] (110385) train_loss: 24.1013, val_loss: 25.1706, lr: 0.000480, 135.39s
2024-03-22 03:26:01,469 - INFO - Saved model at 164
2024-03-22 03:26:01,470 - INFO - Val loss decrease from 25.1743 to 25.1706, saving to ./libcity/cache/55603/model_cache/PDFormer_PeMS08_epoch164.tar
2024-03-22 03:28:06,140 - INFO - epoch complete!
2024-03-22 03:28:06,141 - INFO - evaluating now!
2024-03-22 03:28:16,404 - INFO - Epoch [165/300] (111054) train_loss: 24.0691, val_loss: 25.2434, lr: 0.000475, 134.93s
2024-03-22 03:30:22,912 - INFO - epoch complete!
2024-03-22 03:30:22,914 - INFO - evaluating now!
2024-03-22 03:30:33,374 - INFO - Epoch [166/300] (111723) train_loss: 24.0766, val_loss: 25.3352, lr: 0.000470, 136.97s
2024-03-22 03:32:38,916 - INFO - epoch complete!
2024-03-22 03:32:38,917 - INFO - evaluating now!
2024-03-22 03:32:49,159 - INFO - Epoch [167/300] (112392) train_loss: 24.0391, val_loss: 25.7270, lr: 0.000466, 135.78s
