2024-03-18 12:46:28,705 - INFO - Log directory: ./libcity/log
2024-03-18 12:46:28,706 - INFO - Begin pipeline, task=traffic_state_pred, model_name=PDFormer, dataset_name=PeMS03, exp_id=66388
2024-03-18 12:46:28,706 - INFO - {'task': 'traffic_state_pred', 'model': 'PDFormer', 'dataset': 'PeMS03', 'saved_model': True, 'train': True, 'local_rank': 0, 'initial_ckpt': None, 'dataset_class': 'PDFormerDataset', 'input_window': 12, 'output_window': 12, 'train_rate': 0.6, 'eval_rate': 0.2, 'batch_size': 16, 'add_time_in_day': True, 'add_day_in_week': True, 'step_size': 1964, 'max_epoch': 300, 'bidir': True, 'far_mask_delta': 7, 'geo_num_heads': 4, 'sem_num_heads': 2, 't_num_heads': 2, 'cluster_method': 'kshape', 'cand_key_days': 14, 'seed': 1, 'type_ln': 'pre', 'set_loss': 'huber', 'huber_delta': 2, 'mode': 'average', 'executor': 'PDFormerExecutor', 'evaluator': 'TrafficStateEvaluator', 'embed_dim': 64, 'skip_dim': 256, 'mlp_ratio': 4, 'qkv_bias': True, 'drop': 0, 'attn_drop': 0, 'drop_path': 0.3, 's_attn_size': 3, 't_attn_size': 1, 'enc_depth': 6, 'type_short_path': 'hop', 'scaler': 'standard', 'load_external': True, 'normal_external': False, 'ext_scaler': 'none', 'learner': 'adamw', 'learning_rate': 0.001, 'weight_decay': 0.05, 'lr_decay': True, 'lr_scheduler': 'cosinelr', 'lr_eta_min': 0.0001, 'lr_decay_ratio': 0.1, 'lr_warmup_epoch': 5, 'lr_warmup_init': 1e-06, 'clip_grad_norm': True, 'max_grad_norm': 5, 'use_early_stop': True, 'patience': 50, 'task_level': 0, 'use_curriculum_learning': True, 'random_flip': True, 'quan_delta': 0.25, 'dtw_delta': 5, 'cache_dataset': True, 'num_workers': 0, 'pad_with_last_sample': True, 'lape_dim': 8, 'gpu': True, 'gpu_id': [0, 1], 'train_loss': 'none', 'epoch': 0, 'lr_epsilon': 1e-08, 'lr_beta1': 0.9, 'lr_beta2': 0.999, 'lr_alpha': 0.99, 'lr_momentum': 0, 'steps': [5, 20, 40, 70], 'lr_T_max': 30, 'lr_patience': 10, 'lr_threshold': 0.0001, 'log_level': 'INFO', 'log_every': 1, 'load_best_epoch': True, 'hyper_tune': False, 'grad_accmu_steps': 1, 'metrics': ['MAE', 'MAPE', 'RMSE', 'masked_MAE', 'masked_MAPE', 'masked_RMSE'], 'save_modes': ['csv'], 'geo': {'including_types': ['Point'], 'Point': {}}, 'rel': {'including_types': ['geo'], 'geo': {'cost': 'num'}}, 'dyna': {'including_types': ['state'], 'state': {'entity_id': 'geo_id', 'traffic_flow': 'num', 'traffic_occupancy': 'num', 'traffic_speed': 'num'}}, 'data_col': ['traffic_flow'], 'weight_col': 'cost', 'data_files': ['PeMS03'], 'geo_file': 'PeMS03', 'rel_file': 'PeMS03', 'output_dim': 1, 'time_intervals': 300, 'init_weight_inf_or_zero': 'zero', 'set_weight_link_or_dist': 'link', 'calculate_weight_adj': False, 'weight_adj_epsilon': 0.1, 'distributed': False, 'device': device(type='cuda', index=0), 'exp_id': 66388}
2024-03-18 12:46:29,429 - INFO - Loaded file PeMS03.geo, num_nodes=358
2024-03-18 12:46:29,433 - INFO - set_weight_link_or_dist: link
2024-03-18 12:46:29,434 - INFO - init_weight_inf_or_zero: zero
2024-03-18 12:46:29,440 - INFO - Loaded file PeMS03.rel, shape=(358, 358)
2024-03-18 12:46:29,440 - INFO - Max adj_mx value = 1.0
2024-03-18 12:50:07,177 - INFO - Loading file PeMS03.dyna
2024-03-18 12:50:18,596 - INFO - Loaded file PeMS03.dyna, shape=(26208, 358, 1)
2024-03-18 12:50:18,714 - INFO - Load DTW matrix from ./libcity/cache/dataset_cache/dtw_PeMS03.npy
2024-03-18 12:50:18,715 - INFO - Loading ./libcity/cache/dataset_cache/pdformer_point_based_PeMS03_12_12_0.6_1_0.2_standard_16_True_True_True_True_traffic_flow.npz
2024-03-18 12:51:02,929 - INFO - train	x: (15711, 12, 358, 9), y: (15711, 12, 358, 9), ind: (15711,)
2024-03-18 12:51:02,929 - INFO - eval	x: (5237, 12, 358, 9), y: (5237, 12, 358, 9), ind: (5237,)
2024-03-18 12:51:02,930 - INFO - test	x: (5237, 12, 358, 9), y: (5237, 12, 358, 9), ind: (5237,)
2024-03-18 12:51:05,344 - INFO - StandardScaler mean: 181.37526799238148, std: 144.4083626200602
2024-03-18 12:51:05,345 - INFO - NoneScaler
2024-03-18 12:51:10,747 - INFO - Loaded file ./libcity/cache/dataset_cache/pattern_keys_kshape_PeMS03_14_3_16_5.npy
2024-03-18 12:51:10,763 - INFO - Use use_curriculum_learning!
2024-03-18 12:51:17,935 - INFO - Number of isolated points: 0
2024-03-18 12:51:18,024 - INFO - Number of isolated points: 0
2024-03-18 12:51:18,213 - INFO - PDFormer(
  (pattern_embeddings): ModuleList(
    (0): TokenEmbedding(
      (token_embed): Linear(in_features=3, out_features=64, bias=True)
      (norm): Identity()
    )
  )
  (enc_embed_layer): DataEmbedding(
    (value_embedding): TokenEmbedding(
      (token_embed): Linear(in_features=1, out_features=64, bias=True)
      (norm): Identity()
    )
    (position_encoding): PositionalEncoding()
    (daytime_embedding): Embedding(1440, 64)
    (weekday_embedding): Embedding(7, 64)
    (spatial_embedding): LaplacianPE(
      (embedding_lap_pos_enc): Linear(in_features=8, out_features=64, bias=True)
    )
    (tempp_embedding): Linear(in_features=8, out_features=64, bias=True)
    (dropout): Dropout(p=0, inplace=False)
  )
  (encoder_blocks): ModuleList(
    (0): STEncoderBlock(
      (norm1): LayerNorm((64,), eps=1e-06, elementwise_affine=True)
      (st_attn): STSelfAttention(
        (pattern_q_linears): ModuleList(
          (0): Linear(in_features=64, out_features=32, bias=True)
        )
        (pattern_k_linears): ModuleList(
          (0): Linear(in_features=64, out_features=32, bias=True)
        )
        (pattern_v_linears): ModuleList(
          (0): Linear(in_features=64, out_features=32, bias=True)
        )
        (geo_q_conv): Conv2d(64, 32, kernel_size=(1, 1), stride=(1, 1))
        (geo_k_conv): Conv2d(64, 32, kernel_size=(1, 1), stride=(1, 1))
        (geo_v_conv): Conv2d(64, 32, kernel_size=(1, 1), stride=(1, 1))
        (geo_attn_drop): Dropout(p=0, inplace=False)
        (sem_q_conv): Conv2d(64, 16, kernel_size=(1, 1), stride=(1, 1))
        (sem_k_conv): Conv2d(64, 16, kernel_size=(1, 1), stride=(1, 1))
        (sem_v_conv): Conv2d(64, 16, kernel_size=(1, 1), stride=(1, 1))
        (sem_attn_drop): Dropout(p=0, inplace=False)
        (t_q_conv): Conv2d(64, 16, kernel_size=(1, 1), stride=(1, 1))
        (t_k_conv): Conv2d(64, 16, kernel_size=(1, 1), stride=(1, 1))
        (t_v_conv): Conv2d(64, 16, kernel_size=(1, 1), stride=(1, 1))
        (t_attn_drop): Dropout(p=0, inplace=False)
        (proj): Linear(in_features=64, out_features=64, bias=True)
        (proj_drop): Dropout(p=0, inplace=False)
        (gconv): gcn(
          (nconv): nconv()
          (mlp): linear(
            (mlp): Conv2d(96, 32, kernel_size=(1, 1), stride=(1, 1))
          )
        )
        (reshape1): Linear(in_features=64, out_features=32, bias=True)
        (reshape2): Linear(in_features=32, out_features=64, bias=True)
      )
      (drop_path): Identity()
      (norm2): LayerNorm((64,), eps=1e-06, elementwise_affine=True)
      (mlp): Mlp(
        (fc1): Linear(in_features=64, out_features=256, bias=True)
        (act): GELU()
        (fc2): Linear(in_features=256, out_features=64, bias=True)
        (drop): Dropout(p=0, inplace=False)
      )
    )
    (1): STEncoderBlock(
      (norm1): LayerNorm((64,), eps=1e-06, elementwise_affine=True)
      (st_attn): STSelfAttention(
        (pattern_q_linears): ModuleList(
          (0): Linear(in_features=64, out_features=32, bias=True)
        )
        (pattern_k_linears): ModuleList(
          (0): Linear(in_features=64, out_features=32, bias=True)
        )
        (pattern_v_linears): ModuleList(
          (0): Linear(in_features=64, out_features=32, bias=True)
        )
        (geo_q_conv): Conv2d(64, 32, kernel_size=(1, 1), stride=(1, 1))
        (geo_k_conv): Conv2d(64, 32, kernel_size=(1, 1), stride=(1, 1))
        (geo_v_conv): Conv2d(64, 32, kernel_size=(1, 1), stride=(1, 1))
        (geo_attn_drop): Dropout(p=0, inplace=False)
        (sem_q_conv): Conv2d(64, 16, kernel_size=(1, 1), stride=(1, 1))
        (sem_k_conv): Conv2d(64, 16, kernel_size=(1, 1), stride=(1, 1))
        (sem_v_conv): Conv2d(64, 16, kernel_size=(1, 1), stride=(1, 1))
        (sem_attn_drop): Dropout(p=0, inplace=False)
        (t_q_conv): Conv2d(64, 16, kernel_size=(1, 1), stride=(1, 1))
        (t_k_conv): Conv2d(64, 16, kernel_size=(1, 1), stride=(1, 1))
        (t_v_conv): Conv2d(64, 16, kernel_size=(1, 1), stride=(1, 1))
        (t_attn_drop): Dropout(p=0, inplace=False)
        (proj): Linear(in_features=64, out_features=64, bias=True)
        (proj_drop): Dropout(p=0, inplace=False)
        (gconv): gcn(
          (nconv): nconv()
          (mlp): linear(
            (mlp): Conv2d(96, 32, kernel_size=(1, 1), stride=(1, 1))
          )
        )
        (reshape1): Linear(in_features=64, out_features=32, bias=True)
        (reshape2): Linear(in_features=32, out_features=64, bias=True)
      )
      (drop_path): DropPath()
      (norm2): LayerNorm((64,), eps=1e-06, elementwise_affine=True)
      (mlp): Mlp(
        (fc1): Linear(in_features=64, out_features=256, bias=True)
        (act): GELU()
        (fc2): Linear(in_features=256, out_features=64, bias=True)
        (drop): Dropout(p=0, inplace=False)
      )
    )
    (2): STEncoderBlock(
      (norm1): LayerNorm((64,), eps=1e-06, elementwise_affine=True)
      (st_attn): STSelfAttention(
        (pattern_q_linears): ModuleList(
          (0): Linear(in_features=64, out_features=32, bias=True)
        )
        (pattern_k_linears): ModuleList(
          (0): Linear(in_features=64, out_features=32, bias=True)
        )
        (pattern_v_linears): ModuleList(
          (0): Linear(in_features=64, out_features=32, bias=True)
        )
        (geo_q_conv): Conv2d(64, 32, kernel_size=(1, 1), stride=(1, 1))
        (geo_k_conv): Conv2d(64, 32, kernel_size=(1, 1), stride=(1, 1))
        (geo_v_conv): Conv2d(64, 32, kernel_size=(1, 1), stride=(1, 1))
        (geo_attn_drop): Dropout(p=0, inplace=False)
        (sem_q_conv): Conv2d(64, 16, kernel_size=(1, 1), stride=(1, 1))
        (sem_k_conv): Conv2d(64, 16, kernel_size=(1, 1), stride=(1, 1))
        (sem_v_conv): Conv2d(64, 16, kernel_size=(1, 1), stride=(1, 1))
        (sem_attn_drop): Dropout(p=0, inplace=False)
        (t_q_conv): Conv2d(64, 16, kernel_size=(1, 1), stride=(1, 1))
        (t_k_conv): Conv2d(64, 16, kernel_size=(1, 1), stride=(1, 1))
        (t_v_conv): Conv2d(64, 16, kernel_size=(1, 1), stride=(1, 1))
        (t_attn_drop): Dropout(p=0, inplace=False)
        (proj): Linear(in_features=64, out_features=64, bias=True)
        (proj_drop): Dropout(p=0, inplace=False)
        (gconv): gcn(
          (nconv): nconv()
          (mlp): linear(
            (mlp): Conv2d(96, 32, kernel_size=(1, 1), stride=(1, 1))
          )
        )
        (reshape1): Linear(in_features=64, out_features=32, bias=True)
        (reshape2): Linear(in_features=32, out_features=64, bias=True)
      )
      (drop_path): DropPath()
      (norm2): LayerNorm((64,), eps=1e-06, elementwise_affine=True)
      (mlp): Mlp(
        (fc1): Linear(in_features=64, out_features=256, bias=True)
        (act): GELU()
        (fc2): Linear(in_features=256, out_features=64, bias=True)
        (drop): Dropout(p=0, inplace=False)
      )
    )
    (3): STEncoderBlock(
      (norm1): LayerNorm((64,), eps=1e-06, elementwise_affine=True)
      (st_attn): STSelfAttention(
        (pattern_q_linears): ModuleList(
          (0): Linear(in_features=64, out_features=32, bias=True)
        )
        (pattern_k_linears): ModuleList(
          (0): Linear(in_features=64, out_features=32, bias=True)
        )
        (pattern_v_linears): ModuleList(
          (0): Linear(in_features=64, out_features=32, bias=True)
        )
        (geo_q_conv): Conv2d(64, 32, kernel_size=(1, 1), stride=(1, 1))
        (geo_k_conv): Conv2d(64, 32, kernel_size=(1, 1), stride=(1, 1))
        (geo_v_conv): Conv2d(64, 32, kernel_size=(1, 1), stride=(1, 1))
        (geo_attn_drop): Dropout(p=0, inplace=False)
        (sem_q_conv): Conv2d(64, 16, kernel_size=(1, 1), stride=(1, 1))
        (sem_k_conv): Conv2d(64, 16, kernel_size=(1, 1), stride=(1, 1))
        (sem_v_conv): Conv2d(64, 16, kernel_size=(1, 1), stride=(1, 1))
        (sem_attn_drop): Dropout(p=0, inplace=False)
        (t_q_conv): Conv2d(64, 16, kernel_size=(1, 1), stride=(1, 1))
        (t_k_conv): Conv2d(64, 16, kernel_size=(1, 1), stride=(1, 1))
        (t_v_conv): Conv2d(64, 16, kernel_size=(1, 1), stride=(1, 1))
        (t_attn_drop): Dropout(p=0, inplace=False)
        (proj): Linear(in_features=64, out_features=64, bias=True)
        (proj_drop): Dropout(p=0, inplace=False)
        (gconv): gcn(
          (nconv): nconv()
          (mlp): linear(
            (mlp): Conv2d(96, 32, kernel_size=(1, 1), stride=(1, 1))
          )
        )
        (reshape1): Linear(in_features=64, out_features=32, bias=True)
        (reshape2): Linear(in_features=32, out_features=64, bias=True)
      )
      (drop_path): DropPath()
      (norm2): LayerNorm((64,), eps=1e-06, elementwise_affine=True)
      (mlp): Mlp(
        (fc1): Linear(in_features=64, out_features=256, bias=True)
        (act): GELU()
        (fc2): Linear(in_features=256, out_features=64, bias=True)
        (drop): Dropout(p=0, inplace=False)
      )
    )
    (4): STEncoderBlock(
      (norm1): LayerNorm((64,), eps=1e-06, elementwise_affine=True)
      (st_attn): STSelfAttention(
        (pattern_q_linears): ModuleList(
          (0): Linear(in_features=64, out_features=32, bias=True)
        )
        (pattern_k_linears): ModuleList(
          (0): Linear(in_features=64, out_features=32, bias=True)
        )
        (pattern_v_linears): ModuleList(
          (0): Linear(in_features=64, out_features=32, bias=True)
        )
        (geo_q_conv): Conv2d(64, 32, kernel_size=(1, 1), stride=(1, 1))
        (geo_k_conv): Conv2d(64, 32, kernel_size=(1, 1), stride=(1, 1))
        (geo_v_conv): Conv2d(64, 32, kernel_size=(1, 1), stride=(1, 1))
        (geo_attn_drop): Dropout(p=0, inplace=False)
        (sem_q_conv): Conv2d(64, 16, kernel_size=(1, 1), stride=(1, 1))
        (sem_k_conv): Conv2d(64, 16, kernel_size=(1, 1), stride=(1, 1))
        (sem_v_conv): Conv2d(64, 16, kernel_size=(1, 1), stride=(1, 1))
        (sem_attn_drop): Dropout(p=0, inplace=False)
        (t_q_conv): Conv2d(64, 16, kernel_size=(1, 1), stride=(1, 1))
        (t_k_conv): Conv2d(64, 16, kernel_size=(1, 1), stride=(1, 1))
        (t_v_conv): Conv2d(64, 16, kernel_size=(1, 1), stride=(1, 1))
        (t_attn_drop): Dropout(p=0, inplace=False)
        (proj): Linear(in_features=64, out_features=64, bias=True)
        (proj_drop): Dropout(p=0, inplace=False)
        (gconv): gcn(
          (nconv): nconv()
          (mlp): linear(
            (mlp): Conv2d(96, 32, kernel_size=(1, 1), stride=(1, 1))
          )
        )
        (reshape1): Linear(in_features=64, out_features=32, bias=True)
        (reshape2): Linear(in_features=32, out_features=64, bias=True)
      )
      (drop_path): DropPath()
      (norm2): LayerNorm((64,), eps=1e-06, elementwise_affine=True)
      (mlp): Mlp(
        (fc1): Linear(in_features=64, out_features=256, bias=True)
        (act): GELU()
        (fc2): Linear(in_features=256, out_features=64, bias=True)
        (drop): Dropout(p=0, inplace=False)
      )
    )
    (5): STEncoderBlock(
      (norm1): LayerNorm((64,), eps=1e-06, elementwise_affine=True)
      (st_attn): STSelfAttention(
        (pattern_q_linears): ModuleList(
          (0): Linear(in_features=64, out_features=32, bias=True)
        )
        (pattern_k_linears): ModuleList(
          (0): Linear(in_features=64, out_features=32, bias=True)
        )
        (pattern_v_linears): ModuleList(
          (0): Linear(in_features=64, out_features=32, bias=True)
        )
        (geo_q_conv): Conv2d(64, 32, kernel_size=(1, 1), stride=(1, 1))
        (geo_k_conv): Conv2d(64, 32, kernel_size=(1, 1), stride=(1, 1))
        (geo_v_conv): Conv2d(64, 32, kernel_size=(1, 1), stride=(1, 1))
        (geo_attn_drop): Dropout(p=0, inplace=False)
        (sem_q_conv): Conv2d(64, 16, kernel_size=(1, 1), stride=(1, 1))
        (sem_k_conv): Conv2d(64, 16, kernel_size=(1, 1), stride=(1, 1))
        (sem_v_conv): Conv2d(64, 16, kernel_size=(1, 1), stride=(1, 1))
        (sem_attn_drop): Dropout(p=0, inplace=False)
        (t_q_conv): Conv2d(64, 16, kernel_size=(1, 1), stride=(1, 1))
        (t_k_conv): Conv2d(64, 16, kernel_size=(1, 1), stride=(1, 1))
        (t_v_conv): Conv2d(64, 16, kernel_size=(1, 1), stride=(1, 1))
        (t_attn_drop): Dropout(p=0, inplace=False)
        (proj): Linear(in_features=64, out_features=64, bias=True)
        (proj_drop): Dropout(p=0, inplace=False)
        (gconv): gcn(
          (nconv): nconv()
          (mlp): linear(
            (mlp): Conv2d(96, 32, kernel_size=(1, 1), stride=(1, 1))
          )
        )
        (reshape1): Linear(in_features=64, out_features=32, bias=True)
        (reshape2): Linear(in_features=32, out_features=64, bias=True)
      )
      (drop_path): DropPath()
      (norm2): LayerNorm((64,), eps=1e-06, elementwise_affine=True)
      (mlp): Mlp(
        (fc1): Linear(in_features=64, out_features=256, bias=True)
        (act): GELU()
        (fc2): Linear(in_features=256, out_features=64, bias=True)
        (drop): Dropout(p=0, inplace=False)
      )
    )
  )
  (skip_convs): ModuleList(
    (0): Conv2d(64, 256, kernel_size=(1, 1), stride=(1, 1))
    (1): Conv2d(64, 256, kernel_size=(1, 1), stride=(1, 1))
    (2): Conv2d(64, 256, kernel_size=(1, 1), stride=(1, 1))
    (3): Conv2d(64, 256, kernel_size=(1, 1), stride=(1, 1))
    (4): Conv2d(64, 256, kernel_size=(1, 1), stride=(1, 1))
    (5): Conv2d(64, 256, kernel_size=(1, 1), stride=(1, 1))
  )
  (end_conv1): Conv2d(12, 12, kernel_size=(1, 1), stride=(1, 1))
  (end_conv2): Conv2d(256, 1, kernel_size=(1, 1), stride=(1, 1))
)
2024-03-18 12:51:18,220 - INFO - pattern_embeddings.0.token_embed.weight	torch.Size([64, 3])	cuda:0	True
2024-03-18 12:51:18,220 - INFO - pattern_embeddings.0.token_embed.bias	torch.Size([64])	cuda:0	True
2024-03-18 12:51:18,220 - INFO - enc_embed_layer.value_embedding.token_embed.weight	torch.Size([64, 1])	cuda:0	True
2024-03-18 12:51:18,220 - INFO - enc_embed_layer.value_embedding.token_embed.bias	torch.Size([64])	cuda:0	True
2024-03-18 12:51:18,220 - INFO - enc_embed_layer.daytime_embedding.weight	torch.Size([1440, 64])	cuda:0	True
2024-03-18 12:51:18,220 - INFO - enc_embed_layer.weekday_embedding.weight	torch.Size([7, 64])	cuda:0	True
2024-03-18 12:51:18,221 - INFO - enc_embed_layer.spatial_embedding.embedding_lap_pos_enc.weight	torch.Size([64, 8])	cuda:0	True
2024-03-18 12:51:18,221 - INFO - enc_embed_layer.spatial_embedding.embedding_lap_pos_enc.bias	torch.Size([64])	cuda:0	True
2024-03-18 12:51:18,221 - INFO - enc_embed_layer.tempp_embedding.weight	torch.Size([64, 8])	cuda:0	True
2024-03-18 12:51:18,221 - INFO - enc_embed_layer.tempp_embedding.bias	torch.Size([64])	cuda:0	True
2024-03-18 12:51:18,221 - INFO - encoder_blocks.0.norm1.weight	torch.Size([64])	cuda:0	True
2024-03-18 12:51:18,221 - INFO - encoder_blocks.0.norm1.bias	torch.Size([64])	cuda:0	True
2024-03-18 12:51:18,221 - INFO - encoder_blocks.0.st_attn.nodevec_p1	torch.Size([288, 40])	cuda:0	True
2024-03-18 12:51:18,221 - INFO - encoder_blocks.0.st_attn.nodevec_p2	torch.Size([358, 40])	cuda:0	True
2024-03-18 12:51:18,221 - INFO - encoder_blocks.0.st_attn.nodevec_p3	torch.Size([358, 40])	cuda:0	True
2024-03-18 12:51:18,221 - INFO - encoder_blocks.0.st_attn.nodevec_pk	torch.Size([40, 40, 40])	cuda:0	True
2024-03-18 12:51:18,221 - INFO - encoder_blocks.0.st_attn.pattern_q_linears.0.weight	torch.Size([32, 64])	cuda:0	True
2024-03-18 12:51:18,221 - INFO - encoder_blocks.0.st_attn.pattern_q_linears.0.bias	torch.Size([32])	cuda:0	True
2024-03-18 12:51:18,222 - INFO - encoder_blocks.0.st_attn.pattern_k_linears.0.weight	torch.Size([32, 64])	cuda:0	True
2024-03-18 12:51:18,222 - INFO - encoder_blocks.0.st_attn.pattern_k_linears.0.bias	torch.Size([32])	cuda:0	True
2024-03-18 12:51:18,222 - INFO - encoder_blocks.0.st_attn.pattern_v_linears.0.weight	torch.Size([32, 64])	cuda:0	True
2024-03-18 12:51:18,222 - INFO - encoder_blocks.0.st_attn.pattern_v_linears.0.bias	torch.Size([32])	cuda:0	True
2024-03-18 12:51:18,222 - INFO - encoder_blocks.0.st_attn.geo_q_conv.weight	torch.Size([32, 64, 1, 1])	cuda:0	True
2024-03-18 12:51:18,222 - INFO - encoder_blocks.0.st_attn.geo_q_conv.bias	torch.Size([32])	cuda:0	True
2024-03-18 12:51:18,222 - INFO - encoder_blocks.0.st_attn.geo_k_conv.weight	torch.Size([32, 64, 1, 1])	cuda:0	True
2024-03-18 12:51:18,222 - INFO - encoder_blocks.0.st_attn.geo_k_conv.bias	torch.Size([32])	cuda:0	True
2024-03-18 12:51:18,222 - INFO - encoder_blocks.0.st_attn.geo_v_conv.weight	torch.Size([32, 64, 1, 1])	cuda:0	True
2024-03-18 12:51:18,222 - INFO - encoder_blocks.0.st_attn.geo_v_conv.bias	torch.Size([32])	cuda:0	True
2024-03-18 12:51:18,222 - INFO - encoder_blocks.0.st_attn.sem_q_conv.weight	torch.Size([16, 64, 1, 1])	cuda:0	True
2024-03-18 12:51:18,222 - INFO - encoder_blocks.0.st_attn.sem_q_conv.bias	torch.Size([16])	cuda:0	True
2024-03-18 12:51:18,223 - INFO - encoder_blocks.0.st_attn.sem_k_conv.weight	torch.Size([16, 64, 1, 1])	cuda:0	True
2024-03-18 12:51:18,223 - INFO - encoder_blocks.0.st_attn.sem_k_conv.bias	torch.Size([16])	cuda:0	True
2024-03-18 12:51:18,223 - INFO - encoder_blocks.0.st_attn.sem_v_conv.weight	torch.Size([16, 64, 1, 1])	cuda:0	True
2024-03-18 12:51:18,223 - INFO - encoder_blocks.0.st_attn.sem_v_conv.bias	torch.Size([16])	cuda:0	True
2024-03-18 12:51:18,223 - INFO - encoder_blocks.0.st_attn.t_q_conv.weight	torch.Size([16, 64, 1, 1])	cuda:0	True
2024-03-18 12:51:18,223 - INFO - encoder_blocks.0.st_attn.t_q_conv.bias	torch.Size([16])	cuda:0	True
2024-03-18 12:51:18,223 - INFO - encoder_blocks.0.st_attn.t_k_conv.weight	torch.Size([16, 64, 1, 1])	cuda:0	True
2024-03-18 12:51:18,223 - INFO - encoder_blocks.0.st_attn.t_k_conv.bias	torch.Size([16])	cuda:0	True
2024-03-18 12:51:18,223 - INFO - encoder_blocks.0.st_attn.t_v_conv.weight	torch.Size([16, 64, 1, 1])	cuda:0	True
2024-03-18 12:51:18,223 - INFO - encoder_blocks.0.st_attn.t_v_conv.bias	torch.Size([16])	cuda:0	True
2024-03-18 12:51:18,223 - INFO - encoder_blocks.0.st_attn.proj.weight	torch.Size([64, 64])	cuda:0	True
2024-03-18 12:51:18,223 - INFO - encoder_blocks.0.st_attn.proj.bias	torch.Size([64])	cuda:0	True
2024-03-18 12:51:18,223 - INFO - encoder_blocks.0.st_attn.gconv.mlp.mlp.weight	torch.Size([32, 96, 1, 1])	cuda:0	True
2024-03-18 12:51:18,224 - INFO - encoder_blocks.0.st_attn.gconv.mlp.mlp.bias	torch.Size([32])	cuda:0	True
2024-03-18 12:51:18,224 - INFO - encoder_blocks.0.st_attn.reshape1.weight	torch.Size([32, 64])	cuda:0	True
2024-03-18 12:51:18,224 - INFO - encoder_blocks.0.st_attn.reshape1.bias	torch.Size([32])	cuda:0	True
2024-03-18 12:51:18,224 - INFO - encoder_blocks.0.st_attn.reshape2.weight	torch.Size([64, 32])	cuda:0	True
2024-03-18 12:51:18,224 - INFO - encoder_blocks.0.st_attn.reshape2.bias	torch.Size([64])	cuda:0	True
2024-03-18 12:51:18,224 - INFO - encoder_blocks.0.norm2.weight	torch.Size([64])	cuda:0	True
2024-03-18 12:51:18,224 - INFO - encoder_blocks.0.norm2.bias	torch.Size([64])	cuda:0	True
2024-03-18 12:51:18,224 - INFO - encoder_blocks.0.mlp.fc1.weight	torch.Size([256, 64])	cuda:0	True
2024-03-18 12:51:18,224 - INFO - encoder_blocks.0.mlp.fc1.bias	torch.Size([256])	cuda:0	True
2024-03-18 12:51:18,224 - INFO - encoder_blocks.0.mlp.fc2.weight	torch.Size([64, 256])	cuda:0	True
2024-03-18 12:51:18,224 - INFO - encoder_blocks.0.mlp.fc2.bias	torch.Size([64])	cuda:0	True
2024-03-18 12:51:18,224 - INFO - encoder_blocks.1.norm1.weight	torch.Size([64])	cuda:0	True
2024-03-18 12:51:18,225 - INFO - encoder_blocks.1.norm1.bias	torch.Size([64])	cuda:0	True
2024-03-18 12:51:18,225 - INFO - encoder_blocks.1.st_attn.nodevec_p1	torch.Size([288, 40])	cuda:0	True
2024-03-18 12:51:18,225 - INFO - encoder_blocks.1.st_attn.nodevec_p2	torch.Size([358, 40])	cuda:0	True
2024-03-18 12:51:18,225 - INFO - encoder_blocks.1.st_attn.nodevec_p3	torch.Size([358, 40])	cuda:0	True
2024-03-18 12:51:18,225 - INFO - encoder_blocks.1.st_attn.nodevec_pk	torch.Size([40, 40, 40])	cuda:0	True
2024-03-18 12:51:18,225 - INFO - encoder_blocks.1.st_attn.pattern_q_linears.0.weight	torch.Size([32, 64])	cuda:0	True
2024-03-18 12:51:18,225 - INFO - encoder_blocks.1.st_attn.pattern_q_linears.0.bias	torch.Size([32])	cuda:0	True
2024-03-18 12:51:18,225 - INFO - encoder_blocks.1.st_attn.pattern_k_linears.0.weight	torch.Size([32, 64])	cuda:0	True
2024-03-18 12:51:18,225 - INFO - encoder_blocks.1.st_attn.pattern_k_linears.0.bias	torch.Size([32])	cuda:0	True
2024-03-18 12:51:18,225 - INFO - encoder_blocks.1.st_attn.pattern_v_linears.0.weight	torch.Size([32, 64])	cuda:0	True
2024-03-18 12:51:18,225 - INFO - encoder_blocks.1.st_attn.pattern_v_linears.0.bias	torch.Size([32])	cuda:0	True
2024-03-18 12:51:18,226 - INFO - encoder_blocks.1.st_attn.geo_q_conv.weight	torch.Size([32, 64, 1, 1])	cuda:0	True
2024-03-18 12:51:18,226 - INFO - encoder_blocks.1.st_attn.geo_q_conv.bias	torch.Size([32])	cuda:0	True
2024-03-18 12:51:18,226 - INFO - encoder_blocks.1.st_attn.geo_k_conv.weight	torch.Size([32, 64, 1, 1])	cuda:0	True
2024-03-18 12:51:18,226 - INFO - encoder_blocks.1.st_attn.geo_k_conv.bias	torch.Size([32])	cuda:0	True
2024-03-18 12:51:18,226 - INFO - encoder_blocks.1.st_attn.geo_v_conv.weight	torch.Size([32, 64, 1, 1])	cuda:0	True
2024-03-18 12:51:18,226 - INFO - encoder_blocks.1.st_attn.geo_v_conv.bias	torch.Size([32])	cuda:0	True
2024-03-18 12:51:18,226 - INFO - encoder_blocks.1.st_attn.sem_q_conv.weight	torch.Size([16, 64, 1, 1])	cuda:0	True
2024-03-18 12:51:18,226 - INFO - encoder_blocks.1.st_attn.sem_q_conv.bias	torch.Size([16])	cuda:0	True
2024-03-18 12:51:18,226 - INFO - encoder_blocks.1.st_attn.sem_k_conv.weight	torch.Size([16, 64, 1, 1])	cuda:0	True
2024-03-18 12:51:18,226 - INFO - encoder_blocks.1.st_attn.sem_k_conv.bias	torch.Size([16])	cuda:0	True
2024-03-18 12:51:18,226 - INFO - encoder_blocks.1.st_attn.sem_v_conv.weight	torch.Size([16, 64, 1, 1])	cuda:0	True
2024-03-18 12:51:18,226 - INFO - encoder_blocks.1.st_attn.sem_v_conv.bias	torch.Size([16])	cuda:0	True
2024-03-18 12:51:18,226 - INFO - encoder_blocks.1.st_attn.t_q_conv.weight	torch.Size([16, 64, 1, 1])	cuda:0	True
2024-03-18 12:51:18,226 - INFO - encoder_blocks.1.st_attn.t_q_conv.bias	torch.Size([16])	cuda:0	True
2024-03-18 12:51:18,227 - INFO - encoder_blocks.1.st_attn.t_k_conv.weight	torch.Size([16, 64, 1, 1])	cuda:0	True
2024-03-18 12:51:18,227 - INFO - encoder_blocks.1.st_attn.t_k_conv.bias	torch.Size([16])	cuda:0	True
2024-03-18 12:51:18,227 - INFO - encoder_blocks.1.st_attn.t_v_conv.weight	torch.Size([16, 64, 1, 1])	cuda:0	True
2024-03-18 12:51:18,227 - INFO - encoder_blocks.1.st_attn.t_v_conv.bias	torch.Size([16])	cuda:0	True
2024-03-18 12:51:18,227 - INFO - encoder_blocks.1.st_attn.proj.weight	torch.Size([64, 64])	cuda:0	True
2024-03-18 12:51:18,227 - INFO - encoder_blocks.1.st_attn.proj.bias	torch.Size([64])	cuda:0	True
2024-03-18 12:51:18,227 - INFO - encoder_blocks.1.st_attn.gconv.mlp.mlp.weight	torch.Size([32, 96, 1, 1])	cuda:0	True
2024-03-18 12:51:18,227 - INFO - encoder_blocks.1.st_attn.gconv.mlp.mlp.bias	torch.Size([32])	cuda:0	True
2024-03-18 12:51:18,227 - INFO - encoder_blocks.1.st_attn.reshape1.weight	torch.Size([32, 64])	cuda:0	True
2024-03-18 12:51:18,227 - INFO - encoder_blocks.1.st_attn.reshape1.bias	torch.Size([32])	cuda:0	True
2024-03-18 12:51:18,227 - INFO - encoder_blocks.1.st_attn.reshape2.weight	torch.Size([64, 32])	cuda:0	True
2024-03-18 12:51:18,227 - INFO - encoder_blocks.1.st_attn.reshape2.bias	torch.Size([64])	cuda:0	True
2024-03-18 12:51:18,228 - INFO - encoder_blocks.1.norm2.weight	torch.Size([64])	cuda:0	True
2024-03-18 12:51:18,228 - INFO - encoder_blocks.1.norm2.bias	torch.Size([64])	cuda:0	True
2024-03-18 12:51:18,228 - INFO - encoder_blocks.1.mlp.fc1.weight	torch.Size([256, 64])	cuda:0	True
2024-03-18 12:51:18,228 - INFO - encoder_blocks.1.mlp.fc1.bias	torch.Size([256])	cuda:0	True
2024-03-18 12:51:18,228 - INFO - encoder_blocks.1.mlp.fc2.weight	torch.Size([64, 256])	cuda:0	True
2024-03-18 12:51:18,228 - INFO - encoder_blocks.1.mlp.fc2.bias	torch.Size([64])	cuda:0	True
2024-03-18 12:51:18,228 - INFO - encoder_blocks.2.norm1.weight	torch.Size([64])	cuda:0	True
2024-03-18 12:51:18,228 - INFO - encoder_blocks.2.norm1.bias	torch.Size([64])	cuda:0	True
2024-03-18 12:51:18,228 - INFO - encoder_blocks.2.st_attn.nodevec_p1	torch.Size([288, 40])	cuda:0	True
2024-03-18 12:51:18,228 - INFO - encoder_blocks.2.st_attn.nodevec_p2	torch.Size([358, 40])	cuda:0	True
2024-03-18 12:51:18,228 - INFO - encoder_blocks.2.st_attn.nodevec_p3	torch.Size([358, 40])	cuda:0	True
2024-03-18 12:51:18,228 - INFO - encoder_blocks.2.st_attn.nodevec_pk	torch.Size([40, 40, 40])	cuda:0	True
2024-03-18 12:51:18,228 - INFO - encoder_blocks.2.st_attn.pattern_q_linears.0.weight	torch.Size([32, 64])	cuda:0	True
2024-03-18 12:51:18,229 - INFO - encoder_blocks.2.st_attn.pattern_q_linears.0.bias	torch.Size([32])	cuda:0	True
2024-03-18 12:51:18,229 - INFO - encoder_blocks.2.st_attn.pattern_k_linears.0.weight	torch.Size([32, 64])	cuda:0	True
2024-03-18 12:51:18,229 - INFO - encoder_blocks.2.st_attn.pattern_k_linears.0.bias	torch.Size([32])	cuda:0	True
2024-03-18 12:51:18,229 - INFO - encoder_blocks.2.st_attn.pattern_v_linears.0.weight	torch.Size([32, 64])	cuda:0	True
2024-03-18 12:51:18,229 - INFO - encoder_blocks.2.st_attn.pattern_v_linears.0.bias	torch.Size([32])	cuda:0	True
2024-03-18 12:51:18,229 - INFO - encoder_blocks.2.st_attn.geo_q_conv.weight	torch.Size([32, 64, 1, 1])	cuda:0	True
2024-03-18 12:51:18,229 - INFO - encoder_blocks.2.st_attn.geo_q_conv.bias	torch.Size([32])	cuda:0	True
2024-03-18 12:51:18,229 - INFO - encoder_blocks.2.st_attn.geo_k_conv.weight	torch.Size([32, 64, 1, 1])	cuda:0	True
2024-03-18 12:51:18,229 - INFO - encoder_blocks.2.st_attn.geo_k_conv.bias	torch.Size([32])	cuda:0	True
2024-03-18 12:51:18,229 - INFO - encoder_blocks.2.st_attn.geo_v_conv.weight	torch.Size([32, 64, 1, 1])	cuda:0	True
2024-03-18 12:51:18,229 - INFO - encoder_blocks.2.st_attn.geo_v_conv.bias	torch.Size([32])	cuda:0	True
2024-03-18 12:51:18,229 - INFO - encoder_blocks.2.st_attn.sem_q_conv.weight	torch.Size([16, 64, 1, 1])	cuda:0	True
2024-03-18 12:51:18,229 - INFO - encoder_blocks.2.st_attn.sem_q_conv.bias	torch.Size([16])	cuda:0	True
2024-03-18 12:51:18,230 - INFO - encoder_blocks.2.st_attn.sem_k_conv.weight	torch.Size([16, 64, 1, 1])	cuda:0	True
2024-03-18 12:51:18,230 - INFO - encoder_blocks.2.st_attn.sem_k_conv.bias	torch.Size([16])	cuda:0	True
2024-03-18 12:51:18,230 - INFO - encoder_blocks.2.st_attn.sem_v_conv.weight	torch.Size([16, 64, 1, 1])	cuda:0	True
2024-03-18 12:51:18,230 - INFO - encoder_blocks.2.st_attn.sem_v_conv.bias	torch.Size([16])	cuda:0	True
2024-03-18 12:51:18,230 - INFO - encoder_blocks.2.st_attn.t_q_conv.weight	torch.Size([16, 64, 1, 1])	cuda:0	True
2024-03-18 12:51:18,230 - INFO - encoder_blocks.2.st_attn.t_q_conv.bias	torch.Size([16])	cuda:0	True
2024-03-18 12:51:18,230 - INFO - encoder_blocks.2.st_attn.t_k_conv.weight	torch.Size([16, 64, 1, 1])	cuda:0	True
2024-03-18 12:51:18,230 - INFO - encoder_blocks.2.st_attn.t_k_conv.bias	torch.Size([16])	cuda:0	True
2024-03-18 12:51:18,230 - INFO - encoder_blocks.2.st_attn.t_v_conv.weight	torch.Size([16, 64, 1, 1])	cuda:0	True
2024-03-18 12:51:18,230 - INFO - encoder_blocks.2.st_attn.t_v_conv.bias	torch.Size([16])	cuda:0	True
2024-03-18 12:51:18,230 - INFO - encoder_blocks.2.st_attn.proj.weight	torch.Size([64, 64])	cuda:0	True
2024-03-18 12:51:18,230 - INFO - encoder_blocks.2.st_attn.proj.bias	torch.Size([64])	cuda:0	True
2024-03-18 12:51:18,231 - INFO - encoder_blocks.2.st_attn.gconv.mlp.mlp.weight	torch.Size([32, 96, 1, 1])	cuda:0	True
2024-03-18 12:51:18,231 - INFO - encoder_blocks.2.st_attn.gconv.mlp.mlp.bias	torch.Size([32])	cuda:0	True
2024-03-18 12:51:18,231 - INFO - encoder_blocks.2.st_attn.reshape1.weight	torch.Size([32, 64])	cuda:0	True
2024-03-18 12:51:18,231 - INFO - encoder_blocks.2.st_attn.reshape1.bias	torch.Size([32])	cuda:0	True
2024-03-18 12:51:18,231 - INFO - encoder_blocks.2.st_attn.reshape2.weight	torch.Size([64, 32])	cuda:0	True
2024-03-18 12:51:18,231 - INFO - encoder_blocks.2.st_attn.reshape2.bias	torch.Size([64])	cuda:0	True
2024-03-18 12:51:18,231 - INFO - encoder_blocks.2.norm2.weight	torch.Size([64])	cuda:0	True
2024-03-18 12:51:18,231 - INFO - encoder_blocks.2.norm2.bias	torch.Size([64])	cuda:0	True
2024-03-18 12:51:18,231 - INFO - encoder_blocks.2.mlp.fc1.weight	torch.Size([256, 64])	cuda:0	True
2024-03-18 12:51:18,231 - INFO - encoder_blocks.2.mlp.fc1.bias	torch.Size([256])	cuda:0	True
2024-03-18 12:51:18,231 - INFO - encoder_blocks.2.mlp.fc2.weight	torch.Size([64, 256])	cuda:0	True
2024-03-18 12:51:18,231 - INFO - encoder_blocks.2.mlp.fc2.bias	torch.Size([64])	cuda:0	True
2024-03-18 12:51:18,232 - INFO - encoder_blocks.3.norm1.weight	torch.Size([64])	cuda:0	True
2024-03-18 12:51:18,232 - INFO - encoder_blocks.3.norm1.bias	torch.Size([64])	cuda:0	True
2024-03-18 12:51:18,232 - INFO - encoder_blocks.3.st_attn.nodevec_p1	torch.Size([288, 40])	cuda:0	True
2024-03-18 12:51:18,232 - INFO - encoder_blocks.3.st_attn.nodevec_p2	torch.Size([358, 40])	cuda:0	True
2024-03-18 12:51:18,232 - INFO - encoder_blocks.3.st_attn.nodevec_p3	torch.Size([358, 40])	cuda:0	True
2024-03-18 12:51:18,240 - INFO - encoder_blocks.3.st_attn.nodevec_pk	torch.Size([40, 40, 40])	cuda:0	True
2024-03-18 12:51:18,240 - INFO - encoder_blocks.3.st_attn.pattern_q_linears.0.weight	torch.Size([32, 64])	cuda:0	True
2024-03-18 12:51:18,240 - INFO - encoder_blocks.3.st_attn.pattern_q_linears.0.bias	torch.Size([32])	cuda:0	True
2024-03-18 12:51:18,240 - INFO - encoder_blocks.3.st_attn.pattern_k_linears.0.weight	torch.Size([32, 64])	cuda:0	True
2024-03-18 12:51:18,240 - INFO - encoder_blocks.3.st_attn.pattern_k_linears.0.bias	torch.Size([32])	cuda:0	True
2024-03-18 12:51:18,241 - INFO - encoder_blocks.3.st_attn.pattern_v_linears.0.weight	torch.Size([32, 64])	cuda:0	True
2024-03-18 12:51:18,241 - INFO - encoder_blocks.3.st_attn.pattern_v_linears.0.bias	torch.Size([32])	cuda:0	True
2024-03-18 12:51:18,241 - INFO - encoder_blocks.3.st_attn.geo_q_conv.weight	torch.Size([32, 64, 1, 1])	cuda:0	True
2024-03-18 12:51:18,241 - INFO - encoder_blocks.3.st_attn.geo_q_conv.bias	torch.Size([32])	cuda:0	True
2024-03-18 12:51:18,241 - INFO - encoder_blocks.3.st_attn.geo_k_conv.weight	torch.Size([32, 64, 1, 1])	cuda:0	True
2024-03-18 12:51:18,241 - INFO - encoder_blocks.3.st_attn.geo_k_conv.bias	torch.Size([32])	cuda:0	True
2024-03-18 12:51:18,241 - INFO - encoder_blocks.3.st_attn.geo_v_conv.weight	torch.Size([32, 64, 1, 1])	cuda:0	True
2024-03-18 12:51:18,241 - INFO - encoder_blocks.3.st_attn.geo_v_conv.bias	torch.Size([32])	cuda:0	True
2024-03-18 12:51:18,241 - INFO - encoder_blocks.3.st_attn.sem_q_conv.weight	torch.Size([16, 64, 1, 1])	cuda:0	True
2024-03-18 12:51:18,241 - INFO - encoder_blocks.3.st_attn.sem_q_conv.bias	torch.Size([16])	cuda:0	True
2024-03-18 12:51:18,241 - INFO - encoder_blocks.3.st_attn.sem_k_conv.weight	torch.Size([16, 64, 1, 1])	cuda:0	True
2024-03-18 12:51:18,241 - INFO - encoder_blocks.3.st_attn.sem_k_conv.bias	torch.Size([16])	cuda:0	True
2024-03-18 12:51:18,242 - INFO - encoder_blocks.3.st_attn.sem_v_conv.weight	torch.Size([16, 64, 1, 1])	cuda:0	True
2024-03-18 12:51:18,242 - INFO - encoder_blocks.3.st_attn.sem_v_conv.bias	torch.Size([16])	cuda:0	True
2024-03-18 12:51:18,242 - INFO - encoder_blocks.3.st_attn.t_q_conv.weight	torch.Size([16, 64, 1, 1])	cuda:0	True
2024-03-18 12:51:18,242 - INFO - encoder_blocks.3.st_attn.t_q_conv.bias	torch.Size([16])	cuda:0	True
2024-03-18 12:51:18,242 - INFO - encoder_blocks.3.st_attn.t_k_conv.weight	torch.Size([16, 64, 1, 1])	cuda:0	True
2024-03-18 12:51:18,242 - INFO - encoder_blocks.3.st_attn.t_k_conv.bias	torch.Size([16])	cuda:0	True
2024-03-18 12:51:18,242 - INFO - encoder_blocks.3.st_attn.t_v_conv.weight	torch.Size([16, 64, 1, 1])	cuda:0	True
2024-03-18 12:51:18,242 - INFO - encoder_blocks.3.st_attn.t_v_conv.bias	torch.Size([16])	cuda:0	True
2024-03-18 12:51:18,242 - INFO - encoder_blocks.3.st_attn.proj.weight	torch.Size([64, 64])	cuda:0	True
2024-03-18 12:51:18,242 - INFO - encoder_blocks.3.st_attn.proj.bias	torch.Size([64])	cuda:0	True
2024-03-18 12:51:18,242 - INFO - encoder_blocks.3.st_attn.gconv.mlp.mlp.weight	torch.Size([32, 96, 1, 1])	cuda:0	True
2024-03-18 12:51:18,243 - INFO - encoder_blocks.3.st_attn.gconv.mlp.mlp.bias	torch.Size([32])	cuda:0	True
2024-03-18 12:51:18,243 - INFO - encoder_blocks.3.st_attn.reshape1.weight	torch.Size([32, 64])	cuda:0	True
2024-03-18 12:51:18,243 - INFO - encoder_blocks.3.st_attn.reshape1.bias	torch.Size([32])	cuda:0	True
2024-03-18 12:51:18,243 - INFO - encoder_blocks.3.st_attn.reshape2.weight	torch.Size([64, 32])	cuda:0	True
2024-03-18 12:51:18,243 - INFO - encoder_blocks.3.st_attn.reshape2.bias	torch.Size([64])	cuda:0	True
2024-03-18 12:51:18,243 - INFO - encoder_blocks.3.norm2.weight	torch.Size([64])	cuda:0	True
2024-03-18 12:51:18,243 - INFO - encoder_blocks.3.norm2.bias	torch.Size([64])	cuda:0	True
2024-03-18 12:51:18,243 - INFO - encoder_blocks.3.mlp.fc1.weight	torch.Size([256, 64])	cuda:0	True
2024-03-18 12:51:18,243 - INFO - encoder_blocks.3.mlp.fc1.bias	torch.Size([256])	cuda:0	True
2024-03-18 12:51:18,243 - INFO - encoder_blocks.3.mlp.fc2.weight	torch.Size([64, 256])	cuda:0	True
2024-03-18 12:51:18,243 - INFO - encoder_blocks.3.mlp.fc2.bias	torch.Size([64])	cuda:0	True
2024-03-18 12:51:18,243 - INFO - encoder_blocks.4.norm1.weight	torch.Size([64])	cuda:0	True
2024-03-18 12:51:18,243 - INFO - encoder_blocks.4.norm1.bias	torch.Size([64])	cuda:0	True
2024-03-18 12:51:18,244 - INFO - encoder_blocks.4.st_attn.nodevec_p1	torch.Size([288, 40])	cuda:0	True
2024-03-18 12:51:18,244 - INFO - encoder_blocks.4.st_attn.nodevec_p2	torch.Size([358, 40])	cuda:0	True
2024-03-18 12:51:18,244 - INFO - encoder_blocks.4.st_attn.nodevec_p3	torch.Size([358, 40])	cuda:0	True
2024-03-18 12:51:18,244 - INFO - encoder_blocks.4.st_attn.nodevec_pk	torch.Size([40, 40, 40])	cuda:0	True
2024-03-18 12:51:18,244 - INFO - encoder_blocks.4.st_attn.pattern_q_linears.0.weight	torch.Size([32, 64])	cuda:0	True
2024-03-18 12:51:18,244 - INFO - encoder_blocks.4.st_attn.pattern_q_linears.0.bias	torch.Size([32])	cuda:0	True
2024-03-18 12:51:18,244 - INFO - encoder_blocks.4.st_attn.pattern_k_linears.0.weight	torch.Size([32, 64])	cuda:0	True
2024-03-18 12:51:18,244 - INFO - encoder_blocks.4.st_attn.pattern_k_linears.0.bias	torch.Size([32])	cuda:0	True
2024-03-18 12:51:18,244 - INFO - encoder_blocks.4.st_attn.pattern_v_linears.0.weight	torch.Size([32, 64])	cuda:0	True
2024-03-18 12:51:18,244 - INFO - encoder_blocks.4.st_attn.pattern_v_linears.0.bias	torch.Size([32])	cuda:0	True
2024-03-18 12:51:18,244 - INFO - encoder_blocks.4.st_attn.geo_q_conv.weight	torch.Size([32, 64, 1, 1])	cuda:0	True
2024-03-18 12:51:18,244 - INFO - encoder_blocks.4.st_attn.geo_q_conv.bias	torch.Size([32])	cuda:0	True
2024-03-18 12:51:18,244 - INFO - encoder_blocks.4.st_attn.geo_k_conv.weight	torch.Size([32, 64, 1, 1])	cuda:0	True
2024-03-18 12:51:18,245 - INFO - encoder_blocks.4.st_attn.geo_k_conv.bias	torch.Size([32])	cuda:0	True
2024-03-18 12:51:18,245 - INFO - encoder_blocks.4.st_attn.geo_v_conv.weight	torch.Size([32, 64, 1, 1])	cuda:0	True
2024-03-18 12:51:18,245 - INFO - encoder_blocks.4.st_attn.geo_v_conv.bias	torch.Size([32])	cuda:0	True
2024-03-18 12:51:18,245 - INFO - encoder_blocks.4.st_attn.sem_q_conv.weight	torch.Size([16, 64, 1, 1])	cuda:0	True
2024-03-18 12:51:18,245 - INFO - encoder_blocks.4.st_attn.sem_q_conv.bias	torch.Size([16])	cuda:0	True
2024-03-18 12:51:18,245 - INFO - encoder_blocks.4.st_attn.sem_k_conv.weight	torch.Size([16, 64, 1, 1])	cuda:0	True
2024-03-18 12:51:18,245 - INFO - encoder_blocks.4.st_attn.sem_k_conv.bias	torch.Size([16])	cuda:0	True
2024-03-18 12:51:18,245 - INFO - encoder_blocks.4.st_attn.sem_v_conv.weight	torch.Size([16, 64, 1, 1])	cuda:0	True
2024-03-18 12:51:18,245 - INFO - encoder_blocks.4.st_attn.sem_v_conv.bias	torch.Size([16])	cuda:0	True
2024-03-18 12:51:18,245 - INFO - encoder_blocks.4.st_attn.t_q_conv.weight	torch.Size([16, 64, 1, 1])	cuda:0	True
2024-03-18 12:51:18,245 - INFO - encoder_blocks.4.st_attn.t_q_conv.bias	torch.Size([16])	cuda:0	True
2024-03-18 12:51:18,245 - INFO - encoder_blocks.4.st_attn.t_k_conv.weight	torch.Size([16, 64, 1, 1])	cuda:0	True
2024-03-18 12:51:18,245 - INFO - encoder_blocks.4.st_attn.t_k_conv.bias	torch.Size([16])	cuda:0	True
2024-03-18 12:51:18,246 - INFO - encoder_blocks.4.st_attn.t_v_conv.weight	torch.Size([16, 64, 1, 1])	cuda:0	True
2024-03-18 12:51:18,246 - INFO - encoder_blocks.4.st_attn.t_v_conv.bias	torch.Size([16])	cuda:0	True
2024-03-18 12:51:18,246 - INFO - encoder_blocks.4.st_attn.proj.weight	torch.Size([64, 64])	cuda:0	True
2024-03-18 12:51:18,246 - INFO - encoder_blocks.4.st_attn.proj.bias	torch.Size([64])	cuda:0	True
2024-03-18 12:51:18,246 - INFO - encoder_blocks.4.st_attn.gconv.mlp.mlp.weight	torch.Size([32, 96, 1, 1])	cuda:0	True
2024-03-18 12:51:18,246 - INFO - encoder_blocks.4.st_attn.gconv.mlp.mlp.bias	torch.Size([32])	cuda:0	True
2024-03-18 12:51:18,246 - INFO - encoder_blocks.4.st_attn.reshape1.weight	torch.Size([32, 64])	cuda:0	True
2024-03-18 12:51:18,246 - INFO - encoder_blocks.4.st_attn.reshape1.bias	torch.Size([32])	cuda:0	True
2024-03-18 12:51:18,246 - INFO - encoder_blocks.4.st_attn.reshape2.weight	torch.Size([64, 32])	cuda:0	True
2024-03-18 12:51:18,246 - INFO - encoder_blocks.4.st_attn.reshape2.bias	torch.Size([64])	cuda:0	True
2024-03-18 12:51:18,246 - INFO - encoder_blocks.4.norm2.weight	torch.Size([64])	cuda:0	True
2024-03-18 12:51:18,246 - INFO - encoder_blocks.4.norm2.bias	torch.Size([64])	cuda:0	True
2024-03-18 12:51:18,247 - INFO - encoder_blocks.4.mlp.fc1.weight	torch.Size([256, 64])	cuda:0	True
2024-03-18 12:51:18,247 - INFO - encoder_blocks.4.mlp.fc1.bias	torch.Size([256])	cuda:0	True
2024-03-18 12:51:18,247 - INFO - encoder_blocks.4.mlp.fc2.weight	torch.Size([64, 256])	cuda:0	True
2024-03-18 12:51:18,247 - INFO - encoder_blocks.4.mlp.fc2.bias	torch.Size([64])	cuda:0	True
2024-03-18 12:51:18,247 - INFO - encoder_blocks.5.norm1.weight	torch.Size([64])	cuda:0	True
2024-03-18 12:51:18,247 - INFO - encoder_blocks.5.norm1.bias	torch.Size([64])	cuda:0	True
2024-03-18 12:51:18,247 - INFO - encoder_blocks.5.st_attn.nodevec_p1	torch.Size([288, 40])	cuda:0	True
2024-03-18 12:51:18,247 - INFO - encoder_blocks.5.st_attn.nodevec_p2	torch.Size([358, 40])	cuda:0	True
2024-03-18 12:51:18,247 - INFO - encoder_blocks.5.st_attn.nodevec_p3	torch.Size([358, 40])	cuda:0	True
2024-03-18 12:51:18,247 - INFO - encoder_blocks.5.st_attn.nodevec_pk	torch.Size([40, 40, 40])	cuda:0	True
2024-03-18 12:51:18,247 - INFO - encoder_blocks.5.st_attn.pattern_q_linears.0.weight	torch.Size([32, 64])	cuda:0	True
2024-03-18 12:51:18,247 - INFO - encoder_blocks.5.st_attn.pattern_q_linears.0.bias	torch.Size([32])	cuda:0	True
2024-03-18 12:51:18,247 - INFO - encoder_blocks.5.st_attn.pattern_k_linears.0.weight	torch.Size([32, 64])	cuda:0	True
2024-03-18 12:51:18,248 - INFO - encoder_blocks.5.st_attn.pattern_k_linears.0.bias	torch.Size([32])	cuda:0	True
2024-03-18 12:51:18,248 - INFO - encoder_blocks.5.st_attn.pattern_v_linears.0.weight	torch.Size([32, 64])	cuda:0	True
2024-03-18 12:51:18,248 - INFO - encoder_blocks.5.st_attn.pattern_v_linears.0.bias	torch.Size([32])	cuda:0	True
2024-03-18 12:51:18,248 - INFO - encoder_blocks.5.st_attn.geo_q_conv.weight	torch.Size([32, 64, 1, 1])	cuda:0	True
2024-03-18 12:51:18,248 - INFO - encoder_blocks.5.st_attn.geo_q_conv.bias	torch.Size([32])	cuda:0	True
2024-03-18 12:51:18,248 - INFO - encoder_blocks.5.st_attn.geo_k_conv.weight	torch.Size([32, 64, 1, 1])	cuda:0	True
2024-03-18 12:51:18,248 - INFO - encoder_blocks.5.st_attn.geo_k_conv.bias	torch.Size([32])	cuda:0	True
2024-03-18 12:51:18,248 - INFO - encoder_blocks.5.st_attn.geo_v_conv.weight	torch.Size([32, 64, 1, 1])	cuda:0	True
2024-03-18 12:51:18,248 - INFO - encoder_blocks.5.st_attn.geo_v_conv.bias	torch.Size([32])	cuda:0	True
2024-03-18 12:51:18,248 - INFO - encoder_blocks.5.st_attn.sem_q_conv.weight	torch.Size([16, 64, 1, 1])	cuda:0	True
2024-03-18 12:51:18,248 - INFO - encoder_blocks.5.st_attn.sem_q_conv.bias	torch.Size([16])	cuda:0	True
2024-03-18 12:51:18,248 - INFO - encoder_blocks.5.st_attn.sem_k_conv.weight	torch.Size([16, 64, 1, 1])	cuda:0	True
2024-03-18 12:51:18,249 - INFO - encoder_blocks.5.st_attn.sem_k_conv.bias	torch.Size([16])	cuda:0	True
2024-03-18 12:51:18,249 - INFO - encoder_blocks.5.st_attn.sem_v_conv.weight	torch.Size([16, 64, 1, 1])	cuda:0	True
2024-03-18 12:51:18,249 - INFO - encoder_blocks.5.st_attn.sem_v_conv.bias	torch.Size([16])	cuda:0	True
2024-03-18 12:51:18,249 - INFO - encoder_blocks.5.st_attn.t_q_conv.weight	torch.Size([16, 64, 1, 1])	cuda:0	True
2024-03-18 12:51:18,249 - INFO - encoder_blocks.5.st_attn.t_q_conv.bias	torch.Size([16])	cuda:0	True
2024-03-18 12:51:18,249 - INFO - encoder_blocks.5.st_attn.t_k_conv.weight	torch.Size([16, 64, 1, 1])	cuda:0	True
2024-03-18 12:51:18,249 - INFO - encoder_blocks.5.st_attn.t_k_conv.bias	torch.Size([16])	cuda:0	True
2024-03-18 12:51:18,249 - INFO - encoder_blocks.5.st_attn.t_v_conv.weight	torch.Size([16, 64, 1, 1])	cuda:0	True
2024-03-18 12:51:18,249 - INFO - encoder_blocks.5.st_attn.t_v_conv.bias	torch.Size([16])	cuda:0	True
2024-03-18 12:51:18,249 - INFO - encoder_blocks.5.st_attn.proj.weight	torch.Size([64, 64])	cuda:0	True
2024-03-18 12:51:18,249 - INFO - encoder_blocks.5.st_attn.proj.bias	torch.Size([64])	cuda:0	True
2024-03-18 12:51:18,249 - INFO - encoder_blocks.5.st_attn.gconv.mlp.mlp.weight	torch.Size([32, 96, 1, 1])	cuda:0	True
2024-03-18 12:51:18,250 - INFO - encoder_blocks.5.st_attn.gconv.mlp.mlp.bias	torch.Size([32])	cuda:0	True
2024-03-18 12:51:18,250 - INFO - encoder_blocks.5.st_attn.reshape1.weight	torch.Size([32, 64])	cuda:0	True
2024-03-18 12:51:18,250 - INFO - encoder_blocks.5.st_attn.reshape1.bias	torch.Size([32])	cuda:0	True
2024-03-18 12:51:18,250 - INFO - encoder_blocks.5.st_attn.reshape2.weight	torch.Size([64, 32])	cuda:0	True
2024-03-18 12:51:18,250 - INFO - encoder_blocks.5.st_attn.reshape2.bias	torch.Size([64])	cuda:0	True
2024-03-18 12:51:18,250 - INFO - encoder_blocks.5.norm2.weight	torch.Size([64])	cuda:0	True
2024-03-18 12:51:18,250 - INFO - encoder_blocks.5.norm2.bias	torch.Size([64])	cuda:0	True
2024-03-18 12:51:18,250 - INFO - encoder_blocks.5.mlp.fc1.weight	torch.Size([256, 64])	cuda:0	True
2024-03-18 12:51:18,250 - INFO - encoder_blocks.5.mlp.fc1.bias	torch.Size([256])	cuda:0	True
2024-03-18 12:51:18,250 - INFO - encoder_blocks.5.mlp.fc2.weight	torch.Size([64, 256])	cuda:0	True
2024-03-18 12:51:18,250 - INFO - encoder_blocks.5.mlp.fc2.bias	torch.Size([64])	cuda:0	True
2024-03-18 12:51:18,250 - INFO - skip_convs.0.weight	torch.Size([256, 64, 1, 1])	cuda:0	True
2024-03-18 12:51:18,251 - INFO - skip_convs.0.bias	torch.Size([256])	cuda:0	True
2024-03-18 12:51:18,251 - INFO - skip_convs.1.weight	torch.Size([256, 64, 1, 1])	cuda:0	True
2024-03-18 12:51:18,251 - INFO - skip_convs.1.bias	torch.Size([256])	cuda:0	True
2024-03-18 12:51:18,251 - INFO - skip_convs.2.weight	torch.Size([256, 64, 1, 1])	cuda:0	True
2024-03-18 12:51:18,251 - INFO - skip_convs.2.bias	torch.Size([256])	cuda:0	True
2024-03-18 12:51:18,251 - INFO - skip_convs.3.weight	torch.Size([256, 64, 1, 1])	cuda:0	True
2024-03-18 12:51:18,251 - INFO - skip_convs.3.bias	torch.Size([256])	cuda:0	True
2024-03-18 12:51:18,251 - INFO - skip_convs.4.weight	torch.Size([256, 64, 1, 1])	cuda:0	True
2024-03-18 12:51:18,251 - INFO - skip_convs.4.bias	torch.Size([256])	cuda:0	True
2024-03-18 12:51:18,251 - INFO - skip_convs.5.weight	torch.Size([256, 64, 1, 1])	cuda:0	True
2024-03-18 12:51:18,251 - INFO - skip_convs.5.bias	torch.Size([256])	cuda:0	True
2024-03-18 12:51:18,251 - INFO - end_conv1.weight	torch.Size([12, 12, 1, 1])	cuda:0	True
2024-03-18 12:51:18,251 - INFO - end_conv1.bias	torch.Size([12])	cuda:0	True
2024-03-18 12:51:18,252 - INFO - end_conv2.weight	torch.Size([1, 256, 1, 1])	cuda:0	True
2024-03-18 12:51:18,252 - INFO - end_conv2.bias	torch.Size([1])	cuda:0	True
2024-03-18 12:51:18,253 - INFO - Total parameter numbers: 1200477
2024-03-18 12:51:18,258 - INFO - You select `adamw` optimizer.
2024-03-18 12:51:18,260 - INFO - You select `cosinelr` lr_scheduler.
2024-03-18 12:51:18,261 - WARNING - Received none train loss func and will use the loss func defined in the model.module.
2024-03-18 12:51:18,265 - INFO - Number of isolated points: 0
2024-03-18 12:51:18,396 - INFO - Start training ...
2024-03-18 12:51:18,396 - INFO - num_batches:982
2024-03-18 12:51:18,648 - INFO - Training: task_level increase from 0 to 1
2024-03-18 12:51:18,648 - INFO - Current batches_seen is 0
2024-03-18 12:57:40,831 - INFO - epoch complete!
2024-03-18 12:57:40,832 - INFO - evaluating now!
2024-03-18 12:58:15,615 - INFO - Epoch [0/300] (982) train_loss: 231.0039, val_loss: 268.8347, lr: 0.000201, 417.22s
2024-03-18 12:58:15,766 - INFO - Saved model at 0
2024-03-18 12:58:15,767 - INFO - Val loss decrease from inf to 268.8347, saving to ./libcity/cache/66388/model_cache/PDFormer_PeMS03_epoch0.tar
2024-03-18 13:04:42,454 - INFO - epoch complete!
2024-03-18 13:04:42,454 - INFO - evaluating now!
2024-03-18 13:05:16,214 - INFO - Epoch [1/300] (1964) train_loss: 46.5684, val_loss: 173.2831, lr: 0.000401, 420.45s
2024-03-18 13:05:16,337 - INFO - Saved model at 1
2024-03-18 13:05:16,338 - INFO - Val loss decrease from 268.8347 to 173.2831, saving to ./libcity/cache/66388/model_cache/PDFormer_PeMS03_epoch1.tar
2024-03-18 13:05:16,445 - INFO - Training: task_level increase from 1 to 2
2024-03-18 13:05:16,445 - INFO - Current batches_seen is 1964
2024-03-18 13:11:39,235 - INFO - epoch complete!
2024-03-18 13:11:39,236 - INFO - evaluating now!
2024-03-18 13:12:12,850 - INFO - Epoch [2/300] (2946) train_loss: 33.2867, val_loss: 155.2703, lr: 0.000600, 416.51s
2024-03-18 13:12:12,963 - INFO - Saved model at 2
2024-03-18 13:12:12,963 - INFO - Val loss decrease from 173.2831 to 155.2703, saving to ./libcity/cache/66388/model_cache/PDFormer_PeMS03_epoch2.tar
2024-03-18 13:18:35,881 - INFO - epoch complete!
2024-03-18 13:18:35,882 - INFO - evaluating now!
2024-03-18 13:19:09,133 - INFO - Epoch [3/300] (3928) train_loss: 29.6544, val_loss: 153.5131, lr: 0.000800, 416.17s
2024-03-18 13:19:09,253 - INFO - Saved model at 3
2024-03-18 13:19:09,254 - INFO - Val loss decrease from 155.2703 to 153.5131, saving to ./libcity/cache/66388/model_cache/PDFormer_PeMS03_epoch3.tar
2024-03-18 13:19:09,359 - INFO - Training: task_level increase from 2 to 3
2024-03-18 13:19:09,359 - INFO - Current batches_seen is 3928
2024-03-18 13:25:30,566 - INFO - epoch complete!
2024-03-18 13:25:30,566 - INFO - evaluating now!
2024-03-18 13:26:03,891 - INFO - Epoch [4/300] (4910) train_loss: 29.7697, val_loss: 148.0410, lr: 0.000999, 414.64s
2024-03-18 13:26:04,013 - INFO - Saved model at 4
2024-03-18 13:26:04,014 - INFO - Val loss decrease from 153.5131 to 148.0410, saving to ./libcity/cache/66388/model_cache/PDFormer_PeMS03_epoch4.tar
2024-03-18 13:32:25,548 - INFO - epoch complete!
2024-03-18 13:32:25,548 - INFO - evaluating now!
2024-03-18 13:32:58,932 - INFO - Epoch [5/300] (5892) train_loss: 28.9642, val_loss: 146.6863, lr: 0.000999, 414.92s
2024-03-18 13:32:59,048 - INFO - Saved model at 5
2024-03-18 13:32:59,049 - INFO - Val loss decrease from 148.0410 to 146.6863, saving to ./libcity/cache/66388/model_cache/PDFormer_PeMS03_epoch5.tar
2024-03-18 13:32:59,162 - INFO - Training: task_level increase from 3 to 4
2024-03-18 13:32:59,162 - INFO - Current batches_seen is 5892
2024-03-18 13:39:20,475 - INFO - epoch complete!
2024-03-18 13:39:20,476 - INFO - evaluating now!
2024-03-18 13:39:53,642 - INFO - Epoch [6/300] (6874) train_loss: 29.2016, val_loss: 144.3566, lr: 0.000999, 414.59s
2024-03-18 13:39:53,754 - INFO - Saved model at 6
2024-03-18 13:39:53,755 - INFO - Val loss decrease from 146.6863 to 144.3566, saving to ./libcity/cache/66388/model_cache/PDFormer_PeMS03_epoch6.tar
2024-03-18 13:46:14,825 - INFO - epoch complete!
2024-03-18 13:46:14,826 - INFO - evaluating now!
2024-03-18 13:46:48,146 - INFO - Epoch [7/300] (7856) train_loss: 28.4664, val_loss: 143.6698, lr: 0.000998, 414.39s
2024-03-18 13:46:48,261 - INFO - Saved model at 7
2024-03-18 13:46:48,261 - INFO - Val loss decrease from 144.3566 to 143.6698, saving to ./libcity/cache/66388/model_cache/PDFormer_PeMS03_epoch7.tar
2024-03-18 13:46:48,368 - INFO - Training: task_level increase from 4 to 5
2024-03-18 13:46:48,368 - INFO - Current batches_seen is 7856
2024-03-18 13:53:10,865 - INFO - epoch complete!
2024-03-18 13:53:10,866 - INFO - evaluating now!
2024-03-18 13:53:44,157 - INFO - Epoch [8/300] (8838) train_loss: 29.2819, val_loss: 134.0733, lr: 0.000998, 415.89s
2024-03-18 13:53:44,280 - INFO - Saved model at 8
2024-03-18 13:53:44,280 - INFO - Val loss decrease from 143.6698 to 134.0733, saving to ./libcity/cache/66388/model_cache/PDFormer_PeMS03_epoch8.tar
2024-03-18 14:00:05,914 - INFO - epoch complete!
2024-03-18 14:00:05,915 - INFO - evaluating now!
2024-03-18 14:00:39,127 - INFO - Epoch [9/300] (9820) train_loss: 28.4440, val_loss: 131.5741, lr: 0.000998, 414.85s
2024-03-18 14:00:39,247 - INFO - Saved model at 9
2024-03-18 14:00:39,248 - INFO - Val loss decrease from 134.0733 to 131.5741, saving to ./libcity/cache/66388/model_cache/PDFormer_PeMS03_epoch9.tar
2024-03-18 14:00:39,352 - INFO - Training: task_level increase from 5 to 6
2024-03-18 14:00:39,353 - INFO - Current batches_seen is 9820
2024-03-18 14:07:00,408 - INFO - epoch complete!
2024-03-18 14:07:00,409 - INFO - evaluating now!
2024-03-18 14:07:33,758 - INFO - Epoch [10/300] (10802) train_loss: 29.4288, val_loss: 111.9638, lr: 0.000997, 414.51s
2024-03-18 14:07:33,872 - INFO - Saved model at 10
2024-03-18 14:07:33,872 - INFO - Val loss decrease from 131.5741 to 111.9638, saving to ./libcity/cache/66388/model_cache/PDFormer_PeMS03_epoch10.tar
2024-03-18 14:13:55,348 - INFO - epoch complete!
2024-03-18 14:13:55,349 - INFO - evaluating now!
2024-03-18 14:14:28,771 - INFO - Epoch [11/300] (11784) train_loss: 28.2647, val_loss: 112.2607, lr: 0.000996, 414.90s
2024-03-18 14:14:28,880 - INFO - Training: task_level increase from 6 to 7
2024-03-18 14:14:28,880 - INFO - Current batches_seen is 11784
2024-03-18 14:20:50,436 - INFO - epoch complete!
2024-03-18 14:20:50,437 - INFO - evaluating now!
2024-03-18 14:21:23,891 - INFO - Epoch [12/300] (12766) train_loss: 29.2977, val_loss: 95.7855, lr: 0.000996, 415.12s
2024-03-18 14:21:24,015 - INFO - Saved model at 12
2024-03-18 14:21:24,016 - INFO - Val loss decrease from 111.9638 to 95.7855, saving to ./libcity/cache/66388/model_cache/PDFormer_PeMS03_epoch12.tar
2024-03-18 14:27:45,394 - INFO - epoch complete!
2024-03-18 14:27:45,395 - INFO - evaluating now!
2024-03-18 14:28:18,744 - INFO - Epoch [13/300] (13748) train_loss: 28.5334, val_loss: 93.9663, lr: 0.000995, 414.73s
2024-03-18 14:28:18,865 - INFO - Saved model at 13
2024-03-18 14:28:18,866 - INFO - Val loss decrease from 95.7855 to 93.9663, saving to ./libcity/cache/66388/model_cache/PDFormer_PeMS03_epoch13.tar
2024-03-18 14:28:18,972 - INFO - Training: task_level increase from 7 to 8
2024-03-18 14:28:18,972 - INFO - Current batches_seen is 13748
2024-03-18 14:34:40,423 - INFO - epoch complete!
2024-03-18 14:34:40,424 - INFO - evaluating now!
2024-03-18 14:35:13,741 - INFO - Epoch [14/300] (14730) train_loss: 29.1201, val_loss: 88.8608, lr: 0.000994, 414.88s
2024-03-18 14:35:13,861 - INFO - Saved model at 14
2024-03-18 14:35:13,862 - INFO - Val loss decrease from 93.9663 to 88.8608, saving to ./libcity/cache/66388/model_cache/PDFormer_PeMS03_epoch14.tar
2024-03-18 14:41:35,273 - INFO - epoch complete!
2024-03-18 14:41:35,274 - INFO - evaluating now!
2024-03-18 14:42:08,606 - INFO - Epoch [15/300] (15712) train_loss: 28.5068, val_loss: 87.2926, lr: 0.000994, 414.74s
2024-03-18 14:42:08,721 - INFO - Saved model at 15
2024-03-18 14:42:08,722 - INFO - Val loss decrease from 88.8608 to 87.2926, saving to ./libcity/cache/66388/model_cache/PDFormer_PeMS03_epoch15.tar
2024-03-18 14:42:08,828 - INFO - Training: task_level increase from 8 to 9
2024-03-18 14:42:08,828 - INFO - Current batches_seen is 15712
2024-03-18 14:48:30,271 - INFO - epoch complete!
2024-03-18 14:48:30,272 - INFO - evaluating now!
2024-03-18 14:49:03,538 - INFO - Epoch [16/300] (16694) train_loss: 28.8931, val_loss: 70.7462, lr: 0.000993, 414.82s
2024-03-18 14:49:03,956 - INFO - Saved model at 16
2024-03-18 14:49:03,957 - INFO - Val loss decrease from 87.2926 to 70.7462, saving to ./libcity/cache/66388/model_cache/PDFormer_PeMS03_epoch16.tar
2024-03-18 14:55:25,452 - INFO - epoch complete!
2024-03-18 14:55:25,453 - INFO - evaluating now!
2024-03-18 14:55:58,739 - INFO - Epoch [17/300] (17676) train_loss: 28.3078, val_loss: 71.1251, lr: 0.000992, 414.78s
2024-03-18 14:55:58,844 - INFO - Training: task_level increase from 9 to 10
2024-03-18 14:55:58,845 - INFO - Current batches_seen is 17676
2024-03-18 15:02:20,686 - INFO - epoch complete!
2024-03-18 15:02:20,687 - INFO - evaluating now!
2024-03-18 15:02:54,086 - INFO - Epoch [18/300] (18658) train_loss: 29.1058, val_loss: 53.8007, lr: 0.000991, 415.35s
2024-03-18 15:02:54,203 - INFO - Saved model at 18
2024-03-18 15:02:54,204 - INFO - Val loss decrease from 70.7462 to 53.8007, saving to ./libcity/cache/66388/model_cache/PDFormer_PeMS03_epoch18.tar
2024-03-18 15:09:15,234 - INFO - epoch complete!
2024-03-18 15:09:15,235 - INFO - evaluating now!
2024-03-18 15:09:48,607 - INFO - Epoch [19/300] (19640) train_loss: 28.1486, val_loss: 54.0219, lr: 0.000990, 414.40s
2024-03-18 15:09:48,712 - INFO - Training: task_level increase from 10 to 11
2024-03-18 15:09:48,713 - INFO - Current batches_seen is 19640
2024-03-18 15:16:09,827 - INFO - epoch complete!
2024-03-18 15:16:09,828 - INFO - evaluating now!
2024-03-18 15:16:43,061 - INFO - Epoch [20/300] (20622) train_loss: 28.6191, val_loss: 43.0927, lr: 0.000989, 414.45s
2024-03-18 15:16:43,176 - INFO - Saved model at 20
2024-03-18 15:16:43,177 - INFO - Val loss decrease from 53.8007 to 43.0927, saving to ./libcity/cache/66388/model_cache/PDFormer_PeMS03_epoch20.tar
2024-03-18 15:23:04,466 - INFO - epoch complete!
2024-03-18 15:23:04,466 - INFO - evaluating now!
2024-03-18 15:23:37,784 - INFO - Epoch [21/300] (21604) train_loss: 28.1137, val_loss: 41.7267, lr: 0.000988, 414.61s
2024-03-18 15:23:37,899 - INFO - Saved model at 21
2024-03-18 15:23:37,900 - INFO - Val loss decrease from 43.0927 to 41.7267, saving to ./libcity/cache/66388/model_cache/PDFormer_PeMS03_epoch21.tar
2024-03-18 15:23:38,007 - INFO - Training: task_level increase from 11 to 12
2024-03-18 15:23:38,007 - INFO - Current batches_seen is 21604
2024-03-18 15:30:01,327 - INFO - epoch complete!
2024-03-18 15:30:01,328 - INFO - evaluating now!
2024-03-18 15:30:34,638 - INFO - Epoch [22/300] (22586) train_loss: 28.5558, val_loss: 28.5215, lr: 0.000987, 416.74s
2024-03-18 15:30:34,760 - INFO - Saved model at 22
2024-03-18 15:30:34,760 - INFO - Val loss decrease from 41.7267 to 28.5215, saving to ./libcity/cache/66388/model_cache/PDFormer_PeMS03_epoch22.tar
2024-03-18 15:36:55,822 - INFO - epoch complete!
2024-03-18 15:36:55,824 - INFO - evaluating now!
2024-03-18 15:37:29,071 - INFO - Epoch [23/300] (23568) train_loss: 28.0699, val_loss: 27.6143, lr: 0.000986, 414.31s
2024-03-18 15:37:29,186 - INFO - Saved model at 23
2024-03-18 15:37:29,186 - INFO - Val loss decrease from 28.5215 to 27.6143, saving to ./libcity/cache/66388/model_cache/PDFormer_PeMS03_epoch23.tar
2024-03-18 15:43:50,090 - INFO - epoch complete!
2024-03-18 15:43:50,091 - INFO - evaluating now!
2024-03-18 15:44:23,410 - INFO - Epoch [24/300] (24550) train_loss: 27.8301, val_loss: 27.5052, lr: 0.000985, 414.22s
2024-03-18 15:44:23,531 - INFO - Saved model at 24
2024-03-18 15:44:23,532 - INFO - Val loss decrease from 27.6143 to 27.5052, saving to ./libcity/cache/66388/model_cache/PDFormer_PeMS03_epoch24.tar
2024-03-18 15:50:44,653 - INFO - epoch complete!
2024-03-18 15:50:44,654 - INFO - evaluating now!
2024-03-18 15:51:18,038 - INFO - Epoch [25/300] (25532) train_loss: 27.7022, val_loss: 27.4170, lr: 0.000983, 414.51s
2024-03-18 15:51:18,153 - INFO - Saved model at 25
2024-03-18 15:51:18,153 - INFO - Val loss decrease from 27.5052 to 27.4170, saving to ./libcity/cache/66388/model_cache/PDFormer_PeMS03_epoch25.tar
2024-03-18 15:57:39,199 - INFO - epoch complete!
2024-03-18 15:57:39,200 - INFO - evaluating now!
2024-03-18 15:58:12,455 - INFO - Epoch [26/300] (26514) train_loss: 27.4376, val_loss: 26.8393, lr: 0.000982, 414.30s
2024-03-18 15:58:12,574 - INFO - Saved model at 26
2024-03-18 15:58:12,575 - INFO - Val loss decrease from 27.4170 to 26.8393, saving to ./libcity/cache/66388/model_cache/PDFormer_PeMS03_epoch26.tar
2024-03-18 16:04:33,493 - INFO - epoch complete!
2024-03-18 16:04:33,494 - INFO - evaluating now!
2024-03-18 16:05:06,805 - INFO - Epoch [27/300] (27496) train_loss: 27.3043, val_loss: 27.7118, lr: 0.000981, 414.23s
2024-03-18 16:11:28,271 - INFO - epoch complete!
2024-03-18 16:11:28,272 - INFO - evaluating now!
2024-03-18 16:12:01,537 - INFO - Epoch [28/300] (28478) train_loss: 27.2584, val_loss: 27.1060, lr: 0.000979, 414.73s
2024-03-18 16:18:22,595 - INFO - epoch complete!
2024-03-18 16:18:22,596 - INFO - evaluating now!
2024-03-18 16:18:55,710 - INFO - Epoch [29/300] (29460) train_loss: 27.1442, val_loss: 28.4453, lr: 0.000978, 414.17s
2024-03-18 16:25:16,938 - INFO - epoch complete!
2024-03-18 16:25:16,939 - INFO - evaluating now!
2024-03-18 16:25:50,044 - INFO - Epoch [30/300] (30442) train_loss: 26.9720, val_loss: 28.5244, lr: 0.000976, 414.33s
2024-03-18 16:32:11,230 - INFO - epoch complete!
2024-03-18 16:32:11,231 - INFO - evaluating now!
2024-03-18 16:32:44,610 - INFO - Epoch [31/300] (31424) train_loss: 26.8329, val_loss: 26.9930, lr: 0.000975, 414.57s
2024-03-18 16:39:05,723 - INFO - epoch complete!
2024-03-18 16:39:05,724 - INFO - evaluating now!
2024-03-18 16:39:36,246 - INFO - Epoch [32/300] (32406) train_loss: 26.7682, val_loss: 26.6875, lr: 0.000973, 411.63s
2024-03-18 16:39:36,303 - INFO - Saved model at 32
2024-03-18 16:39:36,303 - INFO - Val loss decrease from 26.8393 to 26.6875, saving to ./libcity/cache/66388/model_cache/PDFormer_PeMS03_epoch32.tar
2024-03-18 16:45:02,108 - INFO - epoch complete!
2024-03-18 16:45:02,108 - INFO - evaluating now!
2024-03-18 16:45:28,196 - INFO - Epoch [33/300] (33388) train_loss: 26.8121, val_loss: 26.5057, lr: 0.000972, 351.89s
2024-03-18 16:45:28,252 - INFO - Saved model at 33
2024-03-18 16:45:28,253 - INFO - Val loss decrease from 26.6875 to 26.5057, saving to ./libcity/cache/66388/model_cache/PDFormer_PeMS03_epoch33.tar
2024-03-18 16:51:01,596 - INFO - epoch complete!
2024-03-18 16:51:01,597 - INFO - evaluating now!
2024-03-18 16:51:27,540 - INFO - Epoch [34/300] (34370) train_loss: 26.5517, val_loss: 26.5787, lr: 0.000970, 359.29s
2024-03-18 16:57:00,492 - INFO - epoch complete!
2024-03-18 16:57:00,493 - INFO - evaluating now!
2024-03-18 16:57:26,502 - INFO - Epoch [35/300] (35352) train_loss: 26.6775, val_loss: 27.0392, lr: 0.000968, 358.96s
2024-03-18 17:02:59,877 - INFO - epoch complete!
2024-03-18 17:02:59,878 - INFO - evaluating now!
2024-03-18 17:03:26,008 - INFO - Epoch [36/300] (36334) train_loss: 26.4340, val_loss: 26.2500, lr: 0.000967, 359.51s
2024-03-18 17:03:26,064 - INFO - Saved model at 36
2024-03-18 17:03:26,065 - INFO - Val loss decrease from 26.5057 to 26.2500, saving to ./libcity/cache/66388/model_cache/PDFormer_PeMS03_epoch36.tar
2024-03-18 17:08:58,582 - INFO - epoch complete!
2024-03-18 17:08:58,583 - INFO - evaluating now!
2024-03-18 17:09:24,731 - INFO - Epoch [37/300] (37316) train_loss: 26.3915, val_loss: 26.5384, lr: 0.000965, 358.67s
2024-03-18 17:14:58,461 - INFO - epoch complete!
2024-03-18 17:14:58,462 - INFO - evaluating now!
2024-03-18 17:15:24,613 - INFO - Epoch [38/300] (38298) train_loss: 26.3805, val_loss: 27.7579, lr: 0.000963, 359.88s
2024-03-18 17:20:59,160 - INFO - epoch complete!
2024-03-18 17:20:59,161 - INFO - evaluating now!
2024-03-18 17:21:25,300 - INFO - Epoch [39/300] (39280) train_loss: 26.2581, val_loss: 26.4741, lr: 0.000961, 360.69s
2024-03-18 17:27:00,968 - INFO - epoch complete!
2024-03-18 17:27:00,969 - INFO - evaluating now!
2024-03-18 17:27:27,151 - INFO - Epoch [40/300] (40262) train_loss: 26.3113, val_loss: 27.6237, lr: 0.000959, 361.85s
2024-03-18 17:33:02,939 - INFO - epoch complete!
2024-03-18 17:33:02,939 - INFO - evaluating now!
2024-03-18 17:33:29,047 - INFO - Epoch [41/300] (41244) train_loss: 26.2191, val_loss: 26.6000, lr: 0.000957, 361.89s
2024-03-18 17:39:04,190 - INFO - epoch complete!
2024-03-18 17:39:04,191 - INFO - evaluating now!
2024-03-18 17:39:30,303 - INFO - Epoch [42/300] (42226) train_loss: 26.0797, val_loss: 26.9140, lr: 0.000955, 361.26s
2024-03-18 17:45:02,817 - INFO - epoch complete!
2024-03-18 17:45:02,817 - INFO - evaluating now!
2024-03-18 17:45:29,900 - INFO - Epoch [43/300] (43208) train_loss: 26.1391, val_loss: 26.5134, lr: 0.000953, 359.60s
2024-03-18 17:51:06,828 - INFO - epoch complete!
2024-03-18 17:51:06,829 - INFO - evaluating now!
2024-03-18 17:51:33,098 - INFO - Epoch [44/300] (44190) train_loss: 25.9902, val_loss: 26.4257, lr: 0.000951, 363.20s
2024-03-18 17:57:09,910 - INFO - epoch complete!
2024-03-18 17:57:09,910 - INFO - evaluating now!
2024-03-18 17:57:36,135 - INFO - Epoch [45/300] (45172) train_loss: 25.9769, val_loss: 26.2470, lr: 0.000949, 363.04s
2024-03-18 17:57:36,191 - INFO - Saved model at 45
2024-03-18 17:57:36,191 - INFO - Val loss decrease from 26.2500 to 26.2470, saving to ./libcity/cache/66388/model_cache/PDFormer_PeMS03_epoch45.tar
2024-03-18 18:03:14,047 - INFO - epoch complete!
2024-03-18 18:03:14,048 - INFO - evaluating now!
2024-03-18 18:03:40,258 - INFO - Epoch [46/300] (46154) train_loss: 26.0146, val_loss: 26.4652, lr: 0.000947, 364.07s
2024-03-18 18:09:16,397 - INFO - epoch complete!
2024-03-18 18:09:16,398 - INFO - evaluating now!
2024-03-18 18:09:42,544 - INFO - Epoch [47/300] (47136) train_loss: 25.8593, val_loss: 26.4829, lr: 0.000944, 362.29s
2024-03-18 18:15:16,379 - INFO - epoch complete!
2024-03-18 18:15:16,380 - INFO - evaluating now!
2024-03-18 18:15:42,601 - INFO - Epoch [48/300] (48118) train_loss: 25.8758, val_loss: 27.1251, lr: 0.000942, 360.06s
2024-03-18 18:21:20,824 - INFO - epoch complete!
2024-03-18 18:21:20,824 - INFO - evaluating now!
2024-03-18 18:21:47,040 - INFO - Epoch [49/300] (49100) train_loss: 25.8282, val_loss: 26.9334, lr: 0.000940, 364.44s
2024-03-18 18:27:23,872 - INFO - epoch complete!
2024-03-18 18:27:23,872 - INFO - evaluating now!
2024-03-18 18:27:50,056 - INFO - Epoch [50/300] (50082) train_loss: 25.8069, val_loss: 26.1233, lr: 0.000937, 363.01s
2024-03-18 18:27:50,111 - INFO - Saved model at 50
2024-03-18 18:27:50,111 - INFO - Val loss decrease from 26.2470 to 26.1233, saving to ./libcity/cache/66388/model_cache/PDFormer_PeMS03_epoch50.tar
2024-03-18 18:33:26,306 - INFO - epoch complete!
2024-03-18 18:33:26,306 - INFO - evaluating now!
2024-03-18 18:33:52,545 - INFO - Epoch [51/300] (51064) train_loss: 25.7669, val_loss: 25.9924, lr: 0.000935, 362.43s
2024-03-18 18:33:52,600 - INFO - Saved model at 51
2024-03-18 18:33:52,601 - INFO - Val loss decrease from 26.1233 to 25.9924, saving to ./libcity/cache/66388/model_cache/PDFormer_PeMS03_epoch51.tar
2024-03-18 18:39:31,728 - INFO - epoch complete!
2024-03-18 18:39:31,729 - INFO - evaluating now!
2024-03-18 18:39:57,934 - INFO - Epoch [52/300] (52046) train_loss: 25.8691, val_loss: 26.2713, lr: 0.000932, 365.33s
2024-03-18 18:45:33,616 - INFO - epoch complete!
2024-03-18 18:45:33,616 - INFO - evaluating now!
2024-03-18 18:45:59,720 - INFO - Epoch [53/300] (53028) train_loss: 25.5933, val_loss: 25.9952, lr: 0.000930, 361.79s
2024-03-18 18:51:33,938 - INFO - epoch complete!
2024-03-18 18:51:33,938 - INFO - evaluating now!
2024-03-18 18:52:00,067 - INFO - Epoch [54/300] (54010) train_loss: 25.6935, val_loss: 26.2088, lr: 0.000927, 360.35s
2024-03-18 18:57:34,983 - INFO - epoch complete!
2024-03-18 18:57:34,983 - INFO - evaluating now!
2024-03-18 18:58:01,113 - INFO - Epoch [55/300] (54992) train_loss: 25.7543, val_loss: 25.8815, lr: 0.000925, 361.05s
2024-03-18 18:58:01,170 - INFO - Saved model at 55
2024-03-18 18:58:01,170 - INFO - Val loss decrease from 25.9924 to 25.8815, saving to ./libcity/cache/66388/model_cache/PDFormer_PeMS03_epoch55.tar
2024-03-18 19:03:38,106 - INFO - epoch complete!
2024-03-18 19:03:38,106 - INFO - evaluating now!
2024-03-18 19:04:04,172 - INFO - Epoch [56/300] (55974) train_loss: 25.5609, val_loss: 26.3599, lr: 0.000922, 363.00s
2024-03-18 19:09:38,168 - INFO - epoch complete!
2024-03-18 19:09:38,168 - INFO - evaluating now!
2024-03-18 19:10:04,138 - INFO - Epoch [57/300] (56956) train_loss: 25.5289, val_loss: 26.0094, lr: 0.000920, 359.96s
2024-03-18 19:15:36,974 - INFO - epoch complete!
2024-03-18 19:15:36,974 - INFO - evaluating now!
2024-03-18 19:16:02,884 - INFO - Epoch [58/300] (57938) train_loss: 25.5059, val_loss: 26.6468, lr: 0.000917, 358.75s
2024-03-18 19:21:34,274 - INFO - epoch complete!
2024-03-18 19:21:34,275 - INFO - evaluating now!
2024-03-18 19:22:00,202 - INFO - Epoch [59/300] (58920) train_loss: 25.4725, val_loss: 25.8744, lr: 0.000914, 357.32s
2024-03-18 19:22:00,258 - INFO - Saved model at 59
2024-03-18 19:22:00,258 - INFO - Val loss decrease from 25.8815 to 25.8744, saving to ./libcity/cache/66388/model_cache/PDFormer_PeMS03_epoch59.tar
2024-03-18 19:27:33,204 - INFO - epoch complete!
2024-03-18 19:27:33,205 - INFO - evaluating now!
2024-03-18 19:27:59,246 - INFO - Epoch [60/300] (59902) train_loss: 25.4426, val_loss: 26.5937, lr: 0.000911, 358.99s
2024-03-18 19:33:33,391 - INFO - epoch complete!
2024-03-18 19:33:33,392 - INFO - evaluating now!
2024-03-18 19:33:59,504 - INFO - Epoch [61/300] (60884) train_loss: 25.5400, val_loss: 27.4744, lr: 0.000908, 360.26s
2024-03-18 19:39:32,864 - INFO - epoch complete!
2024-03-18 19:39:32,865 - INFO - evaluating now!
2024-03-18 19:39:59,055 - INFO - Epoch [62/300] (61866) train_loss: 25.4632, val_loss: 25.9930, lr: 0.000906, 359.55s
2024-03-18 19:45:36,265 - INFO - epoch complete!
2024-03-18 19:45:36,265 - INFO - evaluating now!
2024-03-18 19:46:02,592 - INFO - Epoch [63/300] (62848) train_loss: 25.4168, val_loss: 26.8365, lr: 0.000903, 363.54s
2024-03-18 19:51:42,163 - INFO - epoch complete!
2024-03-18 19:51:42,163 - INFO - evaluating now!
2024-03-18 19:52:08,511 - INFO - Epoch [64/300] (63830) train_loss: 25.3009, val_loss: 26.0031, lr: 0.000900, 365.92s
2024-03-18 19:57:46,041 - INFO - epoch complete!
2024-03-18 19:57:46,042 - INFO - evaluating now!
2024-03-18 19:58:12,372 - INFO - Epoch [65/300] (64812) train_loss: 25.4188, val_loss: 26.5967, lr: 0.000897, 363.86s
2024-03-18 20:03:50,864 - INFO - epoch complete!
2024-03-18 20:03:50,865 - INFO - evaluating now!
2024-03-18 20:04:17,185 - INFO - Epoch [66/300] (65794) train_loss: 25.2611, val_loss: 26.0606, lr: 0.000894, 364.81s
2024-03-18 20:09:56,472 - INFO - epoch complete!
2024-03-18 20:09:56,472 - INFO - evaluating now!
2024-03-18 20:10:22,745 - INFO - Epoch [67/300] (66776) train_loss: 25.2923, val_loss: 25.8823, lr: 0.000891, 365.56s
2024-03-18 20:16:00,457 - INFO - epoch complete!
2024-03-18 20:16:00,457 - INFO - evaluating now!
2024-03-18 20:16:26,732 - INFO - Epoch [68/300] (67758) train_loss: 25.2226, val_loss: 26.4335, lr: 0.000888, 363.99s
2024-03-18 20:22:06,055 - INFO - epoch complete!
2024-03-18 20:22:06,055 - INFO - evaluating now!
2024-03-18 20:22:32,275 - INFO - Epoch [69/300] (68740) train_loss: 25.1801, val_loss: 25.9985, lr: 0.000884, 365.54s
2024-03-18 20:28:10,897 - INFO - epoch complete!
2024-03-18 20:28:10,898 - INFO - evaluating now!
2024-03-18 20:28:37,190 - INFO - Epoch [70/300] (69722) train_loss: 25.1915, val_loss: 26.3392, lr: 0.000881, 364.91s
2024-03-18 20:34:15,250 - INFO - epoch complete!
2024-03-18 20:34:15,251 - INFO - evaluating now!
2024-03-18 20:34:41,634 - INFO - Epoch [71/300] (70704) train_loss: 25.1458, val_loss: 26.0649, lr: 0.000878, 364.44s
2024-03-18 20:40:18,990 - INFO - epoch complete!
2024-03-18 20:40:18,991 - INFO - evaluating now!
2024-03-18 20:40:45,209 - INFO - Epoch [72/300] (71686) train_loss: 25.1038, val_loss: 27.1069, lr: 0.000875, 363.57s
2024-03-18 20:46:24,501 - INFO - epoch complete!
2024-03-18 20:46:24,501 - INFO - evaluating now!
2024-03-18 20:46:50,857 - INFO - Epoch [73/300] (72668) train_loss: 25.1251, val_loss: 26.0078, lr: 0.000872, 365.65s
2024-03-18 20:52:29,277 - INFO - epoch complete!
2024-03-18 20:52:29,277 - INFO - evaluating now!
2024-03-18 20:52:55,507 - INFO - Epoch [74/300] (73650) train_loss: 25.0696, val_loss: 26.0732, lr: 0.000868, 364.65s
2024-03-18 20:58:35,616 - INFO - epoch complete!
2024-03-18 20:58:35,617 - INFO - evaluating now!
2024-03-18 20:59:02,040 - INFO - Epoch [75/300] (74632) train_loss: 24.9992, val_loss: 25.6959, lr: 0.000865, 366.53s
2024-03-18 20:59:02,099 - INFO - Saved model at 75
2024-03-18 20:59:02,099 - INFO - Val loss decrease from 25.8744 to 25.6959, saving to ./libcity/cache/66388/model_cache/PDFormer_PeMS03_epoch75.tar
2024-03-18 21:04:43,425 - INFO - epoch complete!
2024-03-18 21:04:43,426 - INFO - evaluating now!
2024-03-18 21:05:09,786 - INFO - Epoch [76/300] (75614) train_loss: 24.9537, val_loss: 25.7132, lr: 0.000861, 367.69s
2024-03-18 21:10:49,103 - INFO - epoch complete!
2024-03-18 21:10:49,103 - INFO - evaluating now!
2024-03-18 21:11:15,488 - INFO - Epoch [77/300] (76596) train_loss: 25.0148, val_loss: 25.8775, lr: 0.000858, 365.70s
2024-03-18 21:16:54,534 - INFO - epoch complete!
2024-03-18 21:16:54,535 - INFO - evaluating now!
2024-03-18 21:17:20,826 - INFO - Epoch [78/300] (77578) train_loss: 24.8761, val_loss: 25.8259, lr: 0.000855, 365.34s
2024-03-18 21:23:02,113 - INFO - epoch complete!
2024-03-18 21:23:02,114 - INFO - evaluating now!
2024-03-18 21:23:28,421 - INFO - Epoch [79/300] (78560) train_loss: 24.9241, val_loss: 26.7474, lr: 0.000851, 367.59s
2024-03-18 21:29:07,551 - INFO - epoch complete!
2024-03-18 21:29:07,551 - INFO - evaluating now!
2024-03-18 21:29:33,854 - INFO - Epoch [80/300] (79542) train_loss: 24.9356, val_loss: 25.7547, lr: 0.000848, 365.43s
2024-03-18 21:35:14,363 - INFO - epoch complete!
2024-03-18 21:35:14,364 - INFO - evaluating now!
2024-03-18 21:35:40,591 - INFO - Epoch [81/300] (80524) train_loss: 24.8315, val_loss: 25.7378, lr: 0.000844, 366.74s
2024-03-18 21:41:19,075 - INFO - epoch complete!
2024-03-18 21:41:19,076 - INFO - evaluating now!
2024-03-18 21:41:45,294 - INFO - Epoch [82/300] (81506) train_loss: 24.7331, val_loss: 25.6847, lr: 0.000840, 364.70s
2024-03-18 21:41:45,353 - INFO - Saved model at 82
2024-03-18 21:41:45,353 - INFO - Val loss decrease from 25.6959 to 25.6847, saving to ./libcity/cache/66388/model_cache/PDFormer_PeMS03_epoch82.tar
2024-03-18 21:47:20,560 - INFO - epoch complete!
2024-03-18 21:47:20,561 - INFO - evaluating now!
2024-03-18 21:47:46,868 - INFO - Epoch [83/300] (82488) train_loss: 24.7543, val_loss: 25.8154, lr: 0.000837, 361.52s
2024-03-18 21:53:23,311 - INFO - epoch complete!
2024-03-18 21:53:23,312 - INFO - evaluating now!
2024-03-18 21:53:49,621 - INFO - Epoch [84/300] (83470) train_loss: 24.7465, val_loss: 25.6911, lr: 0.000833, 362.75s
2024-03-18 21:59:28,127 - INFO - epoch complete!
2024-03-18 21:59:28,127 - INFO - evaluating now!
2024-03-18 21:59:54,393 - INFO - Epoch [85/300] (84452) train_loss: 24.6320, val_loss: 25.8165, lr: 0.000830, 364.77s
2024-03-18 22:05:31,768 - INFO - epoch complete!
2024-03-18 22:05:31,769 - INFO - evaluating now!
2024-03-18 22:05:57,942 - INFO - Epoch [86/300] (85434) train_loss: 24.6510, val_loss: 25.8328, lr: 0.000826, 363.55s
2024-03-18 22:11:37,034 - INFO - epoch complete!
2024-03-18 22:11:37,035 - INFO - evaluating now!
2024-03-18 22:12:03,255 - INFO - Epoch [87/300] (86416) train_loss: 24.6132, val_loss: 25.9807, lr: 0.000822, 365.31s
2024-03-18 22:17:41,219 - INFO - epoch complete!
2024-03-18 22:17:41,220 - INFO - evaluating now!
2024-03-18 22:18:07,519 - INFO - Epoch [88/300] (87398) train_loss: 24.6025, val_loss: 25.5341, lr: 0.000818, 364.26s
2024-03-18 22:18:07,579 - INFO - Saved model at 88
2024-03-18 22:18:07,579 - INFO - Val loss decrease from 25.6847 to 25.5341, saving to ./libcity/cache/66388/model_cache/PDFormer_PeMS03_epoch88.tar
2024-03-18 22:23:44,450 - INFO - epoch complete!
2024-03-18 22:23:44,450 - INFO - evaluating now!
2024-03-18 22:24:10,721 - INFO - Epoch [89/300] (88380) train_loss: 24.5509, val_loss: 25.4843, lr: 0.000815, 363.14s
2024-03-18 22:24:10,784 - INFO - Saved model at 89
2024-03-18 22:24:10,784 - INFO - Val loss decrease from 25.5341 to 25.4843, saving to ./libcity/cache/66388/model_cache/PDFormer_PeMS03_epoch89.tar
2024-03-18 22:29:49,352 - INFO - epoch complete!
2024-03-18 22:29:49,353 - INFO - evaluating now!
2024-03-18 22:30:15,700 - INFO - Epoch [90/300] (89362) train_loss: 24.4936, val_loss: 25.7323, lr: 0.000811, 364.92s
2024-03-18 22:35:55,420 - INFO - epoch complete!
2024-03-18 22:35:55,420 - INFO - evaluating now!
2024-03-18 22:36:21,694 - INFO - Epoch [91/300] (90344) train_loss: 24.5277, val_loss: 25.6551, lr: 0.000807, 365.99s
2024-03-18 22:42:01,025 - INFO - epoch complete!
2024-03-18 22:42:01,026 - INFO - evaluating now!
2024-03-18 22:42:27,329 - INFO - Epoch [92/300] (91326) train_loss: 24.4767, val_loss: 25.7424, lr: 0.000803, 365.63s
2024-03-18 22:48:06,980 - INFO - epoch complete!
2024-03-18 22:48:06,981 - INFO - evaluating now!
2024-03-18 22:48:33,300 - INFO - Epoch [93/300] (92308) train_loss: 24.3460, val_loss: 26.3329, lr: 0.000799, 365.97s
2024-03-18 22:54:12,544 - INFO - epoch complete!
2024-03-18 22:54:12,545 - INFO - evaluating now!
2024-03-18 22:54:38,842 - INFO - Epoch [94/300] (93290) train_loss: 24.2937, val_loss: 25.5865, lr: 0.000795, 365.54s
2024-03-18 23:00:19,099 - INFO - epoch complete!
2024-03-18 23:00:19,099 - INFO - evaluating now!
2024-03-18 23:00:45,525 - INFO - Epoch [95/300] (94272) train_loss: 24.2873, val_loss: 25.8330, lr: 0.000791, 366.68s
2024-03-18 23:06:26,741 - INFO - epoch complete!
2024-03-18 23:06:26,742 - INFO - evaluating now!
2024-03-18 23:06:53,077 - INFO - Epoch [96/300] (95254) train_loss: 24.1834, val_loss: 25.7804, lr: 0.000787, 367.55s
2024-03-18 23:12:32,597 - INFO - epoch complete!
2024-03-18 23:12:32,598 - INFO - evaluating now!
2024-03-18 23:12:58,926 - INFO - Epoch [97/300] (96236) train_loss: 24.1879, val_loss: 25.6394, lr: 0.000783, 365.85s
2024-03-18 23:18:37,575 - INFO - epoch complete!
2024-03-18 23:18:37,575 - INFO - evaluating now!
2024-03-18 23:19:03,821 - INFO - Epoch [98/300] (97218) train_loss: 24.1190, val_loss: 26.1912, lr: 0.000779, 364.89s
2024-03-18 23:24:39,813 - INFO - epoch complete!
2024-03-18 23:24:39,814 - INFO - evaluating now!
2024-03-18 23:25:05,947 - INFO - Epoch [99/300] (98200) train_loss: 24.1271, val_loss: 25.4005, lr: 0.000775, 362.13s
2024-03-18 23:25:06,006 - INFO - Saved model at 99
2024-03-18 23:25:06,006 - INFO - Val loss decrease from 25.4843 to 25.4005, saving to ./libcity/cache/66388/model_cache/PDFormer_PeMS03_epoch99.tar
2024-03-18 23:30:44,783 - INFO - epoch complete!
2024-03-18 23:30:44,783 - INFO - evaluating now!
2024-03-18 23:31:11,076 - INFO - Epoch [100/300] (99182) train_loss: 24.0445, val_loss: 25.6972, lr: 0.000771, 365.07s
2024-03-18 23:36:48,755 - INFO - epoch complete!
2024-03-18 23:36:48,756 - INFO - evaluating now!
2024-03-18 23:37:15,080 - INFO - Epoch [101/300] (100164) train_loss: 23.9562, val_loss: 25.4506, lr: 0.000767, 364.00s
2024-03-18 23:42:52,322 - INFO - epoch complete!
2024-03-18 23:42:52,322 - INFO - evaluating now!
2024-03-18 23:43:18,593 - INFO - Epoch [102/300] (101146) train_loss: 23.9018, val_loss: 25.4410, lr: 0.000763, 363.51s
2024-03-18 23:48:54,857 - INFO - epoch complete!
2024-03-18 23:48:54,858 - INFO - evaluating now!
2024-03-18 23:49:21,089 - INFO - Epoch [103/300] (102128) train_loss: 23.9486, val_loss: 25.5159, lr: 0.000758, 362.50s
2024-03-18 23:54:59,291 - INFO - epoch complete!
2024-03-18 23:54:59,291 - INFO - evaluating now!
2024-03-18 23:55:25,555 - INFO - Epoch [104/300] (103110) train_loss: 23.8152, val_loss: 26.0994, lr: 0.000754, 364.47s
2024-03-19 00:01:03,501 - INFO - epoch complete!
2024-03-19 00:01:03,501 - INFO - evaluating now!
2024-03-19 00:01:29,752 - INFO - Epoch [105/300] (104092) train_loss: 23.8245, val_loss: 25.4438, lr: 0.000750, 364.20s
2024-03-19 00:07:05,827 - INFO - epoch complete!
2024-03-19 00:07:05,828 - INFO - evaluating now!
2024-03-19 00:07:32,175 - INFO - Epoch [106/300] (105074) train_loss: 23.7105, val_loss: 25.5682, lr: 0.000746, 362.42s
2024-03-19 00:13:11,077 - INFO - epoch complete!
2024-03-19 00:13:11,077 - INFO - evaluating now!
2024-03-19 00:13:37,363 - INFO - Epoch [107/300] (106056) train_loss: 23.6514, val_loss: 25.3883, lr: 0.000742, 365.19s
2024-03-19 00:13:37,425 - INFO - Saved model at 107
2024-03-19 00:13:37,425 - INFO - Val loss decrease from 25.4005 to 25.3883, saving to ./libcity/cache/66388/model_cache/PDFormer_PeMS03_epoch107.tar
2024-03-19 00:19:16,510 - INFO - epoch complete!
2024-03-19 00:19:16,511 - INFO - evaluating now!
2024-03-19 00:19:42,782 - INFO - Epoch [108/300] (107038) train_loss: 23.5886, val_loss: 25.3121, lr: 0.000737, 365.36s
2024-03-19 00:19:42,841 - INFO - Saved model at 108
2024-03-19 00:19:42,841 - INFO - Val loss decrease from 25.3883 to 25.3121, saving to ./libcity/cache/66388/model_cache/PDFormer_PeMS03_epoch108.tar
2024-03-19 00:25:22,816 - INFO - epoch complete!
2024-03-19 00:25:22,816 - INFO - evaluating now!
2024-03-19 00:25:49,115 - INFO - Epoch [109/300] (108020) train_loss: 23.5942, val_loss: 25.4130, lr: 0.000733, 366.27s
2024-03-19 00:31:31,604 - INFO - epoch complete!
2024-03-19 00:31:31,605 - INFO - evaluating now!
2024-03-19 00:31:57,939 - INFO - Epoch [110/300] (109002) train_loss: 23.5203, val_loss: 25.3950, lr: 0.000729, 368.82s
2024-03-19 00:37:35,099 - INFO - epoch complete!
2024-03-19 00:37:35,100 - INFO - evaluating now!
2024-03-19 00:38:01,433 - INFO - Epoch [111/300] (109984) train_loss: 23.4253, val_loss: 25.7803, lr: 0.000724, 363.49s
2024-03-19 00:43:44,173 - INFO - epoch complete!
2024-03-19 00:43:44,174 - INFO - evaluating now!
2024-03-19 00:44:10,492 - INFO - Epoch [112/300] (110966) train_loss: 23.4373, val_loss: 25.4939, lr: 0.000720, 369.06s
2024-03-19 00:49:48,628 - INFO - epoch complete!
2024-03-19 00:49:48,628 - INFO - evaluating now!
2024-03-19 00:50:14,919 - INFO - Epoch [113/300] (111948) train_loss: 23.3517, val_loss: 25.5961, lr: 0.000716, 364.43s
2024-03-19 00:55:53,923 - INFO - epoch complete!
2024-03-19 00:55:53,924 - INFO - evaluating now!
2024-03-19 00:56:20,264 - INFO - Epoch [114/300] (112930) train_loss: 23.3047, val_loss: 25.4378, lr: 0.000711, 365.34s
2024-03-19 01:02:00,350 - INFO - epoch complete!
2024-03-19 01:02:00,350 - INFO - evaluating now!
2024-03-19 01:02:26,578 - INFO - Epoch [115/300] (113912) train_loss: 23.3442, val_loss: 25.6724, lr: 0.000707, 366.31s
2024-03-19 01:08:02,437 - INFO - epoch complete!
2024-03-19 01:08:02,438 - INFO - evaluating now!
2024-03-19 01:08:28,701 - INFO - Epoch [116/300] (114894) train_loss: 23.2202, val_loss: 25.6643, lr: 0.000702, 362.12s
2024-03-19 01:14:07,062 - INFO - epoch complete!
2024-03-19 01:14:07,063 - INFO - evaluating now!
2024-03-19 01:14:33,328 - INFO - Epoch [117/300] (115876) train_loss: 23.1602, val_loss: 26.1024, lr: 0.000698, 364.63s
2024-03-19 01:20:11,082 - INFO - epoch complete!
2024-03-19 01:20:11,083 - INFO - evaluating now!
2024-03-19 01:20:37,344 - INFO - Epoch [118/300] (116858) train_loss: 23.0942, val_loss: 25.6963, lr: 0.000694, 364.02s
2024-03-19 01:26:14,296 - INFO - epoch complete!
2024-03-19 01:26:14,296 - INFO - evaluating now!
2024-03-19 01:26:40,347 - INFO - Epoch [119/300] (117840) train_loss: 23.0853, val_loss: 25.8785, lr: 0.000689, 363.00s
2024-03-19 01:32:15,100 - INFO - epoch complete!
2024-03-19 01:32:15,100 - INFO - evaluating now!
2024-03-19 01:32:41,236 - INFO - Epoch [120/300] (118822) train_loss: 23.0668, val_loss: 25.4489, lr: 0.000685, 360.89s
2024-03-19 01:38:17,214 - INFO - epoch complete!
2024-03-19 01:38:17,214 - INFO - evaluating now!
2024-03-19 01:38:43,533 - INFO - Epoch [121/300] (119804) train_loss: 23.0102, val_loss: 25.9780, lr: 0.000680, 362.30s
2024-03-19 01:44:18,768 - INFO - epoch complete!
2024-03-19 01:44:18,768 - INFO - evaluating now!
2024-03-19 01:44:44,919 - INFO - Epoch [122/300] (120786) train_loss: 22.9343, val_loss: 25.7222, lr: 0.000676, 361.39s
2024-03-19 01:50:21,161 - INFO - epoch complete!
2024-03-19 01:50:21,162 - INFO - evaluating now!
2024-03-19 01:50:47,305 - INFO - Epoch [123/300] (121768) train_loss: 22.9187, val_loss: 25.6041, lr: 0.000671, 362.39s
2024-03-19 01:56:23,232 - INFO - epoch complete!
2024-03-19 01:56:23,233 - INFO - evaluating now!
2024-03-19 01:56:49,340 - INFO - Epoch [124/300] (122750) train_loss: 22.8347, val_loss: 25.5106, lr: 0.000666, 362.04s
2024-03-19 02:02:22,780 - INFO - epoch complete!
2024-03-19 02:02:22,781 - INFO - evaluating now!
2024-03-19 02:02:48,902 - INFO - Epoch [125/300] (123732) train_loss: 22.8584, val_loss: 25.5646, lr: 0.000662, 359.56s
2024-03-19 02:08:23,382 - INFO - epoch complete!
2024-03-19 02:08:23,382 - INFO - evaluating now!
2024-03-19 02:08:49,552 - INFO - Epoch [126/300] (124714) train_loss: 22.7815, val_loss: 25.6095, lr: 0.000657, 360.65s
2024-03-19 02:14:27,068 - INFO - epoch complete!
2024-03-19 02:14:27,069 - INFO - evaluating now!
2024-03-19 02:14:53,322 - INFO - Epoch [127/300] (125696) train_loss: 22.7039, val_loss: 25.7720, lr: 0.000653, 363.77s
2024-03-19 02:20:29,193 - INFO - epoch complete!
2024-03-19 02:20:29,194 - INFO - evaluating now!
2024-03-19 02:20:55,478 - INFO - Epoch [128/300] (126678) train_loss: 22.7091, val_loss: 25.8090, lr: 0.000648, 362.15s
2024-03-19 02:26:29,215 - INFO - epoch complete!
2024-03-19 02:26:29,216 - INFO - evaluating now!
2024-03-19 02:26:55,460 - INFO - Epoch [129/300] (127660) train_loss: 22.6487, val_loss: 25.8665, lr: 0.000644, 359.98s
2024-03-19 02:32:31,758 - INFO - epoch complete!
2024-03-19 02:32:31,759 - INFO - evaluating now!
2024-03-19 02:32:58,032 - INFO - Epoch [130/300] (128642) train_loss: 22.6349, val_loss: 25.7988, lr: 0.000639, 362.57s
2024-03-19 02:38:33,128 - INFO - epoch complete!
2024-03-19 02:38:33,129 - INFO - evaluating now!
2024-03-19 02:38:59,445 - INFO - Epoch [131/300] (129624) train_loss: 22.5567, val_loss: 25.8619, lr: 0.000634, 361.41s
2024-03-19 02:44:34,410 - INFO - epoch complete!
2024-03-19 02:44:34,411 - INFO - evaluating now!
2024-03-19 02:45:00,525 - INFO - Epoch [132/300] (130606) train_loss: 22.4794, val_loss: 25.9494, lr: 0.000630, 361.08s
2024-03-19 02:50:35,251 - INFO - epoch complete!
2024-03-19 02:50:35,252 - INFO - evaluating now!
2024-03-19 02:51:01,405 - INFO - Epoch [133/300] (131588) train_loss: 22.4329, val_loss: 25.6153, lr: 0.000625, 360.88s
2024-03-19 02:56:36,866 - INFO - epoch complete!
2024-03-19 02:56:36,867 - INFO - evaluating now!
2024-03-19 02:57:03,182 - INFO - Epoch [134/300] (132570) train_loss: 22.4519, val_loss: 25.8113, lr: 0.000620, 361.78s
2024-03-19 03:02:37,393 - INFO - epoch complete!
2024-03-19 03:02:37,394 - INFO - evaluating now!
2024-03-19 03:03:03,569 - INFO - Epoch [135/300] (133552) train_loss: 22.3880, val_loss: 25.6506, lr: 0.000616, 360.39s
2024-03-19 03:08:37,378 - INFO - epoch complete!
2024-03-19 03:08:37,378 - INFO - evaluating now!
2024-03-19 03:09:03,519 - INFO - Epoch [136/300] (134534) train_loss: 22.3941, val_loss: 25.7975, lr: 0.000611, 359.95s
2024-03-19 03:14:38,069 - INFO - epoch complete!
2024-03-19 03:14:38,070 - INFO - evaluating now!
2024-03-19 03:15:04,250 - INFO - Epoch [137/300] (135516) train_loss: 22.3146, val_loss: 25.6567, lr: 0.000606, 360.73s
2024-03-19 03:20:38,227 - INFO - epoch complete!
2024-03-19 03:20:38,228 - INFO - evaluating now!
2024-03-19 03:21:04,395 - INFO - Epoch [138/300] (136498) train_loss: 22.2632, val_loss: 26.3390, lr: 0.000602, 360.14s
2024-03-19 03:26:38,114 - INFO - epoch complete!
2024-03-19 03:26:38,114 - INFO - evaluating now!
2024-03-19 03:27:04,346 - INFO - Epoch [139/300] (137480) train_loss: 22.1968, val_loss: 25.9452, lr: 0.000597, 359.95s
2024-03-19 03:32:39,021 - INFO - epoch complete!
2024-03-19 03:32:39,022 - INFO - evaluating now!
2024-03-19 03:33:05,218 - INFO - Epoch [140/300] (138462) train_loss: 22.2101, val_loss: 26.1474, lr: 0.000592, 360.87s
2024-03-19 03:38:41,278 - INFO - epoch complete!
2024-03-19 03:38:41,278 - INFO - evaluating now!
2024-03-19 03:39:07,500 - INFO - Epoch [141/300] (139444) train_loss: 22.1719, val_loss: 25.8608, lr: 0.000588, 362.28s
2024-03-19 03:44:39,581 - INFO - epoch complete!
2024-03-19 03:44:39,582 - INFO - evaluating now!
2024-03-19 03:45:05,730 - INFO - Epoch [142/300] (140426) train_loss: 22.1226, val_loss: 25.7167, lr: 0.000583, 358.23s
2024-03-19 03:50:39,954 - INFO - epoch complete!
2024-03-19 03:50:39,954 - INFO - evaluating now!
2024-03-19 03:51:06,152 - INFO - Epoch [143/300] (141408) train_loss: 22.0468, val_loss: 25.9971, lr: 0.000578, 360.42s
2024-03-19 03:56:41,529 - INFO - epoch complete!
2024-03-19 03:56:41,529 - INFO - evaluating now!
2024-03-19 03:57:07,391 - INFO - Epoch [144/300] (142390) train_loss: 22.0565, val_loss: 26.4629, lr: 0.000574, 361.24s
2024-03-19 04:02:41,261 - INFO - epoch complete!
2024-03-19 04:02:41,262 - INFO - evaluating now!
2024-03-19 04:03:07,609 - INFO - Epoch [145/300] (143372) train_loss: 22.0433, val_loss: 26.1337, lr: 0.000569, 360.22s
2024-03-19 04:08:41,444 - INFO - epoch complete!
2024-03-19 04:08:41,445 - INFO - evaluating now!
2024-03-19 04:09:07,655 - INFO - Epoch [146/300] (144354) train_loss: 21.9729, val_loss: 26.3665, lr: 0.000564, 360.05s
2024-03-19 04:14:42,470 - INFO - epoch complete!
2024-03-19 04:14:42,471 - INFO - evaluating now!
2024-03-19 04:15:08,501 - INFO - Epoch [147/300] (145336) train_loss: 21.9638, val_loss: 25.9396, lr: 0.000559, 360.85s
2024-03-19 04:20:43,022 - INFO - epoch complete!
2024-03-19 04:20:43,023 - INFO - evaluating now!
2024-03-19 04:21:09,229 - INFO - Epoch [148/300] (146318) train_loss: 21.8777, val_loss: 26.0115, lr: 0.000555, 360.73s
2024-03-19 04:26:44,245 - INFO - epoch complete!
2024-03-19 04:26:44,245 - INFO - evaluating now!
2024-03-19 04:27:10,501 - INFO - Epoch [149/300] (147300) train_loss: 21.8712, val_loss: 25.9008, lr: 0.000550, 361.27s
2024-03-19 04:32:45,810 - INFO - epoch complete!
2024-03-19 04:32:45,810 - INFO - evaluating now!
2024-03-19 04:33:11,952 - INFO - Epoch [150/300] (148282) train_loss: 21.8391, val_loss: 25.9655, lr: 0.000545, 361.45s
2024-03-19 04:38:45,954 - INFO - epoch complete!
2024-03-19 04:38:45,955 - INFO - evaluating now!
2024-03-19 04:39:12,150 - INFO - Epoch [151/300] (149264) train_loss: 21.8162, val_loss: 26.1972, lr: 0.000541, 360.20s
2024-03-19 04:44:44,554 - INFO - epoch complete!
2024-03-19 04:44:44,554 - INFO - evaluating now!
2024-03-19 04:45:10,659 - INFO - Epoch [152/300] (150246) train_loss: 21.7577, val_loss: 26.0810, lr: 0.000536, 358.51s
2024-03-19 04:50:44,964 - INFO - epoch complete!
2024-03-19 04:50:44,965 - INFO - evaluating now!
2024-03-19 04:51:11,152 - INFO - Epoch [153/300] (151228) train_loss: 21.7103, val_loss: 25.8762, lr: 0.000531, 360.49s
2024-03-19 04:56:45,422 - INFO - epoch complete!
2024-03-19 04:56:45,422 - INFO - evaluating now!
2024-03-19 04:57:11,617 - INFO - Epoch [154/300] (152210) train_loss: 21.6728, val_loss: 26.0959, lr: 0.000526, 360.46s
2024-03-19 05:02:45,741 - INFO - epoch complete!
2024-03-19 05:02:45,742 - INFO - evaluating now!
2024-03-19 05:03:11,797 - INFO - Epoch [155/300] (153192) train_loss: 21.6411, val_loss: 26.0403, lr: 0.000522, 360.18s
2024-03-19 05:08:46,267 - INFO - epoch complete!
2024-03-19 05:08:46,267 - INFO - evaluating now!
2024-03-19 05:09:12,423 - INFO - Epoch [156/300] (154174) train_loss: 21.6458, val_loss: 26.2426, lr: 0.000517, 360.63s
2024-03-19 05:14:46,021 - INFO - epoch complete!
2024-03-19 05:14:46,022 - INFO - evaluating now!
2024-03-19 05:15:12,197 - INFO - Epoch [157/300] (155156) train_loss: 21.6095, val_loss: 26.2627, lr: 0.000512, 359.77s
2024-03-19 05:20:48,158 - INFO - epoch complete!
2024-03-19 05:20:48,158 - INFO - evaluating now!
2024-03-19 05:21:14,351 - INFO - Epoch [158/300] (156138) train_loss: 21.5877, val_loss: 26.4256, lr: 0.000508, 362.15s
2024-03-19 05:21:14,352 - WARNING - Early stopping at epoch: 158
2024-03-19 05:21:14,352 - INFO - Trained totally 159 epochs, average train time is 345.843s, average eval time is 27.689s
2024-03-19 05:21:14,423 - INFO - Loaded model at 108
2024-03-19 05:21:14,424 - INFO - Saved model at ./libcity/cache/66388/model_cache/PDFormer_PeMS03.m
2024-03-19 05:21:14,481 - INFO - Start evaluating ...
2024-03-19 05:22:19,401 - INFO - Note that you select the average mode to evaluate!
2024-03-19 05:22:19,405 - INFO - Evaluate result is saved at ./libcity/cache/66388/evaluate_cache/2024_03_19_05_22_19_PDFormer_PeMS03_average.csv
2024-03-19 05:22:19,412 - INFO - 
          MAE  MAPE       RMSE  masked_MAE  masked_MAPE  masked_RMSE
1   12.329185   inf  21.456524   12.379739     0.131655    21.486904
2   12.681972   inf  22.237494   12.731776     0.134454    22.264496
3   13.014583   inf  22.931669   13.065012     0.138009    22.955917
4   13.288933   inf  23.504435   13.339272     0.140307    23.525925
5   13.524312   inf  23.984747   13.574077     0.142330    24.003675
6   13.733436   inf  24.398365   13.782710     0.144137    24.415079
7   13.940683   inf  24.787626   13.990124     0.146328    24.802645
8   14.138168   inf  25.149897   14.187673     0.148755    25.163378
9   14.304772   inf  25.466366   14.354042     0.150021    25.478109
10  14.459385   inf  25.751780   14.508070     0.151442    25.761751
11  14.606413   inf  26.011406   14.654424     0.153051    26.019846
12  14.762897   inf  26.276440   14.810748     0.154488    26.283728
