2024-02-25 11:27:26,852 - INFO - Log directory: ./libcity/log
2024-02-25 11:27:26,853 - INFO - Begin pipeline, task=traffic_state_pred, model_name=PDFormer, dataset_name=PeMS08, exp_id=72018
2024-02-25 11:27:26,853 - INFO - {'task': 'traffic_state_pred', 'model': 'PDFormer', 'dataset': 'PeMS08', 'saved_model': True, 'train': True, 'local_rank': 0, 'initial_ckpt': None, 'dataset_class': 'PDFormerDataset', 'input_window': 12, 'output_window': 12, 'train_rate': 0.6, 'eval_rate': 0.2, 'batch_size': 16, 'add_time_in_day': True, 'add_day_in_week': True, 'step_size': 2776, 'max_epoch': 300, 'bidir': True, 'far_mask_delta': 7, 'geo_num_heads': 4, 'sem_num_heads': 2, 't_num_heads': 2, 'cluster_method': 'kshape', 'cand_key_days': 21, 'seed': 1, 'type_ln': 'pre', 'set_loss': 'huber', 'huber_delta': 2, 'mode': 'average', 'executor': 'PDFormerExecutor', 'evaluator': 'TrafficStateEvaluator', 'embed_dim': 64, 'skip_dim': 256, 'mlp_ratio': 4, 'qkv_bias': True, 'drop': 0, 'attn_drop': 0, 'drop_path': 0.3, 's_attn_size': 3, 't_attn_size': 1, 'enc_depth': 6, 'type_short_path': 'hop', 'scaler': 'standard', 'load_external': True, 'normal_external': False, 'ext_scaler': 'none', 'learner': 'adamw', 'learning_rate': 0.001, 'weight_decay': 0.05, 'lr_decay': True, 'lr_scheduler': 'cosinelr', 'lr_eta_min': 0.0001, 'lr_decay_ratio': 0.1, 'lr_warmup_epoch': 5, 'lr_warmup_init': 1e-06, 'clip_grad_norm': True, 'max_grad_norm': 5, 'use_early_stop': True, 'patience': 50, 'task_level': 0, 'use_curriculum_learning': True, 'random_flip': True, 'quan_delta': 0.25, 'dtw_delta': 5, 'cache_dataset': True, 'num_workers': 0, 'pad_with_last_sample': True, 'lape_dim': 8, 'gpu': True, 'gpu_id': 0, 'train_loss': 'none', 'epoch': 0, 'lr_epsilon': 1e-08, 'lr_beta1': 0.9, 'lr_beta2': 0.999, 'lr_alpha': 0.99, 'lr_momentum': 0, 'steps': [5, 20, 40, 70], 'lr_T_max': 30, 'lr_patience': 10, 'lr_threshold': 0.0001, 'log_level': 'INFO', 'log_every': 1, 'load_best_epoch': True, 'hyper_tune': False, 'grad_accmu_steps': 1, 'metrics': ['MAE', 'MAPE', 'RMSE', 'masked_MAE', 'masked_MAPE', 'masked_RMSE'], 'save_modes': ['csv'], 'geo': {'including_types': ['Point'], 'Point': {}}, 'rel': {'including_types': ['geo'], 'geo': {'cost': 'num'}}, 'dyna': {'including_types': ['state'], 'state': {'entity_id': 'geo_id', 'traffic_flow': 'num', 'traffic_occupancy': 'num', 'traffic_speed': 'num'}}, 'data_col': ['traffic_flow'], 'weight_col': 'cost', 'data_files': ['PeMS08'], 'geo_file': 'PeMS08', 'rel_file': 'PeMS08', 'adp_file': 'PeMS08', 'output_dim': 1, 'time_intervals': 300, 'init_weight_inf_or_zero': 'zero', 'set_weight_link_or_dist': 'link', 'calculate_weight_adj': False, 'weight_adj_epsilon': 0.1, 'distributed': False, 'device': device(type='cuda', index=0), 'exp_id': 72018}
2024-02-25 11:27:27,590 - INFO - Loaded file PeMS08.geo, num_nodes=170
2024-02-25 11:27:27,594 - INFO - set_weight_link_or_dist: link
2024-02-25 11:27:27,595 - INFO - init_weight_inf_or_zero: zero
2024-02-25 11:27:27,600 - INFO - Loaded file PeMS08.rel, shape=(170, 170)
2024-02-25 11:27:27,601 - INFO - Max adj_mx value = 1.0
2024-02-25 11:27:54,864 - INFO - Loading file PeMS08.dyna
2024-02-25 11:28:00,001 - INFO - Loaded file PeMS08.dyna, shape=(17856, 170, 1)
2024-02-25 11:28:00,037 - INFO - Load DTW matrix from ./libcity/cache/dataset_cache/dtw_PeMS08.npy
2024-02-25 11:28:00,039 - INFO - Loading ./libcity/cache/dataset_cache/pdformer_point_based_PeMS08_12_12_0.6_1_0.2_standard_16_True_True_True_True_traffic_flow.npz
2024-02-25 11:28:16,156 - INFO - train	x: (10700, 12, 170, 9), y: (10700, 12, 170, 9), ind: (10700,)
2024-02-25 11:28:16,156 - INFO - eval	x: (3566, 12, 170, 9), y: (3566, 12, 170, 9), ind: (3566,)
2024-02-25 11:28:16,156 - INFO - test	x: (3567, 12, 170, 9), y: (3567, 12, 170, 9), ind: (3567,)
2024-02-25 11:28:16,941 - INFO - StandardScaler mean: 229.8431355598314, std: 145.62553066568907
2024-02-25 11:28:16,941 - INFO - NoneScaler
2024-02-25 11:28:18,940 - INFO - Loaded file ./libcity/cache/dataset_cache/pattern_keys_kshape_PeMS08_21_3_16_5.npy
2024-02-25 11:28:18,960 - INFO - Use use_curriculum_learning!
2024-02-25 11:28:29,974 - INFO - PDFormer(
  (pattern_embeddings): ModuleList(
    (0): TokenEmbedding(
      (token_embed): Linear(in_features=3, out_features=64, bias=True)
      (norm): Identity()
    )
  )
  (enc_embed_layer): DataEmbedding(
    (value_embedding): TokenEmbedding(
      (token_embed): Linear(in_features=1, out_features=64, bias=True)
      (norm): Identity()
    )
    (position_encoding): PositionalEncoding()
    (daytime_embedding): Embedding(1440, 64)
    (weekday_embedding): Embedding(7, 64)
    (spatial_embedding): LaplacianPE(
      (embedding_lap_pos_enc): Linear(in_features=8, out_features=64, bias=True)
    )
    (tempp_embedding): Linear(in_features=170, out_features=64, bias=True)
    (stag_embedding): Linear(in_features=170, out_features=64, bias=True)
    (dropout): Dropout(p=0, inplace=False)
  )
  (encoder_blocks): ModuleList(
    (0): STEncoderBlock(
      (norm1): LayerNorm((64,), eps=1e-06, elementwise_affine=True)
      (st_attn): STSelfAttention(
        (pattern_q_linears): ModuleList(
          (0): Linear(in_features=64, out_features=32, bias=True)
        )
        (pattern_k_linears): ModuleList(
          (0): Linear(in_features=64, out_features=32, bias=True)
        )
        (pattern_v_linears): ModuleList(
          (0): Linear(in_features=64, out_features=32, bias=True)
        )
        (geo_q_conv): Conv2d(64, 32, kernel_size=(1, 1), stride=(1, 1))
        (geo_k_conv): Conv2d(64, 32, kernel_size=(1, 1), stride=(1, 1))
        (geo_v_conv): Conv2d(64, 32, kernel_size=(1, 1), stride=(1, 1))
        (geo_attn_drop): Dropout(p=0, inplace=False)
        (sem_q_conv): Conv2d(64, 16, kernel_size=(1, 1), stride=(1, 1))
        (sem_k_conv): Conv2d(64, 16, kernel_size=(1, 1), stride=(1, 1))
        (sem_v_conv): Conv2d(64, 16, kernel_size=(1, 1), stride=(1, 1))
        (sem_attn_drop): Dropout(p=0, inplace=False)
        (t_q_conv): Conv2d(64, 16, kernel_size=(1, 1), stride=(1, 1))
        (t_k_conv): Conv2d(64, 16, kernel_size=(1, 1), stride=(1, 1))
        (t_v_conv): Conv2d(64, 16, kernel_size=(1, 1), stride=(1, 1))
        (t_attn_drop): Dropout(p=0, inplace=False)
        (proj): Linear(in_features=64, out_features=64, bias=True)
        (proj_drop): Dropout(p=0, inplace=False)
        (gconv): gcn(
          (nconv): nconv()
          (mlp): linear(
            (mlp): Conv2d(96, 32, kernel_size=(1, 1), stride=(1, 1))
          )
        )
        (reshape1): Linear(in_features=64, out_features=32, bias=True)
        (reshape2): Linear(in_features=32, out_features=64, bias=True)
      )
      (drop_path): Identity()
      (norm2): LayerNorm((64,), eps=1e-06, elementwise_affine=True)
      (mlp): Mlp(
        (fc1): Linear(in_features=64, out_features=256, bias=True)
        (act): GELU()
        (fc2): Linear(in_features=256, out_features=64, bias=True)
        (drop): Dropout(p=0, inplace=False)
      )
    )
    (1): STEncoderBlock(
      (norm1): LayerNorm((64,), eps=1e-06, elementwise_affine=True)
      (st_attn): STSelfAttention(
        (pattern_q_linears): ModuleList(
          (0): Linear(in_features=64, out_features=32, bias=True)
        )
        (pattern_k_linears): ModuleList(
          (0): Linear(in_features=64, out_features=32, bias=True)
        )
        (pattern_v_linears): ModuleList(
          (0): Linear(in_features=64, out_features=32, bias=True)
        )
        (geo_q_conv): Conv2d(64, 32, kernel_size=(1, 1), stride=(1, 1))
        (geo_k_conv): Conv2d(64, 32, kernel_size=(1, 1), stride=(1, 1))
        (geo_v_conv): Conv2d(64, 32, kernel_size=(1, 1), stride=(1, 1))
        (geo_attn_drop): Dropout(p=0, inplace=False)
        (sem_q_conv): Conv2d(64, 16, kernel_size=(1, 1), stride=(1, 1))
        (sem_k_conv): Conv2d(64, 16, kernel_size=(1, 1), stride=(1, 1))
        (sem_v_conv): Conv2d(64, 16, kernel_size=(1, 1), stride=(1, 1))
        (sem_attn_drop): Dropout(p=0, inplace=False)
        (t_q_conv): Conv2d(64, 16, kernel_size=(1, 1), stride=(1, 1))
        (t_k_conv): Conv2d(64, 16, kernel_size=(1, 1), stride=(1, 1))
        (t_v_conv): Conv2d(64, 16, kernel_size=(1, 1), stride=(1, 1))
        (t_attn_drop): Dropout(p=0, inplace=False)
        (proj): Linear(in_features=64, out_features=64, bias=True)
        (proj_drop): Dropout(p=0, inplace=False)
        (gconv): gcn(
          (nconv): nconv()
          (mlp): linear(
            (mlp): Conv2d(96, 32, kernel_size=(1, 1), stride=(1, 1))
          )
        )
        (reshape1): Linear(in_features=64, out_features=32, bias=True)
        (reshape2): Linear(in_features=32, out_features=64, bias=True)
      )
      (drop_path): DropPath()
      (norm2): LayerNorm((64,), eps=1e-06, elementwise_affine=True)
      (mlp): Mlp(
        (fc1): Linear(in_features=64, out_features=256, bias=True)
        (act): GELU()
        (fc2): Linear(in_features=256, out_features=64, bias=True)
        (drop): Dropout(p=0, inplace=False)
      )
    )
    (2): STEncoderBlock(
      (norm1): LayerNorm((64,), eps=1e-06, elementwise_affine=True)
      (st_attn): STSelfAttention(
        (pattern_q_linears): ModuleList(
          (0): Linear(in_features=64, out_features=32, bias=True)
        )
        (pattern_k_linears): ModuleList(
          (0): Linear(in_features=64, out_features=32, bias=True)
        )
        (pattern_v_linears): ModuleList(
          (0): Linear(in_features=64, out_features=32, bias=True)
        )
        (geo_q_conv): Conv2d(64, 32, kernel_size=(1, 1), stride=(1, 1))
        (geo_k_conv): Conv2d(64, 32, kernel_size=(1, 1), stride=(1, 1))
        (geo_v_conv): Conv2d(64, 32, kernel_size=(1, 1), stride=(1, 1))
        (geo_attn_drop): Dropout(p=0, inplace=False)
        (sem_q_conv): Conv2d(64, 16, kernel_size=(1, 1), stride=(1, 1))
        (sem_k_conv): Conv2d(64, 16, kernel_size=(1, 1), stride=(1, 1))
        (sem_v_conv): Conv2d(64, 16, kernel_size=(1, 1), stride=(1, 1))
        (sem_attn_drop): Dropout(p=0, inplace=False)
        (t_q_conv): Conv2d(64, 16, kernel_size=(1, 1), stride=(1, 1))
        (t_k_conv): Conv2d(64, 16, kernel_size=(1, 1), stride=(1, 1))
        (t_v_conv): Conv2d(64, 16, kernel_size=(1, 1), stride=(1, 1))
        (t_attn_drop): Dropout(p=0, inplace=False)
        (proj): Linear(in_features=64, out_features=64, bias=True)
        (proj_drop): Dropout(p=0, inplace=False)
        (gconv): gcn(
          (nconv): nconv()
          (mlp): linear(
            (mlp): Conv2d(96, 32, kernel_size=(1, 1), stride=(1, 1))
          )
        )
        (reshape1): Linear(in_features=64, out_features=32, bias=True)
        (reshape2): Linear(in_features=32, out_features=64, bias=True)
      )
      (drop_path): DropPath()
      (norm2): LayerNorm((64,), eps=1e-06, elementwise_affine=True)
      (mlp): Mlp(
        (fc1): Linear(in_features=64, out_features=256, bias=True)
        (act): GELU()
        (fc2): Linear(in_features=256, out_features=64, bias=True)
        (drop): Dropout(p=0, inplace=False)
      )
    )
    (3): STEncoderBlock(
      (norm1): LayerNorm((64,), eps=1e-06, elementwise_affine=True)
      (st_attn): STSelfAttention(
        (pattern_q_linears): ModuleList(
          (0): Linear(in_features=64, out_features=32, bias=True)
        )
        (pattern_k_linears): ModuleList(
          (0): Linear(in_features=64, out_features=32, bias=True)
        )
        (pattern_v_linears): ModuleList(
          (0): Linear(in_features=64, out_features=32, bias=True)
        )
        (geo_q_conv): Conv2d(64, 32, kernel_size=(1, 1), stride=(1, 1))
        (geo_k_conv): Conv2d(64, 32, kernel_size=(1, 1), stride=(1, 1))
        (geo_v_conv): Conv2d(64, 32, kernel_size=(1, 1), stride=(1, 1))
        (geo_attn_drop): Dropout(p=0, inplace=False)
        (sem_q_conv): Conv2d(64, 16, kernel_size=(1, 1), stride=(1, 1))
        (sem_k_conv): Conv2d(64, 16, kernel_size=(1, 1), stride=(1, 1))
        (sem_v_conv): Conv2d(64, 16, kernel_size=(1, 1), stride=(1, 1))
        (sem_attn_drop): Dropout(p=0, inplace=False)
        (t_q_conv): Conv2d(64, 16, kernel_size=(1, 1), stride=(1, 1))
        (t_k_conv): Conv2d(64, 16, kernel_size=(1, 1), stride=(1, 1))
        (t_v_conv): Conv2d(64, 16, kernel_size=(1, 1), stride=(1, 1))
        (t_attn_drop): Dropout(p=0, inplace=False)
        (proj): Linear(in_features=64, out_features=64, bias=True)
        (proj_drop): Dropout(p=0, inplace=False)
        (gconv): gcn(
          (nconv): nconv()
          (mlp): linear(
            (mlp): Conv2d(96, 32, kernel_size=(1, 1), stride=(1, 1))
          )
        )
        (reshape1): Linear(in_features=64, out_features=32, bias=True)
        (reshape2): Linear(in_features=32, out_features=64, bias=True)
      )
      (drop_path): DropPath()
      (norm2): LayerNorm((64,), eps=1e-06, elementwise_affine=True)
      (mlp): Mlp(
        (fc1): Linear(in_features=64, out_features=256, bias=True)
        (act): GELU()
        (fc2): Linear(in_features=256, out_features=64, bias=True)
        (drop): Dropout(p=0, inplace=False)
      )
    )
    (4): STEncoderBlock(
      (norm1): LayerNorm((64,), eps=1e-06, elementwise_affine=True)
      (st_attn): STSelfAttention(
        (pattern_q_linears): ModuleList(
          (0): Linear(in_features=64, out_features=32, bias=True)
        )
        (pattern_k_linears): ModuleList(
          (0): Linear(in_features=64, out_features=32, bias=True)
        )
        (pattern_v_linears): ModuleList(
          (0): Linear(in_features=64, out_features=32, bias=True)
        )
        (geo_q_conv): Conv2d(64, 32, kernel_size=(1, 1), stride=(1, 1))
        (geo_k_conv): Conv2d(64, 32, kernel_size=(1, 1), stride=(1, 1))
        (geo_v_conv): Conv2d(64, 32, kernel_size=(1, 1), stride=(1, 1))
        (geo_attn_drop): Dropout(p=0, inplace=False)
        (sem_q_conv): Conv2d(64, 16, kernel_size=(1, 1), stride=(1, 1))
        (sem_k_conv): Conv2d(64, 16, kernel_size=(1, 1), stride=(1, 1))
        (sem_v_conv): Conv2d(64, 16, kernel_size=(1, 1), stride=(1, 1))
        (sem_attn_drop): Dropout(p=0, inplace=False)
        (t_q_conv): Conv2d(64, 16, kernel_size=(1, 1), stride=(1, 1))
        (t_k_conv): Conv2d(64, 16, kernel_size=(1, 1), stride=(1, 1))
        (t_v_conv): Conv2d(64, 16, kernel_size=(1, 1), stride=(1, 1))
        (t_attn_drop): Dropout(p=0, inplace=False)
        (proj): Linear(in_features=64, out_features=64, bias=True)
        (proj_drop): Dropout(p=0, inplace=False)
        (gconv): gcn(
          (nconv): nconv()
          (mlp): linear(
            (mlp): Conv2d(96, 32, kernel_size=(1, 1), stride=(1, 1))
          )
        )
        (reshape1): Linear(in_features=64, out_features=32, bias=True)
        (reshape2): Linear(in_features=32, out_features=64, bias=True)
      )
      (drop_path): DropPath()
      (norm2): LayerNorm((64,), eps=1e-06, elementwise_affine=True)
      (mlp): Mlp(
        (fc1): Linear(in_features=64, out_features=256, bias=True)
        (act): GELU()
        (fc2): Linear(in_features=256, out_features=64, bias=True)
        (drop): Dropout(p=0, inplace=False)
      )
    )
    (5): STEncoderBlock(
      (norm1): LayerNorm((64,), eps=1e-06, elementwise_affine=True)
      (st_attn): STSelfAttention(
        (pattern_q_linears): ModuleList(
          (0): Linear(in_features=64, out_features=32, bias=True)
        )
        (pattern_k_linears): ModuleList(
          (0): Linear(in_features=64, out_features=32, bias=True)
        )
        (pattern_v_linears): ModuleList(
          (0): Linear(in_features=64, out_features=32, bias=True)
        )
        (geo_q_conv): Conv2d(64, 32, kernel_size=(1, 1), stride=(1, 1))
        (geo_k_conv): Conv2d(64, 32, kernel_size=(1, 1), stride=(1, 1))
        (geo_v_conv): Conv2d(64, 32, kernel_size=(1, 1), stride=(1, 1))
        (geo_attn_drop): Dropout(p=0, inplace=False)
        (sem_q_conv): Conv2d(64, 16, kernel_size=(1, 1), stride=(1, 1))
        (sem_k_conv): Conv2d(64, 16, kernel_size=(1, 1), stride=(1, 1))
        (sem_v_conv): Conv2d(64, 16, kernel_size=(1, 1), stride=(1, 1))
        (sem_attn_drop): Dropout(p=0, inplace=False)
        (t_q_conv): Conv2d(64, 16, kernel_size=(1, 1), stride=(1, 1))
        (t_k_conv): Conv2d(64, 16, kernel_size=(1, 1), stride=(1, 1))
        (t_v_conv): Conv2d(64, 16, kernel_size=(1, 1), stride=(1, 1))
        (t_attn_drop): Dropout(p=0, inplace=False)
        (proj): Linear(in_features=64, out_features=64, bias=True)
        (proj_drop): Dropout(p=0, inplace=False)
        (gconv): gcn(
          (nconv): nconv()
          (mlp): linear(
            (mlp): Conv2d(96, 32, kernel_size=(1, 1), stride=(1, 1))
          )
        )
        (reshape1): Linear(in_features=64, out_features=32, bias=True)
        (reshape2): Linear(in_features=32, out_features=64, bias=True)
      )
      (drop_path): DropPath()
      (norm2): LayerNorm((64,), eps=1e-06, elementwise_affine=True)
      (mlp): Mlp(
        (fc1): Linear(in_features=64, out_features=256, bias=True)
        (act): GELU()
        (fc2): Linear(in_features=256, out_features=64, bias=True)
        (drop): Dropout(p=0, inplace=False)
      )
    )
  )
  (skip_convs): ModuleList(
    (0): Conv2d(64, 256, kernel_size=(1, 1), stride=(1, 1))
    (1): Conv2d(64, 256, kernel_size=(1, 1), stride=(1, 1))
    (2): Conv2d(64, 256, kernel_size=(1, 1), stride=(1, 1))
    (3): Conv2d(64, 256, kernel_size=(1, 1), stride=(1, 1))
    (4): Conv2d(64, 256, kernel_size=(1, 1), stride=(1, 1))
    (5): Conv2d(64, 256, kernel_size=(1, 1), stride=(1, 1))
  )
  (end_conv1): Conv2d(12, 12, kernel_size=(1, 1), stride=(1, 1))
  (end_conv2): Conv2d(256, 1, kernel_size=(1, 1), stride=(1, 1))
)
2024-02-25 11:28:29,981 - INFO - pattern_embeddings.0.token_embed.weight	torch.Size([64, 3])	cuda:0	True
2024-02-25 11:28:29,981 - INFO - pattern_embeddings.0.token_embed.bias	torch.Size([64])	cuda:0	True
2024-02-25 11:28:29,981 - INFO - enc_embed_layer.value_embedding.token_embed.weight	torch.Size([64, 1])	cuda:0	True
2024-02-25 11:28:29,981 - INFO - enc_embed_layer.value_embedding.token_embed.bias	torch.Size([64])	cuda:0	True
2024-02-25 11:28:29,981 - INFO - enc_embed_layer.daytime_embedding.weight	torch.Size([1440, 64])	cuda:0	True
2024-02-25 11:28:29,982 - INFO - enc_embed_layer.weekday_embedding.weight	torch.Size([7, 64])	cuda:0	True
2024-02-25 11:28:29,982 - INFO - enc_embed_layer.spatial_embedding.embedding_lap_pos_enc.weight	torch.Size([64, 8])	cuda:0	True
2024-02-25 11:28:29,982 - INFO - enc_embed_layer.spatial_embedding.embedding_lap_pos_enc.bias	torch.Size([64])	cuda:0	True
2024-02-25 11:28:29,982 - INFO - enc_embed_layer.tempp_embedding.weight	torch.Size([64, 170])	cuda:0	True
2024-02-25 11:28:29,982 - INFO - enc_embed_layer.tempp_embedding.bias	torch.Size([64])	cuda:0	True
2024-02-25 11:28:29,982 - INFO - enc_embed_layer.stag_embedding.weight	torch.Size([64, 170])	cuda:0	True
2024-02-25 11:28:29,982 - INFO - enc_embed_layer.stag_embedding.bias	torch.Size([64])	cuda:0	True
2024-02-25 11:28:29,982 - INFO - encoder_blocks.0.norm1.weight	torch.Size([64])	cuda:0	True
2024-02-25 11:28:29,982 - INFO - encoder_blocks.0.norm1.bias	torch.Size([64])	cuda:0	True
2024-02-25 11:28:29,982 - INFO - encoder_blocks.0.st_attn.nodevec_p1	torch.Size([288, 40])	cuda:0	True
2024-02-25 11:28:29,982 - INFO - encoder_blocks.0.st_attn.nodevec_p2	torch.Size([170, 40])	cuda:0	True
2024-02-25 11:28:29,982 - INFO - encoder_blocks.0.st_attn.nodevec_p3	torch.Size([170, 40])	cuda:0	True
2024-02-25 11:28:29,983 - INFO - encoder_blocks.0.st_attn.nodevec_pk	torch.Size([40, 40, 40])	cuda:0	True
2024-02-25 11:28:29,983 - INFO - encoder_blocks.0.st_attn.pattern_q_linears.0.weight	torch.Size([32, 64])	cuda:0	True
2024-02-25 11:28:29,983 - INFO - encoder_blocks.0.st_attn.pattern_q_linears.0.bias	torch.Size([32])	cuda:0	True
2024-02-25 11:28:29,983 - INFO - encoder_blocks.0.st_attn.pattern_k_linears.0.weight	torch.Size([32, 64])	cuda:0	True
2024-02-25 11:28:29,983 - INFO - encoder_blocks.0.st_attn.pattern_k_linears.0.bias	torch.Size([32])	cuda:0	True
2024-02-25 11:28:29,983 - INFO - encoder_blocks.0.st_attn.pattern_v_linears.0.weight	torch.Size([32, 64])	cuda:0	True
2024-02-25 11:28:29,983 - INFO - encoder_blocks.0.st_attn.pattern_v_linears.0.bias	torch.Size([32])	cuda:0	True
2024-02-25 11:28:29,983 - INFO - encoder_blocks.0.st_attn.geo_q_conv.weight	torch.Size([32, 64, 1, 1])	cuda:0	True
2024-02-25 11:28:29,983 - INFO - encoder_blocks.0.st_attn.geo_q_conv.bias	torch.Size([32])	cuda:0	True
2024-02-25 11:28:29,983 - INFO - encoder_blocks.0.st_attn.geo_k_conv.weight	torch.Size([32, 64, 1, 1])	cuda:0	True
2024-02-25 11:28:29,983 - INFO - encoder_blocks.0.st_attn.geo_k_conv.bias	torch.Size([32])	cuda:0	True
2024-02-25 11:28:29,983 - INFO - encoder_blocks.0.st_attn.geo_v_conv.weight	torch.Size([32, 64, 1, 1])	cuda:0	True
2024-02-25 11:28:29,984 - INFO - encoder_blocks.0.st_attn.geo_v_conv.bias	torch.Size([32])	cuda:0	True
2024-02-25 11:28:29,984 - INFO - encoder_blocks.0.st_attn.sem_q_conv.weight	torch.Size([16, 64, 1, 1])	cuda:0	True
2024-02-25 11:28:29,984 - INFO - encoder_blocks.0.st_attn.sem_q_conv.bias	torch.Size([16])	cuda:0	True
2024-02-25 11:28:29,984 - INFO - encoder_blocks.0.st_attn.sem_k_conv.weight	torch.Size([16, 64, 1, 1])	cuda:0	True
2024-02-25 11:28:29,984 - INFO - encoder_blocks.0.st_attn.sem_k_conv.bias	torch.Size([16])	cuda:0	True
2024-02-25 11:28:29,984 - INFO - encoder_blocks.0.st_attn.sem_v_conv.weight	torch.Size([16, 64, 1, 1])	cuda:0	True
2024-02-25 11:28:29,984 - INFO - encoder_blocks.0.st_attn.sem_v_conv.bias	torch.Size([16])	cuda:0	True
2024-02-25 11:28:29,984 - INFO - encoder_blocks.0.st_attn.t_q_conv.weight	torch.Size([16, 64, 1, 1])	cuda:0	True
2024-02-25 11:28:29,984 - INFO - encoder_blocks.0.st_attn.t_q_conv.bias	torch.Size([16])	cuda:0	True
2024-02-25 11:28:29,984 - INFO - encoder_blocks.0.st_attn.t_k_conv.weight	torch.Size([16, 64, 1, 1])	cuda:0	True
2024-02-25 11:28:29,984 - INFO - encoder_blocks.0.st_attn.t_k_conv.bias	torch.Size([16])	cuda:0	True
2024-02-25 11:28:29,985 - INFO - encoder_blocks.0.st_attn.t_v_conv.weight	torch.Size([16, 64, 1, 1])	cuda:0	True
2024-02-25 11:28:29,985 - INFO - encoder_blocks.0.st_attn.t_v_conv.bias	torch.Size([16])	cuda:0	True
2024-02-25 11:28:29,985 - INFO - encoder_blocks.0.st_attn.proj.weight	torch.Size([64, 64])	cuda:0	True
2024-02-25 11:28:29,985 - INFO - encoder_blocks.0.st_attn.proj.bias	torch.Size([64])	cuda:0	True
2024-02-25 11:28:29,985 - INFO - encoder_blocks.0.st_attn.gconv.mlp.mlp.weight	torch.Size([32, 96, 1, 1])	cuda:0	True
2024-02-25 11:28:29,985 - INFO - encoder_blocks.0.st_attn.gconv.mlp.mlp.bias	torch.Size([32])	cuda:0	True
2024-02-25 11:28:29,985 - INFO - encoder_blocks.0.st_attn.reshape1.weight	torch.Size([32, 64])	cuda:0	True
2024-02-25 11:28:29,985 - INFO - encoder_blocks.0.st_attn.reshape1.bias	torch.Size([32])	cuda:0	True
2024-02-25 11:28:29,985 - INFO - encoder_blocks.0.st_attn.reshape2.weight	torch.Size([64, 32])	cuda:0	True
2024-02-25 11:28:29,985 - INFO - encoder_blocks.0.st_attn.reshape2.bias	torch.Size([64])	cuda:0	True
2024-02-25 11:28:29,985 - INFO - encoder_blocks.0.norm2.weight	torch.Size([64])	cuda:0	True
2024-02-25 11:28:29,985 - INFO - encoder_blocks.0.norm2.bias	torch.Size([64])	cuda:0	True
2024-02-25 11:28:29,986 - INFO - encoder_blocks.0.mlp.fc1.weight	torch.Size([256, 64])	cuda:0	True
2024-02-25 11:28:29,986 - INFO - encoder_blocks.0.mlp.fc1.bias	torch.Size([256])	cuda:0	True
2024-02-25 11:28:29,986 - INFO - encoder_blocks.0.mlp.fc2.weight	torch.Size([64, 256])	cuda:0	True
2024-02-25 11:28:29,986 - INFO - encoder_blocks.0.mlp.fc2.bias	torch.Size([64])	cuda:0	True
2024-02-25 11:28:29,986 - INFO - encoder_blocks.1.norm1.weight	torch.Size([64])	cuda:0	True
2024-02-25 11:28:29,986 - INFO - encoder_blocks.1.norm1.bias	torch.Size([64])	cuda:0	True
2024-02-25 11:28:29,986 - INFO - encoder_blocks.1.st_attn.nodevec_p1	torch.Size([288, 40])	cuda:0	True
2024-02-25 11:28:29,986 - INFO - encoder_blocks.1.st_attn.nodevec_p2	torch.Size([170, 40])	cuda:0	True
2024-02-25 11:28:29,986 - INFO - encoder_blocks.1.st_attn.nodevec_p3	torch.Size([170, 40])	cuda:0	True
2024-02-25 11:28:29,986 - INFO - encoder_blocks.1.st_attn.nodevec_pk	torch.Size([40, 40, 40])	cuda:0	True
2024-02-25 11:28:29,986 - INFO - encoder_blocks.1.st_attn.pattern_q_linears.0.weight	torch.Size([32, 64])	cuda:0	True
2024-02-25 11:28:29,987 - INFO - encoder_blocks.1.st_attn.pattern_q_linears.0.bias	torch.Size([32])	cuda:0	True
2024-02-25 11:28:29,987 - INFO - encoder_blocks.1.st_attn.pattern_k_linears.0.weight	torch.Size([32, 64])	cuda:0	True
2024-02-25 11:28:29,987 - INFO - encoder_blocks.1.st_attn.pattern_k_linears.0.bias	torch.Size([32])	cuda:0	True
2024-02-25 11:28:29,987 - INFO - encoder_blocks.1.st_attn.pattern_v_linears.0.weight	torch.Size([32, 64])	cuda:0	True
2024-02-25 11:28:29,987 - INFO - encoder_blocks.1.st_attn.pattern_v_linears.0.bias	torch.Size([32])	cuda:0	True
2024-02-25 11:28:29,987 - INFO - encoder_blocks.1.st_attn.geo_q_conv.weight	torch.Size([32, 64, 1, 1])	cuda:0	True
2024-02-25 11:28:29,987 - INFO - encoder_blocks.1.st_attn.geo_q_conv.bias	torch.Size([32])	cuda:0	True
2024-02-25 11:28:29,987 - INFO - encoder_blocks.1.st_attn.geo_k_conv.weight	torch.Size([32, 64, 1, 1])	cuda:0	True
2024-02-25 11:28:29,987 - INFO - encoder_blocks.1.st_attn.geo_k_conv.bias	torch.Size([32])	cuda:0	True
2024-02-25 11:28:29,987 - INFO - encoder_blocks.1.st_attn.geo_v_conv.weight	torch.Size([32, 64, 1, 1])	cuda:0	True
2024-02-25 11:28:29,987 - INFO - encoder_blocks.1.st_attn.geo_v_conv.bias	torch.Size([32])	cuda:0	True
2024-02-25 11:28:29,987 - INFO - encoder_blocks.1.st_attn.sem_q_conv.weight	torch.Size([16, 64, 1, 1])	cuda:0	True
2024-02-25 11:28:29,988 - INFO - encoder_blocks.1.st_attn.sem_q_conv.bias	torch.Size([16])	cuda:0	True
2024-02-25 11:28:29,988 - INFO - encoder_blocks.1.st_attn.sem_k_conv.weight	torch.Size([16, 64, 1, 1])	cuda:0	True
2024-02-25 11:28:29,988 - INFO - encoder_blocks.1.st_attn.sem_k_conv.bias	torch.Size([16])	cuda:0	True
2024-02-25 11:28:29,988 - INFO - encoder_blocks.1.st_attn.sem_v_conv.weight	torch.Size([16, 64, 1, 1])	cuda:0	True
2024-02-25 11:28:29,988 - INFO - encoder_blocks.1.st_attn.sem_v_conv.bias	torch.Size([16])	cuda:0	True
2024-02-25 11:28:29,988 - INFO - encoder_blocks.1.st_attn.t_q_conv.weight	torch.Size([16, 64, 1, 1])	cuda:0	True
2024-02-25 11:28:29,988 - INFO - encoder_blocks.1.st_attn.t_q_conv.bias	torch.Size([16])	cuda:0	True
2024-02-25 11:28:29,988 - INFO - encoder_blocks.1.st_attn.t_k_conv.weight	torch.Size([16, 64, 1, 1])	cuda:0	True
2024-02-25 11:28:29,988 - INFO - encoder_blocks.1.st_attn.t_k_conv.bias	torch.Size([16])	cuda:0	True
2024-02-25 11:28:29,988 - INFO - encoder_blocks.1.st_attn.t_v_conv.weight	torch.Size([16, 64, 1, 1])	cuda:0	True
2024-02-25 11:28:29,988 - INFO - encoder_blocks.1.st_attn.t_v_conv.bias	torch.Size([16])	cuda:0	True
2024-02-25 11:28:29,988 - INFO - encoder_blocks.1.st_attn.proj.weight	torch.Size([64, 64])	cuda:0	True
2024-02-25 11:28:29,989 - INFO - encoder_blocks.1.st_attn.proj.bias	torch.Size([64])	cuda:0	True
2024-02-25 11:28:29,989 - INFO - encoder_blocks.1.st_attn.gconv.mlp.mlp.weight	torch.Size([32, 96, 1, 1])	cuda:0	True
2024-02-25 11:28:29,989 - INFO - encoder_blocks.1.st_attn.gconv.mlp.mlp.bias	torch.Size([32])	cuda:0	True
2024-02-25 11:28:29,989 - INFO - encoder_blocks.1.st_attn.reshape1.weight	torch.Size([32, 64])	cuda:0	True
2024-02-25 11:28:29,989 - INFO - encoder_blocks.1.st_attn.reshape1.bias	torch.Size([32])	cuda:0	True
2024-02-25 11:28:29,989 - INFO - encoder_blocks.1.st_attn.reshape2.weight	torch.Size([64, 32])	cuda:0	True
2024-02-25 11:28:29,989 - INFO - encoder_blocks.1.st_attn.reshape2.bias	torch.Size([64])	cuda:0	True
2024-02-25 11:28:29,989 - INFO - encoder_blocks.1.norm2.weight	torch.Size([64])	cuda:0	True
2024-02-25 11:28:29,989 - INFO - encoder_blocks.1.norm2.bias	torch.Size([64])	cuda:0	True
2024-02-25 11:28:29,989 - INFO - encoder_blocks.1.mlp.fc1.weight	torch.Size([256, 64])	cuda:0	True
2024-02-25 11:28:29,990 - INFO - encoder_blocks.1.mlp.fc1.bias	torch.Size([256])	cuda:0	True
2024-02-25 11:28:29,990 - INFO - encoder_blocks.1.mlp.fc2.weight	torch.Size([64, 256])	cuda:0	True
2024-02-25 11:28:29,990 - INFO - encoder_blocks.1.mlp.fc2.bias	torch.Size([64])	cuda:0	True
2024-02-25 11:28:29,990 - INFO - encoder_blocks.2.norm1.weight	torch.Size([64])	cuda:0	True
2024-02-25 11:28:29,990 - INFO - encoder_blocks.2.norm1.bias	torch.Size([64])	cuda:0	True
2024-02-25 11:28:29,990 - INFO - encoder_blocks.2.st_attn.nodevec_p1	torch.Size([288, 40])	cuda:0	True
2024-02-25 11:28:29,990 - INFO - encoder_blocks.2.st_attn.nodevec_p2	torch.Size([170, 40])	cuda:0	True
2024-02-25 11:28:29,990 - INFO - encoder_blocks.2.st_attn.nodevec_p3	torch.Size([170, 40])	cuda:0	True
2024-02-25 11:28:29,990 - INFO - encoder_blocks.2.st_attn.nodevec_pk	torch.Size([40, 40, 40])	cuda:0	True
2024-02-25 11:28:29,990 - INFO - encoder_blocks.2.st_attn.pattern_q_linears.0.weight	torch.Size([32, 64])	cuda:0	True
2024-02-25 11:28:29,990 - INFO - encoder_blocks.2.st_attn.pattern_q_linears.0.bias	torch.Size([32])	cuda:0	True
2024-02-25 11:28:29,990 - INFO - encoder_blocks.2.st_attn.pattern_k_linears.0.weight	torch.Size([32, 64])	cuda:0	True
2024-02-25 11:28:29,991 - INFO - encoder_blocks.2.st_attn.pattern_k_linears.0.bias	torch.Size([32])	cuda:0	True
2024-02-25 11:28:29,991 - INFO - encoder_blocks.2.st_attn.pattern_v_linears.0.weight	torch.Size([32, 64])	cuda:0	True
2024-02-25 11:28:29,991 - INFO - encoder_blocks.2.st_attn.pattern_v_linears.0.bias	torch.Size([32])	cuda:0	True
2024-02-25 11:28:29,991 - INFO - encoder_blocks.2.st_attn.geo_q_conv.weight	torch.Size([32, 64, 1, 1])	cuda:0	True
2024-02-25 11:28:29,991 - INFO - encoder_blocks.2.st_attn.geo_q_conv.bias	torch.Size([32])	cuda:0	True
2024-02-25 11:28:29,991 - INFO - encoder_blocks.2.st_attn.geo_k_conv.weight	torch.Size([32, 64, 1, 1])	cuda:0	True
2024-02-25 11:28:29,991 - INFO - encoder_blocks.2.st_attn.geo_k_conv.bias	torch.Size([32])	cuda:0	True
2024-02-25 11:28:29,991 - INFO - encoder_blocks.2.st_attn.geo_v_conv.weight	torch.Size([32, 64, 1, 1])	cuda:0	True
2024-02-25 11:28:29,991 - INFO - encoder_blocks.2.st_attn.geo_v_conv.bias	torch.Size([32])	cuda:0	True
2024-02-25 11:28:29,991 - INFO - encoder_blocks.2.st_attn.sem_q_conv.weight	torch.Size([16, 64, 1, 1])	cuda:0	True
2024-02-25 11:28:29,991 - INFO - encoder_blocks.2.st_attn.sem_q_conv.bias	torch.Size([16])	cuda:0	True
2024-02-25 11:28:29,991 - INFO - encoder_blocks.2.st_attn.sem_k_conv.weight	torch.Size([16, 64, 1, 1])	cuda:0	True
2024-02-25 11:28:29,992 - INFO - encoder_blocks.2.st_attn.sem_k_conv.bias	torch.Size([16])	cuda:0	True
2024-02-25 11:28:29,992 - INFO - encoder_blocks.2.st_attn.sem_v_conv.weight	torch.Size([16, 64, 1, 1])	cuda:0	True
2024-02-25 11:28:29,992 - INFO - encoder_blocks.2.st_attn.sem_v_conv.bias	torch.Size([16])	cuda:0	True
2024-02-25 11:28:29,992 - INFO - encoder_blocks.2.st_attn.t_q_conv.weight	torch.Size([16, 64, 1, 1])	cuda:0	True
2024-02-25 11:28:29,992 - INFO - encoder_blocks.2.st_attn.t_q_conv.bias	torch.Size([16])	cuda:0	True
2024-02-25 11:28:29,992 - INFO - encoder_blocks.2.st_attn.t_k_conv.weight	torch.Size([16, 64, 1, 1])	cuda:0	True
2024-02-25 11:28:29,992 - INFO - encoder_blocks.2.st_attn.t_k_conv.bias	torch.Size([16])	cuda:0	True
2024-02-25 11:28:29,992 - INFO - encoder_blocks.2.st_attn.t_v_conv.weight	torch.Size([16, 64, 1, 1])	cuda:0	True
2024-02-25 11:28:29,992 - INFO - encoder_blocks.2.st_attn.t_v_conv.bias	torch.Size([16])	cuda:0	True
2024-02-25 11:28:29,992 - INFO - encoder_blocks.2.st_attn.proj.weight	torch.Size([64, 64])	cuda:0	True
2024-02-25 11:28:29,992 - INFO - encoder_blocks.2.st_attn.proj.bias	torch.Size([64])	cuda:0	True
2024-02-25 11:28:29,993 - INFO - encoder_blocks.2.st_attn.gconv.mlp.mlp.weight	torch.Size([32, 96, 1, 1])	cuda:0	True
2024-02-25 11:28:29,993 - INFO - encoder_blocks.2.st_attn.gconv.mlp.mlp.bias	torch.Size([32])	cuda:0	True
2024-02-25 11:28:29,993 - INFO - encoder_blocks.2.st_attn.reshape1.weight	torch.Size([32, 64])	cuda:0	True
2024-02-25 11:28:29,993 - INFO - encoder_blocks.2.st_attn.reshape1.bias	torch.Size([32])	cuda:0	True
2024-02-25 11:28:29,993 - INFO - encoder_blocks.2.st_attn.reshape2.weight	torch.Size([64, 32])	cuda:0	True
2024-02-25 11:28:29,993 - INFO - encoder_blocks.2.st_attn.reshape2.bias	torch.Size([64])	cuda:0	True
2024-02-25 11:28:29,993 - INFO - encoder_blocks.2.norm2.weight	torch.Size([64])	cuda:0	True
2024-02-25 11:28:29,993 - INFO - encoder_blocks.2.norm2.bias	torch.Size([64])	cuda:0	True
2024-02-25 11:28:29,993 - INFO - encoder_blocks.2.mlp.fc1.weight	torch.Size([256, 64])	cuda:0	True
2024-02-25 11:28:29,993 - INFO - encoder_blocks.2.mlp.fc1.bias	torch.Size([256])	cuda:0	True
2024-02-25 11:28:29,993 - INFO - encoder_blocks.2.mlp.fc2.weight	torch.Size([64, 256])	cuda:0	True
2024-02-25 11:28:29,994 - INFO - encoder_blocks.2.mlp.fc2.bias	torch.Size([64])	cuda:0	True
2024-02-25 11:28:29,994 - INFO - encoder_blocks.3.norm1.weight	torch.Size([64])	cuda:0	True
2024-02-25 11:28:29,994 - INFO - encoder_blocks.3.norm1.bias	torch.Size([64])	cuda:0	True
2024-02-25 11:28:29,994 - INFO - encoder_blocks.3.st_attn.nodevec_p1	torch.Size([288, 40])	cuda:0	True
2024-02-25 11:28:29,994 - INFO - encoder_blocks.3.st_attn.nodevec_p2	torch.Size([170, 40])	cuda:0	True
2024-02-25 11:28:29,994 - INFO - encoder_blocks.3.st_attn.nodevec_p3	torch.Size([170, 40])	cuda:0	True
2024-02-25 11:28:29,994 - INFO - encoder_blocks.3.st_attn.nodevec_pk	torch.Size([40, 40, 40])	cuda:0	True
2024-02-25 11:28:29,994 - INFO - encoder_blocks.3.st_attn.pattern_q_linears.0.weight	torch.Size([32, 64])	cuda:0	True
2024-02-25 11:28:29,994 - INFO - encoder_blocks.3.st_attn.pattern_q_linears.0.bias	torch.Size([32])	cuda:0	True
2024-02-25 11:28:29,994 - INFO - encoder_blocks.3.st_attn.pattern_k_linears.0.weight	torch.Size([32, 64])	cuda:0	True
2024-02-25 11:28:29,994 - INFO - encoder_blocks.3.st_attn.pattern_k_linears.0.bias	torch.Size([32])	cuda:0	True
2024-02-25 11:28:29,994 - INFO - encoder_blocks.3.st_attn.pattern_v_linears.0.weight	torch.Size([32, 64])	cuda:0	True
2024-02-25 11:28:29,995 - INFO - encoder_blocks.3.st_attn.pattern_v_linears.0.bias	torch.Size([32])	cuda:0	True
2024-02-25 11:28:29,995 - INFO - encoder_blocks.3.st_attn.geo_q_conv.weight	torch.Size([32, 64, 1, 1])	cuda:0	True
2024-02-25 11:28:29,995 - INFO - encoder_blocks.3.st_attn.geo_q_conv.bias	torch.Size([32])	cuda:0	True
2024-02-25 11:28:29,995 - INFO - encoder_blocks.3.st_attn.geo_k_conv.weight	torch.Size([32, 64, 1, 1])	cuda:0	True
2024-02-25 11:28:29,995 - INFO - encoder_blocks.3.st_attn.geo_k_conv.bias	torch.Size([32])	cuda:0	True
2024-02-25 11:28:29,995 - INFO - encoder_blocks.3.st_attn.geo_v_conv.weight	torch.Size([32, 64, 1, 1])	cuda:0	True
2024-02-25 11:28:29,995 - INFO - encoder_blocks.3.st_attn.geo_v_conv.bias	torch.Size([32])	cuda:0	True
2024-02-25 11:28:29,995 - INFO - encoder_blocks.3.st_attn.sem_q_conv.weight	torch.Size([16, 64, 1, 1])	cuda:0	True
2024-02-25 11:28:29,995 - INFO - encoder_blocks.3.st_attn.sem_q_conv.bias	torch.Size([16])	cuda:0	True
2024-02-25 11:28:29,995 - INFO - encoder_blocks.3.st_attn.sem_k_conv.weight	torch.Size([16, 64, 1, 1])	cuda:0	True
2024-02-25 11:28:29,995 - INFO - encoder_blocks.3.st_attn.sem_k_conv.bias	torch.Size([16])	cuda:0	True
2024-02-25 11:28:29,995 - INFO - encoder_blocks.3.st_attn.sem_v_conv.weight	torch.Size([16, 64, 1, 1])	cuda:0	True
2024-02-25 11:28:29,995 - INFO - encoder_blocks.3.st_attn.sem_v_conv.bias	torch.Size([16])	cuda:0	True
2024-02-25 11:28:29,996 - INFO - encoder_blocks.3.st_attn.t_q_conv.weight	torch.Size([16, 64, 1, 1])	cuda:0	True
2024-02-25 11:28:29,996 - INFO - encoder_blocks.3.st_attn.t_q_conv.bias	torch.Size([16])	cuda:0	True
2024-02-25 11:28:29,996 - INFO - encoder_blocks.3.st_attn.t_k_conv.weight	torch.Size([16, 64, 1, 1])	cuda:0	True
2024-02-25 11:28:29,996 - INFO - encoder_blocks.3.st_attn.t_k_conv.bias	torch.Size([16])	cuda:0	True
2024-02-25 11:28:29,996 - INFO - encoder_blocks.3.st_attn.t_v_conv.weight	torch.Size([16, 64, 1, 1])	cuda:0	True
2024-02-25 11:28:29,996 - INFO - encoder_blocks.3.st_attn.t_v_conv.bias	torch.Size([16])	cuda:0	True
2024-02-25 11:28:29,996 - INFO - encoder_blocks.3.st_attn.proj.weight	torch.Size([64, 64])	cuda:0	True
2024-02-25 11:28:29,996 - INFO - encoder_blocks.3.st_attn.proj.bias	torch.Size([64])	cuda:0	True
2024-02-25 11:28:29,996 - INFO - encoder_blocks.3.st_attn.gconv.mlp.mlp.weight	torch.Size([32, 96, 1, 1])	cuda:0	True
2024-02-25 11:28:29,996 - INFO - encoder_blocks.3.st_attn.gconv.mlp.mlp.bias	torch.Size([32])	cuda:0	True
2024-02-25 11:28:29,996 - INFO - encoder_blocks.3.st_attn.reshape1.weight	torch.Size([32, 64])	cuda:0	True
2024-02-25 11:28:29,996 - INFO - encoder_blocks.3.st_attn.reshape1.bias	torch.Size([32])	cuda:0	True
2024-02-25 11:28:29,997 - INFO - encoder_blocks.3.st_attn.reshape2.weight	torch.Size([64, 32])	cuda:0	True
2024-02-25 11:28:29,997 - INFO - encoder_blocks.3.st_attn.reshape2.bias	torch.Size([64])	cuda:0	True
2024-02-25 11:28:29,997 - INFO - encoder_blocks.3.norm2.weight	torch.Size([64])	cuda:0	True
2024-02-25 11:28:29,997 - INFO - encoder_blocks.3.norm2.bias	torch.Size([64])	cuda:0	True
2024-02-25 11:28:29,997 - INFO - encoder_blocks.3.mlp.fc1.weight	torch.Size([256, 64])	cuda:0	True
2024-02-25 11:28:29,997 - INFO - encoder_blocks.3.mlp.fc1.bias	torch.Size([256])	cuda:0	True
2024-02-25 11:28:29,997 - INFO - encoder_blocks.3.mlp.fc2.weight	torch.Size([64, 256])	cuda:0	True
2024-02-25 11:28:29,997 - INFO - encoder_blocks.3.mlp.fc2.bias	torch.Size([64])	cuda:0	True
2024-02-25 11:28:29,997 - INFO - encoder_blocks.4.norm1.weight	torch.Size([64])	cuda:0	True
2024-02-25 11:28:29,997 - INFO - encoder_blocks.4.norm1.bias	torch.Size([64])	cuda:0	True
2024-02-25 11:28:29,997 - INFO - encoder_blocks.4.st_attn.nodevec_p1	torch.Size([288, 40])	cuda:0	True
2024-02-25 11:28:29,998 - INFO - encoder_blocks.4.st_attn.nodevec_p2	torch.Size([170, 40])	cuda:0	True
2024-02-25 11:28:29,998 - INFO - encoder_blocks.4.st_attn.nodevec_p3	torch.Size([170, 40])	cuda:0	True
2024-02-25 11:28:29,998 - INFO - encoder_blocks.4.st_attn.nodevec_pk	torch.Size([40, 40, 40])	cuda:0	True
2024-02-25 11:28:29,998 - INFO - encoder_blocks.4.st_attn.pattern_q_linears.0.weight	torch.Size([32, 64])	cuda:0	True
2024-02-25 11:28:29,998 - INFO - encoder_blocks.4.st_attn.pattern_q_linears.0.bias	torch.Size([32])	cuda:0	True
2024-02-25 11:28:29,998 - INFO - encoder_blocks.4.st_attn.pattern_k_linears.0.weight	torch.Size([32, 64])	cuda:0	True
2024-02-25 11:28:29,998 - INFO - encoder_blocks.4.st_attn.pattern_k_linears.0.bias	torch.Size([32])	cuda:0	True
2024-02-25 11:28:29,998 - INFO - encoder_blocks.4.st_attn.pattern_v_linears.0.weight	torch.Size([32, 64])	cuda:0	True
2024-02-25 11:28:29,998 - INFO - encoder_blocks.4.st_attn.pattern_v_linears.0.bias	torch.Size([32])	cuda:0	True
2024-02-25 11:28:29,998 - INFO - encoder_blocks.4.st_attn.geo_q_conv.weight	torch.Size([32, 64, 1, 1])	cuda:0	True
2024-02-25 11:28:29,998 - INFO - encoder_blocks.4.st_attn.geo_q_conv.bias	torch.Size([32])	cuda:0	True
2024-02-25 11:28:29,999 - INFO - encoder_blocks.4.st_attn.geo_k_conv.weight	torch.Size([32, 64, 1, 1])	cuda:0	True
2024-02-25 11:28:29,999 - INFO - encoder_blocks.4.st_attn.geo_k_conv.bias	torch.Size([32])	cuda:0	True
2024-02-25 11:28:29,999 - INFO - encoder_blocks.4.st_attn.geo_v_conv.weight	torch.Size([32, 64, 1, 1])	cuda:0	True
2024-02-25 11:28:29,999 - INFO - encoder_blocks.4.st_attn.geo_v_conv.bias	torch.Size([32])	cuda:0	True
2024-02-25 11:28:29,999 - INFO - encoder_blocks.4.st_attn.sem_q_conv.weight	torch.Size([16, 64, 1, 1])	cuda:0	True
2024-02-25 11:28:29,999 - INFO - encoder_blocks.4.st_attn.sem_q_conv.bias	torch.Size([16])	cuda:0	True
2024-02-25 11:28:29,999 - INFO - encoder_blocks.4.st_attn.sem_k_conv.weight	torch.Size([16, 64, 1, 1])	cuda:0	True
2024-02-25 11:28:29,999 - INFO - encoder_blocks.4.st_attn.sem_k_conv.bias	torch.Size([16])	cuda:0	True
2024-02-25 11:28:29,999 - INFO - encoder_blocks.4.st_attn.sem_v_conv.weight	torch.Size([16, 64, 1, 1])	cuda:0	True
2024-02-25 11:28:29,999 - INFO - encoder_blocks.4.st_attn.sem_v_conv.bias	torch.Size([16])	cuda:0	True
2024-02-25 11:28:29,999 - INFO - encoder_blocks.4.st_attn.t_q_conv.weight	torch.Size([16, 64, 1, 1])	cuda:0	True
2024-02-25 11:28:29,999 - INFO - encoder_blocks.4.st_attn.t_q_conv.bias	torch.Size([16])	cuda:0	True
2024-02-25 11:28:30,000 - INFO - encoder_blocks.4.st_attn.t_k_conv.weight	torch.Size([16, 64, 1, 1])	cuda:0	True
2024-02-25 11:28:30,000 - INFO - encoder_blocks.4.st_attn.t_k_conv.bias	torch.Size([16])	cuda:0	True
2024-02-25 11:28:30,000 - INFO - encoder_blocks.4.st_attn.t_v_conv.weight	torch.Size([16, 64, 1, 1])	cuda:0	True
2024-02-25 11:28:30,000 - INFO - encoder_blocks.4.st_attn.t_v_conv.bias	torch.Size([16])	cuda:0	True
2024-02-25 11:28:30,000 - INFO - encoder_blocks.4.st_attn.proj.weight	torch.Size([64, 64])	cuda:0	True
2024-02-25 11:28:30,000 - INFO - encoder_blocks.4.st_attn.proj.bias	torch.Size([64])	cuda:0	True
2024-02-25 11:28:30,000 - INFO - encoder_blocks.4.st_attn.gconv.mlp.mlp.weight	torch.Size([32, 96, 1, 1])	cuda:0	True
2024-02-25 11:28:30,000 - INFO - encoder_blocks.4.st_attn.gconv.mlp.mlp.bias	torch.Size([32])	cuda:0	True
2024-02-25 11:28:30,000 - INFO - encoder_blocks.4.st_attn.reshape1.weight	torch.Size([32, 64])	cuda:0	True
2024-02-25 11:28:30,000 - INFO - encoder_blocks.4.st_attn.reshape1.bias	torch.Size([32])	cuda:0	True
2024-02-25 11:28:30,000 - INFO - encoder_blocks.4.st_attn.reshape2.weight	torch.Size([64, 32])	cuda:0	True
2024-02-25 11:28:30,000 - INFO - encoder_blocks.4.st_attn.reshape2.bias	torch.Size([64])	cuda:0	True
2024-02-25 11:28:30,001 - INFO - encoder_blocks.4.norm2.weight	torch.Size([64])	cuda:0	True
2024-02-25 11:28:30,001 - INFO - encoder_blocks.4.norm2.bias	torch.Size([64])	cuda:0	True
2024-02-25 11:28:30,001 - INFO - encoder_blocks.4.mlp.fc1.weight	torch.Size([256, 64])	cuda:0	True
2024-02-25 11:28:30,001 - INFO - encoder_blocks.4.mlp.fc1.bias	torch.Size([256])	cuda:0	True
2024-02-25 11:28:30,001 - INFO - encoder_blocks.4.mlp.fc2.weight	torch.Size([64, 256])	cuda:0	True
2024-02-25 11:28:30,001 - INFO - encoder_blocks.4.mlp.fc2.bias	torch.Size([64])	cuda:0	True
2024-02-25 11:28:30,001 - INFO - encoder_blocks.5.norm1.weight	torch.Size([64])	cuda:0	True
2024-02-25 11:28:30,001 - INFO - encoder_blocks.5.norm1.bias	torch.Size([64])	cuda:0	True
2024-02-25 11:28:30,001 - INFO - encoder_blocks.5.st_attn.nodevec_p1	torch.Size([288, 40])	cuda:0	True
2024-02-25 11:28:30,001 - INFO - encoder_blocks.5.st_attn.nodevec_p2	torch.Size([170, 40])	cuda:0	True
2024-02-25 11:28:30,001 - INFO - encoder_blocks.5.st_attn.nodevec_p3	torch.Size([170, 40])	cuda:0	True
2024-02-25 11:28:30,002 - INFO - encoder_blocks.5.st_attn.nodevec_pk	torch.Size([40, 40, 40])	cuda:0	True
2024-02-25 11:28:30,002 - INFO - encoder_blocks.5.st_attn.pattern_q_linears.0.weight	torch.Size([32, 64])	cuda:0	True
2024-02-25 11:28:30,002 - INFO - encoder_blocks.5.st_attn.pattern_q_linears.0.bias	torch.Size([32])	cuda:0	True
2024-02-25 11:28:30,002 - INFO - encoder_blocks.5.st_attn.pattern_k_linears.0.weight	torch.Size([32, 64])	cuda:0	True
2024-02-25 11:28:30,002 - INFO - encoder_blocks.5.st_attn.pattern_k_linears.0.bias	torch.Size([32])	cuda:0	True
2024-02-25 11:28:30,002 - INFO - encoder_blocks.5.st_attn.pattern_v_linears.0.weight	torch.Size([32, 64])	cuda:0	True
2024-02-25 11:28:30,002 - INFO - encoder_blocks.5.st_attn.pattern_v_linears.0.bias	torch.Size([32])	cuda:0	True
2024-02-25 11:28:30,002 - INFO - encoder_blocks.5.st_attn.geo_q_conv.weight	torch.Size([32, 64, 1, 1])	cuda:0	True
2024-02-25 11:28:30,002 - INFO - encoder_blocks.5.st_attn.geo_q_conv.bias	torch.Size([32])	cuda:0	True
2024-02-25 11:28:30,002 - INFO - encoder_blocks.5.st_attn.geo_k_conv.weight	torch.Size([32, 64, 1, 1])	cuda:0	True
2024-02-25 11:28:30,002 - INFO - encoder_blocks.5.st_attn.geo_k_conv.bias	torch.Size([32])	cuda:0	True
2024-02-25 11:28:30,002 - INFO - encoder_blocks.5.st_attn.geo_v_conv.weight	torch.Size([32, 64, 1, 1])	cuda:0	True
2024-02-25 11:28:30,003 - INFO - encoder_blocks.5.st_attn.geo_v_conv.bias	torch.Size([32])	cuda:0	True
2024-02-25 11:28:30,003 - INFO - encoder_blocks.5.st_attn.sem_q_conv.weight	torch.Size([16, 64, 1, 1])	cuda:0	True
2024-02-25 11:28:30,003 - INFO - encoder_blocks.5.st_attn.sem_q_conv.bias	torch.Size([16])	cuda:0	True
2024-02-25 11:28:30,003 - INFO - encoder_blocks.5.st_attn.sem_k_conv.weight	torch.Size([16, 64, 1, 1])	cuda:0	True
2024-02-25 11:28:30,003 - INFO - encoder_blocks.5.st_attn.sem_k_conv.bias	torch.Size([16])	cuda:0	True
2024-02-25 11:28:30,003 - INFO - encoder_blocks.5.st_attn.sem_v_conv.weight	torch.Size([16, 64, 1, 1])	cuda:0	True
2024-02-25 11:28:30,003 - INFO - encoder_blocks.5.st_attn.sem_v_conv.bias	torch.Size([16])	cuda:0	True
2024-02-25 11:28:30,003 - INFO - encoder_blocks.5.st_attn.t_q_conv.weight	torch.Size([16, 64, 1, 1])	cuda:0	True
2024-02-25 11:28:30,003 - INFO - encoder_blocks.5.st_attn.t_q_conv.bias	torch.Size([16])	cuda:0	True
2024-02-25 11:28:30,003 - INFO - encoder_blocks.5.st_attn.t_k_conv.weight	torch.Size([16, 64, 1, 1])	cuda:0	True
2024-02-25 11:28:30,003 - INFO - encoder_blocks.5.st_attn.t_k_conv.bias	torch.Size([16])	cuda:0	True
2024-02-25 11:28:30,004 - INFO - encoder_blocks.5.st_attn.t_v_conv.weight	torch.Size([16, 64, 1, 1])	cuda:0	True
2024-02-25 11:28:30,004 - INFO - encoder_blocks.5.st_attn.t_v_conv.bias	torch.Size([16])	cuda:0	True
2024-02-25 11:28:30,004 - INFO - encoder_blocks.5.st_attn.proj.weight	torch.Size([64, 64])	cuda:0	True
2024-02-25 11:28:30,004 - INFO - encoder_blocks.5.st_attn.proj.bias	torch.Size([64])	cuda:0	True
2024-02-25 11:28:30,004 - INFO - encoder_blocks.5.st_attn.gconv.mlp.mlp.weight	torch.Size([32, 96, 1, 1])	cuda:0	True
2024-02-25 11:28:30,004 - INFO - encoder_blocks.5.st_attn.gconv.mlp.mlp.bias	torch.Size([32])	cuda:0	True
2024-02-25 11:28:30,004 - INFO - encoder_blocks.5.st_attn.reshape1.weight	torch.Size([32, 64])	cuda:0	True
2024-02-25 11:28:30,004 - INFO - encoder_blocks.5.st_attn.reshape1.bias	torch.Size([32])	cuda:0	True
2024-02-25 11:28:30,004 - INFO - encoder_blocks.5.st_attn.reshape2.weight	torch.Size([64, 32])	cuda:0	True
2024-02-25 11:28:30,004 - INFO - encoder_blocks.5.st_attn.reshape2.bias	torch.Size([64])	cuda:0	True
2024-02-25 11:28:30,004 - INFO - encoder_blocks.5.norm2.weight	torch.Size([64])	cuda:0	True
2024-02-25 11:28:30,004 - INFO - encoder_blocks.5.norm2.bias	torch.Size([64])	cuda:0	True
2024-02-25 11:28:30,005 - INFO - encoder_blocks.5.mlp.fc1.weight	torch.Size([256, 64])	cuda:0	True
2024-02-25 11:28:30,005 - INFO - encoder_blocks.5.mlp.fc1.bias	torch.Size([256])	cuda:0	True
2024-02-25 11:28:30,005 - INFO - encoder_blocks.5.mlp.fc2.weight	torch.Size([64, 256])	cuda:0	True
2024-02-25 11:28:30,005 - INFO - encoder_blocks.5.mlp.fc2.bias	torch.Size([64])	cuda:0	True
2024-02-25 11:28:30,005 - INFO - skip_convs.0.weight	torch.Size([256, 64, 1, 1])	cuda:0	True
2024-02-25 11:28:30,005 - INFO - skip_convs.0.bias	torch.Size([256])	cuda:0	True
2024-02-25 11:28:30,005 - INFO - skip_convs.1.weight	torch.Size([256, 64, 1, 1])	cuda:0	True
2024-02-25 11:28:30,005 - INFO - skip_convs.1.bias	torch.Size([256])	cuda:0	True
2024-02-25 11:28:30,005 - INFO - skip_convs.2.weight	torch.Size([256, 64, 1, 1])	cuda:0	True
2024-02-25 11:28:30,005 - INFO - skip_convs.2.bias	torch.Size([256])	cuda:0	True
2024-02-25 11:28:30,005 - INFO - skip_convs.3.weight	torch.Size([256, 64, 1, 1])	cuda:0	True
2024-02-25 11:28:30,005 - INFO - skip_convs.3.bias	torch.Size([256])	cuda:0	True
2024-02-25 11:28:30,006 - INFO - skip_convs.4.weight	torch.Size([256, 64, 1, 1])	cuda:0	True
2024-02-25 11:28:30,006 - INFO - skip_convs.4.bias	torch.Size([256])	cuda:0	True
2024-02-25 11:28:30,006 - INFO - skip_convs.5.weight	torch.Size([256, 64, 1, 1])	cuda:0	True
2024-02-25 11:28:30,006 - INFO - skip_convs.5.bias	torch.Size([256])	cuda:0	True
2024-02-25 11:28:30,006 - INFO - end_conv1.weight	torch.Size([12, 12, 1, 1])	cuda:0	True
2024-02-25 11:28:30,006 - INFO - end_conv1.bias	torch.Size([12])	cuda:0	True
2024-02-25 11:28:30,006 - INFO - end_conv2.weight	torch.Size([1, 256, 1, 1])	cuda:0	True
2024-02-25 11:28:30,006 - INFO - end_conv2.bias	torch.Size([1])	cuda:0	True
2024-02-25 11:28:30,008 - INFO - Total parameter numbers: 1131549
2024-02-25 11:28:30,013 - INFO - You select `adamw` optimizer.
2024-02-25 11:28:30,015 - INFO - You select `cosinelr` lr_scheduler.
2024-02-25 11:28:30,015 - WARNING - Received none train loss func and will use the loss func defined in the model.
2024-02-25 11:28:30,019 - INFO - Number of isolated points: 0
2024-02-25 11:28:30,058 - INFO - Start training ...
2024-02-25 11:28:30,058 - INFO - num_batches:669
2024-02-25 11:28:30,273 - INFO - Training: task_level increase from 0 to 1
2024-02-25 11:28:30,274 - INFO - Current batches_seen is 0
2024-02-25 11:33:10,051 - INFO - epoch complete!
2024-02-25 11:33:10,052 - INFO - evaluating now!
2024-02-25 11:33:32,127 - INFO - Epoch [0/300] (669) train_loss: 236.2056, val_loss: 239.0932, lr: 0.000201, 302.07s
2024-02-25 11:33:32,255 - INFO - Saved model at 0
2024-02-25 11:33:32,256 - INFO - Val loss decrease from inf to 239.0932, saving to ./libcity/cache/72018/model_cache/PDFormer_PeMS08_epoch0.tar
2024-02-25 11:38:13,074 - INFO - epoch complete!
2024-02-25 11:38:13,075 - INFO - evaluating now!
2024-02-25 11:38:34,914 - INFO - Epoch [1/300] (1338) train_loss: 49.7796, val_loss: 201.2879, lr: 0.000401, 302.66s
2024-02-25 11:38:35,040 - INFO - Saved model at 1
2024-02-25 11:38:35,041 - INFO - Val loss decrease from 239.0932 to 201.2879, saving to ./libcity/cache/72018/model_cache/PDFormer_PeMS08_epoch1.tar
2024-02-25 11:43:17,702 - INFO - epoch complete!
2024-02-25 11:43:17,703 - INFO - evaluating now!
2024-02-25 11:43:39,939 - INFO - Epoch [2/300] (2007) train_loss: 34.8313, val_loss: 202.5996, lr: 0.000600, 304.90s
2024-02-25 11:48:22,759 - INFO - epoch complete!
2024-02-25 11:48:22,760 - INFO - evaluating now!
2024-02-25 11:48:45,106 - INFO - Epoch [3/300] (2676) train_loss: 32.2314, val_loss: 205.4595, lr: 0.000800, 305.17s
2024-02-25 11:49:11,454 - INFO - Training: task_level increase from 1 to 2
2024-02-25 11:49:11,454 - INFO - Current batches_seen is 2776
2024-02-25 11:51:19,963 - INFO - epoch complete!
2024-02-25 11:51:19,964 - INFO - evaluating now!
2024-02-25 11:51:32,749 - INFO - Epoch [4/300] (3345) train_loss: 36.3222, val_loss: 190.5608, lr: 0.000999, 167.64s
2024-02-25 11:51:32,876 - INFO - Saved model at 4
2024-02-25 11:51:32,876 - INFO - Val loss decrease from 201.2879 to 190.5608, saving to ./libcity/cache/72018/model_cache/PDFormer_PeMS08_epoch4.tar
2024-02-25 11:54:06,667 - INFO - epoch complete!
2024-02-25 11:54:06,668 - INFO - evaluating now!
2024-02-25 11:54:19,186 - INFO - Epoch [5/300] (4014) train_loss: 31.3909, val_loss: 192.3570, lr: 0.000999, 166.31s
2024-02-25 11:57:46,821 - INFO - epoch complete!
2024-02-25 11:57:46,821 - INFO - evaluating now!
2024-02-25 11:58:08,725 - INFO - Epoch [6/300] (4683) train_loss: 30.5586, val_loss: 193.1618, lr: 0.000999, 229.54s
2024-02-25 12:02:50,432 - INFO - epoch complete!
2024-02-25 12:02:50,433 - INFO - evaluating now!
2024-02-25 12:03:12,453 - INFO - Epoch [7/300] (5352) train_loss: 30.3950, val_loss: 194.3518, lr: 0.000998, 303.73s
2024-02-25 12:04:37,771 - INFO - Training: task_level increase from 2 to 3
2024-02-25 12:04:37,772 - INFO - Current batches_seen is 5552
2024-02-25 12:07:54,764 - INFO - epoch complete!
2024-02-25 12:07:54,765 - INFO - evaluating now!
2024-02-25 12:08:16,908 - INFO - Epoch [8/300] (6021) train_loss: 32.7081, val_loss: 179.8238, lr: 0.000998, 304.45s
2024-02-25 12:08:17,034 - INFO - Saved model at 8
2024-02-25 12:08:17,035 - INFO - Val loss decrease from 190.5608 to 179.8238, saving to ./libcity/cache/72018/model_cache/PDFormer_PeMS08_epoch8.tar
2024-02-25 12:12:58,056 - INFO - epoch complete!
2024-02-25 12:12:58,057 - INFO - evaluating now!
2024-02-25 12:13:20,003 - INFO - Epoch [9/300] (6690) train_loss: 30.5465, val_loss: 177.7945, lr: 0.000998, 302.97s
2024-02-25 12:13:20,126 - INFO - Saved model at 9
2024-02-25 12:13:20,127 - INFO - Val loss decrease from 179.8238 to 177.7945, saving to ./libcity/cache/72018/model_cache/PDFormer_PeMS08_epoch9.tar
2024-02-25 12:18:00,896 - INFO - epoch complete!
2024-02-25 12:18:00,896 - INFO - evaluating now!
2024-02-25 12:18:22,739 - INFO - Epoch [10/300] (7359) train_loss: 29.8841, val_loss: 178.5239, lr: 0.000997, 302.61s
2024-02-25 12:23:02,527 - INFO - epoch complete!
2024-02-25 12:23:02,528 - INFO - evaluating now!
2024-02-25 12:23:24,350 - INFO - Epoch [11/300] (8028) train_loss: 29.8511, val_loss: 179.3304, lr: 0.000996, 301.61s
2024-02-25 12:25:28,769 - INFO - Training: task_level increase from 3 to 4
2024-02-25 12:25:28,769 - INFO - Current batches_seen is 8328
2024-02-25 12:28:04,526 - INFO - epoch complete!
2024-02-25 12:28:04,527 - INFO - evaluating now!
2024-02-25 12:28:26,390 - INFO - Epoch [12/300] (8697) train_loss: 31.2296, val_loss: 161.7417, lr: 0.000996, 302.04s
2024-02-25 12:28:26,510 - INFO - Saved model at 12
2024-02-25 12:28:26,510 - INFO - Val loss decrease from 177.7945 to 161.7417, saving to ./libcity/cache/72018/model_cache/PDFormer_PeMS08_epoch12.tar
2024-02-25 12:33:06,300 - INFO - epoch complete!
2024-02-25 12:33:06,301 - INFO - evaluating now!
2024-02-25 12:33:28,191 - INFO - Epoch [13/300] (9366) train_loss: 29.9744, val_loss: 162.3302, lr: 0.000995, 301.68s
2024-02-25 12:38:09,024 - INFO - epoch complete!
2024-02-25 12:38:09,025 - INFO - evaluating now!
2024-02-25 12:38:31,070 - INFO - Epoch [14/300] (10035) train_loss: 30.1434, val_loss: 163.9613, lr: 0.000994, 302.88s
2024-02-25 12:43:13,690 - INFO - epoch complete!
2024-02-25 12:43:13,691 - INFO - evaluating now!
2024-02-25 12:43:35,631 - INFO - Epoch [15/300] (10704) train_loss: 29.5880, val_loss: 162.1797, lr: 0.000994, 304.56s
2024-02-25 12:46:22,639 - INFO - Training: task_level increase from 4 to 5
2024-02-25 12:46:22,640 - INFO - Current batches_seen is 11104
2024-02-25 12:48:16,551 - INFO - epoch complete!
2024-02-25 12:48:16,552 - INFO - evaluating now!
2024-02-25 12:48:38,552 - INFO - Epoch [16/300] (11373) train_loss: 30.1680, val_loss: 144.7242, lr: 0.000993, 302.92s
2024-02-25 12:48:38,676 - INFO - Saved model at 16
2024-02-25 12:48:38,677 - INFO - Val loss decrease from 161.7417 to 144.7242, saving to ./libcity/cache/72018/model_cache/PDFormer_PeMS08_epoch16.tar
2024-02-25 12:53:17,196 - INFO - epoch complete!
2024-02-25 12:53:17,197 - INFO - evaluating now!
2024-02-25 12:53:39,205 - INFO - Epoch [17/300] (12042) train_loss: 30.5024, val_loss: 145.8457, lr: 0.000992, 300.53s
2024-02-25 12:58:19,993 - INFO - epoch complete!
2024-02-25 12:58:19,994 - INFO - evaluating now!
2024-02-25 12:58:41,907 - INFO - Epoch [18/300] (12711) train_loss: 29.8220, val_loss: 145.7987, lr: 0.000991, 302.70s
2024-02-25 13:03:26,040 - INFO - epoch complete!
2024-02-25 13:03:26,041 - INFO - evaluating now!
2024-02-25 13:03:48,130 - INFO - Epoch [19/300] (13380) train_loss: 29.6162, val_loss: 145.9531, lr: 0.000990, 306.22s
2024-02-25 13:07:19,139 - INFO - Training: task_level increase from 5 to 6
2024-02-25 13:07:19,139 - INFO - Current batches_seen is 13880
2024-02-25 13:08:31,532 - INFO - epoch complete!
2024-02-25 13:08:31,532 - INFO - evaluating now!
2024-02-25 13:08:53,568 - INFO - Epoch [20/300] (14049) train_loss: 29.7572, val_loss: 129.2723, lr: 0.000989, 305.44s
2024-02-25 13:08:53,695 - INFO - Saved model at 20
2024-02-25 13:08:53,696 - INFO - Val loss decrease from 144.7242 to 129.2723, saving to ./libcity/cache/72018/model_cache/PDFormer_PeMS08_epoch20.tar
2024-02-25 13:13:32,547 - INFO - epoch complete!
2024-02-25 13:13:32,548 - INFO - evaluating now!
2024-02-25 13:13:54,509 - INFO - Epoch [21/300] (14718) train_loss: 29.8484, val_loss: 129.4362, lr: 0.000988, 300.81s
2024-02-25 13:18:35,021 - INFO - epoch complete!
2024-02-25 13:18:35,022 - INFO - evaluating now!
2024-02-25 13:18:57,217 - INFO - Epoch [22/300] (15387) train_loss: 29.2928, val_loss: 128.8246, lr: 0.000987, 302.71s
2024-02-25 13:18:57,338 - INFO - Saved model at 22
2024-02-25 13:18:57,339 - INFO - Val loss decrease from 129.2723 to 128.8246, saving to ./libcity/cache/72018/model_cache/PDFormer_PeMS08_epoch22.tar
2024-02-25 13:23:35,851 - INFO - epoch complete!
2024-02-25 13:23:35,852 - INFO - evaluating now!
2024-02-25 13:23:57,766 - INFO - Epoch [23/300] (16056) train_loss: 29.1929, val_loss: 129.0028, lr: 0.000986, 300.43s
2024-02-25 13:28:09,154 - INFO - Training: task_level increase from 6 to 7
2024-02-25 13:28:09,155 - INFO - Current batches_seen is 16656
2024-02-25 13:28:38,322 - INFO - epoch complete!
2024-02-25 13:28:38,323 - INFO - evaluating now!
2024-02-25 13:29:00,908 - INFO - Epoch [24/300] (16725) train_loss: 29.3607, val_loss: 114.7491, lr: 0.000985, 303.14s
2024-02-25 13:29:01,036 - INFO - Saved model at 24
2024-02-25 13:29:01,037 - INFO - Val loss decrease from 128.8246 to 114.7491, saving to ./libcity/cache/72018/model_cache/PDFormer_PeMS08_epoch24.tar
2024-02-25 13:33:45,517 - INFO - epoch complete!
2024-02-25 13:33:45,517 - INFO - evaluating now!
2024-02-25 13:34:07,791 - INFO - Epoch [25/300] (17394) train_loss: 29.4770, val_loss: 113.9804, lr: 0.000983, 306.75s
2024-02-25 13:34:07,913 - INFO - Saved model at 25
2024-02-25 13:34:07,914 - INFO - Val loss decrease from 114.7491 to 113.9804, saving to ./libcity/cache/72018/model_cache/PDFormer_PeMS08_epoch25.tar
2024-02-25 13:38:50,699 - INFO - epoch complete!
2024-02-25 13:38:50,700 - INFO - evaluating now!
2024-02-25 13:39:12,811 - INFO - Epoch [26/300] (18063) train_loss: 29.2024, val_loss: 114.5684, lr: 0.000982, 304.90s
2024-02-25 13:43:53,760 - INFO - epoch complete!
2024-02-25 13:43:53,761 - INFO - evaluating now!
2024-02-25 13:44:16,225 - INFO - Epoch [27/300] (18732) train_loss: 29.0996, val_loss: 114.1832, lr: 0.000981, 303.41s
2024-02-25 13:48:57,215 - INFO - epoch complete!
2024-02-25 13:48:57,216 - INFO - evaluating now!
2024-02-25 13:49:19,310 - INFO - Epoch [28/300] (19401) train_loss: 28.7586, val_loss: 113.8338, lr: 0.000979, 303.08s
2024-02-25 13:49:19,437 - INFO - Saved model at 28
2024-02-25 13:49:19,438 - INFO - Val loss decrease from 113.9804 to 113.8338, saving to ./libcity/cache/72018/model_cache/PDFormer_PeMS08_epoch28.tar
2024-02-25 13:49:32,920 - INFO - Training: task_level increase from 7 to 8
2024-02-25 13:49:32,920 - INFO - Current batches_seen is 19432
2024-02-25 13:53:59,763 - INFO - epoch complete!
2024-02-25 13:53:59,763 - INFO - evaluating now!
2024-02-25 13:54:21,635 - INFO - Epoch [29/300] (20070) train_loss: 30.1970, val_loss: 97.2975, lr: 0.000978, 302.20s
2024-02-25 13:54:21,761 - INFO - Saved model at 29
2024-02-25 13:54:21,761 - INFO - Val loss decrease from 113.8338 to 97.2975, saving to ./libcity/cache/72018/model_cache/PDFormer_PeMS08_epoch29.tar
2024-02-25 13:59:01,511 - INFO - epoch complete!
2024-02-25 13:59:01,512 - INFO - evaluating now!
2024-02-25 13:59:23,340 - INFO - Epoch [30/300] (20739) train_loss: 29.3191, val_loss: 96.7290, lr: 0.000976, 301.58s
2024-02-25 13:59:23,468 - INFO - Saved model at 30
2024-02-25 13:59:23,469 - INFO - Val loss decrease from 97.2975 to 96.7290, saving to ./libcity/cache/72018/model_cache/PDFormer_PeMS08_epoch30.tar
2024-02-25 14:04:01,034 - INFO - epoch complete!
2024-02-25 14:04:01,035 - INFO - evaluating now!
2024-02-25 14:04:23,505 - INFO - Epoch [31/300] (21408) train_loss: 29.2319, val_loss: 97.2027, lr: 0.000975, 300.04s
2024-02-25 14:09:03,248 - INFO - epoch complete!
2024-02-25 14:09:03,249 - INFO - evaluating now!
2024-02-25 14:09:25,649 - INFO - Epoch [32/300] (22077) train_loss: 28.9932, val_loss: 96.4384, lr: 0.000973, 302.14s
2024-02-25 14:09:25,799 - INFO - Saved model at 32
2024-02-25 14:09:25,800 - INFO - Val loss decrease from 96.7290 to 96.4384, saving to ./libcity/cache/72018/model_cache/PDFormer_PeMS08_epoch32.tar
2024-02-25 14:10:20,226 - INFO - Training: task_level increase from 8 to 9
2024-02-25 14:10:20,226 - INFO - Current batches_seen is 22208
2024-02-25 14:14:06,204 - INFO - epoch complete!
2024-02-25 14:14:06,204 - INFO - evaluating now!
2024-02-25 14:14:28,527 - INFO - Epoch [33/300] (22746) train_loss: 29.6962, val_loss: 79.3116, lr: 0.000972, 302.73s
2024-02-25 14:14:28,655 - INFO - Saved model at 33
2024-02-25 14:14:28,656 - INFO - Val loss decrease from 96.4384 to 79.3116, saving to ./libcity/cache/72018/model_cache/PDFormer_PeMS08_epoch33.tar
2024-02-25 14:19:12,732 - INFO - epoch complete!
2024-02-25 14:19:12,733 - INFO - evaluating now!
2024-02-25 14:19:34,727 - INFO - Epoch [34/300] (23415) train_loss: 28.8937, val_loss: 81.2844, lr: 0.000970, 306.07s
2024-02-25 14:24:13,932 - INFO - epoch complete!
2024-02-25 14:24:13,933 - INFO - evaluating now!
2024-02-25 14:24:36,037 - INFO - Epoch [35/300] (24084) train_loss: 28.7922, val_loss: 80.2226, lr: 0.000968, 301.31s
2024-02-25 14:29:16,233 - INFO - epoch complete!
2024-02-25 14:29:16,234 - INFO - evaluating now!
2024-02-25 14:29:38,310 - INFO - Epoch [36/300] (24753) train_loss: 28.2583, val_loss: 79.4004, lr: 0.000967, 302.27s
2024-02-25 14:31:13,436 - INFO - Training: task_level increase from 9 to 10
2024-02-25 14:31:13,436 - INFO - Current batches_seen is 24984
2024-02-25 14:34:17,856 - INFO - epoch complete!
2024-02-25 14:34:17,857 - INFO - evaluating now!
2024-02-25 14:34:39,731 - INFO - Epoch [37/300] (25422) train_loss: 29.1380, val_loss: 62.8810, lr: 0.000965, 301.42s
2024-02-25 14:34:39,855 - INFO - Saved model at 37
2024-02-25 14:34:39,856 - INFO - Val loss decrease from 79.3116 to 62.8810, saving to ./libcity/cache/72018/model_cache/PDFormer_PeMS08_epoch37.tar
2024-02-25 14:39:19,795 - INFO - epoch complete!
2024-02-25 14:39:19,795 - INFO - evaluating now!
2024-02-25 14:39:41,666 - INFO - Epoch [38/300] (26091) train_loss: 29.0164, val_loss: 62.1729, lr: 0.000963, 301.81s
2024-02-25 14:39:41,792 - INFO - Saved model at 38
2024-02-25 14:39:41,793 - INFO - Val loss decrease from 62.8810 to 62.1729, saving to ./libcity/cache/72018/model_cache/PDFormer_PeMS08_epoch38.tar
2024-02-25 14:44:19,637 - INFO - epoch complete!
2024-02-25 14:44:19,638 - INFO - evaluating now!
2024-02-25 14:44:41,579 - INFO - Epoch [39/300] (26760) train_loss: 28.5388, val_loss: 61.6955, lr: 0.000961, 299.79s
2024-02-25 14:44:41,704 - INFO - Saved model at 39
2024-02-25 14:44:41,705 - INFO - Val loss decrease from 62.1729 to 61.6955, saving to ./libcity/cache/72018/model_cache/PDFormer_PeMS08_epoch39.tar
2024-02-25 14:49:21,588 - INFO - epoch complete!
2024-02-25 14:49:21,589 - INFO - evaluating now!
2024-02-25 14:49:43,560 - INFO - Epoch [40/300] (27429) train_loss: 28.7099, val_loss: 62.4371, lr: 0.000959, 301.85s
2024-02-25 14:52:01,431 - INFO - Training: task_level increase from 10 to 11
2024-02-25 14:52:01,432 - INFO - Current batches_seen is 27760
2024-02-25 14:54:22,007 - INFO - epoch complete!
2024-02-25 14:54:22,008 - INFO - evaluating now!
2024-02-25 14:54:43,986 - INFO - Epoch [41/300] (28098) train_loss: 29.1788, val_loss: 46.4319, lr: 0.000957, 300.43s
2024-02-25 14:54:44,111 - INFO - Saved model at 41
2024-02-25 14:54:44,112 - INFO - Val loss decrease from 61.6955 to 46.4319, saving to ./libcity/cache/72018/model_cache/PDFormer_PeMS08_epoch41.tar
2024-02-25 14:59:26,424 - INFO - epoch complete!
2024-02-25 14:59:26,425 - INFO - evaluating now!
2024-02-25 14:59:48,700 - INFO - Epoch [42/300] (28767) train_loss: 28.9565, val_loss: 46.5651, lr: 0.000955, 304.59s
2024-02-25 15:04:32,262 - INFO - epoch complete!
2024-02-25 15:04:32,263 - INFO - evaluating now!
2024-02-25 15:04:54,261 - INFO - Epoch [43/300] (29436) train_loss: 28.7203, val_loss: 45.5262, lr: 0.000953, 305.56s
2024-02-25 15:04:54,390 - INFO - Saved model at 43
2024-02-25 15:04:54,391 - INFO - Val loss decrease from 46.4319 to 45.5262, saving to ./libcity/cache/72018/model_cache/PDFormer_PeMS08_epoch43.tar
2024-02-25 15:09:33,968 - INFO - epoch complete!
2024-02-25 15:09:33,969 - INFO - evaluating now!
2024-02-25 15:09:55,946 - INFO - Epoch [44/300] (30105) train_loss: 28.5424, val_loss: 47.1834, lr: 0.000951, 301.55s
2024-02-25 15:12:56,324 - INFO - Training: task_level increase from 11 to 12
2024-02-25 15:12:56,325 - INFO - Current batches_seen is 30536
2024-02-25 15:14:35,336 - INFO - epoch complete!
2024-02-25 15:14:35,337 - INFO - evaluating now!
2024-02-25 15:14:57,427 - INFO - Epoch [45/300] (30774) train_loss: 28.6638, val_loss: 30.6410, lr: 0.000949, 301.48s
2024-02-25 15:14:57,578 - INFO - Saved model at 45
2024-02-25 15:14:57,579 - INFO - Val loss decrease from 45.5262 to 30.6410, saving to ./libcity/cache/72018/model_cache/PDFormer_PeMS08_epoch45.tar
2024-02-25 15:19:36,026 - INFO - epoch complete!
2024-02-25 15:19:36,027 - INFO - evaluating now!
2024-02-25 15:19:58,128 - INFO - Epoch [46/300] (31443) train_loss: 28.7192, val_loss: 29.1249, lr: 0.000947, 300.55s
2024-02-25 15:19:58,258 - INFO - Saved model at 46
2024-02-25 15:19:58,259 - INFO - Val loss decrease from 30.6410 to 29.1249, saving to ./libcity/cache/72018/model_cache/PDFormer_PeMS08_epoch46.tar
2024-02-25 15:24:37,114 - INFO - epoch complete!
2024-02-25 15:24:37,115 - INFO - evaluating now!
2024-02-25 15:24:59,209 - INFO - Epoch [47/300] (32112) train_loss: 28.7029, val_loss: 28.1753, lr: 0.000944, 300.95s
2024-02-25 15:24:59,338 - INFO - Saved model at 47
2024-02-25 15:24:59,339 - INFO - Val loss decrease from 29.1249 to 28.1753, saving to ./libcity/cache/72018/model_cache/PDFormer_PeMS08_epoch47.tar
2024-02-25 15:29:37,633 - INFO - epoch complete!
2024-02-25 15:29:37,634 - INFO - evaluating now!
2024-02-25 15:29:59,562 - INFO - Epoch [48/300] (32781) train_loss: 28.5091, val_loss: 28.4485, lr: 0.000942, 300.22s
2024-02-25 15:34:36,758 - INFO - epoch complete!
2024-02-25 15:34:36,759 - INFO - evaluating now!
2024-02-25 15:34:58,730 - INFO - Epoch [49/300] (33450) train_loss: 28.2699, val_loss: 31.8228, lr: 0.000940, 299.17s
2024-02-25 15:39:38,600 - INFO - epoch complete!
2024-02-25 15:39:38,601 - INFO - evaluating now!
2024-02-25 15:40:00,762 - INFO - Epoch [50/300] (34119) train_loss: 28.0843, val_loss: 29.7659, lr: 0.000937, 302.03s
2024-02-25 15:44:45,207 - INFO - epoch complete!
2024-02-25 15:44:45,208 - INFO - evaluating now!
2024-02-25 15:45:07,565 - INFO - Epoch [51/300] (34788) train_loss: 28.3018, val_loss: 28.7949, lr: 0.000935, 306.80s
2024-02-25 15:49:49,094 - INFO - epoch complete!
2024-02-25 15:49:49,095 - INFO - evaluating now!
2024-02-25 15:50:11,372 - INFO - Epoch [52/300] (35457) train_loss: 28.0541, val_loss: 28.5245, lr: 0.000932, 303.81s
2024-02-25 15:54:52,725 - INFO - epoch complete!
2024-02-25 15:54:52,726 - INFO - evaluating now!
2024-02-25 15:55:14,745 - INFO - Epoch [53/300] (36126) train_loss: 28.6495, val_loss: 28.8753, lr: 0.000930, 303.37s
2024-02-25 15:59:53,230 - INFO - epoch complete!
2024-02-25 15:59:53,230 - INFO - evaluating now!
2024-02-25 16:00:15,145 - INFO - Epoch [54/300] (36795) train_loss: 28.1137, val_loss: 27.8934, lr: 0.000927, 300.40s
2024-02-25 16:00:15,271 - INFO - Saved model at 54
2024-02-25 16:00:15,272 - INFO - Val loss decrease from 28.1753 to 27.8934, saving to ./libcity/cache/72018/model_cache/PDFormer_PeMS08_epoch54.tar
2024-02-25 16:04:56,990 - INFO - epoch complete!
2024-02-25 16:04:56,991 - INFO - evaluating now!
2024-02-25 16:05:19,226 - INFO - Epoch [55/300] (37464) train_loss: 27.7364, val_loss: 28.0604, lr: 0.000925, 303.95s
2024-02-25 16:09:57,585 - INFO - epoch complete!
2024-02-25 16:09:57,585 - INFO - evaluating now!
2024-02-25 16:10:19,452 - INFO - Epoch [56/300] (38133) train_loss: 28.2839, val_loss: 29.5912, lr: 0.000922, 300.23s
2024-02-25 16:15:00,562 - INFO - epoch complete!
2024-02-25 16:15:00,563 - INFO - evaluating now!
2024-02-25 16:15:22,776 - INFO - Epoch [57/300] (38802) train_loss: 27.9872, val_loss: 29.3036, lr: 0.000920, 303.32s
2024-02-25 16:20:03,103 - INFO - epoch complete!
2024-02-25 16:20:03,104 - INFO - evaluating now!
2024-02-25 16:20:24,965 - INFO - Epoch [58/300] (39471) train_loss: 27.8459, val_loss: 27.8858, lr: 0.000917, 302.19s
2024-02-25 16:20:25,356 - INFO - Saved model at 58
2024-02-25 16:20:25,357 - INFO - Val loss decrease from 27.8934 to 27.8858, saving to ./libcity/cache/72018/model_cache/PDFormer_PeMS08_epoch58.tar
2024-02-25 16:25:05,315 - INFO - epoch complete!
2024-02-25 16:25:05,316 - INFO - evaluating now!
2024-02-25 16:25:27,318 - INFO - Epoch [59/300] (40140) train_loss: 27.9113, val_loss: 27.6856, lr: 0.000914, 301.96s
2024-02-25 16:25:27,446 - INFO - Saved model at 59
2024-02-25 16:25:27,447 - INFO - Val loss decrease from 27.8858 to 27.6856, saving to ./libcity/cache/72018/model_cache/PDFormer_PeMS08_epoch59.tar
2024-02-25 16:30:06,499 - INFO - epoch complete!
2024-02-25 16:30:06,500 - INFO - evaluating now!
2024-02-25 16:30:28,810 - INFO - Epoch [60/300] (40809) train_loss: 27.8371, val_loss: 27.5980, lr: 0.000911, 301.36s
2024-02-25 16:30:28,932 - INFO - Saved model at 60
2024-02-25 16:30:28,932 - INFO - Val loss decrease from 27.6856 to 27.5980, saving to ./libcity/cache/72018/model_cache/PDFormer_PeMS08_epoch60.tar
2024-02-25 16:35:11,416 - INFO - epoch complete!
2024-02-25 16:35:11,417 - INFO - evaluating now!
2024-02-25 16:35:33,506 - INFO - Epoch [61/300] (41478) train_loss: 27.7316, val_loss: 28.0730, lr: 0.000908, 304.57s
2024-02-25 16:40:14,887 - INFO - epoch complete!
2024-02-25 16:40:14,888 - INFO - evaluating now!
2024-02-25 16:40:36,866 - INFO - Epoch [62/300] (42147) train_loss: 27.6296, val_loss: 28.2407, lr: 0.000906, 303.36s
2024-02-25 16:45:18,141 - INFO - epoch complete!
2024-02-25 16:45:18,142 - INFO - evaluating now!
2024-02-25 16:45:40,104 - INFO - Epoch [63/300] (42816) train_loss: 27.4584, val_loss: 27.7149, lr: 0.000903, 303.24s
2024-02-25 16:50:18,629 - INFO - epoch complete!
2024-02-25 16:50:18,629 - INFO - evaluating now!
2024-02-25 16:50:40,525 - INFO - Epoch [64/300] (43485) train_loss: 27.6775, val_loss: 27.2706, lr: 0.000900, 300.42s
2024-02-25 16:50:40,676 - INFO - Saved model at 64
2024-02-25 16:50:40,677 - INFO - Val loss decrease from 27.5980 to 27.2706, saving to ./libcity/cache/72018/model_cache/PDFormer_PeMS08_epoch64.tar
2024-02-25 16:55:21,567 - INFO - epoch complete!
2024-02-25 16:55:21,568 - INFO - evaluating now!
2024-02-25 16:55:43,780 - INFO - Epoch [65/300] (44154) train_loss: 27.5223, val_loss: 28.4759, lr: 0.000897, 303.10s
2024-02-25 17:00:24,929 - INFO - epoch complete!
2024-02-25 17:00:24,930 - INFO - evaluating now!
2024-02-25 17:00:46,941 - INFO - Epoch [66/300] (44823) train_loss: 27.5057, val_loss: 27.8527, lr: 0.000894, 303.16s
2024-02-25 17:05:27,094 - INFO - epoch complete!
2024-02-25 17:05:27,095 - INFO - evaluating now!
2024-02-25 17:05:49,021 - INFO - Epoch [67/300] (45492) train_loss: 27.3268, val_loss: 27.5981, lr: 0.000891, 302.08s
2024-02-25 17:10:25,972 - INFO - epoch complete!
2024-02-25 17:10:25,973 - INFO - evaluating now!
2024-02-25 17:10:47,821 - INFO - Epoch [68/300] (46161) train_loss: 27.1665, val_loss: 28.0801, lr: 0.000888, 298.80s
2024-02-25 17:15:27,947 - INFO - epoch complete!
2024-02-25 17:15:27,948 - INFO - evaluating now!
2024-02-25 17:15:49,746 - INFO - Epoch [69/300] (46830) train_loss: 27.3887, val_loss: 27.5435, lr: 0.000884, 301.92s
2024-02-25 17:20:27,404 - INFO - epoch complete!
2024-02-25 17:20:27,405 - INFO - evaluating now!
2024-02-25 17:20:49,207 - INFO - Epoch [70/300] (47499) train_loss: 27.3746, val_loss: 28.3260, lr: 0.000881, 299.46s
2024-02-25 17:25:29,243 - INFO - epoch complete!
2024-02-25 17:25:29,244 - INFO - evaluating now!
2024-02-25 17:25:51,229 - INFO - Epoch [71/300] (48168) train_loss: 27.2615, val_loss: 27.0626, lr: 0.000878, 302.02s
2024-02-25 17:25:51,378 - INFO - Saved model at 71
2024-02-25 17:25:51,379 - INFO - Val loss decrease from 27.2706 to 27.0626, saving to ./libcity/cache/72018/model_cache/PDFormer_PeMS08_epoch71.tar
2024-02-25 17:30:30,915 - INFO - epoch complete!
2024-02-25 17:30:30,916 - INFO - evaluating now!
2024-02-25 17:30:53,419 - INFO - Epoch [72/300] (48837) train_loss: 27.0613, val_loss: 27.6507, lr: 0.000875, 302.04s
2024-02-25 17:35:30,700 - INFO - epoch complete!
2024-02-25 17:35:30,701 - INFO - evaluating now!
2024-02-25 17:35:52,720 - INFO - Epoch [73/300] (49506) train_loss: 27.2516, val_loss: 28.7920, lr: 0.000872, 299.30s
2024-02-25 17:40:32,126 - INFO - epoch complete!
2024-02-25 17:40:32,127 - INFO - evaluating now!
2024-02-25 17:40:54,249 - INFO - Epoch [74/300] (50175) train_loss: 27.0839, val_loss: 29.1026, lr: 0.000868, 301.53s
2024-02-25 17:45:34,060 - INFO - epoch complete!
2024-02-25 17:45:34,061 - INFO - evaluating now!
2024-02-25 17:45:56,100 - INFO - Epoch [75/300] (50844) train_loss: 26.9842, val_loss: 27.9919, lr: 0.000865, 301.85s
2024-02-25 17:50:37,472 - INFO - epoch complete!
2024-02-25 17:50:37,473 - INFO - evaluating now!
2024-02-25 17:50:59,304 - INFO - Epoch [76/300] (51513) train_loss: 26.9018, val_loss: 28.4133, lr: 0.000861, 303.20s
2024-02-25 17:55:37,044 - INFO - epoch complete!
2024-02-25 17:55:37,045 - INFO - evaluating now!
2024-02-25 17:55:58,945 - INFO - Epoch [77/300] (52182) train_loss: 26.9627, val_loss: 30.2859, lr: 0.000858, 299.64s
2024-02-25 18:00:36,246 - INFO - epoch complete!
2024-02-25 18:00:36,247 - INFO - evaluating now!
2024-02-25 18:00:58,138 - INFO - Epoch [78/300] (52851) train_loss: 27.0137, val_loss: 27.8259, lr: 0.000855, 299.19s
2024-02-25 18:05:39,561 - INFO - epoch complete!
2024-02-25 18:05:39,562 - INFO - evaluating now!
2024-02-25 18:06:01,967 - INFO - Epoch [79/300] (53520) train_loss: 26.9218, val_loss: 27.7193, lr: 0.000851, 303.83s
2024-02-25 18:10:43,780 - INFO - epoch complete!
2024-02-25 18:10:43,781 - INFO - evaluating now!
2024-02-25 18:11:06,133 - INFO - Epoch [80/300] (54189) train_loss: 26.6993, val_loss: 28.6259, lr: 0.000848, 304.16s
2024-02-25 18:15:27,478 - INFO - epoch complete!
2024-02-25 18:15:27,478 - INFO - evaluating now!
2024-02-25 18:15:47,922 - INFO - Epoch [81/300] (54858) train_loss: 26.7757, val_loss: 27.1974, lr: 0.000844, 281.79s
2024-02-25 18:19:49,203 - INFO - epoch complete!
2024-02-25 18:19:49,204 - INFO - evaluating now!
2024-02-25 18:20:09,464 - INFO - Epoch [82/300] (55527) train_loss: 26.6346, val_loss: 27.3076, lr: 0.000840, 261.54s
2024-02-25 18:24:07,749 - INFO - epoch complete!
2024-02-25 18:24:07,750 - INFO - evaluating now!
2024-02-25 18:24:28,021 - INFO - Epoch [83/300] (56196) train_loss: 26.7256, val_loss: 27.3347, lr: 0.000837, 258.56s
2024-02-25 18:28:26,636 - INFO - epoch complete!
2024-02-25 18:28:26,637 - INFO - evaluating now!
2024-02-25 18:28:46,845 - INFO - Epoch [84/300] (56865) train_loss: 26.6605, val_loss: 28.8112, lr: 0.000833, 258.82s
2024-02-25 18:32:48,683 - INFO - epoch complete!
2024-02-25 18:32:48,684 - INFO - evaluating now!
2024-02-25 18:33:09,123 - INFO - Epoch [85/300] (57534) train_loss: 26.7551, val_loss: 28.8686, lr: 0.000830, 262.28s
2024-02-25 18:37:13,865 - INFO - epoch complete!
2024-02-25 18:37:13,866 - INFO - evaluating now!
2024-02-25 18:37:34,308 - INFO - Epoch [86/300] (58203) train_loss: 26.8187, val_loss: 29.4865, lr: 0.000826, 265.18s
2024-02-25 18:41:35,712 - INFO - epoch complete!
2024-02-25 18:41:35,713 - INFO - evaluating now!
2024-02-25 18:41:55,985 - INFO - Epoch [87/300] (58872) train_loss: 26.6055, val_loss: 27.4496, lr: 0.000822, 261.68s
2024-02-25 18:45:55,242 - INFO - epoch complete!
2024-02-25 18:45:55,242 - INFO - evaluating now!
2024-02-25 18:46:15,449 - INFO - Epoch [88/300] (59541) train_loss: 26.5880, val_loss: 29.9055, lr: 0.000818, 259.46s
2024-02-25 18:50:17,005 - INFO - epoch complete!
2024-02-25 18:50:17,005 - INFO - evaluating now!
2024-02-25 18:50:37,458 - INFO - Epoch [89/300] (60210) train_loss: 26.6671, val_loss: 28.4962, lr: 0.000815, 262.01s
2024-02-25 18:54:44,742 - INFO - epoch complete!
2024-02-25 18:54:44,743 - INFO - evaluating now!
2024-02-25 18:55:05,197 - INFO - Epoch [90/300] (60879) train_loss: 26.6585, val_loss: 26.9505, lr: 0.000811, 267.74s
2024-02-25 18:55:05,255 - INFO - Saved model at 90
2024-02-25 18:55:05,255 - INFO - Val loss decrease from 27.0626 to 26.9505, saving to ./libcity/cache/72018/model_cache/PDFormer_PeMS08_epoch90.tar
2024-02-25 18:59:08,226 - INFO - epoch complete!
2024-02-25 18:59:08,227 - INFO - evaluating now!
2024-02-25 18:59:28,665 - INFO - Epoch [91/300] (61548) train_loss: 26.4909, val_loss: 28.6290, lr: 0.000807, 263.41s
2024-02-25 19:03:30,258 - INFO - epoch complete!
2024-02-25 19:03:30,259 - INFO - evaluating now!
2024-02-25 19:03:50,701 - INFO - Epoch [92/300] (62217) train_loss: 26.4391, val_loss: 27.2244, lr: 0.000803, 262.04s
2024-02-25 19:07:56,658 - INFO - epoch complete!
2024-02-25 19:07:56,659 - INFO - evaluating now!
2024-02-25 19:08:17,121 - INFO - Epoch [93/300] (62886) train_loss: 26.3751, val_loss: 28.5826, lr: 0.000799, 266.42s
2024-02-25 19:12:21,334 - INFO - epoch complete!
2024-02-25 19:12:21,335 - INFO - evaluating now!
2024-02-25 19:12:41,489 - INFO - Epoch [94/300] (63555) train_loss: 26.3232, val_loss: 27.4751, lr: 0.000795, 264.37s
2024-02-25 19:16:42,818 - INFO - epoch complete!
2024-02-25 19:16:42,818 - INFO - evaluating now!
2024-02-25 19:17:02,976 - INFO - Epoch [95/300] (64224) train_loss: 26.2114, val_loss: 27.6453, lr: 0.000791, 261.49s
2024-02-25 19:21:03,712 - INFO - epoch complete!
2024-02-25 19:21:03,713 - INFO - evaluating now!
2024-02-25 19:21:24,037 - INFO - Epoch [96/300] (64893) train_loss: 26.2334, val_loss: 27.1231, lr: 0.000787, 261.06s
2024-02-25 19:25:24,684 - INFO - epoch complete!
2024-02-25 19:25:24,684 - INFO - evaluating now!
2024-02-25 19:25:44,876 - INFO - Epoch [97/300] (65562) train_loss: 26.1704, val_loss: 27.0424, lr: 0.000783, 260.84s
2024-02-25 19:29:44,636 - INFO - epoch complete!
2024-02-25 19:29:44,636 - INFO - evaluating now!
2024-02-25 19:30:04,880 - INFO - Epoch [98/300] (66231) train_loss: 26.1561, val_loss: 27.8697, lr: 0.000779, 260.00s
2024-02-25 19:34:06,079 - INFO - epoch complete!
2024-02-25 19:34:06,080 - INFO - evaluating now!
2024-02-25 19:34:26,275 - INFO - Epoch [99/300] (66900) train_loss: 26.1358, val_loss: 27.0612, lr: 0.000775, 261.40s
2024-02-25 19:38:27,417 - INFO - epoch complete!
2024-02-25 19:38:27,418 - INFO - evaluating now!
2024-02-25 19:38:47,638 - INFO - Epoch [100/300] (67569) train_loss: 26.2101, val_loss: 28.5282, lr: 0.000771, 261.36s
2024-02-25 19:42:48,013 - INFO - epoch complete!
2024-02-25 19:42:48,014 - INFO - evaluating now!
2024-02-25 19:43:08,232 - INFO - Epoch [101/300] (68238) train_loss: 25.9906, val_loss: 28.4419, lr: 0.000767, 260.59s
2024-02-25 19:47:08,818 - INFO - epoch complete!
2024-02-25 19:47:08,818 - INFO - evaluating now!
2024-02-25 19:47:29,006 - INFO - Epoch [102/300] (68907) train_loss: 25.9402, val_loss: 26.9788, lr: 0.000763, 260.77s
2024-02-25 19:51:29,056 - INFO - epoch complete!
2024-02-25 19:51:29,057 - INFO - evaluating now!
2024-02-25 19:51:49,272 - INFO - Epoch [103/300] (69576) train_loss: 25.9978, val_loss: 28.1463, lr: 0.000758, 260.27s
2024-02-25 19:55:52,126 - INFO - epoch complete!
2024-02-25 19:55:52,126 - INFO - evaluating now!
2024-02-25 19:56:12,310 - INFO - Epoch [104/300] (70245) train_loss: 25.8486, val_loss: 27.4074, lr: 0.000754, 263.04s
2024-02-25 20:00:12,579 - INFO - epoch complete!
2024-02-25 20:00:12,580 - INFO - evaluating now!
2024-02-25 20:00:32,846 - INFO - Epoch [105/300] (70914) train_loss: 25.8955, val_loss: 27.3759, lr: 0.000750, 260.54s
2024-02-25 20:04:33,434 - INFO - epoch complete!
2024-02-25 20:04:33,435 - INFO - evaluating now!
2024-02-25 20:04:53,616 - INFO - Epoch [106/300] (71583) train_loss: 25.8317, val_loss: 26.8908, lr: 0.000746, 260.77s
2024-02-25 20:04:53,673 - INFO - Saved model at 106
2024-02-25 20:04:53,673 - INFO - Val loss decrease from 26.9505 to 26.8908, saving to ./libcity/cache/72018/model_cache/PDFormer_PeMS08_epoch106.tar
2024-02-25 20:08:53,388 - INFO - epoch complete!
2024-02-25 20:08:53,389 - INFO - evaluating now!
2024-02-25 20:09:13,607 - INFO - Epoch [107/300] (72252) train_loss: 25.8940, val_loss: 27.9862, lr: 0.000742, 259.93s
2024-02-25 20:13:14,537 - INFO - epoch complete!
2024-02-25 20:13:14,538 - INFO - evaluating now!
2024-02-25 20:13:34,737 - INFO - Epoch [108/300] (72921) train_loss: 25.8216, val_loss: 26.9727, lr: 0.000737, 261.13s
2024-02-25 20:17:36,368 - INFO - epoch complete!
2024-02-25 20:17:36,369 - INFO - evaluating now!
2024-02-25 20:17:56,619 - INFO - Epoch [109/300] (73590) train_loss: 25.8220, val_loss: 28.3505, lr: 0.000733, 261.88s
2024-02-25 20:21:59,952 - INFO - epoch complete!
2024-02-25 20:21:59,952 - INFO - evaluating now!
2024-02-25 20:22:20,163 - INFO - Epoch [110/300] (74259) train_loss: 25.7479, val_loss: 27.7272, lr: 0.000729, 263.54s
2024-02-25 20:26:20,293 - INFO - epoch complete!
2024-02-25 20:26:20,294 - INFO - evaluating now!
2024-02-25 20:26:40,472 - INFO - Epoch [111/300] (74928) train_loss: 25.6684, val_loss: 28.1080, lr: 0.000724, 260.31s
2024-02-25 20:30:41,122 - INFO - epoch complete!
2024-02-25 20:30:41,122 - INFO - evaluating now!
2024-02-25 20:31:01,268 - INFO - Epoch [112/300] (75597) train_loss: 25.4981, val_loss: 27.1709, lr: 0.000720, 260.80s
2024-02-25 20:35:01,939 - INFO - epoch complete!
2024-02-25 20:35:01,940 - INFO - evaluating now!
2024-02-25 20:35:22,222 - INFO - Epoch [113/300] (76266) train_loss: 25.5586, val_loss: 27.2637, lr: 0.000716, 260.95s
2024-02-25 20:39:22,945 - INFO - epoch complete!
2024-02-25 20:39:22,946 - INFO - evaluating now!
2024-02-25 20:39:43,152 - INFO - Epoch [114/300] (76935) train_loss: 25.5919, val_loss: 28.1088, lr: 0.000711, 260.93s
2024-02-25 20:43:43,765 - INFO - epoch complete!
2024-02-25 20:43:43,765 - INFO - evaluating now!
2024-02-25 20:44:03,936 - INFO - Epoch [115/300] (77604) train_loss: 25.4153, val_loss: 27.1372, lr: 0.000707, 260.78s
2024-02-25 20:48:04,269 - INFO - epoch complete!
2024-02-25 20:48:04,269 - INFO - evaluating now!
2024-02-25 20:48:24,440 - INFO - Epoch [116/300] (78273) train_loss: 25.3552, val_loss: 27.5145, lr: 0.000702, 260.50s
2024-02-25 20:52:24,983 - INFO - epoch complete!
2024-02-25 20:52:24,984 - INFO - evaluating now!
2024-02-25 20:52:45,264 - INFO - Epoch [117/300] (78942) train_loss: 25.3507, val_loss: 27.5172, lr: 0.000698, 260.82s
2024-02-25 20:56:46,481 - INFO - epoch complete!
2024-02-25 20:56:46,482 - INFO - evaluating now!
2024-02-25 20:57:06,719 - INFO - Epoch [118/300] (79611) train_loss: 25.3173, val_loss: 27.6224, lr: 0.000694, 261.45s
2024-02-25 21:01:07,019 - INFO - epoch complete!
2024-02-25 21:01:07,019 - INFO - evaluating now!
2024-02-25 21:01:27,243 - INFO - Epoch [119/300] (80280) train_loss: 25.1942, val_loss: 27.4432, lr: 0.000689, 260.52s
2024-02-25 21:05:27,730 - INFO - epoch complete!
2024-02-25 21:05:27,730 - INFO - evaluating now!
2024-02-25 21:05:47,849 - INFO - Epoch [120/300] (80949) train_loss: 25.0806, val_loss: 27.3168, lr: 0.000685, 260.61s
2024-02-25 21:09:48,235 - INFO - epoch complete!
2024-02-25 21:09:48,235 - INFO - evaluating now!
2024-02-25 21:10:08,486 - INFO - Epoch [121/300] (81618) train_loss: 25.1993, val_loss: 28.9245, lr: 0.000680, 260.64s
2024-02-25 21:14:10,377 - INFO - epoch complete!
2024-02-25 21:14:10,377 - INFO - evaluating now!
2024-02-25 21:14:30,623 - INFO - Epoch [122/300] (82287) train_loss: 25.1181, val_loss: 28.4572, lr: 0.000676, 262.14s
2024-02-25 21:18:33,451 - INFO - epoch complete!
2024-02-25 21:18:33,452 - INFO - evaluating now!
2024-02-25 21:18:53,682 - INFO - Epoch [123/300] (82956) train_loss: 25.0985, val_loss: 27.5526, lr: 0.000671, 263.06s
2024-02-25 21:22:55,500 - INFO - epoch complete!
2024-02-25 21:22:55,501 - INFO - evaluating now!
2024-02-25 21:23:15,786 - INFO - Epoch [124/300] (83625) train_loss: 25.1021, val_loss: 28.1610, lr: 0.000666, 262.10s
2024-02-25 21:27:16,171 - INFO - epoch complete!
2024-02-25 21:27:16,172 - INFO - evaluating now!
2024-02-25 21:27:36,426 - INFO - Epoch [125/300] (84294) train_loss: 25.0825, val_loss: 28.0168, lr: 0.000662, 260.64s
2024-02-25 21:31:36,569 - INFO - epoch complete!
2024-02-25 21:31:36,569 - INFO - evaluating now!
2024-02-25 21:31:56,704 - INFO - Epoch [126/300] (84963) train_loss: 24.8912, val_loss: 27.7520, lr: 0.000657, 260.28s
2024-02-25 21:35:57,707 - INFO - epoch complete!
2024-02-25 21:35:57,707 - INFO - evaluating now!
2024-02-25 21:36:17,901 - INFO - Epoch [127/300] (85632) train_loss: 24.8491, val_loss: 27.5719, lr: 0.000653, 261.20s
2024-02-25 21:40:19,193 - INFO - epoch complete!
2024-02-25 21:40:19,194 - INFO - evaluating now!
2024-02-25 21:40:39,361 - INFO - Epoch [128/300] (86301) train_loss: 24.7568, val_loss: 27.9247, lr: 0.000648, 261.46s
2024-02-25 21:44:40,834 - INFO - epoch complete!
2024-02-25 21:44:40,835 - INFO - evaluating now!
2024-02-25 21:45:01,067 - INFO - Epoch [129/300] (86970) train_loss: 24.7658, val_loss: 27.8887, lr: 0.000644, 261.71s
2024-02-25 21:49:02,999 - INFO - epoch complete!
2024-02-25 21:49:03,000 - INFO - evaluating now!
2024-02-25 21:49:23,275 - INFO - Epoch [130/300] (87639) train_loss: 25.0309, val_loss: 28.1234, lr: 0.000639, 262.21s
2024-02-25 21:53:22,399 - INFO - epoch complete!
2024-02-25 21:53:22,400 - INFO - evaluating now!
2024-02-25 21:53:42,619 - INFO - Epoch [131/300] (88308) train_loss: 24.6532, val_loss: 27.4453, lr: 0.000634, 259.34s
2024-02-25 21:57:45,590 - INFO - epoch complete!
2024-02-25 21:57:45,591 - INFO - evaluating now!
2024-02-25 21:58:06,038 - INFO - Epoch [132/300] (88977) train_loss: 24.6882, val_loss: 27.8495, lr: 0.000630, 263.42s
2024-02-25 22:02:10,588 - INFO - epoch complete!
2024-02-25 22:02:10,589 - INFO - evaluating now!
2024-02-25 22:02:31,045 - INFO - Epoch [133/300] (89646) train_loss: 24.7052, val_loss: 28.2857, lr: 0.000625, 265.01s
2024-02-25 22:06:35,251 - INFO - epoch complete!
2024-02-25 22:06:35,252 - INFO - evaluating now!
2024-02-25 22:06:55,388 - INFO - Epoch [134/300] (90315) train_loss: 24.5748, val_loss: 27.5943, lr: 0.000620, 264.34s
2024-02-25 22:10:57,752 - INFO - epoch complete!
2024-02-25 22:10:57,752 - INFO - evaluating now!
2024-02-25 22:11:17,975 - INFO - Epoch [135/300] (90984) train_loss: 24.5591, val_loss: 28.4011, lr: 0.000616, 262.59s
2024-02-25 22:15:18,049 - INFO - epoch complete!
2024-02-25 22:15:18,050 - INFO - evaluating now!
2024-02-25 22:15:38,288 - INFO - Epoch [136/300] (91653) train_loss: 24.4911, val_loss: 27.3607, lr: 0.000611, 260.31s
2024-02-25 22:19:37,847 - INFO - epoch complete!
2024-02-25 22:19:37,848 - INFO - evaluating now!
2024-02-25 22:19:58,082 - INFO - Epoch [137/300] (92322) train_loss: 24.4268, val_loss: 27.4778, lr: 0.000606, 259.79s
2024-02-25 22:23:57,517 - INFO - epoch complete!
2024-02-25 22:23:57,518 - INFO - evaluating now!
2024-02-25 22:24:17,663 - INFO - Epoch [138/300] (92991) train_loss: 24.4234, val_loss: 27.4591, lr: 0.000602, 259.58s
2024-02-25 22:28:17,739 - INFO - epoch complete!
2024-02-25 22:28:17,740 - INFO - evaluating now!
2024-02-25 22:28:37,927 - INFO - Epoch [139/300] (93660) train_loss: 24.4530, val_loss: 27.7243, lr: 0.000597, 260.26s
2024-02-25 22:32:37,994 - INFO - epoch complete!
2024-02-25 22:32:37,995 - INFO - evaluating now!
2024-02-25 22:32:58,182 - INFO - Epoch [140/300] (94329) train_loss: 24.3521, val_loss: 27.5915, lr: 0.000592, 260.25s
2024-02-25 22:36:57,858 - INFO - epoch complete!
2024-02-25 22:36:57,859 - INFO - evaluating now!
2024-02-25 22:37:18,110 - INFO - Epoch [141/300] (94998) train_loss: 24.4719, val_loss: 27.8950, lr: 0.000588, 259.93s
2024-02-25 22:41:19,479 - INFO - epoch complete!
2024-02-25 22:41:19,480 - INFO - evaluating now!
2024-02-25 22:41:39,824 - INFO - Epoch [142/300] (95667) train_loss: 24.2603, val_loss: 27.7712, lr: 0.000583, 261.71s
2024-02-25 22:45:42,808 - INFO - epoch complete!
2024-02-25 22:45:42,808 - INFO - evaluating now!
2024-02-25 22:46:03,067 - INFO - Epoch [143/300] (96336) train_loss: 24.1664, val_loss: 28.0406, lr: 0.000578, 263.24s
2024-02-25 22:50:04,439 - INFO - epoch complete!
2024-02-25 22:50:04,440 - INFO - evaluating now!
2024-02-25 22:50:24,619 - INFO - Epoch [144/300] (97005) train_loss: 24.1979, val_loss: 27.5867, lr: 0.000574, 261.55s
2024-02-25 22:54:26,460 - INFO - epoch complete!
2024-02-25 22:54:26,461 - INFO - evaluating now!
2024-02-25 22:54:46,730 - INFO - Epoch [145/300] (97674) train_loss: 24.2007, val_loss: 27.3477, lr: 0.000569, 262.11s
2024-02-25 22:58:47,064 - INFO - epoch complete!
2024-02-25 22:58:47,064 - INFO - evaluating now!
2024-02-25 22:59:07,307 - INFO - Epoch [146/300] (98343) train_loss: 24.1881, val_loss: 28.0584, lr: 0.000564, 260.58s
2024-02-25 23:03:08,266 - INFO - epoch complete!
2024-02-25 23:03:08,267 - INFO - evaluating now!
2024-02-25 23:03:28,372 - INFO - Epoch [147/300] (99012) train_loss: 24.1025, val_loss: 28.1482, lr: 0.000559, 261.06s
2024-02-25 23:07:27,864 - INFO - epoch complete!
2024-02-25 23:07:27,865 - INFO - evaluating now!
2024-02-25 23:07:48,089 - INFO - Epoch [148/300] (99681) train_loss: 24.1769, val_loss: 28.4196, lr: 0.000555, 259.72s
2024-02-25 23:11:47,574 - INFO - epoch complete!
2024-02-25 23:11:47,575 - INFO - evaluating now!
2024-02-25 23:12:07,766 - INFO - Epoch [149/300] (100350) train_loss: 23.9989, val_loss: 28.0691, lr: 0.000550, 259.68s
2024-02-25 23:16:06,886 - INFO - epoch complete!
2024-02-25 23:16:06,886 - INFO - evaluating now!
2024-02-25 23:16:27,072 - INFO - Epoch [150/300] (101019) train_loss: 24.0769, val_loss: 28.0888, lr: 0.000545, 259.31s
2024-02-25 23:20:28,175 - INFO - epoch complete!
2024-02-25 23:20:28,176 - INFO - evaluating now!
2024-02-25 23:20:48,295 - INFO - Epoch [151/300] (101688) train_loss: 23.9615, val_loss: 27.8267, lr: 0.000541, 261.22s
2024-02-25 23:24:48,831 - INFO - epoch complete!
2024-02-25 23:24:48,831 - INFO - evaluating now!
2024-02-25 23:25:09,048 - INFO - Epoch [152/300] (102357) train_loss: 23.9170, val_loss: 27.9336, lr: 0.000536, 260.75s
2024-02-25 23:29:07,451 - INFO - epoch complete!
2024-02-25 23:29:07,451 - INFO - evaluating now!
2024-02-25 23:29:27,677 - INFO - Epoch [153/300] (103026) train_loss: 23.8327, val_loss: 28.1626, lr: 0.000531, 258.63s
2024-02-25 23:33:28,967 - INFO - epoch complete!
2024-02-25 23:33:28,967 - INFO - evaluating now!
2024-02-25 23:33:49,173 - INFO - Epoch [154/300] (103695) train_loss: 23.8659, val_loss: 28.1289, lr: 0.000526, 261.49s
2024-02-25 23:37:47,992 - INFO - epoch complete!
2024-02-25 23:37:47,992 - INFO - evaluating now!
2024-02-25 23:38:08,164 - INFO - Epoch [155/300] (104364) train_loss: 23.9326, val_loss: 28.0865, lr: 0.000522, 258.99s
2024-02-25 23:42:10,214 - INFO - epoch complete!
2024-02-25 23:42:10,214 - INFO - evaluating now!
2024-02-25 23:42:30,489 - INFO - Epoch [156/300] (105033) train_loss: 23.8196, val_loss: 27.7096, lr: 0.000517, 262.32s
2024-02-25 23:42:30,490 - WARNING - Early stopping at epoch: 156
2024-02-25 23:42:30,490 - INFO - Trained totally 157 epochs, average train time is 259.423s, average eval time is 21.060s
2024-02-25 23:42:32,410 - INFO - Loaded model at 106
2024-02-25 23:42:32,412 - INFO - Saved model at ./libcity/cache/72018/model_cache/PDFormer_PeMS08.m
2024-02-25 23:42:32,477 - INFO - Start evaluating ...
2024-02-25 23:43:00,068 - INFO - Note that you select the average mode to evaluate!
2024-02-25 23:43:00,072 - INFO - Evaluate result is saved at ./libcity/cache/72018/evaluate_cache/2024_02_25_23_43_00_PDFormer_PeMS08_average.csv
2024-02-25 23:43:00,079 - INFO - 
          MAE  MAPE       RMSE  masked_MAE  masked_MAPE  masked_RMSE
1   12.630017   inf  19.993376   12.644386     0.089761    19.893637
2   12.819174   inf  20.490492   12.834401     0.089605    20.387009
3   12.984920   inf  20.885193   13.000376     0.091053    20.783981
4   13.134801   inf  21.256363   13.150668     0.091995    21.157621
5   13.298826   inf  21.605387   13.314534     0.094133    21.508472
6   13.455423   inf  21.918385   13.470786     0.096546    21.822527
7   13.585452   inf  22.207132   13.601216     0.097268    22.112705
8   13.702459   inf  22.478458   13.718845     0.097395    22.384504
9   13.817079   inf  22.730911   13.834135     0.097612    22.638279
10  13.931881   inf  22.960983   13.949403     0.098045    22.868774
11  14.052926   inf  23.184240   14.070871     0.098552    23.092089
12  14.185619   inf  23.418341   14.203859     0.099428    23.326878
