2024-03-29 13:28:52,545 - INFO - Log directory: ./libcity/log
2024-03-29 13:28:52,546 - INFO - Begin pipeline, task=traffic_state_pred, model_name=PDFormer, dataset_name=METR-LA, exp_id=78028
2024-03-29 13:28:52,546 - INFO - {'task': 'traffic_state_pred', 'model': 'PDFormer', 'dataset': 'METR-LA', 'saved_model': True, 'train': True, 'local_rank': 0, 'initial_ckpt': None, 'dataset_class': 'PDFormerDataset', 'input_window': 12, 'output_window': 12, 'train_rate': 0.6, 'eval_rate': 0.2, 'batch_size': 16, 'add_time_in_day': True, 'add_day_in_week': True, 'step_size': 2998, 'max_epoch': 200, 'bidir': True, 'far_mask_delta': 7, 'geo_num_heads': 4, 'sem_num_heads': 2, 't_num_heads': 2, 'cluster_method': 'kshape', 'cand_key_days': 21, 'seed': 1, 'type_ln': 'pre', 'set_loss': 'huber', 'huber_delta': 2, 'mode': 'average', 'executor': 'PDFormerExecutor', 'evaluator': 'TrafficStateEvaluator', 'embed_dim': 64, 'skip_dim': 256, 'mlp_ratio': 4, 'qkv_bias': True, 'drop': 0, 'attn_drop': 0, 'drop_path': 0.3, 's_attn_size': 3, 't_attn_size': 1, 'enc_depth': 3, 'type_short_path': 'hop', 'scaler': 'standard', 'load_external': True, 'normal_external': False, 'ext_scaler': 'none', 'learner': 'adamw', 'learning_rate': 0.001, 'weight_decay': 0.05, 'lr_decay': True, 'lr_scheduler': 'cosinelr', 'lr_eta_min': 0.0001, 'lr_decay_ratio': 0.1, 'lr_warmup_epoch': 5, 'lr_warmup_init': 1e-06, 'clip_grad_norm': True, 'max_grad_norm': 5, 'use_early_stop': True, 'patience': 50, 'task_level': 0, 'use_curriculum_learning': True, 'random_flip': True, 'quan_delta': 0.25, 'dtw_delta': 5, 'cache_dataset': True, 'num_workers': 0, 'pad_with_last_sample': True, 'lape_dim': 8, 'gpu': True, 'gpu_id': 2, 'train_loss': 'none', 'epoch': 0, 'lr_epsilon': 1e-08, 'lr_beta1': 0.9, 'lr_beta2': 0.999, 'lr_alpha': 0.99, 'lr_momentum': 0, 'steps': [5, 20, 40, 70], 'lr_T_max': 30, 'lr_patience': 10, 'lr_threshold': 0.0001, 'log_level': 'INFO', 'log_every': 1, 'load_best_epoch': True, 'hyper_tune': False, 'grad_accmu_steps': 1, 'metrics': ['MAE', 'MAPE', 'RMSE', 'masked_MAE', 'masked_MAPE', 'masked_RMSE'], 'save_modes': ['csv'], 'geo': {'including_types': ['Point'], 'Point': {}}, 'rel': {'including_types': ['geo'], 'geo': {'cost': 'num'}}, 'dyna': {'including_types': ['state'], 'state': {'entity_id': 'geo_id', 'traffic_flow': 'num', 'traffic_occupancy': 'num', 'traffic_speed': 'num'}}, 'data_col': ['traffic_flow'], 'weight_col': 'cost', 'data_files': ['METR-LA'], 'geo_file': 'METR-LA', 'rel_file': 'METR-LA', 'output_dim': 1, 'time_intervals': 300, 'init_weight_inf_or_zero': 'zero', 'set_weight_link_or_dist': 'link', 'calculate_weight_adj': False, 'weight_adj_epsilon': 0.1, 'distributed': False, 'device': device(type='cuda', index=2), 'exp_id': 78028}
2024-03-29 13:28:52,827 - INFO - Loaded file METR-LA.geo, num_nodes=207
2024-03-29 13:28:52,829 - INFO - set_weight_link_or_dist: link
2024-03-29 13:28:52,829 - INFO - init_weight_inf_or_zero: zero
2024-03-29 13:28:52,833 - INFO - Loaded file METR-LA.rel, shape=(207, 207)
2024-03-29 13:28:52,834 - INFO - Max adj_mx value = 1.0
2024-03-29 13:29:16,803 - INFO - Loading file METR-LA.dyna
2024-03-29 13:29:22,288 - INFO - Loaded file METR-LA.dyna, shape=(34272, 207, 1)
2024-03-29 13:29:22,357 - INFO - Load DTW matrix from ./libcity/cache/dataset_cache/dtw_METR-LA.npy
2024-03-29 13:29:22,358 - INFO - Loading file METR-LA.dyna
2024-03-29 13:29:27,727 - INFO - Loaded file METR-LA.dyna, shape=(34272, 207, 1)
2024-03-29 13:29:46,375 - INFO - Dataset created
2024-03-29 13:29:46,375 - INFO - x shape: (34249, 12, 207, 9), y shape: (34249, 12, 207, 9)
2024-03-29 13:29:46,470 - INFO - train	x: (20549, 12, 207, 9), y: (20549, 12, 207, 9), ind: (20549,)
2024-03-29 13:29:46,470 - INFO - eval	x: (6850, 12, 207, 9), y: (6850, 12, 207, 9), ind: (6850,)
2024-03-29 13:29:46,471 - INFO - test	x: (6850, 12, 207, 9), y: (6850, 12, 207, 9), ind: (6850,)
2024-03-29 13:31:38,957 - INFO - Saved at ./libcity/cache/dataset_cache/pdformer_point_based_METR-LA_12_12_0.6_1_0.2_standard_16_True_True_True_True_traffic_flow.npz
2024-03-29 13:31:40,241 - INFO - StandardScaler mean: 54.10160182214729, std: 19.84129811739302
2024-03-29 13:31:40,242 - INFO - NoneScaler
2024-03-29 13:31:43,435 - INFO - Loaded file ./libcity/cache/dataset_cache/pattern_keys_kshape_METR-LA_21_3_16_5.npy
2024-03-29 13:31:43,443 - INFO - Use use_curriculum_learning!
