2024-03-27 15:37:45,274 - INFO - Log directory: ./libcity/log
2024-03-27 15:37:45,274 - INFO - Begin pipeline, task=traffic_state_pred, model_name=PDFormer, dataset_name=PeMS03, exp_id=85578
2024-03-27 15:37:45,274 - INFO - {'task': 'traffic_state_pred', 'model': 'PDFormer', 'dataset': 'PeMS03', 'saved_model': True, 'train': True, 'local_rank': 0, 'initial_ckpt': None, 'dataset_class': 'PDFormerDataset', 'input_window': 12, 'output_window': 12, 'train_rate': 0.6, 'eval_rate': 0.2, 'batch_size': 16, 'add_time_in_day': True, 'add_day_in_week': True, 'step_size': 1964, 'max_epoch': 300, 'bidir': True, 'far_mask_delta': 7, 'geo_num_heads': 4, 'sem_num_heads': 2, 't_num_heads': 2, 'cluster_method': 'kshape', 'cand_key_days': 14, 'seed': 1, 'type_ln': 'pre', 'set_loss': 'huber', 'huber_delta': 2, 'mode': 'average', 'executor': 'PDFormerExecutor', 'evaluator': 'TrafficStateEvaluator', 'embed_dim': 64, 'skip_dim': 256, 'mlp_ratio': 4, 'qkv_bias': True, 'drop': 0, 'attn_drop': 0, 'drop_path': 0.3, 's_attn_size': 3, 't_attn_size': 1, 'enc_depth': 5, 'type_short_path': 'hop', 'scaler': 'standard', 'load_external': True, 'normal_external': False, 'ext_scaler': 'none', 'learner': 'adamw', 'learning_rate': 0.001, 'weight_decay': 0.05, 'lr_decay': True, 'lr_scheduler': 'cosinelr', 'lr_eta_min': 0.0001, 'lr_decay_ratio': 0.1, 'lr_warmup_epoch': 5, 'lr_warmup_init': 1e-06, 'clip_grad_norm': True, 'max_grad_norm': 5, 'use_early_stop': True, 'patience': 50, 'task_level': 0, 'use_curriculum_learning': True, 'random_flip': True, 'quan_delta': 0.25, 'dtw_delta': 5, 'cache_dataset': True, 'num_workers': 0, 'pad_with_last_sample': True, 'lape_dim': 8, 'gpu': True, 'gpu_id': 2, 'train_loss': 'none', 'epoch': 0, 'lr_epsilon': 1e-08, 'lr_beta1': 0.9, 'lr_beta2': 0.999, 'lr_alpha': 0.99, 'lr_momentum': 0, 'steps': [5, 20, 40, 70], 'lr_T_max': 30, 'lr_patience': 10, 'lr_threshold': 0.0001, 'log_level': 'INFO', 'log_every': 1, 'load_best_epoch': True, 'hyper_tune': False, 'grad_accmu_steps': 1, 'metrics': ['MAE', 'MAPE', 'RMSE', 'masked_MAE', 'masked_MAPE', 'masked_RMSE'], 'save_modes': ['csv'], 'geo': {'including_types': ['Point'], 'Point': {}}, 'rel': {'including_types': ['geo'], 'geo': {'cost': 'num'}}, 'dyna': {'including_types': ['state'], 'state': {'entity_id': 'geo_id', 'traffic_flow': 'num', 'traffic_occupancy': 'num', 'traffic_speed': 'num'}}, 'data_col': ['traffic_flow'], 'weight_col': 'cost', 'data_files': ['PeMS03'], 'geo_file': 'PeMS03', 'rel_file': 'PeMS03', 'output_dim': 1, 'time_intervals': 300, 'init_weight_inf_or_zero': 'zero', 'set_weight_link_or_dist': 'link', 'calculate_weight_adj': False, 'weight_adj_epsilon': 0.1, 'distributed': False, 'device': device(type='cuda', index=2), 'exp_id': 85578}
2024-03-27 15:37:45,561 - INFO - Loaded file PeMS03.geo, num_nodes=358
2024-03-27 15:37:45,563 - INFO - set_weight_link_or_dist: link
2024-03-27 15:37:45,563 - INFO - init_weight_inf_or_zero: zero
2024-03-27 15:37:45,566 - INFO - Loaded file PeMS03.rel, shape=(358, 358)
2024-03-27 15:37:45,566 - INFO - Max adj_mx value = 1.0
2024-03-27 15:39:14,259 - INFO - Loading file PeMS03.dyna
2024-03-27 15:39:18,619 - INFO - Loaded file PeMS03.dyna, shape=(26208, 358, 1)
2024-03-27 15:39:18,692 - INFO - Load DTW matrix from ./libcity/cache/dataset_cache/dtw_PeMS03.npy
2024-03-27 15:39:18,693 - INFO - Loading ./libcity/cache/dataset_cache/pdformer_point_based_PeMS03_12_12_0.6_1_0.2_standard_16_True_True_True_True_traffic_flow.npz
2024-03-27 15:39:39,234 - INFO - train	x: (15711, 12, 358, 9), y: (15711, 12, 358, 9), ind: (15711,)
2024-03-27 15:39:39,235 - INFO - eval	x: (5237, 12, 358, 9), y: (5237, 12, 358, 9), ind: (5237,)
2024-03-27 15:39:39,235 - INFO - test	x: (5237, 12, 358, 9), y: (5237, 12, 358, 9), ind: (5237,)
2024-03-27 15:39:40,531 - INFO - StandardScaler mean: 181.37526799238148, std: 144.4083626200602
2024-03-27 15:39:40,531 - INFO - NoneScaler
2024-03-27 15:39:44,239 - INFO - Loaded file ./libcity/cache/dataset_cache/pattern_keys_kshape_PeMS03_14_3_16_5.npy
2024-03-27 15:39:44,246 - INFO - Use use_curriculum_learning!
2024-03-27 15:39:47,783 - INFO - Number of isolated points: 0
2024-03-27 15:39:47,823 - INFO - Number of isolated points: 0
2024-03-27 15:39:47,905 - INFO - PDFormer(
  (pattern_embeddings): ModuleList(
    (0): TokenEmbedding(
      (token_embed): Linear(in_features=3, out_features=64, bias=True)
      (norm): Identity()
    )
  )
  (enc_embed_layer): DataEmbedding(
    (value_embedding): TokenEmbedding(
      (token_embed): Linear(in_features=1, out_features=64, bias=True)
      (norm): Identity()
    )
    (position_encoding): PositionalEncoding()
    (daytime_embedding): Embedding(1440, 64)
    (weekday_embedding): Embedding(7, 64)
    (spatial_embedding): LaplacianPE(
      (embedding_lap_pos_enc): Linear(in_features=8, out_features=64, bias=True)
    )
    (tempp_embedding): Linear(in_features=8, out_features=64, bias=True)
    (dropout): Dropout(p=0, inplace=False)
  )
  (encoder_blocks): ModuleList(
    (0): STEncoderBlock(
      (norm1): LayerNorm((64,), eps=1e-06, elementwise_affine=True)
      (st_attn): STSelfAttention(
        (pattern_q_linears): ModuleList(
          (0): Linear(in_features=64, out_features=32, bias=True)
        )
        (pattern_k_linears): ModuleList(
          (0): Linear(in_features=64, out_features=32, bias=True)
        )
        (pattern_v_linears): ModuleList(
          (0): Linear(in_features=64, out_features=32, bias=True)
        )
        (geo_q_conv): Conv2d(64, 32, kernel_size=(1, 1), stride=(1, 1))
        (geo_k_conv): Conv2d(64, 32, kernel_size=(1, 1), stride=(1, 1))
        (geo_v_conv): Conv2d(64, 32, kernel_size=(1, 1), stride=(1, 1))
        (geo_attn_drop): Dropout(p=0, inplace=False)
        (sem_q_conv): Conv2d(64, 16, kernel_size=(1, 1), stride=(1, 1))
        (sem_k_conv): Conv2d(64, 16, kernel_size=(1, 1), stride=(1, 1))
        (sem_v_conv): Conv2d(64, 16, kernel_size=(1, 1), stride=(1, 1))
        (sem_attn_drop): Dropout(p=0, inplace=False)
        (t_q_conv): Conv2d(64, 16, kernel_size=(1, 1), stride=(1, 1))
        (t_k_conv): Conv2d(64, 16, kernel_size=(1, 1), stride=(1, 1))
        (t_v_conv): Conv2d(64, 16, kernel_size=(1, 1), stride=(1, 1))
        (t_attn_drop): Dropout(p=0, inplace=False)
        (proj): Linear(in_features=48, out_features=64, bias=True)
        (proj_drop): Dropout(p=0, inplace=False)
        (gconv): gcn(
          (nconv): nconv()
          (mlp): linear(
            (mlp): Conv2d(96, 32, kernel_size=(1, 1), stride=(1, 1))
          )
        )
        (reshape1): Linear(in_features=64, out_features=32, bias=True)
        (reshape2): Linear(in_features=32, out_features=64, bias=True)
      )
      (drop_path): Identity()
      (norm2): LayerNorm((64,), eps=1e-06, elementwise_affine=True)
      (mlp): Mlp(
        (fc1): Linear(in_features=64, out_features=256, bias=True)
        (act): GELU()
        (fc2): Linear(in_features=256, out_features=64, bias=True)
        (drop): Dropout(p=0, inplace=False)
      )
    )
    (1): STEncoderBlock(
      (norm1): LayerNorm((64,), eps=1e-06, elementwise_affine=True)
      (st_attn): STSelfAttention(
        (pattern_q_linears): ModuleList(
          (0): Linear(in_features=64, out_features=32, bias=True)
        )
        (pattern_k_linears): ModuleList(
          (0): Linear(in_features=64, out_features=32, bias=True)
        )
        (pattern_v_linears): ModuleList(
          (0): Linear(in_features=64, out_features=32, bias=True)
        )
        (geo_q_conv): Conv2d(64, 32, kernel_size=(1, 1), stride=(1, 1))
        (geo_k_conv): Conv2d(64, 32, kernel_size=(1, 1), stride=(1, 1))
        (geo_v_conv): Conv2d(64, 32, kernel_size=(1, 1), stride=(1, 1))
        (geo_attn_drop): Dropout(p=0, inplace=False)
        (sem_q_conv): Conv2d(64, 16, kernel_size=(1, 1), stride=(1, 1))
        (sem_k_conv): Conv2d(64, 16, kernel_size=(1, 1), stride=(1, 1))
        (sem_v_conv): Conv2d(64, 16, kernel_size=(1, 1), stride=(1, 1))
        (sem_attn_drop): Dropout(p=0, inplace=False)
        (t_q_conv): Conv2d(64, 16, kernel_size=(1, 1), stride=(1, 1))
        (t_k_conv): Conv2d(64, 16, kernel_size=(1, 1), stride=(1, 1))
        (t_v_conv): Conv2d(64, 16, kernel_size=(1, 1), stride=(1, 1))
        (t_attn_drop): Dropout(p=0, inplace=False)
        (proj): Linear(in_features=48, out_features=64, bias=True)
        (proj_drop): Dropout(p=0, inplace=False)
        (gconv): gcn(
          (nconv): nconv()
          (mlp): linear(
            (mlp): Conv2d(96, 32, kernel_size=(1, 1), stride=(1, 1))
          )
        )
        (reshape1): Linear(in_features=64, out_features=32, bias=True)
        (reshape2): Linear(in_features=32, out_features=64, bias=True)
      )
      (drop_path): DropPath()
      (norm2): LayerNorm((64,), eps=1e-06, elementwise_affine=True)
      (mlp): Mlp(
        (fc1): Linear(in_features=64, out_features=256, bias=True)
        (act): GELU()
        (fc2): Linear(in_features=256, out_features=64, bias=True)
        (drop): Dropout(p=0, inplace=False)
      )
    )
    (2): STEncoderBlock(
      (norm1): LayerNorm((64,), eps=1e-06, elementwise_affine=True)
      (st_attn): STSelfAttention(
        (pattern_q_linears): ModuleList(
          (0): Linear(in_features=64, out_features=32, bias=True)
        )
        (pattern_k_linears): ModuleList(
          (0): Linear(in_features=64, out_features=32, bias=True)
        )
        (pattern_v_linears): ModuleList(
          (0): Linear(in_features=64, out_features=32, bias=True)
        )
        (geo_q_conv): Conv2d(64, 32, kernel_size=(1, 1), stride=(1, 1))
        (geo_k_conv): Conv2d(64, 32, kernel_size=(1, 1), stride=(1, 1))
        (geo_v_conv): Conv2d(64, 32, kernel_size=(1, 1), stride=(1, 1))
        (geo_attn_drop): Dropout(p=0, inplace=False)
        (sem_q_conv): Conv2d(64, 16, kernel_size=(1, 1), stride=(1, 1))
        (sem_k_conv): Conv2d(64, 16, kernel_size=(1, 1), stride=(1, 1))
        (sem_v_conv): Conv2d(64, 16, kernel_size=(1, 1), stride=(1, 1))
        (sem_attn_drop): Dropout(p=0, inplace=False)
        (t_q_conv): Conv2d(64, 16, kernel_size=(1, 1), stride=(1, 1))
        (t_k_conv): Conv2d(64, 16, kernel_size=(1, 1), stride=(1, 1))
        (t_v_conv): Conv2d(64, 16, kernel_size=(1, 1), stride=(1, 1))
        (t_attn_drop): Dropout(p=0, inplace=False)
        (proj): Linear(in_features=48, out_features=64, bias=True)
        (proj_drop): Dropout(p=0, inplace=False)
        (gconv): gcn(
          (nconv): nconv()
          (mlp): linear(
            (mlp): Conv2d(96, 32, kernel_size=(1, 1), stride=(1, 1))
          )
        )
        (reshape1): Linear(in_features=64, out_features=32, bias=True)
        (reshape2): Linear(in_features=32, out_features=64, bias=True)
      )
      (drop_path): DropPath()
      (norm2): LayerNorm((64,), eps=1e-06, elementwise_affine=True)
      (mlp): Mlp(
        (fc1): Linear(in_features=64, out_features=256, bias=True)
        (act): GELU()
        (fc2): Linear(in_features=256, out_features=64, bias=True)
        (drop): Dropout(p=0, inplace=False)
      )
    )
    (3): STEncoderBlock(
      (norm1): LayerNorm((64,), eps=1e-06, elementwise_affine=True)
      (st_attn): STSelfAttention(
        (pattern_q_linears): ModuleList(
          (0): Linear(in_features=64, out_features=32, bias=True)
        )
        (pattern_k_linears): ModuleList(
          (0): Linear(in_features=64, out_features=32, bias=True)
        )
        (pattern_v_linears): ModuleList(
          (0): Linear(in_features=64, out_features=32, bias=True)
        )
        (geo_q_conv): Conv2d(64, 32, kernel_size=(1, 1), stride=(1, 1))
        (geo_k_conv): Conv2d(64, 32, kernel_size=(1, 1), stride=(1, 1))
        (geo_v_conv): Conv2d(64, 32, kernel_size=(1, 1), stride=(1, 1))
        (geo_attn_drop): Dropout(p=0, inplace=False)
        (sem_q_conv): Conv2d(64, 16, kernel_size=(1, 1), stride=(1, 1))
        (sem_k_conv): Conv2d(64, 16, kernel_size=(1, 1), stride=(1, 1))
        (sem_v_conv): Conv2d(64, 16, kernel_size=(1, 1), stride=(1, 1))
        (sem_attn_drop): Dropout(p=0, inplace=False)
        (t_q_conv): Conv2d(64, 16, kernel_size=(1, 1), stride=(1, 1))
        (t_k_conv): Conv2d(64, 16, kernel_size=(1, 1), stride=(1, 1))
        (t_v_conv): Conv2d(64, 16, kernel_size=(1, 1), stride=(1, 1))
        (t_attn_drop): Dropout(p=0, inplace=False)
        (proj): Linear(in_features=48, out_features=64, bias=True)
        (proj_drop): Dropout(p=0, inplace=False)
        (gconv): gcn(
          (nconv): nconv()
          (mlp): linear(
            (mlp): Conv2d(96, 32, kernel_size=(1, 1), stride=(1, 1))
          )
        )
        (reshape1): Linear(in_features=64, out_features=32, bias=True)
        (reshape2): Linear(in_features=32, out_features=64, bias=True)
      )
      (drop_path): DropPath()
      (norm2): LayerNorm((64,), eps=1e-06, elementwise_affine=True)
      (mlp): Mlp(
        (fc1): Linear(in_features=64, out_features=256, bias=True)
        (act): GELU()
        (fc2): Linear(in_features=256, out_features=64, bias=True)
        (drop): Dropout(p=0, inplace=False)
      )
    )
    (4): STEncoderBlock(
      (norm1): LayerNorm((64,), eps=1e-06, elementwise_affine=True)
      (st_attn): STSelfAttention(
        (pattern_q_linears): ModuleList(
          (0): Linear(in_features=64, out_features=32, bias=True)
        )
        (pattern_k_linears): ModuleList(
          (0): Linear(in_features=64, out_features=32, bias=True)
        )
        (pattern_v_linears): ModuleList(
          (0): Linear(in_features=64, out_features=32, bias=True)
        )
        (geo_q_conv): Conv2d(64, 32, kernel_size=(1, 1), stride=(1, 1))
        (geo_k_conv): Conv2d(64, 32, kernel_size=(1, 1), stride=(1, 1))
        (geo_v_conv): Conv2d(64, 32, kernel_size=(1, 1), stride=(1, 1))
        (geo_attn_drop): Dropout(p=0, inplace=False)
        (sem_q_conv): Conv2d(64, 16, kernel_size=(1, 1), stride=(1, 1))
        (sem_k_conv): Conv2d(64, 16, kernel_size=(1, 1), stride=(1, 1))
        (sem_v_conv): Conv2d(64, 16, kernel_size=(1, 1), stride=(1, 1))
        (sem_attn_drop): Dropout(p=0, inplace=False)
        (t_q_conv): Conv2d(64, 16, kernel_size=(1, 1), stride=(1, 1))
        (t_k_conv): Conv2d(64, 16, kernel_size=(1, 1), stride=(1, 1))
        (t_v_conv): Conv2d(64, 16, kernel_size=(1, 1), stride=(1, 1))
        (t_attn_drop): Dropout(p=0, inplace=False)
        (proj): Linear(in_features=48, out_features=64, bias=True)
        (proj_drop): Dropout(p=0, inplace=False)
        (gconv): gcn(
          (nconv): nconv()
          (mlp): linear(
            (mlp): Conv2d(96, 32, kernel_size=(1, 1), stride=(1, 1))
          )
        )
        (reshape1): Linear(in_features=64, out_features=32, bias=True)
        (reshape2): Linear(in_features=32, out_features=64, bias=True)
      )
      (drop_path): DropPath()
      (norm2): LayerNorm((64,), eps=1e-06, elementwise_affine=True)
      (mlp): Mlp(
        (fc1): Linear(in_features=64, out_features=256, bias=True)
        (act): GELU()
        (fc2): Linear(in_features=256, out_features=64, bias=True)
        (drop): Dropout(p=0, inplace=False)
      )
    )
  )
  (skip_convs): ModuleList(
    (0): Conv2d(64, 256, kernel_size=(1, 1), stride=(1, 1))
    (1): Conv2d(64, 256, kernel_size=(1, 1), stride=(1, 1))
    (2): Conv2d(64, 256, kernel_size=(1, 1), stride=(1, 1))
    (3): Conv2d(64, 256, kernel_size=(1, 1), stride=(1, 1))
    (4): Conv2d(64, 256, kernel_size=(1, 1), stride=(1, 1))
  )
  (end_conv1): Conv2d(12, 12, kernel_size=(1, 1), stride=(1, 1))
  (end_conv2): Conv2d(256, 1, kernel_size=(1, 1), stride=(1, 1))
)
2024-03-27 15:39:47,907 - INFO - pattern_embeddings.0.token_embed.weight	torch.Size([64, 3])	cuda:2	True
2024-03-27 15:39:47,907 - INFO - pattern_embeddings.0.token_embed.bias	torch.Size([64])	cuda:2	True
2024-03-27 15:39:47,907 - INFO - enc_embed_layer.value_embedding.token_embed.weight	torch.Size([64, 1])	cuda:2	True
2024-03-27 15:39:47,907 - INFO - enc_embed_layer.value_embedding.token_embed.bias	torch.Size([64])	cuda:2	True
2024-03-27 15:39:47,907 - INFO - enc_embed_layer.daytime_embedding.weight	torch.Size([1440, 64])	cuda:2	True
2024-03-27 15:39:47,907 - INFO - enc_embed_layer.weekday_embedding.weight	torch.Size([7, 64])	cuda:2	True
2024-03-27 15:39:47,907 - INFO - enc_embed_layer.spatial_embedding.embedding_lap_pos_enc.weight	torch.Size([64, 8])	cuda:2	True
2024-03-27 15:39:47,907 - INFO - enc_embed_layer.spatial_embedding.embedding_lap_pos_enc.bias	torch.Size([64])	cuda:2	True
2024-03-27 15:39:47,907 - INFO - enc_embed_layer.tempp_embedding.weight	torch.Size([64, 8])	cuda:2	True
2024-03-27 15:39:47,907 - INFO - enc_embed_layer.tempp_embedding.bias	torch.Size([64])	cuda:2	True
2024-03-27 15:39:47,907 - INFO - encoder_blocks.0.norm1.weight	torch.Size([64])	cuda:2	True
2024-03-27 15:39:47,907 - INFO - encoder_blocks.0.norm1.bias	torch.Size([64])	cuda:2	True
2024-03-27 15:39:47,907 - INFO - encoder_blocks.0.st_attn.nodevec_p1	torch.Size([288, 40])	cuda:2	True
2024-03-27 15:39:47,907 - INFO - encoder_blocks.0.st_attn.nodevec_p2	torch.Size([358, 40])	cuda:2	True
2024-03-27 15:39:47,907 - INFO - encoder_blocks.0.st_attn.nodevec_p3	torch.Size([358, 40])	cuda:2	True
2024-03-27 15:39:47,907 - INFO - encoder_blocks.0.st_attn.nodevec_pk	torch.Size([40, 40, 40])	cuda:2	True
2024-03-27 15:39:47,907 - INFO - encoder_blocks.0.st_attn.pattern_q_linears.0.weight	torch.Size([32, 64])	cuda:2	True
2024-03-27 15:39:47,907 - INFO - encoder_blocks.0.st_attn.pattern_q_linears.0.bias	torch.Size([32])	cuda:2	True
2024-03-27 15:39:47,907 - INFO - encoder_blocks.0.st_attn.pattern_k_linears.0.weight	torch.Size([32, 64])	cuda:2	True
2024-03-27 15:39:47,907 - INFO - encoder_blocks.0.st_attn.pattern_k_linears.0.bias	torch.Size([32])	cuda:2	True
2024-03-27 15:39:47,908 - INFO - encoder_blocks.0.st_attn.pattern_v_linears.0.weight	torch.Size([32, 64])	cuda:2	True
2024-03-27 15:39:47,908 - INFO - encoder_blocks.0.st_attn.pattern_v_linears.0.bias	torch.Size([32])	cuda:2	True
2024-03-27 15:39:47,908 - INFO - encoder_blocks.0.st_attn.geo_q_conv.weight	torch.Size([32, 64, 1, 1])	cuda:2	True
2024-03-27 15:39:47,908 - INFO - encoder_blocks.0.st_attn.geo_q_conv.bias	torch.Size([32])	cuda:2	True
2024-03-27 15:39:47,908 - INFO - encoder_blocks.0.st_attn.geo_k_conv.weight	torch.Size([32, 64, 1, 1])	cuda:2	True
2024-03-27 15:39:47,908 - INFO - encoder_blocks.0.st_attn.geo_k_conv.bias	torch.Size([32])	cuda:2	True
2024-03-27 15:39:47,908 - INFO - encoder_blocks.0.st_attn.geo_v_conv.weight	torch.Size([32, 64, 1, 1])	cuda:2	True
2024-03-27 15:39:47,908 - INFO - encoder_blocks.0.st_attn.geo_v_conv.bias	torch.Size([32])	cuda:2	True
2024-03-27 15:39:47,908 - INFO - encoder_blocks.0.st_attn.sem_q_conv.weight	torch.Size([16, 64, 1, 1])	cuda:2	True
2024-03-27 15:39:47,908 - INFO - encoder_blocks.0.st_attn.sem_q_conv.bias	torch.Size([16])	cuda:2	True
2024-03-27 15:39:47,908 - INFO - encoder_blocks.0.st_attn.sem_k_conv.weight	torch.Size([16, 64, 1, 1])	cuda:2	True
2024-03-27 15:39:47,908 - INFO - encoder_blocks.0.st_attn.sem_k_conv.bias	torch.Size([16])	cuda:2	True
2024-03-27 15:39:47,908 - INFO - encoder_blocks.0.st_attn.sem_v_conv.weight	torch.Size([16, 64, 1, 1])	cuda:2	True
2024-03-27 15:39:47,908 - INFO - encoder_blocks.0.st_attn.sem_v_conv.bias	torch.Size([16])	cuda:2	True
2024-03-27 15:39:47,908 - INFO - encoder_blocks.0.st_attn.t_q_conv.weight	torch.Size([16, 64, 1, 1])	cuda:2	True
2024-03-27 15:39:47,908 - INFO - encoder_blocks.0.st_attn.t_q_conv.bias	torch.Size([16])	cuda:2	True
2024-03-27 15:39:47,908 - INFO - encoder_blocks.0.st_attn.t_k_conv.weight	torch.Size([16, 64, 1, 1])	cuda:2	True
2024-03-27 15:39:47,908 - INFO - encoder_blocks.0.st_attn.t_k_conv.bias	torch.Size([16])	cuda:2	True
2024-03-27 15:39:47,908 - INFO - encoder_blocks.0.st_attn.t_v_conv.weight	torch.Size([16, 64, 1, 1])	cuda:2	True
2024-03-27 15:39:47,908 - INFO - encoder_blocks.0.st_attn.t_v_conv.bias	torch.Size([16])	cuda:2	True
2024-03-27 15:39:47,908 - INFO - encoder_blocks.0.st_attn.proj.weight	torch.Size([64, 48])	cuda:2	True
2024-03-27 15:39:47,908 - INFO - encoder_blocks.0.st_attn.proj.bias	torch.Size([64])	cuda:2	True
2024-03-27 15:39:47,908 - INFO - encoder_blocks.0.st_attn.gconv.mlp.mlp.weight	torch.Size([32, 96, 1, 1])	cuda:2	True
2024-03-27 15:39:47,908 - INFO - encoder_blocks.0.st_attn.gconv.mlp.mlp.bias	torch.Size([32])	cuda:2	True
2024-03-27 15:39:47,908 - INFO - encoder_blocks.0.st_attn.reshape1.weight	torch.Size([32, 64])	cuda:2	True
2024-03-27 15:39:47,908 - INFO - encoder_blocks.0.st_attn.reshape1.bias	torch.Size([32])	cuda:2	True
2024-03-27 15:39:47,909 - INFO - encoder_blocks.0.st_attn.reshape2.weight	torch.Size([64, 32])	cuda:2	True
2024-03-27 15:39:47,909 - INFO - encoder_blocks.0.st_attn.reshape2.bias	torch.Size([64])	cuda:2	True
2024-03-27 15:39:47,909 - INFO - encoder_blocks.0.norm2.weight	torch.Size([64])	cuda:2	True
2024-03-27 15:39:47,909 - INFO - encoder_blocks.0.norm2.bias	torch.Size([64])	cuda:2	True
2024-03-27 15:39:47,909 - INFO - encoder_blocks.0.mlp.fc1.weight	torch.Size([256, 64])	cuda:2	True
2024-03-27 15:39:47,909 - INFO - encoder_blocks.0.mlp.fc1.bias	torch.Size([256])	cuda:2	True
2024-03-27 15:39:47,909 - INFO - encoder_blocks.0.mlp.fc2.weight	torch.Size([64, 256])	cuda:2	True
2024-03-27 15:39:47,909 - INFO - encoder_blocks.0.mlp.fc2.bias	torch.Size([64])	cuda:2	True
2024-03-27 15:39:47,909 - INFO - encoder_blocks.1.norm1.weight	torch.Size([64])	cuda:2	True
2024-03-27 15:39:47,909 - INFO - encoder_blocks.1.norm1.bias	torch.Size([64])	cuda:2	True
2024-03-27 15:39:47,909 - INFO - encoder_blocks.1.st_attn.nodevec_p1	torch.Size([288, 40])	cuda:2	True
2024-03-27 15:39:47,909 - INFO - encoder_blocks.1.st_attn.nodevec_p2	torch.Size([358, 40])	cuda:2	True
2024-03-27 15:39:47,909 - INFO - encoder_blocks.1.st_attn.nodevec_p3	torch.Size([358, 40])	cuda:2	True
2024-03-27 15:39:47,909 - INFO - encoder_blocks.1.st_attn.nodevec_pk	torch.Size([40, 40, 40])	cuda:2	True
2024-03-27 15:39:47,909 - INFO - encoder_blocks.1.st_attn.pattern_q_linears.0.weight	torch.Size([32, 64])	cuda:2	True
2024-03-27 15:39:47,909 - INFO - encoder_blocks.1.st_attn.pattern_q_linears.0.bias	torch.Size([32])	cuda:2	True
2024-03-27 15:39:47,909 - INFO - encoder_blocks.1.st_attn.pattern_k_linears.0.weight	torch.Size([32, 64])	cuda:2	True
2024-03-27 15:39:47,909 - INFO - encoder_blocks.1.st_attn.pattern_k_linears.0.bias	torch.Size([32])	cuda:2	True
2024-03-27 15:39:47,909 - INFO - encoder_blocks.1.st_attn.pattern_v_linears.0.weight	torch.Size([32, 64])	cuda:2	True
2024-03-27 15:39:47,909 - INFO - encoder_blocks.1.st_attn.pattern_v_linears.0.bias	torch.Size([32])	cuda:2	True
2024-03-27 15:39:47,909 - INFO - encoder_blocks.1.st_attn.geo_q_conv.weight	torch.Size([32, 64, 1, 1])	cuda:2	True
2024-03-27 15:39:47,909 - INFO - encoder_blocks.1.st_attn.geo_q_conv.bias	torch.Size([32])	cuda:2	True
2024-03-27 15:39:47,909 - INFO - encoder_blocks.1.st_attn.geo_k_conv.weight	torch.Size([32, 64, 1, 1])	cuda:2	True
2024-03-27 15:39:47,909 - INFO - encoder_blocks.1.st_attn.geo_k_conv.bias	torch.Size([32])	cuda:2	True
2024-03-27 15:39:47,909 - INFO - encoder_blocks.1.st_attn.geo_v_conv.weight	torch.Size([32, 64, 1, 1])	cuda:2	True
2024-03-27 15:39:47,909 - INFO - encoder_blocks.1.st_attn.geo_v_conv.bias	torch.Size([32])	cuda:2	True
2024-03-27 15:39:47,910 - INFO - encoder_blocks.1.st_attn.sem_q_conv.weight	torch.Size([16, 64, 1, 1])	cuda:2	True
2024-03-27 15:39:47,910 - INFO - encoder_blocks.1.st_attn.sem_q_conv.bias	torch.Size([16])	cuda:2	True
2024-03-27 15:39:47,910 - INFO - encoder_blocks.1.st_attn.sem_k_conv.weight	torch.Size([16, 64, 1, 1])	cuda:2	True
2024-03-27 15:39:47,910 - INFO - encoder_blocks.1.st_attn.sem_k_conv.bias	torch.Size([16])	cuda:2	True
2024-03-27 15:39:47,910 - INFO - encoder_blocks.1.st_attn.sem_v_conv.weight	torch.Size([16, 64, 1, 1])	cuda:2	True
2024-03-27 15:39:47,910 - INFO - encoder_blocks.1.st_attn.sem_v_conv.bias	torch.Size([16])	cuda:2	True
2024-03-27 15:39:47,910 - INFO - encoder_blocks.1.st_attn.t_q_conv.weight	torch.Size([16, 64, 1, 1])	cuda:2	True
2024-03-27 15:39:47,910 - INFO - encoder_blocks.1.st_attn.t_q_conv.bias	torch.Size([16])	cuda:2	True
2024-03-27 15:39:47,910 - INFO - encoder_blocks.1.st_attn.t_k_conv.weight	torch.Size([16, 64, 1, 1])	cuda:2	True
2024-03-27 15:39:47,910 - INFO - encoder_blocks.1.st_attn.t_k_conv.bias	torch.Size([16])	cuda:2	True
2024-03-27 15:39:47,910 - INFO - encoder_blocks.1.st_attn.t_v_conv.weight	torch.Size([16, 64, 1, 1])	cuda:2	True
2024-03-27 15:39:47,910 - INFO - encoder_blocks.1.st_attn.t_v_conv.bias	torch.Size([16])	cuda:2	True
2024-03-27 15:39:47,910 - INFO - encoder_blocks.1.st_attn.proj.weight	torch.Size([64, 48])	cuda:2	True
2024-03-27 15:39:47,910 - INFO - encoder_blocks.1.st_attn.proj.bias	torch.Size([64])	cuda:2	True
2024-03-27 15:39:47,910 - INFO - encoder_blocks.1.st_attn.gconv.mlp.mlp.weight	torch.Size([32, 96, 1, 1])	cuda:2	True
2024-03-27 15:39:47,910 - INFO - encoder_blocks.1.st_attn.gconv.mlp.mlp.bias	torch.Size([32])	cuda:2	True
2024-03-27 15:39:47,910 - INFO - encoder_blocks.1.st_attn.reshape1.weight	torch.Size([32, 64])	cuda:2	True
2024-03-27 15:39:47,910 - INFO - encoder_blocks.1.st_attn.reshape1.bias	torch.Size([32])	cuda:2	True
2024-03-27 15:39:47,910 - INFO - encoder_blocks.1.st_attn.reshape2.weight	torch.Size([64, 32])	cuda:2	True
2024-03-27 15:39:47,910 - INFO - encoder_blocks.1.st_attn.reshape2.bias	torch.Size([64])	cuda:2	True
2024-03-27 15:39:47,910 - INFO - encoder_blocks.1.norm2.weight	torch.Size([64])	cuda:2	True
2024-03-27 15:39:47,910 - INFO - encoder_blocks.1.norm2.bias	torch.Size([64])	cuda:2	True
2024-03-27 15:39:47,910 - INFO - encoder_blocks.1.mlp.fc1.weight	torch.Size([256, 64])	cuda:2	True
2024-03-27 15:39:47,910 - INFO - encoder_blocks.1.mlp.fc1.bias	torch.Size([256])	cuda:2	True
2024-03-27 15:39:47,910 - INFO - encoder_blocks.1.mlp.fc2.weight	torch.Size([64, 256])	cuda:2	True
2024-03-27 15:39:47,910 - INFO - encoder_blocks.1.mlp.fc2.bias	torch.Size([64])	cuda:2	True
2024-03-27 15:39:47,911 - INFO - encoder_blocks.2.norm1.weight	torch.Size([64])	cuda:2	True
2024-03-27 15:39:47,911 - INFO - encoder_blocks.2.norm1.bias	torch.Size([64])	cuda:2	True
2024-03-27 15:39:47,911 - INFO - encoder_blocks.2.st_attn.nodevec_p1	torch.Size([288, 40])	cuda:2	True
2024-03-27 15:39:47,911 - INFO - encoder_blocks.2.st_attn.nodevec_p2	torch.Size([358, 40])	cuda:2	True
2024-03-27 15:39:47,911 - INFO - encoder_blocks.2.st_attn.nodevec_p3	torch.Size([358, 40])	cuda:2	True
2024-03-27 15:39:47,911 - INFO - encoder_blocks.2.st_attn.nodevec_pk	torch.Size([40, 40, 40])	cuda:2	True
2024-03-27 15:39:47,911 - INFO - encoder_blocks.2.st_attn.pattern_q_linears.0.weight	torch.Size([32, 64])	cuda:2	True
2024-03-27 15:39:47,911 - INFO - encoder_blocks.2.st_attn.pattern_q_linears.0.bias	torch.Size([32])	cuda:2	True
2024-03-27 15:39:47,911 - INFO - encoder_blocks.2.st_attn.pattern_k_linears.0.weight	torch.Size([32, 64])	cuda:2	True
2024-03-27 15:39:47,911 - INFO - encoder_blocks.2.st_attn.pattern_k_linears.0.bias	torch.Size([32])	cuda:2	True
2024-03-27 15:39:47,911 - INFO - encoder_blocks.2.st_attn.pattern_v_linears.0.weight	torch.Size([32, 64])	cuda:2	True
2024-03-27 15:39:47,911 - INFO - encoder_blocks.2.st_attn.pattern_v_linears.0.bias	torch.Size([32])	cuda:2	True
2024-03-27 15:39:47,911 - INFO - encoder_blocks.2.st_attn.geo_q_conv.weight	torch.Size([32, 64, 1, 1])	cuda:2	True
2024-03-27 15:39:47,911 - INFO - encoder_blocks.2.st_attn.geo_q_conv.bias	torch.Size([32])	cuda:2	True
2024-03-27 15:39:47,911 - INFO - encoder_blocks.2.st_attn.geo_k_conv.weight	torch.Size([32, 64, 1, 1])	cuda:2	True
2024-03-27 15:39:47,911 - INFO - encoder_blocks.2.st_attn.geo_k_conv.bias	torch.Size([32])	cuda:2	True
2024-03-27 15:39:47,911 - INFO - encoder_blocks.2.st_attn.geo_v_conv.weight	torch.Size([32, 64, 1, 1])	cuda:2	True
2024-03-27 15:39:47,911 - INFO - encoder_blocks.2.st_attn.geo_v_conv.bias	torch.Size([32])	cuda:2	True
2024-03-27 15:39:47,911 - INFO - encoder_blocks.2.st_attn.sem_q_conv.weight	torch.Size([16, 64, 1, 1])	cuda:2	True
2024-03-27 15:39:47,911 - INFO - encoder_blocks.2.st_attn.sem_q_conv.bias	torch.Size([16])	cuda:2	True
2024-03-27 15:39:47,911 - INFO - encoder_blocks.2.st_attn.sem_k_conv.weight	torch.Size([16, 64, 1, 1])	cuda:2	True
2024-03-27 15:39:47,911 - INFO - encoder_blocks.2.st_attn.sem_k_conv.bias	torch.Size([16])	cuda:2	True
2024-03-27 15:39:47,911 - INFO - encoder_blocks.2.st_attn.sem_v_conv.weight	torch.Size([16, 64, 1, 1])	cuda:2	True
2024-03-27 15:39:47,911 - INFO - encoder_blocks.2.st_attn.sem_v_conv.bias	torch.Size([16])	cuda:2	True
2024-03-27 15:39:47,911 - INFO - encoder_blocks.2.st_attn.t_q_conv.weight	torch.Size([16, 64, 1, 1])	cuda:2	True
2024-03-27 15:39:47,911 - INFO - encoder_blocks.2.st_attn.t_q_conv.bias	torch.Size([16])	cuda:2	True
2024-03-27 15:39:47,911 - INFO - encoder_blocks.2.st_attn.t_k_conv.weight	torch.Size([16, 64, 1, 1])	cuda:2	True
2024-03-27 15:39:47,912 - INFO - encoder_blocks.2.st_attn.t_k_conv.bias	torch.Size([16])	cuda:2	True
2024-03-27 15:39:47,912 - INFO - encoder_blocks.2.st_attn.t_v_conv.weight	torch.Size([16, 64, 1, 1])	cuda:2	True
2024-03-27 15:39:47,912 - INFO - encoder_blocks.2.st_attn.t_v_conv.bias	torch.Size([16])	cuda:2	True
2024-03-27 15:39:47,912 - INFO - encoder_blocks.2.st_attn.proj.weight	torch.Size([64, 48])	cuda:2	True
2024-03-27 15:39:47,912 - INFO - encoder_blocks.2.st_attn.proj.bias	torch.Size([64])	cuda:2	True
2024-03-27 15:39:47,912 - INFO - encoder_blocks.2.st_attn.gconv.mlp.mlp.weight	torch.Size([32, 96, 1, 1])	cuda:2	True
2024-03-27 15:39:47,912 - INFO - encoder_blocks.2.st_attn.gconv.mlp.mlp.bias	torch.Size([32])	cuda:2	True
2024-03-27 15:39:47,912 - INFO - encoder_blocks.2.st_attn.reshape1.weight	torch.Size([32, 64])	cuda:2	True
2024-03-27 15:39:47,912 - INFO - encoder_blocks.2.st_attn.reshape1.bias	torch.Size([32])	cuda:2	True
2024-03-27 15:39:47,912 - INFO - encoder_blocks.2.st_attn.reshape2.weight	torch.Size([64, 32])	cuda:2	True
2024-03-27 15:39:47,912 - INFO - encoder_blocks.2.st_attn.reshape2.bias	torch.Size([64])	cuda:2	True
2024-03-27 15:39:47,912 - INFO - encoder_blocks.2.norm2.weight	torch.Size([64])	cuda:2	True
2024-03-27 15:39:47,912 - INFO - encoder_blocks.2.norm2.bias	torch.Size([64])	cuda:2	True
2024-03-27 15:39:47,912 - INFO - encoder_blocks.2.mlp.fc1.weight	torch.Size([256, 64])	cuda:2	True
2024-03-27 15:39:47,912 - INFO - encoder_blocks.2.mlp.fc1.bias	torch.Size([256])	cuda:2	True
2024-03-27 15:39:47,912 - INFO - encoder_blocks.2.mlp.fc2.weight	torch.Size([64, 256])	cuda:2	True
2024-03-27 15:39:47,912 - INFO - encoder_blocks.2.mlp.fc2.bias	torch.Size([64])	cuda:2	True
2024-03-27 15:39:47,912 - INFO - encoder_blocks.3.norm1.weight	torch.Size([64])	cuda:2	True
2024-03-27 15:39:47,912 - INFO - encoder_blocks.3.norm1.bias	torch.Size([64])	cuda:2	True
2024-03-27 15:39:47,912 - INFO - encoder_blocks.3.st_attn.nodevec_p1	torch.Size([288, 40])	cuda:2	True
2024-03-27 15:39:47,912 - INFO - encoder_blocks.3.st_attn.nodevec_p2	torch.Size([358, 40])	cuda:2	True
2024-03-27 15:39:47,912 - INFO - encoder_blocks.3.st_attn.nodevec_p3	torch.Size([358, 40])	cuda:2	True
2024-03-27 15:39:47,912 - INFO - encoder_blocks.3.st_attn.nodevec_pk	torch.Size([40, 40, 40])	cuda:2	True
2024-03-27 15:39:47,912 - INFO - encoder_blocks.3.st_attn.pattern_q_linears.0.weight	torch.Size([32, 64])	cuda:2	True
2024-03-27 15:39:47,912 - INFO - encoder_blocks.3.st_attn.pattern_q_linears.0.bias	torch.Size([32])	cuda:2	True
2024-03-27 15:39:47,912 - INFO - encoder_blocks.3.st_attn.pattern_k_linears.0.weight	torch.Size([32, 64])	cuda:2	True
2024-03-27 15:39:47,913 - INFO - encoder_blocks.3.st_attn.pattern_k_linears.0.bias	torch.Size([32])	cuda:2	True
2024-03-27 15:39:47,913 - INFO - encoder_blocks.3.st_attn.pattern_v_linears.0.weight	torch.Size([32, 64])	cuda:2	True
2024-03-27 15:39:47,913 - INFO - encoder_blocks.3.st_attn.pattern_v_linears.0.bias	torch.Size([32])	cuda:2	True
2024-03-27 15:39:47,913 - INFO - encoder_blocks.3.st_attn.geo_q_conv.weight	torch.Size([32, 64, 1, 1])	cuda:2	True
2024-03-27 15:39:47,913 - INFO - encoder_blocks.3.st_attn.geo_q_conv.bias	torch.Size([32])	cuda:2	True
2024-03-27 15:39:47,913 - INFO - encoder_blocks.3.st_attn.geo_k_conv.weight	torch.Size([32, 64, 1, 1])	cuda:2	True
2024-03-27 15:39:47,913 - INFO - encoder_blocks.3.st_attn.geo_k_conv.bias	torch.Size([32])	cuda:2	True
2024-03-27 15:39:47,913 - INFO - encoder_blocks.3.st_attn.geo_v_conv.weight	torch.Size([32, 64, 1, 1])	cuda:2	True
2024-03-27 15:39:47,913 - INFO - encoder_blocks.3.st_attn.geo_v_conv.bias	torch.Size([32])	cuda:2	True
2024-03-27 15:39:47,913 - INFO - encoder_blocks.3.st_attn.sem_q_conv.weight	torch.Size([16, 64, 1, 1])	cuda:2	True
2024-03-27 15:39:47,913 - INFO - encoder_blocks.3.st_attn.sem_q_conv.bias	torch.Size([16])	cuda:2	True
2024-03-27 15:39:47,913 - INFO - encoder_blocks.3.st_attn.sem_k_conv.weight	torch.Size([16, 64, 1, 1])	cuda:2	True
2024-03-27 15:39:47,913 - INFO - encoder_blocks.3.st_attn.sem_k_conv.bias	torch.Size([16])	cuda:2	True
2024-03-27 15:39:47,913 - INFO - encoder_blocks.3.st_attn.sem_v_conv.weight	torch.Size([16, 64, 1, 1])	cuda:2	True
2024-03-27 15:39:47,913 - INFO - encoder_blocks.3.st_attn.sem_v_conv.bias	torch.Size([16])	cuda:2	True
2024-03-27 15:39:47,913 - INFO - encoder_blocks.3.st_attn.t_q_conv.weight	torch.Size([16, 64, 1, 1])	cuda:2	True
2024-03-27 15:39:47,913 - INFO - encoder_blocks.3.st_attn.t_q_conv.bias	torch.Size([16])	cuda:2	True
2024-03-27 15:39:47,913 - INFO - encoder_blocks.3.st_attn.t_k_conv.weight	torch.Size([16, 64, 1, 1])	cuda:2	True
2024-03-27 15:39:47,913 - INFO - encoder_blocks.3.st_attn.t_k_conv.bias	torch.Size([16])	cuda:2	True
2024-03-27 15:39:47,913 - INFO - encoder_blocks.3.st_attn.t_v_conv.weight	torch.Size([16, 64, 1, 1])	cuda:2	True
2024-03-27 15:39:47,913 - INFO - encoder_blocks.3.st_attn.t_v_conv.bias	torch.Size([16])	cuda:2	True
2024-03-27 15:39:47,913 - INFO - encoder_blocks.3.st_attn.proj.weight	torch.Size([64, 48])	cuda:2	True
2024-03-27 15:39:47,913 - INFO - encoder_blocks.3.st_attn.proj.bias	torch.Size([64])	cuda:2	True
2024-03-27 15:39:47,913 - INFO - encoder_blocks.3.st_attn.gconv.mlp.mlp.weight	torch.Size([32, 96, 1, 1])	cuda:2	True
2024-03-27 15:39:47,913 - INFO - encoder_blocks.3.st_attn.gconv.mlp.mlp.bias	torch.Size([32])	cuda:2	True
2024-03-27 15:39:47,913 - INFO - encoder_blocks.3.st_attn.reshape1.weight	torch.Size([32, 64])	cuda:2	True
2024-03-27 15:39:47,914 - INFO - encoder_blocks.3.st_attn.reshape1.bias	torch.Size([32])	cuda:2	True
2024-03-27 15:39:47,914 - INFO - encoder_blocks.3.st_attn.reshape2.weight	torch.Size([64, 32])	cuda:2	True
2024-03-27 15:39:47,914 - INFO - encoder_blocks.3.st_attn.reshape2.bias	torch.Size([64])	cuda:2	True
2024-03-27 15:39:47,914 - INFO - encoder_blocks.3.norm2.weight	torch.Size([64])	cuda:2	True
2024-03-27 15:39:47,914 - INFO - encoder_blocks.3.norm2.bias	torch.Size([64])	cuda:2	True
2024-03-27 15:39:47,914 - INFO - encoder_blocks.3.mlp.fc1.weight	torch.Size([256, 64])	cuda:2	True
2024-03-27 15:39:47,914 - INFO - encoder_blocks.3.mlp.fc1.bias	torch.Size([256])	cuda:2	True
2024-03-27 15:39:47,914 - INFO - encoder_blocks.3.mlp.fc2.weight	torch.Size([64, 256])	cuda:2	True
2024-03-27 15:39:47,914 - INFO - encoder_blocks.3.mlp.fc2.bias	torch.Size([64])	cuda:2	True
2024-03-27 15:39:47,914 - INFO - encoder_blocks.4.norm1.weight	torch.Size([64])	cuda:2	True
2024-03-27 15:39:47,914 - INFO - encoder_blocks.4.norm1.bias	torch.Size([64])	cuda:2	True
2024-03-27 15:39:47,914 - INFO - encoder_blocks.4.st_attn.nodevec_p1	torch.Size([288, 40])	cuda:2	True
2024-03-27 15:39:47,914 - INFO - encoder_blocks.4.st_attn.nodevec_p2	torch.Size([358, 40])	cuda:2	True
2024-03-27 15:39:47,914 - INFO - encoder_blocks.4.st_attn.nodevec_p3	torch.Size([358, 40])	cuda:2	True
2024-03-27 15:39:47,914 - INFO - encoder_blocks.4.st_attn.nodevec_pk	torch.Size([40, 40, 40])	cuda:2	True
2024-03-27 15:39:47,914 - INFO - encoder_blocks.4.st_attn.pattern_q_linears.0.weight	torch.Size([32, 64])	cuda:2	True
2024-03-27 15:39:47,914 - INFO - encoder_blocks.4.st_attn.pattern_q_linears.0.bias	torch.Size([32])	cuda:2	True
2024-03-27 15:39:47,914 - INFO - encoder_blocks.4.st_attn.pattern_k_linears.0.weight	torch.Size([32, 64])	cuda:2	True
2024-03-27 15:39:47,914 - INFO - encoder_blocks.4.st_attn.pattern_k_linears.0.bias	torch.Size([32])	cuda:2	True
2024-03-27 15:39:47,914 - INFO - encoder_blocks.4.st_attn.pattern_v_linears.0.weight	torch.Size([32, 64])	cuda:2	True
2024-03-27 15:39:47,914 - INFO - encoder_blocks.4.st_attn.pattern_v_linears.0.bias	torch.Size([32])	cuda:2	True
2024-03-27 15:39:47,914 - INFO - encoder_blocks.4.st_attn.geo_q_conv.weight	torch.Size([32, 64, 1, 1])	cuda:2	True
2024-03-27 15:39:47,914 - INFO - encoder_blocks.4.st_attn.geo_q_conv.bias	torch.Size([32])	cuda:2	True
2024-03-27 15:39:47,914 - INFO - encoder_blocks.4.st_attn.geo_k_conv.weight	torch.Size([32, 64, 1, 1])	cuda:2	True
2024-03-27 15:39:47,915 - INFO - encoder_blocks.4.st_attn.geo_k_conv.bias	torch.Size([32])	cuda:2	True
2024-03-27 15:39:47,915 - INFO - encoder_blocks.4.st_attn.geo_v_conv.weight	torch.Size([32, 64, 1, 1])	cuda:2	True
2024-03-27 15:39:47,915 - INFO - encoder_blocks.4.st_attn.geo_v_conv.bias	torch.Size([32])	cuda:2	True
2024-03-27 15:39:47,915 - INFO - encoder_blocks.4.st_attn.sem_q_conv.weight	torch.Size([16, 64, 1, 1])	cuda:2	True
2024-03-27 15:39:47,915 - INFO - encoder_blocks.4.st_attn.sem_q_conv.bias	torch.Size([16])	cuda:2	True
2024-03-27 15:39:47,915 - INFO - encoder_blocks.4.st_attn.sem_k_conv.weight	torch.Size([16, 64, 1, 1])	cuda:2	True
2024-03-27 15:39:47,915 - INFO - encoder_blocks.4.st_attn.sem_k_conv.bias	torch.Size([16])	cuda:2	True
2024-03-27 15:39:47,915 - INFO - encoder_blocks.4.st_attn.sem_v_conv.weight	torch.Size([16, 64, 1, 1])	cuda:2	True
2024-03-27 15:39:47,915 - INFO - encoder_blocks.4.st_attn.sem_v_conv.bias	torch.Size([16])	cuda:2	True
2024-03-27 15:39:47,915 - INFO - encoder_blocks.4.st_attn.t_q_conv.weight	torch.Size([16, 64, 1, 1])	cuda:2	True
2024-03-27 15:39:47,915 - INFO - encoder_blocks.4.st_attn.t_q_conv.bias	torch.Size([16])	cuda:2	True
2024-03-27 15:39:47,915 - INFO - encoder_blocks.4.st_attn.t_k_conv.weight	torch.Size([16, 64, 1, 1])	cuda:2	True
2024-03-27 15:39:47,915 - INFO - encoder_blocks.4.st_attn.t_k_conv.bias	torch.Size([16])	cuda:2	True
2024-03-27 15:39:47,915 - INFO - encoder_blocks.4.st_attn.t_v_conv.weight	torch.Size([16, 64, 1, 1])	cuda:2	True
2024-03-27 15:39:47,915 - INFO - encoder_blocks.4.st_attn.t_v_conv.bias	torch.Size([16])	cuda:2	True
2024-03-27 15:39:47,915 - INFO - encoder_blocks.4.st_attn.proj.weight	torch.Size([64, 48])	cuda:2	True
2024-03-27 15:39:47,915 - INFO - encoder_blocks.4.st_attn.proj.bias	torch.Size([64])	cuda:2	True
2024-03-27 15:39:47,915 - INFO - encoder_blocks.4.st_attn.gconv.mlp.mlp.weight	torch.Size([32, 96, 1, 1])	cuda:2	True
2024-03-27 15:39:47,915 - INFO - encoder_blocks.4.st_attn.gconv.mlp.mlp.bias	torch.Size([32])	cuda:2	True
2024-03-27 15:39:47,915 - INFO - encoder_blocks.4.st_attn.reshape1.weight	torch.Size([32, 64])	cuda:2	True
2024-03-27 15:39:47,915 - INFO - encoder_blocks.4.st_attn.reshape1.bias	torch.Size([32])	cuda:2	True
2024-03-27 15:39:47,915 - INFO - encoder_blocks.4.st_attn.reshape2.weight	torch.Size([64, 32])	cuda:2	True
2024-03-27 15:39:47,915 - INFO - encoder_blocks.4.st_attn.reshape2.bias	torch.Size([64])	cuda:2	True
2024-03-27 15:39:47,915 - INFO - encoder_blocks.4.norm2.weight	torch.Size([64])	cuda:2	True
2024-03-27 15:39:47,915 - INFO - encoder_blocks.4.norm2.bias	torch.Size([64])	cuda:2	True
2024-03-27 15:39:47,915 - INFO - encoder_blocks.4.mlp.fc1.weight	torch.Size([256, 64])	cuda:2	True
2024-03-27 15:39:47,916 - INFO - encoder_blocks.4.mlp.fc1.bias	torch.Size([256])	cuda:2	True
2024-03-27 15:39:47,916 - INFO - encoder_blocks.4.mlp.fc2.weight	torch.Size([64, 256])	cuda:2	True
2024-03-27 15:39:47,916 - INFO - encoder_blocks.4.mlp.fc2.bias	torch.Size([64])	cuda:2	True
2024-03-27 15:39:47,916 - INFO - skip_convs.0.weight	torch.Size([256, 64, 1, 1])	cuda:2	True
2024-03-27 15:39:47,916 - INFO - skip_convs.0.bias	torch.Size([256])	cuda:2	True
2024-03-27 15:39:47,916 - INFO - skip_convs.1.weight	torch.Size([256, 64, 1, 1])	cuda:2	True
2024-03-27 15:39:47,916 - INFO - skip_convs.1.bias	torch.Size([256])	cuda:2	True
2024-03-27 15:39:47,916 - INFO - skip_convs.2.weight	torch.Size([256, 64, 1, 1])	cuda:2	True
2024-03-27 15:39:47,916 - INFO - skip_convs.2.bias	torch.Size([256])	cuda:2	True
2024-03-27 15:39:47,916 - INFO - skip_convs.3.weight	torch.Size([256, 64, 1, 1])	cuda:2	True
2024-03-27 15:39:47,916 - INFO - skip_convs.3.bias	torch.Size([256])	cuda:2	True
2024-03-27 15:39:47,916 - INFO - skip_convs.4.weight	torch.Size([256, 64, 1, 1])	cuda:2	True
2024-03-27 15:39:47,916 - INFO - skip_convs.4.bias	torch.Size([256])	cuda:2	True
2024-03-27 15:39:47,916 - INFO - end_conv1.weight	torch.Size([12, 12, 1, 1])	cuda:2	True
2024-03-27 15:39:47,916 - INFO - end_conv1.bias	torch.Size([12])	cuda:2	True
2024-03-27 15:39:47,916 - INFO - end_conv2.weight	torch.Size([1, 256, 1, 1])	cuda:2	True
2024-03-27 15:39:47,916 - INFO - end_conv2.bias	torch.Size([1])	cuda:2	True
2024-03-27 15:39:47,917 - INFO - Total parameter numbers: 1011037
2024-03-27 15:39:47,918 - INFO - You select `adamw` optimizer.
2024-03-27 15:39:47,919 - INFO - You select `cosinelr` lr_scheduler.
2024-03-27 15:39:47,919 - WARNING - Received none train loss func and will use the loss func defined in the model.module.
2024-03-27 15:39:47,921 - INFO - Number of isolated points: 0
2024-03-27 15:39:47,967 - INFO - Start training ...
2024-03-27 15:39:47,967 - INFO - num_batches:982
2024-03-27 15:39:48,055 - INFO - Training: task_level increase from 0 to 1
2024-03-27 15:39:48,055 - INFO - Current batches_seen is 0
2024-03-27 15:43:32,655 - INFO - epoch complete!
2024-03-27 15:43:32,656 - INFO - evaluating now!
2024-03-27 15:43:50,524 - INFO - Epoch [0/300] (982) train_loss: 239.5730, val_loss: 258.4224, lr: 0.000201, 242.56s
2024-03-27 15:43:50,569 - INFO - Saved model at 0
2024-03-27 15:43:50,570 - INFO - Val loss decrease from inf to 258.4224, saving to ./libcity/cache/85578/model_cache/PDFormer_PeMS03_epoch0.tar
2024-03-27 15:47:35,793 - INFO - epoch complete!
2024-03-27 15:47:35,794 - INFO - evaluating now!
2024-03-27 15:47:53,648 - INFO - Epoch [1/300] (1964) train_loss: 58.2727, val_loss: 241.4284, lr: 0.000401, 243.08s
2024-03-27 15:47:53,691 - INFO - Saved model at 1
2024-03-27 15:47:53,691 - INFO - Val loss decrease from 258.4224 to 241.4284, saving to ./libcity/cache/85578/model_cache/PDFormer_PeMS03_epoch1.tar
2024-03-27 15:47:53,741 - INFO - Training: task_level increase from 1 to 2
2024-03-27 15:47:53,741 - INFO - Current batches_seen is 1964
2024-03-27 15:51:50,411 - INFO - epoch complete!
2024-03-27 15:51:50,411 - INFO - evaluating now!
2024-03-27 15:52:08,418 - INFO - Epoch [2/300] (2946) train_loss: 40.9123, val_loss: 174.4565, lr: 0.000600, 254.73s
2024-03-27 15:52:08,465 - INFO - Saved model at 2
2024-03-27 15:52:08,465 - INFO - Val loss decrease from 241.4284 to 174.4565, saving to ./libcity/cache/85578/model_cache/PDFormer_PeMS03_epoch2.tar
2024-03-27 15:56:02,267 - INFO - epoch complete!
2024-03-27 15:56:02,267 - INFO - evaluating now!
2024-03-27 15:56:20,299 - INFO - Epoch [3/300] (3928) train_loss: 34.1365, val_loss: 194.9825, lr: 0.000800, 251.83s
2024-03-27 15:56:20,351 - INFO - Training: task_level increase from 2 to 3
2024-03-27 15:56:20,351 - INFO - Current batches_seen is 3928
2024-03-27 16:00:16,664 - INFO - epoch complete!
2024-03-27 16:00:16,665 - INFO - evaluating now!
2024-03-27 16:00:34,799 - INFO - Epoch [4/300] (4910) train_loss: 32.5308, val_loss: 167.8539, lr: 0.000999, 254.50s
2024-03-27 16:00:34,841 - INFO - Saved model at 4
2024-03-27 16:00:34,842 - INFO - Val loss decrease from 174.4565 to 167.8539, saving to ./libcity/cache/85578/model_cache/PDFormer_PeMS03_epoch4.tar
2024-03-27 16:04:28,175 - INFO - epoch complete!
2024-03-27 16:04:28,176 - INFO - evaluating now!
2024-03-27 16:04:46,293 - INFO - Epoch [5/300] (5892) train_loss: 30.4949, val_loss: 159.3533, lr: 0.000999, 251.45s
2024-03-27 16:04:46,336 - INFO - Saved model at 5
2024-03-27 16:04:46,336 - INFO - Val loss decrease from 167.8539 to 159.3533, saving to ./libcity/cache/85578/model_cache/PDFormer_PeMS03_epoch5.tar
2024-03-27 16:04:46,386 - INFO - Training: task_level increase from 3 to 4
2024-03-27 16:04:46,386 - INFO - Current batches_seen is 5892
2024-03-27 16:08:44,269 - INFO - epoch complete!
2024-03-27 16:08:44,270 - INFO - evaluating now!
2024-03-27 16:09:02,509 - INFO - Epoch [6/300] (6874) train_loss: 31.2498, val_loss: 134.5385, lr: 0.000999, 256.17s
2024-03-27 16:09:02,557 - INFO - Saved model at 6
2024-03-27 16:09:02,557 - INFO - Val loss decrease from 159.3533 to 134.5385, saving to ./libcity/cache/85578/model_cache/PDFormer_PeMS03_epoch6.tar
2024-03-27 16:13:01,527 - INFO - epoch complete!
2024-03-27 16:13:01,528 - INFO - evaluating now!
2024-03-27 16:13:19,685 - INFO - Epoch [7/300] (7856) train_loss: 29.6719, val_loss: 132.2672, lr: 0.000998, 257.13s
2024-03-27 16:13:19,729 - INFO - Saved model at 7
2024-03-27 16:13:19,730 - INFO - Val loss decrease from 134.5385 to 132.2672, saving to ./libcity/cache/85578/model_cache/PDFormer_PeMS03_epoch7.tar
2024-03-27 16:13:19,783 - INFO - Training: task_level increase from 4 to 5
2024-03-27 16:13:19,783 - INFO - Current batches_seen is 7856
2024-03-27 16:17:17,959 - INFO - epoch complete!
2024-03-27 16:17:17,960 - INFO - evaluating now!
2024-03-27 16:17:35,913 - INFO - Epoch [8/300] (8838) train_loss: 30.4484, val_loss: 114.5222, lr: 0.000998, 256.18s
2024-03-27 16:17:35,965 - INFO - Saved model at 8
2024-03-27 16:17:35,965 - INFO - Val loss decrease from 132.2672 to 114.5222, saving to ./libcity/cache/85578/model_cache/PDFormer_PeMS03_epoch8.tar
2024-03-27 16:21:32,613 - INFO - epoch complete!
2024-03-27 16:21:32,613 - INFO - evaluating now!
2024-03-27 16:21:50,610 - INFO - Epoch [9/300] (9820) train_loss: 29.3185, val_loss: 115.2911, lr: 0.000998, 254.64s
2024-03-27 16:21:50,660 - INFO - Training: task_level increase from 5 to 6
2024-03-27 16:21:50,661 - INFO - Current batches_seen is 9820
2024-03-27 16:25:47,151 - INFO - epoch complete!
2024-03-27 16:25:47,151 - INFO - evaluating now!
2024-03-27 16:26:05,381 - INFO - Epoch [10/300] (10802) train_loss: 29.5872, val_loss: 112.9382, lr: 0.000997, 254.77s
2024-03-27 16:26:05,425 - INFO - Saved model at 10
2024-03-27 16:26:05,425 - INFO - Val loss decrease from 114.5222 to 112.9382, saving to ./libcity/cache/85578/model_cache/PDFormer_PeMS03_epoch10.tar
2024-03-27 16:30:06,639 - INFO - epoch complete!
2024-03-27 16:30:06,639 - INFO - evaluating now!
2024-03-27 16:30:24,741 - INFO - Epoch [11/300] (11784) train_loss: 29.1373, val_loss: 113.7541, lr: 0.000996, 259.32s
2024-03-27 16:30:24,794 - INFO - Training: task_level increase from 6 to 7
2024-03-27 16:30:24,794 - INFO - Current batches_seen is 11784
2024-03-27 16:34:22,671 - INFO - epoch complete!
2024-03-27 16:34:22,671 - INFO - evaluating now!
2024-03-27 16:34:40,838 - INFO - Epoch [12/300] (12766) train_loss: 29.9268, val_loss: 98.4823, lr: 0.000996, 256.10s
2024-03-27 16:34:40,883 - INFO - Saved model at 12
2024-03-27 16:34:40,884 - INFO - Val loss decrease from 112.9382 to 98.4823, saving to ./libcity/cache/85578/model_cache/PDFormer_PeMS03_epoch12.tar
2024-03-27 16:38:37,345 - INFO - epoch complete!
2024-03-27 16:38:37,346 - INFO - evaluating now!
2024-03-27 16:38:55,547 - INFO - Epoch [13/300] (13748) train_loss: 28.9878, val_loss: 99.1109, lr: 0.000995, 254.66s
2024-03-27 16:38:55,599 - INFO - Training: task_level increase from 7 to 8
2024-03-27 16:38:55,599 - INFO - Current batches_seen is 13748
2024-03-27 16:42:55,163 - INFO - epoch complete!
2024-03-27 16:42:55,164 - INFO - evaluating now!
2024-03-27 16:43:13,325 - INFO - Epoch [14/300] (14730) train_loss: 29.4065, val_loss: 92.2996, lr: 0.000994, 257.78s
2024-03-27 16:43:13,372 - INFO - Saved model at 14
2024-03-27 16:43:13,372 - INFO - Val loss decrease from 98.4823 to 92.2996, saving to ./libcity/cache/85578/model_cache/PDFormer_PeMS03_epoch14.tar
2024-03-27 16:47:08,343 - INFO - epoch complete!
2024-03-27 16:47:08,344 - INFO - evaluating now!
2024-03-27 16:47:26,322 - INFO - Epoch [15/300] (15712) train_loss: 28.9538, val_loss: 92.5641, lr: 0.000994, 252.95s
2024-03-27 16:47:26,375 - INFO - Training: task_level increase from 8 to 9
2024-03-27 16:47:26,375 - INFO - Current batches_seen is 15712
2024-03-27 16:51:23,730 - INFO - epoch complete!
2024-03-27 16:51:23,730 - INFO - evaluating now!
2024-03-27 16:51:41,840 - INFO - Epoch [16/300] (16694) train_loss: 29.7885, val_loss: 75.6996, lr: 0.000993, 255.52s
2024-03-27 16:51:41,883 - INFO - Saved model at 16
2024-03-27 16:51:41,883 - INFO - Val loss decrease from 92.2996 to 75.6996, saving to ./libcity/cache/85578/model_cache/PDFormer_PeMS03_epoch16.tar
2024-03-27 16:55:37,689 - INFO - epoch complete!
2024-03-27 16:55:37,690 - INFO - evaluating now!
2024-03-27 16:55:55,807 - INFO - Epoch [17/300] (17676) train_loss: 28.7987, val_loss: 75.9599, lr: 0.000992, 253.92s
2024-03-27 16:55:55,858 - INFO - Training: task_level increase from 9 to 10
2024-03-27 16:55:55,858 - INFO - Current batches_seen is 17676
2024-03-27 16:59:54,296 - INFO - epoch complete!
2024-03-27 16:59:54,297 - INFO - evaluating now!
2024-03-27 17:00:12,328 - INFO - Epoch [18/300] (18658) train_loss: 29.4717, val_loss: 58.7854, lr: 0.000991, 256.52s
2024-03-27 17:00:12,371 - INFO - Saved model at 18
2024-03-27 17:00:12,371 - INFO - Val loss decrease from 75.6996 to 58.7854, saving to ./libcity/cache/85578/model_cache/PDFormer_PeMS03_epoch18.tar
2024-03-27 17:04:06,600 - INFO - epoch complete!
2024-03-27 17:04:06,601 - INFO - evaluating now!
2024-03-27 17:04:24,748 - INFO - Epoch [19/300] (19640) train_loss: 28.7565, val_loss: 58.5602, lr: 0.000990, 252.38s
2024-03-27 17:04:24,792 - INFO - Saved model at 19
2024-03-27 17:04:24,792 - INFO - Val loss decrease from 58.7854 to 58.5602, saving to ./libcity/cache/85578/model_cache/PDFormer_PeMS03_epoch19.tar
2024-03-27 17:04:24,842 - INFO - Training: task_level increase from 10 to 11
2024-03-27 17:04:24,843 - INFO - Current batches_seen is 19640
2024-03-27 17:08:21,147 - INFO - epoch complete!
2024-03-27 17:08:21,148 - INFO - evaluating now!
2024-03-27 17:08:39,059 - INFO - Epoch [20/300] (20622) train_loss: 29.1397, val_loss: 41.9409, lr: 0.000989, 254.27s
2024-03-27 17:08:39,104 - INFO - Saved model at 20
2024-03-27 17:08:39,104 - INFO - Val loss decrease from 58.5602 to 41.9409, saving to ./libcity/cache/85578/model_cache/PDFormer_PeMS03_epoch20.tar
2024-03-27 17:12:34,797 - INFO - epoch complete!
2024-03-27 17:12:34,798 - INFO - evaluating now!
2024-03-27 17:12:52,789 - INFO - Epoch [21/300] (21604) train_loss: 28.6454, val_loss: 41.8806, lr: 0.000988, 253.68s
2024-03-27 17:12:52,841 - INFO - Saved model at 21
2024-03-27 17:12:52,841 - INFO - Val loss decrease from 41.9409 to 41.8806, saving to ./libcity/cache/85578/model_cache/PDFormer_PeMS03_epoch21.tar
2024-03-27 17:12:52,893 - INFO - Training: task_level increase from 11 to 12
2024-03-27 17:12:52,893 - INFO - Current batches_seen is 21604
2024-03-27 17:16:43,754 - INFO - epoch complete!
2024-03-27 17:16:43,755 - INFO - evaluating now!
2024-03-27 17:17:01,768 - INFO - Epoch [22/300] (22586) train_loss: 29.0202, val_loss: 28.2031, lr: 0.000987, 248.93s
2024-03-27 17:17:01,822 - INFO - Saved model at 22
2024-03-27 17:17:01,822 - INFO - Val loss decrease from 41.8806 to 28.2031, saving to ./libcity/cache/85578/model_cache/PDFormer_PeMS03_epoch22.tar
2024-03-27 17:20:47,453 - INFO - epoch complete!
2024-03-27 17:20:47,454 - INFO - evaluating now!
2024-03-27 17:21:05,315 - INFO - Epoch [23/300] (23568) train_loss: 28.6273, val_loss: 29.8565, lr: 0.000986, 243.49s
2024-03-27 17:24:50,502 - INFO - epoch complete!
2024-03-27 17:24:50,503 - INFO - evaluating now!
2024-03-27 17:25:08,348 - INFO - Epoch [24/300] (24550) train_loss: 28.3145, val_loss: 27.7522, lr: 0.000985, 243.03s
2024-03-27 17:25:08,392 - INFO - Saved model at 24
2024-03-27 17:25:08,393 - INFO - Val loss decrease from 28.2031 to 27.7522, saving to ./libcity/cache/85578/model_cache/PDFormer_PeMS03_epoch24.tar
2024-03-27 17:28:53,670 - INFO - epoch complete!
2024-03-27 17:28:53,671 - INFO - evaluating now!
2024-03-27 17:29:11,482 - INFO - Epoch [25/300] (25532) train_loss: 28.1286, val_loss: 28.5065, lr: 0.000983, 243.09s
2024-03-27 17:33:01,108 - INFO - epoch complete!
2024-03-27 17:33:01,109 - INFO - evaluating now!
2024-03-27 17:33:18,783 - INFO - Epoch [26/300] (26514) train_loss: 27.9490, val_loss: 27.6107, lr: 0.000982, 247.30s
2024-03-27 17:33:18,826 - INFO - Saved model at 26
2024-03-27 17:33:18,827 - INFO - Val loss decrease from 27.7522 to 27.6107, saving to ./libcity/cache/85578/model_cache/PDFormer_PeMS03_epoch26.tar
2024-03-27 17:37:03,021 - INFO - epoch complete!
2024-03-27 17:37:03,022 - INFO - evaluating now!
2024-03-27 17:37:20,666 - INFO - Epoch [27/300] (27496) train_loss: 27.7886, val_loss: 27.6857, lr: 0.000981, 241.84s
2024-03-27 17:41:04,081 - INFO - epoch complete!
2024-03-27 17:41:04,081 - INFO - evaluating now!
2024-03-27 17:41:21,735 - INFO - Epoch [28/300] (28478) train_loss: 27.5781, val_loss: 28.5241, lr: 0.000979, 241.07s
2024-03-27 17:45:05,276 - INFO - epoch complete!
2024-03-27 17:45:05,276 - INFO - evaluating now!
2024-03-27 17:45:22,926 - INFO - Epoch [29/300] (29460) train_loss: 27.5873, val_loss: 26.9651, lr: 0.000978, 241.19s
2024-03-27 17:45:22,969 - INFO - Saved model at 29
2024-03-27 17:45:22,969 - INFO - Val loss decrease from 27.6107 to 26.9651, saving to ./libcity/cache/85578/model_cache/PDFormer_PeMS03_epoch29.tar
2024-03-27 17:49:16,348 - INFO - epoch complete!
2024-03-27 17:49:16,349 - INFO - evaluating now!
2024-03-27 17:49:34,074 - INFO - Epoch [30/300] (30442) train_loss: 27.2970, val_loss: 27.1000, lr: 0.000976, 251.10s
2024-03-27 17:53:19,967 - INFO - epoch complete!
2024-03-27 17:53:19,968 - INFO - evaluating now!
2024-03-27 17:53:38,763 - INFO - Epoch [31/300] (31424) train_loss: 27.2202, val_loss: 26.8466, lr: 0.000975, 244.69s
2024-03-27 17:53:38,809 - INFO - Saved model at 31
2024-03-27 17:53:38,810 - INFO - Val loss decrease from 26.9651 to 26.8466, saving to ./libcity/cache/85578/model_cache/PDFormer_PeMS03_epoch31.tar
2024-03-27 17:57:31,158 - INFO - epoch complete!
2024-03-27 17:57:31,159 - INFO - evaluating now!
2024-03-27 17:57:48,753 - INFO - Epoch [32/300] (32406) train_loss: 27.1628, val_loss: 26.8823, lr: 0.000973, 249.94s
2024-03-27 18:01:47,854 - INFO - epoch complete!
2024-03-27 18:01:47,854 - INFO - evaluating now!
2024-03-27 18:02:05,434 - INFO - Epoch [33/300] (33388) train_loss: 27.0184, val_loss: 27.8097, lr: 0.000972, 256.68s
2024-03-27 18:05:50,643 - INFO - epoch complete!
2024-03-27 18:05:50,643 - INFO - evaluating now!
2024-03-27 18:06:08,232 - INFO - Epoch [34/300] (34370) train_loss: 27.0716, val_loss: 26.7429, lr: 0.000970, 242.80s
2024-03-27 18:06:08,278 - INFO - Saved model at 34
2024-03-27 18:06:08,278 - INFO - Val loss decrease from 26.8466 to 26.7429, saving to ./libcity/cache/85578/model_cache/PDFormer_PeMS03_epoch34.tar
2024-03-27 18:09:52,687 - INFO - epoch complete!
2024-03-27 18:09:52,688 - INFO - evaluating now!
2024-03-27 18:10:10,277 - INFO - Epoch [35/300] (35352) train_loss: 26.9815, val_loss: 27.6435, lr: 0.000968, 242.00s
2024-03-27 18:13:58,916 - INFO - epoch complete!
2024-03-27 18:13:58,917 - INFO - evaluating now!
2024-03-27 18:14:16,498 - INFO - Epoch [36/300] (36334) train_loss: 26.8395, val_loss: 26.9910, lr: 0.000967, 246.22s
2024-03-27 18:18:03,591 - INFO - epoch complete!
2024-03-27 18:18:03,592 - INFO - evaluating now!
2024-03-27 18:18:21,194 - INFO - Epoch [37/300] (37316) train_loss: 26.8110, val_loss: 26.9319, lr: 0.000965, 244.70s
2024-03-27 18:22:08,542 - INFO - epoch complete!
2024-03-27 18:22:08,543 - INFO - evaluating now!
2024-03-27 18:22:26,130 - INFO - Epoch [38/300] (38298) train_loss: 26.7428, val_loss: 27.1334, lr: 0.000963, 244.94s
2024-03-27 18:26:10,831 - INFO - epoch complete!
2024-03-27 18:26:10,832 - INFO - evaluating now!
2024-03-27 18:26:28,424 - INFO - Epoch [39/300] (39280) train_loss: 26.6264, val_loss: 27.2798, lr: 0.000961, 242.29s
2024-03-27 18:30:13,085 - INFO - epoch complete!
2024-03-27 18:30:13,086 - INFO - evaluating now!
2024-03-27 18:30:30,682 - INFO - Epoch [40/300] (40262) train_loss: 26.5353, val_loss: 26.4489, lr: 0.000959, 242.26s
2024-03-27 18:30:30,726 - INFO - Saved model at 40
2024-03-27 18:30:30,726 - INFO - Val loss decrease from 26.7429 to 26.4489, saving to ./libcity/cache/85578/model_cache/PDFormer_PeMS03_epoch40.tar
2024-03-27 18:34:15,801 - INFO - epoch complete!
2024-03-27 18:34:15,801 - INFO - evaluating now!
2024-03-27 18:34:33,436 - INFO - Epoch [41/300] (41244) train_loss: 26.5026, val_loss: 26.4528, lr: 0.000957, 242.71s
2024-03-27 18:38:22,054 - INFO - epoch complete!
2024-03-27 18:38:22,054 - INFO - evaluating now!
2024-03-27 18:38:39,676 - INFO - Epoch [42/300] (42226) train_loss: 26.5751, val_loss: 26.8847, lr: 0.000955, 246.24s
2024-03-27 18:42:28,738 - INFO - epoch complete!
2024-03-27 18:42:28,739 - INFO - evaluating now!
2024-03-27 18:42:46,355 - INFO - Epoch [43/300] (43208) train_loss: 26.5499, val_loss: 26.4249, lr: 0.000953, 246.68s
2024-03-27 18:42:46,399 - INFO - Saved model at 43
2024-03-27 18:42:46,399 - INFO - Val loss decrease from 26.4489 to 26.4249, saving to ./libcity/cache/85578/model_cache/PDFormer_PeMS03_epoch43.tar
2024-03-27 18:46:31,372 - INFO - epoch complete!
2024-03-27 18:46:31,373 - INFO - evaluating now!
2024-03-27 18:46:48,991 - INFO - Epoch [44/300] (44190) train_loss: 26.4150, val_loss: 27.4321, lr: 0.000951, 242.59s
2024-03-27 18:50:33,995 - INFO - epoch complete!
2024-03-27 18:50:33,996 - INFO - evaluating now!
2024-03-27 18:50:51,621 - INFO - Epoch [45/300] (45172) train_loss: 26.5575, val_loss: 26.8348, lr: 0.000949, 242.63s
2024-03-27 18:54:36,466 - INFO - epoch complete!
2024-03-27 18:54:36,467 - INFO - evaluating now!
2024-03-27 18:54:54,013 - INFO - Epoch [46/300] (46154) train_loss: 26.3134, val_loss: 26.6015, lr: 0.000947, 242.39s
2024-03-27 18:58:38,619 - INFO - epoch complete!
2024-03-27 18:58:38,619 - INFO - evaluating now!
2024-03-27 18:58:56,184 - INFO - Epoch [47/300] (47136) train_loss: 26.2531, val_loss: 26.4095, lr: 0.000944, 242.17s
2024-03-27 18:58:56,229 - INFO - Saved model at 47
2024-03-27 18:58:56,229 - INFO - Val loss decrease from 26.4249 to 26.4095, saving to ./libcity/cache/85578/model_cache/PDFormer_PeMS03_epoch47.tar
2024-03-27 19:02:40,992 - INFO - epoch complete!
2024-03-27 19:02:40,993 - INFO - evaluating now!
2024-03-27 19:02:58,566 - INFO - Epoch [48/300] (48118) train_loss: 26.3906, val_loss: 26.5107, lr: 0.000942, 242.34s
2024-03-27 19:06:43,153 - INFO - epoch complete!
2024-03-27 19:06:43,153 - INFO - evaluating now!
2024-03-27 19:07:00,659 - INFO - Epoch [49/300] (49100) train_loss: 26.2282, val_loss: 26.4375, lr: 0.000940, 242.09s
2024-03-27 19:10:45,111 - INFO - epoch complete!
2024-03-27 19:10:45,112 - INFO - evaluating now!
2024-03-27 19:11:02,613 - INFO - Epoch [50/300] (50082) train_loss: 26.2999, val_loss: 26.6134, lr: 0.000937, 241.95s
2024-03-27 19:14:47,028 - INFO - epoch complete!
2024-03-27 19:14:47,029 - INFO - evaluating now!
2024-03-27 19:15:04,538 - INFO - Epoch [51/300] (51064) train_loss: 26.1961, val_loss: 26.6905, lr: 0.000935, 241.92s
2024-03-27 19:18:49,066 - INFO - epoch complete!
2024-03-27 19:18:49,066 - INFO - evaluating now!
2024-03-27 19:19:06,583 - INFO - Epoch [52/300] (52046) train_loss: 26.2101, val_loss: 26.4745, lr: 0.000932, 242.05s
2024-03-27 19:22:51,011 - INFO - epoch complete!
2024-03-27 19:22:51,011 - INFO - evaluating now!
2024-03-27 19:23:08,533 - INFO - Epoch [53/300] (53028) train_loss: 26.0801, val_loss: 26.9738, lr: 0.000930, 241.95s
2024-03-27 19:27:04,237 - INFO - epoch complete!
2024-03-27 19:27:04,238 - INFO - evaluating now!
2024-03-27 19:27:21,751 - INFO - Epoch [54/300] (54010) train_loss: 26.0237, val_loss: 26.2671, lr: 0.000927, 253.22s
2024-03-27 19:27:21,795 - INFO - Saved model at 54
2024-03-27 19:27:21,795 - INFO - Val loss decrease from 26.4095 to 26.2671, saving to ./libcity/cache/85578/model_cache/PDFormer_PeMS03_epoch54.tar
2024-03-27 19:31:06,075 - INFO - epoch complete!
2024-03-27 19:31:06,075 - INFO - evaluating now!
2024-03-27 19:31:23,583 - INFO - Epoch [55/300] (54992) train_loss: 26.0094, val_loss: 26.5639, lr: 0.000925, 241.79s
2024-03-27 19:35:08,233 - INFO - epoch complete!
2024-03-27 19:35:08,234 - INFO - evaluating now!
2024-03-27 19:35:25,746 - INFO - Epoch [56/300] (55974) train_loss: 26.0563, val_loss: 26.3144, lr: 0.000922, 242.16s
2024-03-27 19:39:10,337 - INFO - epoch complete!
2024-03-27 19:39:10,337 - INFO - evaluating now!
2024-03-27 19:39:27,911 - INFO - Epoch [57/300] (56956) train_loss: 25.9526, val_loss: 26.4396, lr: 0.000920, 242.16s
2024-03-27 19:43:15,599 - INFO - epoch complete!
2024-03-27 19:43:15,600 - INFO - evaluating now!
2024-03-27 19:43:33,279 - INFO - Epoch [58/300] (57938) train_loss: 26.0084, val_loss: 26.1954, lr: 0.000917, 245.37s
2024-03-27 19:43:33,323 - INFO - Saved model at 58
2024-03-27 19:43:33,323 - INFO - Val loss decrease from 26.2671 to 26.1954, saving to ./libcity/cache/85578/model_cache/PDFormer_PeMS03_epoch58.tar
2024-03-27 19:47:25,869 - INFO - epoch complete!
2024-03-27 19:47:25,870 - INFO - evaluating now!
2024-03-27 19:47:43,485 - INFO - Epoch [59/300] (58920) train_loss: 25.8116, val_loss: 26.2728, lr: 0.000914, 250.16s
2024-03-27 19:51:29,665 - INFO - epoch complete!
2024-03-27 19:51:29,665 - INFO - evaluating now!
2024-03-27 19:51:47,285 - INFO - Epoch [60/300] (59902) train_loss: 25.8967, val_loss: 26.3484, lr: 0.000911, 243.80s
2024-03-27 19:55:33,859 - INFO - epoch complete!
2024-03-27 19:55:33,859 - INFO - evaluating now!
2024-03-27 19:55:51,502 - INFO - Epoch [61/300] (60884) train_loss: 25.8404, val_loss: 27.0700, lr: 0.000908, 244.22s
2024-03-27 19:59:37,503 - INFO - epoch complete!
2024-03-27 19:59:37,503 - INFO - evaluating now!
2024-03-27 19:59:55,098 - INFO - Epoch [62/300] (61866) train_loss: 25.8990, val_loss: 25.9779, lr: 0.000906, 243.60s
2024-03-27 19:59:55,144 - INFO - Saved model at 62
2024-03-27 19:59:55,144 - INFO - Val loss decrease from 26.1954 to 25.9779, saving to ./libcity/cache/85578/model_cache/PDFormer_PeMS03_epoch62.tar
2024-03-27 20:03:41,208 - INFO - epoch complete!
2024-03-27 20:03:41,209 - INFO - evaluating now!
2024-03-27 20:03:58,873 - INFO - Epoch [63/300] (62848) train_loss: 25.7071, val_loss: 26.0373, lr: 0.000903, 243.73s
2024-03-27 20:07:45,156 - INFO - epoch complete!
2024-03-27 20:07:45,156 - INFO - evaluating now!
2024-03-27 20:08:02,773 - INFO - Epoch [64/300] (63830) train_loss: 25.7381, val_loss: 26.0446, lr: 0.000900, 243.90s
2024-03-27 20:11:50,855 - INFO - epoch complete!
2024-03-27 20:11:50,856 - INFO - evaluating now!
2024-03-27 20:12:08,593 - INFO - Epoch [65/300] (64812) train_loss: 25.6440, val_loss: 26.1022, lr: 0.000897, 245.82s
2024-03-27 20:15:55,990 - INFO - epoch complete!
2024-03-27 20:15:55,991 - INFO - evaluating now!
2024-03-27 20:16:13,694 - INFO - Epoch [66/300] (65794) train_loss: 25.6769, val_loss: 26.2050, lr: 0.000894, 245.10s
2024-03-27 20:20:01,147 - INFO - epoch complete!
2024-03-27 20:20:01,148 - INFO - evaluating now!
2024-03-27 20:20:18,892 - INFO - Epoch [67/300] (66776) train_loss: 25.6978, val_loss: 26.9820, lr: 0.000891, 245.20s
2024-03-27 20:24:06,093 - INFO - epoch complete!
2024-03-27 20:24:06,093 - INFO - evaluating now!
2024-03-27 20:24:23,830 - INFO - Epoch [68/300] (67758) train_loss: 25.6052, val_loss: 26.1976, lr: 0.000888, 244.94s
2024-03-27 20:28:18,421 - INFO - epoch complete!
2024-03-27 20:28:18,422 - INFO - evaluating now!
2024-03-27 20:28:36,165 - INFO - Epoch [69/300] (68740) train_loss: 25.5294, val_loss: 26.0625, lr: 0.000884, 252.33s
2024-03-27 20:32:30,914 - INFO - epoch complete!
2024-03-27 20:32:30,915 - INFO - evaluating now!
2024-03-27 20:32:48,682 - INFO - Epoch [70/300] (69722) train_loss: 25.5242, val_loss: 27.0236, lr: 0.000881, 252.52s
2024-03-27 20:36:36,614 - INFO - epoch complete!
2024-03-27 20:36:36,615 - INFO - evaluating now!
2024-03-27 20:36:54,385 - INFO - Epoch [71/300] (70704) train_loss: 25.5028, val_loss: 27.1646, lr: 0.000878, 245.70s
2024-03-27 20:40:44,037 - INFO - epoch complete!
2024-03-27 20:40:44,038 - INFO - evaluating now!
2024-03-27 20:41:01,750 - INFO - Epoch [72/300] (71686) train_loss: 25.4037, val_loss: 27.1204, lr: 0.000875, 247.36s
2024-03-27 20:44:59,868 - INFO - epoch complete!
2024-03-27 20:44:59,869 - INFO - evaluating now!
2024-03-27 20:45:17,580 - INFO - Epoch [73/300] (72668) train_loss: 25.4350, val_loss: 26.4868, lr: 0.000872, 255.83s
2024-03-27 20:49:04,394 - INFO - epoch complete!
2024-03-27 20:49:04,395 - INFO - evaluating now!
2024-03-27 20:49:22,181 - INFO - Epoch [74/300] (73650) train_loss: 25.3938, val_loss: 27.0892, lr: 0.000868, 244.60s
2024-03-27 20:53:10,715 - INFO - epoch complete!
2024-03-27 20:53:10,715 - INFO - evaluating now!
2024-03-27 20:53:28,427 - INFO - Epoch [75/300] (74632) train_loss: 25.3815, val_loss: 26.0536, lr: 0.000865, 246.24s
2024-03-27 20:57:17,944 - INFO - epoch complete!
2024-03-27 20:57:17,944 - INFO - evaluating now!
2024-03-27 20:57:35,716 - INFO - Epoch [76/300] (75614) train_loss: 25.3621, val_loss: 25.8659, lr: 0.000861, 247.29s
2024-03-27 20:57:35,764 - INFO - Saved model at 76
2024-03-27 20:57:35,764 - INFO - Val loss decrease from 25.9779 to 25.8659, saving to ./libcity/cache/85578/model_cache/PDFormer_PeMS03_epoch76.tar
2024-03-27 21:01:27,668 - INFO - epoch complete!
2024-03-27 21:01:27,668 - INFO - evaluating now!
2024-03-27 21:01:45,459 - INFO - Epoch [77/300] (76596) train_loss: 25.2274, val_loss: 26.3243, lr: 0.000858, 249.69s
2024-03-27 21:05:44,470 - INFO - epoch complete!
2024-03-27 21:05:44,471 - INFO - evaluating now!
2024-03-27 21:06:02,244 - INFO - Epoch [78/300] (77578) train_loss: 25.2324, val_loss: 25.7644, lr: 0.000855, 256.78s
2024-03-27 21:06:02,413 - INFO - Saved model at 78
2024-03-27 21:06:02,413 - INFO - Val loss decrease from 25.8659 to 25.7644, saving to ./libcity/cache/85578/model_cache/PDFormer_PeMS03_epoch78.tar
2024-03-27 21:09:49,332 - INFO - epoch complete!
2024-03-27 21:09:49,333 - INFO - evaluating now!
2024-03-27 21:10:07,100 - INFO - Epoch [79/300] (78560) train_loss: 25.1347, val_loss: 26.0889, lr: 0.000851, 244.69s
2024-03-27 21:14:04,665 - INFO - epoch complete!
2024-03-27 21:14:04,665 - INFO - evaluating now!
2024-03-27 21:14:22,387 - INFO - Epoch [80/300] (79542) train_loss: 25.0934, val_loss: 26.1789, lr: 0.000848, 255.29s
2024-03-27 21:18:12,624 - INFO - epoch complete!
2024-03-27 21:18:12,625 - INFO - evaluating now!
2024-03-27 21:18:30,346 - INFO - Epoch [81/300] (80524) train_loss: 25.0532, val_loss: 26.1352, lr: 0.000844, 247.96s
2024-03-27 21:22:17,287 - INFO - epoch complete!
2024-03-27 21:22:17,288 - INFO - evaluating now!
2024-03-27 21:22:35,022 - INFO - Epoch [82/300] (81506) train_loss: 25.0154, val_loss: 26.0284, lr: 0.000840, 244.68s
2024-03-27 21:26:23,256 - INFO - epoch complete!
2024-03-27 21:26:23,256 - INFO - evaluating now!
2024-03-27 21:26:40,960 - INFO - Epoch [83/300] (82488) train_loss: 25.0344, val_loss: 26.5157, lr: 0.000837, 245.94s
2024-03-27 21:30:38,691 - INFO - epoch complete!
2024-03-27 21:30:38,691 - INFO - evaluating now!
2024-03-27 21:30:56,495 - INFO - Epoch [84/300] (83470) train_loss: 24.9580, val_loss: 25.7336, lr: 0.000833, 255.53s
2024-03-27 21:30:56,540 - INFO - Saved model at 84
2024-03-27 21:30:56,540 - INFO - Val loss decrease from 25.7644 to 25.7336, saving to ./libcity/cache/85578/model_cache/PDFormer_PeMS03_epoch84.tar
2024-03-27 21:34:50,264 - INFO - epoch complete!
2024-03-27 21:34:50,265 - INFO - evaluating now!
2024-03-27 21:35:09,724 - INFO - Epoch [85/300] (84452) train_loss: 24.8707, val_loss: 27.2673, lr: 0.000830, 253.18s
2024-03-27 21:39:03,112 - INFO - epoch complete!
2024-03-27 21:39:03,113 - INFO - evaluating now!
2024-03-27 21:39:21,179 - INFO - Epoch [86/300] (85434) train_loss: 24.8289, val_loss: 26.4461, lr: 0.000826, 251.45s
2024-03-27 21:43:10,280 - INFO - epoch complete!
2024-03-27 21:43:10,281 - INFO - evaluating now!
2024-03-27 21:43:28,275 - INFO - Epoch [87/300] (86416) train_loss: 24.7585, val_loss: 25.6435, lr: 0.000822, 247.10s
2024-03-27 21:43:28,320 - INFO - Saved model at 87
2024-03-27 21:43:28,320 - INFO - Val loss decrease from 25.7336 to 25.6435, saving to ./libcity/cache/85578/model_cache/PDFormer_PeMS03_epoch87.tar
2024-03-27 21:47:14,861 - INFO - epoch complete!
2024-03-27 21:47:14,861 - INFO - evaluating now!
2024-03-27 21:47:32,835 - INFO - Epoch [88/300] (87398) train_loss: 24.7175, val_loss: 26.3337, lr: 0.000818, 244.52s
2024-03-27 21:51:24,477 - INFO - epoch complete!
2024-03-27 21:51:24,478 - INFO - evaluating now!
2024-03-27 21:51:42,624 - INFO - Epoch [89/300] (88380) train_loss: 24.6959, val_loss: 25.4090, lr: 0.000815, 249.79s
2024-03-27 21:51:42,675 - INFO - Saved model at 89
2024-03-27 21:51:42,675 - INFO - Val loss decrease from 25.6435 to 25.4090, saving to ./libcity/cache/85578/model_cache/PDFormer_PeMS03_epoch89.tar
2024-03-27 21:55:39,853 - INFO - epoch complete!
2024-03-27 21:55:39,854 - INFO - evaluating now!
2024-03-27 21:55:57,765 - INFO - Epoch [90/300] (89362) train_loss: 24.6365, val_loss: 25.4723, lr: 0.000811, 255.09s
2024-03-27 21:59:43,800 - INFO - epoch complete!
2024-03-27 21:59:43,801 - INFO - evaluating now!
2024-03-27 22:00:02,145 - INFO - Epoch [91/300] (90344) train_loss: 24.6117, val_loss: 26.3074, lr: 0.000807, 244.38s
2024-03-27 22:03:56,824 - INFO - epoch complete!
2024-03-27 22:03:56,824 - INFO - evaluating now!
2024-03-27 22:04:14,846 - INFO - Epoch [92/300] (91326) train_loss: 24.5539, val_loss: 25.8197, lr: 0.000803, 252.70s
2024-03-27 22:08:02,042 - INFO - epoch complete!
2024-03-27 22:08:02,042 - INFO - evaluating now!
2024-03-27 22:08:19,991 - INFO - Epoch [93/300] (92308) train_loss: 24.5122, val_loss: 25.7564, lr: 0.000799, 245.14s
2024-03-27 22:12:10,641 - INFO - epoch complete!
2024-03-27 22:12:10,642 - INFO - evaluating now!
2024-03-27 22:12:28,716 - INFO - Epoch [94/300] (93290) train_loss: 24.4332, val_loss: 25.7207, lr: 0.000795, 248.73s
2024-03-27 22:16:17,225 - INFO - epoch complete!
2024-03-27 22:16:17,225 - INFO - evaluating now!
2024-03-27 22:16:35,357 - INFO - Epoch [95/300] (94272) train_loss: 24.4076, val_loss: 25.9974, lr: 0.000791, 246.64s
2024-03-27 22:20:22,529 - INFO - epoch complete!
2024-03-27 22:20:22,530 - INFO - evaluating now!
2024-03-27 22:20:40,610 - INFO - Epoch [96/300] (95254) train_loss: 24.3894, val_loss: 26.4154, lr: 0.000787, 245.25s
2024-03-27 22:24:29,119 - INFO - epoch complete!
2024-03-27 22:24:29,120 - INFO - evaluating now!
2024-03-27 22:24:47,255 - INFO - Epoch [97/300] (96236) train_loss: 24.2734, val_loss: 25.8276, lr: 0.000783, 246.64s
2024-03-27 22:28:36,487 - INFO - epoch complete!
2024-03-27 22:28:36,488 - INFO - evaluating now!
2024-03-27 22:28:54,592 - INFO - Epoch [98/300] (97218) train_loss: 24.3534, val_loss: 26.0150, lr: 0.000779, 247.34s
2024-03-27 22:32:50,669 - INFO - epoch complete!
2024-03-27 22:32:50,670 - INFO - evaluating now!
2024-03-27 22:33:08,758 - INFO - Epoch [99/300] (98200) train_loss: 24.2660, val_loss: 25.5633, lr: 0.000775, 254.17s
2024-03-27 22:36:58,938 - INFO - epoch complete!
2024-03-27 22:36:58,939 - INFO - evaluating now!
2024-03-27 22:37:17,050 - INFO - Epoch [100/300] (99182) train_loss: 24.2124, val_loss: 25.4864, lr: 0.000771, 248.29s
2024-03-27 22:41:08,844 - INFO - epoch complete!
2024-03-27 22:41:08,844 - INFO - evaluating now!
2024-03-27 22:41:26,895 - INFO - Epoch [101/300] (100164) train_loss: 24.1561, val_loss: 25.7304, lr: 0.000767, 249.84s
2024-03-27 22:45:17,582 - INFO - epoch complete!
2024-03-27 22:45:17,582 - INFO - evaluating now!
2024-03-27 22:45:35,682 - INFO - Epoch [102/300] (101146) train_loss: 24.1147, val_loss: 25.8328, lr: 0.000763, 248.79s
2024-03-27 22:49:25,755 - INFO - epoch complete!
2024-03-27 22:49:25,756 - INFO - evaluating now!
2024-03-27 22:49:44,019 - INFO - Epoch [103/300] (102128) train_loss: 24.0847, val_loss: 25.4377, lr: 0.000758, 248.34s
2024-03-27 22:53:35,285 - INFO - epoch complete!
2024-03-27 22:53:35,285 - INFO - evaluating now!
2024-03-27 22:53:53,278 - INFO - Epoch [104/300] (103110) train_loss: 24.0971, val_loss: 26.1116, lr: 0.000754, 249.26s
2024-03-27 22:58:01,066 - INFO - epoch complete!
2024-03-27 22:58:01,067 - INFO - evaluating now!
2024-03-27 22:58:19,174 - INFO - Epoch [105/300] (104092) train_loss: 24.0203, val_loss: 25.5477, lr: 0.000750, 265.90s
2024-03-27 23:02:05,971 - INFO - epoch complete!
2024-03-27 23:02:05,972 - INFO - evaluating now!
2024-03-27 23:02:24,047 - INFO - Epoch [106/300] (105074) train_loss: 23.9611, val_loss: 26.0172, lr: 0.000746, 244.87s
2024-03-27 23:06:13,607 - INFO - epoch complete!
2024-03-27 23:06:13,608 - INFO - evaluating now!
2024-03-27 23:06:31,678 - INFO - Epoch [107/300] (106056) train_loss: 23.9173, val_loss: 25.4197, lr: 0.000742, 247.63s
2024-03-27 23:10:18,643 - INFO - epoch complete!
2024-03-27 23:10:18,644 - INFO - evaluating now!
2024-03-27 23:10:36,711 - INFO - Epoch [108/300] (107038) train_loss: 23.8915, val_loss: 26.0224, lr: 0.000737, 245.03s
2024-03-27 23:14:24,508 - INFO - epoch complete!
2024-03-27 23:14:24,509 - INFO - evaluating now!
2024-03-27 23:14:43,597 - INFO - Epoch [109/300] (108020) train_loss: 23.8692, val_loss: 25.8557, lr: 0.000733, 246.89s
2024-03-27 23:18:42,564 - INFO - epoch complete!
2024-03-27 23:18:42,564 - INFO - evaluating now!
2024-03-27 23:19:00,711 - INFO - Epoch [110/300] (109002) train_loss: 23.8412, val_loss: 25.5155, lr: 0.000729, 257.11s
2024-03-27 23:22:56,923 - INFO - epoch complete!
2024-03-27 23:22:56,924 - INFO - evaluating now!
2024-03-27 23:23:15,102 - INFO - Epoch [111/300] (109984) train_loss: 23.7650, val_loss: 25.4653, lr: 0.000724, 254.39s
2024-03-27 23:27:11,360 - INFO - epoch complete!
2024-03-27 23:27:11,361 - INFO - evaluating now!
2024-03-27 23:27:29,498 - INFO - Epoch [112/300] (110966) train_loss: 23.7958, val_loss: 25.6433, lr: 0.000720, 254.40s
2024-03-27 23:31:25,377 - INFO - epoch complete!
2024-03-27 23:31:25,378 - INFO - evaluating now!
2024-03-27 23:31:43,371 - INFO - Epoch [113/300] (111948) train_loss: 23.7373, val_loss: 26.1393, lr: 0.000716, 253.87s
2024-03-27 23:35:29,010 - INFO - epoch complete!
2024-03-27 23:35:29,011 - INFO - evaluating now!
2024-03-27 23:35:47,019 - INFO - Epoch [114/300] (112930) train_loss: 23.7261, val_loss: 25.4846, lr: 0.000711, 243.65s
2024-03-27 23:39:33,023 - INFO - epoch complete!
2024-03-27 23:39:33,024 - INFO - evaluating now!
2024-03-27 23:39:51,035 - INFO - Epoch [115/300] (113912) train_loss: 23.6940, val_loss: 25.9759, lr: 0.000707, 244.02s
2024-03-27 23:43:37,791 - INFO - epoch complete!
2024-03-27 23:43:37,792 - INFO - evaluating now!
2024-03-27 23:43:55,754 - INFO - Epoch [116/300] (114894) train_loss: 23.6242, val_loss: 25.4934, lr: 0.000702, 244.72s
2024-03-27 23:47:48,846 - INFO - epoch complete!
2024-03-27 23:47:48,847 - INFO - evaluating now!
2024-03-27 23:48:06,825 - INFO - Epoch [117/300] (115876) train_loss: 23.5728, val_loss: 25.6443, lr: 0.000698, 251.07s
2024-03-27 23:51:52,829 - INFO - epoch complete!
2024-03-27 23:51:52,830 - INFO - evaluating now!
2024-03-27 23:52:11,163 - INFO - Epoch [118/300] (116858) train_loss: 23.6159, val_loss: 26.0731, lr: 0.000694, 244.34s
2024-03-27 23:55:57,420 - INFO - epoch complete!
2024-03-27 23:55:57,420 - INFO - evaluating now!
2024-03-27 23:56:15,564 - INFO - Epoch [119/300] (117840) train_loss: 23.5490, val_loss: 25.4355, lr: 0.000689, 244.40s
2024-03-28 00:00:04,734 - INFO - epoch complete!
2024-03-28 00:00:04,734 - INFO - evaluating now!
2024-03-28 00:00:22,832 - INFO - Epoch [120/300] (118822) train_loss: 23.5476, val_loss: 25.4544, lr: 0.000685, 247.27s
2024-03-28 00:04:09,507 - INFO - epoch complete!
2024-03-28 00:04:09,508 - INFO - evaluating now!
2024-03-28 00:04:27,630 - INFO - Epoch [121/300] (119804) train_loss: 23.4867, val_loss: 25.8780, lr: 0.000680, 244.80s
2024-03-28 00:08:14,094 - INFO - epoch complete!
2024-03-28 00:08:14,094 - INFO - evaluating now!
2024-03-28 00:08:32,205 - INFO - Epoch [122/300] (120786) train_loss: 23.5190, val_loss: 25.4265, lr: 0.000676, 244.57s
2024-03-28 00:12:18,568 - INFO - epoch complete!
2024-03-28 00:12:18,568 - INFO - evaluating now!
2024-03-28 00:12:36,658 - INFO - Epoch [123/300] (121768) train_loss: 23.4541, val_loss: 25.5615, lr: 0.000671, 244.45s
2024-03-28 00:16:23,192 - INFO - epoch complete!
2024-03-28 00:16:23,193 - INFO - evaluating now!
2024-03-28 00:16:41,264 - INFO - Epoch [124/300] (122750) train_loss: 23.4568, val_loss: 25.4218, lr: 0.000666, 244.61s
2024-03-28 00:20:27,353 - INFO - epoch complete!
2024-03-28 00:20:27,353 - INFO - evaluating now!
2024-03-28 00:20:45,445 - INFO - Epoch [125/300] (123732) train_loss: 23.4100, val_loss: 25.4736, lr: 0.000662, 244.18s
2024-03-28 00:24:31,640 - INFO - epoch complete!
2024-03-28 00:24:31,640 - INFO - evaluating now!
2024-03-28 00:24:49,725 - INFO - Epoch [126/300] (124714) train_loss: 23.3886, val_loss: 25.7746, lr: 0.000657, 244.28s
2024-03-28 00:28:35,875 - INFO - epoch complete!
2024-03-28 00:28:35,875 - INFO - evaluating now!
2024-03-28 00:28:53,965 - INFO - Epoch [127/300] (125696) train_loss: 23.4055, val_loss: 26.1210, lr: 0.000653, 244.24s
2024-03-28 00:32:40,085 - INFO - epoch complete!
2024-03-28 00:32:40,085 - INFO - evaluating now!
2024-03-28 00:32:58,164 - INFO - Epoch [128/300] (126678) train_loss: 23.3296, val_loss: 25.6196, lr: 0.000648, 244.20s
2024-03-28 00:36:44,301 - INFO - epoch complete!
2024-03-28 00:36:44,301 - INFO - evaluating now!
2024-03-28 00:37:02,250 - INFO - Epoch [129/300] (127660) train_loss: 23.3542, val_loss: 25.9005, lr: 0.000644, 244.09s
2024-03-28 00:40:48,587 - INFO - epoch complete!
2024-03-28 00:40:48,588 - INFO - evaluating now!
2024-03-28 00:41:06,716 - INFO - Epoch [130/300] (128642) train_loss: 23.3080, val_loss: 25.4223, lr: 0.000639, 244.47s
2024-03-28 00:44:52,834 - INFO - epoch complete!
2024-03-28 00:44:52,835 - INFO - evaluating now!
2024-03-28 00:45:10,944 - INFO - Epoch [131/300] (129624) train_loss: 23.2720, val_loss: 25.5885, lr: 0.000634, 244.23s
2024-03-28 00:48:57,130 - INFO - epoch complete!
2024-03-28 00:48:57,131 - INFO - evaluating now!
2024-03-28 00:49:15,303 - INFO - Epoch [132/300] (130606) train_loss: 23.2262, val_loss: 25.9548, lr: 0.000630, 244.36s
2024-03-28 00:53:01,502 - INFO - epoch complete!
2024-03-28 00:53:01,503 - INFO - evaluating now!
2024-03-28 00:53:19,635 - INFO - Epoch [133/300] (131588) train_loss: 23.2201, val_loss: 25.5830, lr: 0.000625, 244.33s
2024-03-28 00:57:05,825 - INFO - epoch complete!
2024-03-28 00:57:05,825 - INFO - evaluating now!
2024-03-28 00:57:24,041 - INFO - Epoch [134/300] (132570) train_loss: 23.2279, val_loss: 25.4123, lr: 0.000620, 244.41s
2024-03-28 01:01:10,276 - INFO - epoch complete!
2024-03-28 01:01:10,277 - INFO - evaluating now!
2024-03-28 01:01:28,455 - INFO - Epoch [135/300] (133552) train_loss: 23.1934, val_loss: 25.6403, lr: 0.000616, 244.41s
2024-03-28 01:05:14,780 - INFO - epoch complete!
2024-03-28 01:05:14,781 - INFO - evaluating now!
2024-03-28 01:05:33,014 - INFO - Epoch [136/300] (134534) train_loss: 23.1558, val_loss: 25.6150, lr: 0.000611, 244.56s
2024-03-28 01:09:19,308 - INFO - epoch complete!
2024-03-28 01:09:19,308 - INFO - evaluating now!
2024-03-28 01:09:37,452 - INFO - Epoch [137/300] (135516) train_loss: 23.1190, val_loss: 25.4259, lr: 0.000606, 244.44s
2024-03-28 01:13:23,720 - INFO - epoch complete!
2024-03-28 01:13:23,721 - INFO - evaluating now!
2024-03-28 01:13:41,889 - INFO - Epoch [138/300] (136498) train_loss: 23.1054, val_loss: 25.6467, lr: 0.000602, 244.44s
2024-03-28 01:17:28,286 - INFO - epoch complete!
2024-03-28 01:17:28,287 - INFO - evaluating now!
2024-03-28 01:17:46,388 - INFO - Epoch [139/300] (137480) train_loss: 23.0858, val_loss: 25.5430, lr: 0.000597, 244.50s
2024-03-28 01:17:46,388 - WARNING - Early stopping at epoch: 139
2024-03-28 01:17:46,388 - INFO - Trained totally 140 epochs, average train time is 229.769s, average eval time is 17.921s
2024-03-28 01:17:46,433 - INFO - Loaded model at 89
2024-03-28 01:17:46,434 - INFO - Saved model at ./libcity/cache/85578/model_cache/PDFormer_PeMS03.m
2024-03-28 01:17:46,477 - INFO - Start evaluating ...
2024-03-28 01:18:30,727 - INFO - Note that you select the average mode to evaluate!
2024-03-28 01:18:30,732 - INFO - Evaluate result is saved at ./libcity/cache/85578/evaluate_cache/2024_03_28_01_18_30_PDFormer_PeMS03_average.csv
2024-03-28 01:18:30,739 - INFO - 
          MAE  MAPE       RMSE  masked_MAE  masked_MAPE  masked_RMSE
1   12.320662   inf  21.989622   12.363930     0.130463    22.007050
2   12.646220   inf  22.704288   12.689769     0.133430    22.720591
3   12.947301   inf  23.300219   12.991934     0.136258    23.315084
4   13.224413   inf  23.824697   13.269823     0.138904    23.838127
5   13.480647   inf  24.304382   13.526800     0.141163    24.316721
6   13.722113   inf  24.747055   13.769073     0.143458    24.758587
7   13.948655   inf  25.162279   13.996129     0.145351    25.172937
8   14.160436   inf  25.547544   14.207699     0.147291    25.557144
9   14.366236   inf  25.914518   14.413602     0.149052    25.923243
10  14.564658   inf  26.258692   14.611907     0.150980    26.266544
11  14.756863   inf  26.587955   14.804364     0.152663    26.595264
12  14.951922   inf  26.918371   14.999692     0.154477    26.925270
