2024-03-04 23:23:23,629 - INFO - Log directory: ./libcity/log
2024-03-04 23:23:23,630 - INFO - Begin pipeline, task=traffic_state_pred, model_name=PDFormer, dataset_name=PeMS08, exp_id=89651
2024-03-04 23:23:23,630 - INFO - {'task': 'traffic_state_pred', 'model': 'PDFormer', 'dataset': 'PeMS08', 'saved_model': True, 'train': True, 'local_rank': 0, 'initial_ckpt': None, 'dataset_class': 'PDFormerDataset', 'input_window': 12, 'output_window': 12, 'train_rate': 0.6, 'eval_rate': 0.2, 'batch_size': 16, 'add_time_in_day': True, 'add_day_in_week': True, 'step_size': 2776, 'max_epoch': 300, 'bidir': True, 'far_mask_delta': 7, 'geo_num_heads': 4, 'sem_num_heads': 2, 't_num_heads': 2, 'cluster_method': 'kshape', 'cand_key_days': 21, 'seed': 1, 'type_ln': 'pre', 'set_loss': 'huber', 'huber_delta': 2, 'mode': 'average', 'executor': 'PDFormerExecutor', 'evaluator': 'TrafficStateEvaluator', 'embed_dim': 64, 'skip_dim': 256, 'mlp_ratio': 4, 'qkv_bias': True, 'drop': 0, 'attn_drop': 0, 'drop_path': 0.3, 's_attn_size': 3, 't_attn_size': 1, 'enc_depth': 6, 'type_short_path': 'hop', 'scaler': 'standard', 'load_external': True, 'normal_external': False, 'ext_scaler': 'none', 'learner': 'adamw', 'learning_rate': 0.001, 'weight_decay': 0.05, 'lr_decay': True, 'lr_scheduler': 'cosinelr', 'lr_eta_min': 0.0001, 'lr_decay_ratio': 0.1, 'lr_warmup_epoch': 5, 'lr_warmup_init': 1e-06, 'clip_grad_norm': True, 'max_grad_norm': 5, 'use_early_stop': True, 'patience': 50, 'task_level': 0, 'use_curriculum_learning': True, 'random_flip': True, 'quan_delta': 0.25, 'dtw_delta': 5, 'cache_dataset': True, 'num_workers': 0, 'pad_with_last_sample': True, 'lape_dim': 8, 'gpu': True, 'gpu_id': 2, 'train_loss': 'none', 'epoch': 0, 'lr_epsilon': 1e-08, 'lr_beta1': 0.9, 'lr_beta2': 0.999, 'lr_alpha': 0.99, 'lr_momentum': 0, 'steps': [5, 20, 40, 70], 'lr_T_max': 30, 'lr_patience': 10, 'lr_threshold': 0.0001, 'log_level': 'INFO', 'log_every': 1, 'load_best_epoch': True, 'hyper_tune': False, 'grad_accmu_steps': 1, 'metrics': ['MAE', 'MAPE', 'RMSE', 'masked_MAE', 'masked_MAPE', 'masked_RMSE'], 'save_modes': ['csv'], 'geo': {'including_types': ['Point'], 'Point': {}}, 'rel': {'including_types': ['geo'], 'geo': {'cost': 'num'}}, 'dyna': {'including_types': ['state'], 'state': {'entity_id': 'geo_id', 'traffic_flow': 'num', 'traffic_occupancy': 'num', 'traffic_speed': 'num'}}, 'data_col': ['traffic_flow'], 'weight_col': 'cost', 'data_files': ['PeMS08'], 'geo_file': 'PeMS08', 'rel_file': 'PeMS08', 'adp_file': 'PeMS08', 'output_dim': 1, 'time_intervals': 300, 'init_weight_inf_or_zero': 'zero', 'set_weight_link_or_dist': 'link', 'calculate_weight_adj': False, 'weight_adj_epsilon': 0.1, 'distributed': False, 'device': device(type='cuda', index=0), 'exp_id': 89651}
2024-03-04 23:23:24,408 - INFO - Loaded file PeMS08.geo, num_nodes=170
2024-03-04 23:23:24,411 - INFO - set_weight_link_or_dist: link
2024-03-04 23:23:24,411 - INFO - init_weight_inf_or_zero: zero
2024-03-04 23:23:24,415 - INFO - Loaded file PeMS08.rel, shape=(170, 170)
2024-03-04 23:23:24,415 - INFO - Max adj_mx value = 1.0
2024-03-04 23:23:49,580 - INFO - Loading file PeMS08.dyna
2024-03-04 23:23:54,231 - INFO - Loaded file PeMS08.dyna, shape=(17856, 170, 1)
2024-03-04 23:23:54,261 - INFO - Load DTW matrix from ./libcity/cache/dataset_cache/dtw_PeMS08.npy
2024-03-04 23:23:54,262 - INFO - Loading ./libcity/cache/dataset_cache/pdformer_point_based_PeMS08_12_12_0.6_1_0.2_standard_16_True_True_True_True_traffic_flow.npz
2024-03-04 23:24:10,063 - INFO - train	x: (10700, 12, 170, 9), y: (10700, 12, 170, 9), ind: (10700,)
2024-03-04 23:24:10,064 - INFO - eval	x: (3566, 12, 170, 9), y: (3566, 12, 170, 9), ind: (3566,)
2024-03-04 23:24:10,064 - INFO - test	x: (3567, 12, 170, 9), y: (3567, 12, 170, 9), ind: (3567,)
2024-03-04 23:24:10,727 - INFO - StandardScaler mean: 229.8431355598314, std: 145.62553066568907
2024-03-04 23:24:10,728 - INFO - NoneScaler
2024-03-04 23:24:12,328 - INFO - Loaded file ./libcity/cache/dataset_cache/pattern_keys_kshape_PeMS08_21_3_16_5.npy
2024-03-04 23:24:19,436 - INFO - Use use_curriculum_learning!
2024-03-04 23:24:19,536 - INFO - Number of isolated points: 0
2024-03-04 23:24:19,565 - INFO - Number of isolated points: 0
2024-03-04 23:24:19,672 - INFO - PDFormer(
  (pattern_embeddings): ModuleList(
    (0): TokenEmbedding(
      (token_embed): Linear(in_features=3, out_features=64, bias=True)
      (norm): Identity()
    )
  )
  (enc_embed_layer): DataEmbedding(
    (value_embedding): TokenEmbedding(
      (token_embed): Linear(in_features=1, out_features=64, bias=True)
      (norm): Identity()
    )
    (position_encoding): PositionalEncoding()
    (daytime_embedding): Embedding(1440, 64)
    (weekday_embedding): Embedding(7, 64)
    (spatial_embedding): LaplacianPE(
      (embedding_lap_pos_enc): Linear(in_features=8, out_features=64, bias=True)
    )
    (tempp_embedding): Linear(in_features=8, out_features=64, bias=True)
    (dropout): Dropout(p=0, inplace=False)
  )
  (encoder_blocks): ModuleList(
    (0): STEncoderBlock(
      (norm1): LayerNorm((64,), eps=1e-06, elementwise_affine=True)
      (st_attn): STSelfAttention(
        (pattern_q_linears): ModuleList(
          (0): Linear(in_features=64, out_features=32, bias=True)
        )
        (pattern_k_linears): ModuleList(
          (0): Linear(in_features=64, out_features=32, bias=True)
        )
        (pattern_v_linears): ModuleList(
          (0): Linear(in_features=64, out_features=32, bias=True)
        )
        (geo_q_conv): Conv2d(64, 32, kernel_size=(1, 1), stride=(1, 1))
        (geo_k_conv): Conv2d(64, 32, kernel_size=(1, 1), stride=(1, 1))
        (geo_v_conv): Conv2d(64, 32, kernel_size=(1, 1), stride=(1, 1))
        (geo_attn_drop): Dropout(p=0, inplace=False)
        (sem_q_conv): Conv2d(64, 16, kernel_size=(1, 1), stride=(1, 1))
        (sem_k_conv): Conv2d(64, 16, kernel_size=(1, 1), stride=(1, 1))
        (sem_v_conv): Conv2d(64, 16, kernel_size=(1, 1), stride=(1, 1))
        (sem_attn_drop): Dropout(p=0, inplace=False)
        (t_q_conv): Conv2d(64, 16, kernel_size=(1, 1), stride=(1, 1))
        (t_k_conv): Conv2d(64, 16, kernel_size=(1, 1), stride=(1, 1))
        (t_v_conv): Conv2d(64, 16, kernel_size=(1, 1), stride=(1, 1))
        (t_attn_drop): Dropout(p=0, inplace=False)
        (proj): Linear(in_features=48, out_features=64, bias=True)
        (proj_drop): Dropout(p=0, inplace=False)
        (gconv): gcn(
          (nconv): nconv()
          (mlp): linear(
            (mlp): Conv2d(96, 32, kernel_size=(1, 1), stride=(1, 1))
          )
        )
        (reshape1): Linear(in_features=64, out_features=32, bias=True)
        (reshape2): Linear(in_features=32, out_features=64, bias=True)
      )
      (drop_path): Identity()
      (norm2): LayerNorm((64,), eps=1e-06, elementwise_affine=True)
      (mlp): Mlp(
        (fc1): Linear(in_features=64, out_features=256, bias=True)
        (act): GELU()
        (fc2): Linear(in_features=256, out_features=64, bias=True)
        (drop): Dropout(p=0, inplace=False)
      )
    )
    (1): STEncoderBlock(
      (norm1): LayerNorm((64,), eps=1e-06, elementwise_affine=True)
      (st_attn): STSelfAttention(
        (pattern_q_linears): ModuleList(
          (0): Linear(in_features=64, out_features=32, bias=True)
        )
        (pattern_k_linears): ModuleList(
          (0): Linear(in_features=64, out_features=32, bias=True)
        )
        (pattern_v_linears): ModuleList(
          (0): Linear(in_features=64, out_features=32, bias=True)
        )
        (geo_q_conv): Conv2d(64, 32, kernel_size=(1, 1), stride=(1, 1))
        (geo_k_conv): Conv2d(64, 32, kernel_size=(1, 1), stride=(1, 1))
        (geo_v_conv): Conv2d(64, 32, kernel_size=(1, 1), stride=(1, 1))
        (geo_attn_drop): Dropout(p=0, inplace=False)
        (sem_q_conv): Conv2d(64, 16, kernel_size=(1, 1), stride=(1, 1))
        (sem_k_conv): Conv2d(64, 16, kernel_size=(1, 1), stride=(1, 1))
        (sem_v_conv): Conv2d(64, 16, kernel_size=(1, 1), stride=(1, 1))
        (sem_attn_drop): Dropout(p=0, inplace=False)
        (t_q_conv): Conv2d(64, 16, kernel_size=(1, 1), stride=(1, 1))
        (t_k_conv): Conv2d(64, 16, kernel_size=(1, 1), stride=(1, 1))
        (t_v_conv): Conv2d(64, 16, kernel_size=(1, 1), stride=(1, 1))
        (t_attn_drop): Dropout(p=0, inplace=False)
        (proj): Linear(in_features=48, out_features=64, bias=True)
        (proj_drop): Dropout(p=0, inplace=False)
        (gconv): gcn(
          (nconv): nconv()
          (mlp): linear(
            (mlp): Conv2d(96, 32, kernel_size=(1, 1), stride=(1, 1))
          )
        )
        (reshape1): Linear(in_features=64, out_features=32, bias=True)
        (reshape2): Linear(in_features=32, out_features=64, bias=True)
      )
      (drop_path): DropPath()
      (norm2): LayerNorm((64,), eps=1e-06, elementwise_affine=True)
      (mlp): Mlp(
        (fc1): Linear(in_features=64, out_features=256, bias=True)
        (act): GELU()
        (fc2): Linear(in_features=256, out_features=64, bias=True)
        (drop): Dropout(p=0, inplace=False)
      )
    )
    (2): STEncoderBlock(
      (norm1): LayerNorm((64,), eps=1e-06, elementwise_affine=True)
      (st_attn): STSelfAttention(
        (pattern_q_linears): ModuleList(
          (0): Linear(in_features=64, out_features=32, bias=True)
        )
        (pattern_k_linears): ModuleList(
          (0): Linear(in_features=64, out_features=32, bias=True)
        )
        (pattern_v_linears): ModuleList(
          (0): Linear(in_features=64, out_features=32, bias=True)
        )
        (geo_q_conv): Conv2d(64, 32, kernel_size=(1, 1), stride=(1, 1))
        (geo_k_conv): Conv2d(64, 32, kernel_size=(1, 1), stride=(1, 1))
        (geo_v_conv): Conv2d(64, 32, kernel_size=(1, 1), stride=(1, 1))
        (geo_attn_drop): Dropout(p=0, inplace=False)
        (sem_q_conv): Conv2d(64, 16, kernel_size=(1, 1), stride=(1, 1))
        (sem_k_conv): Conv2d(64, 16, kernel_size=(1, 1), stride=(1, 1))
        (sem_v_conv): Conv2d(64, 16, kernel_size=(1, 1), stride=(1, 1))
        (sem_attn_drop): Dropout(p=0, inplace=False)
        (t_q_conv): Conv2d(64, 16, kernel_size=(1, 1), stride=(1, 1))
        (t_k_conv): Conv2d(64, 16, kernel_size=(1, 1), stride=(1, 1))
        (t_v_conv): Conv2d(64, 16, kernel_size=(1, 1), stride=(1, 1))
        (t_attn_drop): Dropout(p=0, inplace=False)
        (proj): Linear(in_features=48, out_features=64, bias=True)
        (proj_drop): Dropout(p=0, inplace=False)
        (gconv): gcn(
          (nconv): nconv()
          (mlp): linear(
            (mlp): Conv2d(96, 32, kernel_size=(1, 1), stride=(1, 1))
          )
        )
        (reshape1): Linear(in_features=64, out_features=32, bias=True)
        (reshape2): Linear(in_features=32, out_features=64, bias=True)
      )
      (drop_path): DropPath()
      (norm2): LayerNorm((64,), eps=1e-06, elementwise_affine=True)
      (mlp): Mlp(
        (fc1): Linear(in_features=64, out_features=256, bias=True)
        (act): GELU()
        (fc2): Linear(in_features=256, out_features=64, bias=True)
        (drop): Dropout(p=0, inplace=False)
      )
    )
    (3): STEncoderBlock(
      (norm1): LayerNorm((64,), eps=1e-06, elementwise_affine=True)
      (st_attn): STSelfAttention(
        (pattern_q_linears): ModuleList(
          (0): Linear(in_features=64, out_features=32, bias=True)
        )
        (pattern_k_linears): ModuleList(
          (0): Linear(in_features=64, out_features=32, bias=True)
        )
        (pattern_v_linears): ModuleList(
          (0): Linear(in_features=64, out_features=32, bias=True)
        )
        (geo_q_conv): Conv2d(64, 32, kernel_size=(1, 1), stride=(1, 1))
        (geo_k_conv): Conv2d(64, 32, kernel_size=(1, 1), stride=(1, 1))
        (geo_v_conv): Conv2d(64, 32, kernel_size=(1, 1), stride=(1, 1))
        (geo_attn_drop): Dropout(p=0, inplace=False)
        (sem_q_conv): Conv2d(64, 16, kernel_size=(1, 1), stride=(1, 1))
        (sem_k_conv): Conv2d(64, 16, kernel_size=(1, 1), stride=(1, 1))
        (sem_v_conv): Conv2d(64, 16, kernel_size=(1, 1), stride=(1, 1))
        (sem_attn_drop): Dropout(p=0, inplace=False)
        (t_q_conv): Conv2d(64, 16, kernel_size=(1, 1), stride=(1, 1))
        (t_k_conv): Conv2d(64, 16, kernel_size=(1, 1), stride=(1, 1))
        (t_v_conv): Conv2d(64, 16, kernel_size=(1, 1), stride=(1, 1))
        (t_attn_drop): Dropout(p=0, inplace=False)
        (proj): Linear(in_features=48, out_features=64, bias=True)
        (proj_drop): Dropout(p=0, inplace=False)
        (gconv): gcn(
          (nconv): nconv()
          (mlp): linear(
            (mlp): Conv2d(96, 32, kernel_size=(1, 1), stride=(1, 1))
          )
        )
        (reshape1): Linear(in_features=64, out_features=32, bias=True)
        (reshape2): Linear(in_features=32, out_features=64, bias=True)
      )
      (drop_path): DropPath()
      (norm2): LayerNorm((64,), eps=1e-06, elementwise_affine=True)
      (mlp): Mlp(
        (fc1): Linear(in_features=64, out_features=256, bias=True)
        (act): GELU()
        (fc2): Linear(in_features=256, out_features=64, bias=True)
        (drop): Dropout(p=0, inplace=False)
      )
    )
    (4): STEncoderBlock(
      (norm1): LayerNorm((64,), eps=1e-06, elementwise_affine=True)
      (st_attn): STSelfAttention(
        (pattern_q_linears): ModuleList(
          (0): Linear(in_features=64, out_features=32, bias=True)
        )
        (pattern_k_linears): ModuleList(
          (0): Linear(in_features=64, out_features=32, bias=True)
        )
        (pattern_v_linears): ModuleList(
          (0): Linear(in_features=64, out_features=32, bias=True)
        )
        (geo_q_conv): Conv2d(64, 32, kernel_size=(1, 1), stride=(1, 1))
        (geo_k_conv): Conv2d(64, 32, kernel_size=(1, 1), stride=(1, 1))
        (geo_v_conv): Conv2d(64, 32, kernel_size=(1, 1), stride=(1, 1))
        (geo_attn_drop): Dropout(p=0, inplace=False)
        (sem_q_conv): Conv2d(64, 16, kernel_size=(1, 1), stride=(1, 1))
        (sem_k_conv): Conv2d(64, 16, kernel_size=(1, 1), stride=(1, 1))
        (sem_v_conv): Conv2d(64, 16, kernel_size=(1, 1), stride=(1, 1))
        (sem_attn_drop): Dropout(p=0, inplace=False)
        (t_q_conv): Conv2d(64, 16, kernel_size=(1, 1), stride=(1, 1))
        (t_k_conv): Conv2d(64, 16, kernel_size=(1, 1), stride=(1, 1))
        (t_v_conv): Conv2d(64, 16, kernel_size=(1, 1), stride=(1, 1))
        (t_attn_drop): Dropout(p=0, inplace=False)
        (proj): Linear(in_features=48, out_features=64, bias=True)
        (proj_drop): Dropout(p=0, inplace=False)
        (gconv): gcn(
          (nconv): nconv()
          (mlp): linear(
            (mlp): Conv2d(96, 32, kernel_size=(1, 1), stride=(1, 1))
          )
        )
        (reshape1): Linear(in_features=64, out_features=32, bias=True)
        (reshape2): Linear(in_features=32, out_features=64, bias=True)
      )
      (drop_path): DropPath()
      (norm2): LayerNorm((64,), eps=1e-06, elementwise_affine=True)
      (mlp): Mlp(
        (fc1): Linear(in_features=64, out_features=256, bias=True)
        (act): GELU()
        (fc2): Linear(in_features=256, out_features=64, bias=True)
        (drop): Dropout(p=0, inplace=False)
      )
    )
    (5): STEncoderBlock(
      (norm1): LayerNorm((64,), eps=1e-06, elementwise_affine=True)
      (st_attn): STSelfAttention(
        (pattern_q_linears): ModuleList(
          (0): Linear(in_features=64, out_features=32, bias=True)
        )
        (pattern_k_linears): ModuleList(
          (0): Linear(in_features=64, out_features=32, bias=True)
        )
        (pattern_v_linears): ModuleList(
          (0): Linear(in_features=64, out_features=32, bias=True)
        )
        (geo_q_conv): Conv2d(64, 32, kernel_size=(1, 1), stride=(1, 1))
        (geo_k_conv): Conv2d(64, 32, kernel_size=(1, 1), stride=(1, 1))
        (geo_v_conv): Conv2d(64, 32, kernel_size=(1, 1), stride=(1, 1))
        (geo_attn_drop): Dropout(p=0, inplace=False)
        (sem_q_conv): Conv2d(64, 16, kernel_size=(1, 1), stride=(1, 1))
        (sem_k_conv): Conv2d(64, 16, kernel_size=(1, 1), stride=(1, 1))
        (sem_v_conv): Conv2d(64, 16, kernel_size=(1, 1), stride=(1, 1))
        (sem_attn_drop): Dropout(p=0, inplace=False)
        (t_q_conv): Conv2d(64, 16, kernel_size=(1, 1), stride=(1, 1))
        (t_k_conv): Conv2d(64, 16, kernel_size=(1, 1), stride=(1, 1))
        (t_v_conv): Conv2d(64, 16, kernel_size=(1, 1), stride=(1, 1))
        (t_attn_drop): Dropout(p=0, inplace=False)
        (proj): Linear(in_features=48, out_features=64, bias=True)
        (proj_drop): Dropout(p=0, inplace=False)
        (gconv): gcn(
          (nconv): nconv()
          (mlp): linear(
            (mlp): Conv2d(96, 32, kernel_size=(1, 1), stride=(1, 1))
          )
        )
        (reshape1): Linear(in_features=64, out_features=32, bias=True)
        (reshape2): Linear(in_features=32, out_features=64, bias=True)
      )
      (drop_path): DropPath()
      (norm2): LayerNorm((64,), eps=1e-06, elementwise_affine=True)
      (mlp): Mlp(
        (fc1): Linear(in_features=64, out_features=256, bias=True)
        (act): GELU()
        (fc2): Linear(in_features=256, out_features=64, bias=True)
        (drop): Dropout(p=0, inplace=False)
      )
    )
  )
  (skip_convs): ModuleList(
    (0): Conv2d(64, 256, kernel_size=(1, 1), stride=(1, 1))
    (1): Conv2d(64, 256, kernel_size=(1, 1), stride=(1, 1))
    (2): Conv2d(64, 256, kernel_size=(1, 1), stride=(1, 1))
    (3): Conv2d(64, 256, kernel_size=(1, 1), stride=(1, 1))
    (4): Conv2d(64, 256, kernel_size=(1, 1), stride=(1, 1))
    (5): Conv2d(64, 256, kernel_size=(1, 1), stride=(1, 1))
  )
  (end_conv1): Conv2d(12, 12, kernel_size=(1, 1), stride=(1, 1))
  (end_conv2): Conv2d(256, 1, kernel_size=(1, 1), stride=(1, 1))
)
2024-03-04 23:24:19,679 - INFO - pattern_embeddings.0.token_embed.weight	torch.Size([64, 3])	cuda:0	True
2024-03-04 23:24:19,679 - INFO - pattern_embeddings.0.token_embed.bias	torch.Size([64])	cuda:0	True
2024-03-04 23:24:19,680 - INFO - enc_embed_layer.value_embedding.token_embed.weight	torch.Size([64, 1])	cuda:0	True
2024-03-04 23:24:19,680 - INFO - enc_embed_layer.value_embedding.token_embed.bias	torch.Size([64])	cuda:0	True
2024-03-04 23:24:19,680 - INFO - enc_embed_layer.daytime_embedding.weight	torch.Size([1440, 64])	cuda:0	True
2024-03-04 23:24:19,680 - INFO - enc_embed_layer.weekday_embedding.weight	torch.Size([7, 64])	cuda:0	True
2024-03-04 23:24:19,680 - INFO - enc_embed_layer.spatial_embedding.embedding_lap_pos_enc.weight	torch.Size([64, 8])	cuda:0	True
2024-03-04 23:24:19,680 - INFO - enc_embed_layer.spatial_embedding.embedding_lap_pos_enc.bias	torch.Size([64])	cuda:0	True
2024-03-04 23:24:19,680 - INFO - enc_embed_layer.tempp_embedding.weight	torch.Size([64, 8])	cuda:0	True
2024-03-04 23:24:19,680 - INFO - enc_embed_layer.tempp_embedding.bias	torch.Size([64])	cuda:0	True
2024-03-04 23:24:19,680 - INFO - encoder_blocks.0.norm1.weight	torch.Size([64])	cuda:0	True
2024-03-04 23:24:19,680 - INFO - encoder_blocks.0.norm1.bias	torch.Size([64])	cuda:0	True
2024-03-04 23:24:19,681 - INFO - encoder_blocks.0.st_attn.nodevec_p1	torch.Size([288, 40])	cuda:0	True
2024-03-04 23:24:19,681 - INFO - encoder_blocks.0.st_attn.nodevec_p2	torch.Size([170, 40])	cuda:0	True
2024-03-04 23:24:19,681 - INFO - encoder_blocks.0.st_attn.nodevec_p3	torch.Size([170, 40])	cuda:0	True
2024-03-04 23:24:19,681 - INFO - encoder_blocks.0.st_attn.nodevec_pk	torch.Size([40, 40, 40])	cuda:0	True
2024-03-04 23:24:19,681 - INFO - encoder_blocks.0.st_attn.pattern_q_linears.0.weight	torch.Size([32, 64])	cuda:0	True
2024-03-04 23:24:19,681 - INFO - encoder_blocks.0.st_attn.pattern_q_linears.0.bias	torch.Size([32])	cuda:0	True
2024-03-04 23:24:19,681 - INFO - encoder_blocks.0.st_attn.pattern_k_linears.0.weight	torch.Size([32, 64])	cuda:0	True
2024-03-04 23:24:19,681 - INFO - encoder_blocks.0.st_attn.pattern_k_linears.0.bias	torch.Size([32])	cuda:0	True
2024-03-04 23:24:19,681 - INFO - encoder_blocks.0.st_attn.pattern_v_linears.0.weight	torch.Size([32, 64])	cuda:0	True
2024-03-04 23:24:19,681 - INFO - encoder_blocks.0.st_attn.pattern_v_linears.0.bias	torch.Size([32])	cuda:0	True
2024-03-04 23:24:19,681 - INFO - encoder_blocks.0.st_attn.geo_q_conv.weight	torch.Size([32, 64, 1, 1])	cuda:0	True
2024-03-04 23:24:19,682 - INFO - encoder_blocks.0.st_attn.geo_q_conv.bias	torch.Size([32])	cuda:0	True
2024-03-04 23:24:19,682 - INFO - encoder_blocks.0.st_attn.geo_k_conv.weight	torch.Size([32, 64, 1, 1])	cuda:0	True
2024-03-04 23:24:19,682 - INFO - encoder_blocks.0.st_attn.geo_k_conv.bias	torch.Size([32])	cuda:0	True
2024-03-04 23:24:19,682 - INFO - encoder_blocks.0.st_attn.geo_v_conv.weight	torch.Size([32, 64, 1, 1])	cuda:0	True
2024-03-04 23:24:19,682 - INFO - encoder_blocks.0.st_attn.geo_v_conv.bias	torch.Size([32])	cuda:0	True
2024-03-04 23:24:19,682 - INFO - encoder_blocks.0.st_attn.sem_q_conv.weight	torch.Size([16, 64, 1, 1])	cuda:0	True
2024-03-04 23:24:19,682 - INFO - encoder_blocks.0.st_attn.sem_q_conv.bias	torch.Size([16])	cuda:0	True
2024-03-04 23:24:19,682 - INFO - encoder_blocks.0.st_attn.sem_k_conv.weight	torch.Size([16, 64, 1, 1])	cuda:0	True
2024-03-04 23:24:19,682 - INFO - encoder_blocks.0.st_attn.sem_k_conv.bias	torch.Size([16])	cuda:0	True
2024-03-04 23:24:19,682 - INFO - encoder_blocks.0.st_attn.sem_v_conv.weight	torch.Size([16, 64, 1, 1])	cuda:0	True
2024-03-04 23:24:19,682 - INFO - encoder_blocks.0.st_attn.sem_v_conv.bias	torch.Size([16])	cuda:0	True
2024-03-04 23:24:19,682 - INFO - encoder_blocks.0.st_attn.t_q_conv.weight	torch.Size([16, 64, 1, 1])	cuda:0	True
2024-03-04 23:24:19,683 - INFO - encoder_blocks.0.st_attn.t_q_conv.bias	torch.Size([16])	cuda:0	True
2024-03-04 23:24:19,683 - INFO - encoder_blocks.0.st_attn.t_k_conv.weight	torch.Size([16, 64, 1, 1])	cuda:0	True
2024-03-04 23:24:19,683 - INFO - encoder_blocks.0.st_attn.t_k_conv.bias	torch.Size([16])	cuda:0	True
2024-03-04 23:24:19,683 - INFO - encoder_blocks.0.st_attn.t_v_conv.weight	torch.Size([16, 64, 1, 1])	cuda:0	True
2024-03-04 23:24:19,683 - INFO - encoder_blocks.0.st_attn.t_v_conv.bias	torch.Size([16])	cuda:0	True
2024-03-04 23:24:19,683 - INFO - encoder_blocks.0.st_attn.proj.weight	torch.Size([64, 48])	cuda:0	True
2024-03-04 23:24:19,683 - INFO - encoder_blocks.0.st_attn.proj.bias	torch.Size([64])	cuda:0	True
2024-03-04 23:24:19,683 - INFO - encoder_blocks.0.st_attn.gconv.mlp.mlp.weight	torch.Size([32, 96, 1, 1])	cuda:0	True
2024-03-04 23:24:19,683 - INFO - encoder_blocks.0.st_attn.gconv.mlp.mlp.bias	torch.Size([32])	cuda:0	True
2024-03-04 23:24:19,683 - INFO - encoder_blocks.0.st_attn.reshape1.weight	torch.Size([32, 64])	cuda:0	True
2024-03-04 23:24:19,683 - INFO - encoder_blocks.0.st_attn.reshape1.bias	torch.Size([32])	cuda:0	True
2024-03-04 23:24:19,683 - INFO - encoder_blocks.0.st_attn.reshape2.weight	torch.Size([64, 32])	cuda:0	True
2024-03-04 23:24:19,684 - INFO - encoder_blocks.0.st_attn.reshape2.bias	torch.Size([64])	cuda:0	True
2024-03-04 23:24:19,684 - INFO - encoder_blocks.0.norm2.weight	torch.Size([64])	cuda:0	True
2024-03-04 23:24:19,684 - INFO - encoder_blocks.0.norm2.bias	torch.Size([64])	cuda:0	True
2024-03-04 23:24:19,684 - INFO - encoder_blocks.0.mlp.fc1.weight	torch.Size([256, 64])	cuda:0	True
2024-03-04 23:24:19,684 - INFO - encoder_blocks.0.mlp.fc1.bias	torch.Size([256])	cuda:0	True
2024-03-04 23:24:19,684 - INFO - encoder_blocks.0.mlp.fc2.weight	torch.Size([64, 256])	cuda:0	True
2024-03-04 23:24:19,684 - INFO - encoder_blocks.0.mlp.fc2.bias	torch.Size([64])	cuda:0	True
2024-03-04 23:24:19,684 - INFO - encoder_blocks.1.norm1.weight	torch.Size([64])	cuda:0	True
2024-03-04 23:24:19,684 - INFO - encoder_blocks.1.norm1.bias	torch.Size([64])	cuda:0	True
2024-03-04 23:24:19,684 - INFO - encoder_blocks.1.st_attn.nodevec_p1	torch.Size([288, 40])	cuda:0	True
2024-03-04 23:24:19,685 - INFO - encoder_blocks.1.st_attn.nodevec_p2	torch.Size([170, 40])	cuda:0	True
2024-03-04 23:24:19,685 - INFO - encoder_blocks.1.st_attn.nodevec_p3	torch.Size([170, 40])	cuda:0	True
2024-03-04 23:24:19,685 - INFO - encoder_blocks.1.st_attn.nodevec_pk	torch.Size([40, 40, 40])	cuda:0	True
2024-03-04 23:24:19,685 - INFO - encoder_blocks.1.st_attn.pattern_q_linears.0.weight	torch.Size([32, 64])	cuda:0	True
2024-03-04 23:24:19,685 - INFO - encoder_blocks.1.st_attn.pattern_q_linears.0.bias	torch.Size([32])	cuda:0	True
2024-03-04 23:24:19,685 - INFO - encoder_blocks.1.st_attn.pattern_k_linears.0.weight	torch.Size([32, 64])	cuda:0	True
2024-03-04 23:24:19,685 - INFO - encoder_blocks.1.st_attn.pattern_k_linears.0.bias	torch.Size([32])	cuda:0	True
2024-03-04 23:24:19,685 - INFO - encoder_blocks.1.st_attn.pattern_v_linears.0.weight	torch.Size([32, 64])	cuda:0	True
2024-03-04 23:24:19,685 - INFO - encoder_blocks.1.st_attn.pattern_v_linears.0.bias	torch.Size([32])	cuda:0	True
2024-03-04 23:24:19,685 - INFO - encoder_blocks.1.st_attn.geo_q_conv.weight	torch.Size([32, 64, 1, 1])	cuda:0	True
2024-03-04 23:24:19,685 - INFO - encoder_blocks.1.st_attn.geo_q_conv.bias	torch.Size([32])	cuda:0	True
2024-03-04 23:24:19,685 - INFO - encoder_blocks.1.st_attn.geo_k_conv.weight	torch.Size([32, 64, 1, 1])	cuda:0	True
2024-03-04 23:24:19,686 - INFO - encoder_blocks.1.st_attn.geo_k_conv.bias	torch.Size([32])	cuda:0	True
2024-03-04 23:24:19,686 - INFO - encoder_blocks.1.st_attn.geo_v_conv.weight	torch.Size([32, 64, 1, 1])	cuda:0	True
2024-03-04 23:24:19,686 - INFO - encoder_blocks.1.st_attn.geo_v_conv.bias	torch.Size([32])	cuda:0	True
2024-03-04 23:24:19,686 - INFO - encoder_blocks.1.st_attn.sem_q_conv.weight	torch.Size([16, 64, 1, 1])	cuda:0	True
2024-03-04 23:24:19,686 - INFO - encoder_blocks.1.st_attn.sem_q_conv.bias	torch.Size([16])	cuda:0	True
2024-03-04 23:24:19,686 - INFO - encoder_blocks.1.st_attn.sem_k_conv.weight	torch.Size([16, 64, 1, 1])	cuda:0	True
2024-03-04 23:24:19,686 - INFO - encoder_blocks.1.st_attn.sem_k_conv.bias	torch.Size([16])	cuda:0	True
2024-03-04 23:24:19,686 - INFO - encoder_blocks.1.st_attn.sem_v_conv.weight	torch.Size([16, 64, 1, 1])	cuda:0	True
2024-03-04 23:24:19,686 - INFO - encoder_blocks.1.st_attn.sem_v_conv.bias	torch.Size([16])	cuda:0	True
2024-03-04 23:24:19,686 - INFO - encoder_blocks.1.st_attn.t_q_conv.weight	torch.Size([16, 64, 1, 1])	cuda:0	True
2024-03-04 23:24:19,686 - INFO - encoder_blocks.1.st_attn.t_q_conv.bias	torch.Size([16])	cuda:0	True
2024-03-04 23:24:19,686 - INFO - encoder_blocks.1.st_attn.t_k_conv.weight	torch.Size([16, 64, 1, 1])	cuda:0	True
2024-03-04 23:24:19,687 - INFO - encoder_blocks.1.st_attn.t_k_conv.bias	torch.Size([16])	cuda:0	True
2024-03-04 23:24:19,687 - INFO - encoder_blocks.1.st_attn.t_v_conv.weight	torch.Size([16, 64, 1, 1])	cuda:0	True
2024-03-04 23:24:19,687 - INFO - encoder_blocks.1.st_attn.t_v_conv.bias	torch.Size([16])	cuda:0	True
2024-03-04 23:24:19,687 - INFO - encoder_blocks.1.st_attn.proj.weight	torch.Size([64, 48])	cuda:0	True
2024-03-04 23:24:19,687 - INFO - encoder_blocks.1.st_attn.proj.bias	torch.Size([64])	cuda:0	True
2024-03-04 23:24:19,687 - INFO - encoder_blocks.1.st_attn.gconv.mlp.mlp.weight	torch.Size([32, 96, 1, 1])	cuda:0	True
2024-03-04 23:24:19,687 - INFO - encoder_blocks.1.st_attn.gconv.mlp.mlp.bias	torch.Size([32])	cuda:0	True
2024-03-04 23:24:19,687 - INFO - encoder_blocks.1.st_attn.reshape1.weight	torch.Size([32, 64])	cuda:0	True
2024-03-04 23:24:19,687 - INFO - encoder_blocks.1.st_attn.reshape1.bias	torch.Size([32])	cuda:0	True
2024-03-04 23:24:19,687 - INFO - encoder_blocks.1.st_attn.reshape2.weight	torch.Size([64, 32])	cuda:0	True
2024-03-04 23:24:19,687 - INFO - encoder_blocks.1.st_attn.reshape2.bias	torch.Size([64])	cuda:0	True
2024-03-04 23:24:19,687 - INFO - encoder_blocks.1.norm2.weight	torch.Size([64])	cuda:0	True
2024-03-04 23:24:19,688 - INFO - encoder_blocks.1.norm2.bias	torch.Size([64])	cuda:0	True
2024-03-04 23:24:19,688 - INFO - encoder_blocks.1.mlp.fc1.weight	torch.Size([256, 64])	cuda:0	True
2024-03-04 23:24:19,688 - INFO - encoder_blocks.1.mlp.fc1.bias	torch.Size([256])	cuda:0	True
2024-03-04 23:24:19,688 - INFO - encoder_blocks.1.mlp.fc2.weight	torch.Size([64, 256])	cuda:0	True
2024-03-04 23:24:19,688 - INFO - encoder_blocks.1.mlp.fc2.bias	torch.Size([64])	cuda:0	True
2024-03-04 23:24:19,688 - INFO - encoder_blocks.2.norm1.weight	torch.Size([64])	cuda:0	True
2024-03-04 23:24:19,688 - INFO - encoder_blocks.2.norm1.bias	torch.Size([64])	cuda:0	True
2024-03-04 23:24:19,688 - INFO - encoder_blocks.2.st_attn.nodevec_p1	torch.Size([288, 40])	cuda:0	True
2024-03-04 23:24:19,688 - INFO - encoder_blocks.2.st_attn.nodevec_p2	torch.Size([170, 40])	cuda:0	True
2024-03-04 23:24:19,688 - INFO - encoder_blocks.2.st_attn.nodevec_p3	torch.Size([170, 40])	cuda:0	True
2024-03-04 23:24:19,688 - INFO - encoder_blocks.2.st_attn.nodevec_pk	torch.Size([40, 40, 40])	cuda:0	True
2024-03-04 23:24:19,688 - INFO - encoder_blocks.2.st_attn.pattern_q_linears.0.weight	torch.Size([32, 64])	cuda:0	True
2024-03-04 23:24:19,689 - INFO - encoder_blocks.2.st_attn.pattern_q_linears.0.bias	torch.Size([32])	cuda:0	True
2024-03-04 23:24:19,689 - INFO - encoder_blocks.2.st_attn.pattern_k_linears.0.weight	torch.Size([32, 64])	cuda:0	True
2024-03-04 23:24:19,689 - INFO - encoder_blocks.2.st_attn.pattern_k_linears.0.bias	torch.Size([32])	cuda:0	True
2024-03-04 23:24:19,689 - INFO - encoder_blocks.2.st_attn.pattern_v_linears.0.weight	torch.Size([32, 64])	cuda:0	True
2024-03-04 23:24:19,689 - INFO - encoder_blocks.2.st_attn.pattern_v_linears.0.bias	torch.Size([32])	cuda:0	True
2024-03-04 23:24:19,689 - INFO - encoder_blocks.2.st_attn.geo_q_conv.weight	torch.Size([32, 64, 1, 1])	cuda:0	True
2024-03-04 23:24:19,689 - INFO - encoder_blocks.2.st_attn.geo_q_conv.bias	torch.Size([32])	cuda:0	True
2024-03-04 23:24:19,689 - INFO - encoder_blocks.2.st_attn.geo_k_conv.weight	torch.Size([32, 64, 1, 1])	cuda:0	True
2024-03-04 23:24:19,689 - INFO - encoder_blocks.2.st_attn.geo_k_conv.bias	torch.Size([32])	cuda:0	True
2024-03-04 23:24:19,689 - INFO - encoder_blocks.2.st_attn.geo_v_conv.weight	torch.Size([32, 64, 1, 1])	cuda:0	True
2024-03-04 23:24:19,689 - INFO - encoder_blocks.2.st_attn.geo_v_conv.bias	torch.Size([32])	cuda:0	True
2024-03-04 23:24:19,690 - INFO - encoder_blocks.2.st_attn.sem_q_conv.weight	torch.Size([16, 64, 1, 1])	cuda:0	True
2024-03-04 23:24:19,690 - INFO - encoder_blocks.2.st_attn.sem_q_conv.bias	torch.Size([16])	cuda:0	True
2024-03-04 23:24:19,690 - INFO - encoder_blocks.2.st_attn.sem_k_conv.weight	torch.Size([16, 64, 1, 1])	cuda:0	True
2024-03-04 23:24:19,690 - INFO - encoder_blocks.2.st_attn.sem_k_conv.bias	torch.Size([16])	cuda:0	True
2024-03-04 23:24:19,690 - INFO - encoder_blocks.2.st_attn.sem_v_conv.weight	torch.Size([16, 64, 1, 1])	cuda:0	True
2024-03-04 23:24:19,690 - INFO - encoder_blocks.2.st_attn.sem_v_conv.bias	torch.Size([16])	cuda:0	True
2024-03-04 23:24:19,690 - INFO - encoder_blocks.2.st_attn.t_q_conv.weight	torch.Size([16, 64, 1, 1])	cuda:0	True
2024-03-04 23:24:19,690 - INFO - encoder_blocks.2.st_attn.t_q_conv.bias	torch.Size([16])	cuda:0	True
2024-03-04 23:24:19,690 - INFO - encoder_blocks.2.st_attn.t_k_conv.weight	torch.Size([16, 64, 1, 1])	cuda:0	True
2024-03-04 23:24:19,690 - INFO - encoder_blocks.2.st_attn.t_k_conv.bias	torch.Size([16])	cuda:0	True
2024-03-04 23:24:19,690 - INFO - encoder_blocks.2.st_attn.t_v_conv.weight	torch.Size([16, 64, 1, 1])	cuda:0	True
2024-03-04 23:24:19,690 - INFO - encoder_blocks.2.st_attn.t_v_conv.bias	torch.Size([16])	cuda:0	True
2024-03-04 23:24:19,691 - INFO - encoder_blocks.2.st_attn.proj.weight	torch.Size([64, 48])	cuda:0	True
2024-03-04 23:24:19,691 - INFO - encoder_blocks.2.st_attn.proj.bias	torch.Size([64])	cuda:0	True
2024-03-04 23:24:19,691 - INFO - encoder_blocks.2.st_attn.gconv.mlp.mlp.weight	torch.Size([32, 96, 1, 1])	cuda:0	True
2024-03-04 23:24:19,691 - INFO - encoder_blocks.2.st_attn.gconv.mlp.mlp.bias	torch.Size([32])	cuda:0	True
2024-03-04 23:24:19,691 - INFO - encoder_blocks.2.st_attn.reshape1.weight	torch.Size([32, 64])	cuda:0	True
2024-03-04 23:24:19,691 - INFO - encoder_blocks.2.st_attn.reshape1.bias	torch.Size([32])	cuda:0	True
2024-03-04 23:24:19,691 - INFO - encoder_blocks.2.st_attn.reshape2.weight	torch.Size([64, 32])	cuda:0	True
2024-03-04 23:24:19,691 - INFO - encoder_blocks.2.st_attn.reshape2.bias	torch.Size([64])	cuda:0	True
2024-03-04 23:24:19,691 - INFO - encoder_blocks.2.norm2.weight	torch.Size([64])	cuda:0	True
2024-03-04 23:24:19,691 - INFO - encoder_blocks.2.norm2.bias	torch.Size([64])	cuda:0	True
2024-03-04 23:24:19,691 - INFO - encoder_blocks.2.mlp.fc1.weight	torch.Size([256, 64])	cuda:0	True
2024-03-04 23:24:19,692 - INFO - encoder_blocks.2.mlp.fc1.bias	torch.Size([256])	cuda:0	True
2024-03-04 23:24:19,692 - INFO - encoder_blocks.2.mlp.fc2.weight	torch.Size([64, 256])	cuda:0	True
2024-03-04 23:24:19,692 - INFO - encoder_blocks.2.mlp.fc2.bias	torch.Size([64])	cuda:0	True
2024-03-04 23:24:19,692 - INFO - encoder_blocks.3.norm1.weight	torch.Size([64])	cuda:0	True
2024-03-04 23:24:19,692 - INFO - encoder_blocks.3.norm1.bias	torch.Size([64])	cuda:0	True
2024-03-04 23:24:19,692 - INFO - encoder_blocks.3.st_attn.nodevec_p1	torch.Size([288, 40])	cuda:0	True
2024-03-04 23:24:19,692 - INFO - encoder_blocks.3.st_attn.nodevec_p2	torch.Size([170, 40])	cuda:0	True
2024-03-04 23:24:19,692 - INFO - encoder_blocks.3.st_attn.nodevec_p3	torch.Size([170, 40])	cuda:0	True
2024-03-04 23:24:19,692 - INFO - encoder_blocks.3.st_attn.nodevec_pk	torch.Size([40, 40, 40])	cuda:0	True
2024-03-04 23:24:19,692 - INFO - encoder_blocks.3.st_attn.pattern_q_linears.0.weight	torch.Size([32, 64])	cuda:0	True
2024-03-04 23:24:19,692 - INFO - encoder_blocks.3.st_attn.pattern_q_linears.0.bias	torch.Size([32])	cuda:0	True
2024-03-04 23:24:19,692 - INFO - encoder_blocks.3.st_attn.pattern_k_linears.0.weight	torch.Size([32, 64])	cuda:0	True
2024-03-04 23:24:19,694 - INFO - encoder_blocks.3.st_attn.pattern_k_linears.0.bias	torch.Size([32])	cuda:0	True
2024-03-04 23:24:19,695 - INFO - encoder_blocks.3.st_attn.pattern_v_linears.0.weight	torch.Size([32, 64])	cuda:0	True
2024-03-04 23:24:19,695 - INFO - encoder_blocks.3.st_attn.pattern_v_linears.0.bias	torch.Size([32])	cuda:0	True
2024-03-04 23:24:19,695 - INFO - encoder_blocks.3.st_attn.geo_q_conv.weight	torch.Size([32, 64, 1, 1])	cuda:0	True
2024-03-04 23:24:19,695 - INFO - encoder_blocks.3.st_attn.geo_q_conv.bias	torch.Size([32])	cuda:0	True
2024-03-04 23:24:19,695 - INFO - encoder_blocks.3.st_attn.geo_k_conv.weight	torch.Size([32, 64, 1, 1])	cuda:0	True
2024-03-04 23:24:19,695 - INFO - encoder_blocks.3.st_attn.geo_k_conv.bias	torch.Size([32])	cuda:0	True
2024-03-04 23:24:19,695 - INFO - encoder_blocks.3.st_attn.geo_v_conv.weight	torch.Size([32, 64, 1, 1])	cuda:0	True
2024-03-04 23:24:19,695 - INFO - encoder_blocks.3.st_attn.geo_v_conv.bias	torch.Size([32])	cuda:0	True
2024-03-04 23:24:19,695 - INFO - encoder_blocks.3.st_attn.sem_q_conv.weight	torch.Size([16, 64, 1, 1])	cuda:0	True
2024-03-04 23:24:19,695 - INFO - encoder_blocks.3.st_attn.sem_q_conv.bias	torch.Size([16])	cuda:0	True
2024-03-04 23:24:19,695 - INFO - encoder_blocks.3.st_attn.sem_k_conv.weight	torch.Size([16, 64, 1, 1])	cuda:0	True
2024-03-04 23:24:19,695 - INFO - encoder_blocks.3.st_attn.sem_k_conv.bias	torch.Size([16])	cuda:0	True
2024-03-04 23:24:19,696 - INFO - encoder_blocks.3.st_attn.sem_v_conv.weight	torch.Size([16, 64, 1, 1])	cuda:0	True
2024-03-04 23:24:19,696 - INFO - encoder_blocks.3.st_attn.sem_v_conv.bias	torch.Size([16])	cuda:0	True
2024-03-04 23:24:19,696 - INFO - encoder_blocks.3.st_attn.t_q_conv.weight	torch.Size([16, 64, 1, 1])	cuda:0	True
2024-03-04 23:24:19,696 - INFO - encoder_blocks.3.st_attn.t_q_conv.bias	torch.Size([16])	cuda:0	True
2024-03-04 23:24:19,696 - INFO - encoder_blocks.3.st_attn.t_k_conv.weight	torch.Size([16, 64, 1, 1])	cuda:0	True
2024-03-04 23:24:19,696 - INFO - encoder_blocks.3.st_attn.t_k_conv.bias	torch.Size([16])	cuda:0	True
2024-03-04 23:24:19,696 - INFO - encoder_blocks.3.st_attn.t_v_conv.weight	torch.Size([16, 64, 1, 1])	cuda:0	True
2024-03-04 23:24:19,696 - INFO - encoder_blocks.3.st_attn.t_v_conv.bias	torch.Size([16])	cuda:0	True
2024-03-04 23:24:19,696 - INFO - encoder_blocks.3.st_attn.proj.weight	torch.Size([64, 48])	cuda:0	True
2024-03-04 23:24:19,696 - INFO - encoder_blocks.3.st_attn.proj.bias	torch.Size([64])	cuda:0	True
2024-03-04 23:24:19,696 - INFO - encoder_blocks.3.st_attn.gconv.mlp.mlp.weight	torch.Size([32, 96, 1, 1])	cuda:0	True
2024-03-04 23:24:19,697 - INFO - encoder_blocks.3.st_attn.gconv.mlp.mlp.bias	torch.Size([32])	cuda:0	True
2024-03-04 23:24:19,697 - INFO - encoder_blocks.3.st_attn.reshape1.weight	torch.Size([32, 64])	cuda:0	True
2024-03-04 23:24:19,697 - INFO - encoder_blocks.3.st_attn.reshape1.bias	torch.Size([32])	cuda:0	True
2024-03-04 23:24:19,697 - INFO - encoder_blocks.3.st_attn.reshape2.weight	torch.Size([64, 32])	cuda:0	True
2024-03-04 23:24:19,697 - INFO - encoder_blocks.3.st_attn.reshape2.bias	torch.Size([64])	cuda:0	True
2024-03-04 23:24:19,697 - INFO - encoder_blocks.3.norm2.weight	torch.Size([64])	cuda:0	True
2024-03-04 23:24:19,697 - INFO - encoder_blocks.3.norm2.bias	torch.Size([64])	cuda:0	True
2024-03-04 23:24:19,697 - INFO - encoder_blocks.3.mlp.fc1.weight	torch.Size([256, 64])	cuda:0	True
2024-03-04 23:24:19,697 - INFO - encoder_blocks.3.mlp.fc1.bias	torch.Size([256])	cuda:0	True
2024-03-04 23:24:19,697 - INFO - encoder_blocks.3.mlp.fc2.weight	torch.Size([64, 256])	cuda:0	True
2024-03-04 23:24:19,697 - INFO - encoder_blocks.3.mlp.fc2.bias	torch.Size([64])	cuda:0	True
2024-03-04 23:24:19,698 - INFO - encoder_blocks.4.norm1.weight	torch.Size([64])	cuda:0	True
2024-03-04 23:24:19,698 - INFO - encoder_blocks.4.norm1.bias	torch.Size([64])	cuda:0	True
2024-03-04 23:24:19,698 - INFO - encoder_blocks.4.st_attn.nodevec_p1	torch.Size([288, 40])	cuda:0	True
2024-03-04 23:24:19,698 - INFO - encoder_blocks.4.st_attn.nodevec_p2	torch.Size([170, 40])	cuda:0	True
2024-03-04 23:24:19,698 - INFO - encoder_blocks.4.st_attn.nodevec_p3	torch.Size([170, 40])	cuda:0	True
2024-03-04 23:24:19,698 - INFO - encoder_blocks.4.st_attn.nodevec_pk	torch.Size([40, 40, 40])	cuda:0	True
2024-03-04 23:24:19,698 - INFO - encoder_blocks.4.st_attn.pattern_q_linears.0.weight	torch.Size([32, 64])	cuda:0	True
2024-03-04 23:24:19,698 - INFO - encoder_blocks.4.st_attn.pattern_q_linears.0.bias	torch.Size([32])	cuda:0	True
2024-03-04 23:24:19,698 - INFO - encoder_blocks.4.st_attn.pattern_k_linears.0.weight	torch.Size([32, 64])	cuda:0	True
2024-03-04 23:24:19,698 - INFO - encoder_blocks.4.st_attn.pattern_k_linears.0.bias	torch.Size([32])	cuda:0	True
2024-03-04 23:24:19,698 - INFO - encoder_blocks.4.st_attn.pattern_v_linears.0.weight	torch.Size([32, 64])	cuda:0	True
2024-03-04 23:24:19,698 - INFO - encoder_blocks.4.st_attn.pattern_v_linears.0.bias	torch.Size([32])	cuda:0	True
2024-03-04 23:24:19,699 - INFO - encoder_blocks.4.st_attn.geo_q_conv.weight	torch.Size([32, 64, 1, 1])	cuda:0	True
2024-03-04 23:24:19,699 - INFO - encoder_blocks.4.st_attn.geo_q_conv.bias	torch.Size([32])	cuda:0	True
2024-03-04 23:24:19,699 - INFO - encoder_blocks.4.st_attn.geo_k_conv.weight	torch.Size([32, 64, 1, 1])	cuda:0	True
2024-03-04 23:24:19,699 - INFO - encoder_blocks.4.st_attn.geo_k_conv.bias	torch.Size([32])	cuda:0	True
2024-03-04 23:24:19,699 - INFO - encoder_blocks.4.st_attn.geo_v_conv.weight	torch.Size([32, 64, 1, 1])	cuda:0	True
2024-03-04 23:24:19,699 - INFO - encoder_blocks.4.st_attn.geo_v_conv.bias	torch.Size([32])	cuda:0	True
2024-03-04 23:24:19,699 - INFO - encoder_blocks.4.st_attn.sem_q_conv.weight	torch.Size([16, 64, 1, 1])	cuda:0	True
2024-03-04 23:24:19,699 - INFO - encoder_blocks.4.st_attn.sem_q_conv.bias	torch.Size([16])	cuda:0	True
2024-03-04 23:24:19,699 - INFO - encoder_blocks.4.st_attn.sem_k_conv.weight	torch.Size([16, 64, 1, 1])	cuda:0	True
2024-03-04 23:24:19,699 - INFO - encoder_blocks.4.st_attn.sem_k_conv.bias	torch.Size([16])	cuda:0	True
2024-03-04 23:24:19,699 - INFO - encoder_blocks.4.st_attn.sem_v_conv.weight	torch.Size([16, 64, 1, 1])	cuda:0	True
2024-03-04 23:24:19,699 - INFO - encoder_blocks.4.st_attn.sem_v_conv.bias	torch.Size([16])	cuda:0	True
2024-03-04 23:24:19,700 - INFO - encoder_blocks.4.st_attn.t_q_conv.weight	torch.Size([16, 64, 1, 1])	cuda:0	True
2024-03-04 23:24:19,700 - INFO - encoder_blocks.4.st_attn.t_q_conv.bias	torch.Size([16])	cuda:0	True
2024-03-04 23:24:19,700 - INFO - encoder_blocks.4.st_attn.t_k_conv.weight	torch.Size([16, 64, 1, 1])	cuda:0	True
2024-03-04 23:24:19,700 - INFO - encoder_blocks.4.st_attn.t_k_conv.bias	torch.Size([16])	cuda:0	True
2024-03-04 23:24:19,700 - INFO - encoder_blocks.4.st_attn.t_v_conv.weight	torch.Size([16, 64, 1, 1])	cuda:0	True
2024-03-04 23:24:19,700 - INFO - encoder_blocks.4.st_attn.t_v_conv.bias	torch.Size([16])	cuda:0	True
2024-03-04 23:24:19,700 - INFO - encoder_blocks.4.st_attn.proj.weight	torch.Size([64, 48])	cuda:0	True
2024-03-04 23:24:19,700 - INFO - encoder_blocks.4.st_attn.proj.bias	torch.Size([64])	cuda:0	True
2024-03-04 23:24:19,700 - INFO - encoder_blocks.4.st_attn.gconv.mlp.mlp.weight	torch.Size([32, 96, 1, 1])	cuda:0	True
2024-03-04 23:24:19,700 - INFO - encoder_blocks.4.st_attn.gconv.mlp.mlp.bias	torch.Size([32])	cuda:0	True
2024-03-04 23:24:19,700 - INFO - encoder_blocks.4.st_attn.reshape1.weight	torch.Size([32, 64])	cuda:0	True
2024-03-04 23:24:19,701 - INFO - encoder_blocks.4.st_attn.reshape1.bias	torch.Size([32])	cuda:0	True
2024-03-04 23:24:19,701 - INFO - encoder_blocks.4.st_attn.reshape2.weight	torch.Size([64, 32])	cuda:0	True
2024-03-04 23:24:19,701 - INFO - encoder_blocks.4.st_attn.reshape2.bias	torch.Size([64])	cuda:0	True
2024-03-04 23:24:19,701 - INFO - encoder_blocks.4.norm2.weight	torch.Size([64])	cuda:0	True
2024-03-04 23:24:19,701 - INFO - encoder_blocks.4.norm2.bias	torch.Size([64])	cuda:0	True
2024-03-04 23:24:19,701 - INFO - encoder_blocks.4.mlp.fc1.weight	torch.Size([256, 64])	cuda:0	True
2024-03-04 23:24:19,701 - INFO - encoder_blocks.4.mlp.fc1.bias	torch.Size([256])	cuda:0	True
2024-03-04 23:24:19,701 - INFO - encoder_blocks.4.mlp.fc2.weight	torch.Size([64, 256])	cuda:0	True
2024-03-04 23:24:19,701 - INFO - encoder_blocks.4.mlp.fc2.bias	torch.Size([64])	cuda:0	True
2024-03-04 23:24:19,701 - INFO - encoder_blocks.5.norm1.weight	torch.Size([64])	cuda:0	True
2024-03-04 23:24:19,701 - INFO - encoder_blocks.5.norm1.bias	torch.Size([64])	cuda:0	True
2024-03-04 23:24:19,701 - INFO - encoder_blocks.5.st_attn.nodevec_p1	torch.Size([288, 40])	cuda:0	True
2024-03-04 23:24:19,702 - INFO - encoder_blocks.5.st_attn.nodevec_p2	torch.Size([170, 40])	cuda:0	True
2024-03-04 23:24:19,702 - INFO - encoder_blocks.5.st_attn.nodevec_p3	torch.Size([170, 40])	cuda:0	True
2024-03-04 23:24:19,702 - INFO - encoder_blocks.5.st_attn.nodevec_pk	torch.Size([40, 40, 40])	cuda:0	True
2024-03-04 23:24:19,702 - INFO - encoder_blocks.5.st_attn.pattern_q_linears.0.weight	torch.Size([32, 64])	cuda:0	True
2024-03-04 23:24:19,702 - INFO - encoder_blocks.5.st_attn.pattern_q_linears.0.bias	torch.Size([32])	cuda:0	True
2024-03-04 23:24:19,702 - INFO - encoder_blocks.5.st_attn.pattern_k_linears.0.weight	torch.Size([32, 64])	cuda:0	True
2024-03-04 23:24:19,702 - INFO - encoder_blocks.5.st_attn.pattern_k_linears.0.bias	torch.Size([32])	cuda:0	True
2024-03-04 23:24:19,702 - INFO - encoder_blocks.5.st_attn.pattern_v_linears.0.weight	torch.Size([32, 64])	cuda:0	True
2024-03-04 23:24:19,702 - INFO - encoder_blocks.5.st_attn.pattern_v_linears.0.bias	torch.Size([32])	cuda:0	True
2024-03-04 23:24:19,702 - INFO - encoder_blocks.5.st_attn.geo_q_conv.weight	torch.Size([32, 64, 1, 1])	cuda:0	True
2024-03-04 23:24:19,702 - INFO - encoder_blocks.5.st_attn.geo_q_conv.bias	torch.Size([32])	cuda:0	True
2024-03-04 23:24:19,703 - INFO - encoder_blocks.5.st_attn.geo_k_conv.weight	torch.Size([32, 64, 1, 1])	cuda:0	True
2024-03-04 23:24:19,703 - INFO - encoder_blocks.5.st_attn.geo_k_conv.bias	torch.Size([32])	cuda:0	True
2024-03-04 23:24:19,703 - INFO - encoder_blocks.5.st_attn.geo_v_conv.weight	torch.Size([32, 64, 1, 1])	cuda:0	True
2024-03-04 23:24:19,703 - INFO - encoder_blocks.5.st_attn.geo_v_conv.bias	torch.Size([32])	cuda:0	True
2024-03-04 23:24:19,703 - INFO - encoder_blocks.5.st_attn.sem_q_conv.weight	torch.Size([16, 64, 1, 1])	cuda:0	True
2024-03-04 23:24:19,703 - INFO - encoder_blocks.5.st_attn.sem_q_conv.bias	torch.Size([16])	cuda:0	True
2024-03-04 23:24:19,703 - INFO - encoder_blocks.5.st_attn.sem_k_conv.weight	torch.Size([16, 64, 1, 1])	cuda:0	True
2024-03-04 23:24:19,703 - INFO - encoder_blocks.5.st_attn.sem_k_conv.bias	torch.Size([16])	cuda:0	True
2024-03-04 23:24:19,703 - INFO - encoder_blocks.5.st_attn.sem_v_conv.weight	torch.Size([16, 64, 1, 1])	cuda:0	True
2024-03-04 23:24:19,703 - INFO - encoder_blocks.5.st_attn.sem_v_conv.bias	torch.Size([16])	cuda:0	True
2024-03-04 23:24:19,703 - INFO - encoder_blocks.5.st_attn.t_q_conv.weight	torch.Size([16, 64, 1, 1])	cuda:0	True
2024-03-04 23:24:19,703 - INFO - encoder_blocks.5.st_attn.t_q_conv.bias	torch.Size([16])	cuda:0	True
2024-03-04 23:24:19,704 - INFO - encoder_blocks.5.st_attn.t_k_conv.weight	torch.Size([16, 64, 1, 1])	cuda:0	True
2024-03-04 23:24:19,704 - INFO - encoder_blocks.5.st_attn.t_k_conv.bias	torch.Size([16])	cuda:0	True
2024-03-04 23:24:19,704 - INFO - encoder_blocks.5.st_attn.t_v_conv.weight	torch.Size([16, 64, 1, 1])	cuda:0	True
2024-03-04 23:24:19,704 - INFO - encoder_blocks.5.st_attn.t_v_conv.bias	torch.Size([16])	cuda:0	True
2024-03-04 23:24:19,704 - INFO - encoder_blocks.5.st_attn.proj.weight	torch.Size([64, 48])	cuda:0	True
2024-03-04 23:24:19,704 - INFO - encoder_blocks.5.st_attn.proj.bias	torch.Size([64])	cuda:0	True
2024-03-04 23:24:19,704 - INFO - encoder_blocks.5.st_attn.gconv.mlp.mlp.weight	torch.Size([32, 96, 1, 1])	cuda:0	True
2024-03-04 23:24:19,704 - INFO - encoder_blocks.5.st_attn.gconv.mlp.mlp.bias	torch.Size([32])	cuda:0	True
2024-03-04 23:24:19,704 - INFO - encoder_blocks.5.st_attn.reshape1.weight	torch.Size([32, 64])	cuda:0	True
2024-03-04 23:24:19,704 - INFO - encoder_blocks.5.st_attn.reshape1.bias	torch.Size([32])	cuda:0	True
2024-03-04 23:24:19,704 - INFO - encoder_blocks.5.st_attn.reshape2.weight	torch.Size([64, 32])	cuda:0	True
2024-03-04 23:24:19,705 - INFO - encoder_blocks.5.st_attn.reshape2.bias	torch.Size([64])	cuda:0	True
2024-03-04 23:24:19,705 - INFO - encoder_blocks.5.norm2.weight	torch.Size([64])	cuda:0	True
2024-03-04 23:24:19,705 - INFO - encoder_blocks.5.norm2.bias	torch.Size([64])	cuda:0	True
2024-03-04 23:24:19,705 - INFO - encoder_blocks.5.mlp.fc1.weight	torch.Size([256, 64])	cuda:0	True
2024-03-04 23:24:19,705 - INFO - encoder_blocks.5.mlp.fc1.bias	torch.Size([256])	cuda:0	True
2024-03-04 23:24:19,705 - INFO - encoder_blocks.5.mlp.fc2.weight	torch.Size([64, 256])	cuda:0	True
2024-03-04 23:24:19,705 - INFO - encoder_blocks.5.mlp.fc2.bias	torch.Size([64])	cuda:0	True
2024-03-04 23:24:19,705 - INFO - skip_convs.0.weight	torch.Size([256, 64, 1, 1])	cuda:0	True
2024-03-04 23:24:19,705 - INFO - skip_convs.0.bias	torch.Size([256])	cuda:0	True
2024-03-04 23:24:19,705 - INFO - skip_convs.1.weight	torch.Size([256, 64, 1, 1])	cuda:0	True
2024-03-04 23:24:19,705 - INFO - skip_convs.1.bias	torch.Size([256])	cuda:0	True
2024-03-04 23:24:19,706 - INFO - skip_convs.2.weight	torch.Size([256, 64, 1, 1])	cuda:0	True
2024-03-04 23:24:19,706 - INFO - skip_convs.2.bias	torch.Size([256])	cuda:0	True
2024-03-04 23:24:19,706 - INFO - skip_convs.3.weight	torch.Size([256, 64, 1, 1])	cuda:0	True
2024-03-04 23:24:19,706 - INFO - skip_convs.3.bias	torch.Size([256])	cuda:0	True
2024-03-04 23:24:19,706 - INFO - skip_convs.4.weight	torch.Size([256, 64, 1, 1])	cuda:0	True
2024-03-04 23:24:19,706 - INFO - skip_convs.4.bias	torch.Size([256])	cuda:0	True
2024-03-04 23:24:19,706 - INFO - skip_convs.5.weight	torch.Size([256, 64, 1, 1])	cuda:0	True
2024-03-04 23:24:19,706 - INFO - skip_convs.5.bias	torch.Size([256])	cuda:0	True
2024-03-04 23:24:19,706 - INFO - end_conv1.weight	torch.Size([12, 12, 1, 1])	cuda:0	True
2024-03-04 23:24:19,706 - INFO - end_conv1.bias	torch.Size([12])	cuda:0	True
2024-03-04 23:24:19,706 - INFO - end_conv2.weight	torch.Size([1, 256, 1, 1])	cuda:0	True
2024-03-04 23:24:19,706 - INFO - end_conv2.bias	torch.Size([1])	cuda:0	True
2024-03-04 23:24:19,708 - INFO - Total parameter numbers: 1104093
2024-03-04 23:24:19,713 - INFO - You select `adamw` optimizer.
2024-03-04 23:24:19,715 - INFO - You select `cosinelr` lr_scheduler.
2024-03-04 23:24:19,715 - WARNING - Received none train loss func and will use the loss func defined in the model.
2024-03-04 23:24:19,719 - INFO - Number of isolated points: 0
2024-03-04 23:24:19,754 - INFO - Start training ...
2024-03-04 23:24:19,754 - INFO - num_batches:669
2024-03-04 23:24:19,913 - INFO - Training: task_level increase from 0 to 1
2024-03-04 23:24:19,914 - INFO - Current batches_seen is 0
2024-03-04 23:26:19,422 - INFO - epoch complete!
2024-03-04 23:26:19,423 - INFO - evaluating now!
2024-03-04 23:26:29,841 - INFO - Epoch [0/300] (669) train_loss: 249.6016, val_loss: 249.5215, lr: 0.000201, 130.09s
2024-03-04 23:26:29,948 - INFO - Saved model at 0
2024-03-04 23:26:29,948 - INFO - Val loss decrease from inf to 249.5215, saving to ./libcity/cache/89651/model_cache/PDFormer_PeMS08_epoch0.tar
2024-03-04 23:28:29,864 - INFO - epoch complete!
2024-03-04 23:28:29,865 - INFO - evaluating now!
2024-03-04 23:28:40,331 - INFO - Epoch [1/300] (1338) train_loss: 53.6999, val_loss: 193.4399, lr: 0.000401, 130.38s
2024-03-04 23:28:40,435 - INFO - Saved model at 1
2024-03-04 23:28:40,435 - INFO - Val loss decrease from 249.5215 to 193.4399, saving to ./libcity/cache/89651/model_cache/PDFormer_PeMS08_epoch1.tar
2024-03-04 23:30:39,740 - INFO - epoch complete!
2024-03-04 23:30:39,741 - INFO - evaluating now!
2024-03-04 23:30:50,242 - INFO - Epoch [2/300] (2007) train_loss: 36.5272, val_loss: 194.0797, lr: 0.000600, 129.81s
2024-03-04 23:32:50,176 - INFO - epoch complete!
2024-03-04 23:32:50,176 - INFO - evaluating now!
2024-03-04 23:33:00,640 - INFO - Epoch [3/300] (2676) train_loss: 32.2816, val_loss: 194.4836, lr: 0.000800, 130.40s
2024-03-04 23:33:18,601 - INFO - Training: task_level increase from 1 to 2
2024-03-04 23:33:18,602 - INFO - Current batches_seen is 2776
2024-03-04 23:35:00,535 - INFO - epoch complete!
2024-03-04 23:35:00,536 - INFO - evaluating now!
2024-03-04 23:35:10,992 - INFO - Epoch [4/300] (3345) train_loss: 36.5244, val_loss: 170.4669, lr: 0.000999, 130.35s
2024-03-04 23:35:11,098 - INFO - Saved model at 4
2024-03-04 23:35:11,099 - INFO - Val loss decrease from 193.4399 to 170.4669, saving to ./libcity/cache/89651/model_cache/PDFormer_PeMS08_epoch4.tar
2024-03-04 23:37:10,393 - INFO - epoch complete!
2024-03-04 23:37:10,394 - INFO - evaluating now!
2024-03-04 23:37:20,891 - INFO - Epoch [5/300] (4014) train_loss: 31.0420, val_loss: 171.8354, lr: 0.000999, 129.79s
2024-03-04 23:39:20,009 - INFO - epoch complete!
2024-03-04 23:39:20,010 - INFO - evaluating now!
2024-03-04 23:39:30,475 - INFO - Epoch [6/300] (4683) train_loss: 30.3921, val_loss: 172.5812, lr: 0.000999, 129.58s
2024-03-04 23:41:30,552 - INFO - epoch complete!
2024-03-04 23:41:30,552 - INFO - evaluating now!
2024-03-04 23:41:40,993 - INFO - Epoch [7/300] (5352) train_loss: 29.6418, val_loss: 173.1912, lr: 0.000998, 130.52s
2024-03-04 23:42:16,953 - INFO - Training: task_level increase from 2 to 3
2024-03-04 23:42:16,953 - INFO - Current batches_seen is 5552
2024-03-04 23:43:40,897 - INFO - epoch complete!
2024-03-04 23:43:40,898 - INFO - evaluating now!
2024-03-04 23:43:51,382 - INFO - Epoch [8/300] (6021) train_loss: 30.8323, val_loss: 155.2316, lr: 0.000998, 130.39s
2024-03-04 23:43:51,487 - INFO - Saved model at 8
2024-03-04 23:43:51,488 - INFO - Val loss decrease from 170.4669 to 155.2316, saving to ./libcity/cache/89651/model_cache/PDFormer_PeMS08_epoch8.tar
2024-03-04 23:45:50,834 - INFO - epoch complete!
2024-03-04 23:45:50,835 - INFO - evaluating now!
2024-03-04 23:46:02,251 - INFO - Epoch [9/300] (6690) train_loss: 29.4977, val_loss: 155.4084, lr: 0.000998, 130.76s
2024-03-04 23:48:03,952 - INFO - epoch complete!
2024-03-04 23:48:03,953 - INFO - evaluating now!
2024-03-04 23:48:15,007 - INFO - Epoch [10/300] (7359) train_loss: 29.2725, val_loss: 156.8124, lr: 0.000997, 132.75s
2024-03-04 23:50:14,764 - INFO - epoch complete!
2024-03-04 23:50:14,765 - INFO - evaluating now!
2024-03-04 23:50:25,171 - INFO - Epoch [11/300] (8028) train_loss: 28.7100, val_loss: 155.6366, lr: 0.000996, 130.16s
2024-03-04 23:51:18,631 - INFO - Training: task_level increase from 3 to 4
2024-03-04 23:51:18,632 - INFO - Current batches_seen is 8328
2024-03-04 23:52:24,786 - INFO - epoch complete!
2024-03-04 23:52:24,787 - INFO - evaluating now!
2024-03-04 23:52:35,236 - INFO - Epoch [12/300] (8697) train_loss: 29.8868, val_loss: 143.1933, lr: 0.000996, 130.06s
2024-03-04 23:52:35,336 - INFO - Saved model at 12
2024-03-04 23:52:35,336 - INFO - Val loss decrease from 155.2316 to 143.1933, saving to ./libcity/cache/89651/model_cache/PDFormer_PeMS08_epoch12.tar
2024-03-04 23:54:34,750 - INFO - epoch complete!
2024-03-04 23:54:34,751 - INFO - evaluating now!
2024-03-04 23:54:45,267 - INFO - Epoch [13/300] (9366) train_loss: 29.7886, val_loss: 142.8726, lr: 0.000995, 129.93s
2024-03-04 23:54:45,371 - INFO - Saved model at 13
2024-03-04 23:54:45,372 - INFO - Val loss decrease from 143.1933 to 142.8726, saving to ./libcity/cache/89651/model_cache/PDFormer_PeMS08_epoch13.tar
2024-03-04 23:56:45,123 - INFO - epoch complete!
2024-03-04 23:56:45,124 - INFO - evaluating now!
2024-03-04 23:56:55,552 - INFO - Epoch [14/300] (10035) train_loss: 29.2458, val_loss: 142.4150, lr: 0.000994, 130.18s
2024-03-04 23:56:55,659 - INFO - Saved model at 14
2024-03-04 23:56:55,659 - INFO - Val loss decrease from 142.8726 to 142.4150, saving to ./libcity/cache/89651/model_cache/PDFormer_PeMS08_epoch14.tar
2024-03-04 23:58:55,379 - INFO - epoch complete!
2024-03-04 23:58:55,380 - INFO - evaluating now!
2024-03-04 23:59:05,694 - INFO - Epoch [15/300] (10704) train_loss: 28.7647, val_loss: 142.0583, lr: 0.000994, 130.03s
2024-03-04 23:59:05,799 - INFO - Saved model at 15
2024-03-04 23:59:05,799 - INFO - Val loss decrease from 142.4150 to 142.0583, saving to ./libcity/cache/89651/model_cache/PDFormer_PeMS08_epoch15.tar
2024-03-05 00:00:15,073 - INFO - Training: task_level increase from 4 to 5
2024-03-05 00:00:15,074 - INFO - Current batches_seen is 11104
2024-03-05 00:01:03,816 - INFO - epoch complete!
2024-03-05 00:01:03,817 - INFO - evaluating now!
2024-03-05 00:01:14,637 - INFO - Epoch [16/300] (11373) train_loss: 29.5940, val_loss: 126.7829, lr: 0.000993, 128.84s
2024-03-05 00:01:14,744 - INFO - Saved model at 16
2024-03-05 00:01:14,745 - INFO - Val loss decrease from 142.0583 to 126.7829, saving to ./libcity/cache/89651/model_cache/PDFormer_PeMS08_epoch16.tar
2024-03-05 00:03:15,107 - INFO - epoch complete!
2024-03-05 00:03:15,108 - INFO - evaluating now!
2024-03-05 00:03:25,568 - INFO - Epoch [17/300] (12042) train_loss: 29.5571, val_loss: 125.7148, lr: 0.000992, 130.82s
2024-03-05 00:03:25,668 - INFO - Saved model at 17
2024-03-05 00:03:25,669 - INFO - Val loss decrease from 126.7829 to 125.7148, saving to ./libcity/cache/89651/model_cache/PDFormer_PeMS08_epoch17.tar
2024-03-05 00:05:25,051 - INFO - epoch complete!
2024-03-05 00:05:25,052 - INFO - evaluating now!
2024-03-05 00:05:35,510 - INFO - Epoch [18/300] (12711) train_loss: 28.9671, val_loss: 125.0782, lr: 0.000991, 129.84s
2024-03-05 00:05:35,617 - INFO - Saved model at 18
2024-03-05 00:05:35,617 - INFO - Val loss decrease from 125.7148 to 125.0782, saving to ./libcity/cache/89651/model_cache/PDFormer_PeMS08_epoch18.tar
2024-03-05 00:07:35,206 - INFO - epoch complete!
2024-03-05 00:07:35,206 - INFO - evaluating now!
2024-03-05 00:07:45,526 - INFO - Epoch [19/300] (13380) train_loss: 28.8028, val_loss: 125.9038, lr: 0.000990, 129.91s
2024-03-05 00:09:15,119 - INFO - Training: task_level increase from 5 to 6
2024-03-05 00:09:15,119 - INFO - Current batches_seen is 13880
2024-03-05 00:09:45,382 - INFO - epoch complete!
2024-03-05 00:09:45,383 - INFO - evaluating now!
2024-03-05 00:09:55,616 - INFO - Epoch [20/300] (14049) train_loss: 28.7108, val_loss: 122.4333, lr: 0.000989, 130.09s
2024-03-05 00:09:55,722 - INFO - Saved model at 20
2024-03-05 00:09:55,723 - INFO - Val loss decrease from 125.0782 to 122.4333, saving to ./libcity/cache/89651/model_cache/PDFormer_PeMS08_epoch20.tar
2024-03-05 00:11:57,759 - INFO - epoch complete!
2024-03-05 00:11:57,760 - INFO - evaluating now!
2024-03-05 00:12:08,031 - INFO - Epoch [21/300] (14718) train_loss: 29.0921, val_loss: 122.8024, lr: 0.000988, 132.31s
2024-03-05 00:14:07,886 - INFO - epoch complete!
2024-03-05 00:14:07,887 - INFO - evaluating now!
2024-03-05 00:14:18,177 - INFO - Epoch [22/300] (15387) train_loss: 28.9257, val_loss: 122.7364, lr: 0.000987, 130.15s
2024-03-05 00:16:17,940 - INFO - epoch complete!
2024-03-05 00:16:17,940 - INFO - evaluating now!
2024-03-05 00:16:28,276 - INFO - Epoch [23/300] (16056) train_loss: 28.4852, val_loss: 122.7618, lr: 0.000986, 130.10s
2024-03-05 00:18:15,530 - INFO - Training: task_level increase from 6 to 7
2024-03-05 00:18:15,530 - INFO - Current batches_seen is 16656
2024-03-05 00:18:27,891 - INFO - epoch complete!
2024-03-05 00:18:27,891 - INFO - evaluating now!
2024-03-05 00:18:38,128 - INFO - Epoch [24/300] (16725) train_loss: 29.1132, val_loss: 107.9509, lr: 0.000985, 129.85s
2024-03-05 00:18:38,234 - INFO - Saved model at 24
2024-03-05 00:18:38,235 - INFO - Val loss decrease from 122.4333 to 107.9509, saving to ./libcity/cache/89651/model_cache/PDFormer_PeMS08_epoch24.tar
2024-03-05 00:20:38,104 - INFO - epoch complete!
2024-03-05 00:20:38,105 - INFO - evaluating now!
2024-03-05 00:20:48,387 - INFO - Epoch [25/300] (17394) train_loss: 28.8961, val_loss: 106.2498, lr: 0.000983, 130.15s
2024-03-05 00:20:48,492 - INFO - Saved model at 25
2024-03-05 00:20:48,492 - INFO - Val loss decrease from 107.9509 to 106.2498, saving to ./libcity/cache/89651/model_cache/PDFormer_PeMS08_epoch25.tar
2024-03-05 00:22:47,719 - INFO - epoch complete!
2024-03-05 00:22:47,720 - INFO - evaluating now!
2024-03-05 00:22:57,916 - INFO - Epoch [26/300] (18063) train_loss: 28.5956, val_loss: 106.5885, lr: 0.000982, 129.42s
2024-03-05 00:24:57,763 - INFO - epoch complete!
2024-03-05 00:24:57,764 - INFO - evaluating now!
2024-03-05 00:25:07,963 - INFO - Epoch [27/300] (18732) train_loss: 28.3667, val_loss: 107.1906, lr: 0.000981, 130.05s
2024-03-05 00:27:07,820 - INFO - epoch complete!
2024-03-05 00:27:07,821 - INFO - evaluating now!
2024-03-05 00:27:18,047 - INFO - Epoch [28/300] (19401) train_loss: 28.2482, val_loss: 106.2423, lr: 0.000979, 130.08s
2024-03-05 00:27:18,153 - INFO - Saved model at 28
2024-03-05 00:27:18,154 - INFO - Val loss decrease from 106.2498 to 106.2423, saving to ./libcity/cache/89651/model_cache/PDFormer_PeMS08_epoch28.tar
2024-03-05 00:27:23,906 - INFO - Training: task_level increase from 7 to 8
2024-03-05 00:27:23,907 - INFO - Current batches_seen is 19432
2024-03-05 00:29:18,037 - INFO - epoch complete!
2024-03-05 00:29:18,038 - INFO - evaluating now!
2024-03-05 00:29:28,209 - INFO - Epoch [29/300] (20070) train_loss: 28.9889, val_loss: 91.3275, lr: 0.000978, 130.06s
2024-03-05 00:29:28,314 - INFO - Saved model at 29
2024-03-05 00:29:28,315 - INFO - Val loss decrease from 106.2423 to 91.3275, saving to ./libcity/cache/89651/model_cache/PDFormer_PeMS08_epoch29.tar
2024-03-05 00:31:27,987 - INFO - epoch complete!
2024-03-05 00:31:27,988 - INFO - evaluating now!
2024-03-05 00:31:38,205 - INFO - Epoch [30/300] (20739) train_loss: 28.5484, val_loss: 92.0058, lr: 0.000976, 129.89s
2024-03-05 00:33:35,561 - INFO - epoch complete!
2024-03-05 00:33:35,562 - INFO - evaluating now!
2024-03-05 00:33:46,057 - INFO - Epoch [31/300] (21408) train_loss: 28.2271, val_loss: 90.9708, lr: 0.000975, 127.85s
2024-03-05 00:33:46,163 - INFO - Saved model at 31
2024-03-05 00:33:46,163 - INFO - Val loss decrease from 91.3275 to 90.9708, saving to ./libcity/cache/89651/model_cache/PDFormer_PeMS08_epoch31.tar
2024-03-05 00:35:45,921 - INFO - epoch complete!
2024-03-05 00:35:45,922 - INFO - evaluating now!
2024-03-05 00:35:56,314 - INFO - Epoch [32/300] (22077) train_loss: 28.1571, val_loss: 90.7948, lr: 0.000973, 130.15s
2024-03-05 00:35:56,421 - INFO - Saved model at 32
2024-03-05 00:35:56,421 - INFO - Val loss decrease from 90.9708 to 90.7948, saving to ./libcity/cache/89651/model_cache/PDFormer_PeMS08_epoch32.tar
2024-03-05 00:36:19,753 - INFO - Training: task_level increase from 8 to 9
2024-03-05 00:36:19,753 - INFO - Current batches_seen is 22208
2024-03-05 00:37:55,807 - INFO - epoch complete!
2024-03-05 00:37:55,808 - INFO - evaluating now!
2024-03-05 00:38:06,327 - INFO - Epoch [33/300] (22746) train_loss: 28.6936, val_loss: 77.3121, lr: 0.000972, 129.90s
2024-03-05 00:38:06,432 - INFO - Saved model at 33
2024-03-05 00:38:06,433 - INFO - Val loss decrease from 90.7948 to 77.3121, saving to ./libcity/cache/89651/model_cache/PDFormer_PeMS08_epoch33.tar
2024-03-05 00:40:05,862 - INFO - epoch complete!
2024-03-05 00:40:05,863 - INFO - evaluating now!
2024-03-05 00:40:16,321 - INFO - Epoch [34/300] (23415) train_loss: 28.3474, val_loss: 76.5475, lr: 0.000970, 129.89s
2024-03-05 00:40:16,427 - INFO - Saved model at 34
2024-03-05 00:40:16,428 - INFO - Val loss decrease from 77.3121 to 76.5475, saving to ./libcity/cache/89651/model_cache/PDFormer_PeMS08_epoch34.tar
2024-03-05 00:42:17,883 - INFO - epoch complete!
2024-03-05 00:42:17,884 - INFO - evaluating now!
2024-03-05 00:42:29,417 - INFO - Epoch [35/300] (24084) train_loss: 28.0846, val_loss: 77.0473, lr: 0.000968, 132.99s
2024-03-05 00:44:30,090 - INFO - epoch complete!
2024-03-05 00:44:30,091 - INFO - evaluating now!
2024-03-05 00:44:40,551 - INFO - Epoch [36/300] (24753) train_loss: 28.1004, val_loss: 77.5349, lr: 0.000967, 131.13s
2024-03-05 00:45:21,857 - INFO - Training: task_level increase from 9 to 10
2024-03-05 00:45:21,857 - INFO - Current batches_seen is 24984
2024-03-05 00:46:40,115 - INFO - epoch complete!
2024-03-05 00:46:40,116 - INFO - evaluating now!
2024-03-05 00:46:50,599 - INFO - Epoch [37/300] (25422) train_loss: 28.5757, val_loss: 60.8729, lr: 0.000965, 130.05s
2024-03-05 00:46:50,704 - INFO - Saved model at 37
2024-03-05 00:46:50,705 - INFO - Val loss decrease from 76.5475 to 60.8729, saving to ./libcity/cache/89651/model_cache/PDFormer_PeMS08_epoch37.tar
2024-03-05 00:48:50,586 - INFO - epoch complete!
2024-03-05 00:48:50,587 - INFO - evaluating now!
2024-03-05 00:49:01,329 - INFO - Epoch [38/300] (26091) train_loss: 28.2618, val_loss: 60.3677, lr: 0.000963, 130.62s
2024-03-05 00:49:01,434 - INFO - Saved model at 38
2024-03-05 00:49:01,434 - INFO - Val loss decrease from 60.8729 to 60.3677, saving to ./libcity/cache/89651/model_cache/PDFormer_PeMS08_epoch38.tar
2024-03-05 00:51:00,893 - INFO - epoch complete!
2024-03-05 00:51:00,894 - INFO - evaluating now!
2024-03-05 00:51:11,390 - INFO - Epoch [39/300] (26760) train_loss: 28.2586, val_loss: 60.1473, lr: 0.000961, 129.96s
2024-03-05 00:51:11,496 - INFO - Saved model at 39
2024-03-05 00:51:11,496 - INFO - Val loss decrease from 60.3677 to 60.1473, saving to ./libcity/cache/89651/model_cache/PDFormer_PeMS08_epoch39.tar
2024-03-05 00:53:11,035 - INFO - epoch complete!
2024-03-05 00:53:11,036 - INFO - evaluating now!
2024-03-05 00:53:21,542 - INFO - Epoch [40/300] (27429) train_loss: 27.9464, val_loss: 60.4437, lr: 0.000959, 130.05s
2024-03-05 00:54:20,630 - INFO - Training: task_level increase from 10 to 11
2024-03-05 00:54:20,631 - INFO - Current batches_seen is 27760
2024-03-05 00:55:21,132 - INFO - epoch complete!
2024-03-05 00:55:21,133 - INFO - evaluating now!
2024-03-05 00:55:31,599 - INFO - Epoch [41/300] (28098) train_loss: 28.4032, val_loss: 46.6033, lr: 0.000957, 130.06s
2024-03-05 00:55:31,706 - INFO - Saved model at 41
2024-03-05 00:55:31,706 - INFO - Val loss decrease from 60.1473 to 46.6033, saving to ./libcity/cache/89651/model_cache/PDFormer_PeMS08_epoch41.tar
2024-03-05 00:57:31,285 - INFO - epoch complete!
2024-03-05 00:57:31,286 - INFO - evaluating now!
2024-03-05 00:57:41,776 - INFO - Epoch [42/300] (28767) train_loss: 28.3875, val_loss: 45.9737, lr: 0.000955, 130.07s
2024-03-05 00:57:41,881 - INFO - Saved model at 42
2024-03-05 00:57:41,881 - INFO - Val loss decrease from 46.6033 to 45.9737, saving to ./libcity/cache/89651/model_cache/PDFormer_PeMS08_epoch42.tar
2024-03-05 00:59:41,529 - INFO - epoch complete!
2024-03-05 00:59:41,530 - INFO - evaluating now!
2024-03-05 00:59:52,008 - INFO - Epoch [43/300] (29436) train_loss: 28.0859, val_loss: 45.4881, lr: 0.000953, 130.13s
2024-03-05 00:59:52,117 - INFO - Saved model at 43
2024-03-05 00:59:52,118 - INFO - Val loss decrease from 45.9737 to 45.4881, saving to ./libcity/cache/89651/model_cache/PDFormer_PeMS08_epoch43.tar
2024-03-05 01:01:51,722 - INFO - epoch complete!
2024-03-05 01:01:51,723 - INFO - evaluating now!
2024-03-05 01:02:02,273 - INFO - Epoch [44/300] (30105) train_loss: 28.0153, val_loss: 45.3705, lr: 0.000951, 130.15s
2024-03-05 01:02:02,379 - INFO - Saved model at 44
2024-03-05 01:02:02,380 - INFO - Val loss decrease from 45.4881 to 45.3705, saving to ./libcity/cache/89651/model_cache/PDFormer_PeMS08_epoch44.tar
2024-03-05 01:03:19,535 - INFO - Training: task_level increase from 11 to 12
2024-03-05 01:03:19,535 - INFO - Current batches_seen is 30536
2024-03-05 01:04:02,093 - INFO - epoch complete!
2024-03-05 01:04:02,094 - INFO - evaluating now!
2024-03-05 01:04:12,551 - INFO - Epoch [45/300] (30774) train_loss: 28.2861, val_loss: 29.0910, lr: 0.000949, 130.17s
2024-03-05 01:04:12,648 - INFO - Saved model at 45
2024-03-05 01:04:12,649 - INFO - Val loss decrease from 45.3705 to 29.0910, saving to ./libcity/cache/89651/model_cache/PDFormer_PeMS08_epoch45.tar
2024-03-05 01:06:12,079 - INFO - epoch complete!
2024-03-05 01:06:12,080 - INFO - evaluating now!
2024-03-05 01:06:22,508 - INFO - Epoch [46/300] (31443) train_loss: 28.2970, val_loss: 27.7130, lr: 0.000947, 129.86s
2024-03-05 01:06:22,613 - INFO - Saved model at 46
2024-03-05 01:06:22,614 - INFO - Val loss decrease from 29.0910 to 27.7130, saving to ./libcity/cache/89651/model_cache/PDFormer_PeMS08_epoch46.tar
2024-03-05 01:08:22,299 - INFO - epoch complete!
2024-03-05 01:08:22,300 - INFO - evaluating now!
2024-03-05 01:08:32,774 - INFO - Epoch [47/300] (32112) train_loss: 28.2984, val_loss: 27.6813, lr: 0.000944, 130.16s
2024-03-05 01:08:32,870 - INFO - Saved model at 47
2024-03-05 01:08:32,871 - INFO - Val loss decrease from 27.7130 to 27.6813, saving to ./libcity/cache/89651/model_cache/PDFormer_PeMS08_epoch47.tar
2024-03-05 01:10:32,497 - INFO - epoch complete!
2024-03-05 01:10:32,497 - INFO - evaluating now!
2024-03-05 01:10:42,995 - INFO - Epoch [48/300] (32781) train_loss: 28.1837, val_loss: 27.5172, lr: 0.000942, 130.12s
2024-03-05 01:10:43,100 - INFO - Saved model at 48
2024-03-05 01:10:43,101 - INFO - Val loss decrease from 27.6813 to 27.5172, saving to ./libcity/cache/89651/model_cache/PDFormer_PeMS08_epoch48.tar
2024-03-05 01:12:42,702 - INFO - epoch complete!
2024-03-05 01:12:42,703 - INFO - evaluating now!
2024-03-05 01:12:53,113 - INFO - Epoch [49/300] (33450) train_loss: 27.9469, val_loss: 27.8447, lr: 0.000940, 130.01s
2024-03-05 01:14:55,195 - INFO - epoch complete!
2024-03-05 01:14:55,195 - INFO - evaluating now!
2024-03-05 01:15:05,717 - INFO - Epoch [50/300] (34119) train_loss: 27.8898, val_loss: 27.8064, lr: 0.000937, 132.60s
2024-03-05 01:17:04,151 - INFO - epoch complete!
2024-03-05 01:17:04,152 - INFO - evaluating now!
2024-03-05 01:17:14,501 - INFO - Epoch [51/300] (34788) train_loss: 27.7988, val_loss: 27.4401, lr: 0.000935, 128.78s
2024-03-05 01:17:14,603 - INFO - Saved model at 51
2024-03-05 01:17:14,603 - INFO - Val loss decrease from 27.5172 to 27.4401, saving to ./libcity/cache/89651/model_cache/PDFormer_PeMS08_epoch51.tar
2024-03-05 01:19:13,596 - INFO - epoch complete!
2024-03-05 01:19:13,597 - INFO - evaluating now!
2024-03-05 01:19:24,081 - INFO - Epoch [52/300] (35457) train_loss: 27.9245, val_loss: 28.0174, lr: 0.000932, 129.48s
2024-03-05 01:21:23,218 - INFO - epoch complete!
2024-03-05 01:21:23,219 - INFO - evaluating now!
2024-03-05 01:21:33,664 - INFO - Epoch [53/300] (36126) train_loss: 27.7617, val_loss: 28.6044, lr: 0.000930, 129.58s
2024-03-05 01:23:32,591 - INFO - epoch complete!
2024-03-05 01:23:32,592 - INFO - evaluating now!
2024-03-05 01:23:43,056 - INFO - Epoch [54/300] (36795) train_loss: 27.6784, val_loss: 27.4244, lr: 0.000927, 129.39s
2024-03-05 01:23:43,153 - INFO - Saved model at 54
2024-03-05 01:23:43,154 - INFO - Val loss decrease from 27.4401 to 27.4244, saving to ./libcity/cache/89651/model_cache/PDFormer_PeMS08_epoch54.tar
2024-03-05 01:25:42,261 - INFO - epoch complete!
2024-03-05 01:25:42,262 - INFO - evaluating now!
2024-03-05 01:25:52,676 - INFO - Epoch [55/300] (37464) train_loss: 27.6554, val_loss: 27.3686, lr: 0.000925, 129.52s
2024-03-05 01:25:52,774 - INFO - Saved model at 55
2024-03-05 01:25:52,774 - INFO - Val loss decrease from 27.4244 to 27.3686, saving to ./libcity/cache/89651/model_cache/PDFormer_PeMS08_epoch55.tar
2024-03-05 01:27:52,308 - INFO - epoch complete!
2024-03-05 01:27:52,309 - INFO - evaluating now!
2024-03-05 01:28:02,743 - INFO - Epoch [56/300] (38133) train_loss: 27.6270, val_loss: 27.7860, lr: 0.000922, 129.97s
2024-03-05 01:30:02,458 - INFO - epoch complete!
2024-03-05 01:30:02,458 - INFO - evaluating now!
2024-03-05 01:30:12,896 - INFO - Epoch [57/300] (38802) train_loss: 27.4755, val_loss: 27.0403, lr: 0.000920, 130.15s
2024-03-05 01:30:12,993 - INFO - Saved model at 57
2024-03-05 01:30:12,994 - INFO - Val loss decrease from 27.3686 to 27.0403, saving to ./libcity/cache/89651/model_cache/PDFormer_PeMS08_epoch57.tar
2024-03-05 01:32:12,600 - INFO - epoch complete!
2024-03-05 01:32:12,601 - INFO - evaluating now!
2024-03-05 01:32:23,100 - INFO - Epoch [58/300] (39471) train_loss: 27.5257, val_loss: 26.7513, lr: 0.000917, 130.11s
2024-03-05 01:32:23,205 - INFO - Saved model at 58
2024-03-05 01:32:23,206 - INFO - Val loss decrease from 27.0403 to 26.7513, saving to ./libcity/cache/89651/model_cache/PDFormer_PeMS08_epoch58.tar
2024-03-05 01:34:22,760 - INFO - epoch complete!
2024-03-05 01:34:22,761 - INFO - evaluating now!
2024-03-05 01:34:33,220 - INFO - Epoch [59/300] (40140) train_loss: 27.4569, val_loss: 27.4564, lr: 0.000914, 130.01s
2024-03-05 01:36:32,650 - INFO - epoch complete!
2024-03-05 01:36:32,651 - INFO - evaluating now!
2024-03-05 01:36:43,133 - INFO - Epoch [60/300] (40809) train_loss: 27.4168, val_loss: 27.2341, lr: 0.000911, 129.91s
2024-03-05 01:38:42,525 - INFO - epoch complete!
2024-03-05 01:38:42,526 - INFO - evaluating now!
2024-03-05 01:38:52,956 - INFO - Epoch [61/300] (41478) train_loss: 27.3106, val_loss: 26.9993, lr: 0.000908, 129.82s
2024-03-05 01:40:52,548 - INFO - epoch complete!
2024-03-05 01:40:52,549 - INFO - evaluating now!
2024-03-05 01:41:02,934 - INFO - Epoch [62/300] (42147) train_loss: 27.2220, val_loss: 27.2569, lr: 0.000906, 129.98s
2024-03-05 01:43:02,363 - INFO - epoch complete!
2024-03-05 01:43:02,364 - INFO - evaluating now!
2024-03-05 01:43:12,823 - INFO - Epoch [63/300] (42816) train_loss: 27.2042, val_loss: 26.8235, lr: 0.000903, 129.89s
2024-03-05 01:45:12,147 - INFO - epoch complete!
2024-03-05 01:45:12,148 - INFO - evaluating now!
2024-03-05 01:45:22,584 - INFO - Epoch [64/300] (43485) train_loss: 27.2490, val_loss: 27.2133, lr: 0.000900, 129.76s
2024-03-05 01:47:22,021 - INFO - epoch complete!
2024-03-05 01:47:22,021 - INFO - evaluating now!
2024-03-05 01:47:32,412 - INFO - Epoch [65/300] (44154) train_loss: 27.1071, val_loss: 28.3089, lr: 0.000897, 129.83s
2024-03-05 01:49:32,025 - INFO - epoch complete!
2024-03-05 01:49:32,026 - INFO - evaluating now!
2024-03-05 01:49:42,434 - INFO - Epoch [66/300] (44823) train_loss: 27.2300, val_loss: 28.1055, lr: 0.000894, 130.02s
2024-03-05 01:51:41,991 - INFO - epoch complete!
2024-03-05 01:51:41,991 - INFO - evaluating now!
2024-03-05 01:51:52,438 - INFO - Epoch [67/300] (45492) train_loss: 27.0037, val_loss: 27.4571, lr: 0.000891, 130.00s
2024-03-05 01:53:51,584 - INFO - epoch complete!
2024-03-05 01:53:51,585 - INFO - evaluating now!
2024-03-05 01:54:02,019 - INFO - Epoch [68/300] (46161) train_loss: 27.0227, val_loss: 26.8290, lr: 0.000888, 129.58s
2024-03-05 01:56:01,513 - INFO - epoch complete!
2024-03-05 01:56:01,514 - INFO - evaluating now!
2024-03-05 01:56:11,962 - INFO - Epoch [69/300] (46830) train_loss: 26.9558, val_loss: 26.8301, lr: 0.000884, 129.94s
2024-03-05 01:58:12,030 - INFO - epoch complete!
2024-03-05 01:58:12,031 - INFO - evaluating now!
2024-03-05 01:58:22,463 - INFO - Epoch [70/300] (47499) train_loss: 26.8320, val_loss: 26.8027, lr: 0.000881, 130.50s
2024-03-05 02:00:22,190 - INFO - epoch complete!
2024-03-05 02:00:22,191 - INFO - evaluating now!
2024-03-05 02:00:32,690 - INFO - Epoch [71/300] (48168) train_loss: 26.8732, val_loss: 26.9311, lr: 0.000878, 130.23s
2024-03-05 02:02:32,433 - INFO - epoch complete!
2024-03-05 02:02:32,434 - INFO - evaluating now!
2024-03-05 02:02:43,266 - INFO - Epoch [72/300] (48837) train_loss: 26.8711, val_loss: 26.7045, lr: 0.000875, 130.57s
2024-03-05 02:02:43,372 - INFO - Saved model at 72
2024-03-05 02:02:43,373 - INFO - Val loss decrease from 26.7513 to 26.7045, saving to ./libcity/cache/89651/model_cache/PDFormer_PeMS08_epoch72.tar
2024-03-05 02:04:42,931 - INFO - epoch complete!
2024-03-05 02:04:42,932 - INFO - evaluating now!
2024-03-05 02:04:53,413 - INFO - Epoch [73/300] (49506) train_loss: 26.7329, val_loss: 26.7992, lr: 0.000872, 130.04s
2024-03-05 02:06:52,786 - INFO - epoch complete!
2024-03-05 02:06:52,787 - INFO - evaluating now!
2024-03-05 02:07:03,193 - INFO - Epoch [74/300] (50175) train_loss: 26.8831, val_loss: 27.0235, lr: 0.000868, 129.78s
2024-03-05 02:09:02,345 - INFO - epoch complete!
2024-03-05 02:09:02,346 - INFO - evaluating now!
2024-03-05 02:09:12,761 - INFO - Epoch [75/300] (50844) train_loss: 26.7517, val_loss: 27.9743, lr: 0.000865, 129.57s
2024-03-05 02:11:12,136 - INFO - epoch complete!
2024-03-05 02:11:12,137 - INFO - evaluating now!
2024-03-05 02:11:22,620 - INFO - Epoch [76/300] (51513) train_loss: 26.6857, val_loss: 26.7006, lr: 0.000861, 129.86s
2024-03-05 02:11:22,726 - INFO - Saved model at 76
2024-03-05 02:11:22,727 - INFO - Val loss decrease from 26.7045 to 26.7006, saving to ./libcity/cache/89651/model_cache/PDFormer_PeMS08_epoch76.tar
2024-03-05 02:13:22,322 - INFO - epoch complete!
2024-03-05 02:13:22,322 - INFO - evaluating now!
2024-03-05 02:13:32,790 - INFO - Epoch [77/300] (52182) train_loss: 26.5943, val_loss: 26.5888, lr: 0.000858, 130.06s
2024-03-05 02:13:32,895 - INFO - Saved model at 77
2024-03-05 02:13:32,896 - INFO - Val loss decrease from 26.7006 to 26.5888, saving to ./libcity/cache/89651/model_cache/PDFormer_PeMS08_epoch77.tar
2024-03-05 02:15:31,850 - INFO - epoch complete!
2024-03-05 02:15:31,850 - INFO - evaluating now!
2024-03-05 02:15:42,262 - INFO - Epoch [78/300] (52851) train_loss: 26.6510, val_loss: 27.0684, lr: 0.000855, 129.37s
2024-03-05 02:17:41,553 - INFO - epoch complete!
2024-03-05 02:17:41,553 - INFO - evaluating now!
2024-03-05 02:17:51,860 - INFO - Epoch [79/300] (53520) train_loss: 26.5324, val_loss: 26.3901, lr: 0.000851, 129.60s
2024-03-05 02:17:51,958 - INFO - Saved model at 79
2024-03-05 02:17:51,958 - INFO - Val loss decrease from 26.5888 to 26.3901, saving to ./libcity/cache/89651/model_cache/PDFormer_PeMS08_epoch79.tar
2024-03-05 02:19:51,540 - INFO - epoch complete!
2024-03-05 02:19:51,541 - INFO - evaluating now!
2024-03-05 02:20:01,906 - INFO - Epoch [80/300] (54189) train_loss: 26.6538, val_loss: 26.7497, lr: 0.000848, 129.95s
2024-03-05 02:22:01,635 - INFO - epoch complete!
2024-03-05 02:22:01,636 - INFO - evaluating now!
2024-03-05 02:22:12,029 - INFO - Epoch [81/300] (54858) train_loss: 26.5445, val_loss: 26.7365, lr: 0.000844, 130.12s
2024-03-05 02:24:11,393 - INFO - epoch complete!
2024-03-05 02:24:11,394 - INFO - evaluating now!
2024-03-05 02:24:21,746 - INFO - Epoch [82/300] (55527) train_loss: 26.2590, val_loss: 26.7100, lr: 0.000840, 129.72s
2024-03-05 02:26:21,440 - INFO - epoch complete!
2024-03-05 02:26:21,441 - INFO - evaluating now!
2024-03-05 02:26:31,704 - INFO - Epoch [83/300] (56196) train_loss: 26.4463, val_loss: 27.1279, lr: 0.000837, 129.96s
2024-03-05 02:28:31,196 - INFO - epoch complete!
2024-03-05 02:28:31,196 - INFO - evaluating now!
2024-03-05 02:28:41,387 - INFO - Epoch [84/300] (56865) train_loss: 26.4953, val_loss: 26.7301, lr: 0.000833, 129.68s
2024-03-05 02:30:41,188 - INFO - epoch complete!
2024-03-05 02:30:41,189 - INFO - evaluating now!
2024-03-05 02:30:51,363 - INFO - Epoch [85/300] (57534) train_loss: 26.4315, val_loss: 26.8853, lr: 0.000830, 129.97s
2024-03-05 02:32:51,204 - INFO - epoch complete!
2024-03-05 02:32:51,205 - INFO - evaluating now!
2024-03-05 02:33:01,402 - INFO - Epoch [86/300] (58203) train_loss: 26.3137, val_loss: 26.4899, lr: 0.000826, 130.04s
2024-03-05 02:35:01,044 - INFO - epoch complete!
2024-03-05 02:35:01,045 - INFO - evaluating now!
2024-03-05 02:35:11,241 - INFO - Epoch [87/300] (58872) train_loss: 26.4103, val_loss: 26.4258, lr: 0.000822, 129.84s
2024-03-05 02:37:11,034 - INFO - epoch complete!
2024-03-05 02:37:11,035 - INFO - evaluating now!
2024-03-05 02:37:21,170 - INFO - Epoch [88/300] (59541) train_loss: 26.2976, val_loss: 26.7535, lr: 0.000818, 129.93s
2024-03-05 02:39:20,980 - INFO - epoch complete!
2024-03-05 02:39:20,981 - INFO - evaluating now!
2024-03-05 02:39:31,150 - INFO - Epoch [89/300] (60210) train_loss: 26.1829, val_loss: 25.9773, lr: 0.000815, 129.98s
2024-03-05 02:39:31,256 - INFO - Saved model at 89
2024-03-05 02:39:31,257 - INFO - Val loss decrease from 26.3901 to 25.9773, saving to ./libcity/cache/89651/model_cache/PDFormer_PeMS08_epoch89.tar
2024-03-05 02:41:30,977 - INFO - epoch complete!
2024-03-05 02:41:30,977 - INFO - evaluating now!
2024-03-05 02:41:41,172 - INFO - Epoch [90/300] (60879) train_loss: 26.1731, val_loss: 26.2526, lr: 0.000811, 129.92s
2024-03-05 02:43:40,956 - INFO - epoch complete!
2024-03-05 02:43:40,957 - INFO - evaluating now!
2024-03-05 02:43:51,143 - INFO - Epoch [91/300] (61548) train_loss: 26.1955, val_loss: 26.6933, lr: 0.000807, 129.97s
2024-03-05 02:45:51,479 - INFO - epoch complete!
2024-03-05 02:45:51,480 - INFO - evaluating now!
2024-03-05 02:46:01,680 - INFO - Epoch [92/300] (62217) train_loss: 26.1674, val_loss: 26.5792, lr: 0.000803, 130.54s
2024-03-05 02:47:59,243 - INFO - epoch complete!
2024-03-05 02:47:59,244 - INFO - evaluating now!
2024-03-05 02:48:09,403 - INFO - Epoch [93/300] (62886) train_loss: 26.1361, val_loss: 26.5371, lr: 0.000799, 127.72s
2024-03-05 02:50:05,273 - INFO - epoch complete!
2024-03-05 02:50:05,273 - INFO - evaluating now!
2024-03-05 02:50:15,351 - INFO - Epoch [94/300] (63555) train_loss: 26.0866, val_loss: 26.2275, lr: 0.000795, 125.95s
2024-03-05 02:52:11,276 - INFO - epoch complete!
2024-03-05 02:52:11,277 - INFO - evaluating now!
2024-03-05 02:52:21,368 - INFO - Epoch [95/300] (64224) train_loss: 26.0234, val_loss: 26.7775, lr: 0.000791, 126.02s
2024-03-05 02:54:18,205 - INFO - epoch complete!
2024-03-05 02:54:18,206 - INFO - evaluating now!
2024-03-05 02:54:28,402 - INFO - Epoch [96/300] (64893) train_loss: 26.0501, val_loss: 26.0365, lr: 0.000787, 127.03s
2024-03-05 02:56:25,264 - INFO - epoch complete!
2024-03-05 02:56:25,265 - INFO - evaluating now!
2024-03-05 02:56:35,353 - INFO - Epoch [97/300] (65562) train_loss: 25.9725, val_loss: 26.2654, lr: 0.000783, 126.95s
2024-03-05 02:58:32,472 - INFO - epoch complete!
2024-03-05 02:58:32,473 - INFO - evaluating now!
2024-03-05 02:58:42,546 - INFO - Epoch [98/300] (66231) train_loss: 25.9789, val_loss: 26.3722, lr: 0.000779, 127.19s
2024-03-05 03:00:39,448 - INFO - epoch complete!
2024-03-05 03:00:39,449 - INFO - evaluating now!
2024-03-05 03:00:49,546 - INFO - Epoch [99/300] (66900) train_loss: 25.9646, val_loss: 26.5388, lr: 0.000775, 127.00s
2024-03-05 03:02:46,583 - INFO - epoch complete!
2024-03-05 03:02:46,584 - INFO - evaluating now!
2024-03-05 03:02:56,677 - INFO - Epoch [100/300] (67569) train_loss: 25.9930, val_loss: 26.3792, lr: 0.000771, 127.13s
2024-03-05 03:04:53,763 - INFO - epoch complete!
2024-03-05 03:04:53,764 - INFO - evaluating now!
2024-03-05 03:05:03,873 - INFO - Epoch [101/300] (68238) train_loss: 25.8315, val_loss: 26.0760, lr: 0.000767, 127.19s
2024-03-05 03:07:00,629 - INFO - epoch complete!
2024-03-05 03:07:00,629 - INFO - evaluating now!
2024-03-05 03:07:10,843 - INFO - Epoch [102/300] (68907) train_loss: 25.8565, val_loss: 26.1363, lr: 0.000763, 126.97s
2024-03-05 03:09:07,571 - INFO - epoch complete!
2024-03-05 03:09:07,572 - INFO - evaluating now!
2024-03-05 03:09:17,763 - INFO - Epoch [103/300] (69576) train_loss: 25.8494, val_loss: 26.1852, lr: 0.000758, 126.92s
2024-03-05 03:11:14,699 - INFO - epoch complete!
2024-03-05 03:11:14,700 - INFO - evaluating now!
2024-03-05 03:11:24,773 - INFO - Epoch [104/300] (70245) train_loss: 25.8353, val_loss: 26.4418, lr: 0.000754, 127.01s
2024-03-05 03:13:21,552 - INFO - epoch complete!
2024-03-05 03:13:21,553 - INFO - evaluating now!
2024-03-05 03:13:31,597 - INFO - Epoch [105/300] (70914) train_loss: 25.7859, val_loss: 26.4330, lr: 0.000750, 126.82s
2024-03-05 03:15:28,810 - INFO - epoch complete!
2024-03-05 03:15:28,811 - INFO - evaluating now!
2024-03-05 03:15:38,912 - INFO - Epoch [106/300] (71583) train_loss: 25.7542, val_loss: 25.8091, lr: 0.000746, 127.31s
2024-03-05 03:15:39,017 - INFO - Saved model at 106
2024-03-05 03:15:39,018 - INFO - Val loss decrease from 25.9773 to 25.8091, saving to ./libcity/cache/89651/model_cache/PDFormer_PeMS08_epoch106.tar
2024-03-05 03:17:36,909 - INFO - epoch complete!
2024-03-05 03:17:36,910 - INFO - evaluating now!
2024-03-05 03:17:47,090 - INFO - Epoch [107/300] (72252) train_loss: 25.6975, val_loss: 25.9551, lr: 0.000742, 128.07s
2024-03-05 03:19:44,158 - INFO - epoch complete!
2024-03-05 03:19:44,159 - INFO - evaluating now!
2024-03-05 03:19:54,259 - INFO - Epoch [108/300] (72921) train_loss: 25.7383, val_loss: 25.9243, lr: 0.000737, 127.17s
2024-03-05 03:21:51,054 - INFO - epoch complete!
2024-03-05 03:21:51,055 - INFO - evaluating now!
2024-03-05 03:22:01,183 - INFO - Epoch [109/300] (73590) train_loss: 25.7446, val_loss: 26.0468, lr: 0.000733, 126.92s
2024-03-05 03:23:58,078 - INFO - epoch complete!
2024-03-05 03:23:58,078 - INFO - evaluating now!
2024-03-05 03:24:08,223 - INFO - Epoch [110/300] (74259) train_loss: 25.5528, val_loss: 26.3375, lr: 0.000729, 127.04s
