2024-03-11 16:10:25,075 - INFO - Log directory: ./libcity/log
2024-03-11 16:10:25,076 - INFO - Begin pipeline, task=traffic_state_pred, model_name=PDFormer, dataset_name=PeMS07, exp_id=90945
2024-03-11 16:10:25,076 - INFO - {'task': 'traffic_state_pred', 'model': 'PDFormer', 'dataset': 'PeMS07', 'saved_model': True, 'train': True, 'local_rank': 0, 'initial_ckpt': None, 'dataset_class': 'PDFormerDataset', 'input_window': 12, 'output_window': 12, 'train_rate': 0.6, 'eval_rate': 0.2, 'batch_size': 8, 'grad_accmu_steps': 2, 'add_time_in_day': True, 'add_day_in_week': True, 'step_size': 4232, 'max_epoch': 300, 'bidir': True, 'far_mask_delta': 7, 'geo_num_heads': 4, 'sem_num_heads': 2, 't_num_heads': 2, 'cluster_method': 'kshape', 'cand_key_days': 14, 'seed': 1, 'type_ln': 'pre', 'set_loss': 'huber', 'huber_delta': 2, 'mode': 'average', 'executor': 'PDFormerExecutor', 'evaluator': 'TrafficStateEvaluator', 'embed_dim': 64, 'skip_dim': 256, 'mlp_ratio': 4, 'qkv_bias': True, 'drop': 0, 'attn_drop': 0, 'drop_path': 0.3, 's_attn_size': 3, 't_attn_size': 1, 'enc_depth': 6, 'type_short_path': 'hop', 'scaler': 'standard', 'load_external': True, 'normal_external': False, 'ext_scaler': 'none', 'learner': 'adamw', 'learning_rate': 0.001, 'weight_decay': 0.05, 'lr_decay': True, 'lr_scheduler': 'cosinelr', 'lr_eta_min': 0.0001, 'lr_decay_ratio': 0.1, 'lr_warmup_epoch': 5, 'lr_warmup_init': 1e-06, 'clip_grad_norm': True, 'max_grad_norm': 5, 'use_early_stop': True, 'patience': 50, 'task_level': 0, 'use_curriculum_learning': True, 'random_flip': True, 'quan_delta': 0.25, 'dtw_delta': 5, 'cache_dataset': True, 'num_workers': 0, 'pad_with_last_sample': True, 'lape_dim': 8, 'gpu': True, 'gpu_id': [0, 1, 2], 'train_loss': 'none', 'epoch': 0, 'lr_epsilon': 1e-08, 'lr_beta1': 0.9, 'lr_beta2': 0.999, 'lr_alpha': 0.99, 'lr_momentum': 0, 'steps': [5, 20, 40, 70], 'lr_T_max': 30, 'lr_patience': 10, 'lr_threshold': 0.0001, 'log_level': 'INFO', 'log_every': 1, 'load_best_epoch': True, 'hyper_tune': False, 'metrics': ['MAE', 'MAPE', 'RMSE', 'masked_MAE', 'masked_MAPE', 'masked_RMSE'], 'save_modes': ['csv'], 'geo': {'including_types': ['Point'], 'Point': {}}, 'rel': {'including_types': ['geo'], 'geo': {'cost': 'num'}}, 'dyna': {'including_types': ['state'], 'state': {'entity_id': 'geo_id', 'traffic_flow': 'num'}}, 'data_col': ['traffic_flow'], 'weight_col': 'cost', 'data_files': ['PeMS07'], 'geo_file': 'PeMS07', 'rel_file': 'PeMS07', 'output_dim': 1, 'time_intervals': 300, 'init_weight_inf_or_zero': 'zero', 'set_weight_link_or_dist': 'link', 'calculate_weight_adj': False, 'weight_adj_epsilon': 0.1, 'distributed': False, 'device': device(type='cuda', index=0), 'exp_id': 90945}
2024-03-11 16:10:25,829 - INFO - Loaded file PeMS07.geo, num_nodes=883
2024-03-11 16:10:25,833 - INFO - set_weight_link_or_dist: link
2024-03-11 16:10:25,834 - INFO - init_weight_inf_or_zero: zero
2024-03-11 16:10:25,844 - INFO - Loaded file PeMS07.rel, shape=(883, 883)
2024-03-11 16:10:25,845 - INFO - Max adj_mx value = 1.0
2024-03-11 17:05:55,679 - INFO - Loading file PeMS07.dyna
2024-03-11 17:06:22,538 - INFO - Loaded file PeMS07.dyna, shape=(28224, 883, 1)
2024-03-11 17:06:22,817 - INFO - Load DTW matrix from ./libcity/cache/dataset_cache/dtw_PeMS07.npy
2024-03-11 17:06:22,818 - INFO - Loading ./libcity/cache/dataset_cache/pdformer_point_based_PeMS07_12_12_0.6_1_0.2_standard_8_True_True_True_True_traffic_flow.npz
2024-03-11 17:08:20,230 - INFO - train	x: (16921, 12, 883, 9), y: (16921, 12, 883, 9), ind: (16921,)
2024-03-11 17:08:20,230 - INFO - eval	x: (5640, 12, 883, 9), y: (5640, 12, 883, 9), ind: (5640,)
2024-03-11 17:08:20,230 - INFO - test	x: (5640, 12, 883, 9), y: (5640, 12, 883, 9), ind: (5640,)
2024-03-11 17:08:27,254 - INFO - StandardScaler mean: 309.5414726371829, std: 189.50746108430616
2024-03-11 17:08:27,255 - INFO - NoneScaler
2024-03-11 17:08:47,090 - INFO - Loaded file ./libcity/cache/dataset_cache/pattern_keys_kshape_PeMS07_14_3_16_5.npy
2024-03-11 17:08:47,097 - INFO - Use use_curriculum_learning!
2024-03-11 17:08:55,770 - INFO - Number of isolated points: 0
2024-03-11 17:08:56,737 - INFO - Number of isolated points: 0
2024-03-11 17:08:57,747 - INFO - PDFormer(
  (pattern_embeddings): ModuleList(
    (0): TokenEmbedding(
      (token_embed): Linear(in_features=3, out_features=64, bias=True)
      (norm): Identity()
    )
  )
  (enc_embed_layer): DataEmbedding(
    (value_embedding): TokenEmbedding(
      (token_embed): Linear(in_features=1, out_features=64, bias=True)
      (norm): Identity()
    )
    (position_encoding): PositionalEncoding()
    (daytime_embedding): Embedding(1440, 64)
    (weekday_embedding): Embedding(7, 64)
    (spatial_embedding): LaplacianPE(
      (embedding_lap_pos_enc): Linear(in_features=8, out_features=64, bias=True)
    )
    (tempp_embedding): Linear(in_features=8, out_features=64, bias=True)
    (dropout): Dropout(p=0, inplace=False)
  )
  (encoder_blocks): ModuleList(
    (0): STEncoderBlock(
      (norm1): LayerNorm((64,), eps=1e-06, elementwise_affine=True)
      (st_attn): STSelfAttention(
        (pattern_q_linears): ModuleList(
          (0): Linear(in_features=64, out_features=32, bias=True)
        )
        (pattern_k_linears): ModuleList(
          (0): Linear(in_features=64, out_features=32, bias=True)
        )
        (pattern_v_linears): ModuleList(
          (0): Linear(in_features=64, out_features=32, bias=True)
        )
        (geo_q_conv): Conv2d(64, 32, kernel_size=(1, 1), stride=(1, 1))
        (geo_k_conv): Conv2d(64, 32, kernel_size=(1, 1), stride=(1, 1))
        (geo_v_conv): Conv2d(64, 32, kernel_size=(1, 1), stride=(1, 1))
        (geo_attn_drop): Dropout(p=0, inplace=False)
        (sem_q_conv): Conv2d(64, 16, kernel_size=(1, 1), stride=(1, 1))
        (sem_k_conv): Conv2d(64, 16, kernel_size=(1, 1), stride=(1, 1))
        (sem_v_conv): Conv2d(64, 16, kernel_size=(1, 1), stride=(1, 1))
        (sem_attn_drop): Dropout(p=0, inplace=False)
        (t_q_conv): Conv2d(64, 16, kernel_size=(1, 1), stride=(1, 1))
        (t_k_conv): Conv2d(64, 16, kernel_size=(1, 1), stride=(1, 1))
        (t_v_conv): Conv2d(64, 16, kernel_size=(1, 1), stride=(1, 1))
        (t_attn_drop): Dropout(p=0, inplace=False)
        (proj): Linear(in_features=48, out_features=64, bias=True)
        (proj_drop): Dropout(p=0, inplace=False)
        (gconv): gcn(
          (nconv): nconv()
          (mlp): linear(
            (mlp): Conv2d(96, 32, kernel_size=(1, 1), stride=(1, 1))
          )
        )
        (reshape1): Linear(in_features=64, out_features=32, bias=True)
        (reshape2): Linear(in_features=32, out_features=64, bias=True)
      )
      (drop_path): Identity()
      (norm2): LayerNorm((64,), eps=1e-06, elementwise_affine=True)
      (mlp): Mlp(
        (fc1): Linear(in_features=64, out_features=256, bias=True)
        (act): GELU()
        (fc2): Linear(in_features=256, out_features=64, bias=True)
        (drop): Dropout(p=0, inplace=False)
      )
    )
    (1): STEncoderBlock(
      (norm1): LayerNorm((64,), eps=1e-06, elementwise_affine=True)
      (st_attn): STSelfAttention(
        (pattern_q_linears): ModuleList(
          (0): Linear(in_features=64, out_features=32, bias=True)
        )
        (pattern_k_linears): ModuleList(
          (0): Linear(in_features=64, out_features=32, bias=True)
        )
        (pattern_v_linears): ModuleList(
          (0): Linear(in_features=64, out_features=32, bias=True)
        )
        (geo_q_conv): Conv2d(64, 32, kernel_size=(1, 1), stride=(1, 1))
        (geo_k_conv): Conv2d(64, 32, kernel_size=(1, 1), stride=(1, 1))
        (geo_v_conv): Conv2d(64, 32, kernel_size=(1, 1), stride=(1, 1))
        (geo_attn_drop): Dropout(p=0, inplace=False)
        (sem_q_conv): Conv2d(64, 16, kernel_size=(1, 1), stride=(1, 1))
        (sem_k_conv): Conv2d(64, 16, kernel_size=(1, 1), stride=(1, 1))
        (sem_v_conv): Conv2d(64, 16, kernel_size=(1, 1), stride=(1, 1))
        (sem_attn_drop): Dropout(p=0, inplace=False)
        (t_q_conv): Conv2d(64, 16, kernel_size=(1, 1), stride=(1, 1))
        (t_k_conv): Conv2d(64, 16, kernel_size=(1, 1), stride=(1, 1))
        (t_v_conv): Conv2d(64, 16, kernel_size=(1, 1), stride=(1, 1))
        (t_attn_drop): Dropout(p=0, inplace=False)
        (proj): Linear(in_features=48, out_features=64, bias=True)
        (proj_drop): Dropout(p=0, inplace=False)
        (gconv): gcn(
          (nconv): nconv()
          (mlp): linear(
            (mlp): Conv2d(96, 32, kernel_size=(1, 1), stride=(1, 1))
          )
        )
        (reshape1): Linear(in_features=64, out_features=32, bias=True)
        (reshape2): Linear(in_features=32, out_features=64, bias=True)
      )
      (drop_path): DropPath()
      (norm2): LayerNorm((64,), eps=1e-06, elementwise_affine=True)
      (mlp): Mlp(
        (fc1): Linear(in_features=64, out_features=256, bias=True)
        (act): GELU()
        (fc2): Linear(in_features=256, out_features=64, bias=True)
        (drop): Dropout(p=0, inplace=False)
      )
    )
    (2): STEncoderBlock(
      (norm1): LayerNorm((64,), eps=1e-06, elementwise_affine=True)
      (st_attn): STSelfAttention(
        (pattern_q_linears): ModuleList(
          (0): Linear(in_features=64, out_features=32, bias=True)
        )
        (pattern_k_linears): ModuleList(
          (0): Linear(in_features=64, out_features=32, bias=True)
        )
        (pattern_v_linears): ModuleList(
          (0): Linear(in_features=64, out_features=32, bias=True)
        )
        (geo_q_conv): Conv2d(64, 32, kernel_size=(1, 1), stride=(1, 1))
        (geo_k_conv): Conv2d(64, 32, kernel_size=(1, 1), stride=(1, 1))
        (geo_v_conv): Conv2d(64, 32, kernel_size=(1, 1), stride=(1, 1))
        (geo_attn_drop): Dropout(p=0, inplace=False)
        (sem_q_conv): Conv2d(64, 16, kernel_size=(1, 1), stride=(1, 1))
        (sem_k_conv): Conv2d(64, 16, kernel_size=(1, 1), stride=(1, 1))
        (sem_v_conv): Conv2d(64, 16, kernel_size=(1, 1), stride=(1, 1))
        (sem_attn_drop): Dropout(p=0, inplace=False)
        (t_q_conv): Conv2d(64, 16, kernel_size=(1, 1), stride=(1, 1))
        (t_k_conv): Conv2d(64, 16, kernel_size=(1, 1), stride=(1, 1))
        (t_v_conv): Conv2d(64, 16, kernel_size=(1, 1), stride=(1, 1))
        (t_attn_drop): Dropout(p=0, inplace=False)
        (proj): Linear(in_features=48, out_features=64, bias=True)
        (proj_drop): Dropout(p=0, inplace=False)
        (gconv): gcn(
          (nconv): nconv()
          (mlp): linear(
            (mlp): Conv2d(96, 32, kernel_size=(1, 1), stride=(1, 1))
          )
        )
        (reshape1): Linear(in_features=64, out_features=32, bias=True)
        (reshape2): Linear(in_features=32, out_features=64, bias=True)
      )
      (drop_path): DropPath()
      (norm2): LayerNorm((64,), eps=1e-06, elementwise_affine=True)
      (mlp): Mlp(
        (fc1): Linear(in_features=64, out_features=256, bias=True)
        (act): GELU()
        (fc2): Linear(in_features=256, out_features=64, bias=True)
        (drop): Dropout(p=0, inplace=False)
      )
    )
    (3): STEncoderBlock(
      (norm1): LayerNorm((64,), eps=1e-06, elementwise_affine=True)
      (st_attn): STSelfAttention(
        (pattern_q_linears): ModuleList(
          (0): Linear(in_features=64, out_features=32, bias=True)
        )
        (pattern_k_linears): ModuleList(
          (0): Linear(in_features=64, out_features=32, bias=True)
        )
        (pattern_v_linears): ModuleList(
          (0): Linear(in_features=64, out_features=32, bias=True)
        )
        (geo_q_conv): Conv2d(64, 32, kernel_size=(1, 1), stride=(1, 1))
        (geo_k_conv): Conv2d(64, 32, kernel_size=(1, 1), stride=(1, 1))
        (geo_v_conv): Conv2d(64, 32, kernel_size=(1, 1), stride=(1, 1))
        (geo_attn_drop): Dropout(p=0, inplace=False)
        (sem_q_conv): Conv2d(64, 16, kernel_size=(1, 1), stride=(1, 1))
        (sem_k_conv): Conv2d(64, 16, kernel_size=(1, 1), stride=(1, 1))
        (sem_v_conv): Conv2d(64, 16, kernel_size=(1, 1), stride=(1, 1))
        (sem_attn_drop): Dropout(p=0, inplace=False)
        (t_q_conv): Conv2d(64, 16, kernel_size=(1, 1), stride=(1, 1))
        (t_k_conv): Conv2d(64, 16, kernel_size=(1, 1), stride=(1, 1))
        (t_v_conv): Conv2d(64, 16, kernel_size=(1, 1), stride=(1, 1))
        (t_attn_drop): Dropout(p=0, inplace=False)
        (proj): Linear(in_features=48, out_features=64, bias=True)
        (proj_drop): Dropout(p=0, inplace=False)
        (gconv): gcn(
          (nconv): nconv()
          (mlp): linear(
            (mlp): Conv2d(96, 32, kernel_size=(1, 1), stride=(1, 1))
          )
        )
        (reshape1): Linear(in_features=64, out_features=32, bias=True)
        (reshape2): Linear(in_features=32, out_features=64, bias=True)
      )
      (drop_path): DropPath()
      (norm2): LayerNorm((64,), eps=1e-06, elementwise_affine=True)
      (mlp): Mlp(
        (fc1): Linear(in_features=64, out_features=256, bias=True)
        (act): GELU()
        (fc2): Linear(in_features=256, out_features=64, bias=True)
        (drop): Dropout(p=0, inplace=False)
      )
    )
    (4): STEncoderBlock(
      (norm1): LayerNorm((64,), eps=1e-06, elementwise_affine=True)
      (st_attn): STSelfAttention(
        (pattern_q_linears): ModuleList(
          (0): Linear(in_features=64, out_features=32, bias=True)
        )
        (pattern_k_linears): ModuleList(
          (0): Linear(in_features=64, out_features=32, bias=True)
        )
        (pattern_v_linears): ModuleList(
          (0): Linear(in_features=64, out_features=32, bias=True)
        )
        (geo_q_conv): Conv2d(64, 32, kernel_size=(1, 1), stride=(1, 1))
        (geo_k_conv): Conv2d(64, 32, kernel_size=(1, 1), stride=(1, 1))
        (geo_v_conv): Conv2d(64, 32, kernel_size=(1, 1), stride=(1, 1))
        (geo_attn_drop): Dropout(p=0, inplace=False)
        (sem_q_conv): Conv2d(64, 16, kernel_size=(1, 1), stride=(1, 1))
        (sem_k_conv): Conv2d(64, 16, kernel_size=(1, 1), stride=(1, 1))
        (sem_v_conv): Conv2d(64, 16, kernel_size=(1, 1), stride=(1, 1))
        (sem_attn_drop): Dropout(p=0, inplace=False)
        (t_q_conv): Conv2d(64, 16, kernel_size=(1, 1), stride=(1, 1))
        (t_k_conv): Conv2d(64, 16, kernel_size=(1, 1), stride=(1, 1))
        (t_v_conv): Conv2d(64, 16, kernel_size=(1, 1), stride=(1, 1))
        (t_attn_drop): Dropout(p=0, inplace=False)
        (proj): Linear(in_features=48, out_features=64, bias=True)
        (proj_drop): Dropout(p=0, inplace=False)
        (gconv): gcn(
          (nconv): nconv()
          (mlp): linear(
            (mlp): Conv2d(96, 32, kernel_size=(1, 1), stride=(1, 1))
          )
        )
        (reshape1): Linear(in_features=64, out_features=32, bias=True)
        (reshape2): Linear(in_features=32, out_features=64, bias=True)
      )
      (drop_path): DropPath()
      (norm2): LayerNorm((64,), eps=1e-06, elementwise_affine=True)
      (mlp): Mlp(
        (fc1): Linear(in_features=64, out_features=256, bias=True)
        (act): GELU()
        (fc2): Linear(in_features=256, out_features=64, bias=True)
        (drop): Dropout(p=0, inplace=False)
      )
    )
    (5): STEncoderBlock(
      (norm1): LayerNorm((64,), eps=1e-06, elementwise_affine=True)
      (st_attn): STSelfAttention(
        (pattern_q_linears): ModuleList(
          (0): Linear(in_features=64, out_features=32, bias=True)
        )
        (pattern_k_linears): ModuleList(
          (0): Linear(in_features=64, out_features=32, bias=True)
        )
        (pattern_v_linears): ModuleList(
          (0): Linear(in_features=64, out_features=32, bias=True)
        )
        (geo_q_conv): Conv2d(64, 32, kernel_size=(1, 1), stride=(1, 1))
        (geo_k_conv): Conv2d(64, 32, kernel_size=(1, 1), stride=(1, 1))
        (geo_v_conv): Conv2d(64, 32, kernel_size=(1, 1), stride=(1, 1))
        (geo_attn_drop): Dropout(p=0, inplace=False)
        (sem_q_conv): Conv2d(64, 16, kernel_size=(1, 1), stride=(1, 1))
        (sem_k_conv): Conv2d(64, 16, kernel_size=(1, 1), stride=(1, 1))
        (sem_v_conv): Conv2d(64, 16, kernel_size=(1, 1), stride=(1, 1))
        (sem_attn_drop): Dropout(p=0, inplace=False)
        (t_q_conv): Conv2d(64, 16, kernel_size=(1, 1), stride=(1, 1))
        (t_k_conv): Conv2d(64, 16, kernel_size=(1, 1), stride=(1, 1))
        (t_v_conv): Conv2d(64, 16, kernel_size=(1, 1), stride=(1, 1))
        (t_attn_drop): Dropout(p=0, inplace=False)
        (proj): Linear(in_features=48, out_features=64, bias=True)
        (proj_drop): Dropout(p=0, inplace=False)
        (gconv): gcn(
          (nconv): nconv()
          (mlp): linear(
            (mlp): Conv2d(96, 32, kernel_size=(1, 1), stride=(1, 1))
          )
        )
        (reshape1): Linear(in_features=64, out_features=32, bias=True)
        (reshape2): Linear(in_features=32, out_features=64, bias=True)
      )
      (drop_path): DropPath()
      (norm2): LayerNorm((64,), eps=1e-06, elementwise_affine=True)
      (mlp): Mlp(
        (fc1): Linear(in_features=64, out_features=256, bias=True)
        (act): GELU()
        (fc2): Linear(in_features=256, out_features=64, bias=True)
        (drop): Dropout(p=0, inplace=False)
      )
    )
  )
  (skip_convs): ModuleList(
    (0): Conv2d(64, 256, kernel_size=(1, 1), stride=(1, 1))
    (1): Conv2d(64, 256, kernel_size=(1, 1), stride=(1, 1))
    (2): Conv2d(64, 256, kernel_size=(1, 1), stride=(1, 1))
    (3): Conv2d(64, 256, kernel_size=(1, 1), stride=(1, 1))
    (4): Conv2d(64, 256, kernel_size=(1, 1), stride=(1, 1))
    (5): Conv2d(64, 256, kernel_size=(1, 1), stride=(1, 1))
  )
  (end_conv1): Conv2d(12, 12, kernel_size=(1, 1), stride=(1, 1))
  (end_conv2): Conv2d(256, 1, kernel_size=(1, 1), stride=(1, 1))
)
2024-03-11 17:08:57,754 - INFO - pattern_embeddings.0.token_embed.weight	torch.Size([64, 3])	cuda:0	True
2024-03-11 17:08:57,754 - INFO - pattern_embeddings.0.token_embed.bias	torch.Size([64])	cuda:0	True
2024-03-11 17:08:57,754 - INFO - enc_embed_layer.value_embedding.token_embed.weight	torch.Size([64, 1])	cuda:0	True
2024-03-11 17:08:57,754 - INFO - enc_embed_layer.value_embedding.token_embed.bias	torch.Size([64])	cuda:0	True
2024-03-11 17:08:57,754 - INFO - enc_embed_layer.daytime_embedding.weight	torch.Size([1440, 64])	cuda:0	True
2024-03-11 17:08:57,755 - INFO - enc_embed_layer.weekday_embedding.weight	torch.Size([7, 64])	cuda:0	True
2024-03-11 17:08:57,755 - INFO - enc_embed_layer.spatial_embedding.embedding_lap_pos_enc.weight	torch.Size([64, 8])	cuda:0	True
2024-03-11 17:08:57,755 - INFO - enc_embed_layer.spatial_embedding.embedding_lap_pos_enc.bias	torch.Size([64])	cuda:0	True
2024-03-11 17:08:57,755 - INFO - enc_embed_layer.tempp_embedding.weight	torch.Size([64, 8])	cuda:0	True
2024-03-11 17:08:57,755 - INFO - enc_embed_layer.tempp_embedding.bias	torch.Size([64])	cuda:0	True
2024-03-11 17:08:57,755 - INFO - encoder_blocks.0.norm1.weight	torch.Size([64])	cuda:0	True
2024-03-11 17:08:57,755 - INFO - encoder_blocks.0.norm1.bias	torch.Size([64])	cuda:0	True
2024-03-11 17:08:57,755 - INFO - encoder_blocks.0.st_attn.nodevec_p1	torch.Size([288, 40])	cuda:0	True
2024-03-11 17:08:57,755 - INFO - encoder_blocks.0.st_attn.nodevec_p2	torch.Size([883, 40])	cuda:0	True
2024-03-11 17:08:57,755 - INFO - encoder_blocks.0.st_attn.nodevec_p3	torch.Size([883, 40])	cuda:0	True
2024-03-11 17:08:57,755 - INFO - encoder_blocks.0.st_attn.nodevec_pk	torch.Size([40, 40, 40])	cuda:0	True
2024-03-11 17:08:57,756 - INFO - encoder_blocks.0.st_attn.pattern_q_linears.0.weight	torch.Size([32, 64])	cuda:0	True
2024-03-11 17:08:57,756 - INFO - encoder_blocks.0.st_attn.pattern_q_linears.0.bias	torch.Size([32])	cuda:0	True
2024-03-11 17:08:57,756 - INFO - encoder_blocks.0.st_attn.pattern_k_linears.0.weight	torch.Size([32, 64])	cuda:0	True
2024-03-11 17:08:57,756 - INFO - encoder_blocks.0.st_attn.pattern_k_linears.0.bias	torch.Size([32])	cuda:0	True
2024-03-11 17:08:57,756 - INFO - encoder_blocks.0.st_attn.pattern_v_linears.0.weight	torch.Size([32, 64])	cuda:0	True
2024-03-11 17:08:57,756 - INFO - encoder_blocks.0.st_attn.pattern_v_linears.0.bias	torch.Size([32])	cuda:0	True
2024-03-11 17:08:57,756 - INFO - encoder_blocks.0.st_attn.geo_q_conv.weight	torch.Size([32, 64, 1, 1])	cuda:0	True
2024-03-11 17:08:57,756 - INFO - encoder_blocks.0.st_attn.geo_q_conv.bias	torch.Size([32])	cuda:0	True
2024-03-11 17:08:57,756 - INFO - encoder_blocks.0.st_attn.geo_k_conv.weight	torch.Size([32, 64, 1, 1])	cuda:0	True
2024-03-11 17:08:57,756 - INFO - encoder_blocks.0.st_attn.geo_k_conv.bias	torch.Size([32])	cuda:0	True
2024-03-11 17:08:57,757 - INFO - encoder_blocks.0.st_attn.geo_v_conv.weight	torch.Size([32, 64, 1, 1])	cuda:0	True
2024-03-11 17:08:57,757 - INFO - encoder_blocks.0.st_attn.geo_v_conv.bias	torch.Size([32])	cuda:0	True
2024-03-11 17:08:57,757 - INFO - encoder_blocks.0.st_attn.sem_q_conv.weight	torch.Size([16, 64, 1, 1])	cuda:0	True
2024-03-11 17:08:57,757 - INFO - encoder_blocks.0.st_attn.sem_q_conv.bias	torch.Size([16])	cuda:0	True
2024-03-11 17:08:57,757 - INFO - encoder_blocks.0.st_attn.sem_k_conv.weight	torch.Size([16, 64, 1, 1])	cuda:0	True
2024-03-11 17:08:57,757 - INFO - encoder_blocks.0.st_attn.sem_k_conv.bias	torch.Size([16])	cuda:0	True
2024-03-11 17:08:57,757 - INFO - encoder_blocks.0.st_attn.sem_v_conv.weight	torch.Size([16, 64, 1, 1])	cuda:0	True
2024-03-11 17:08:57,757 - INFO - encoder_blocks.0.st_attn.sem_v_conv.bias	torch.Size([16])	cuda:0	True
2024-03-11 17:08:57,757 - INFO - encoder_blocks.0.st_attn.t_q_conv.weight	torch.Size([16, 64, 1, 1])	cuda:0	True
2024-03-11 17:08:57,757 - INFO - encoder_blocks.0.st_attn.t_q_conv.bias	torch.Size([16])	cuda:0	True
2024-03-11 17:08:57,757 - INFO - encoder_blocks.0.st_attn.t_k_conv.weight	torch.Size([16, 64, 1, 1])	cuda:0	True
2024-03-11 17:08:57,758 - INFO - encoder_blocks.0.st_attn.t_k_conv.bias	torch.Size([16])	cuda:0	True
2024-03-11 17:08:57,758 - INFO - encoder_blocks.0.st_attn.t_v_conv.weight	torch.Size([16, 64, 1, 1])	cuda:0	True
2024-03-11 17:08:57,758 - INFO - encoder_blocks.0.st_attn.t_v_conv.bias	torch.Size([16])	cuda:0	True
2024-03-11 17:08:57,758 - INFO - encoder_blocks.0.st_attn.proj.weight	torch.Size([64, 48])	cuda:0	True
2024-03-11 17:08:57,758 - INFO - encoder_blocks.0.st_attn.proj.bias	torch.Size([64])	cuda:0	True
2024-03-11 17:08:57,758 - INFO - encoder_blocks.0.st_attn.gconv.mlp.mlp.weight	torch.Size([32, 96, 1, 1])	cuda:0	True
2024-03-11 17:08:57,758 - INFO - encoder_blocks.0.st_attn.gconv.mlp.mlp.bias	torch.Size([32])	cuda:0	True
2024-03-11 17:08:57,758 - INFO - encoder_blocks.0.st_attn.reshape1.weight	torch.Size([32, 64])	cuda:0	True
2024-03-11 17:08:57,758 - INFO - encoder_blocks.0.st_attn.reshape1.bias	torch.Size([32])	cuda:0	True
2024-03-11 17:08:57,758 - INFO - encoder_blocks.0.st_attn.reshape2.weight	torch.Size([64, 32])	cuda:0	True
2024-03-11 17:08:57,758 - INFO - encoder_blocks.0.st_attn.reshape2.bias	torch.Size([64])	cuda:0	True
2024-03-11 17:08:57,759 - INFO - encoder_blocks.0.norm2.weight	torch.Size([64])	cuda:0	True
2024-03-11 17:08:57,759 - INFO - encoder_blocks.0.norm2.bias	torch.Size([64])	cuda:0	True
2024-03-11 17:08:57,759 - INFO - encoder_blocks.0.mlp.fc1.weight	torch.Size([256, 64])	cuda:0	True
2024-03-11 17:08:57,759 - INFO - encoder_blocks.0.mlp.fc1.bias	torch.Size([256])	cuda:0	True
2024-03-11 17:08:57,759 - INFO - encoder_blocks.0.mlp.fc2.weight	torch.Size([64, 256])	cuda:0	True
2024-03-11 17:08:57,759 - INFO - encoder_blocks.0.mlp.fc2.bias	torch.Size([64])	cuda:0	True
2024-03-11 17:08:57,759 - INFO - encoder_blocks.1.norm1.weight	torch.Size([64])	cuda:0	True
2024-03-11 17:08:57,759 - INFO - encoder_blocks.1.norm1.bias	torch.Size([64])	cuda:0	True
2024-03-11 17:08:57,759 - INFO - encoder_blocks.1.st_attn.nodevec_p1	torch.Size([288, 40])	cuda:0	True
2024-03-11 17:08:57,759 - INFO - encoder_blocks.1.st_attn.nodevec_p2	torch.Size([883, 40])	cuda:0	True
2024-03-11 17:08:57,759 - INFO - encoder_blocks.1.st_attn.nodevec_p3	torch.Size([883, 40])	cuda:0	True
2024-03-11 17:08:57,760 - INFO - encoder_blocks.1.st_attn.nodevec_pk	torch.Size([40, 40, 40])	cuda:0	True
2024-03-11 17:08:57,760 - INFO - encoder_blocks.1.st_attn.pattern_q_linears.0.weight	torch.Size([32, 64])	cuda:0	True
2024-03-11 17:08:57,760 - INFO - encoder_blocks.1.st_attn.pattern_q_linears.0.bias	torch.Size([32])	cuda:0	True
2024-03-11 17:08:57,760 - INFO - encoder_blocks.1.st_attn.pattern_k_linears.0.weight	torch.Size([32, 64])	cuda:0	True
2024-03-11 17:08:57,760 - INFO - encoder_blocks.1.st_attn.pattern_k_linears.0.bias	torch.Size([32])	cuda:0	True
2024-03-11 17:08:57,760 - INFO - encoder_blocks.1.st_attn.pattern_v_linears.0.weight	torch.Size([32, 64])	cuda:0	True
2024-03-11 17:08:57,760 - INFO - encoder_blocks.1.st_attn.pattern_v_linears.0.bias	torch.Size([32])	cuda:0	True
2024-03-11 17:08:57,760 - INFO - encoder_blocks.1.st_attn.geo_q_conv.weight	torch.Size([32, 64, 1, 1])	cuda:0	True
2024-03-11 17:08:57,760 - INFO - encoder_blocks.1.st_attn.geo_q_conv.bias	torch.Size([32])	cuda:0	True
2024-03-11 17:08:57,760 - INFO - encoder_blocks.1.st_attn.geo_k_conv.weight	torch.Size([32, 64, 1, 1])	cuda:0	True
2024-03-11 17:08:57,760 - INFO - encoder_blocks.1.st_attn.geo_k_conv.bias	torch.Size([32])	cuda:0	True
2024-03-11 17:08:57,761 - INFO - encoder_blocks.1.st_attn.geo_v_conv.weight	torch.Size([32, 64, 1, 1])	cuda:0	True
2024-03-11 17:08:57,761 - INFO - encoder_blocks.1.st_attn.geo_v_conv.bias	torch.Size([32])	cuda:0	True
2024-03-11 17:08:57,761 - INFO - encoder_blocks.1.st_attn.sem_q_conv.weight	torch.Size([16, 64, 1, 1])	cuda:0	True
2024-03-11 17:08:57,761 - INFO - encoder_blocks.1.st_attn.sem_q_conv.bias	torch.Size([16])	cuda:0	True
2024-03-11 17:08:57,761 - INFO - encoder_blocks.1.st_attn.sem_k_conv.weight	torch.Size([16, 64, 1, 1])	cuda:0	True
2024-03-11 17:08:57,761 - INFO - encoder_blocks.1.st_attn.sem_k_conv.bias	torch.Size([16])	cuda:0	True
2024-03-11 17:08:57,761 - INFO - encoder_blocks.1.st_attn.sem_v_conv.weight	torch.Size([16, 64, 1, 1])	cuda:0	True
2024-03-11 17:08:57,761 - INFO - encoder_blocks.1.st_attn.sem_v_conv.bias	torch.Size([16])	cuda:0	True
2024-03-11 17:08:57,761 - INFO - encoder_blocks.1.st_attn.t_q_conv.weight	torch.Size([16, 64, 1, 1])	cuda:0	True
2024-03-11 17:08:57,761 - INFO - encoder_blocks.1.st_attn.t_q_conv.bias	torch.Size([16])	cuda:0	True
2024-03-11 17:08:57,761 - INFO - encoder_blocks.1.st_attn.t_k_conv.weight	torch.Size([16, 64, 1, 1])	cuda:0	True
2024-03-11 17:08:57,762 - INFO - encoder_blocks.1.st_attn.t_k_conv.bias	torch.Size([16])	cuda:0	True
2024-03-11 17:08:57,762 - INFO - encoder_blocks.1.st_attn.t_v_conv.weight	torch.Size([16, 64, 1, 1])	cuda:0	True
2024-03-11 17:08:57,762 - INFO - encoder_blocks.1.st_attn.t_v_conv.bias	torch.Size([16])	cuda:0	True
2024-03-11 17:08:57,762 - INFO - encoder_blocks.1.st_attn.proj.weight	torch.Size([64, 48])	cuda:0	True
2024-03-11 17:08:57,762 - INFO - encoder_blocks.1.st_attn.proj.bias	torch.Size([64])	cuda:0	True
2024-03-11 17:08:57,762 - INFO - encoder_blocks.1.st_attn.gconv.mlp.mlp.weight	torch.Size([32, 96, 1, 1])	cuda:0	True
2024-03-11 17:08:57,762 - INFO - encoder_blocks.1.st_attn.gconv.mlp.mlp.bias	torch.Size([32])	cuda:0	True
2024-03-11 17:08:57,762 - INFO - encoder_blocks.1.st_attn.reshape1.weight	torch.Size([32, 64])	cuda:0	True
2024-03-11 17:08:57,762 - INFO - encoder_blocks.1.st_attn.reshape1.bias	torch.Size([32])	cuda:0	True
2024-03-11 17:08:57,762 - INFO - encoder_blocks.1.st_attn.reshape2.weight	torch.Size([64, 32])	cuda:0	True
2024-03-11 17:08:57,762 - INFO - encoder_blocks.1.st_attn.reshape2.bias	torch.Size([64])	cuda:0	True
2024-03-11 17:08:57,763 - INFO - encoder_blocks.1.norm2.weight	torch.Size([64])	cuda:0	True
2024-03-11 17:08:57,763 - INFO - encoder_blocks.1.norm2.bias	torch.Size([64])	cuda:0	True
2024-03-11 17:08:57,763 - INFO - encoder_blocks.1.mlp.fc1.weight	torch.Size([256, 64])	cuda:0	True
2024-03-11 17:08:57,763 - INFO - encoder_blocks.1.mlp.fc1.bias	torch.Size([256])	cuda:0	True
2024-03-11 17:08:57,763 - INFO - encoder_blocks.1.mlp.fc2.weight	torch.Size([64, 256])	cuda:0	True
2024-03-11 17:08:57,763 - INFO - encoder_blocks.1.mlp.fc2.bias	torch.Size([64])	cuda:0	True
2024-03-11 17:08:57,763 - INFO - encoder_blocks.2.norm1.weight	torch.Size([64])	cuda:0	True
2024-03-11 17:08:57,763 - INFO - encoder_blocks.2.norm1.bias	torch.Size([64])	cuda:0	True
2024-03-11 17:08:57,763 - INFO - encoder_blocks.2.st_attn.nodevec_p1	torch.Size([288, 40])	cuda:0	True
2024-03-11 17:08:57,763 - INFO - encoder_blocks.2.st_attn.nodevec_p2	torch.Size([883, 40])	cuda:0	True
2024-03-11 17:08:57,764 - INFO - encoder_blocks.2.st_attn.nodevec_p3	torch.Size([883, 40])	cuda:0	True
2024-03-11 17:08:57,764 - INFO - encoder_blocks.2.st_attn.nodevec_pk	torch.Size([40, 40, 40])	cuda:0	True
2024-03-11 17:08:57,764 - INFO - encoder_blocks.2.st_attn.pattern_q_linears.0.weight	torch.Size([32, 64])	cuda:0	True
2024-03-11 17:08:57,764 - INFO - encoder_blocks.2.st_attn.pattern_q_linears.0.bias	torch.Size([32])	cuda:0	True
2024-03-11 17:08:57,764 - INFO - encoder_blocks.2.st_attn.pattern_k_linears.0.weight	torch.Size([32, 64])	cuda:0	True
2024-03-11 17:08:57,764 - INFO - encoder_blocks.2.st_attn.pattern_k_linears.0.bias	torch.Size([32])	cuda:0	True
2024-03-11 17:08:57,764 - INFO - encoder_blocks.2.st_attn.pattern_v_linears.0.weight	torch.Size([32, 64])	cuda:0	True
2024-03-11 17:08:57,764 - INFO - encoder_blocks.2.st_attn.pattern_v_linears.0.bias	torch.Size([32])	cuda:0	True
2024-03-11 17:08:57,764 - INFO - encoder_blocks.2.st_attn.geo_q_conv.weight	torch.Size([32, 64, 1, 1])	cuda:0	True
2024-03-11 17:08:57,764 - INFO - encoder_blocks.2.st_attn.geo_q_conv.bias	torch.Size([32])	cuda:0	True
2024-03-11 17:08:57,764 - INFO - encoder_blocks.2.st_attn.geo_k_conv.weight	torch.Size([32, 64, 1, 1])	cuda:0	True
2024-03-11 17:08:57,765 - INFO - encoder_blocks.2.st_attn.geo_k_conv.bias	torch.Size([32])	cuda:0	True
2024-03-11 17:08:57,765 - INFO - encoder_blocks.2.st_attn.geo_v_conv.weight	torch.Size([32, 64, 1, 1])	cuda:0	True
2024-03-11 17:08:57,765 - INFO - encoder_blocks.2.st_attn.geo_v_conv.bias	torch.Size([32])	cuda:0	True
2024-03-11 17:08:57,765 - INFO - encoder_blocks.2.st_attn.sem_q_conv.weight	torch.Size([16, 64, 1, 1])	cuda:0	True
2024-03-11 17:08:57,765 - INFO - encoder_blocks.2.st_attn.sem_q_conv.bias	torch.Size([16])	cuda:0	True
2024-03-11 17:08:57,765 - INFO - encoder_blocks.2.st_attn.sem_k_conv.weight	torch.Size([16, 64, 1, 1])	cuda:0	True
2024-03-11 17:08:57,765 - INFO - encoder_blocks.2.st_attn.sem_k_conv.bias	torch.Size([16])	cuda:0	True
2024-03-11 17:08:57,765 - INFO - encoder_blocks.2.st_attn.sem_v_conv.weight	torch.Size([16, 64, 1, 1])	cuda:0	True
2024-03-11 17:08:57,765 - INFO - encoder_blocks.2.st_attn.sem_v_conv.bias	torch.Size([16])	cuda:0	True
2024-03-11 17:08:57,765 - INFO - encoder_blocks.2.st_attn.t_q_conv.weight	torch.Size([16, 64, 1, 1])	cuda:0	True
2024-03-11 17:08:57,765 - INFO - encoder_blocks.2.st_attn.t_q_conv.bias	torch.Size([16])	cuda:0	True
2024-03-11 17:08:57,765 - INFO - encoder_blocks.2.st_attn.t_k_conv.weight	torch.Size([16, 64, 1, 1])	cuda:0	True
2024-03-11 17:08:57,766 - INFO - encoder_blocks.2.st_attn.t_k_conv.bias	torch.Size([16])	cuda:0	True
2024-03-11 17:08:57,766 - INFO - encoder_blocks.2.st_attn.t_v_conv.weight	torch.Size([16, 64, 1, 1])	cuda:0	True
2024-03-11 17:08:57,766 - INFO - encoder_blocks.2.st_attn.t_v_conv.bias	torch.Size([16])	cuda:0	True
2024-03-11 17:08:57,766 - INFO - encoder_blocks.2.st_attn.proj.weight	torch.Size([64, 48])	cuda:0	True
2024-03-11 17:08:57,766 - INFO - encoder_blocks.2.st_attn.proj.bias	torch.Size([64])	cuda:0	True
2024-03-11 17:08:57,766 - INFO - encoder_blocks.2.st_attn.gconv.mlp.mlp.weight	torch.Size([32, 96, 1, 1])	cuda:0	True
2024-03-11 17:08:57,766 - INFO - encoder_blocks.2.st_attn.gconv.mlp.mlp.bias	torch.Size([32])	cuda:0	True
2024-03-11 17:08:57,766 - INFO - encoder_blocks.2.st_attn.reshape1.weight	torch.Size([32, 64])	cuda:0	True
2024-03-11 17:08:57,766 - INFO - encoder_blocks.2.st_attn.reshape1.bias	torch.Size([32])	cuda:0	True
2024-03-11 17:08:57,766 - INFO - encoder_blocks.2.st_attn.reshape2.weight	torch.Size([64, 32])	cuda:0	True
2024-03-11 17:08:57,766 - INFO - encoder_blocks.2.st_attn.reshape2.bias	torch.Size([64])	cuda:0	True
2024-03-11 17:08:57,767 - INFO - encoder_blocks.2.norm2.weight	torch.Size([64])	cuda:0	True
2024-03-11 17:08:57,767 - INFO - encoder_blocks.2.norm2.bias	torch.Size([64])	cuda:0	True
2024-03-11 17:08:57,767 - INFO - encoder_blocks.2.mlp.fc1.weight	torch.Size([256, 64])	cuda:0	True
2024-03-11 17:08:57,767 - INFO - encoder_blocks.2.mlp.fc1.bias	torch.Size([256])	cuda:0	True
2024-03-11 17:08:57,767 - INFO - encoder_blocks.2.mlp.fc2.weight	torch.Size([64, 256])	cuda:0	True
2024-03-11 17:08:57,767 - INFO - encoder_blocks.2.mlp.fc2.bias	torch.Size([64])	cuda:0	True
2024-03-11 17:08:57,767 - INFO - encoder_blocks.3.norm1.weight	torch.Size([64])	cuda:0	True
2024-03-11 17:08:57,767 - INFO - encoder_blocks.3.norm1.bias	torch.Size([64])	cuda:0	True
2024-03-11 17:08:57,767 - INFO - encoder_blocks.3.st_attn.nodevec_p1	torch.Size([288, 40])	cuda:0	True
2024-03-11 17:08:57,767 - INFO - encoder_blocks.3.st_attn.nodevec_p2	torch.Size([883, 40])	cuda:0	True
2024-03-11 17:08:57,768 - INFO - encoder_blocks.3.st_attn.nodevec_p3	torch.Size([883, 40])	cuda:0	True
2024-03-11 17:08:57,768 - INFO - encoder_blocks.3.st_attn.nodevec_pk	torch.Size([40, 40, 40])	cuda:0	True
2024-03-11 17:08:57,768 - INFO - encoder_blocks.3.st_attn.pattern_q_linears.0.weight	torch.Size([32, 64])	cuda:0	True
2024-03-11 17:08:57,768 - INFO - encoder_blocks.3.st_attn.pattern_q_linears.0.bias	torch.Size([32])	cuda:0	True
2024-03-11 17:08:57,768 - INFO - encoder_blocks.3.st_attn.pattern_k_linears.0.weight	torch.Size([32, 64])	cuda:0	True
2024-03-11 17:08:57,768 - INFO - encoder_blocks.3.st_attn.pattern_k_linears.0.bias	torch.Size([32])	cuda:0	True
2024-03-11 17:08:57,768 - INFO - encoder_blocks.3.st_attn.pattern_v_linears.0.weight	torch.Size([32, 64])	cuda:0	True
2024-03-11 17:08:57,768 - INFO - encoder_blocks.3.st_attn.pattern_v_linears.0.bias	torch.Size([32])	cuda:0	True
2024-03-11 17:08:57,768 - INFO - encoder_blocks.3.st_attn.geo_q_conv.weight	torch.Size([32, 64, 1, 1])	cuda:0	True
2024-03-11 17:08:57,768 - INFO - encoder_blocks.3.st_attn.geo_q_conv.bias	torch.Size([32])	cuda:0	True
2024-03-11 17:08:57,768 - INFO - encoder_blocks.3.st_attn.geo_k_conv.weight	torch.Size([32, 64, 1, 1])	cuda:0	True
2024-03-11 17:08:57,769 - INFO - encoder_blocks.3.st_attn.geo_k_conv.bias	torch.Size([32])	cuda:0	True
2024-03-11 17:08:57,769 - INFO - encoder_blocks.3.st_attn.geo_v_conv.weight	torch.Size([32, 64, 1, 1])	cuda:0	True
2024-03-11 17:08:57,769 - INFO - encoder_blocks.3.st_attn.geo_v_conv.bias	torch.Size([32])	cuda:0	True
2024-03-11 17:08:57,769 - INFO - encoder_blocks.3.st_attn.sem_q_conv.weight	torch.Size([16, 64, 1, 1])	cuda:0	True
2024-03-11 17:08:57,769 - INFO - encoder_blocks.3.st_attn.sem_q_conv.bias	torch.Size([16])	cuda:0	True
2024-03-11 17:08:57,769 - INFO - encoder_blocks.3.st_attn.sem_k_conv.weight	torch.Size([16, 64, 1, 1])	cuda:0	True
2024-03-11 17:08:57,769 - INFO - encoder_blocks.3.st_attn.sem_k_conv.bias	torch.Size([16])	cuda:0	True
2024-03-11 17:08:57,769 - INFO - encoder_blocks.3.st_attn.sem_v_conv.weight	torch.Size([16, 64, 1, 1])	cuda:0	True
2024-03-11 17:08:57,769 - INFO - encoder_blocks.3.st_attn.sem_v_conv.bias	torch.Size([16])	cuda:0	True
2024-03-11 17:08:57,769 - INFO - encoder_blocks.3.st_attn.t_q_conv.weight	torch.Size([16, 64, 1, 1])	cuda:0	True
2024-03-11 17:08:57,769 - INFO - encoder_blocks.3.st_attn.t_q_conv.bias	torch.Size([16])	cuda:0	True
2024-03-11 17:08:57,769 - INFO - encoder_blocks.3.st_attn.t_k_conv.weight	torch.Size([16, 64, 1, 1])	cuda:0	True
2024-03-11 17:08:57,770 - INFO - encoder_blocks.3.st_attn.t_k_conv.bias	torch.Size([16])	cuda:0	True
2024-03-11 17:08:57,770 - INFO - encoder_blocks.3.st_attn.t_v_conv.weight	torch.Size([16, 64, 1, 1])	cuda:0	True
2024-03-11 17:08:57,770 - INFO - encoder_blocks.3.st_attn.t_v_conv.bias	torch.Size([16])	cuda:0	True
2024-03-11 17:08:57,770 - INFO - encoder_blocks.3.st_attn.proj.weight	torch.Size([64, 48])	cuda:0	True
2024-03-11 17:08:57,770 - INFO - encoder_blocks.3.st_attn.proj.bias	torch.Size([64])	cuda:0	True
2024-03-11 17:08:57,770 - INFO - encoder_blocks.3.st_attn.gconv.mlp.mlp.weight	torch.Size([32, 96, 1, 1])	cuda:0	True
2024-03-11 17:08:57,770 - INFO - encoder_blocks.3.st_attn.gconv.mlp.mlp.bias	torch.Size([32])	cuda:0	True
2024-03-11 17:08:57,770 - INFO - encoder_blocks.3.st_attn.reshape1.weight	torch.Size([32, 64])	cuda:0	True
2024-03-11 17:08:57,770 - INFO - encoder_blocks.3.st_attn.reshape1.bias	torch.Size([32])	cuda:0	True
2024-03-11 17:08:57,770 - INFO - encoder_blocks.3.st_attn.reshape2.weight	torch.Size([64, 32])	cuda:0	True
2024-03-11 17:08:57,770 - INFO - encoder_blocks.3.st_attn.reshape2.bias	torch.Size([64])	cuda:0	True
2024-03-11 17:08:57,771 - INFO - encoder_blocks.3.norm2.weight	torch.Size([64])	cuda:0	True
2024-03-11 17:08:57,771 - INFO - encoder_blocks.3.norm2.bias	torch.Size([64])	cuda:0	True
2024-03-11 17:08:57,771 - INFO - encoder_blocks.3.mlp.fc1.weight	torch.Size([256, 64])	cuda:0	True
2024-03-11 17:08:57,771 - INFO - encoder_blocks.3.mlp.fc1.bias	torch.Size([256])	cuda:0	True
2024-03-11 17:08:57,771 - INFO - encoder_blocks.3.mlp.fc2.weight	torch.Size([64, 256])	cuda:0	True
2024-03-11 17:08:57,771 - INFO - encoder_blocks.3.mlp.fc2.bias	torch.Size([64])	cuda:0	True
2024-03-11 17:08:57,771 - INFO - encoder_blocks.4.norm1.weight	torch.Size([64])	cuda:0	True
2024-03-11 17:08:57,771 - INFO - encoder_blocks.4.norm1.bias	torch.Size([64])	cuda:0	True
2024-03-11 17:08:57,771 - INFO - encoder_blocks.4.st_attn.nodevec_p1	torch.Size([288, 40])	cuda:0	True
2024-03-11 17:08:57,771 - INFO - encoder_blocks.4.st_attn.nodevec_p2	torch.Size([883, 40])	cuda:0	True
2024-03-11 17:08:57,771 - INFO - encoder_blocks.4.st_attn.nodevec_p3	torch.Size([883, 40])	cuda:0	True
2024-03-11 17:08:57,772 - INFO - encoder_blocks.4.st_attn.nodevec_pk	torch.Size([40, 40, 40])	cuda:0	True
2024-03-11 17:08:57,772 - INFO - encoder_blocks.4.st_attn.pattern_q_linears.0.weight	torch.Size([32, 64])	cuda:0	True
2024-03-11 17:08:57,772 - INFO - encoder_blocks.4.st_attn.pattern_q_linears.0.bias	torch.Size([32])	cuda:0	True
2024-03-11 17:08:57,772 - INFO - encoder_blocks.4.st_attn.pattern_k_linears.0.weight	torch.Size([32, 64])	cuda:0	True
2024-03-11 17:08:57,772 - INFO - encoder_blocks.4.st_attn.pattern_k_linears.0.bias	torch.Size([32])	cuda:0	True
2024-03-11 17:08:57,772 - INFO - encoder_blocks.4.st_attn.pattern_v_linears.0.weight	torch.Size([32, 64])	cuda:0	True
2024-03-11 17:08:57,772 - INFO - encoder_blocks.4.st_attn.pattern_v_linears.0.bias	torch.Size([32])	cuda:0	True
2024-03-11 17:08:57,772 - INFO - encoder_blocks.4.st_attn.geo_q_conv.weight	torch.Size([32, 64, 1, 1])	cuda:0	True
2024-03-11 17:08:57,772 - INFO - encoder_blocks.4.st_attn.geo_q_conv.bias	torch.Size([32])	cuda:0	True
2024-03-11 17:08:57,772 - INFO - encoder_blocks.4.st_attn.geo_k_conv.weight	torch.Size([32, 64, 1, 1])	cuda:0	True
2024-03-11 17:08:57,772 - INFO - encoder_blocks.4.st_attn.geo_k_conv.bias	torch.Size([32])	cuda:0	True
2024-03-11 17:08:57,773 - INFO - encoder_blocks.4.st_attn.geo_v_conv.weight	torch.Size([32, 64, 1, 1])	cuda:0	True
2024-03-11 17:08:57,773 - INFO - encoder_blocks.4.st_attn.geo_v_conv.bias	torch.Size([32])	cuda:0	True
2024-03-11 17:08:57,773 - INFO - encoder_blocks.4.st_attn.sem_q_conv.weight	torch.Size([16, 64, 1, 1])	cuda:0	True
2024-03-11 17:08:57,773 - INFO - encoder_blocks.4.st_attn.sem_q_conv.bias	torch.Size([16])	cuda:0	True
2024-03-11 17:08:57,773 - INFO - encoder_blocks.4.st_attn.sem_k_conv.weight	torch.Size([16, 64, 1, 1])	cuda:0	True
2024-03-11 17:08:57,773 - INFO - encoder_blocks.4.st_attn.sem_k_conv.bias	torch.Size([16])	cuda:0	True
2024-03-11 17:08:57,773 - INFO - encoder_blocks.4.st_attn.sem_v_conv.weight	torch.Size([16, 64, 1, 1])	cuda:0	True
2024-03-11 17:08:57,773 - INFO - encoder_blocks.4.st_attn.sem_v_conv.bias	torch.Size([16])	cuda:0	True
2024-03-11 17:08:57,773 - INFO - encoder_blocks.4.st_attn.t_q_conv.weight	torch.Size([16, 64, 1, 1])	cuda:0	True
2024-03-11 17:08:57,773 - INFO - encoder_blocks.4.st_attn.t_q_conv.bias	torch.Size([16])	cuda:0	True
2024-03-11 17:08:57,773 - INFO - encoder_blocks.4.st_attn.t_k_conv.weight	torch.Size([16, 64, 1, 1])	cuda:0	True
2024-03-11 17:08:57,774 - INFO - encoder_blocks.4.st_attn.t_k_conv.bias	torch.Size([16])	cuda:0	True
2024-03-11 17:08:57,774 - INFO - encoder_blocks.4.st_attn.t_v_conv.weight	torch.Size([16, 64, 1, 1])	cuda:0	True
2024-03-11 17:08:57,774 - INFO - encoder_blocks.4.st_attn.t_v_conv.bias	torch.Size([16])	cuda:0	True
2024-03-11 17:08:57,774 - INFO - encoder_blocks.4.st_attn.proj.weight	torch.Size([64, 48])	cuda:0	True
2024-03-11 17:08:57,774 - INFO - encoder_blocks.4.st_attn.proj.bias	torch.Size([64])	cuda:0	True
2024-03-11 17:08:57,774 - INFO - encoder_blocks.4.st_attn.gconv.mlp.mlp.weight	torch.Size([32, 96, 1, 1])	cuda:0	True
2024-03-11 17:08:57,774 - INFO - encoder_blocks.4.st_attn.gconv.mlp.mlp.bias	torch.Size([32])	cuda:0	True
2024-03-11 17:08:57,774 - INFO - encoder_blocks.4.st_attn.reshape1.weight	torch.Size([32, 64])	cuda:0	True
2024-03-11 17:08:57,774 - INFO - encoder_blocks.4.st_attn.reshape1.bias	torch.Size([32])	cuda:0	True
2024-03-11 17:08:57,774 - INFO - encoder_blocks.4.st_attn.reshape2.weight	torch.Size([64, 32])	cuda:0	True
2024-03-11 17:08:57,774 - INFO - encoder_blocks.4.st_attn.reshape2.bias	torch.Size([64])	cuda:0	True
2024-03-11 17:08:57,775 - INFO - encoder_blocks.4.norm2.weight	torch.Size([64])	cuda:0	True
2024-03-11 17:08:57,775 - INFO - encoder_blocks.4.norm2.bias	torch.Size([64])	cuda:0	True
2024-03-11 17:08:57,775 - INFO - encoder_blocks.4.mlp.fc1.weight	torch.Size([256, 64])	cuda:0	True
2024-03-11 17:08:57,775 - INFO - encoder_blocks.4.mlp.fc1.bias	torch.Size([256])	cuda:0	True
2024-03-11 17:08:57,775 - INFO - encoder_blocks.4.mlp.fc2.weight	torch.Size([64, 256])	cuda:0	True
2024-03-11 17:08:57,775 - INFO - encoder_blocks.4.mlp.fc2.bias	torch.Size([64])	cuda:0	True
2024-03-11 17:08:57,775 - INFO - encoder_blocks.5.norm1.weight	torch.Size([64])	cuda:0	True
2024-03-11 17:08:57,775 - INFO - encoder_blocks.5.norm1.bias	torch.Size([64])	cuda:0	True
2024-03-11 17:08:57,775 - INFO - encoder_blocks.5.st_attn.nodevec_p1	torch.Size([288, 40])	cuda:0	True
2024-03-11 17:08:57,775 - INFO - encoder_blocks.5.st_attn.nodevec_p2	torch.Size([883, 40])	cuda:0	True
2024-03-11 17:08:57,775 - INFO - encoder_blocks.5.st_attn.nodevec_p3	torch.Size([883, 40])	cuda:0	True
2024-03-11 17:08:57,776 - INFO - encoder_blocks.5.st_attn.nodevec_pk	torch.Size([40, 40, 40])	cuda:0	True
2024-03-11 17:08:57,776 - INFO - encoder_blocks.5.st_attn.pattern_q_linears.0.weight	torch.Size([32, 64])	cuda:0	True
2024-03-11 17:08:57,776 - INFO - encoder_blocks.5.st_attn.pattern_q_linears.0.bias	torch.Size([32])	cuda:0	True
2024-03-11 17:08:57,776 - INFO - encoder_blocks.5.st_attn.pattern_k_linears.0.weight	torch.Size([32, 64])	cuda:0	True
2024-03-11 17:08:57,776 - INFO - encoder_blocks.5.st_attn.pattern_k_linears.0.bias	torch.Size([32])	cuda:0	True
2024-03-11 17:08:57,776 - INFO - encoder_blocks.5.st_attn.pattern_v_linears.0.weight	torch.Size([32, 64])	cuda:0	True
2024-03-11 17:08:57,776 - INFO - encoder_blocks.5.st_attn.pattern_v_linears.0.bias	torch.Size([32])	cuda:0	True
2024-03-11 17:08:57,776 - INFO - encoder_blocks.5.st_attn.geo_q_conv.weight	torch.Size([32, 64, 1, 1])	cuda:0	True
2024-03-11 17:08:57,776 - INFO - encoder_blocks.5.st_attn.geo_q_conv.bias	torch.Size([32])	cuda:0	True
2024-03-11 17:08:57,776 - INFO - encoder_blocks.5.st_attn.geo_k_conv.weight	torch.Size([32, 64, 1, 1])	cuda:0	True
2024-03-11 17:08:57,776 - INFO - encoder_blocks.5.st_attn.geo_k_conv.bias	torch.Size([32])	cuda:0	True
2024-03-11 17:08:57,777 - INFO - encoder_blocks.5.st_attn.geo_v_conv.weight	torch.Size([32, 64, 1, 1])	cuda:0	True
2024-03-11 17:08:57,777 - INFO - encoder_blocks.5.st_attn.geo_v_conv.bias	torch.Size([32])	cuda:0	True
2024-03-11 17:08:57,777 - INFO - encoder_blocks.5.st_attn.sem_q_conv.weight	torch.Size([16, 64, 1, 1])	cuda:0	True
2024-03-11 17:08:57,777 - INFO - encoder_blocks.5.st_attn.sem_q_conv.bias	torch.Size([16])	cuda:0	True
2024-03-11 17:08:57,777 - INFO - encoder_blocks.5.st_attn.sem_k_conv.weight	torch.Size([16, 64, 1, 1])	cuda:0	True
2024-03-11 17:08:57,777 - INFO - encoder_blocks.5.st_attn.sem_k_conv.bias	torch.Size([16])	cuda:0	True
2024-03-11 17:08:57,777 - INFO - encoder_blocks.5.st_attn.sem_v_conv.weight	torch.Size([16, 64, 1, 1])	cuda:0	True
2024-03-11 17:08:57,777 - INFO - encoder_blocks.5.st_attn.sem_v_conv.bias	torch.Size([16])	cuda:0	True
2024-03-11 17:08:57,777 - INFO - encoder_blocks.5.st_attn.t_q_conv.weight	torch.Size([16, 64, 1, 1])	cuda:0	True
2024-03-11 17:08:57,777 - INFO - encoder_blocks.5.st_attn.t_q_conv.bias	torch.Size([16])	cuda:0	True
2024-03-11 17:08:57,777 - INFO - encoder_blocks.5.st_attn.t_k_conv.weight	torch.Size([16, 64, 1, 1])	cuda:0	True
2024-03-11 17:08:57,777 - INFO - encoder_blocks.5.st_attn.t_k_conv.bias	torch.Size([16])	cuda:0	True
2024-03-11 17:08:57,778 - INFO - encoder_blocks.5.st_attn.t_v_conv.weight	torch.Size([16, 64, 1, 1])	cuda:0	True
2024-03-11 17:08:57,778 - INFO - encoder_blocks.5.st_attn.t_v_conv.bias	torch.Size([16])	cuda:0	True
2024-03-11 17:08:57,778 - INFO - encoder_blocks.5.st_attn.proj.weight	torch.Size([64, 48])	cuda:0	True
2024-03-11 17:08:57,778 - INFO - encoder_blocks.5.st_attn.proj.bias	torch.Size([64])	cuda:0	True
2024-03-11 17:08:57,778 - INFO - encoder_blocks.5.st_attn.gconv.mlp.mlp.weight	torch.Size([32, 96, 1, 1])	cuda:0	True
2024-03-11 17:08:57,778 - INFO - encoder_blocks.5.st_attn.gconv.mlp.mlp.bias	torch.Size([32])	cuda:0	True
2024-03-11 17:08:57,778 - INFO - encoder_blocks.5.st_attn.reshape1.weight	torch.Size([32, 64])	cuda:0	True
2024-03-11 17:08:57,778 - INFO - encoder_blocks.5.st_attn.reshape1.bias	torch.Size([32])	cuda:0	True
2024-03-11 17:08:57,778 - INFO - encoder_blocks.5.st_attn.reshape2.weight	torch.Size([64, 32])	cuda:0	True
2024-03-11 17:08:57,778 - INFO - encoder_blocks.5.st_attn.reshape2.bias	torch.Size([64])	cuda:0	True
2024-03-11 17:08:57,778 - INFO - encoder_blocks.5.norm2.weight	torch.Size([64])	cuda:0	True
2024-03-11 17:08:57,779 - INFO - encoder_blocks.5.norm2.bias	torch.Size([64])	cuda:0	True
2024-03-11 17:08:57,779 - INFO - encoder_blocks.5.mlp.fc1.weight	torch.Size([256, 64])	cuda:0	True
2024-03-11 17:08:57,779 - INFO - encoder_blocks.5.mlp.fc1.bias	torch.Size([256])	cuda:0	True
2024-03-11 17:08:57,779 - INFO - encoder_blocks.5.mlp.fc2.weight	torch.Size([64, 256])	cuda:0	True
2024-03-11 17:08:57,779 - INFO - encoder_blocks.5.mlp.fc2.bias	torch.Size([64])	cuda:0	True
2024-03-11 17:08:57,779 - INFO - skip_convs.0.weight	torch.Size([256, 64, 1, 1])	cuda:0	True
2024-03-11 17:08:57,779 - INFO - skip_convs.0.bias	torch.Size([256])	cuda:0	True
2024-03-11 17:08:57,779 - INFO - skip_convs.1.weight	torch.Size([256, 64, 1, 1])	cuda:0	True
2024-03-11 17:08:57,779 - INFO - skip_convs.1.bias	torch.Size([256])	cuda:0	True
2024-03-11 17:08:57,779 - INFO - skip_convs.2.weight	torch.Size([256, 64, 1, 1])	cuda:0	True
2024-03-11 17:08:57,779 - INFO - skip_convs.2.bias	torch.Size([256])	cuda:0	True
2024-03-11 17:08:57,780 - INFO - skip_convs.3.weight	torch.Size([256, 64, 1, 1])	cuda:0	True
2024-03-11 17:08:57,780 - INFO - skip_convs.3.bias	torch.Size([256])	cuda:0	True
2024-03-11 17:08:57,780 - INFO - skip_convs.4.weight	torch.Size([256, 64, 1, 1])	cuda:0	True
2024-03-11 17:08:57,780 - INFO - skip_convs.4.bias	torch.Size([256])	cuda:0	True
2024-03-11 17:08:57,780 - INFO - skip_convs.5.weight	torch.Size([256, 64, 1, 1])	cuda:0	True
2024-03-11 17:08:57,780 - INFO - skip_convs.5.bias	torch.Size([256])	cuda:0	True
2024-03-11 17:08:57,780 - INFO - end_conv1.weight	torch.Size([12, 12, 1, 1])	cuda:0	True
2024-03-11 17:08:57,780 - INFO - end_conv1.bias	torch.Size([12])	cuda:0	True
2024-03-11 17:08:57,780 - INFO - end_conv2.weight	torch.Size([1, 256, 1, 1])	cuda:0	True
2024-03-11 17:08:57,780 - INFO - end_conv2.bias	torch.Size([1])	cuda:0	True
2024-03-11 17:08:57,782 - INFO - Total parameter numbers: 1446333
2024-03-11 17:08:57,787 - INFO - You select `adamw` optimizer.
2024-03-11 17:08:57,789 - INFO - You select `cosinelr` lr_scheduler.
2024-03-11 17:08:57,790 - WARNING - Received none train loss func and will use the loss func defined in the model.module.
2024-03-11 17:08:57,803 - INFO - Number of isolated points: 0
2024-03-11 17:08:59,876 - INFO - Start training ...
2024-03-11 17:08:59,876 - INFO - num_batches:2116
2024-03-11 17:09:00,170 - INFO - Training: task_level increase from 0 to 1
2024-03-11 17:09:00,170 - INFO - Current batches_seen is 0
2024-03-11 17:28:57,526 - INFO - epoch complete!
2024-03-11 17:28:57,527 - INFO - evaluating now!
2024-03-11 17:30:41,925 - INFO - Epoch [0/300] (2116) train_loss: 311.5670, val_loss: 292.6395, lr: 0.000201, 1302.05s
2024-03-11 17:30:42,059 - INFO - Saved model at 0
2024-03-11 17:30:42,060 - INFO - Val loss decrease from inf to 292.6395, saving to ./libcity/cache/90945/model_cache/PDFormer_PeMS07_epoch0.tar
2024-03-11 17:49:55,906 - INFO - epoch complete!
2024-03-11 17:49:55,907 - INFO - evaluating now!
2024-03-11 17:51:39,598 - INFO - Epoch [1/300] (4232) train_loss: 70.1817, val_loss: 263.6129, lr: 0.000401, 1257.54s
2024-03-11 17:51:39,726 - INFO - Saved model at 1
2024-03-11 17:51:39,726 - INFO - Val loss decrease from 292.6395 to 263.6129, saving to ./libcity/cache/90945/model_cache/PDFormer_PeMS07_epoch1.tar
2024-03-11 17:51:39,868 - INFO - Training: task_level increase from 1 to 2
2024-03-11 17:51:39,869 - INFO - Current batches_seen is 4232
2024-03-11 18:10:53,606 - INFO - epoch complete!
2024-03-11 18:10:53,607 - INFO - evaluating now!
2024-03-11 18:12:37,256 - INFO - Epoch [2/300] (6348) train_loss: 53.8372, val_loss: 216.5079, lr: 0.000600, 1257.53s
2024-03-11 18:12:37,388 - INFO - Saved model at 2
2024-03-11 18:12:37,388 - INFO - Val loss decrease from 263.6129 to 216.5079, saving to ./libcity/cache/90945/model_cache/PDFormer_PeMS07_epoch2.tar
2024-03-11 18:31:51,512 - INFO - epoch complete!
2024-03-11 18:31:51,513 - INFO - evaluating now!
2024-03-11 18:33:35,215 - INFO - Epoch [3/300] (8464) train_loss: 44.9255, val_loss: 212.0121, lr: 0.000800, 1257.83s
2024-03-11 18:33:35,338 - INFO - Saved model at 3
2024-03-11 18:33:35,339 - INFO - Val loss decrease from 216.5079 to 212.0121, saving to ./libcity/cache/90945/model_cache/PDFormer_PeMS07_epoch3.tar
2024-03-11 18:33:35,482 - INFO - Training: task_level increase from 2 to 3
2024-03-11 18:33:35,482 - INFO - Current batches_seen is 8464
2024-03-11 18:52:46,613 - INFO - epoch complete!
2024-03-11 18:52:46,613 - INFO - evaluating now!
2024-03-11 18:54:30,757 - INFO - Epoch [4/300] (10580) train_loss: 46.5480, val_loss: 187.4495, lr: 0.000999, 1255.42s
2024-03-11 18:54:30,883 - INFO - Saved model at 4
2024-03-11 18:54:30,883 - INFO - Val loss decrease from 212.0121 to 187.4495, saving to ./libcity/cache/90945/model_cache/PDFormer_PeMS07_epoch4.tar
2024-03-11 19:13:42,159 - INFO - epoch complete!
2024-03-11 19:13:42,160 - INFO - evaluating now!
2024-03-11 19:15:25,992 - INFO - Epoch [5/300] (12696) train_loss: 43.7009, val_loss: 187.3955, lr: 0.000999, 1255.11s
2024-03-11 19:15:26,123 - INFO - Saved model at 5
2024-03-11 19:15:26,123 - INFO - Val loss decrease from 187.4495 to 187.3955, saving to ./libcity/cache/90945/model_cache/PDFormer_PeMS07_epoch5.tar
2024-03-11 19:15:26,265 - INFO - Training: task_level increase from 3 to 4
2024-03-11 19:15:26,265 - INFO - Current batches_seen is 12696
2024-03-11 19:34:26,278 - INFO - epoch complete!
2024-03-11 19:34:26,279 - INFO - evaluating now!
2024-03-11 19:36:08,470 - INFO - Epoch [6/300] (14812) train_loss: 46.9048, val_loss: 168.4341, lr: 0.000999, 1242.35s
2024-03-11 19:36:08,582 - INFO - Saved model at 6
2024-03-11 19:36:08,582 - INFO - Val loss decrease from 187.3955 to 168.4341, saving to ./libcity/cache/90945/model_cache/PDFormer_PeMS07_epoch6.tar
2024-03-11 19:55:12,704 - INFO - epoch complete!
2024-03-11 19:55:12,705 - INFO - evaluating now!
2024-03-11 19:56:53,006 - INFO - Epoch [7/300] (16928) train_loss: 42.7898, val_loss: 165.7879, lr: 0.000998, 1244.42s
2024-03-11 19:56:53,117 - INFO - Saved model at 7
2024-03-11 19:56:53,117 - INFO - Val loss decrease from 168.4341 to 165.7879, saving to ./libcity/cache/90945/model_cache/PDFormer_PeMS07_epoch7.tar
2024-03-11 19:56:53,253 - INFO - Training: task_level increase from 4 to 5
2024-03-11 19:56:53,253 - INFO - Current batches_seen is 16928
2024-03-11 20:15:56,890 - INFO - epoch complete!
2024-03-11 20:15:56,891 - INFO - evaluating now!
2024-03-11 20:17:39,279 - INFO - Epoch [8/300] (19044) train_loss: 43.7660, val_loss: 145.6935, lr: 0.000998, 1246.16s
2024-03-11 20:17:39,391 - INFO - Saved model at 8
2024-03-11 20:17:39,391 - INFO - Val loss decrease from 165.7879 to 145.6935, saving to ./libcity/cache/90945/model_cache/PDFormer_PeMS07_epoch8.tar
2024-03-11 20:36:45,986 - INFO - epoch complete!
2024-03-11 20:36:45,987 - INFO - evaluating now!
2024-03-11 20:38:25,384 - INFO - Epoch [9/300] (21160) train_loss: 42.6872, val_loss: 145.1603, lr: 0.000998, 1245.99s
2024-03-11 20:38:25,496 - INFO - Saved model at 9
2024-03-11 20:38:25,497 - INFO - Val loss decrease from 145.6935 to 145.1603, saving to ./libcity/cache/90945/model_cache/PDFormer_PeMS07_epoch9.tar
2024-03-11 20:38:25,631 - INFO - Training: task_level increase from 5 to 6
2024-03-11 20:38:25,631 - INFO - Current batches_seen is 21160
2024-03-11 20:57:32,460 - INFO - epoch complete!
2024-03-11 20:57:32,460 - INFO - evaluating now!
2024-03-11 20:59:14,269 - INFO - Epoch [10/300] (23276) train_loss: 43.7667, val_loss: 125.9400, lr: 0.000997, 1248.77s
2024-03-11 20:59:14,382 - INFO - Saved model at 10
2024-03-11 20:59:14,383 - INFO - Val loss decrease from 145.1603 to 125.9400, saving to ./libcity/cache/90945/model_cache/PDFormer_PeMS07_epoch10.tar
2024-03-11 21:18:17,346 - INFO - epoch complete!
2024-03-11 21:18:17,347 - INFO - evaluating now!
2024-03-11 21:20:01,304 - INFO - Epoch [11/300] (25392) train_loss: 42.3763, val_loss: 125.4139, lr: 0.000996, 1246.92s
2024-03-11 21:20:01,434 - INFO - Saved model at 11
2024-03-11 21:20:01,435 - INFO - Val loss decrease from 125.9400 to 125.4139, saving to ./libcity/cache/90945/model_cache/PDFormer_PeMS07_epoch11.tar
2024-03-11 21:20:01,577 - INFO - Training: task_level increase from 6 to 7
2024-03-11 21:20:01,577 - INFO - Current batches_seen is 25392
2024-03-11 21:39:12,466 - INFO - epoch complete!
2024-03-11 21:39:12,467 - INFO - evaluating now!
2024-03-11 21:40:55,832 - INFO - Epoch [12/300] (27508) train_loss: 43.1467, val_loss: 114.5843, lr: 0.000996, 1254.40s
2024-03-11 21:40:55,955 - INFO - Saved model at 12
2024-03-11 21:40:55,956 - INFO - Val loss decrease from 125.4139 to 114.5843, saving to ./libcity/cache/90945/model_cache/PDFormer_PeMS07_epoch12.tar
2024-03-11 22:00:15,795 - INFO - epoch complete!
2024-03-11 22:00:15,796 - INFO - evaluating now!
2024-03-11 22:01:59,027 - INFO - Epoch [13/300] (29624) train_loss: 42.5238, val_loss: 114.2934, lr: 0.000995, 1263.07s
2024-03-11 22:01:59,151 - INFO - Saved model at 13
2024-03-11 22:01:59,152 - INFO - Val loss decrease from 114.5843 to 114.2934, saving to ./libcity/cache/90945/model_cache/PDFormer_PeMS07_epoch13.tar
2024-03-11 22:01:59,294 - INFO - Training: task_level increase from 7 to 8
2024-03-11 22:01:59,295 - INFO - Current batches_seen is 29624
2024-03-11 22:21:04,886 - INFO - epoch complete!
2024-03-11 22:21:04,886 - INFO - evaluating now!
2024-03-11 22:22:48,629 - INFO - Epoch [14/300] (31740) train_loss: 44.4310, val_loss: 92.3459, lr: 0.000994, 1249.48s
2024-03-11 22:22:48,760 - INFO - Saved model at 14
2024-03-11 22:22:48,761 - INFO - Val loss decrease from 114.2934 to 92.3459, saving to ./libcity/cache/90945/model_cache/PDFormer_PeMS07_epoch14.tar
2024-03-11 22:41:40,831 - INFO - epoch complete!
2024-03-11 22:41:40,832 - INFO - evaluating now!
2024-03-11 22:43:21,290 - INFO - Epoch [15/300] (33856) train_loss: 42.6961, val_loss: 91.5293, lr: 0.000994, 1232.53s
2024-03-11 22:43:21,400 - INFO - Saved model at 15
2024-03-11 22:43:21,401 - INFO - Val loss decrease from 92.3459 to 91.5293, saving to ./libcity/cache/90945/model_cache/PDFormer_PeMS07_epoch15.tar
2024-03-11 22:43:21,536 - INFO - Training: task_level increase from 8 to 9
2024-03-11 22:43:21,536 - INFO - Current batches_seen is 33856
2024-03-11 23:02:07,840 - INFO - epoch complete!
2024-03-11 23:02:07,840 - INFO - evaluating now!
2024-03-11 23:03:48,881 - INFO - Epoch [16/300] (35972) train_loss: 43.6101, val_loss: 79.7043, lr: 0.000993, 1227.48s
2024-03-11 23:03:48,988 - INFO - Saved model at 16
2024-03-11 23:03:48,988 - INFO - Val loss decrease from 91.5293 to 79.7043, saving to ./libcity/cache/90945/model_cache/PDFormer_PeMS07_epoch16.tar
2024-03-11 23:22:39,848 - INFO - epoch complete!
2024-03-11 23:22:39,849 - INFO - evaluating now!
2024-03-11 23:24:19,469 - INFO - Epoch [17/300] (38088) train_loss: 42.9496, val_loss: 80.6014, lr: 0.000992, 1230.48s
2024-03-11 23:24:19,604 - INFO - Training: task_level increase from 9 to 10
2024-03-11 23:24:19,605 - INFO - Current batches_seen is 38088
2024-03-11 23:43:25,393 - INFO - epoch complete!
2024-03-11 23:43:25,394 - INFO - evaluating now!
2024-03-11 23:45:08,615 - INFO - Epoch [18/300] (40204) train_loss: 43.7654, val_loss: 59.6167, lr: 0.000991, 1249.14s
2024-03-11 23:45:08,745 - INFO - Saved model at 18
2024-03-11 23:45:08,746 - INFO - Val loss decrease from 79.7043 to 59.6167, saving to ./libcity/cache/90945/model_cache/PDFormer_PeMS07_epoch18.tar
2024-03-12 00:04:19,102 - INFO - epoch complete!
2024-03-12 00:04:19,103 - INFO - evaluating now!
2024-03-12 00:06:02,377 - INFO - Epoch [19/300] (42320) train_loss: 43.5674, val_loss: 60.5026, lr: 0.000990, 1253.63s
2024-03-12 00:06:02,521 - INFO - Training: task_level increase from 10 to 11
2024-03-12 00:06:02,521 - INFO - Current batches_seen is 42320
2024-03-12 00:25:14,626 - INFO - epoch complete!
2024-03-12 00:25:14,627 - INFO - evaluating now!
2024-03-12 00:26:57,920 - INFO - Epoch [20/300] (44436) train_loss: 43.9016, val_loss: 44.7712, lr: 0.000989, 1255.54s
2024-03-12 00:26:58,045 - INFO - Saved model at 20
2024-03-12 00:26:58,046 - INFO - Val loss decrease from 59.6167 to 44.7712, saving to ./libcity/cache/90945/model_cache/PDFormer_PeMS07_epoch20.tar
2024-03-12 00:46:10,909 - INFO - epoch complete!
2024-03-12 00:46:10,909 - INFO - evaluating now!
2024-03-12 00:47:54,173 - INFO - Epoch [21/300] (46552) train_loss: 43.6112, val_loss: 45.5285, lr: 0.000988, 1256.13s
2024-03-12 00:47:54,317 - INFO - Training: task_level increase from 11 to 12
2024-03-12 00:47:54,317 - INFO - Current batches_seen is 46552
2024-03-12 01:07:03,362 - INFO - epoch complete!
2024-03-12 01:07:03,363 - INFO - evaluating now!
2024-03-12 01:08:46,621 - INFO - Epoch [22/300] (48668) train_loss: 43.8127, val_loss: 42.6595, lr: 0.000987, 1252.45s
2024-03-12 01:08:46,744 - INFO - Saved model at 22
2024-03-12 01:08:46,745 - INFO - Val loss decrease from 44.7712 to 42.6595, saving to ./libcity/cache/90945/model_cache/PDFormer_PeMS07_epoch22.tar
2024-03-12 01:27:59,979 - INFO - epoch complete!
2024-03-12 01:27:59,980 - INFO - evaluating now!
2024-03-12 01:29:43,393 - INFO - Epoch [23/300] (50784) train_loss: 43.7211, val_loss: 41.9177, lr: 0.000986, 1256.65s
2024-03-12 01:29:43,523 - INFO - Saved model at 23
2024-03-12 01:29:43,523 - INFO - Val loss decrease from 42.6595 to 41.9177, saving to ./libcity/cache/90945/model_cache/PDFormer_PeMS07_epoch23.tar
2024-03-12 01:48:56,632 - INFO - epoch complete!
2024-03-12 01:48:56,633 - INFO - evaluating now!
2024-03-12 01:50:39,906 - INFO - Epoch [24/300] (52900) train_loss: 43.3562, val_loss: 42.7610, lr: 0.000985, 1256.38s
2024-03-12 02:09:52,711 - INFO - epoch complete!
2024-03-12 02:09:52,712 - INFO - evaluating now!
2024-03-12 02:11:36,070 - INFO - Epoch [25/300] (55016) train_loss: 43.1723, val_loss: 42.0233, lr: 0.000983, 1256.16s
2024-03-12 02:30:48,316 - INFO - epoch complete!
2024-03-12 02:30:48,317 - INFO - evaluating now!
2024-03-12 02:32:31,662 - INFO - Epoch [26/300] (57132) train_loss: 42.9714, val_loss: 42.3709, lr: 0.000982, 1255.59s
2024-03-12 02:51:44,973 - INFO - epoch complete!
2024-03-12 02:51:44,974 - INFO - evaluating now!
2024-03-12 02:53:28,207 - INFO - Epoch [27/300] (59248) train_loss: 42.9480, val_loss: 41.5046, lr: 0.000981, 1256.54s
2024-03-12 02:53:28,339 - INFO - Saved model at 27
2024-03-12 02:53:28,339 - INFO - Val loss decrease from 41.9177 to 41.5046, saving to ./libcity/cache/90945/model_cache/PDFormer_PeMS07_epoch27.tar
2024-03-12 03:12:41,544 - INFO - epoch complete!
2024-03-12 03:12:41,545 - INFO - evaluating now!
2024-03-12 03:14:24,944 - INFO - Epoch [28/300] (61364) train_loss: 42.5801, val_loss: 42.1953, lr: 0.000979, 1256.60s
