2024-02-28 11:09:48,484 - INFO - Log directory: ./libcity/log
2024-02-28 11:09:48,485 - INFO - Begin pipeline, task=traffic_state_pred, model_name=PDFormer, dataset_name=PeMS08, exp_id=92425
2024-02-28 11:09:48,485 - INFO - {'task': 'traffic_state_pred', 'model': 'PDFormer', 'dataset': 'PeMS08', 'saved_model': True, 'train': True, 'local_rank': 0, 'initial_ckpt': None, 'dataset_class': 'PDFormerDataset', 'input_window': 12, 'output_window': 12, 'train_rate': 0.6, 'eval_rate': 0.2, 'batch_size': 16, 'add_time_in_day': True, 'add_day_in_week': True, 'step_size': 2776, 'max_epoch': 300, 'bidir': True, 'far_mask_delta': 7, 'geo_num_heads': 4, 'sem_num_heads': 2, 't_num_heads': 2, 'cluster_method': 'kshape', 'cand_key_days': 21, 'seed': 1, 'type_ln': 'pre', 'set_loss': 'huber', 'huber_delta': 2, 'mode': 'average', 'executor': 'PDFormerExecutor', 'evaluator': 'TrafficStateEvaluator', 'embed_dim': 64, 'skip_dim': 256, 'mlp_ratio': 4, 'qkv_bias': True, 'drop': 0, 'attn_drop': 0, 'drop_path': 0.3, 's_attn_size': 3, 't_attn_size': 1, 'enc_depth': 6, 'type_short_path': 'hop', 'scaler': 'standard', 'load_external': True, 'normal_external': False, 'ext_scaler': 'none', 'learner': 'adamw', 'learning_rate': 0.001, 'weight_decay': 0.05, 'lr_decay': True, 'lr_scheduler': 'cosinelr', 'lr_eta_min': 0.0001, 'lr_decay_ratio': 0.1, 'lr_warmup_epoch': 5, 'lr_warmup_init': 1e-06, 'clip_grad_norm': True, 'max_grad_norm': 5, 'use_early_stop': True, 'patience': 50, 'task_level': 0, 'use_curriculum_learning': True, 'random_flip': True, 'quan_delta': 0.25, 'dtw_delta': 5, 'cache_dataset': True, 'num_workers': 0, 'pad_with_last_sample': True, 'lape_dim': 8, 'gpu': True, 'gpu_id': 1, 'train_loss': 'none', 'epoch': 0, 'lr_epsilon': 1e-08, 'lr_beta1': 0.9, 'lr_beta2': 0.999, 'lr_alpha': 0.99, 'lr_momentum': 0, 'steps': [5, 20, 40, 70], 'lr_T_max': 30, 'lr_patience': 10, 'lr_threshold': 0.0001, 'log_level': 'INFO', 'log_every': 1, 'load_best_epoch': True, 'hyper_tune': False, 'grad_accmu_steps': 1, 'metrics': ['MAE', 'MAPE', 'RMSE', 'masked_MAE', 'masked_MAPE', 'masked_RMSE'], 'save_modes': ['csv'], 'geo': {'including_types': ['Point'], 'Point': {}}, 'rel': {'including_types': ['geo'], 'geo': {'cost': 'num'}}, 'dyna': {'including_types': ['state'], 'state': {'entity_id': 'geo_id', 'traffic_flow': 'num', 'traffic_occupancy': 'num', 'traffic_speed': 'num'}}, 'data_col': ['traffic_flow'], 'weight_col': 'cost', 'data_files': ['PeMS08'], 'geo_file': 'PeMS08', 'rel_file': 'PeMS08', 'adp_file': 'PeMS08', 'output_dim': 1, 'time_intervals': 300, 'init_weight_inf_or_zero': 'zero', 'set_weight_link_or_dist': 'link', 'calculate_weight_adj': False, 'weight_adj_epsilon': 0.1, 'distributed': False, 'device': device(type='cuda', index=0), 'exp_id': 92425}
2024-02-28 11:09:48,782 - INFO - Loaded file PeMS08.geo, num_nodes=170
2024-02-28 11:09:48,784 - INFO - set_weight_link_or_dist: link
2024-02-28 11:09:48,784 - INFO - init_weight_inf_or_zero: zero
2024-02-28 11:09:48,786 - INFO - Loaded file PeMS08.rel, shape=(170, 170)
2024-02-28 11:09:48,786 - INFO - Max adj_mx value = 1.0
2024-02-28 11:09:58,892 - INFO - Loading file PeMS08.dyna
2024-02-28 11:10:00,625 - INFO - Loaded file PeMS08.dyna, shape=(17856, 170, 1)
2024-02-28 11:10:00,644 - INFO - Load DTW matrix from ./libcity/cache/dataset_cache/dtw_PeMS08.npy
2024-02-28 11:10:00,645 - INFO - Loading ./libcity/cache/dataset_cache/pdformer_point_based_PeMS08_12_12_0.6_1_0.2_standard_16_True_True_True_True_traffic_flow.npz
2024-02-28 11:10:07,725 - INFO - train	x: (10700, 12, 170, 9), y: (10700, 12, 170, 9), ind: (10700,)
2024-02-28 11:10:07,725 - INFO - eval	x: (3566, 12, 170, 9), y: (3566, 12, 170, 9), ind: (3566,)
2024-02-28 11:10:07,725 - INFO - test	x: (3567, 12, 170, 9), y: (3567, 12, 170, 9), ind: (3567,)
2024-02-28 11:10:08,146 - INFO - StandardScaler mean: 229.8431355598314, std: 145.62553066568907
2024-02-28 11:10:08,147 - INFO - NoneScaler
2024-02-28 11:10:09,314 - INFO - Loaded file ./libcity/cache/dataset_cache/pattern_keys_kshape_PeMS08_21_3_16_5.npy
2024-02-28 11:10:09,321 - INFO - Use use_curriculum_learning!
2024-02-28 11:10:12,873 - INFO - PDFormer(
  (pattern_embeddings): ModuleList(
    (0): TokenEmbedding(
      (token_embed): Linear(in_features=3, out_features=64, bias=True)
      (norm): Identity()
    )
  )
  (enc_embed_layer): DataEmbedding(
    (value_embedding): TokenEmbedding(
      (token_embed): Linear(in_features=1, out_features=64, bias=True)
      (norm): Identity()
    )
    (position_encoding): PositionalEncoding()
    (daytime_embedding): Embedding(1440, 64)
    (weekday_embedding): Embedding(7, 64)
    (spatial_embedding): LaplacianPE(
      (embedding_lap_pos_enc): Linear(in_features=8, out_features=64, bias=True)
    )
    (dropout): Dropout(p=0, inplace=False)
  )
  (encoder_blocks): ModuleList(
    (0): STEncoderBlock(
      (norm1): LayerNorm((64,), eps=1e-06, elementwise_affine=True)
      (st_attn): STSelfAttention(
        (pattern_q_linears): ModuleList(
          (0): Linear(in_features=64, out_features=32, bias=True)
        )
        (pattern_k_linears): ModuleList(
          (0): Linear(in_features=64, out_features=32, bias=True)
        )
        (pattern_v_linears): ModuleList(
          (0): Linear(in_features=64, out_features=32, bias=True)
        )
        (geo_q_conv): Conv2d(64, 32, kernel_size=(1, 1), stride=(1, 1))
        (geo_k_conv): Conv2d(64, 32, kernel_size=(1, 1), stride=(1, 1))
        (geo_v_conv): Conv2d(64, 32, kernel_size=(1, 1), stride=(1, 1))
        (geo_attn_drop): Dropout(p=0, inplace=False)
        (sem_q_conv): Conv2d(64, 16, kernel_size=(1, 1), stride=(1, 1))
        (sem_k_conv): Conv2d(64, 16, kernel_size=(1, 1), stride=(1, 1))
        (sem_v_conv): Conv2d(64, 16, kernel_size=(1, 1), stride=(1, 1))
        (sem_attn_drop): Dropout(p=0, inplace=False)
        (t_q_conv): Conv2d(64, 16, kernel_size=(1, 1), stride=(1, 1))
        (t_k_conv): Conv2d(64, 16, kernel_size=(1, 1), stride=(1, 1))
        (t_v_conv): Conv2d(64, 16, kernel_size=(1, 1), stride=(1, 1))
        (t_attn_drop): Dropout(p=0, inplace=False)
        (proj): Linear(in_features=48, out_features=64, bias=True)
        (proj_drop): Dropout(p=0, inplace=False)
        (gconv): gcn(
          (nconv): nconv()
          (mlp): linear(
            (mlp): Conv2d(96, 32, kernel_size=(1, 1), stride=(1, 1))
          )
        )
        (reshape1): Linear(in_features=64, out_features=32, bias=True)
        (reshape2): Linear(in_features=32, out_features=64, bias=True)
      )
      (drop_path): Identity()
      (norm2): LayerNorm((64,), eps=1e-06, elementwise_affine=True)
      (mlp): Mlp(
        (fc1): Linear(in_features=64, out_features=256, bias=True)
        (act): GELU()
        (fc2): Linear(in_features=256, out_features=64, bias=True)
        (drop): Dropout(p=0, inplace=False)
      )
    )
    (1): STEncoderBlock(
      (norm1): LayerNorm((64,), eps=1e-06, elementwise_affine=True)
      (st_attn): STSelfAttention(
        (pattern_q_linears): ModuleList(
          (0): Linear(in_features=64, out_features=32, bias=True)
        )
        (pattern_k_linears): ModuleList(
          (0): Linear(in_features=64, out_features=32, bias=True)
        )
        (pattern_v_linears): ModuleList(
          (0): Linear(in_features=64, out_features=32, bias=True)
        )
        (geo_q_conv): Conv2d(64, 32, kernel_size=(1, 1), stride=(1, 1))
        (geo_k_conv): Conv2d(64, 32, kernel_size=(1, 1), stride=(1, 1))
        (geo_v_conv): Conv2d(64, 32, kernel_size=(1, 1), stride=(1, 1))
        (geo_attn_drop): Dropout(p=0, inplace=False)
        (sem_q_conv): Conv2d(64, 16, kernel_size=(1, 1), stride=(1, 1))
        (sem_k_conv): Conv2d(64, 16, kernel_size=(1, 1), stride=(1, 1))
        (sem_v_conv): Conv2d(64, 16, kernel_size=(1, 1), stride=(1, 1))
        (sem_attn_drop): Dropout(p=0, inplace=False)
        (t_q_conv): Conv2d(64, 16, kernel_size=(1, 1), stride=(1, 1))
        (t_k_conv): Conv2d(64, 16, kernel_size=(1, 1), stride=(1, 1))
        (t_v_conv): Conv2d(64, 16, kernel_size=(1, 1), stride=(1, 1))
        (t_attn_drop): Dropout(p=0, inplace=False)
        (proj): Linear(in_features=48, out_features=64, bias=True)
        (proj_drop): Dropout(p=0, inplace=False)
        (gconv): gcn(
          (nconv): nconv()
          (mlp): linear(
            (mlp): Conv2d(96, 32, kernel_size=(1, 1), stride=(1, 1))
          )
        )
        (reshape1): Linear(in_features=64, out_features=32, bias=True)
        (reshape2): Linear(in_features=32, out_features=64, bias=True)
      )
      (drop_path): DropPath()
      (norm2): LayerNorm((64,), eps=1e-06, elementwise_affine=True)
      (mlp): Mlp(
        (fc1): Linear(in_features=64, out_features=256, bias=True)
        (act): GELU()
        (fc2): Linear(in_features=256, out_features=64, bias=True)
        (drop): Dropout(p=0, inplace=False)
      )
    )
    (2): STEncoderBlock(
      (norm1): LayerNorm((64,), eps=1e-06, elementwise_affine=True)
      (st_attn): STSelfAttention(
        (pattern_q_linears): ModuleList(
          (0): Linear(in_features=64, out_features=32, bias=True)
        )
        (pattern_k_linears): ModuleList(
          (0): Linear(in_features=64, out_features=32, bias=True)
        )
        (pattern_v_linears): ModuleList(
          (0): Linear(in_features=64, out_features=32, bias=True)
        )
        (geo_q_conv): Conv2d(64, 32, kernel_size=(1, 1), stride=(1, 1))
        (geo_k_conv): Conv2d(64, 32, kernel_size=(1, 1), stride=(1, 1))
        (geo_v_conv): Conv2d(64, 32, kernel_size=(1, 1), stride=(1, 1))
        (geo_attn_drop): Dropout(p=0, inplace=False)
        (sem_q_conv): Conv2d(64, 16, kernel_size=(1, 1), stride=(1, 1))
        (sem_k_conv): Conv2d(64, 16, kernel_size=(1, 1), stride=(1, 1))
        (sem_v_conv): Conv2d(64, 16, kernel_size=(1, 1), stride=(1, 1))
        (sem_attn_drop): Dropout(p=0, inplace=False)
        (t_q_conv): Conv2d(64, 16, kernel_size=(1, 1), stride=(1, 1))
        (t_k_conv): Conv2d(64, 16, kernel_size=(1, 1), stride=(1, 1))
        (t_v_conv): Conv2d(64, 16, kernel_size=(1, 1), stride=(1, 1))
        (t_attn_drop): Dropout(p=0, inplace=False)
        (proj): Linear(in_features=48, out_features=64, bias=True)
        (proj_drop): Dropout(p=0, inplace=False)
        (gconv): gcn(
          (nconv): nconv()
          (mlp): linear(
            (mlp): Conv2d(96, 32, kernel_size=(1, 1), stride=(1, 1))
          )
        )
        (reshape1): Linear(in_features=64, out_features=32, bias=True)
        (reshape2): Linear(in_features=32, out_features=64, bias=True)
      )
      (drop_path): DropPath()
      (norm2): LayerNorm((64,), eps=1e-06, elementwise_affine=True)
      (mlp): Mlp(
        (fc1): Linear(in_features=64, out_features=256, bias=True)
        (act): GELU()
        (fc2): Linear(in_features=256, out_features=64, bias=True)
        (drop): Dropout(p=0, inplace=False)
      )
    )
    (3): STEncoderBlock(
      (norm1): LayerNorm((64,), eps=1e-06, elementwise_affine=True)
      (st_attn): STSelfAttention(
        (pattern_q_linears): ModuleList(
          (0): Linear(in_features=64, out_features=32, bias=True)
        )
        (pattern_k_linears): ModuleList(
          (0): Linear(in_features=64, out_features=32, bias=True)
        )
        (pattern_v_linears): ModuleList(
          (0): Linear(in_features=64, out_features=32, bias=True)
        )
        (geo_q_conv): Conv2d(64, 32, kernel_size=(1, 1), stride=(1, 1))
        (geo_k_conv): Conv2d(64, 32, kernel_size=(1, 1), stride=(1, 1))
        (geo_v_conv): Conv2d(64, 32, kernel_size=(1, 1), stride=(1, 1))
        (geo_attn_drop): Dropout(p=0, inplace=False)
        (sem_q_conv): Conv2d(64, 16, kernel_size=(1, 1), stride=(1, 1))
        (sem_k_conv): Conv2d(64, 16, kernel_size=(1, 1), stride=(1, 1))
        (sem_v_conv): Conv2d(64, 16, kernel_size=(1, 1), stride=(1, 1))
        (sem_attn_drop): Dropout(p=0, inplace=False)
        (t_q_conv): Conv2d(64, 16, kernel_size=(1, 1), stride=(1, 1))
        (t_k_conv): Conv2d(64, 16, kernel_size=(1, 1), stride=(1, 1))
        (t_v_conv): Conv2d(64, 16, kernel_size=(1, 1), stride=(1, 1))
        (t_attn_drop): Dropout(p=0, inplace=False)
        (proj): Linear(in_features=48, out_features=64, bias=True)
        (proj_drop): Dropout(p=0, inplace=False)
        (gconv): gcn(
          (nconv): nconv()
          (mlp): linear(
            (mlp): Conv2d(96, 32, kernel_size=(1, 1), stride=(1, 1))
          )
        )
        (reshape1): Linear(in_features=64, out_features=32, bias=True)
        (reshape2): Linear(in_features=32, out_features=64, bias=True)
      )
      (drop_path): DropPath()
      (norm2): LayerNorm((64,), eps=1e-06, elementwise_affine=True)
      (mlp): Mlp(
        (fc1): Linear(in_features=64, out_features=256, bias=True)
        (act): GELU()
        (fc2): Linear(in_features=256, out_features=64, bias=True)
        (drop): Dropout(p=0, inplace=False)
      )
    )
    (4): STEncoderBlock(
      (norm1): LayerNorm((64,), eps=1e-06, elementwise_affine=True)
      (st_attn): STSelfAttention(
        (pattern_q_linears): ModuleList(
          (0): Linear(in_features=64, out_features=32, bias=True)
        )
        (pattern_k_linears): ModuleList(
          (0): Linear(in_features=64, out_features=32, bias=True)
        )
        (pattern_v_linears): ModuleList(
          (0): Linear(in_features=64, out_features=32, bias=True)
        )
        (geo_q_conv): Conv2d(64, 32, kernel_size=(1, 1), stride=(1, 1))
        (geo_k_conv): Conv2d(64, 32, kernel_size=(1, 1), stride=(1, 1))
        (geo_v_conv): Conv2d(64, 32, kernel_size=(1, 1), stride=(1, 1))
        (geo_attn_drop): Dropout(p=0, inplace=False)
        (sem_q_conv): Conv2d(64, 16, kernel_size=(1, 1), stride=(1, 1))
        (sem_k_conv): Conv2d(64, 16, kernel_size=(1, 1), stride=(1, 1))
        (sem_v_conv): Conv2d(64, 16, kernel_size=(1, 1), stride=(1, 1))
        (sem_attn_drop): Dropout(p=0, inplace=False)
        (t_q_conv): Conv2d(64, 16, kernel_size=(1, 1), stride=(1, 1))
        (t_k_conv): Conv2d(64, 16, kernel_size=(1, 1), stride=(1, 1))
        (t_v_conv): Conv2d(64, 16, kernel_size=(1, 1), stride=(1, 1))
        (t_attn_drop): Dropout(p=0, inplace=False)
        (proj): Linear(in_features=48, out_features=64, bias=True)
        (proj_drop): Dropout(p=0, inplace=False)
        (gconv): gcn(
          (nconv): nconv()
          (mlp): linear(
            (mlp): Conv2d(96, 32, kernel_size=(1, 1), stride=(1, 1))
          )
        )
        (reshape1): Linear(in_features=64, out_features=32, bias=True)
        (reshape2): Linear(in_features=32, out_features=64, bias=True)
      )
      (drop_path): DropPath()
      (norm2): LayerNorm((64,), eps=1e-06, elementwise_affine=True)
      (mlp): Mlp(
        (fc1): Linear(in_features=64, out_features=256, bias=True)
        (act): GELU()
        (fc2): Linear(in_features=256, out_features=64, bias=True)
        (drop): Dropout(p=0, inplace=False)
      )
    )
    (5): STEncoderBlock(
      (norm1): LayerNorm((64,), eps=1e-06, elementwise_affine=True)
      (st_attn): STSelfAttention(
        (pattern_q_linears): ModuleList(
          (0): Linear(in_features=64, out_features=32, bias=True)
        )
        (pattern_k_linears): ModuleList(
          (0): Linear(in_features=64, out_features=32, bias=True)
        )
        (pattern_v_linears): ModuleList(
          (0): Linear(in_features=64, out_features=32, bias=True)
        )
        (geo_q_conv): Conv2d(64, 32, kernel_size=(1, 1), stride=(1, 1))
        (geo_k_conv): Conv2d(64, 32, kernel_size=(1, 1), stride=(1, 1))
        (geo_v_conv): Conv2d(64, 32, kernel_size=(1, 1), stride=(1, 1))
        (geo_attn_drop): Dropout(p=0, inplace=False)
        (sem_q_conv): Conv2d(64, 16, kernel_size=(1, 1), stride=(1, 1))
        (sem_k_conv): Conv2d(64, 16, kernel_size=(1, 1), stride=(1, 1))
        (sem_v_conv): Conv2d(64, 16, kernel_size=(1, 1), stride=(1, 1))
        (sem_attn_drop): Dropout(p=0, inplace=False)
        (t_q_conv): Conv2d(64, 16, kernel_size=(1, 1), stride=(1, 1))
        (t_k_conv): Conv2d(64, 16, kernel_size=(1, 1), stride=(1, 1))
        (t_v_conv): Conv2d(64, 16, kernel_size=(1, 1), stride=(1, 1))
        (t_attn_drop): Dropout(p=0, inplace=False)
        (proj): Linear(in_features=48, out_features=64, bias=True)
        (proj_drop): Dropout(p=0, inplace=False)
        (gconv): gcn(
          (nconv): nconv()
          (mlp): linear(
            (mlp): Conv2d(96, 32, kernel_size=(1, 1), stride=(1, 1))
          )
        )
        (reshape1): Linear(in_features=64, out_features=32, bias=True)
        (reshape2): Linear(in_features=32, out_features=64, bias=True)
      )
      (drop_path): DropPath()
      (norm2): LayerNorm((64,), eps=1e-06, elementwise_affine=True)
      (mlp): Mlp(
        (fc1): Linear(in_features=64, out_features=256, bias=True)
        (act): GELU()
        (fc2): Linear(in_features=256, out_features=64, bias=True)
        (drop): Dropout(p=0, inplace=False)
      )
    )
  )
  (skip_convs): ModuleList(
    (0): Conv2d(64, 256, kernel_size=(1, 1), stride=(1, 1))
    (1): Conv2d(64, 256, kernel_size=(1, 1), stride=(1, 1))
    (2): Conv2d(64, 256, kernel_size=(1, 1), stride=(1, 1))
    (3): Conv2d(64, 256, kernel_size=(1, 1), stride=(1, 1))
    (4): Conv2d(64, 256, kernel_size=(1, 1), stride=(1, 1))
    (5): Conv2d(64, 256, kernel_size=(1, 1), stride=(1, 1))
  )
  (end_conv1): Conv2d(12, 12, kernel_size=(1, 1), stride=(1, 1))
  (end_conv2): Conv2d(256, 1, kernel_size=(1, 1), stride=(1, 1))
)
2024-02-28 11:10:12,875 - INFO - pattern_embeddings.0.token_embed.weight	torch.Size([64, 3])	cuda:0	True
2024-02-28 11:10:12,875 - INFO - pattern_embeddings.0.token_embed.bias	torch.Size([64])	cuda:0	True
2024-02-28 11:10:12,875 - INFO - enc_embed_layer.value_embedding.token_embed.weight	torch.Size([64, 1])	cuda:0	True
2024-02-28 11:10:12,875 - INFO - enc_embed_layer.value_embedding.token_embed.bias	torch.Size([64])	cuda:0	True
2024-02-28 11:10:12,875 - INFO - enc_embed_layer.daytime_embedding.weight	torch.Size([1440, 64])	cuda:0	True
2024-02-28 11:10:12,875 - INFO - enc_embed_layer.weekday_embedding.weight	torch.Size([7, 64])	cuda:0	True
2024-02-28 11:10:12,875 - INFO - enc_embed_layer.spatial_embedding.embedding_lap_pos_enc.weight	torch.Size([64, 8])	cuda:0	True
2024-02-28 11:10:12,876 - INFO - enc_embed_layer.spatial_embedding.embedding_lap_pos_enc.bias	torch.Size([64])	cuda:0	True
2024-02-28 11:10:12,876 - INFO - encoder_blocks.0.norm1.weight	torch.Size([64])	cuda:0	True
2024-02-28 11:10:12,876 - INFO - encoder_blocks.0.norm1.bias	torch.Size([64])	cuda:0	True
2024-02-28 11:10:12,876 - INFO - encoder_blocks.0.st_attn.nodevec_p1	torch.Size([288, 40])	cuda:0	True
2024-02-28 11:10:12,876 - INFO - encoder_blocks.0.st_attn.nodevec_p2	torch.Size([170, 40])	cuda:0	True
2024-02-28 11:10:12,876 - INFO - encoder_blocks.0.st_attn.nodevec_p3	torch.Size([170, 40])	cuda:0	True
2024-02-28 11:10:12,876 - INFO - encoder_blocks.0.st_attn.nodevec_pk	torch.Size([40, 40, 40])	cuda:0	True
2024-02-28 11:10:12,876 - INFO - encoder_blocks.0.st_attn.pattern_q_linears.0.weight	torch.Size([32, 64])	cuda:0	True
2024-02-28 11:10:12,876 - INFO - encoder_blocks.0.st_attn.pattern_q_linears.0.bias	torch.Size([32])	cuda:0	True
2024-02-28 11:10:12,876 - INFO - encoder_blocks.0.st_attn.pattern_k_linears.0.weight	torch.Size([32, 64])	cuda:0	True
2024-02-28 11:10:12,876 - INFO - encoder_blocks.0.st_attn.pattern_k_linears.0.bias	torch.Size([32])	cuda:0	True
2024-02-28 11:10:12,876 - INFO - encoder_blocks.0.st_attn.pattern_v_linears.0.weight	torch.Size([32, 64])	cuda:0	True
2024-02-28 11:10:12,876 - INFO - encoder_blocks.0.st_attn.pattern_v_linears.0.bias	torch.Size([32])	cuda:0	True
2024-02-28 11:10:12,876 - INFO - encoder_blocks.0.st_attn.geo_q_conv.weight	torch.Size([32, 64, 1, 1])	cuda:0	True
2024-02-28 11:10:12,876 - INFO - encoder_blocks.0.st_attn.geo_q_conv.bias	torch.Size([32])	cuda:0	True
2024-02-28 11:10:12,876 - INFO - encoder_blocks.0.st_attn.geo_k_conv.weight	torch.Size([32, 64, 1, 1])	cuda:0	True
2024-02-28 11:10:12,876 - INFO - encoder_blocks.0.st_attn.geo_k_conv.bias	torch.Size([32])	cuda:0	True
2024-02-28 11:10:12,876 - INFO - encoder_blocks.0.st_attn.geo_v_conv.weight	torch.Size([32, 64, 1, 1])	cuda:0	True
2024-02-28 11:10:12,876 - INFO - encoder_blocks.0.st_attn.geo_v_conv.bias	torch.Size([32])	cuda:0	True
2024-02-28 11:10:12,876 - INFO - encoder_blocks.0.st_attn.sem_q_conv.weight	torch.Size([16, 64, 1, 1])	cuda:0	True
2024-02-28 11:10:12,876 - INFO - encoder_blocks.0.st_attn.sem_q_conv.bias	torch.Size([16])	cuda:0	True
2024-02-28 11:10:12,876 - INFO - encoder_blocks.0.st_attn.sem_k_conv.weight	torch.Size([16, 64, 1, 1])	cuda:0	True
2024-02-28 11:10:12,876 - INFO - encoder_blocks.0.st_attn.sem_k_conv.bias	torch.Size([16])	cuda:0	True
2024-02-28 11:10:12,876 - INFO - encoder_blocks.0.st_attn.sem_v_conv.weight	torch.Size([16, 64, 1, 1])	cuda:0	True
2024-02-28 11:10:12,876 - INFO - encoder_blocks.0.st_attn.sem_v_conv.bias	torch.Size([16])	cuda:0	True
2024-02-28 11:10:12,876 - INFO - encoder_blocks.0.st_attn.t_q_conv.weight	torch.Size([16, 64, 1, 1])	cuda:0	True
2024-02-28 11:10:12,876 - INFO - encoder_blocks.0.st_attn.t_q_conv.bias	torch.Size([16])	cuda:0	True
2024-02-28 11:10:12,877 - INFO - encoder_blocks.0.st_attn.t_k_conv.weight	torch.Size([16, 64, 1, 1])	cuda:0	True
2024-02-28 11:10:12,877 - INFO - encoder_blocks.0.st_attn.t_k_conv.bias	torch.Size([16])	cuda:0	True
2024-02-28 11:10:12,877 - INFO - encoder_blocks.0.st_attn.t_v_conv.weight	torch.Size([16, 64, 1, 1])	cuda:0	True
2024-02-28 11:10:12,877 - INFO - encoder_blocks.0.st_attn.t_v_conv.bias	torch.Size([16])	cuda:0	True
2024-02-28 11:10:12,877 - INFO - encoder_blocks.0.st_attn.proj.weight	torch.Size([64, 48])	cuda:0	True
2024-02-28 11:10:12,877 - INFO - encoder_blocks.0.st_attn.proj.bias	torch.Size([64])	cuda:0	True
2024-02-28 11:10:12,877 - INFO - encoder_blocks.0.st_attn.gconv.mlp.mlp.weight	torch.Size([32, 96, 1, 1])	cuda:0	True
2024-02-28 11:10:12,877 - INFO - encoder_blocks.0.st_attn.gconv.mlp.mlp.bias	torch.Size([32])	cuda:0	True
2024-02-28 11:10:12,877 - INFO - encoder_blocks.0.st_attn.reshape1.weight	torch.Size([32, 64])	cuda:0	True
2024-02-28 11:10:12,877 - INFO - encoder_blocks.0.st_attn.reshape1.bias	torch.Size([32])	cuda:0	True
2024-02-28 11:10:12,877 - INFO - encoder_blocks.0.st_attn.reshape2.weight	torch.Size([64, 32])	cuda:0	True
2024-02-28 11:10:12,877 - INFO - encoder_blocks.0.st_attn.reshape2.bias	torch.Size([64])	cuda:0	True
2024-02-28 11:10:12,877 - INFO - encoder_blocks.0.norm2.weight	torch.Size([64])	cuda:0	True
2024-02-28 11:10:12,877 - INFO - encoder_blocks.0.norm2.bias	torch.Size([64])	cuda:0	True
2024-02-28 11:10:12,877 - INFO - encoder_blocks.0.mlp.fc1.weight	torch.Size([256, 64])	cuda:0	True
2024-02-28 11:10:12,877 - INFO - encoder_blocks.0.mlp.fc1.bias	torch.Size([256])	cuda:0	True
2024-02-28 11:10:12,877 - INFO - encoder_blocks.0.mlp.fc2.weight	torch.Size([64, 256])	cuda:0	True
2024-02-28 11:10:12,877 - INFO - encoder_blocks.0.mlp.fc2.bias	torch.Size([64])	cuda:0	True
2024-02-28 11:10:12,877 - INFO - encoder_blocks.1.norm1.weight	torch.Size([64])	cuda:0	True
2024-02-28 11:10:12,877 - INFO - encoder_blocks.1.norm1.bias	torch.Size([64])	cuda:0	True
2024-02-28 11:10:12,877 - INFO - encoder_blocks.1.st_attn.nodevec_p1	torch.Size([288, 40])	cuda:0	True
2024-02-28 11:10:12,877 - INFO - encoder_blocks.1.st_attn.nodevec_p2	torch.Size([170, 40])	cuda:0	True
2024-02-28 11:10:12,877 - INFO - encoder_blocks.1.st_attn.nodevec_p3	torch.Size([170, 40])	cuda:0	True
2024-02-28 11:10:12,877 - INFO - encoder_blocks.1.st_attn.nodevec_pk	torch.Size([40, 40, 40])	cuda:0	True
2024-02-28 11:10:12,877 - INFO - encoder_blocks.1.st_attn.pattern_q_linears.0.weight	torch.Size([32, 64])	cuda:0	True
2024-02-28 11:10:12,878 - INFO - encoder_blocks.1.st_attn.pattern_q_linears.0.bias	torch.Size([32])	cuda:0	True
2024-02-28 11:10:12,878 - INFO - encoder_blocks.1.st_attn.pattern_k_linears.0.weight	torch.Size([32, 64])	cuda:0	True
2024-02-28 11:10:12,878 - INFO - encoder_blocks.1.st_attn.pattern_k_linears.0.bias	torch.Size([32])	cuda:0	True
2024-02-28 11:10:12,878 - INFO - encoder_blocks.1.st_attn.pattern_v_linears.0.weight	torch.Size([32, 64])	cuda:0	True
2024-02-28 11:10:12,878 - INFO - encoder_blocks.1.st_attn.pattern_v_linears.0.bias	torch.Size([32])	cuda:0	True
2024-02-28 11:10:12,878 - INFO - encoder_blocks.1.st_attn.geo_q_conv.weight	torch.Size([32, 64, 1, 1])	cuda:0	True
2024-02-28 11:10:12,878 - INFO - encoder_blocks.1.st_attn.geo_q_conv.bias	torch.Size([32])	cuda:0	True
2024-02-28 11:10:12,878 - INFO - encoder_blocks.1.st_attn.geo_k_conv.weight	torch.Size([32, 64, 1, 1])	cuda:0	True
2024-02-28 11:10:12,878 - INFO - encoder_blocks.1.st_attn.geo_k_conv.bias	torch.Size([32])	cuda:0	True
2024-02-28 11:10:12,878 - INFO - encoder_blocks.1.st_attn.geo_v_conv.weight	torch.Size([32, 64, 1, 1])	cuda:0	True
2024-02-28 11:10:12,878 - INFO - encoder_blocks.1.st_attn.geo_v_conv.bias	torch.Size([32])	cuda:0	True
2024-02-28 11:10:12,878 - INFO - encoder_blocks.1.st_attn.sem_q_conv.weight	torch.Size([16, 64, 1, 1])	cuda:0	True
2024-02-28 11:10:12,878 - INFO - encoder_blocks.1.st_attn.sem_q_conv.bias	torch.Size([16])	cuda:0	True
2024-02-28 11:10:12,878 - INFO - encoder_blocks.1.st_attn.sem_k_conv.weight	torch.Size([16, 64, 1, 1])	cuda:0	True
2024-02-28 11:10:12,878 - INFO - encoder_blocks.1.st_attn.sem_k_conv.bias	torch.Size([16])	cuda:0	True
2024-02-28 11:10:12,878 - INFO - encoder_blocks.1.st_attn.sem_v_conv.weight	torch.Size([16, 64, 1, 1])	cuda:0	True
2024-02-28 11:10:12,878 - INFO - encoder_blocks.1.st_attn.sem_v_conv.bias	torch.Size([16])	cuda:0	True
2024-02-28 11:10:12,878 - INFO - encoder_blocks.1.st_attn.t_q_conv.weight	torch.Size([16, 64, 1, 1])	cuda:0	True
2024-02-28 11:10:12,878 - INFO - encoder_blocks.1.st_attn.t_q_conv.bias	torch.Size([16])	cuda:0	True
2024-02-28 11:10:12,878 - INFO - encoder_blocks.1.st_attn.t_k_conv.weight	torch.Size([16, 64, 1, 1])	cuda:0	True
2024-02-28 11:10:12,878 - INFO - encoder_blocks.1.st_attn.t_k_conv.bias	torch.Size([16])	cuda:0	True
2024-02-28 11:10:12,878 - INFO - encoder_blocks.1.st_attn.t_v_conv.weight	torch.Size([16, 64, 1, 1])	cuda:0	True
2024-02-28 11:10:12,878 - INFO - encoder_blocks.1.st_attn.t_v_conv.bias	torch.Size([16])	cuda:0	True
2024-02-28 11:10:12,878 - INFO - encoder_blocks.1.st_attn.proj.weight	torch.Size([64, 48])	cuda:0	True
2024-02-28 11:10:12,878 - INFO - encoder_blocks.1.st_attn.proj.bias	torch.Size([64])	cuda:0	True
2024-02-28 11:10:12,878 - INFO - encoder_blocks.1.st_attn.gconv.mlp.mlp.weight	torch.Size([32, 96, 1, 1])	cuda:0	True
2024-02-28 11:10:12,878 - INFO - encoder_blocks.1.st_attn.gconv.mlp.mlp.bias	torch.Size([32])	cuda:0	True
2024-02-28 11:10:12,879 - INFO - encoder_blocks.1.st_attn.reshape1.weight	torch.Size([32, 64])	cuda:0	True
2024-02-28 11:10:12,879 - INFO - encoder_blocks.1.st_attn.reshape1.bias	torch.Size([32])	cuda:0	True
2024-02-28 11:10:12,879 - INFO - encoder_blocks.1.st_attn.reshape2.weight	torch.Size([64, 32])	cuda:0	True
2024-02-28 11:10:12,879 - INFO - encoder_blocks.1.st_attn.reshape2.bias	torch.Size([64])	cuda:0	True
2024-02-28 11:10:12,879 - INFO - encoder_blocks.1.norm2.weight	torch.Size([64])	cuda:0	True
2024-02-28 11:10:12,879 - INFO - encoder_blocks.1.norm2.bias	torch.Size([64])	cuda:0	True
2024-02-28 11:10:12,879 - INFO - encoder_blocks.1.mlp.fc1.weight	torch.Size([256, 64])	cuda:0	True
2024-02-28 11:10:12,879 - INFO - encoder_blocks.1.mlp.fc1.bias	torch.Size([256])	cuda:0	True
2024-02-28 11:10:12,879 - INFO - encoder_blocks.1.mlp.fc2.weight	torch.Size([64, 256])	cuda:0	True
2024-02-28 11:10:12,879 - INFO - encoder_blocks.1.mlp.fc2.bias	torch.Size([64])	cuda:0	True
2024-02-28 11:10:12,879 - INFO - encoder_blocks.2.norm1.weight	torch.Size([64])	cuda:0	True
2024-02-28 11:10:12,879 - INFO - encoder_blocks.2.norm1.bias	torch.Size([64])	cuda:0	True
2024-02-28 11:10:12,879 - INFO - encoder_blocks.2.st_attn.nodevec_p1	torch.Size([288, 40])	cuda:0	True
2024-02-28 11:10:12,879 - INFO - encoder_blocks.2.st_attn.nodevec_p2	torch.Size([170, 40])	cuda:0	True
2024-02-28 11:10:12,879 - INFO - encoder_blocks.2.st_attn.nodevec_p3	torch.Size([170, 40])	cuda:0	True
2024-02-28 11:10:12,879 - INFO - encoder_blocks.2.st_attn.nodevec_pk	torch.Size([40, 40, 40])	cuda:0	True
2024-02-28 11:10:12,879 - INFO - encoder_blocks.2.st_attn.pattern_q_linears.0.weight	torch.Size([32, 64])	cuda:0	True
2024-02-28 11:10:12,879 - INFO - encoder_blocks.2.st_attn.pattern_q_linears.0.bias	torch.Size([32])	cuda:0	True
2024-02-28 11:10:12,879 - INFO - encoder_blocks.2.st_attn.pattern_k_linears.0.weight	torch.Size([32, 64])	cuda:0	True
2024-02-28 11:10:12,879 - INFO - encoder_blocks.2.st_attn.pattern_k_linears.0.bias	torch.Size([32])	cuda:0	True
2024-02-28 11:10:12,879 - INFO - encoder_blocks.2.st_attn.pattern_v_linears.0.weight	torch.Size([32, 64])	cuda:0	True
2024-02-28 11:10:12,879 - INFO - encoder_blocks.2.st_attn.pattern_v_linears.0.bias	torch.Size([32])	cuda:0	True
2024-02-28 11:10:12,879 - INFO - encoder_blocks.2.st_attn.geo_q_conv.weight	torch.Size([32, 64, 1, 1])	cuda:0	True
2024-02-28 11:10:12,879 - INFO - encoder_blocks.2.st_attn.geo_q_conv.bias	torch.Size([32])	cuda:0	True
2024-02-28 11:10:12,879 - INFO - encoder_blocks.2.st_attn.geo_k_conv.weight	torch.Size([32, 64, 1, 1])	cuda:0	True
2024-02-28 11:10:12,879 - INFO - encoder_blocks.2.st_attn.geo_k_conv.bias	torch.Size([32])	cuda:0	True
2024-02-28 11:10:12,880 - INFO - encoder_blocks.2.st_attn.geo_v_conv.weight	torch.Size([32, 64, 1, 1])	cuda:0	True
2024-02-28 11:10:12,880 - INFO - encoder_blocks.2.st_attn.geo_v_conv.bias	torch.Size([32])	cuda:0	True
2024-02-28 11:10:12,880 - INFO - encoder_blocks.2.st_attn.sem_q_conv.weight	torch.Size([16, 64, 1, 1])	cuda:0	True
2024-02-28 11:10:12,880 - INFO - encoder_blocks.2.st_attn.sem_q_conv.bias	torch.Size([16])	cuda:0	True
2024-02-28 11:10:12,880 - INFO - encoder_blocks.2.st_attn.sem_k_conv.weight	torch.Size([16, 64, 1, 1])	cuda:0	True
2024-02-28 11:10:12,880 - INFO - encoder_blocks.2.st_attn.sem_k_conv.bias	torch.Size([16])	cuda:0	True
2024-02-28 11:10:12,880 - INFO - encoder_blocks.2.st_attn.sem_v_conv.weight	torch.Size([16, 64, 1, 1])	cuda:0	True
2024-02-28 11:10:12,880 - INFO - encoder_blocks.2.st_attn.sem_v_conv.bias	torch.Size([16])	cuda:0	True
2024-02-28 11:10:12,880 - INFO - encoder_blocks.2.st_attn.t_q_conv.weight	torch.Size([16, 64, 1, 1])	cuda:0	True
2024-02-28 11:10:12,880 - INFO - encoder_blocks.2.st_attn.t_q_conv.bias	torch.Size([16])	cuda:0	True
2024-02-28 11:10:12,880 - INFO - encoder_blocks.2.st_attn.t_k_conv.weight	torch.Size([16, 64, 1, 1])	cuda:0	True
2024-02-28 11:10:12,880 - INFO - encoder_blocks.2.st_attn.t_k_conv.bias	torch.Size([16])	cuda:0	True
2024-02-28 11:10:12,880 - INFO - encoder_blocks.2.st_attn.t_v_conv.weight	torch.Size([16, 64, 1, 1])	cuda:0	True
2024-02-28 11:10:12,880 - INFO - encoder_blocks.2.st_attn.t_v_conv.bias	torch.Size([16])	cuda:0	True
2024-02-28 11:10:12,880 - INFO - encoder_blocks.2.st_attn.proj.weight	torch.Size([64, 48])	cuda:0	True
2024-02-28 11:10:12,880 - INFO - encoder_blocks.2.st_attn.proj.bias	torch.Size([64])	cuda:0	True
2024-02-28 11:10:12,880 - INFO - encoder_blocks.2.st_attn.gconv.mlp.mlp.weight	torch.Size([32, 96, 1, 1])	cuda:0	True
2024-02-28 11:10:12,880 - INFO - encoder_blocks.2.st_attn.gconv.mlp.mlp.bias	torch.Size([32])	cuda:0	True
2024-02-28 11:10:12,880 - INFO - encoder_blocks.2.st_attn.reshape1.weight	torch.Size([32, 64])	cuda:0	True
2024-02-28 11:10:12,880 - INFO - encoder_blocks.2.st_attn.reshape1.bias	torch.Size([32])	cuda:0	True
2024-02-28 11:10:12,880 - INFO - encoder_blocks.2.st_attn.reshape2.weight	torch.Size([64, 32])	cuda:0	True
2024-02-28 11:10:12,880 - INFO - encoder_blocks.2.st_attn.reshape2.bias	torch.Size([64])	cuda:0	True
2024-02-28 11:10:12,880 - INFO - encoder_blocks.2.norm2.weight	torch.Size([64])	cuda:0	True
2024-02-28 11:10:12,880 - INFO - encoder_blocks.2.norm2.bias	torch.Size([64])	cuda:0	True
2024-02-28 11:10:12,880 - INFO - encoder_blocks.2.mlp.fc1.weight	torch.Size([256, 64])	cuda:0	True
2024-02-28 11:10:12,880 - INFO - encoder_blocks.2.mlp.fc1.bias	torch.Size([256])	cuda:0	True
2024-02-28 11:10:12,880 - INFO - encoder_blocks.2.mlp.fc2.weight	torch.Size([64, 256])	cuda:0	True
2024-02-28 11:10:12,881 - INFO - encoder_blocks.2.mlp.fc2.bias	torch.Size([64])	cuda:0	True
2024-02-28 11:10:12,881 - INFO - encoder_blocks.3.norm1.weight	torch.Size([64])	cuda:0	True
2024-02-28 11:10:12,881 - INFO - encoder_blocks.3.norm1.bias	torch.Size([64])	cuda:0	True
2024-02-28 11:10:12,881 - INFO - encoder_blocks.3.st_attn.nodevec_p1	torch.Size([288, 40])	cuda:0	True
2024-02-28 11:10:12,881 - INFO - encoder_blocks.3.st_attn.nodevec_p2	torch.Size([170, 40])	cuda:0	True
2024-02-28 11:10:12,881 - INFO - encoder_blocks.3.st_attn.nodevec_p3	torch.Size([170, 40])	cuda:0	True
2024-02-28 11:10:12,881 - INFO - encoder_blocks.3.st_attn.nodevec_pk	torch.Size([40, 40, 40])	cuda:0	True
2024-02-28 11:10:12,881 - INFO - encoder_blocks.3.st_attn.pattern_q_linears.0.weight	torch.Size([32, 64])	cuda:0	True
2024-02-28 11:10:12,881 - INFO - encoder_blocks.3.st_attn.pattern_q_linears.0.bias	torch.Size([32])	cuda:0	True
2024-02-28 11:10:12,881 - INFO - encoder_blocks.3.st_attn.pattern_k_linears.0.weight	torch.Size([32, 64])	cuda:0	True
2024-02-28 11:10:12,881 - INFO - encoder_blocks.3.st_attn.pattern_k_linears.0.bias	torch.Size([32])	cuda:0	True
2024-02-28 11:10:12,881 - INFO - encoder_blocks.3.st_attn.pattern_v_linears.0.weight	torch.Size([32, 64])	cuda:0	True
2024-02-28 11:10:12,881 - INFO - encoder_blocks.3.st_attn.pattern_v_linears.0.bias	torch.Size([32])	cuda:0	True
2024-02-28 11:10:12,881 - INFO - encoder_blocks.3.st_attn.geo_q_conv.weight	torch.Size([32, 64, 1, 1])	cuda:0	True
2024-02-28 11:10:12,881 - INFO - encoder_blocks.3.st_attn.geo_q_conv.bias	torch.Size([32])	cuda:0	True
2024-02-28 11:10:12,881 - INFO - encoder_blocks.3.st_attn.geo_k_conv.weight	torch.Size([32, 64, 1, 1])	cuda:0	True
2024-02-28 11:10:12,881 - INFO - encoder_blocks.3.st_attn.geo_k_conv.bias	torch.Size([32])	cuda:0	True
2024-02-28 11:10:12,881 - INFO - encoder_blocks.3.st_attn.geo_v_conv.weight	torch.Size([32, 64, 1, 1])	cuda:0	True
2024-02-28 11:10:12,881 - INFO - encoder_blocks.3.st_attn.geo_v_conv.bias	torch.Size([32])	cuda:0	True
2024-02-28 11:10:12,881 - INFO - encoder_blocks.3.st_attn.sem_q_conv.weight	torch.Size([16, 64, 1, 1])	cuda:0	True
2024-02-28 11:10:12,881 - INFO - encoder_blocks.3.st_attn.sem_q_conv.bias	torch.Size([16])	cuda:0	True
2024-02-28 11:10:12,881 - INFO - encoder_blocks.3.st_attn.sem_k_conv.weight	torch.Size([16, 64, 1, 1])	cuda:0	True
2024-02-28 11:10:12,881 - INFO - encoder_blocks.3.st_attn.sem_k_conv.bias	torch.Size([16])	cuda:0	True
2024-02-28 11:10:12,881 - INFO - encoder_blocks.3.st_attn.sem_v_conv.weight	torch.Size([16, 64, 1, 1])	cuda:0	True
2024-02-28 11:10:12,881 - INFO - encoder_blocks.3.st_attn.sem_v_conv.bias	torch.Size([16])	cuda:0	True
2024-02-28 11:10:12,881 - INFO - encoder_blocks.3.st_attn.t_q_conv.weight	torch.Size([16, 64, 1, 1])	cuda:0	True
2024-02-28 11:10:12,882 - INFO - encoder_blocks.3.st_attn.t_q_conv.bias	torch.Size([16])	cuda:0	True
2024-02-28 11:10:12,882 - INFO - encoder_blocks.3.st_attn.t_k_conv.weight	torch.Size([16, 64, 1, 1])	cuda:0	True
2024-02-28 11:10:12,882 - INFO - encoder_blocks.3.st_attn.t_k_conv.bias	torch.Size([16])	cuda:0	True
2024-02-28 11:10:12,882 - INFO - encoder_blocks.3.st_attn.t_v_conv.weight	torch.Size([16, 64, 1, 1])	cuda:0	True
2024-02-28 11:10:12,882 - INFO - encoder_blocks.3.st_attn.t_v_conv.bias	torch.Size([16])	cuda:0	True
2024-02-28 11:10:12,882 - INFO - encoder_blocks.3.st_attn.proj.weight	torch.Size([64, 48])	cuda:0	True
2024-02-28 11:10:12,882 - INFO - encoder_blocks.3.st_attn.proj.bias	torch.Size([64])	cuda:0	True
2024-02-28 11:10:12,882 - INFO - encoder_blocks.3.st_attn.gconv.mlp.mlp.weight	torch.Size([32, 96, 1, 1])	cuda:0	True
2024-02-28 11:10:12,882 - INFO - encoder_blocks.3.st_attn.gconv.mlp.mlp.bias	torch.Size([32])	cuda:0	True
2024-02-28 11:10:12,882 - INFO - encoder_blocks.3.st_attn.reshape1.weight	torch.Size([32, 64])	cuda:0	True
2024-02-28 11:10:12,882 - INFO - encoder_blocks.3.st_attn.reshape1.bias	torch.Size([32])	cuda:0	True
2024-02-28 11:10:12,882 - INFO - encoder_blocks.3.st_attn.reshape2.weight	torch.Size([64, 32])	cuda:0	True
2024-02-28 11:10:12,882 - INFO - encoder_blocks.3.st_attn.reshape2.bias	torch.Size([64])	cuda:0	True
2024-02-28 11:10:12,882 - INFO - encoder_blocks.3.norm2.weight	torch.Size([64])	cuda:0	True
2024-02-28 11:10:12,882 - INFO - encoder_blocks.3.norm2.bias	torch.Size([64])	cuda:0	True
2024-02-28 11:10:12,882 - INFO - encoder_blocks.3.mlp.fc1.weight	torch.Size([256, 64])	cuda:0	True
2024-02-28 11:10:12,882 - INFO - encoder_blocks.3.mlp.fc1.bias	torch.Size([256])	cuda:0	True
2024-02-28 11:10:12,882 - INFO - encoder_blocks.3.mlp.fc2.weight	torch.Size([64, 256])	cuda:0	True
2024-02-28 11:10:12,882 - INFO - encoder_blocks.3.mlp.fc2.bias	torch.Size([64])	cuda:0	True
2024-02-28 11:10:12,882 - INFO - encoder_blocks.4.norm1.weight	torch.Size([64])	cuda:0	True
2024-02-28 11:10:12,882 - INFO - encoder_blocks.4.norm1.bias	torch.Size([64])	cuda:0	True
2024-02-28 11:10:12,882 - INFO - encoder_blocks.4.st_attn.nodevec_p1	torch.Size([288, 40])	cuda:0	True
2024-02-28 11:10:12,882 - INFO - encoder_blocks.4.st_attn.nodevec_p2	torch.Size([170, 40])	cuda:0	True
2024-02-28 11:10:12,882 - INFO - encoder_blocks.4.st_attn.nodevec_p3	torch.Size([170, 40])	cuda:0	True
2024-02-28 11:10:12,882 - INFO - encoder_blocks.4.st_attn.nodevec_pk	torch.Size([40, 40, 40])	cuda:0	True
2024-02-28 11:10:12,882 - INFO - encoder_blocks.4.st_attn.pattern_q_linears.0.weight	torch.Size([32, 64])	cuda:0	True
2024-02-28 11:10:12,882 - INFO - encoder_blocks.4.st_attn.pattern_q_linears.0.bias	torch.Size([32])	cuda:0	True
2024-02-28 11:10:12,883 - INFO - encoder_blocks.4.st_attn.pattern_k_linears.0.weight	torch.Size([32, 64])	cuda:0	True
2024-02-28 11:10:12,883 - INFO - encoder_blocks.4.st_attn.pattern_k_linears.0.bias	torch.Size([32])	cuda:0	True
2024-02-28 11:10:12,883 - INFO - encoder_blocks.4.st_attn.pattern_v_linears.0.weight	torch.Size([32, 64])	cuda:0	True
2024-02-28 11:10:12,883 - INFO - encoder_blocks.4.st_attn.pattern_v_linears.0.bias	torch.Size([32])	cuda:0	True
2024-02-28 11:10:12,883 - INFO - encoder_blocks.4.st_attn.geo_q_conv.weight	torch.Size([32, 64, 1, 1])	cuda:0	True
2024-02-28 11:10:12,883 - INFO - encoder_blocks.4.st_attn.geo_q_conv.bias	torch.Size([32])	cuda:0	True
2024-02-28 11:10:12,883 - INFO - encoder_blocks.4.st_attn.geo_k_conv.weight	torch.Size([32, 64, 1, 1])	cuda:0	True
2024-02-28 11:10:12,883 - INFO - encoder_blocks.4.st_attn.geo_k_conv.bias	torch.Size([32])	cuda:0	True
2024-02-28 11:10:12,883 - INFO - encoder_blocks.4.st_attn.geo_v_conv.weight	torch.Size([32, 64, 1, 1])	cuda:0	True
2024-02-28 11:10:12,883 - INFO - encoder_blocks.4.st_attn.geo_v_conv.bias	torch.Size([32])	cuda:0	True
2024-02-28 11:10:12,883 - INFO - encoder_blocks.4.st_attn.sem_q_conv.weight	torch.Size([16, 64, 1, 1])	cuda:0	True
2024-02-28 11:10:12,883 - INFO - encoder_blocks.4.st_attn.sem_q_conv.bias	torch.Size([16])	cuda:0	True
2024-02-28 11:10:12,883 - INFO - encoder_blocks.4.st_attn.sem_k_conv.weight	torch.Size([16, 64, 1, 1])	cuda:0	True
2024-02-28 11:10:12,883 - INFO - encoder_blocks.4.st_attn.sem_k_conv.bias	torch.Size([16])	cuda:0	True
2024-02-28 11:10:12,883 - INFO - encoder_blocks.4.st_attn.sem_v_conv.weight	torch.Size([16, 64, 1, 1])	cuda:0	True
2024-02-28 11:10:12,883 - INFO - encoder_blocks.4.st_attn.sem_v_conv.bias	torch.Size([16])	cuda:0	True
2024-02-28 11:10:12,883 - INFO - encoder_blocks.4.st_attn.t_q_conv.weight	torch.Size([16, 64, 1, 1])	cuda:0	True
2024-02-28 11:10:12,883 - INFO - encoder_blocks.4.st_attn.t_q_conv.bias	torch.Size([16])	cuda:0	True
2024-02-28 11:10:12,883 - INFO - encoder_blocks.4.st_attn.t_k_conv.weight	torch.Size([16, 64, 1, 1])	cuda:0	True
2024-02-28 11:10:12,883 - INFO - encoder_blocks.4.st_attn.t_k_conv.bias	torch.Size([16])	cuda:0	True
2024-02-28 11:10:12,883 - INFO - encoder_blocks.4.st_attn.t_v_conv.weight	torch.Size([16, 64, 1, 1])	cuda:0	True
2024-02-28 11:10:12,883 - INFO - encoder_blocks.4.st_attn.t_v_conv.bias	torch.Size([16])	cuda:0	True
2024-02-28 11:10:12,883 - INFO - encoder_blocks.4.st_attn.proj.weight	torch.Size([64, 48])	cuda:0	True
2024-02-28 11:10:12,883 - INFO - encoder_blocks.4.st_attn.proj.bias	torch.Size([64])	cuda:0	True
2024-02-28 11:10:12,883 - INFO - encoder_blocks.4.st_attn.gconv.mlp.mlp.weight	torch.Size([32, 96, 1, 1])	cuda:0	True
2024-02-28 11:10:12,883 - INFO - encoder_blocks.4.st_attn.gconv.mlp.mlp.bias	torch.Size([32])	cuda:0	True
2024-02-28 11:10:12,884 - INFO - encoder_blocks.4.st_attn.reshape1.weight	torch.Size([32, 64])	cuda:0	True
2024-02-28 11:10:12,884 - INFO - encoder_blocks.4.st_attn.reshape1.bias	torch.Size([32])	cuda:0	True
2024-02-28 11:10:12,884 - INFO - encoder_blocks.4.st_attn.reshape2.weight	torch.Size([64, 32])	cuda:0	True
2024-02-28 11:10:12,884 - INFO - encoder_blocks.4.st_attn.reshape2.bias	torch.Size([64])	cuda:0	True
2024-02-28 11:10:12,884 - INFO - encoder_blocks.4.norm2.weight	torch.Size([64])	cuda:0	True
2024-02-28 11:10:12,884 - INFO - encoder_blocks.4.norm2.bias	torch.Size([64])	cuda:0	True
2024-02-28 11:10:12,884 - INFO - encoder_blocks.4.mlp.fc1.weight	torch.Size([256, 64])	cuda:0	True
2024-02-28 11:10:12,884 - INFO - encoder_blocks.4.mlp.fc1.bias	torch.Size([256])	cuda:0	True
2024-02-28 11:10:12,884 - INFO - encoder_blocks.4.mlp.fc2.weight	torch.Size([64, 256])	cuda:0	True
2024-02-28 11:10:12,884 - INFO - encoder_blocks.4.mlp.fc2.bias	torch.Size([64])	cuda:0	True
2024-02-28 11:10:12,884 - INFO - encoder_blocks.5.norm1.weight	torch.Size([64])	cuda:0	True
2024-02-28 11:10:12,884 - INFO - encoder_blocks.5.norm1.bias	torch.Size([64])	cuda:0	True
2024-02-28 11:10:12,884 - INFO - encoder_blocks.5.st_attn.nodevec_p1	torch.Size([288, 40])	cuda:0	True
2024-02-28 11:10:12,884 - INFO - encoder_blocks.5.st_attn.nodevec_p2	torch.Size([170, 40])	cuda:0	True
2024-02-28 11:10:12,884 - INFO - encoder_blocks.5.st_attn.nodevec_p3	torch.Size([170, 40])	cuda:0	True
2024-02-28 11:10:12,884 - INFO - encoder_blocks.5.st_attn.nodevec_pk	torch.Size([40, 40, 40])	cuda:0	True
2024-02-28 11:10:12,884 - INFO - encoder_blocks.5.st_attn.pattern_q_linears.0.weight	torch.Size([32, 64])	cuda:0	True
2024-02-28 11:10:12,884 - INFO - encoder_blocks.5.st_attn.pattern_q_linears.0.bias	torch.Size([32])	cuda:0	True
2024-02-28 11:10:12,884 - INFO - encoder_blocks.5.st_attn.pattern_k_linears.0.weight	torch.Size([32, 64])	cuda:0	True
2024-02-28 11:10:12,884 - INFO - encoder_blocks.5.st_attn.pattern_k_linears.0.bias	torch.Size([32])	cuda:0	True
2024-02-28 11:10:12,884 - INFO - encoder_blocks.5.st_attn.pattern_v_linears.0.weight	torch.Size([32, 64])	cuda:0	True
2024-02-28 11:10:12,884 - INFO - encoder_blocks.5.st_attn.pattern_v_linears.0.bias	torch.Size([32])	cuda:0	True
2024-02-28 11:10:12,884 - INFO - encoder_blocks.5.st_attn.geo_q_conv.weight	torch.Size([32, 64, 1, 1])	cuda:0	True
2024-02-28 11:10:12,884 - INFO - encoder_blocks.5.st_attn.geo_q_conv.bias	torch.Size([32])	cuda:0	True
2024-02-28 11:10:12,884 - INFO - encoder_blocks.5.st_attn.geo_k_conv.weight	torch.Size([32, 64, 1, 1])	cuda:0	True
2024-02-28 11:10:12,884 - INFO - encoder_blocks.5.st_attn.geo_k_conv.bias	torch.Size([32])	cuda:0	True
2024-02-28 11:10:12,885 - INFO - encoder_blocks.5.st_attn.geo_v_conv.weight	torch.Size([32, 64, 1, 1])	cuda:0	True
2024-02-28 11:10:12,885 - INFO - encoder_blocks.5.st_attn.geo_v_conv.bias	torch.Size([32])	cuda:0	True
2024-02-28 11:10:12,885 - INFO - encoder_blocks.5.st_attn.sem_q_conv.weight	torch.Size([16, 64, 1, 1])	cuda:0	True
2024-02-28 11:10:12,885 - INFO - encoder_blocks.5.st_attn.sem_q_conv.bias	torch.Size([16])	cuda:0	True
2024-02-28 11:10:12,885 - INFO - encoder_blocks.5.st_attn.sem_k_conv.weight	torch.Size([16, 64, 1, 1])	cuda:0	True
2024-02-28 11:10:12,885 - INFO - encoder_blocks.5.st_attn.sem_k_conv.bias	torch.Size([16])	cuda:0	True
2024-02-28 11:10:12,885 - INFO - encoder_blocks.5.st_attn.sem_v_conv.weight	torch.Size([16, 64, 1, 1])	cuda:0	True
2024-02-28 11:10:12,885 - INFO - encoder_blocks.5.st_attn.sem_v_conv.bias	torch.Size([16])	cuda:0	True
2024-02-28 11:10:12,885 - INFO - encoder_blocks.5.st_attn.t_q_conv.weight	torch.Size([16, 64, 1, 1])	cuda:0	True
2024-02-28 11:10:12,885 - INFO - encoder_blocks.5.st_attn.t_q_conv.bias	torch.Size([16])	cuda:0	True
2024-02-28 11:10:12,885 - INFO - encoder_blocks.5.st_attn.t_k_conv.weight	torch.Size([16, 64, 1, 1])	cuda:0	True
2024-02-28 11:10:12,885 - INFO - encoder_blocks.5.st_attn.t_k_conv.bias	torch.Size([16])	cuda:0	True
2024-02-28 11:10:12,885 - INFO - encoder_blocks.5.st_attn.t_v_conv.weight	torch.Size([16, 64, 1, 1])	cuda:0	True
2024-02-28 11:10:12,885 - INFO - encoder_blocks.5.st_attn.t_v_conv.bias	torch.Size([16])	cuda:0	True
2024-02-28 11:10:12,885 - INFO - encoder_blocks.5.st_attn.proj.weight	torch.Size([64, 48])	cuda:0	True
2024-02-28 11:10:12,885 - INFO - encoder_blocks.5.st_attn.proj.bias	torch.Size([64])	cuda:0	True
2024-02-28 11:10:12,885 - INFO - encoder_blocks.5.st_attn.gconv.mlp.mlp.weight	torch.Size([32, 96, 1, 1])	cuda:0	True
2024-02-28 11:10:12,885 - INFO - encoder_blocks.5.st_attn.gconv.mlp.mlp.bias	torch.Size([32])	cuda:0	True
2024-02-28 11:10:12,885 - INFO - encoder_blocks.5.st_attn.reshape1.weight	torch.Size([32, 64])	cuda:0	True
2024-02-28 11:10:12,885 - INFO - encoder_blocks.5.st_attn.reshape1.bias	torch.Size([32])	cuda:0	True
2024-02-28 11:10:12,885 - INFO - encoder_blocks.5.st_attn.reshape2.weight	torch.Size([64, 32])	cuda:0	True
2024-02-28 11:10:12,885 - INFO - encoder_blocks.5.st_attn.reshape2.bias	torch.Size([64])	cuda:0	True
2024-02-28 11:10:12,885 - INFO - encoder_blocks.5.norm2.weight	torch.Size([64])	cuda:0	True
2024-02-28 11:10:12,885 - INFO - encoder_blocks.5.norm2.bias	torch.Size([64])	cuda:0	True
2024-02-28 11:10:12,885 - INFO - encoder_blocks.5.mlp.fc1.weight	torch.Size([256, 64])	cuda:0	True
2024-02-28 11:10:12,885 - INFO - encoder_blocks.5.mlp.fc1.bias	torch.Size([256])	cuda:0	True
2024-02-28 11:10:12,886 - INFO - encoder_blocks.5.mlp.fc2.weight	torch.Size([64, 256])	cuda:0	True
2024-02-28 11:10:12,886 - INFO - encoder_blocks.5.mlp.fc2.bias	torch.Size([64])	cuda:0	True
2024-02-28 11:10:12,886 - INFO - skip_convs.0.weight	torch.Size([256, 64, 1, 1])	cuda:0	True
2024-02-28 11:10:12,886 - INFO - skip_convs.0.bias	torch.Size([256])	cuda:0	True
2024-02-28 11:10:12,886 - INFO - skip_convs.1.weight	torch.Size([256, 64, 1, 1])	cuda:0	True
2024-02-28 11:10:12,886 - INFO - skip_convs.1.bias	torch.Size([256])	cuda:0	True
2024-02-28 11:10:12,886 - INFO - skip_convs.2.weight	torch.Size([256, 64, 1, 1])	cuda:0	True
2024-02-28 11:10:12,886 - INFO - skip_convs.2.bias	torch.Size([256])	cuda:0	True
2024-02-28 11:10:12,886 - INFO - skip_convs.3.weight	torch.Size([256, 64, 1, 1])	cuda:0	True
2024-02-28 11:10:12,886 - INFO - skip_convs.3.bias	torch.Size([256])	cuda:0	True
2024-02-28 11:10:12,886 - INFO - skip_convs.4.weight	torch.Size([256, 64, 1, 1])	cuda:0	True
2024-02-28 11:10:12,886 - INFO - skip_convs.4.bias	torch.Size([256])	cuda:0	True
2024-02-28 11:10:12,886 - INFO - skip_convs.5.weight	torch.Size([256, 64, 1, 1])	cuda:0	True
2024-02-28 11:10:12,886 - INFO - skip_convs.5.bias	torch.Size([256])	cuda:0	True
2024-02-28 11:10:12,886 - INFO - end_conv1.weight	torch.Size([12, 12, 1, 1])	cuda:0	True
2024-02-28 11:10:12,886 - INFO - end_conv1.bias	torch.Size([12])	cuda:0	True
2024-02-28 11:10:12,886 - INFO - end_conv2.weight	torch.Size([1, 256, 1, 1])	cuda:0	True
2024-02-28 11:10:12,886 - INFO - end_conv2.bias	torch.Size([1])	cuda:0	True
2024-02-28 11:10:12,887 - INFO - Total parameter numbers: 1103517
2024-02-28 11:10:12,889 - INFO - You select `adamw` optimizer.
2024-02-28 11:10:12,889 - INFO - You select `cosinelr` lr_scheduler.
2024-02-28 11:10:12,889 - WARNING - Received none train loss func and will use the loss func defined in the model.
2024-02-28 11:10:12,891 - INFO - Number of isolated points: 0
2024-02-28 11:10:12,904 - INFO - Start training ...
2024-02-28 11:10:12,904 - INFO - num_batches:669
2024-02-28 11:10:12,973 - INFO - Training: task_level increase from 0 to 1
2024-02-28 11:10:12,973 - INFO - Current batches_seen is 0
2024-02-28 11:11:44,766 - INFO - epoch complete!
2024-02-28 11:11:44,766 - INFO - evaluating now!
2024-02-28 11:11:51,122 - INFO - Epoch [0/300] (669) train_loss: 235.0833, val_loss: 220.7695, lr: 0.000201, 98.22s
2024-02-28 11:11:51,174 - INFO - Saved model at 0
2024-02-28 11:11:51,174 - INFO - Val loss decrease from inf to 220.7695, saving to ./libcity/cache/92425/model_cache/PDFormer_PeMS08_epoch0.tar
2024-02-28 11:13:23,325 - INFO - epoch complete!
2024-02-28 11:13:23,326 - INFO - evaluating now!
2024-02-28 11:13:29,688 - INFO - Epoch [1/300] (1338) train_loss: 51.5733, val_loss: 162.9079, lr: 0.000401, 98.51s
2024-02-28 11:13:29,739 - INFO - Saved model at 1
2024-02-28 11:13:29,739 - INFO - Val loss decrease from 220.7695 to 162.9079, saving to ./libcity/cache/92425/model_cache/PDFormer_PeMS08_epoch1.tar
2024-02-28 11:15:01,952 - INFO - epoch complete!
2024-02-28 11:15:01,953 - INFO - evaluating now!
2024-02-28 11:15:08,377 - INFO - Epoch [2/300] (2007) train_loss: 36.4832, val_loss: 159.8215, lr: 0.000600, 98.64s
2024-02-28 11:15:08,428 - INFO - Saved model at 2
2024-02-28 11:15:08,428 - INFO - Val loss decrease from 162.9079 to 159.8215, saving to ./libcity/cache/92425/model_cache/PDFormer_PeMS08_epoch2.tar
2024-02-28 11:16:40,778 - INFO - epoch complete!
2024-02-28 11:16:40,779 - INFO - evaluating now!
2024-02-28 11:16:47,139 - INFO - Epoch [3/300] (2676) train_loss: 32.3921, val_loss: 157.8737, lr: 0.000800, 98.71s
2024-02-28 11:16:47,190 - INFO - Saved model at 3
2024-02-28 11:16:47,190 - INFO - Val loss decrease from 159.8215 to 157.8737, saving to ./libcity/cache/92425/model_cache/PDFormer_PeMS08_epoch3.tar
2024-02-28 11:17:01,047 - INFO - Training: task_level increase from 1 to 2
2024-02-28 11:17:01,047 - INFO - Current batches_seen is 2776
2024-02-28 11:18:19,323 - INFO - epoch complete!
2024-02-28 11:18:19,324 - INFO - evaluating now!
2024-02-28 11:18:25,656 - INFO - Epoch [4/300] (3345) train_loss: 34.5231, val_loss: 136.2390, lr: 0.000999, 98.47s
2024-02-28 11:18:25,706 - INFO - Saved model at 4
2024-02-28 11:18:25,707 - INFO - Val loss decrease from 157.8737 to 136.2390, saving to ./libcity/cache/92425/model_cache/PDFormer_PeMS08_epoch4.tar
2024-02-28 11:20:03,375 - INFO - epoch complete!
2024-02-28 11:20:03,376 - INFO - evaluating now!
2024-02-28 11:20:10,396 - INFO - Epoch [5/300] (4014) train_loss: 31.1054, val_loss: 138.9326, lr: 0.000999, 104.69s
2024-02-28 11:21:46,355 - INFO - epoch complete!
2024-02-28 11:21:46,356 - INFO - evaluating now!
2024-02-28 11:21:52,658 - INFO - Epoch [6/300] (4683) train_loss: 29.7070, val_loss: 138.9108, lr: 0.000999, 102.26s
2024-02-28 11:23:27,326 - INFO - epoch complete!
2024-02-28 11:23:27,327 - INFO - evaluating now!
2024-02-28 11:23:33,647 - INFO - Epoch [7/300] (5352) train_loss: 29.0337, val_loss: 140.8549, lr: 0.000998, 100.99s
2024-02-28 11:24:02,181 - INFO - Training: task_level increase from 2 to 3
2024-02-28 11:24:02,181 - INFO - Current batches_seen is 5552
2024-02-28 11:25:08,607 - INFO - epoch complete!
2024-02-28 11:25:08,607 - INFO - evaluating now!
2024-02-28 11:25:14,997 - INFO - Epoch [8/300] (6021) train_loss: 29.9226, val_loss: 140.8507, lr: 0.000998, 101.35s
2024-02-28 11:26:57,081 - INFO - epoch complete!
2024-02-28 11:26:57,082 - INFO - evaluating now!
2024-02-28 11:27:03,392 - INFO - Epoch [9/300] (6690) train_loss: 29.3809, val_loss: 143.2077, lr: 0.000998, 108.39s
2024-02-28 11:28:34,485 - INFO - epoch complete!
2024-02-28 11:28:34,486 - INFO - evaluating now!
2024-02-28 11:28:40,710 - INFO - Epoch [10/300] (7359) train_loss: 29.2714, val_loss: 143.4542, lr: 0.000997, 97.32s
2024-02-28 11:30:11,639 - INFO - epoch complete!
2024-02-28 11:30:11,640 - INFO - evaluating now!
2024-02-28 11:30:17,874 - INFO - Epoch [11/300] (8028) train_loss: 29.1101, val_loss: 143.0704, lr: 0.000996, 97.16s
2024-02-28 11:31:03,395 - INFO - Training: task_level increase from 3 to 4
2024-02-28 11:31:03,396 - INFO - Current batches_seen is 8328
2024-02-28 11:32:02,326 - INFO - epoch complete!
2024-02-28 11:32:02,327 - INFO - evaluating now!
2024-02-28 11:32:08,607 - INFO - Epoch [12/300] (8697) train_loss: 31.1989, val_loss: 127.4309, lr: 0.000996, 110.73s
2024-02-28 11:32:08,658 - INFO - Saved model at 12
2024-02-28 11:32:08,658 - INFO - Val loss decrease from 136.2390 to 127.4309, saving to ./libcity/cache/92425/model_cache/PDFormer_PeMS08_epoch12.tar
2024-02-28 11:33:39,764 - INFO - epoch complete!
2024-02-28 11:33:39,764 - INFO - evaluating now!
2024-02-28 11:33:45,992 - INFO - Epoch [13/300] (9366) train_loss: 29.7309, val_loss: 129.8684, lr: 0.000995, 97.33s
2024-02-28 11:35:16,961 - INFO - epoch complete!
2024-02-28 11:35:16,962 - INFO - evaluating now!
2024-02-28 11:35:23,183 - INFO - Epoch [14/300] (10035) train_loss: 29.1800, val_loss: 129.0142, lr: 0.000994, 97.19s
2024-02-28 11:36:54,159 - INFO - epoch complete!
2024-02-28 11:36:54,160 - INFO - evaluating now!
2024-02-28 11:37:00,396 - INFO - Epoch [15/300] (10704) train_loss: 28.9701, val_loss: 129.6230, lr: 0.000994, 97.21s
2024-02-28 11:37:54,733 - INFO - Training: task_level increase from 4 to 5
2024-02-28 11:37:54,733 - INFO - Current batches_seen is 11104
2024-02-28 11:38:31,162 - INFO - epoch complete!
2024-02-28 11:38:31,163 - INFO - evaluating now!
2024-02-28 11:38:37,466 - INFO - Epoch [16/300] (11373) train_loss: 29.3008, val_loss: 125.4299, lr: 0.000993, 97.07s
2024-02-28 11:38:37,516 - INFO - Saved model at 16
2024-02-28 11:38:37,516 - INFO - Val loss decrease from 127.4309 to 125.4299, saving to ./libcity/cache/92425/model_cache/PDFormer_PeMS08_epoch16.tar
2024-02-28 11:40:07,970 - INFO - epoch complete!
2024-02-28 11:40:07,971 - INFO - evaluating now!
2024-02-28 11:40:14,204 - INFO - Epoch [17/300] (12042) train_loss: 29.8269, val_loss: 123.9644, lr: 0.000992, 96.69s
2024-02-28 11:40:14,254 - INFO - Saved model at 17
2024-02-28 11:40:14,254 - INFO - Val loss decrease from 125.4299 to 123.9644, saving to ./libcity/cache/92425/model_cache/PDFormer_PeMS08_epoch17.tar
2024-02-28 11:41:45,277 - INFO - epoch complete!
2024-02-28 11:41:45,278 - INFO - evaluating now!
2024-02-28 11:41:51,497 - INFO - Epoch [18/300] (12711) train_loss: 29.4377, val_loss: 124.8952, lr: 0.000991, 97.24s
2024-02-28 11:43:22,243 - INFO - epoch complete!
2024-02-28 11:43:22,244 - INFO - evaluating now!
2024-02-28 11:43:28,470 - INFO - Epoch [19/300] (13380) train_loss: 28.9974, val_loss: 125.0598, lr: 0.000990, 96.97s
2024-02-28 11:44:36,493 - INFO - Training: task_level increase from 5 to 6
2024-02-28 11:44:36,494 - INFO - Current batches_seen is 13880
2024-02-28 11:44:59,505 - INFO - epoch complete!
2024-02-28 11:44:59,506 - INFO - evaluating now!
2024-02-28 11:45:05,763 - INFO - Epoch [20/300] (14049) train_loss: 29.5116, val_loss: 112.3379, lr: 0.000989, 97.29s
2024-02-28 11:45:05,814 - INFO - Saved model at 20
2024-02-28 11:45:05,814 - INFO - Val loss decrease from 123.9644 to 112.3379, saving to ./libcity/cache/92425/model_cache/PDFormer_PeMS08_epoch20.tar
2024-02-28 11:46:36,758 - INFO - epoch complete!
2024-02-28 11:46:36,759 - INFO - evaluating now!
2024-02-28 11:46:42,980 - INFO - Epoch [21/300] (14718) train_loss: 29.6243, val_loss: 112.9841, lr: 0.000988, 97.17s
2024-02-28 11:48:13,776 - INFO - epoch complete!
2024-02-28 11:48:13,776 - INFO - evaluating now!
2024-02-28 11:48:19,991 - INFO - Epoch [22/300] (15387) train_loss: 29.1972, val_loss: 112.6168, lr: 0.000987, 97.01s
2024-02-28 11:49:50,840 - INFO - epoch complete!
2024-02-28 11:49:50,841 - INFO - evaluating now!
2024-02-28 11:49:57,062 - INFO - Epoch [23/300] (16056) train_loss: 28.8904, val_loss: 112.5635, lr: 0.000986, 97.07s
2024-02-28 11:51:18,487 - INFO - Training: task_level increase from 6 to 7
2024-02-28 11:51:18,487 - INFO - Current batches_seen is 16656
2024-02-28 11:51:27,861 - INFO - epoch complete!
2024-02-28 11:51:27,862 - INFO - evaluating now!
2024-02-28 11:51:34,088 - INFO - Epoch [24/300] (16725) train_loss: 28.6358, val_loss: 107.0339, lr: 0.000985, 97.03s
2024-02-28 11:51:34,138 - INFO - Saved model at 24
2024-02-28 11:51:34,138 - INFO - Val loss decrease from 112.3379 to 107.0339, saving to ./libcity/cache/92425/model_cache/PDFormer_PeMS08_epoch24.tar
2024-02-28 11:53:11,068 - INFO - epoch complete!
2024-02-28 11:53:11,069 - INFO - evaluating now!
2024-02-28 11:53:17,323 - INFO - Epoch [25/300] (17394) train_loss: 29.2464, val_loss: 106.8485, lr: 0.000983, 103.18s
2024-02-28 11:53:17,373 - INFO - Saved model at 25
2024-02-28 11:53:17,373 - INFO - Val loss decrease from 107.0339 to 106.8485, saving to ./libcity/cache/92425/model_cache/PDFormer_PeMS08_epoch25.tar
2024-02-28 11:54:48,370 - INFO - epoch complete!
2024-02-28 11:54:48,371 - INFO - evaluating now!
2024-02-28 11:54:54,600 - INFO - Epoch [26/300] (18063) train_loss: 28.8678, val_loss: 106.8708, lr: 0.000982, 97.23s
2024-02-28 11:56:25,986 - INFO - epoch complete!
2024-02-28 11:56:25,987 - INFO - evaluating now!
2024-02-28 11:56:32,240 - INFO - Epoch [27/300] (18732) train_loss: 28.4763, val_loss: 107.2242, lr: 0.000981, 97.64s
2024-02-28 11:58:03,754 - INFO - epoch complete!
2024-02-28 11:58:03,754 - INFO - evaluating now!
2024-02-28 11:58:10,019 - INFO - Epoch [28/300] (19401) train_loss: 28.5703, val_loss: 106.9542, lr: 0.000979, 97.78s
2024-02-28 11:58:14,301 - INFO - Training: task_level increase from 7 to 8
2024-02-28 11:58:14,302 - INFO - Current batches_seen is 19432
2024-02-28 11:59:41,689 - INFO - epoch complete!
2024-02-28 11:59:41,690 - INFO - evaluating now!
2024-02-28 11:59:47,937 - INFO - Epoch [29/300] (20070) train_loss: 29.6957, val_loss: 89.6686, lr: 0.000978, 97.92s
2024-02-28 11:59:47,987 - INFO - Saved model at 29
2024-02-28 11:59:47,987 - INFO - Val loss decrease from 106.8485 to 89.6686, saving to ./libcity/cache/92425/model_cache/PDFormer_PeMS08_epoch29.tar
2024-02-28 12:01:19,596 - INFO - epoch complete!
2024-02-28 12:01:19,597 - INFO - evaluating now!
2024-02-28 12:01:25,843 - INFO - Epoch [30/300] (20739) train_loss: 28.7303, val_loss: 89.6434, lr: 0.000976, 97.86s
2024-02-28 12:01:25,894 - INFO - Saved model at 30
2024-02-28 12:01:25,894 - INFO - Val loss decrease from 89.6686 to 89.6434, saving to ./libcity/cache/92425/model_cache/PDFormer_PeMS08_epoch30.tar
2024-02-28 12:03:10,715 - INFO - epoch complete!
2024-02-28 12:03:10,716 - INFO - evaluating now!
2024-02-28 12:03:17,027 - INFO - Epoch [31/300] (21408) train_loss: 28.5407, val_loss: 90.2361, lr: 0.000975, 111.13s
2024-02-28 12:04:49,436 - INFO - epoch complete!
2024-02-28 12:04:49,437 - INFO - evaluating now!
2024-02-28 12:04:55,717 - INFO - Epoch [32/300] (22077) train_loss: 28.1869, val_loss: 89.4483, lr: 0.000973, 98.69s
2024-02-28 12:04:55,768 - INFO - Saved model at 32
2024-02-28 12:04:55,768 - INFO - Val loss decrease from 89.6434 to 89.4483, saving to ./libcity/cache/92425/model_cache/PDFormer_PeMS08_epoch32.tar
2024-02-28 12:05:13,781 - INFO - Training: task_level increase from 8 to 9
2024-02-28 12:05:13,781 - INFO - Current batches_seen is 22208
2024-02-28 12:06:56,193 - INFO - epoch complete!
2024-02-28 12:06:56,194 - INFO - evaluating now!
2024-02-28 12:07:08,795 - INFO - Epoch [33/300] (22746) train_loss: 29.0047, val_loss: 72.2404, lr: 0.000972, 133.03s
2024-02-28 12:07:08,846 - INFO - Saved model at 33
2024-02-28 12:07:08,847 - INFO - Val loss decrease from 89.4483 to 72.2404, saving to ./libcity/cache/92425/model_cache/PDFormer_PeMS08_epoch33.tar
2024-02-28 12:09:43,223 - INFO - epoch complete!
2024-02-28 12:09:43,224 - INFO - evaluating now!
2024-02-28 12:09:55,234 - INFO - Epoch [34/300] (23415) train_loss: 28.7084, val_loss: 72.8177, lr: 0.000970, 166.39s
2024-02-28 12:12:29,552 - INFO - epoch complete!
2024-02-28 12:12:29,553 - INFO - evaluating now!
2024-02-28 12:12:41,081 - INFO - Epoch [35/300] (24084) train_loss: 28.2015, val_loss: 72.1401, lr: 0.000968, 165.85s
2024-02-28 12:12:41,136 - INFO - Saved model at 35
2024-02-28 12:12:41,136 - INFO - Val loss decrease from 72.2404 to 72.1401, saving to ./libcity/cache/92425/model_cache/PDFormer_PeMS08_epoch35.tar
2024-02-28 12:15:11,920 - INFO - epoch complete!
2024-02-28 12:15:11,920 - INFO - evaluating now!
2024-02-28 12:15:23,849 - INFO - Epoch [36/300] (24753) train_loss: 28.1853, val_loss: 72.6569, lr: 0.000967, 162.71s
2024-02-28 12:16:19,032 - INFO - Training: task_level increase from 9 to 10
2024-02-28 12:16:19,033 - INFO - Current batches_seen is 24984
2024-02-28 12:18:01,363 - INFO - epoch complete!
2024-02-28 12:18:01,364 - INFO - evaluating now!
2024-02-28 12:18:13,230 - INFO - Epoch [37/300] (25422) train_loss: 28.7917, val_loss: 56.2009, lr: 0.000965, 169.38s
2024-02-28 12:18:13,279 - INFO - Saved model at 37
2024-02-28 12:18:13,279 - INFO - Val loss decrease from 72.1401 to 56.2009, saving to ./libcity/cache/92425/model_cache/PDFormer_PeMS08_epoch37.tar
2024-02-28 12:20:45,723 - INFO - epoch complete!
2024-02-28 12:20:45,724 - INFO - evaluating now!
2024-02-28 12:20:57,593 - INFO - Epoch [38/300] (26091) train_loss: 28.4824, val_loss: 55.2892, lr: 0.000963, 164.31s
2024-02-28 12:20:57,642 - INFO - Saved model at 38
2024-02-28 12:20:57,643 - INFO - Val loss decrease from 56.2009 to 55.2892, saving to ./libcity/cache/92425/model_cache/PDFormer_PeMS08_epoch38.tar
2024-02-28 12:23:29,846 - INFO - epoch complete!
2024-02-28 12:23:29,846 - INFO - evaluating now!
2024-02-28 12:23:41,745 - INFO - Epoch [39/300] (26760) train_loss: 28.4448, val_loss: 55.4804, lr: 0.000961, 164.10s
2024-02-28 12:26:13,622 - INFO - epoch complete!
2024-02-28 12:26:13,623 - INFO - evaluating now!
2024-02-28 12:26:25,535 - INFO - Epoch [40/300] (27429) train_loss: 28.0709, val_loss: 55.2848, lr: 0.000959, 163.79s
2024-02-28 12:26:25,586 - INFO - Saved model at 40
2024-02-28 12:26:25,586 - INFO - Val loss decrease from 55.2892 to 55.2848, saving to ./libcity/cache/92425/model_cache/PDFormer_PeMS08_epoch40.tar
2024-02-28 12:27:41,275 - INFO - Training: task_level increase from 10 to 11
2024-02-28 12:27:41,275 - INFO - Current batches_seen is 27760
2024-02-28 12:28:57,721 - INFO - epoch complete!
2024-02-28 12:28:57,722 - INFO - evaluating now!
2024-02-28 12:29:09,604 - INFO - Epoch [41/300] (28098) train_loss: 28.2928, val_loss: 44.8906, lr: 0.000957, 164.02s
2024-02-28 12:29:09,655 - INFO - Saved model at 41
2024-02-28 12:29:09,655 - INFO - Val loss decrease from 55.2848 to 44.8906, saving to ./libcity/cache/92425/model_cache/PDFormer_PeMS08_epoch41.tar
2024-02-28 12:31:42,084 - INFO - epoch complete!
2024-02-28 12:31:42,085 - INFO - evaluating now!
2024-02-28 12:31:53,965 - INFO - Epoch [42/300] (28767) train_loss: 28.3169, val_loss: 45.5274, lr: 0.000955, 164.31s
2024-02-28 12:34:26,488 - INFO - epoch complete!
2024-02-28 12:34:26,489 - INFO - evaluating now!
2024-02-28 12:34:38,279 - INFO - Epoch [43/300] (29436) train_loss: 28.1750, val_loss: 45.0157, lr: 0.000953, 164.31s
2024-02-28 12:37:11,002 - INFO - epoch complete!
2024-02-28 12:37:11,003 - INFO - evaluating now!
2024-02-28 12:37:22,875 - INFO - Epoch [44/300] (30105) train_loss: 28.1083, val_loss: 44.9917, lr: 0.000951, 164.60s
2024-02-28 12:39:00,805 - INFO - Training: task_level increase from 11 to 12
2024-02-28 12:39:00,805 - INFO - Current batches_seen is 30536
2024-02-28 12:39:55,348 - INFO - epoch complete!
2024-02-28 12:39:55,348 - INFO - evaluating now!
2024-02-28 12:40:07,253 - INFO - Epoch [45/300] (30774) train_loss: 28.4465, val_loss: 28.2742, lr: 0.000949, 164.38s
2024-02-28 12:40:07,430 - INFO - Saved model at 45
2024-02-28 12:40:07,430 - INFO - Val loss decrease from 44.8906 to 28.2742, saving to ./libcity/cache/92425/model_cache/PDFormer_PeMS08_epoch45.tar
2024-02-28 12:42:44,483 - INFO - epoch complete!
2024-02-28 12:42:44,483 - INFO - evaluating now!
2024-02-28 12:42:56,376 - INFO - Epoch [46/300] (31443) train_loss: 28.4147, val_loss: 29.7916, lr: 0.000947, 168.95s
2024-02-28 12:45:28,384 - INFO - epoch complete!
2024-02-28 12:45:28,385 - INFO - evaluating now!
2024-02-28 12:45:40,288 - INFO - Epoch [47/300] (32112) train_loss: 28.3296, val_loss: 27.9447, lr: 0.000944, 163.91s
2024-02-28 12:45:40,338 - INFO - Saved model at 47
2024-02-28 12:45:40,339 - INFO - Val loss decrease from 28.2742 to 27.9447, saving to ./libcity/cache/92425/model_cache/PDFormer_PeMS08_epoch47.tar
2024-02-28 12:48:12,368 - INFO - epoch complete!
2024-02-28 12:48:12,369 - INFO - evaluating now!
2024-02-28 12:48:24,294 - INFO - Epoch [48/300] (32781) train_loss: 28.0846, val_loss: 27.6566, lr: 0.000942, 163.95s
2024-02-28 12:48:24,344 - INFO - Saved model at 48
2024-02-28 12:48:24,344 - INFO - Val loss decrease from 27.9447 to 27.6566, saving to ./libcity/cache/92425/model_cache/PDFormer_PeMS08_epoch48.tar
2024-02-28 12:50:56,935 - INFO - epoch complete!
2024-02-28 12:50:56,936 - INFO - evaluating now!
2024-02-28 12:51:08,882 - INFO - Epoch [49/300] (33450) train_loss: 28.0982, val_loss: 28.1789, lr: 0.000940, 164.54s
2024-02-28 12:53:41,067 - INFO - epoch complete!
2024-02-28 12:53:41,067 - INFO - evaluating now!
2024-02-28 12:53:52,967 - INFO - Epoch [50/300] (34119) train_loss: 27.9529, val_loss: 27.5274, lr: 0.000937, 164.08s
2024-02-28 12:53:53,017 - INFO - Saved model at 50
2024-02-28 12:53:53,017 - INFO - Val loss decrease from 27.6566 to 27.5274, saving to ./libcity/cache/92425/model_cache/PDFormer_PeMS08_epoch50.tar
2024-02-28 12:56:26,148 - INFO - epoch complete!
2024-02-28 12:56:26,149 - INFO - evaluating now!
2024-02-28 12:56:38,052 - INFO - Epoch [51/300] (34788) train_loss: 27.8950, val_loss: 27.5345, lr: 0.000935, 165.03s
2024-02-28 12:59:10,416 - INFO - epoch complete!
2024-02-28 12:59:10,416 - INFO - evaluating now!
2024-02-28 12:59:22,308 - INFO - Epoch [52/300] (35457) train_loss: 27.7469, val_loss: 27.4319, lr: 0.000932, 164.26s
2024-02-28 12:59:22,359 - INFO - Saved model at 52
2024-02-28 12:59:22,359 - INFO - Val loss decrease from 27.5274 to 27.4319, saving to ./libcity/cache/92425/model_cache/PDFormer_PeMS08_epoch52.tar
2024-02-28 13:01:52,181 - INFO - epoch complete!
2024-02-28 13:01:52,181 - INFO - evaluating now!
2024-02-28 13:02:03,998 - INFO - Epoch [53/300] (36126) train_loss: 27.7769, val_loss: 27.6736, lr: 0.000930, 161.64s
2024-02-28 13:04:35,964 - INFO - epoch complete!
2024-02-28 13:04:35,965 - INFO - evaluating now!
2024-02-28 13:04:47,926 - INFO - Epoch [54/300] (36795) train_loss: 27.6377, val_loss: 27.2500, lr: 0.000927, 163.93s
2024-02-28 13:04:47,975 - INFO - Saved model at 54
2024-02-28 13:04:47,976 - INFO - Val loss decrease from 27.4319 to 27.2500, saving to ./libcity/cache/92425/model_cache/PDFormer_PeMS08_epoch54.tar
2024-02-28 13:07:20,211 - INFO - epoch complete!
2024-02-28 13:07:20,212 - INFO - evaluating now!
2024-02-28 13:07:32,158 - INFO - Epoch [55/300] (37464) train_loss: 27.6644, val_loss: 27.0024, lr: 0.000925, 164.18s
2024-02-28 13:07:32,208 - INFO - Saved model at 55
2024-02-28 13:07:32,208 - INFO - Val loss decrease from 27.2500 to 27.0024, saving to ./libcity/cache/92425/model_cache/PDFormer_PeMS08_epoch55.tar
2024-02-28 13:10:04,570 - INFO - epoch complete!
2024-02-28 13:10:04,570 - INFO - evaluating now!
2024-02-28 13:10:16,458 - INFO - Epoch [56/300] (38133) train_loss: 27.5650, val_loss: 27.1174, lr: 0.000922, 164.25s
2024-02-28 13:12:48,539 - INFO - epoch complete!
2024-02-28 13:12:48,540 - INFO - evaluating now!
2024-02-28 13:13:00,421 - INFO - Epoch [57/300] (38802) train_loss: 27.4854, val_loss: 27.3220, lr: 0.000920, 163.96s
2024-02-28 13:15:33,593 - INFO - epoch complete!
2024-02-28 13:15:33,593 - INFO - evaluating now!
2024-02-28 13:15:45,563 - INFO - Epoch [58/300] (39471) train_loss: 27.2717, val_loss: 27.5466, lr: 0.000917, 165.14s
2024-02-28 13:18:18,239 - INFO - epoch complete!
2024-02-28 13:18:18,240 - INFO - evaluating now!
2024-02-28 13:18:30,143 - INFO - Epoch [59/300] (40140) train_loss: 27.4675, val_loss: 27.3903, lr: 0.000914, 164.58s
2024-02-28 13:21:02,192 - INFO - epoch complete!
2024-02-28 13:21:02,193 - INFO - evaluating now!
2024-02-28 13:21:14,137 - INFO - Epoch [60/300] (40809) train_loss: 27.2605, val_loss: 27.4662, lr: 0.000911, 163.99s
2024-02-28 13:23:45,874 - INFO - epoch complete!
2024-02-28 13:23:45,874 - INFO - evaluating now!
2024-02-28 13:23:57,750 - INFO - Epoch [61/300] (41478) train_loss: 27.2026, val_loss: 27.8053, lr: 0.000908, 163.61s
2024-02-28 13:26:29,666 - INFO - epoch complete!
2024-02-28 13:26:29,667 - INFO - evaluating now!
2024-02-28 13:26:41,561 - INFO - Epoch [62/300] (42147) train_loss: 27.1523, val_loss: 27.2168, lr: 0.000906, 163.81s
2024-02-28 13:29:12,848 - INFO - epoch complete!
2024-02-28 13:29:12,848 - INFO - evaluating now!
2024-02-28 13:29:24,745 - INFO - Epoch [63/300] (42816) train_loss: 27.2357, val_loss: 26.7616, lr: 0.000903, 163.18s
2024-02-28 13:29:24,795 - INFO - Saved model at 63
2024-02-28 13:29:24,795 - INFO - Val loss decrease from 27.0024 to 26.7616, saving to ./libcity/cache/92425/model_cache/PDFormer_PeMS08_epoch63.tar
2024-02-28 13:31:56,731 - INFO - epoch complete!
2024-02-28 13:31:56,731 - INFO - evaluating now!
2024-02-28 13:32:08,673 - INFO - Epoch [64/300] (43485) train_loss: 27.0413, val_loss: 26.7703, lr: 0.000900, 163.88s
2024-02-28 13:34:42,425 - INFO - epoch complete!
2024-02-28 13:34:42,426 - INFO - evaluating now!
2024-02-28 13:34:54,374 - INFO - Epoch [65/300] (44154) train_loss: 27.0486, val_loss: 26.6119, lr: 0.000897, 165.70s
2024-02-28 13:34:54,423 - INFO - Saved model at 65
2024-02-28 13:34:54,423 - INFO - Val loss decrease from 26.7616 to 26.6119, saving to ./libcity/cache/92425/model_cache/PDFormer_PeMS08_epoch65.tar
2024-02-28 13:37:27,358 - INFO - epoch complete!
2024-02-28 13:37:27,358 - INFO - evaluating now!
2024-02-28 13:37:39,307 - INFO - Epoch [66/300] (44823) train_loss: 27.0440, val_loss: 27.1739, lr: 0.000894, 164.88s
2024-02-28 13:40:11,522 - INFO - epoch complete!
2024-02-28 13:40:11,522 - INFO - evaluating now!
2024-02-28 13:40:23,428 - INFO - Epoch [67/300] (45492) train_loss: 26.9151, val_loss: 26.8411, lr: 0.000891, 164.12s
2024-02-28 13:42:55,467 - INFO - epoch complete!
2024-02-28 13:42:55,467 - INFO - evaluating now!
2024-02-28 13:43:07,311 - INFO - Epoch [68/300] (46161) train_loss: 27.0281, val_loss: 26.6902, lr: 0.000888, 163.88s
2024-02-28 13:45:39,815 - INFO - epoch complete!
2024-02-28 13:45:39,816 - INFO - evaluating now!
2024-02-28 13:45:51,727 - INFO - Epoch [69/300] (46830) train_loss: 27.0265, val_loss: 27.3393, lr: 0.000884, 164.42s
2024-02-28 13:48:23,709 - INFO - epoch complete!
2024-02-28 13:48:23,709 - INFO - evaluating now!
2024-02-28 13:48:35,597 - INFO - Epoch [70/300] (47499) train_loss: 26.8122, val_loss: 26.7910, lr: 0.000881, 163.87s
2024-02-28 13:51:07,815 - INFO - epoch complete!
2024-02-28 13:51:07,815 - INFO - evaluating now!
2024-02-28 13:51:19,738 - INFO - Epoch [71/300] (48168) train_loss: 26.7628, val_loss: 26.9126, lr: 0.000878, 164.14s
2024-02-28 13:53:51,355 - INFO - epoch complete!
2024-02-28 13:53:51,355 - INFO - evaluating now!
2024-02-28 13:54:03,121 - INFO - Epoch [72/300] (48837) train_loss: 26.6829, val_loss: 26.6476, lr: 0.000875, 163.38s
2024-02-28 13:56:34,799 - INFO - epoch complete!
2024-02-28 13:56:34,800 - INFO - evaluating now!
2024-02-28 13:56:46,680 - INFO - Epoch [73/300] (49506) train_loss: 26.7394, val_loss: 26.5542, lr: 0.000872, 163.56s
2024-02-28 13:56:46,731 - INFO - Saved model at 73
2024-02-28 13:56:46,732 - INFO - Val loss decrease from 26.6119 to 26.5542, saving to ./libcity/cache/92425/model_cache/PDFormer_PeMS08_epoch73.tar
2024-02-28 13:59:17,033 - INFO - epoch complete!
2024-02-28 13:59:17,034 - INFO - evaluating now!
2024-02-28 13:59:28,800 - INFO - Epoch [74/300] (50175) train_loss: 26.5302, val_loss: 27.1955, lr: 0.000868, 162.07s
2024-02-28 14:02:04,378 - INFO - epoch complete!
2024-02-28 14:02:04,378 - INFO - evaluating now!
2024-02-28 14:02:16,369 - INFO - Epoch [75/300] (50844) train_loss: 26.6339, val_loss: 26.7655, lr: 0.000865, 167.57s
2024-02-28 14:04:48,085 - INFO - epoch complete!
2024-02-28 14:04:48,085 - INFO - evaluating now!
2024-02-28 14:04:59,979 - INFO - Epoch [76/300] (51513) train_loss: 26.6304, val_loss: 26.7235, lr: 0.000861, 163.61s
2024-02-28 14:07:30,243 - INFO - epoch complete!
2024-02-28 14:07:30,244 - INFO - evaluating now!
2024-02-28 14:07:42,041 - INFO - Epoch [77/300] (52182) train_loss: 26.5533, val_loss: 26.9818, lr: 0.000858, 162.06s
2024-02-28 14:10:13,504 - INFO - epoch complete!
2024-02-28 14:10:13,505 - INFO - evaluating now!
2024-02-28 14:10:25,416 - INFO - Epoch [78/300] (52851) train_loss: 26.6272, val_loss: 26.6733, lr: 0.000855, 163.37s
2024-02-28 14:12:57,831 - INFO - epoch complete!
2024-02-28 14:12:57,831 - INFO - evaluating now!
2024-02-28 14:13:09,632 - INFO - Epoch [79/300] (53520) train_loss: 26.5886, val_loss: 26.6470, lr: 0.000851, 164.22s
2024-02-28 14:15:42,655 - INFO - epoch complete!
2024-02-28 14:15:42,655 - INFO - evaluating now!
2024-02-28 14:15:54,648 - INFO - Epoch [80/300] (54189) train_loss: 26.4983, val_loss: 26.2851, lr: 0.000848, 165.02s
2024-02-28 14:15:54,697 - INFO - Saved model at 80
2024-02-28 14:15:54,697 - INFO - Val loss decrease from 26.5542 to 26.2851, saving to ./libcity/cache/92425/model_cache/PDFormer_PeMS08_epoch80.tar
2024-02-28 14:18:26,457 - INFO - epoch complete!
2024-02-28 14:18:26,457 - INFO - evaluating now!
2024-02-28 14:18:38,373 - INFO - Epoch [81/300] (54858) train_loss: 26.3580, val_loss: 26.1770, lr: 0.000844, 163.68s
2024-02-28 14:18:38,424 - INFO - Saved model at 81
2024-02-28 14:18:38,424 - INFO - Val loss decrease from 26.2851 to 26.1770, saving to ./libcity/cache/92425/model_cache/PDFormer_PeMS08_epoch81.tar
2024-02-28 14:21:10,905 - INFO - epoch complete!
2024-02-28 14:21:10,906 - INFO - evaluating now!
2024-02-28 14:21:22,904 - INFO - Epoch [82/300] (55527) train_loss: 26.3624, val_loss: 26.5413, lr: 0.000840, 164.48s
2024-02-28 14:23:55,719 - INFO - epoch complete!
2024-02-28 14:23:55,719 - INFO - evaluating now!
2024-02-28 14:24:07,611 - INFO - Epoch [83/300] (56196) train_loss: 26.3955, val_loss: 27.2830, lr: 0.000837, 164.71s
2024-02-28 14:26:40,356 - INFO - epoch complete!
2024-02-28 14:26:40,357 - INFO - evaluating now!
2024-02-28 14:26:52,347 - INFO - Epoch [84/300] (56865) train_loss: 26.3527, val_loss: 26.7052, lr: 0.000833, 164.74s
2024-02-28 14:29:26,864 - INFO - epoch complete!
2024-02-28 14:29:26,865 - INFO - evaluating now!
2024-02-28 14:29:38,786 - INFO - Epoch [85/300] (57534) train_loss: 26.3268, val_loss: 26.5634, lr: 0.000830, 166.44s
2024-02-28 14:32:11,834 - INFO - epoch complete!
2024-02-28 14:32:11,835 - INFO - evaluating now!
2024-02-28 14:32:23,698 - INFO - Epoch [86/300] (58203) train_loss: 26.2216, val_loss: 26.7778, lr: 0.000826, 164.91s
2024-02-28 14:34:57,044 - INFO - epoch complete!
2024-02-28 14:34:57,044 - INFO - evaluating now!
2024-02-28 14:35:08,736 - INFO - Epoch [87/300] (58872) train_loss: 26.3570, val_loss: 26.3720, lr: 0.000822, 165.04s
2024-02-28 14:37:41,779 - INFO - epoch complete!
2024-02-28 14:37:41,779 - INFO - evaluating now!
2024-02-28 14:37:53,723 - INFO - Epoch [88/300] (59541) train_loss: 26.2665, val_loss: 26.6743, lr: 0.000818, 164.99s
2024-02-28 14:40:26,258 - INFO - epoch complete!
2024-02-28 14:40:26,259 - INFO - evaluating now!
2024-02-28 14:40:38,198 - INFO - Epoch [89/300] (60210) train_loss: 26.1507, val_loss: 26.3242, lr: 0.000815, 164.47s
2024-02-28 14:43:10,394 - INFO - epoch complete!
2024-02-28 14:43:10,395 - INFO - evaluating now!
2024-02-28 14:43:22,332 - INFO - Epoch [90/300] (60879) train_loss: 26.2000, val_loss: 26.7386, lr: 0.000811, 164.13s
2024-02-28 14:45:54,695 - INFO - epoch complete!
2024-02-28 14:45:54,696 - INFO - evaluating now!
2024-02-28 14:46:06,550 - INFO - Epoch [91/300] (61548) train_loss: 26.2250, val_loss: 27.5825, lr: 0.000807, 164.22s
2024-02-28 14:48:38,292 - INFO - epoch complete!
2024-02-28 14:48:38,293 - INFO - evaluating now!
2024-02-28 14:48:50,195 - INFO - Epoch [92/300] (62217) train_loss: 26.1587, val_loss: 27.3187, lr: 0.000803, 163.64s
2024-02-28 14:51:21,919 - INFO - epoch complete!
2024-02-28 14:51:21,919 - INFO - evaluating now!
2024-02-28 14:51:33,806 - INFO - Epoch [93/300] (62886) train_loss: 26.0951, val_loss: 26.0495, lr: 0.000799, 163.61s
2024-02-28 14:51:33,856 - INFO - Saved model at 93
2024-02-28 14:51:33,856 - INFO - Val loss decrease from 26.1770 to 26.0495, saving to ./libcity/cache/92425/model_cache/PDFormer_PeMS08_epoch93.tar
2024-02-28 14:54:11,064 - INFO - epoch complete!
2024-02-28 14:54:11,064 - INFO - evaluating now!
2024-02-28 14:54:22,984 - INFO - Epoch [94/300] (63555) train_loss: 26.0716, val_loss: 26.3323, lr: 0.000795, 169.13s
2024-02-28 14:56:55,738 - INFO - epoch complete!
2024-02-28 14:56:55,738 - INFO - evaluating now!
2024-02-28 14:57:07,667 - INFO - Epoch [95/300] (64224) train_loss: 26.1412, val_loss: 27.8212, lr: 0.000791, 164.68s
2024-02-28 14:59:39,728 - INFO - epoch complete!
2024-02-28 14:59:39,728 - INFO - evaluating now!
2024-02-28 14:59:51,664 - INFO - Epoch [96/300] (64893) train_loss: 26.0455, val_loss: 26.1622, lr: 0.000787, 164.00s
2024-02-28 15:02:23,626 - INFO - epoch complete!
2024-02-28 15:02:23,627 - INFO - evaluating now!
2024-02-28 15:02:35,548 - INFO - Epoch [97/300] (65562) train_loss: 25.9791, val_loss: 26.3613, lr: 0.000783, 163.88s
2024-02-28 15:05:06,741 - INFO - epoch complete!
2024-02-28 15:05:06,742 - INFO - evaluating now!
2024-02-28 15:05:18,685 - INFO - Epoch [98/300] (66231) train_loss: 25.9222, val_loss: 26.3716, lr: 0.000779, 163.14s
2024-02-28 15:07:50,473 - INFO - epoch complete!
2024-02-28 15:07:50,474 - INFO - evaluating now!
2024-02-28 15:08:02,382 - INFO - Epoch [99/300] (66900) train_loss: 25.8862, val_loss: 25.9364, lr: 0.000775, 163.70s
2024-02-28 15:08:02,435 - INFO - Saved model at 99
2024-02-28 15:08:02,435 - INFO - Val loss decrease from 26.0495 to 25.9364, saving to ./libcity/cache/92425/model_cache/PDFormer_PeMS08_epoch99.tar
2024-02-28 15:10:34,234 - INFO - epoch complete!
2024-02-28 15:10:34,235 - INFO - evaluating now!
2024-02-28 15:10:46,187 - INFO - Epoch [100/300] (67569) train_loss: 25.8393, val_loss: 25.9215, lr: 0.000771, 163.75s
2024-02-28 15:10:46,237 - INFO - Saved model at 100
2024-02-28 15:10:46,238 - INFO - Val loss decrease from 25.9364 to 25.9215, saving to ./libcity/cache/92425/model_cache/PDFormer_PeMS08_epoch100.tar
2024-02-28 15:13:18,403 - INFO - epoch complete!
2024-02-28 15:13:18,404 - INFO - evaluating now!
2024-02-28 15:13:30,324 - INFO - Epoch [101/300] (68238) train_loss: 25.9295, val_loss: 26.1996, lr: 0.000767, 164.09s
2024-02-28 15:16:03,298 - INFO - epoch complete!
2024-02-28 15:16:03,298 - INFO - evaluating now!
2024-02-28 15:16:15,139 - INFO - Epoch [102/300] (68907) train_loss: 25.8062, val_loss: 26.2666, lr: 0.000763, 164.81s
2024-02-28 15:18:47,724 - INFO - epoch complete!
2024-02-28 15:18:47,725 - INFO - evaluating now!
2024-02-28 15:18:59,628 - INFO - Epoch [103/300] (69576) train_loss: 25.7891, val_loss: 26.6430, lr: 0.000758, 164.49s
2024-02-28 15:21:36,287 - INFO - epoch complete!
2024-02-28 15:21:36,288 - INFO - evaluating now!
2024-02-28 15:21:48,092 - INFO - Epoch [104/300] (70245) train_loss: 25.7919, val_loss: 26.1347, lr: 0.000754, 168.46s
2024-02-28 15:24:20,302 - INFO - epoch complete!
2024-02-28 15:24:20,303 - INFO - evaluating now!
2024-02-28 15:24:32,198 - INFO - Epoch [105/300] (70914) train_loss: 25.7040, val_loss: 26.5765, lr: 0.000750, 164.11s
2024-02-28 15:27:04,041 - INFO - epoch complete!
2024-02-28 15:27:04,042 - INFO - evaluating now!
2024-02-28 15:27:15,924 - INFO - Epoch [106/300] (71583) train_loss: 25.6980, val_loss: 26.1399, lr: 0.000746, 163.73s
2024-02-28 15:29:47,953 - INFO - epoch complete!
2024-02-28 15:29:47,954 - INFO - evaluating now!
2024-02-28 15:29:59,885 - INFO - Epoch [107/300] (72252) train_loss: 25.6882, val_loss: 26.3454, lr: 0.000742, 163.96s
2024-02-28 15:32:38,743 - INFO - epoch complete!
2024-02-28 15:32:38,743 - INFO - evaluating now!
2024-02-28 15:32:50,782 - INFO - Epoch [108/300] (72921) train_loss: 25.5620, val_loss: 26.2422, lr: 0.000737, 170.90s
2024-02-28 15:35:25,024 - INFO - epoch complete!
2024-02-28 15:35:25,025 - INFO - evaluating now!
2024-02-28 15:35:36,925 - INFO - Epoch [109/300] (73590) train_loss: 25.6411, val_loss: 26.3246, lr: 0.000733, 166.14s
2024-02-28 15:38:11,032 - INFO - epoch complete!
2024-02-28 15:38:11,033 - INFO - evaluating now!
2024-02-28 15:38:22,955 - INFO - Epoch [110/300] (74259) train_loss: 25.5855, val_loss: 25.8918, lr: 0.000729, 166.03s
2024-02-28 15:38:23,007 - INFO - Saved model at 110
2024-02-28 15:38:23,007 - INFO - Val loss decrease from 25.9215 to 25.8918, saving to ./libcity/cache/92425/model_cache/PDFormer_PeMS08_epoch110.tar
2024-02-28 15:40:56,015 - INFO - epoch complete!
2024-02-28 15:40:56,015 - INFO - evaluating now!
2024-02-28 15:41:08,130 - INFO - Epoch [111/300] (74928) train_loss: 25.4966, val_loss: 26.0981, lr: 0.000724, 165.12s
2024-02-28 15:43:41,298 - INFO - epoch complete!
2024-02-28 15:43:41,298 - INFO - evaluating now!
2024-02-28 15:43:53,261 - INFO - Epoch [112/300] (75597) train_loss: 25.4855, val_loss: 25.7394, lr: 0.000720, 165.13s
2024-02-28 15:43:53,314 - INFO - Saved model at 112
2024-02-28 15:43:53,315 - INFO - Val loss decrease from 25.8918 to 25.7394, saving to ./libcity/cache/92425/model_cache/PDFormer_PeMS08_epoch112.tar
2024-02-28 15:46:29,007 - INFO - epoch complete!
2024-02-28 15:46:29,008 - INFO - evaluating now!
2024-02-28 15:46:41,010 - INFO - Epoch [113/300] (76266) train_loss: 25.4419, val_loss: 26.5276, lr: 0.000716, 167.69s
2024-02-28 15:49:24,155 - INFO - epoch complete!
2024-02-28 15:49:24,156 - INFO - evaluating now!
2024-02-28 15:49:36,126 - INFO - Epoch [114/300] (76935) train_loss: 25.3959, val_loss: 25.9909, lr: 0.000711, 175.12s
2024-02-28 15:52:09,450 - INFO - epoch complete!
2024-02-28 15:52:09,451 - INFO - evaluating now!
2024-02-28 15:52:21,395 - INFO - Epoch [115/300] (77604) train_loss: 25.3547, val_loss: 26.1487, lr: 0.000707, 165.27s
2024-02-28 15:54:53,789 - INFO - epoch complete!
2024-02-28 15:54:53,790 - INFO - evaluating now!
2024-02-28 15:55:05,891 - INFO - Epoch [116/300] (78273) train_loss: 25.2261, val_loss: 25.6136, lr: 0.000702, 164.50s
2024-02-28 15:55:05,946 - INFO - Saved model at 116
2024-02-28 15:55:05,946 - INFO - Val loss decrease from 25.7394 to 25.6136, saving to ./libcity/cache/92425/model_cache/PDFormer_PeMS08_epoch116.tar
2024-02-28 15:57:38,142 - INFO - epoch complete!
2024-02-28 15:57:38,142 - INFO - evaluating now!
2024-02-28 15:57:50,150 - INFO - Epoch [117/300] (78942) train_loss: 25.2145, val_loss: 25.9488, lr: 0.000698, 164.20s
2024-02-28 16:00:28,629 - INFO - epoch complete!
2024-02-28 16:00:28,630 - INFO - evaluating now!
2024-02-28 16:00:40,641 - INFO - Epoch [118/300] (79611) train_loss: 25.2163, val_loss: 25.7302, lr: 0.000694, 170.49s
2024-02-28 16:03:10,935 - INFO - epoch complete!
2024-02-28 16:03:10,936 - INFO - evaluating now!
2024-02-28 16:03:22,953 - INFO - Epoch [119/300] (80280) train_loss: 25.2113, val_loss: 25.8995, lr: 0.000689, 162.31s
2024-02-28 16:06:11,852 - INFO - epoch complete!
2024-02-28 16:06:11,853 - INFO - evaluating now!
2024-02-28 16:06:30,855 - INFO - Epoch [120/300] (80949) train_loss: 25.0185, val_loss: 26.3902, lr: 0.000685, 187.90s
2024-02-28 16:10:14,227 - INFO - epoch complete!
2024-02-28 16:10:14,227 - INFO - evaluating now!
2024-02-28 16:10:33,052 - INFO - Epoch [121/300] (81618) train_loss: 25.0616, val_loss: 26.1262, lr: 0.000680, 242.20s
2024-02-28 16:14:16,173 - INFO - epoch complete!
2024-02-28 16:14:16,174 - INFO - evaluating now!
2024-02-28 16:14:34,373 - INFO - Epoch [122/300] (82287) train_loss: 25.0978, val_loss: 26.1172, lr: 0.000676, 241.32s
2024-02-28 16:17:28,581 - INFO - epoch complete!
2024-02-28 16:17:28,582 - INFO - evaluating now!
2024-02-28 16:17:40,631 - INFO - Epoch [123/300] (82956) train_loss: 25.1995, val_loss: 25.7508, lr: 0.000671, 186.26s
2024-02-28 16:20:22,271 - INFO - epoch complete!
2024-02-28 16:20:22,272 - INFO - evaluating now!
2024-02-28 16:20:34,305 - INFO - Epoch [124/300] (83625) train_loss: 25.0084, val_loss: 25.7595, lr: 0.000666, 173.67s
2024-02-28 16:23:14,644 - INFO - epoch complete!
2024-02-28 16:23:14,645 - INFO - evaluating now!
2024-02-28 16:23:26,720 - INFO - Epoch [125/300] (84294) train_loss: 25.0086, val_loss: 25.9405, lr: 0.000662, 172.41s
2024-02-28 16:26:01,156 - INFO - epoch complete!
2024-02-28 16:26:01,157 - INFO - evaluating now!
2024-02-28 16:26:13,300 - INFO - Epoch [126/300] (84963) train_loss: 24.8974, val_loss: 25.8122, lr: 0.000657, 166.58s
2024-02-28 16:28:48,071 - INFO - epoch complete!
2024-02-28 16:28:48,072 - INFO - evaluating now!
2024-02-28 16:29:00,245 - INFO - Epoch [127/300] (85632) train_loss: 24.8328, val_loss: 26.1836, lr: 0.000653, 166.94s
2024-02-28 16:31:34,349 - INFO - epoch complete!
2024-02-28 16:31:34,349 - INFO - evaluating now!
2024-02-28 16:31:46,416 - INFO - Epoch [128/300] (86301) train_loss: 24.8847, val_loss: 25.9550, lr: 0.000648, 166.17s
2024-02-28 16:34:20,177 - INFO - epoch complete!
2024-02-28 16:34:20,177 - INFO - evaluating now!
2024-02-28 16:34:32,204 - INFO - Epoch [129/300] (86970) train_loss: 24.8729, val_loss: 27.0673, lr: 0.000644, 165.79s
2024-02-28 16:37:07,345 - INFO - epoch complete!
2024-02-28 16:37:07,346 - INFO - evaluating now!
2024-02-28 16:37:19,452 - INFO - Epoch [130/300] (87639) train_loss: 24.8986, val_loss: 25.5525, lr: 0.000639, 167.25s
2024-02-28 16:37:19,503 - INFO - Saved model at 130
2024-02-28 16:37:19,504 - INFO - Val loss decrease from 25.6136 to 25.5525, saving to ./libcity/cache/92425/model_cache/PDFormer_PeMS08_epoch130.tar
2024-02-28 16:39:55,643 - INFO - epoch complete!
2024-02-28 16:39:55,643 - INFO - evaluating now!
2024-02-28 16:40:07,549 - INFO - Epoch [131/300] (88308) train_loss: 24.7302, val_loss: 26.5506, lr: 0.000634, 168.04s
2024-02-28 16:42:47,210 - INFO - epoch complete!
2024-02-28 16:42:47,211 - INFO - evaluating now!
2024-02-28 16:42:59,093 - INFO - Epoch [132/300] (88977) train_loss: 24.7500, val_loss: 26.0143, lr: 0.000630, 171.54s
2024-02-28 16:45:35,405 - INFO - epoch complete!
2024-02-28 16:45:35,406 - INFO - evaluating now!
2024-02-28 16:45:47,391 - INFO - Epoch [133/300] (89646) train_loss: 24.6993, val_loss: 25.6562, lr: 0.000625, 168.30s
2024-02-28 16:48:26,537 - INFO - epoch complete!
2024-02-28 16:48:26,538 - INFO - evaluating now!
2024-02-28 16:48:38,593 - INFO - Epoch [134/300] (90315) train_loss: 24.6765, val_loss: 25.7363, lr: 0.000620, 171.20s
2024-02-28 16:51:14,212 - INFO - epoch complete!
2024-02-28 16:51:14,212 - INFO - evaluating now!
2024-02-28 16:51:26,264 - INFO - Epoch [135/300] (90984) train_loss: 24.6013, val_loss: 25.9079, lr: 0.000616, 167.67s
2024-02-28 16:54:00,790 - INFO - epoch complete!
2024-02-28 16:54:00,791 - INFO - evaluating now!
2024-02-28 16:54:12,945 - INFO - Epoch [136/300] (91653) train_loss: 24.6839, val_loss: 25.7010, lr: 0.000611, 166.68s
2024-02-28 16:56:45,768 - INFO - epoch complete!
2024-02-28 16:56:45,769 - INFO - evaluating now!
2024-02-28 16:56:57,669 - INFO - Epoch [137/300] (92322) train_loss: 24.5515, val_loss: 25.9432, lr: 0.000606, 164.72s
2024-02-28 16:59:30,698 - INFO - epoch complete!
2024-02-28 16:59:30,699 - INFO - evaluating now!
2024-02-28 16:59:42,706 - INFO - Epoch [138/300] (92991) train_loss: 24.5715, val_loss: 26.0011, lr: 0.000602, 165.04s
2024-02-28 17:02:15,887 - INFO - epoch complete!
2024-02-28 17:02:15,887 - INFO - evaluating now!
2024-02-28 17:02:27,886 - INFO - Epoch [139/300] (93660) train_loss: 24.6249, val_loss: 25.8020, lr: 0.000597, 165.18s
2024-02-28 17:05:03,916 - INFO - epoch complete!
2024-02-28 17:05:03,917 - INFO - evaluating now!
2024-02-28 17:05:16,029 - INFO - Epoch [140/300] (94329) train_loss: 24.4558, val_loss: 26.0218, lr: 0.000592, 168.14s
2024-02-28 17:07:51,009 - INFO - epoch complete!
2024-02-28 17:07:51,009 - INFO - evaluating now!
2024-02-28 17:08:02,929 - INFO - Epoch [141/300] (94998) train_loss: 24.4587, val_loss: 26.1028, lr: 0.000588, 166.90s
2024-02-28 17:10:36,269 - INFO - epoch complete!
2024-02-28 17:10:36,270 - INFO - evaluating now!
2024-02-28 17:10:48,205 - INFO - Epoch [142/300] (95667) train_loss: 24.4507, val_loss: 25.7480, lr: 0.000583, 165.27s
2024-02-28 17:13:20,314 - INFO - epoch complete!
2024-02-28 17:13:20,314 - INFO - evaluating now!
2024-02-28 17:13:32,265 - INFO - Epoch [143/300] (96336) train_loss: 24.4332, val_loss: 26.4294, lr: 0.000578, 164.06s
2024-02-28 17:16:03,777 - INFO - epoch complete!
2024-02-28 17:16:03,778 - INFO - evaluating now!
2024-02-28 17:16:15,671 - INFO - Epoch [144/300] (97005) train_loss: 24.4302, val_loss: 25.7976, lr: 0.000574, 163.41s
2024-02-28 17:18:46,068 - INFO - epoch complete!
2024-02-28 17:18:46,069 - INFO - evaluating now!
2024-02-28 17:18:57,642 - INFO - Epoch [145/300] (97674) train_loss: 24.3312, val_loss: 25.7220, lr: 0.000569, 161.97s
2024-02-28 17:21:25,398 - INFO - epoch complete!
2024-02-28 17:21:25,399 - INFO - evaluating now!
2024-02-28 17:21:36,951 - INFO - Epoch [146/300] (98343) train_loss: 24.3568, val_loss: 26.3093, lr: 0.000564, 159.31s
2024-02-28 17:24:05,424 - INFO - epoch complete!
2024-02-28 17:24:05,425 - INFO - evaluating now!
2024-02-28 17:24:16,983 - INFO - Epoch [147/300] (99012) train_loss: 24.3111, val_loss: 26.0553, lr: 0.000559, 160.03s
2024-02-28 17:26:45,850 - INFO - epoch complete!
2024-02-28 17:26:45,850 - INFO - evaluating now!
2024-02-28 17:26:57,410 - INFO - Epoch [148/300] (99681) train_loss: 24.3015, val_loss: 26.2132, lr: 0.000555, 160.43s
2024-02-28 17:29:25,279 - INFO - epoch complete!
2024-02-28 17:29:25,279 - INFO - evaluating now!
2024-02-28 17:29:36,825 - INFO - Epoch [149/300] (100350) train_loss: 24.2773, val_loss: 26.0133, lr: 0.000550, 159.41s
2024-02-28 17:32:04,911 - INFO - epoch complete!
2024-02-28 17:32:04,912 - INFO - evaluating now!
2024-02-28 17:32:16,471 - INFO - Epoch [150/300] (101019) train_loss: 24.2266, val_loss: 26.1822, lr: 0.000545, 159.64s
2024-02-28 17:34:47,029 - INFO - epoch complete!
2024-02-28 17:34:47,029 - INFO - evaluating now!
2024-02-28 17:34:59,040 - INFO - Epoch [151/300] (101688) train_loss: 24.2296, val_loss: 25.8716, lr: 0.000541, 162.57s
2024-02-28 17:37:31,112 - INFO - epoch complete!
2024-02-28 17:37:31,112 - INFO - evaluating now!
2024-02-28 17:37:43,123 - INFO - Epoch [152/300] (102357) train_loss: 24.2302, val_loss: 26.0264, lr: 0.000536, 164.08s
2024-02-28 17:40:15,724 - INFO - epoch complete!
2024-02-28 17:40:15,725 - INFO - evaluating now!
2024-02-28 17:40:27,608 - INFO - Epoch [153/300] (103026) train_loss: 24.1777, val_loss: 26.1349, lr: 0.000531, 164.49s
2024-02-28 17:43:00,727 - INFO - epoch complete!
2024-02-28 17:43:00,728 - INFO - evaluating now!
2024-02-28 17:43:12,393 - INFO - Epoch [154/300] (103695) train_loss: 24.1413, val_loss: 26.0172, lr: 0.000526, 164.78s
2024-02-28 17:45:44,443 - INFO - epoch complete!
2024-02-28 17:45:44,444 - INFO - evaluating now!
2024-02-28 17:45:56,464 - INFO - Epoch [155/300] (104364) train_loss: 24.1256, val_loss: 26.0235, lr: 0.000522, 164.07s
2024-02-28 17:48:28,009 - INFO - epoch complete!
2024-02-28 17:48:28,009 - INFO - evaluating now!
2024-02-28 17:48:39,852 - INFO - Epoch [156/300] (105033) train_loss: 24.0992, val_loss: 26.0401, lr: 0.000517, 163.39s
2024-02-28 17:51:11,190 - INFO - epoch complete!
2024-02-28 17:51:11,191 - INFO - evaluating now!
2024-02-28 17:51:23,144 - INFO - Epoch [157/300] (105702) train_loss: 24.1565, val_loss: 26.1995, lr: 0.000512, 163.29s
2024-02-28 17:53:55,142 - INFO - epoch complete!
2024-02-28 17:53:55,143 - INFO - evaluating now!
2024-02-28 17:54:07,041 - INFO - Epoch [158/300] (106371) train_loss: 24.0455, val_loss: 26.3220, lr: 0.000508, 163.90s
2024-02-28 17:56:39,172 - INFO - epoch complete!
2024-02-28 17:56:39,173 - INFO - evaluating now!
2024-02-28 17:56:51,168 - INFO - Epoch [159/300] (107040) train_loss: 24.0951, val_loss: 26.3317, lr: 0.000503, 164.13s
2024-02-28 17:59:25,498 - INFO - epoch complete!
2024-02-28 17:59:25,499 - INFO - evaluating now!
2024-02-28 17:59:37,512 - INFO - Epoch [160/300] (107709) train_loss: 24.0470, val_loss: 26.3658, lr: 0.000498, 166.34s
2024-02-28 18:02:14,511 - INFO - epoch complete!
2024-02-28 18:02:14,511 - INFO - evaluating now!
2024-02-28 18:02:26,390 - INFO - Epoch [161/300] (108378) train_loss: 24.0308, val_loss: 25.9970, lr: 0.000494, 168.88s
2024-02-28 18:05:04,410 - INFO - epoch complete!
2024-02-28 18:05:04,411 - INFO - evaluating now!
2024-02-28 18:05:16,422 - INFO - Epoch [162/300] (109047) train_loss: 23.9810, val_loss: 26.4885, lr: 0.000489, 170.03s
2024-02-28 18:07:56,111 - INFO - epoch complete!
2024-02-28 18:07:56,111 - INFO - evaluating now!
2024-02-28 18:08:08,236 - INFO - Epoch [163/300] (109716) train_loss: 24.0023, val_loss: 26.1289, lr: 0.000484, 171.81s
2024-02-28 18:10:41,191 - INFO - epoch complete!
2024-02-28 18:10:41,192 - INFO - evaluating now!
2024-02-28 18:10:53,273 - INFO - Epoch [164/300] (110385) train_loss: 23.9063, val_loss: 26.1034, lr: 0.000480, 165.04s
2024-02-28 18:13:28,140 - INFO - epoch complete!
2024-02-28 18:13:28,141 - INFO - evaluating now!
2024-02-28 18:13:40,139 - INFO - Epoch [165/300] (111054) train_loss: 23.9570, val_loss: 26.2049, lr: 0.000475, 166.87s
2024-02-28 18:16:12,874 - INFO - epoch complete!
2024-02-28 18:16:12,875 - INFO - evaluating now!
2024-02-28 18:16:24,870 - INFO - Epoch [166/300] (111723) train_loss: 23.9520, val_loss: 25.9640, lr: 0.000470, 164.73s
2024-02-28 18:18:57,494 - INFO - epoch complete!
2024-02-28 18:18:57,495 - INFO - evaluating now!
2024-02-28 18:19:09,241 - INFO - Epoch [167/300] (112392) train_loss: 23.8433, val_loss: 25.9869, lr: 0.000466, 164.37s
2024-02-28 18:21:42,249 - INFO - epoch complete!
2024-02-28 18:21:42,249 - INFO - evaluating now!
2024-02-28 18:21:54,276 - INFO - Epoch [168/300] (113061) train_loss: 23.9235, val_loss: 26.2307, lr: 0.000461, 165.03s
2024-02-28 18:24:27,729 - INFO - epoch complete!
2024-02-28 18:24:27,729 - INFO - evaluating now!
2024-02-28 18:24:39,763 - INFO - Epoch [169/300] (113730) train_loss: 23.7923, val_loss: 26.2116, lr: 0.000456, 165.49s
2024-02-28 18:27:14,091 - INFO - epoch complete!
2024-02-28 18:27:14,092 - INFO - evaluating now!
2024-02-28 18:27:25,916 - INFO - Epoch [170/300] (114399) train_loss: 23.8335, val_loss: 25.8172, lr: 0.000452, 166.15s
2024-02-28 18:30:00,513 - INFO - epoch complete!
2024-02-28 18:30:00,513 - INFO - evaluating now!
2024-02-28 18:30:12,704 - INFO - Epoch [171/300] (115068) train_loss: 23.8024, val_loss: 26.3355, lr: 0.000447, 166.79s
2024-02-28 18:32:46,220 - INFO - epoch complete!
2024-02-28 18:32:46,221 - INFO - evaluating now!
2024-02-28 18:32:58,338 - INFO - Epoch [172/300] (115737) train_loss: 23.7987, val_loss: 26.0748, lr: 0.000443, 165.63s
2024-02-28 18:35:37,417 - INFO - epoch complete!
2024-02-28 18:35:37,418 - INFO - evaluating now!
2024-02-28 18:35:49,481 - INFO - Epoch [173/300] (116406) train_loss: 23.8133, val_loss: 26.0317, lr: 0.000438, 171.14s
2024-02-28 18:38:27,018 - INFO - epoch complete!
2024-02-28 18:38:27,019 - INFO - evaluating now!
2024-02-28 18:38:39,101 - INFO - Epoch [174/300] (117075) train_loss: 23.7274, val_loss: 26.4924, lr: 0.000434, 169.62s
2024-02-28 18:41:16,510 - INFO - epoch complete!
2024-02-28 18:41:16,510 - INFO - evaluating now!
2024-02-28 18:41:28,643 - INFO - Epoch [175/300] (117744) train_loss: 23.7337, val_loss: 26.0970, lr: 0.000429, 169.54s
2024-02-28 18:44:02,153 - INFO - epoch complete!
2024-02-28 18:44:02,153 - INFO - evaluating now!
2024-02-28 18:44:14,324 - INFO - Epoch [176/300] (118413) train_loss: 23.7323, val_loss: 25.9815, lr: 0.000424, 165.68s
2024-02-28 18:46:47,892 - INFO - epoch complete!
2024-02-28 18:46:47,892 - INFO - evaluating now!
2024-02-28 18:46:59,990 - INFO - Epoch [177/300] (119082) train_loss: 23.6603, val_loss: 26.1452, lr: 0.000420, 165.67s
2024-02-28 18:49:34,253 - INFO - epoch complete!
2024-02-28 18:49:34,253 - INFO - evaluating now!
2024-02-28 18:49:46,371 - INFO - Epoch [178/300] (119751) train_loss: 23.6572, val_loss: 26.2526, lr: 0.000415, 166.38s
2024-02-28 18:52:21,047 - INFO - epoch complete!
2024-02-28 18:52:21,048 - INFO - evaluating now!
2024-02-28 18:52:32,975 - INFO - Epoch [179/300] (120420) train_loss: 23.6908, val_loss: 25.9673, lr: 0.000411, 166.60s
2024-02-28 18:55:11,370 - INFO - epoch complete!
2024-02-28 18:55:11,371 - INFO - evaluating now!
2024-02-28 18:55:23,518 - INFO - Epoch [180/300] (121089) train_loss: 23.6070, val_loss: 26.2934, lr: 0.000406, 170.54s
2024-02-28 18:55:23,518 - WARNING - Early stopping at epoch: 180
2024-02-28 18:55:23,519 - INFO - Trained totally 181 epochs, average train time is 143.170s, average eval time is 11.019s
2024-02-28 18:55:23,751 - INFO - Loaded model at 130
2024-02-28 18:55:23,752 - INFO - Saved model at ./libcity/cache/92425/model_cache/PDFormer_PeMS08.m
2024-02-28 18:55:23,803 - INFO - Start evaluating ...
2024-02-28 18:55:42,570 - INFO - Note that you select the average mode to evaluate!
2024-02-28 18:55:42,578 - INFO - Evaluate result is saved at ./libcity/cache/92425/evaluate_cache/2024_02_28_18_55_42_PDFormer_PeMS08_average.csv
2024-02-28 18:55:42,586 - INFO - 
          MAE  MAPE       RMSE  masked_MAE  masked_MAPE  masked_RMSE
1   11.904775   inf  19.734570   11.919472     0.081395    19.620577
2   12.088994   inf  20.215302   12.104393     0.081660    20.102074
3   12.264990   inf  20.631363   12.281108     0.082392    20.521547
4   12.432856   inf  21.014025   12.449615     0.083245    20.908289
5   12.588183   inf  21.361200   12.605515     0.084147    21.258276
6   12.736680   inf  21.684479   12.754443     0.085090    21.583511
7   12.868288   inf  21.972652   12.886294     0.086008    21.872755
8   12.991635   inf  22.235943   13.009876     0.086881    22.137337
9   13.114223   inf  22.485394   13.132708     0.087705    22.387104
10  13.231187   inf  22.711653   13.249930     0.088556    22.614111
11  13.367214   inf  22.931631   13.386202     0.089575    22.834768
12  13.514869   inf  23.156603   13.534245     0.090561    23.060619
