2024-03-10 23:20:50,800 - INFO - Log directory: ./libcity/log
2024-03-10 23:20:50,801 - INFO - Begin pipeline, task=traffic_state_pred, model_name=PDFormer, dataset_name=PeMS07, exp_id=94538
2024-03-10 23:20:50,801 - INFO - {'task': 'traffic_state_pred', 'model': 'PDFormer', 'dataset': 'PeMS07', 'saved_model': True, 'train': True, 'local_rank': 0, 'initial_ckpt': None, 'dataset_class': 'PDFormerDataset', 'input_window': 12, 'output_window': 12, 'train_rate': 0.6, 'eval_rate': 0.2, 'batch_size': 8, 'grad_accmu_steps': 2, 'add_time_in_day': True, 'add_day_in_week': True, 'step_size': 4232, 'max_epoch': 300, 'bidir': True, 'far_mask_delta': 7, 'geo_num_heads': 4, 'sem_num_heads': 2, 't_num_heads': 2, 'cluster_method': 'kshape', 'cand_key_days': 14, 'seed': 1, 'type_ln': 'pre', 'set_loss': 'huber', 'huber_delta': 2, 'mode': 'average', 'executor': 'PDFormerExecutor', 'evaluator': 'TrafficStateEvaluator', 'embed_dim': 64, 'skip_dim': 256, 'mlp_ratio': 4, 'qkv_bias': True, 'drop': 0, 'attn_drop': 0, 'drop_path': 0.3, 's_attn_size': 3, 't_attn_size': 1, 'enc_depth': 6, 'type_short_path': 'hop', 'scaler': 'standard', 'load_external': True, 'normal_external': False, 'ext_scaler': 'none', 'learner': 'adamw', 'learning_rate': 0.001, 'weight_decay': 0.05, 'lr_decay': True, 'lr_scheduler': 'cosinelr', 'lr_eta_min': 0.0001, 'lr_decay_ratio': 0.1, 'lr_warmup_epoch': 5, 'lr_warmup_init': 1e-06, 'clip_grad_norm': True, 'max_grad_norm': 5, 'use_early_stop': True, 'patience': 50, 'task_level': 0, 'use_curriculum_learning': True, 'random_flip': True, 'quan_delta': 0.25, 'dtw_delta': 5, 'cache_dataset': True, 'num_workers': 0, 'pad_with_last_sample': True, 'lape_dim': 8, 'gpu': True, 'gpu_id': [2, 3], 'train_loss': 'none', 'epoch': 0, 'lr_epsilon': 1e-08, 'lr_beta1': 0.9, 'lr_beta2': 0.999, 'lr_alpha': 0.99, 'lr_momentum': 0, 'steps': [5, 20, 40, 70], 'lr_T_max': 30, 'lr_patience': 10, 'lr_threshold': 0.0001, 'log_level': 'INFO', 'log_every': 1, 'load_best_epoch': True, 'hyper_tune': False, 'metrics': ['MAE', 'MAPE', 'RMSE', 'masked_MAE', 'masked_MAPE', 'masked_RMSE'], 'save_modes': ['csv'], 'geo': {'including_types': ['Point'], 'Point': {}}, 'rel': {'including_types': ['geo'], 'geo': {'cost': 'num'}}, 'dyna': {'including_types': ['state'], 'state': {'entity_id': 'geo_id', 'traffic_flow': 'num'}}, 'data_col': ['traffic_flow'], 'weight_col': 'cost', 'data_files': ['PeMS07'], 'geo_file': 'PeMS07', 'rel_file': 'PeMS07', 'output_dim': 1, 'time_intervals': 300, 'init_weight_inf_or_zero': 'zero', 'set_weight_link_or_dist': 'link', 'calculate_weight_adj': False, 'weight_adj_epsilon': 0.1, 'distributed': False, 'device': device(type='cuda', index=0), 'exp_id': 94538}
2024-03-10 23:20:51,364 - INFO - Loaded file PeMS07.geo, num_nodes=883
2024-03-10 23:20:51,368 - INFO - set_weight_link_or_dist: link
2024-03-10 23:20:51,368 - INFO - init_weight_inf_or_zero: zero
2024-03-10 23:20:51,375 - INFO - Loaded file PeMS07.rel, shape=(883, 883)
2024-03-10 23:20:51,376 - INFO - Max adj_mx value = 1.0
2024-03-11 00:23:07,063 - INFO - Loading file PeMS07.dyna
2024-03-11 00:23:34,077 - INFO - Loaded file PeMS07.dyna, shape=(28224, 883, 1)
2024-03-11 00:23:34,357 - INFO - Load DTW matrix from ./libcity/cache/dataset_cache/dtw_PeMS07.npy
2024-03-11 00:23:34,359 - INFO - Loading ./libcity/cache/dataset_cache/pdformer_point_based_PeMS07_12_12_0.6_1_0.2_standard_8_True_True_True_True_traffic_flow.npz
2024-03-11 00:25:32,044 - INFO - train	x: (16921, 12, 883, 9), y: (16921, 12, 883, 9), ind: (16921,)
2024-03-11 00:25:32,044 - INFO - eval	x: (5640, 12, 883, 9), y: (5640, 12, 883, 9), ind: (5640,)
2024-03-11 00:25:32,044 - INFO - test	x: (5640, 12, 883, 9), y: (5640, 12, 883, 9), ind: (5640,)
2024-03-11 00:25:39,117 - INFO - StandardScaler mean: 309.5414726371829, std: 189.50746108430616
2024-03-11 00:25:39,117 - INFO - NoneScaler
2024-03-11 00:25:59,658 - INFO - Loaded file ./libcity/cache/dataset_cache/pattern_keys_kshape_PeMS07_14_3_16_5.npy
2024-03-11 00:25:59,664 - INFO - Use use_curriculum_learning!
2024-03-11 00:26:11,041 - INFO - Number of isolated points: 0
2024-03-11 00:26:11,986 - INFO - Number of isolated points: 0
