2024-03-14 20:10:21,104 - INFO - Log directory: ./libcity/log
2024-03-14 20:10:21,105 - INFO - Begin pipeline, task=traffic_state_pred, model_name=PDFormer, dataset_name=PeMS08, exp_id=99933
2024-03-14 20:10:21,105 - INFO - {'task': 'traffic_state_pred', 'model': 'PDFormer', 'dataset': 'PeMS08', 'saved_model': True, 'train': True, 'local_rank': 0, 'initial_ckpt': None, 'dataset_class': 'PDFormerDataset', 'input_window': 12, 'output_window': 12, 'train_rate': 0.6, 'eval_rate': 0.2, 'batch_size': 16, 'add_time_in_day': True, 'add_day_in_week': True, 'step_size': 2776, 'max_epoch': 300, 'bidir': True, 'far_mask_delta': 7, 'geo_num_heads': 4, 'sem_num_heads': 2, 't_num_heads': 2, 'cluster_method': 'kshape', 'cand_key_days': 21, 'seed': 1, 'type_ln': 'pre', 'set_loss': 'huber', 'huber_delta': 2, 'mode': 'average', 'executor': 'PDFormerExecutor', 'evaluator': 'TrafficStateEvaluator', 'embed_dim': 64, 'skip_dim': 256, 'mlp_ratio': 4, 'qkv_bias': True, 'drop': 0, 'attn_drop': 0, 'drop_path': 0.3, 's_attn_size': 3, 't_attn_size': 1, 'enc_depth': 6, 'type_short_path': 'hop', 'scaler': 'standard', 'load_external': True, 'normal_external': False, 'ext_scaler': 'none', 'learner': 'adamw', 'learning_rate': 0.001, 'weight_decay': 0.05, 'lr_decay': True, 'lr_scheduler': 'cosinelr', 'lr_eta_min': 0.0001, 'lr_decay_ratio': 0.1, 'lr_warmup_epoch': 5, 'lr_warmup_init': 1e-06, 'clip_grad_norm': True, 'max_grad_norm': 5, 'use_early_stop': True, 'patience': 50, 'task_level': 0, 'use_curriculum_learning': True, 'random_flip': True, 'quan_delta': 0.25, 'dtw_delta': 5, 'cache_dataset': True, 'num_workers': 0, 'pad_with_last_sample': True, 'lape_dim': 8, 'gpu': True, 'gpu_id': [0, 1], 'train_loss': 'none', 'epoch': 0, 'lr_epsilon': 1e-08, 'lr_beta1': 0.9, 'lr_beta2': 0.999, 'lr_alpha': 0.99, 'lr_momentum': 0, 'steps': [5, 20, 40, 70], 'lr_T_max': 30, 'lr_patience': 10, 'lr_threshold': 0.0001, 'log_level': 'INFO', 'log_every': 1, 'load_best_epoch': True, 'hyper_tune': False, 'grad_accmu_steps': 1, 'metrics': ['MAE', 'MAPE', 'RMSE', 'masked_MAE', 'masked_MAPE', 'masked_RMSE'], 'save_modes': ['csv'], 'geo': {'including_types': ['Point'], 'Point': {}}, 'rel': {'including_types': ['geo'], 'geo': {'cost': 'num'}}, 'dyna': {'including_types': ['state'], 'state': {'entity_id': 'geo_id', 'traffic_flow': 'num', 'traffic_occupancy': 'num', 'traffic_speed': 'num'}}, 'data_col': ['traffic_flow'], 'weight_col': 'cost', 'data_files': ['PeMS08'], 'geo_file': 'PeMS08', 'rel_file': 'PeMS08', 'adp_file': 'PeMS08', 'output_dim': 1, 'time_intervals': 300, 'init_weight_inf_or_zero': 'zero', 'set_weight_link_or_dist': 'link', 'calculate_weight_adj': False, 'weight_adj_epsilon': 0.1, 'distributed': False, 'device': device(type='cuda', index=0), 'exp_id': 99933}
2024-03-14 20:10:21,907 - INFO - Loaded file PeMS08.geo, num_nodes=170
2024-03-14 20:10:21,912 - INFO - set_weight_link_or_dist: link
2024-03-14 20:10:21,913 - INFO - init_weight_inf_or_zero: zero
2024-03-14 20:10:21,918 - INFO - Loaded file PeMS08.rel, shape=(170, 170)
2024-03-14 20:10:21,919 - INFO - Max adj_mx value = 1.0
2024-03-14 20:10:46,040 - INFO - Loading file PeMS08.dyna
2024-03-14 20:10:52,422 - INFO - Loaded file PeMS08.dyna, shape=(17856, 170, 1)
2024-03-14 20:10:52,470 - INFO - Load DTW matrix from ./libcity/cache/dataset_cache/dtw_PeMS08.npy
2024-03-14 20:10:52,472 - INFO - Loading ./libcity/cache/dataset_cache/pdformer_point_based_PeMS08_12_12_0.6_1_0.2_standard_16_True_True_True_True_traffic_flow.npz
2024-03-14 20:11:07,800 - INFO - train	x: (10700, 12, 170, 9), y: (10700, 12, 170, 9), ind: (10700,)
2024-03-14 20:11:07,800 - INFO - eval	x: (3566, 12, 170, 9), y: (3566, 12, 170, 9), ind: (3566,)
2024-03-14 20:11:07,801 - INFO - test	x: (3567, 12, 170, 9), y: (3567, 12, 170, 9), ind: (3567,)
2024-03-14 20:11:08,973 - INFO - StandardScaler mean: 229.8431355598314, std: 145.62553066568907
2024-03-14 20:11:08,974 - INFO - NoneScaler
2024-03-14 20:11:12,053 - INFO - Loaded file ./libcity/cache/dataset_cache/pattern_keys_kshape_PeMS08_21_3_16_5.npy
2024-03-14 20:11:12,081 - INFO - Use use_curriculum_learning!
2024-03-14 20:11:20,613 - INFO - Number of isolated points: 0
2024-03-14 20:11:20,642 - INFO - Number of isolated points: 0
2024-03-14 20:11:20,782 - INFO - PDFormer(
  (pattern_embeddings): ModuleList(
    (0): TokenEmbedding(
      (token_embed): Linear(in_features=3, out_features=64, bias=True)
      (norm): Identity()
    )
  )
  (enc_embed_layer): DataEmbedding(
    (value_embedding): TokenEmbedding(
      (token_embed): Linear(in_features=1, out_features=64, bias=True)
      (norm): Identity()
    )
    (position_encoding): PositionalEncoding()
    (daytime_embedding): Embedding(1440, 64)
    (weekday_embedding): Embedding(7, 64)
    (spatial_embedding): LaplacianPE(
      (embedding_lap_pos_enc): Linear(in_features=8, out_features=64, bias=True)
    )
    (tempp_embedding): Linear(in_features=8, out_features=64, bias=True)
    (dropout): Dropout(p=0, inplace=False)
  )
  (encoder_blocks): ModuleList(
    (0): STEncoderBlock(
      (norm1): LayerNorm((64,), eps=1e-06, elementwise_affine=True)
      (st_attn): STSelfAttention(
        (pattern_q_linears): ModuleList(
          (0): Linear(in_features=64, out_features=32, bias=True)
        )
        (pattern_k_linears): ModuleList(
          (0): Linear(in_features=64, out_features=32, bias=True)
        )
        (pattern_v_linears): ModuleList(
          (0): Linear(in_features=64, out_features=32, bias=True)
        )
        (geo_q_conv): Conv2d(64, 32, kernel_size=(1, 1), stride=(1, 1))
        (geo_k_conv): Conv2d(64, 32, kernel_size=(1, 1), stride=(1, 1))
        (geo_v_conv): Conv2d(64, 32, kernel_size=(1, 1), stride=(1, 1))
        (geo_attn_drop): Dropout(p=0, inplace=False)
        (sem_q_conv): Conv2d(64, 16, kernel_size=(1, 1), stride=(1, 1))
        (sem_k_conv): Conv2d(64, 16, kernel_size=(1, 1), stride=(1, 1))
        (sem_v_conv): Conv2d(64, 16, kernel_size=(1, 1), stride=(1, 1))
        (sem_attn_drop): Dropout(p=0, inplace=False)
        (t_q_conv): Conv2d(64, 16, kernel_size=(1, 1), stride=(1, 1))
        (t_k_conv): Conv2d(64, 16, kernel_size=(1, 1), stride=(1, 1))
        (t_v_conv): Conv2d(64, 16, kernel_size=(1, 1), stride=(1, 1))
        (t_attn_drop): Dropout(p=0, inplace=False)
        (proj): Linear(in_features=64, out_features=64, bias=True)
        (proj_drop): Dropout(p=0, inplace=False)
        (gconv): gcn(
          (nconv): nconv()
          (mlp): linear(
            (mlp): Conv2d(96, 32, kernel_size=(1, 1), stride=(1, 1))
          )
        )
        (reshape1): Linear(in_features=64, out_features=32, bias=True)
        (reshape2): Linear(in_features=32, out_features=64, bias=True)
      )
      (drop_path): Identity()
      (norm2): LayerNorm((64,), eps=1e-06, elementwise_affine=True)
      (mlp): Mlp(
        (fc1): Linear(in_features=64, out_features=256, bias=True)
        (act): GELU()
        (fc2): Linear(in_features=256, out_features=64, bias=True)
        (drop): Dropout(p=0, inplace=False)
      )
    )
    (1): STEncoderBlock(
      (norm1): LayerNorm((64,), eps=1e-06, elementwise_affine=True)
      (st_attn): STSelfAttention(
        (pattern_q_linears): ModuleList(
          (0): Linear(in_features=64, out_features=32, bias=True)
        )
        (pattern_k_linears): ModuleList(
          (0): Linear(in_features=64, out_features=32, bias=True)
        )
        (pattern_v_linears): ModuleList(
          (0): Linear(in_features=64, out_features=32, bias=True)
        )
        (geo_q_conv): Conv2d(64, 32, kernel_size=(1, 1), stride=(1, 1))
        (geo_k_conv): Conv2d(64, 32, kernel_size=(1, 1), stride=(1, 1))
        (geo_v_conv): Conv2d(64, 32, kernel_size=(1, 1), stride=(1, 1))
        (geo_attn_drop): Dropout(p=0, inplace=False)
        (sem_q_conv): Conv2d(64, 16, kernel_size=(1, 1), stride=(1, 1))
        (sem_k_conv): Conv2d(64, 16, kernel_size=(1, 1), stride=(1, 1))
        (sem_v_conv): Conv2d(64, 16, kernel_size=(1, 1), stride=(1, 1))
        (sem_attn_drop): Dropout(p=0, inplace=False)
        (t_q_conv): Conv2d(64, 16, kernel_size=(1, 1), stride=(1, 1))
        (t_k_conv): Conv2d(64, 16, kernel_size=(1, 1), stride=(1, 1))
        (t_v_conv): Conv2d(64, 16, kernel_size=(1, 1), stride=(1, 1))
        (t_attn_drop): Dropout(p=0, inplace=False)
        (proj): Linear(in_features=64, out_features=64, bias=True)
        (proj_drop): Dropout(p=0, inplace=False)
        (gconv): gcn(
          (nconv): nconv()
          (mlp): linear(
            (mlp): Conv2d(96, 32, kernel_size=(1, 1), stride=(1, 1))
          )
        )
        (reshape1): Linear(in_features=64, out_features=32, bias=True)
        (reshape2): Linear(in_features=32, out_features=64, bias=True)
      )
      (drop_path): DropPath()
      (norm2): LayerNorm((64,), eps=1e-06, elementwise_affine=True)
      (mlp): Mlp(
        (fc1): Linear(in_features=64, out_features=256, bias=True)
        (act): GELU()
        (fc2): Linear(in_features=256, out_features=64, bias=True)
        (drop): Dropout(p=0, inplace=False)
      )
    )
    (2): STEncoderBlock(
      (norm1): LayerNorm((64,), eps=1e-06, elementwise_affine=True)
      (st_attn): STSelfAttention(
        (pattern_q_linears): ModuleList(
          (0): Linear(in_features=64, out_features=32, bias=True)
        )
        (pattern_k_linears): ModuleList(
          (0): Linear(in_features=64, out_features=32, bias=True)
        )
        (pattern_v_linears): ModuleList(
          (0): Linear(in_features=64, out_features=32, bias=True)
        )
        (geo_q_conv): Conv2d(64, 32, kernel_size=(1, 1), stride=(1, 1))
        (geo_k_conv): Conv2d(64, 32, kernel_size=(1, 1), stride=(1, 1))
        (geo_v_conv): Conv2d(64, 32, kernel_size=(1, 1), stride=(1, 1))
        (geo_attn_drop): Dropout(p=0, inplace=False)
        (sem_q_conv): Conv2d(64, 16, kernel_size=(1, 1), stride=(1, 1))
        (sem_k_conv): Conv2d(64, 16, kernel_size=(1, 1), stride=(1, 1))
        (sem_v_conv): Conv2d(64, 16, kernel_size=(1, 1), stride=(1, 1))
        (sem_attn_drop): Dropout(p=0, inplace=False)
        (t_q_conv): Conv2d(64, 16, kernel_size=(1, 1), stride=(1, 1))
        (t_k_conv): Conv2d(64, 16, kernel_size=(1, 1), stride=(1, 1))
        (t_v_conv): Conv2d(64, 16, kernel_size=(1, 1), stride=(1, 1))
        (t_attn_drop): Dropout(p=0, inplace=False)
        (proj): Linear(in_features=64, out_features=64, bias=True)
        (proj_drop): Dropout(p=0, inplace=False)
        (gconv): gcn(
          (nconv): nconv()
          (mlp): linear(
            (mlp): Conv2d(96, 32, kernel_size=(1, 1), stride=(1, 1))
          )
        )
        (reshape1): Linear(in_features=64, out_features=32, bias=True)
        (reshape2): Linear(in_features=32, out_features=64, bias=True)
      )
      (drop_path): DropPath()
      (norm2): LayerNorm((64,), eps=1e-06, elementwise_affine=True)
      (mlp): Mlp(
        (fc1): Linear(in_features=64, out_features=256, bias=True)
        (act): GELU()
        (fc2): Linear(in_features=256, out_features=64, bias=True)
        (drop): Dropout(p=0, inplace=False)
      )
    )
    (3): STEncoderBlock(
      (norm1): LayerNorm((64,), eps=1e-06, elementwise_affine=True)
      (st_attn): STSelfAttention(
        (pattern_q_linears): ModuleList(
          (0): Linear(in_features=64, out_features=32, bias=True)
        )
        (pattern_k_linears): ModuleList(
          (0): Linear(in_features=64, out_features=32, bias=True)
        )
        (pattern_v_linears): ModuleList(
          (0): Linear(in_features=64, out_features=32, bias=True)
        )
        (geo_q_conv): Conv2d(64, 32, kernel_size=(1, 1), stride=(1, 1))
        (geo_k_conv): Conv2d(64, 32, kernel_size=(1, 1), stride=(1, 1))
        (geo_v_conv): Conv2d(64, 32, kernel_size=(1, 1), stride=(1, 1))
        (geo_attn_drop): Dropout(p=0, inplace=False)
        (sem_q_conv): Conv2d(64, 16, kernel_size=(1, 1), stride=(1, 1))
        (sem_k_conv): Conv2d(64, 16, kernel_size=(1, 1), stride=(1, 1))
        (sem_v_conv): Conv2d(64, 16, kernel_size=(1, 1), stride=(1, 1))
        (sem_attn_drop): Dropout(p=0, inplace=False)
        (t_q_conv): Conv2d(64, 16, kernel_size=(1, 1), stride=(1, 1))
        (t_k_conv): Conv2d(64, 16, kernel_size=(1, 1), stride=(1, 1))
        (t_v_conv): Conv2d(64, 16, kernel_size=(1, 1), stride=(1, 1))
        (t_attn_drop): Dropout(p=0, inplace=False)
        (proj): Linear(in_features=64, out_features=64, bias=True)
        (proj_drop): Dropout(p=0, inplace=False)
        (gconv): gcn(
          (nconv): nconv()
          (mlp): linear(
            (mlp): Conv2d(96, 32, kernel_size=(1, 1), stride=(1, 1))
          )
        )
        (reshape1): Linear(in_features=64, out_features=32, bias=True)
        (reshape2): Linear(in_features=32, out_features=64, bias=True)
      )
      (drop_path): DropPath()
      (norm2): LayerNorm((64,), eps=1e-06, elementwise_affine=True)
      (mlp): Mlp(
        (fc1): Linear(in_features=64, out_features=256, bias=True)
        (act): GELU()
        (fc2): Linear(in_features=256, out_features=64, bias=True)
        (drop): Dropout(p=0, inplace=False)
      )
    )
    (4): STEncoderBlock(
      (norm1): LayerNorm((64,), eps=1e-06, elementwise_affine=True)
      (st_attn): STSelfAttention(
        (pattern_q_linears): ModuleList(
          (0): Linear(in_features=64, out_features=32, bias=True)
        )
        (pattern_k_linears): ModuleList(
          (0): Linear(in_features=64, out_features=32, bias=True)
        )
        (pattern_v_linears): ModuleList(
          (0): Linear(in_features=64, out_features=32, bias=True)
        )
        (geo_q_conv): Conv2d(64, 32, kernel_size=(1, 1), stride=(1, 1))
        (geo_k_conv): Conv2d(64, 32, kernel_size=(1, 1), stride=(1, 1))
        (geo_v_conv): Conv2d(64, 32, kernel_size=(1, 1), stride=(1, 1))
        (geo_attn_drop): Dropout(p=0, inplace=False)
        (sem_q_conv): Conv2d(64, 16, kernel_size=(1, 1), stride=(1, 1))
        (sem_k_conv): Conv2d(64, 16, kernel_size=(1, 1), stride=(1, 1))
        (sem_v_conv): Conv2d(64, 16, kernel_size=(1, 1), stride=(1, 1))
        (sem_attn_drop): Dropout(p=0, inplace=False)
        (t_q_conv): Conv2d(64, 16, kernel_size=(1, 1), stride=(1, 1))
        (t_k_conv): Conv2d(64, 16, kernel_size=(1, 1), stride=(1, 1))
        (t_v_conv): Conv2d(64, 16, kernel_size=(1, 1), stride=(1, 1))
        (t_attn_drop): Dropout(p=0, inplace=False)
        (proj): Linear(in_features=64, out_features=64, bias=True)
        (proj_drop): Dropout(p=0, inplace=False)
        (gconv): gcn(
          (nconv): nconv()
          (mlp): linear(
            (mlp): Conv2d(96, 32, kernel_size=(1, 1), stride=(1, 1))
          )
        )
        (reshape1): Linear(in_features=64, out_features=32, bias=True)
        (reshape2): Linear(in_features=32, out_features=64, bias=True)
      )
      (drop_path): DropPath()
      (norm2): LayerNorm((64,), eps=1e-06, elementwise_affine=True)
      (mlp): Mlp(
        (fc1): Linear(in_features=64, out_features=256, bias=True)
        (act): GELU()
        (fc2): Linear(in_features=256, out_features=64, bias=True)
        (drop): Dropout(p=0, inplace=False)
      )
    )
    (5): STEncoderBlock(
      (norm1): LayerNorm((64,), eps=1e-06, elementwise_affine=True)
      (st_attn): STSelfAttention(
        (pattern_q_linears): ModuleList(
          (0): Linear(in_features=64, out_features=32, bias=True)
        )
        (pattern_k_linears): ModuleList(
          (0): Linear(in_features=64, out_features=32, bias=True)
        )
        (pattern_v_linears): ModuleList(
          (0): Linear(in_features=64, out_features=32, bias=True)
        )
        (geo_q_conv): Conv2d(64, 32, kernel_size=(1, 1), stride=(1, 1))
        (geo_k_conv): Conv2d(64, 32, kernel_size=(1, 1), stride=(1, 1))
        (geo_v_conv): Conv2d(64, 32, kernel_size=(1, 1), stride=(1, 1))
        (geo_attn_drop): Dropout(p=0, inplace=False)
        (sem_q_conv): Conv2d(64, 16, kernel_size=(1, 1), stride=(1, 1))
        (sem_k_conv): Conv2d(64, 16, kernel_size=(1, 1), stride=(1, 1))
        (sem_v_conv): Conv2d(64, 16, kernel_size=(1, 1), stride=(1, 1))
        (sem_attn_drop): Dropout(p=0, inplace=False)
        (t_q_conv): Conv2d(64, 16, kernel_size=(1, 1), stride=(1, 1))
        (t_k_conv): Conv2d(64, 16, kernel_size=(1, 1), stride=(1, 1))
        (t_v_conv): Conv2d(64, 16, kernel_size=(1, 1), stride=(1, 1))
        (t_attn_drop): Dropout(p=0, inplace=False)
        (proj): Linear(in_features=64, out_features=64, bias=True)
        (proj_drop): Dropout(p=0, inplace=False)
        (gconv): gcn(
          (nconv): nconv()
          (mlp): linear(
            (mlp): Conv2d(96, 32, kernel_size=(1, 1), stride=(1, 1))
          )
        )
        (reshape1): Linear(in_features=64, out_features=32, bias=True)
        (reshape2): Linear(in_features=32, out_features=64, bias=True)
      )
      (drop_path): DropPath()
      (norm2): LayerNorm((64,), eps=1e-06, elementwise_affine=True)
      (mlp): Mlp(
        (fc1): Linear(in_features=64, out_features=256, bias=True)
        (act): GELU()
        (fc2): Linear(in_features=256, out_features=64, bias=True)
        (drop): Dropout(p=0, inplace=False)
      )
    )
  )
  (skip_convs): ModuleList(
    (0): Conv2d(64, 256, kernel_size=(1, 1), stride=(1, 1))
    (1): Conv2d(64, 256, kernel_size=(1, 1), stride=(1, 1))
    (2): Conv2d(64, 256, kernel_size=(1, 1), stride=(1, 1))
    (3): Conv2d(64, 256, kernel_size=(1, 1), stride=(1, 1))
    (4): Conv2d(64, 256, kernel_size=(1, 1), stride=(1, 1))
    (5): Conv2d(64, 256, kernel_size=(1, 1), stride=(1, 1))
  )
  (end_conv1): Conv2d(12, 12, kernel_size=(1, 1), stride=(1, 1))
  (end_conv2): Conv2d(256, 1, kernel_size=(1, 1), stride=(1, 1))
)
2024-03-14 20:11:20,789 - INFO - pattern_embeddings.0.token_embed.weight	torch.Size([64, 3])	cuda:0	True
2024-03-14 20:11:20,790 - INFO - pattern_embeddings.0.token_embed.bias	torch.Size([64])	cuda:0	True
2024-03-14 20:11:20,790 - INFO - enc_embed_layer.value_embedding.token_embed.weight	torch.Size([64, 1])	cuda:0	True
2024-03-14 20:11:20,790 - INFO - enc_embed_layer.value_embedding.token_embed.bias	torch.Size([64])	cuda:0	True
2024-03-14 20:11:20,790 - INFO - enc_embed_layer.daytime_embedding.weight	torch.Size([1440, 64])	cuda:0	True
2024-03-14 20:11:20,790 - INFO - enc_embed_layer.weekday_embedding.weight	torch.Size([7, 64])	cuda:0	True
2024-03-14 20:11:20,790 - INFO - enc_embed_layer.spatial_embedding.embedding_lap_pos_enc.weight	torch.Size([64, 8])	cuda:0	True
2024-03-14 20:11:20,790 - INFO - enc_embed_layer.spatial_embedding.embedding_lap_pos_enc.bias	torch.Size([64])	cuda:0	True
2024-03-14 20:11:20,790 - INFO - enc_embed_layer.tempp_embedding.weight	torch.Size([64, 8])	cuda:0	True
2024-03-14 20:11:20,790 - INFO - enc_embed_layer.tempp_embedding.bias	torch.Size([64])	cuda:0	True
2024-03-14 20:11:20,790 - INFO - encoder_blocks.0.norm1.weight	torch.Size([64])	cuda:0	True
2024-03-14 20:11:20,791 - INFO - encoder_blocks.0.norm1.bias	torch.Size([64])	cuda:0	True
2024-03-14 20:11:20,791 - INFO - encoder_blocks.0.st_attn.nodevec_p1	torch.Size([288, 40])	cuda:0	True
2024-03-14 20:11:20,791 - INFO - encoder_blocks.0.st_attn.nodevec_p2	torch.Size([170, 40])	cuda:0	True
2024-03-14 20:11:20,791 - INFO - encoder_blocks.0.st_attn.nodevec_p3	torch.Size([170, 40])	cuda:0	True
2024-03-14 20:11:20,791 - INFO - encoder_blocks.0.st_attn.nodevec_pk	torch.Size([40, 40, 40])	cuda:0	True
2024-03-14 20:11:20,791 - INFO - encoder_blocks.0.st_attn.pattern_q_linears.0.weight	torch.Size([32, 64])	cuda:0	True
2024-03-14 20:11:20,791 - INFO - encoder_blocks.0.st_attn.pattern_q_linears.0.bias	torch.Size([32])	cuda:0	True
2024-03-14 20:11:20,791 - INFO - encoder_blocks.0.st_attn.pattern_k_linears.0.weight	torch.Size([32, 64])	cuda:0	True
2024-03-14 20:11:20,791 - INFO - encoder_blocks.0.st_attn.pattern_k_linears.0.bias	torch.Size([32])	cuda:0	True
2024-03-14 20:11:20,791 - INFO - encoder_blocks.0.st_attn.pattern_v_linears.0.weight	torch.Size([32, 64])	cuda:0	True
2024-03-14 20:11:20,791 - INFO - encoder_blocks.0.st_attn.pattern_v_linears.0.bias	torch.Size([32])	cuda:0	True
2024-03-14 20:11:20,791 - INFO - encoder_blocks.0.st_attn.geo_q_conv.weight	torch.Size([32, 64, 1, 1])	cuda:0	True
2024-03-14 20:11:20,791 - INFO - encoder_blocks.0.st_attn.geo_q_conv.bias	torch.Size([32])	cuda:0	True
2024-03-14 20:11:20,792 - INFO - encoder_blocks.0.st_attn.geo_k_conv.weight	torch.Size([32, 64, 1, 1])	cuda:0	True
2024-03-14 20:11:20,792 - INFO - encoder_blocks.0.st_attn.geo_k_conv.bias	torch.Size([32])	cuda:0	True
2024-03-14 20:11:20,792 - INFO - encoder_blocks.0.st_attn.geo_v_conv.weight	torch.Size([32, 64, 1, 1])	cuda:0	True
2024-03-14 20:11:20,792 - INFO - encoder_blocks.0.st_attn.geo_v_conv.bias	torch.Size([32])	cuda:0	True
2024-03-14 20:11:20,792 - INFO - encoder_blocks.0.st_attn.sem_q_conv.weight	torch.Size([16, 64, 1, 1])	cuda:0	True
2024-03-14 20:11:20,792 - INFO - encoder_blocks.0.st_attn.sem_q_conv.bias	torch.Size([16])	cuda:0	True
2024-03-14 20:11:20,792 - INFO - encoder_blocks.0.st_attn.sem_k_conv.weight	torch.Size([16, 64, 1, 1])	cuda:0	True
2024-03-14 20:11:20,792 - INFO - encoder_blocks.0.st_attn.sem_k_conv.bias	torch.Size([16])	cuda:0	True
2024-03-14 20:11:20,792 - INFO - encoder_blocks.0.st_attn.sem_v_conv.weight	torch.Size([16, 64, 1, 1])	cuda:0	True
2024-03-14 20:11:20,792 - INFO - encoder_blocks.0.st_attn.sem_v_conv.bias	torch.Size([16])	cuda:0	True
2024-03-14 20:11:20,792 - INFO - encoder_blocks.0.st_attn.t_q_conv.weight	torch.Size([16, 64, 1, 1])	cuda:0	True
2024-03-14 20:11:20,793 - INFO - encoder_blocks.0.st_attn.t_q_conv.bias	torch.Size([16])	cuda:0	True
2024-03-14 20:11:20,793 - INFO - encoder_blocks.0.st_attn.t_k_conv.weight	torch.Size([16, 64, 1, 1])	cuda:0	True
2024-03-14 20:11:20,793 - INFO - encoder_blocks.0.st_attn.t_k_conv.bias	torch.Size([16])	cuda:0	True
2024-03-14 20:11:20,793 - INFO - encoder_blocks.0.st_attn.t_v_conv.weight	torch.Size([16, 64, 1, 1])	cuda:0	True
2024-03-14 20:11:20,793 - INFO - encoder_blocks.0.st_attn.t_v_conv.bias	torch.Size([16])	cuda:0	True
2024-03-14 20:11:20,793 - INFO - encoder_blocks.0.st_attn.proj.weight	torch.Size([64, 64])	cuda:0	True
2024-03-14 20:11:20,793 - INFO - encoder_blocks.0.st_attn.proj.bias	torch.Size([64])	cuda:0	True
2024-03-14 20:11:20,793 - INFO - encoder_blocks.0.st_attn.gconv.mlp.mlp.weight	torch.Size([32, 96, 1, 1])	cuda:0	True
2024-03-14 20:11:20,793 - INFO - encoder_blocks.0.st_attn.gconv.mlp.mlp.bias	torch.Size([32])	cuda:0	True
2024-03-14 20:11:20,793 - INFO - encoder_blocks.0.st_attn.reshape1.weight	torch.Size([32, 64])	cuda:0	True
2024-03-14 20:11:20,793 - INFO - encoder_blocks.0.st_attn.reshape1.bias	torch.Size([32])	cuda:0	True
2024-03-14 20:11:20,793 - INFO - encoder_blocks.0.st_attn.reshape2.weight	torch.Size([64, 32])	cuda:0	True
2024-03-14 20:11:20,793 - INFO - encoder_blocks.0.st_attn.reshape2.bias	torch.Size([64])	cuda:0	True
2024-03-14 20:11:20,794 - INFO - encoder_blocks.0.norm2.weight	torch.Size([64])	cuda:0	True
2024-03-14 20:11:20,794 - INFO - encoder_blocks.0.norm2.bias	torch.Size([64])	cuda:0	True
2024-03-14 20:11:20,794 - INFO - encoder_blocks.0.mlp.fc1.weight	torch.Size([256, 64])	cuda:0	True
2024-03-14 20:11:20,794 - INFO - encoder_blocks.0.mlp.fc1.bias	torch.Size([256])	cuda:0	True
2024-03-14 20:11:20,794 - INFO - encoder_blocks.0.mlp.fc2.weight	torch.Size([64, 256])	cuda:0	True
2024-03-14 20:11:20,794 - INFO - encoder_blocks.0.mlp.fc2.bias	torch.Size([64])	cuda:0	True
2024-03-14 20:11:20,794 - INFO - encoder_blocks.1.norm1.weight	torch.Size([64])	cuda:0	True
2024-03-14 20:11:20,794 - INFO - encoder_blocks.1.norm1.bias	torch.Size([64])	cuda:0	True
2024-03-14 20:11:20,794 - INFO - encoder_blocks.1.st_attn.nodevec_p1	torch.Size([288, 40])	cuda:0	True
2024-03-14 20:11:20,795 - INFO - encoder_blocks.1.st_attn.nodevec_p2	torch.Size([170, 40])	cuda:0	True
2024-03-14 20:11:20,795 - INFO - encoder_blocks.1.st_attn.nodevec_p3	torch.Size([170, 40])	cuda:0	True
2024-03-14 20:11:20,795 - INFO - encoder_blocks.1.st_attn.nodevec_pk	torch.Size([40, 40, 40])	cuda:0	True
2024-03-14 20:11:20,795 - INFO - encoder_blocks.1.st_attn.pattern_q_linears.0.weight	torch.Size([32, 64])	cuda:0	True
2024-03-14 20:11:20,795 - INFO - encoder_blocks.1.st_attn.pattern_q_linears.0.bias	torch.Size([32])	cuda:0	True
2024-03-14 20:11:20,795 - INFO - encoder_blocks.1.st_attn.pattern_k_linears.0.weight	torch.Size([32, 64])	cuda:0	True
2024-03-14 20:11:20,795 - INFO - encoder_blocks.1.st_attn.pattern_k_linears.0.bias	torch.Size([32])	cuda:0	True
2024-03-14 20:11:20,795 - INFO - encoder_blocks.1.st_attn.pattern_v_linears.0.weight	torch.Size([32, 64])	cuda:0	True
2024-03-14 20:11:20,795 - INFO - encoder_blocks.1.st_attn.pattern_v_linears.0.bias	torch.Size([32])	cuda:0	True
2024-03-14 20:11:20,795 - INFO - encoder_blocks.1.st_attn.geo_q_conv.weight	torch.Size([32, 64, 1, 1])	cuda:0	True
2024-03-14 20:11:20,795 - INFO - encoder_blocks.1.st_attn.geo_q_conv.bias	torch.Size([32])	cuda:0	True
2024-03-14 20:11:20,795 - INFO - encoder_blocks.1.st_attn.geo_k_conv.weight	torch.Size([32, 64, 1, 1])	cuda:0	True
2024-03-14 20:11:20,795 - INFO - encoder_blocks.1.st_attn.geo_k_conv.bias	torch.Size([32])	cuda:0	True
2024-03-14 20:11:20,796 - INFO - encoder_blocks.1.st_attn.geo_v_conv.weight	torch.Size([32, 64, 1, 1])	cuda:0	True
2024-03-14 20:11:20,796 - INFO - encoder_blocks.1.st_attn.geo_v_conv.bias	torch.Size([32])	cuda:0	True
2024-03-14 20:11:20,796 - INFO - encoder_blocks.1.st_attn.sem_q_conv.weight	torch.Size([16, 64, 1, 1])	cuda:0	True
2024-03-14 20:11:20,796 - INFO - encoder_blocks.1.st_attn.sem_q_conv.bias	torch.Size([16])	cuda:0	True
2024-03-14 20:11:20,796 - INFO - encoder_blocks.1.st_attn.sem_k_conv.weight	torch.Size([16, 64, 1, 1])	cuda:0	True
2024-03-14 20:11:20,796 - INFO - encoder_blocks.1.st_attn.sem_k_conv.bias	torch.Size([16])	cuda:0	True
2024-03-14 20:11:20,796 - INFO - encoder_blocks.1.st_attn.sem_v_conv.weight	torch.Size([16, 64, 1, 1])	cuda:0	True
2024-03-14 20:11:20,796 - INFO - encoder_blocks.1.st_attn.sem_v_conv.bias	torch.Size([16])	cuda:0	True
2024-03-14 20:11:20,796 - INFO - encoder_blocks.1.st_attn.t_q_conv.weight	torch.Size([16, 64, 1, 1])	cuda:0	True
2024-03-14 20:11:20,796 - INFO - encoder_blocks.1.st_attn.t_q_conv.bias	torch.Size([16])	cuda:0	True
2024-03-14 20:11:20,796 - INFO - encoder_blocks.1.st_attn.t_k_conv.weight	torch.Size([16, 64, 1, 1])	cuda:0	True
2024-03-14 20:11:20,796 - INFO - encoder_blocks.1.st_attn.t_k_conv.bias	torch.Size([16])	cuda:0	True
2024-03-14 20:11:20,796 - INFO - encoder_blocks.1.st_attn.t_v_conv.weight	torch.Size([16, 64, 1, 1])	cuda:0	True
2024-03-14 20:11:20,796 - INFO - encoder_blocks.1.st_attn.t_v_conv.bias	torch.Size([16])	cuda:0	True
2024-03-14 20:11:20,797 - INFO - encoder_blocks.1.st_attn.proj.weight	torch.Size([64, 64])	cuda:0	True
2024-03-14 20:11:20,797 - INFO - encoder_blocks.1.st_attn.proj.bias	torch.Size([64])	cuda:0	True
2024-03-14 20:11:20,797 - INFO - encoder_blocks.1.st_attn.gconv.mlp.mlp.weight	torch.Size([32, 96, 1, 1])	cuda:0	True
2024-03-14 20:11:20,797 - INFO - encoder_blocks.1.st_attn.gconv.mlp.mlp.bias	torch.Size([32])	cuda:0	True
2024-03-14 20:11:20,797 - INFO - encoder_blocks.1.st_attn.reshape1.weight	torch.Size([32, 64])	cuda:0	True
2024-03-14 20:11:20,797 - INFO - encoder_blocks.1.st_attn.reshape1.bias	torch.Size([32])	cuda:0	True
2024-03-14 20:11:20,797 - INFO - encoder_blocks.1.st_attn.reshape2.weight	torch.Size([64, 32])	cuda:0	True
2024-03-14 20:11:20,797 - INFO - encoder_blocks.1.st_attn.reshape2.bias	torch.Size([64])	cuda:0	True
2024-03-14 20:11:20,797 - INFO - encoder_blocks.1.norm2.weight	torch.Size([64])	cuda:0	True
2024-03-14 20:11:20,797 - INFO - encoder_blocks.1.norm2.bias	torch.Size([64])	cuda:0	True
2024-03-14 20:11:20,797 - INFO - encoder_blocks.1.mlp.fc1.weight	torch.Size([256, 64])	cuda:0	True
2024-03-14 20:11:20,797 - INFO - encoder_blocks.1.mlp.fc1.bias	torch.Size([256])	cuda:0	True
2024-03-14 20:11:20,798 - INFO - encoder_blocks.1.mlp.fc2.weight	torch.Size([64, 256])	cuda:0	True
2024-03-14 20:11:20,798 - INFO - encoder_blocks.1.mlp.fc2.bias	torch.Size([64])	cuda:0	True
2024-03-14 20:11:20,798 - INFO - encoder_blocks.2.norm1.weight	torch.Size([64])	cuda:0	True
2024-03-14 20:11:20,798 - INFO - encoder_blocks.2.norm1.bias	torch.Size([64])	cuda:0	True
2024-03-14 20:11:20,798 - INFO - encoder_blocks.2.st_attn.nodevec_p1	torch.Size([288, 40])	cuda:0	True
2024-03-14 20:11:20,798 - INFO - encoder_blocks.2.st_attn.nodevec_p2	torch.Size([170, 40])	cuda:0	True
2024-03-14 20:11:20,798 - INFO - encoder_blocks.2.st_attn.nodevec_p3	torch.Size([170, 40])	cuda:0	True
2024-03-14 20:11:20,798 - INFO - encoder_blocks.2.st_attn.nodevec_pk	torch.Size([40, 40, 40])	cuda:0	True
2024-03-14 20:11:20,798 - INFO - encoder_blocks.2.st_attn.pattern_q_linears.0.weight	torch.Size([32, 64])	cuda:0	True
2024-03-14 20:11:20,798 - INFO - encoder_blocks.2.st_attn.pattern_q_linears.0.bias	torch.Size([32])	cuda:0	True
2024-03-14 20:11:20,798 - INFO - encoder_blocks.2.st_attn.pattern_k_linears.0.weight	torch.Size([32, 64])	cuda:0	True
2024-03-14 20:11:20,798 - INFO - encoder_blocks.2.st_attn.pattern_k_linears.0.bias	torch.Size([32])	cuda:0	True
2024-03-14 20:11:20,798 - INFO - encoder_blocks.2.st_attn.pattern_v_linears.0.weight	torch.Size([32, 64])	cuda:0	True
2024-03-14 20:11:20,799 - INFO - encoder_blocks.2.st_attn.pattern_v_linears.0.bias	torch.Size([32])	cuda:0	True
2024-03-14 20:11:20,799 - INFO - encoder_blocks.2.st_attn.geo_q_conv.weight	torch.Size([32, 64, 1, 1])	cuda:0	True
2024-03-14 20:11:20,799 - INFO - encoder_blocks.2.st_attn.geo_q_conv.bias	torch.Size([32])	cuda:0	True
2024-03-14 20:11:20,799 - INFO - encoder_blocks.2.st_attn.geo_k_conv.weight	torch.Size([32, 64, 1, 1])	cuda:0	True
2024-03-14 20:11:20,799 - INFO - encoder_blocks.2.st_attn.geo_k_conv.bias	torch.Size([32])	cuda:0	True
2024-03-14 20:11:20,799 - INFO - encoder_blocks.2.st_attn.geo_v_conv.weight	torch.Size([32, 64, 1, 1])	cuda:0	True
2024-03-14 20:11:20,799 - INFO - encoder_blocks.2.st_attn.geo_v_conv.bias	torch.Size([32])	cuda:0	True
2024-03-14 20:11:20,799 - INFO - encoder_blocks.2.st_attn.sem_q_conv.weight	torch.Size([16, 64, 1, 1])	cuda:0	True
2024-03-14 20:11:20,799 - INFO - encoder_blocks.2.st_attn.sem_q_conv.bias	torch.Size([16])	cuda:0	True
2024-03-14 20:11:20,799 - INFO - encoder_blocks.2.st_attn.sem_k_conv.weight	torch.Size([16, 64, 1, 1])	cuda:0	True
2024-03-14 20:11:20,799 - INFO - encoder_blocks.2.st_attn.sem_k_conv.bias	torch.Size([16])	cuda:0	True
2024-03-14 20:11:20,799 - INFO - encoder_blocks.2.st_attn.sem_v_conv.weight	torch.Size([16, 64, 1, 1])	cuda:0	True
2024-03-14 20:11:20,799 - INFO - encoder_blocks.2.st_attn.sem_v_conv.bias	torch.Size([16])	cuda:0	True
2024-03-14 20:11:20,800 - INFO - encoder_blocks.2.st_attn.t_q_conv.weight	torch.Size([16, 64, 1, 1])	cuda:0	True
2024-03-14 20:11:20,800 - INFO - encoder_blocks.2.st_attn.t_q_conv.bias	torch.Size([16])	cuda:0	True
2024-03-14 20:11:20,800 - INFO - encoder_blocks.2.st_attn.t_k_conv.weight	torch.Size([16, 64, 1, 1])	cuda:0	True
2024-03-14 20:11:20,800 - INFO - encoder_blocks.2.st_attn.t_k_conv.bias	torch.Size([16])	cuda:0	True
2024-03-14 20:11:20,800 - INFO - encoder_blocks.2.st_attn.t_v_conv.weight	torch.Size([16, 64, 1, 1])	cuda:0	True
2024-03-14 20:11:20,800 - INFO - encoder_blocks.2.st_attn.t_v_conv.bias	torch.Size([16])	cuda:0	True
2024-03-14 20:11:20,800 - INFO - encoder_blocks.2.st_attn.proj.weight	torch.Size([64, 64])	cuda:0	True
2024-03-14 20:11:20,800 - INFO - encoder_blocks.2.st_attn.proj.bias	torch.Size([64])	cuda:0	True
2024-03-14 20:11:20,800 - INFO - encoder_blocks.2.st_attn.gconv.mlp.mlp.weight	torch.Size([32, 96, 1, 1])	cuda:0	True
2024-03-14 20:11:20,800 - INFO - encoder_blocks.2.st_attn.gconv.mlp.mlp.bias	torch.Size([32])	cuda:0	True
2024-03-14 20:11:20,800 - INFO - encoder_blocks.2.st_attn.reshape1.weight	torch.Size([32, 64])	cuda:0	True
2024-03-14 20:11:20,801 - INFO - encoder_blocks.2.st_attn.reshape1.bias	torch.Size([32])	cuda:0	True
2024-03-14 20:11:20,801 - INFO - encoder_blocks.2.st_attn.reshape2.weight	torch.Size([64, 32])	cuda:0	True
2024-03-14 20:11:20,801 - INFO - encoder_blocks.2.st_attn.reshape2.bias	torch.Size([64])	cuda:0	True
2024-03-14 20:11:20,801 - INFO - encoder_blocks.2.norm2.weight	torch.Size([64])	cuda:0	True
2024-03-14 20:11:20,801 - INFO - encoder_blocks.2.norm2.bias	torch.Size([64])	cuda:0	True
2024-03-14 20:11:20,801 - INFO - encoder_blocks.2.mlp.fc1.weight	torch.Size([256, 64])	cuda:0	True
2024-03-14 20:11:20,801 - INFO - encoder_blocks.2.mlp.fc1.bias	torch.Size([256])	cuda:0	True
2024-03-14 20:11:20,801 - INFO - encoder_blocks.2.mlp.fc2.weight	torch.Size([64, 256])	cuda:0	True
2024-03-14 20:11:20,801 - INFO - encoder_blocks.2.mlp.fc2.bias	torch.Size([64])	cuda:0	True
2024-03-14 20:11:20,801 - INFO - encoder_blocks.3.norm1.weight	torch.Size([64])	cuda:0	True
2024-03-14 20:11:20,801 - INFO - encoder_blocks.3.norm1.bias	torch.Size([64])	cuda:0	True
2024-03-14 20:11:20,801 - INFO - encoder_blocks.3.st_attn.nodevec_p1	torch.Size([288, 40])	cuda:0	True
2024-03-14 20:11:20,802 - INFO - encoder_blocks.3.st_attn.nodevec_p2	torch.Size([170, 40])	cuda:0	True
2024-03-14 20:11:20,802 - INFO - encoder_blocks.3.st_attn.nodevec_p3	torch.Size([170, 40])	cuda:0	True
2024-03-14 20:11:20,802 - INFO - encoder_blocks.3.st_attn.nodevec_pk	torch.Size([40, 40, 40])	cuda:0	True
2024-03-14 20:11:20,802 - INFO - encoder_blocks.3.st_attn.pattern_q_linears.0.weight	torch.Size([32, 64])	cuda:0	True
2024-03-14 20:11:20,802 - INFO - encoder_blocks.3.st_attn.pattern_q_linears.0.bias	torch.Size([32])	cuda:0	True
2024-03-14 20:11:20,802 - INFO - encoder_blocks.3.st_attn.pattern_k_linears.0.weight	torch.Size([32, 64])	cuda:0	True
2024-03-14 20:11:20,802 - INFO - encoder_blocks.3.st_attn.pattern_k_linears.0.bias	torch.Size([32])	cuda:0	True
2024-03-14 20:11:20,802 - INFO - encoder_blocks.3.st_attn.pattern_v_linears.0.weight	torch.Size([32, 64])	cuda:0	True
2024-03-14 20:11:20,802 - INFO - encoder_blocks.3.st_attn.pattern_v_linears.0.bias	torch.Size([32])	cuda:0	True
2024-03-14 20:11:20,802 - INFO - encoder_blocks.3.st_attn.geo_q_conv.weight	torch.Size([32, 64, 1, 1])	cuda:0	True
2024-03-14 20:11:20,802 - INFO - encoder_blocks.3.st_attn.geo_q_conv.bias	torch.Size([32])	cuda:0	True
2024-03-14 20:11:20,802 - INFO - encoder_blocks.3.st_attn.geo_k_conv.weight	torch.Size([32, 64, 1, 1])	cuda:0	True
2024-03-14 20:11:20,802 - INFO - encoder_blocks.3.st_attn.geo_k_conv.bias	torch.Size([32])	cuda:0	True
2024-03-14 20:11:20,803 - INFO - encoder_blocks.3.st_attn.geo_v_conv.weight	torch.Size([32, 64, 1, 1])	cuda:0	True
2024-03-14 20:11:20,803 - INFO - encoder_blocks.3.st_attn.geo_v_conv.bias	torch.Size([32])	cuda:0	True
2024-03-14 20:11:20,803 - INFO - encoder_blocks.3.st_attn.sem_q_conv.weight	torch.Size([16, 64, 1, 1])	cuda:0	True
2024-03-14 20:11:20,803 - INFO - encoder_blocks.3.st_attn.sem_q_conv.bias	torch.Size([16])	cuda:0	True
2024-03-14 20:11:20,803 - INFO - encoder_blocks.3.st_attn.sem_k_conv.weight	torch.Size([16, 64, 1, 1])	cuda:0	True
2024-03-14 20:11:20,803 - INFO - encoder_blocks.3.st_attn.sem_k_conv.bias	torch.Size([16])	cuda:0	True
2024-03-14 20:11:20,803 - INFO - encoder_blocks.3.st_attn.sem_v_conv.weight	torch.Size([16, 64, 1, 1])	cuda:0	True
2024-03-14 20:11:20,803 - INFO - encoder_blocks.3.st_attn.sem_v_conv.bias	torch.Size([16])	cuda:0	True
2024-03-14 20:11:20,803 - INFO - encoder_blocks.3.st_attn.t_q_conv.weight	torch.Size([16, 64, 1, 1])	cuda:0	True
2024-03-14 20:11:20,803 - INFO - encoder_blocks.3.st_attn.t_q_conv.bias	torch.Size([16])	cuda:0	True
2024-03-14 20:11:20,803 - INFO - encoder_blocks.3.st_attn.t_k_conv.weight	torch.Size([16, 64, 1, 1])	cuda:0	True
2024-03-14 20:11:20,803 - INFO - encoder_blocks.3.st_attn.t_k_conv.bias	torch.Size([16])	cuda:0	True
2024-03-14 20:11:20,803 - INFO - encoder_blocks.3.st_attn.t_v_conv.weight	torch.Size([16, 64, 1, 1])	cuda:0	True
2024-03-14 20:11:20,804 - INFO - encoder_blocks.3.st_attn.t_v_conv.bias	torch.Size([16])	cuda:0	True
2024-03-14 20:11:20,804 - INFO - encoder_blocks.3.st_attn.proj.weight	torch.Size([64, 64])	cuda:0	True
2024-03-14 20:11:20,804 - INFO - encoder_blocks.3.st_attn.proj.bias	torch.Size([64])	cuda:0	True
2024-03-14 20:11:20,804 - INFO - encoder_blocks.3.st_attn.gconv.mlp.mlp.weight	torch.Size([32, 96, 1, 1])	cuda:0	True
2024-03-14 20:11:20,804 - INFO - encoder_blocks.3.st_attn.gconv.mlp.mlp.bias	torch.Size([32])	cuda:0	True
2024-03-14 20:11:20,804 - INFO - encoder_blocks.3.st_attn.reshape1.weight	torch.Size([32, 64])	cuda:0	True
2024-03-14 20:11:20,804 - INFO - encoder_blocks.3.st_attn.reshape1.bias	torch.Size([32])	cuda:0	True
2024-03-14 20:11:20,804 - INFO - encoder_blocks.3.st_attn.reshape2.weight	torch.Size([64, 32])	cuda:0	True
2024-03-14 20:11:20,804 - INFO - encoder_blocks.3.st_attn.reshape2.bias	torch.Size([64])	cuda:0	True
2024-03-14 20:11:20,804 - INFO - encoder_blocks.3.norm2.weight	torch.Size([64])	cuda:0	True
2024-03-14 20:11:20,804 - INFO - encoder_blocks.3.norm2.bias	torch.Size([64])	cuda:0	True
2024-03-14 20:11:20,805 - INFO - encoder_blocks.3.mlp.fc1.weight	torch.Size([256, 64])	cuda:0	True
2024-03-14 20:11:20,805 - INFO - encoder_blocks.3.mlp.fc1.bias	torch.Size([256])	cuda:0	True
2024-03-14 20:11:20,805 - INFO - encoder_blocks.3.mlp.fc2.weight	torch.Size([64, 256])	cuda:0	True
2024-03-14 20:11:20,805 - INFO - encoder_blocks.3.mlp.fc2.bias	torch.Size([64])	cuda:0	True
2024-03-14 20:11:20,805 - INFO - encoder_blocks.4.norm1.weight	torch.Size([64])	cuda:0	True
2024-03-14 20:11:20,805 - INFO - encoder_blocks.4.norm1.bias	torch.Size([64])	cuda:0	True
2024-03-14 20:11:20,805 - INFO - encoder_blocks.4.st_attn.nodevec_p1	torch.Size([288, 40])	cuda:0	True
2024-03-14 20:11:20,805 - INFO - encoder_blocks.4.st_attn.nodevec_p2	torch.Size([170, 40])	cuda:0	True
2024-03-14 20:11:20,805 - INFO - encoder_blocks.4.st_attn.nodevec_p3	torch.Size([170, 40])	cuda:0	True
2024-03-14 20:11:20,805 - INFO - encoder_blocks.4.st_attn.nodevec_pk	torch.Size([40, 40, 40])	cuda:0	True
2024-03-14 20:11:20,805 - INFO - encoder_blocks.4.st_attn.pattern_q_linears.0.weight	torch.Size([32, 64])	cuda:0	True
2024-03-14 20:11:20,806 - INFO - encoder_blocks.4.st_attn.pattern_q_linears.0.bias	torch.Size([32])	cuda:0	True
2024-03-14 20:11:20,806 - INFO - encoder_blocks.4.st_attn.pattern_k_linears.0.weight	torch.Size([32, 64])	cuda:0	True
2024-03-14 20:11:20,806 - INFO - encoder_blocks.4.st_attn.pattern_k_linears.0.bias	torch.Size([32])	cuda:0	True
2024-03-14 20:11:20,806 - INFO - encoder_blocks.4.st_attn.pattern_v_linears.0.weight	torch.Size([32, 64])	cuda:0	True
2024-03-14 20:11:20,806 - INFO - encoder_blocks.4.st_attn.pattern_v_linears.0.bias	torch.Size([32])	cuda:0	True
2024-03-14 20:11:20,806 - INFO - encoder_blocks.4.st_attn.geo_q_conv.weight	torch.Size([32, 64, 1, 1])	cuda:0	True
2024-03-14 20:11:20,806 - INFO - encoder_blocks.4.st_attn.geo_q_conv.bias	torch.Size([32])	cuda:0	True
2024-03-14 20:11:20,806 - INFO - encoder_blocks.4.st_attn.geo_k_conv.weight	torch.Size([32, 64, 1, 1])	cuda:0	True
2024-03-14 20:11:20,806 - INFO - encoder_blocks.4.st_attn.geo_k_conv.bias	torch.Size([32])	cuda:0	True
2024-03-14 20:11:20,806 - INFO - encoder_blocks.4.st_attn.geo_v_conv.weight	torch.Size([32, 64, 1, 1])	cuda:0	True
2024-03-14 20:11:20,806 - INFO - encoder_blocks.4.st_attn.geo_v_conv.bias	torch.Size([32])	cuda:0	True
2024-03-14 20:11:20,806 - INFO - encoder_blocks.4.st_attn.sem_q_conv.weight	torch.Size([16, 64, 1, 1])	cuda:0	True
2024-03-14 20:11:20,806 - INFO - encoder_blocks.4.st_attn.sem_q_conv.bias	torch.Size([16])	cuda:0	True
2024-03-14 20:11:20,807 - INFO - encoder_blocks.4.st_attn.sem_k_conv.weight	torch.Size([16, 64, 1, 1])	cuda:0	True
2024-03-14 20:11:20,807 - INFO - encoder_blocks.4.st_attn.sem_k_conv.bias	torch.Size([16])	cuda:0	True
2024-03-14 20:11:20,807 - INFO - encoder_blocks.4.st_attn.sem_v_conv.weight	torch.Size([16, 64, 1, 1])	cuda:0	True
2024-03-14 20:11:20,807 - INFO - encoder_blocks.4.st_attn.sem_v_conv.bias	torch.Size([16])	cuda:0	True
2024-03-14 20:11:20,807 - INFO - encoder_blocks.4.st_attn.t_q_conv.weight	torch.Size([16, 64, 1, 1])	cuda:0	True
2024-03-14 20:11:20,807 - INFO - encoder_blocks.4.st_attn.t_q_conv.bias	torch.Size([16])	cuda:0	True
2024-03-14 20:11:20,807 - INFO - encoder_blocks.4.st_attn.t_k_conv.weight	torch.Size([16, 64, 1, 1])	cuda:0	True
2024-03-14 20:11:20,807 - INFO - encoder_blocks.4.st_attn.t_k_conv.bias	torch.Size([16])	cuda:0	True
2024-03-14 20:11:20,807 - INFO - encoder_blocks.4.st_attn.t_v_conv.weight	torch.Size([16, 64, 1, 1])	cuda:0	True
2024-03-14 20:11:20,807 - INFO - encoder_blocks.4.st_attn.t_v_conv.bias	torch.Size([16])	cuda:0	True
2024-03-14 20:11:20,807 - INFO - encoder_blocks.4.st_attn.proj.weight	torch.Size([64, 64])	cuda:0	True
2024-03-14 20:11:20,807 - INFO - encoder_blocks.4.st_attn.proj.bias	torch.Size([64])	cuda:0	True
2024-03-14 20:11:20,807 - INFO - encoder_blocks.4.st_attn.gconv.mlp.mlp.weight	torch.Size([32, 96, 1, 1])	cuda:0	True
2024-03-14 20:11:20,808 - INFO - encoder_blocks.4.st_attn.gconv.mlp.mlp.bias	torch.Size([32])	cuda:0	True
2024-03-14 20:11:20,808 - INFO - encoder_blocks.4.st_attn.reshape1.weight	torch.Size([32, 64])	cuda:0	True
2024-03-14 20:11:20,808 - INFO - encoder_blocks.4.st_attn.reshape1.bias	torch.Size([32])	cuda:0	True
2024-03-14 20:11:20,808 - INFO - encoder_blocks.4.st_attn.reshape2.weight	torch.Size([64, 32])	cuda:0	True
2024-03-14 20:11:20,808 - INFO - encoder_blocks.4.st_attn.reshape2.bias	torch.Size([64])	cuda:0	True
2024-03-14 20:11:20,808 - INFO - encoder_blocks.4.norm2.weight	torch.Size([64])	cuda:0	True
2024-03-14 20:11:20,808 - INFO - encoder_blocks.4.norm2.bias	torch.Size([64])	cuda:0	True
2024-03-14 20:11:20,808 - INFO - encoder_blocks.4.mlp.fc1.weight	torch.Size([256, 64])	cuda:0	True
2024-03-14 20:11:20,808 - INFO - encoder_blocks.4.mlp.fc1.bias	torch.Size([256])	cuda:0	True
2024-03-14 20:11:20,808 - INFO - encoder_blocks.4.mlp.fc2.weight	torch.Size([64, 256])	cuda:0	True
2024-03-14 20:11:20,808 - INFO - encoder_blocks.4.mlp.fc2.bias	torch.Size([64])	cuda:0	True
2024-03-14 20:11:20,808 - INFO - encoder_blocks.5.norm1.weight	torch.Size([64])	cuda:0	True
2024-03-14 20:11:20,809 - INFO - encoder_blocks.5.norm1.bias	torch.Size([64])	cuda:0	True
2024-03-14 20:11:20,809 - INFO - encoder_blocks.5.st_attn.nodevec_p1	torch.Size([288, 40])	cuda:0	True
2024-03-14 20:11:20,809 - INFO - encoder_blocks.5.st_attn.nodevec_p2	torch.Size([170, 40])	cuda:0	True
2024-03-14 20:11:20,809 - INFO - encoder_blocks.5.st_attn.nodevec_p3	torch.Size([170, 40])	cuda:0	True
2024-03-14 20:11:20,809 - INFO - encoder_blocks.5.st_attn.nodevec_pk	torch.Size([40, 40, 40])	cuda:0	True
2024-03-14 20:11:20,809 - INFO - encoder_blocks.5.st_attn.pattern_q_linears.0.weight	torch.Size([32, 64])	cuda:0	True
2024-03-14 20:11:20,809 - INFO - encoder_blocks.5.st_attn.pattern_q_linears.0.bias	torch.Size([32])	cuda:0	True
2024-03-14 20:11:20,809 - INFO - encoder_blocks.5.st_attn.pattern_k_linears.0.weight	torch.Size([32, 64])	cuda:0	True
2024-03-14 20:11:20,809 - INFO - encoder_blocks.5.st_attn.pattern_k_linears.0.bias	torch.Size([32])	cuda:0	True
2024-03-14 20:11:20,809 - INFO - encoder_blocks.5.st_attn.pattern_v_linears.0.weight	torch.Size([32, 64])	cuda:0	True
2024-03-14 20:11:20,809 - INFO - encoder_blocks.5.st_attn.pattern_v_linears.0.bias	torch.Size([32])	cuda:0	True
2024-03-14 20:11:20,809 - INFO - encoder_blocks.5.st_attn.geo_q_conv.weight	torch.Size([32, 64, 1, 1])	cuda:0	True
2024-03-14 20:11:20,809 - INFO - encoder_blocks.5.st_attn.geo_q_conv.bias	torch.Size([32])	cuda:0	True
2024-03-14 20:11:20,810 - INFO - encoder_blocks.5.st_attn.geo_k_conv.weight	torch.Size([32, 64, 1, 1])	cuda:0	True
2024-03-14 20:11:20,810 - INFO - encoder_blocks.5.st_attn.geo_k_conv.bias	torch.Size([32])	cuda:0	True
2024-03-14 20:11:20,810 - INFO - encoder_blocks.5.st_attn.geo_v_conv.weight	torch.Size([32, 64, 1, 1])	cuda:0	True
2024-03-14 20:11:20,810 - INFO - encoder_blocks.5.st_attn.geo_v_conv.bias	torch.Size([32])	cuda:0	True
2024-03-14 20:11:20,810 - INFO - encoder_blocks.5.st_attn.sem_q_conv.weight	torch.Size([16, 64, 1, 1])	cuda:0	True
2024-03-14 20:11:20,810 - INFO - encoder_blocks.5.st_attn.sem_q_conv.bias	torch.Size([16])	cuda:0	True
2024-03-14 20:11:20,810 - INFO - encoder_blocks.5.st_attn.sem_k_conv.weight	torch.Size([16, 64, 1, 1])	cuda:0	True
2024-03-14 20:11:20,810 - INFO - encoder_blocks.5.st_attn.sem_k_conv.bias	torch.Size([16])	cuda:0	True
2024-03-14 20:11:20,810 - INFO - encoder_blocks.5.st_attn.sem_v_conv.weight	torch.Size([16, 64, 1, 1])	cuda:0	True
2024-03-14 20:11:20,810 - INFO - encoder_blocks.5.st_attn.sem_v_conv.bias	torch.Size([16])	cuda:0	True
2024-03-14 20:11:20,810 - INFO - encoder_blocks.5.st_attn.t_q_conv.weight	torch.Size([16, 64, 1, 1])	cuda:0	True
2024-03-14 20:11:20,810 - INFO - encoder_blocks.5.st_attn.t_q_conv.bias	torch.Size([16])	cuda:0	True
2024-03-14 20:11:20,810 - INFO - encoder_blocks.5.st_attn.t_k_conv.weight	torch.Size([16, 64, 1, 1])	cuda:0	True
2024-03-14 20:11:20,811 - INFO - encoder_blocks.5.st_attn.t_k_conv.bias	torch.Size([16])	cuda:0	True
2024-03-14 20:11:20,811 - INFO - encoder_blocks.5.st_attn.t_v_conv.weight	torch.Size([16, 64, 1, 1])	cuda:0	True
2024-03-14 20:11:20,811 - INFO - encoder_blocks.5.st_attn.t_v_conv.bias	torch.Size([16])	cuda:0	True
2024-03-14 20:11:20,811 - INFO - encoder_blocks.5.st_attn.proj.weight	torch.Size([64, 64])	cuda:0	True
2024-03-14 20:11:20,811 - INFO - encoder_blocks.5.st_attn.proj.bias	torch.Size([64])	cuda:0	True
2024-03-14 20:11:20,811 - INFO - encoder_blocks.5.st_attn.gconv.mlp.mlp.weight	torch.Size([32, 96, 1, 1])	cuda:0	True
2024-03-14 20:11:20,811 - INFO - encoder_blocks.5.st_attn.gconv.mlp.mlp.bias	torch.Size([32])	cuda:0	True
2024-03-14 20:11:20,811 - INFO - encoder_blocks.5.st_attn.reshape1.weight	torch.Size([32, 64])	cuda:0	True
2024-03-14 20:11:20,811 - INFO - encoder_blocks.5.st_attn.reshape1.bias	torch.Size([32])	cuda:0	True
2024-03-14 20:11:20,811 - INFO - encoder_blocks.5.st_attn.reshape2.weight	torch.Size([64, 32])	cuda:0	True
2024-03-14 20:11:20,811 - INFO - encoder_blocks.5.st_attn.reshape2.bias	torch.Size([64])	cuda:0	True
2024-03-14 20:11:20,811 - INFO - encoder_blocks.5.norm2.weight	torch.Size([64])	cuda:0	True
2024-03-14 20:11:20,811 - INFO - encoder_blocks.5.norm2.bias	torch.Size([64])	cuda:0	True
2024-03-14 20:11:20,812 - INFO - encoder_blocks.5.mlp.fc1.weight	torch.Size([256, 64])	cuda:0	True
2024-03-14 20:11:20,812 - INFO - encoder_blocks.5.mlp.fc1.bias	torch.Size([256])	cuda:0	True
2024-03-14 20:11:20,812 - INFO - encoder_blocks.5.mlp.fc2.weight	torch.Size([64, 256])	cuda:0	True
2024-03-14 20:11:20,812 - INFO - encoder_blocks.5.mlp.fc2.bias	torch.Size([64])	cuda:0	True
2024-03-14 20:11:20,812 - INFO - skip_convs.0.weight	torch.Size([256, 64, 1, 1])	cuda:0	True
2024-03-14 20:11:20,812 - INFO - skip_convs.0.bias	torch.Size([256])	cuda:0	True
2024-03-14 20:11:20,812 - INFO - skip_convs.1.weight	torch.Size([256, 64, 1, 1])	cuda:0	True
2024-03-14 20:11:20,812 - INFO - skip_convs.1.bias	torch.Size([256])	cuda:0	True
2024-03-14 20:11:20,812 - INFO - skip_convs.2.weight	torch.Size([256, 64, 1, 1])	cuda:0	True
2024-03-14 20:11:20,812 - INFO - skip_convs.2.bias	torch.Size([256])	cuda:0	True
2024-03-14 20:11:20,812 - INFO - skip_convs.3.weight	torch.Size([256, 64, 1, 1])	cuda:0	True
2024-03-14 20:11:20,812 - INFO - skip_convs.3.bias	torch.Size([256])	cuda:0	True
2024-03-14 20:11:20,813 - INFO - skip_convs.4.weight	torch.Size([256, 64, 1, 1])	cuda:0	True
2024-03-14 20:11:20,813 - INFO - skip_convs.4.bias	torch.Size([256])	cuda:0	True
2024-03-14 20:11:20,813 - INFO - skip_convs.5.weight	torch.Size([256, 64, 1, 1])	cuda:0	True
2024-03-14 20:11:20,813 - INFO - skip_convs.5.bias	torch.Size([256])	cuda:0	True
2024-03-14 20:11:20,813 - INFO - end_conv1.weight	torch.Size([12, 12, 1, 1])	cuda:0	True
2024-03-14 20:11:20,813 - INFO - end_conv1.bias	torch.Size([12])	cuda:0	True
2024-03-14 20:11:20,813 - INFO - end_conv2.weight	torch.Size([1, 256, 1, 1])	cuda:0	True
2024-03-14 20:11:20,813 - INFO - end_conv2.bias	torch.Size([1])	cuda:0	True
2024-03-14 20:11:20,815 - INFO - Total parameter numbers: 1110237
2024-03-14 20:11:20,820 - INFO - You select `adamw` optimizer.
2024-03-14 20:11:20,823 - INFO - You select `cosinelr` lr_scheduler.
2024-03-14 20:11:20,823 - WARNING - Received none train loss func and will use the loss func defined in the model.module.
2024-03-14 20:11:20,826 - INFO - Number of isolated points: 0
2024-03-14 20:11:20,860 - INFO - Start training ...
2024-03-14 20:11:20,860 - INFO - num_batches:669
2024-03-14 20:11:21,052 - INFO - Training: task_level increase from 0 to 1
2024-03-14 20:11:21,053 - INFO - Current batches_seen is 0
2024-03-14 20:13:57,141 - INFO - epoch complete!
2024-03-14 20:13:57,142 - INFO - evaluating now!
2024-03-14 20:14:09,985 - INFO - Epoch [0/300] (669) train_loss: 154.0956, val_loss: 198.1269, lr: 0.000201, 169.12s
2024-03-14 20:14:10,107 - INFO - Saved model at 0
2024-03-14 20:14:10,108 - INFO - Val loss decrease from inf to 198.1269, saving to ./libcity/cache/99933/model_cache/PDFormer_PeMS08_epoch0.tar
2024-03-14 20:16:45,143 - INFO - epoch complete!
2024-03-14 20:16:45,144 - INFO - evaluating now!
2024-03-14 20:16:58,259 - INFO - Epoch [1/300] (1338) train_loss: 44.0125, val_loss: 179.9276, lr: 0.000401, 168.15s
2024-03-14 20:16:58,382 - INFO - Saved model at 1
2024-03-14 20:16:58,383 - INFO - Val loss decrease from 198.1269 to 179.9276, saving to ./libcity/cache/99933/model_cache/PDFormer_PeMS08_epoch1.tar
2024-03-14 20:19:34,196 - INFO - epoch complete!
2024-03-14 20:19:34,197 - INFO - evaluating now!
2024-03-14 20:19:47,297 - INFO - Epoch [2/300] (2007) train_loss: 35.1941, val_loss: 180.5441, lr: 0.000600, 168.91s
2024-03-14 20:22:22,970 - INFO - epoch complete!
2024-03-14 20:22:22,971 - INFO - evaluating now!
2024-03-14 20:22:35,991 - INFO - Epoch [3/300] (2676) train_loss: 31.5879, val_loss: 178.4685, lr: 0.000800, 168.69s
2024-03-14 20:22:36,118 - INFO - Saved model at 3
2024-03-14 20:22:36,119 - INFO - Val loss decrease from 179.9276 to 178.4685, saving to ./libcity/cache/99933/model_cache/PDFormer_PeMS08_epoch3.tar
2024-03-14 20:22:59,415 - INFO - Training: task_level increase from 1 to 2
2024-03-14 20:22:59,415 - INFO - Current batches_seen is 2776
2024-03-14 20:25:11,453 - INFO - epoch complete!
2024-03-14 20:25:11,454 - INFO - evaluating now!
2024-03-14 20:25:24,535 - INFO - Epoch [4/300] (3345) train_loss: 31.6679, val_loss: 170.5680, lr: 0.000999, 168.42s
2024-03-14 20:25:24,656 - INFO - Saved model at 4
2024-03-14 20:25:24,657 - INFO - Val loss decrease from 178.4685 to 170.5680, saving to ./libcity/cache/99933/model_cache/PDFormer_PeMS08_epoch4.tar
2024-03-14 20:27:59,255 - INFO - epoch complete!
2024-03-14 20:27:59,256 - INFO - evaluating now!
2024-03-14 20:28:12,388 - INFO - Epoch [5/300] (4014) train_loss: 30.0715, val_loss: 169.5435, lr: 0.000999, 167.73s
2024-03-14 20:28:12,508 - INFO - Saved model at 5
2024-03-14 20:28:12,510 - INFO - Val loss decrease from 170.5680 to 169.5435, saving to ./libcity/cache/99933/model_cache/PDFormer_PeMS08_epoch5.tar
2024-03-14 20:30:47,340 - INFO - epoch complete!
2024-03-14 20:30:47,341 - INFO - evaluating now!
2024-03-14 20:31:00,534 - INFO - Epoch [6/300] (4683) train_loss: 29.3670, val_loss: 171.0830, lr: 0.000999, 168.02s
2024-03-14 20:33:34,634 - INFO - epoch complete!
2024-03-14 20:33:34,634 - INFO - evaluating now!
2024-03-14 20:33:47,641 - INFO - Epoch [7/300] (5352) train_loss: 28.7157, val_loss: 170.8353, lr: 0.000998, 167.11s
2024-03-14 20:34:33,840 - INFO - Training: task_level increase from 2 to 3
2024-03-14 20:34:33,840 - INFO - Current batches_seen is 5552
2024-03-14 20:36:21,513 - INFO - epoch complete!
2024-03-14 20:36:21,514 - INFO - evaluating now!
2024-03-14 20:36:34,559 - INFO - Epoch [8/300] (6021) train_loss: 30.3841, val_loss: 153.7092, lr: 0.000998, 166.92s
2024-03-14 20:36:34,686 - INFO - Saved model at 8
2024-03-14 20:36:34,687 - INFO - Val loss decrease from 169.5435 to 153.7092, saving to ./libcity/cache/99933/model_cache/PDFormer_PeMS08_epoch8.tar
2024-03-14 20:39:08,776 - INFO - epoch complete!
2024-03-14 20:39:08,778 - INFO - evaluating now!
2024-03-14 20:39:21,638 - INFO - Epoch [9/300] (6690) train_loss: 29.5050, val_loss: 153.3572, lr: 0.000998, 166.95s
2024-03-14 20:39:21,758 - INFO - Saved model at 9
2024-03-14 20:39:21,759 - INFO - Val loss decrease from 153.7092 to 153.3572, saving to ./libcity/cache/99933/model_cache/PDFormer_PeMS08_epoch9.tar
2024-03-14 20:41:56,216 - INFO - epoch complete!
2024-03-14 20:41:56,217 - INFO - evaluating now!
2024-03-14 20:42:09,144 - INFO - Epoch [10/300] (7359) train_loss: 28.7945, val_loss: 153.8866, lr: 0.000997, 167.38s
2024-03-14 20:44:43,212 - INFO - epoch complete!
2024-03-14 20:44:43,213 - INFO - evaluating now!
2024-03-14 20:44:56,094 - INFO - Epoch [11/300] (8028) train_loss: 28.4477, val_loss: 153.4565, lr: 0.000996, 166.95s
2024-03-14 20:46:05,379 - INFO - Training: task_level increase from 3 to 4
2024-03-14 20:46:05,379 - INFO - Current batches_seen is 8328
2024-03-14 20:47:30,311 - INFO - epoch complete!
2024-03-14 20:47:30,312 - INFO - evaluating now!
2024-03-14 20:47:43,225 - INFO - Epoch [12/300] (8697) train_loss: 30.2552, val_loss: 134.0139, lr: 0.000996, 167.13s
2024-03-14 20:47:43,349 - INFO - Saved model at 12
2024-03-14 20:47:43,351 - INFO - Val loss decrease from 153.3572 to 134.0139, saving to ./libcity/cache/99933/model_cache/PDFormer_PeMS08_epoch12.tar
2024-03-14 20:50:16,559 - INFO - epoch complete!
2024-03-14 20:50:16,560 - INFO - evaluating now!
2024-03-14 20:50:29,457 - INFO - Epoch [13/300] (9366) train_loss: 29.1005, val_loss: 133.9346, lr: 0.000995, 166.11s
2024-03-14 20:50:29,577 - INFO - Saved model at 13
2024-03-14 20:50:29,578 - INFO - Val loss decrease from 134.0139 to 133.9346, saving to ./libcity/cache/99933/model_cache/PDFormer_PeMS08_epoch13.tar
2024-03-14 20:53:03,214 - INFO - epoch complete!
2024-03-14 20:53:03,215 - INFO - evaluating now!
2024-03-14 20:53:15,989 - INFO - Epoch [14/300] (10035) train_loss: 28.6412, val_loss: 133.6271, lr: 0.000994, 166.41s
2024-03-14 20:53:16,114 - INFO - Saved model at 14
2024-03-14 20:53:16,115 - INFO - Val loss decrease from 133.9346 to 133.6271, saving to ./libcity/cache/99933/model_cache/PDFormer_PeMS08_epoch14.tar
2024-03-14 20:55:49,167 - INFO - epoch complete!
2024-03-14 20:55:49,168 - INFO - evaluating now!
2024-03-14 20:56:01,945 - INFO - Epoch [15/300] (10704) train_loss: 28.6274, val_loss: 134.5190, lr: 0.000994, 165.83s
2024-03-14 20:57:34,094 - INFO - Training: task_level increase from 4 to 5
2024-03-14 20:57:34,095 - INFO - Current batches_seen is 11104
2024-03-14 20:58:36,599 - INFO - epoch complete!
2024-03-14 20:58:36,600 - INFO - evaluating now!
2024-03-14 20:58:49,634 - INFO - Epoch [16/300] (11373) train_loss: 30.0042, val_loss: 116.9570, lr: 0.000993, 167.69s
2024-03-14 20:58:49,761 - INFO - Saved model at 16
2024-03-14 20:58:49,762 - INFO - Val loss decrease from 133.6271 to 116.9570, saving to ./libcity/cache/99933/model_cache/PDFormer_PeMS08_epoch16.tar
2024-03-14 21:01:25,680 - INFO - epoch complete!
2024-03-14 21:01:25,681 - INFO - evaluating now!
2024-03-14 21:01:38,710 - INFO - Epoch [17/300] (12042) train_loss: 29.0753, val_loss: 117.3326, lr: 0.000992, 168.95s
2024-03-14 21:04:14,321 - INFO - epoch complete!
2024-03-14 21:04:14,322 - INFO - evaluating now!
2024-03-14 21:04:27,446 - INFO - Epoch [18/300] (12711) train_loss: 28.5086, val_loss: 117.9354, lr: 0.000991, 168.74s
2024-03-14 21:07:03,505 - INFO - epoch complete!
2024-03-14 21:07:03,506 - INFO - evaluating now!
2024-03-14 21:07:16,681 - INFO - Epoch [19/300] (13380) train_loss: 28.3663, val_loss: 118.9900, lr: 0.000990, 169.23s
2024-03-14 21:09:13,885 - INFO - Training: task_level increase from 5 to 6
2024-03-14 21:09:13,886 - INFO - Current batches_seen is 13880
2024-03-14 21:09:53,273 - INFO - epoch complete!
2024-03-14 21:09:53,273 - INFO - evaluating now!
2024-03-14 21:10:06,504 - INFO - Epoch [20/300] (14049) train_loss: 28.4993, val_loss: 116.9694, lr: 0.000989, 169.82s
2024-03-14 21:12:43,288 - INFO - epoch complete!
2024-03-14 21:12:43,290 - INFO - evaluating now!
2024-03-14 21:12:56,475 - INFO - Epoch [21/300] (14718) train_loss: 28.8326, val_loss: 117.3643, lr: 0.000988, 169.97s
2024-03-14 21:15:33,168 - INFO - epoch complete!
2024-03-14 21:15:33,170 - INFO - evaluating now!
2024-03-14 21:15:46,303 - INFO - Epoch [22/300] (15387) train_loss: 28.3733, val_loss: 117.1402, lr: 0.000987, 169.83s
2024-03-14 21:18:22,872 - INFO - epoch complete!
2024-03-14 21:18:22,873 - INFO - evaluating now!
2024-03-14 21:18:35,851 - INFO - Epoch [23/300] (16056) train_loss: 28.2827, val_loss: 116.8358, lr: 0.000986, 169.55s
2024-03-14 21:18:35,977 - INFO - Saved model at 23
2024-03-14 21:18:35,979 - INFO - Val loss decrease from 116.9570 to 116.8358, saving to ./libcity/cache/99933/model_cache/PDFormer_PeMS08_epoch23.tar
2024-03-14 21:20:56,306 - INFO - Training: task_level increase from 6 to 7
2024-03-14 21:20:56,307 - INFO - Current batches_seen is 16656
2024-03-14 21:21:12,367 - INFO - epoch complete!
2024-03-14 21:21:12,368 - INFO - evaluating now!
2024-03-14 21:21:25,583 - INFO - Epoch [24/300] (16725) train_loss: 28.1865, val_loss: 113.8138, lr: 0.000985, 169.60s
2024-03-14 21:21:25,705 - INFO - Saved model at 24
2024-03-14 21:21:25,706 - INFO - Val loss decrease from 116.8358 to 113.8138, saving to ./libcity/cache/99933/model_cache/PDFormer_PeMS08_epoch24.tar
2024-03-14 21:24:02,490 - INFO - epoch complete!
2024-03-14 21:24:02,491 - INFO - evaluating now!
2024-03-14 21:24:15,595 - INFO - Epoch [25/300] (17394) train_loss: 28.6190, val_loss: 115.0490, lr: 0.000983, 169.89s
2024-03-14 21:26:51,476 - INFO - epoch complete!
2024-03-14 21:26:51,477 - INFO - evaluating now!
2024-03-14 21:27:04,575 - INFO - Epoch [26/300] (18063) train_loss: 28.4168, val_loss: 113.6742, lr: 0.000982, 168.98s
2024-03-14 21:27:04,698 - INFO - Saved model at 26
2024-03-14 21:27:04,700 - INFO - Val loss decrease from 113.8138 to 113.6742, saving to ./libcity/cache/99933/model_cache/PDFormer_PeMS08_epoch26.tar
2024-03-14 21:29:43,804 - INFO - epoch complete!
2024-03-14 21:29:43,806 - INFO - evaluating now!
2024-03-14 21:29:57,219 - INFO - Epoch [27/300] (18732) train_loss: 28.1806, val_loss: 114.7532, lr: 0.000981, 172.52s
2024-03-14 21:32:37,293 - INFO - epoch complete!
2024-03-14 21:32:37,294 - INFO - evaluating now!
2024-03-14 21:32:50,782 - INFO - Epoch [28/300] (19401) train_loss: 28.0841, val_loss: 113.7968, lr: 0.000979, 173.56s
2024-03-14 21:32:58,250 - INFO - Training: task_level increase from 7 to 8
2024-03-14 21:32:58,251 - INFO - Current batches_seen is 19432
2024-03-14 21:35:30,529 - INFO - epoch complete!
2024-03-14 21:35:30,530 - INFO - evaluating now!
2024-03-14 21:35:43,852 - INFO - Epoch [29/300] (20070) train_loss: 28.6752, val_loss: 100.1536, lr: 0.000978, 173.07s
2024-03-14 21:35:43,982 - INFO - Saved model at 29
2024-03-14 21:35:43,983 - INFO - Val loss decrease from 113.6742 to 100.1536, saving to ./libcity/cache/99933/model_cache/PDFormer_PeMS08_epoch29.tar
2024-03-14 21:38:23,600 - INFO - epoch complete!
2024-03-14 21:38:23,601 - INFO - evaluating now!
2024-03-14 21:38:36,971 - INFO - Epoch [30/300] (20739) train_loss: 28.1899, val_loss: 100.0221, lr: 0.000976, 172.99s
2024-03-14 21:38:37,102 - INFO - Saved model at 30
2024-03-14 21:38:37,104 - INFO - Val loss decrease from 100.1536 to 100.0221, saving to ./libcity/cache/99933/model_cache/PDFormer_PeMS08_epoch30.tar
2024-03-14 21:41:16,653 - INFO - epoch complete!
2024-03-14 21:41:16,654 - INFO - evaluating now!
2024-03-14 21:41:30,052 - INFO - Epoch [31/300] (21408) train_loss: 28.0521, val_loss: 99.7554, lr: 0.000975, 172.95s
2024-03-14 21:41:30,180 - INFO - Saved model at 31
2024-03-14 21:41:30,180 - INFO - Val loss decrease from 100.0221 to 99.7554, saving to ./libcity/cache/99933/model_cache/PDFormer_PeMS08_epoch31.tar
2024-03-14 21:44:10,216 - INFO - epoch complete!
2024-03-14 21:44:10,217 - INFO - evaluating now!
2024-03-14 21:44:23,655 - INFO - Epoch [32/300] (22077) train_loss: 27.8206, val_loss: 99.9773, lr: 0.000973, 173.47s
2024-03-14 21:44:55,086 - INFO - Training: task_level increase from 8 to 9
2024-03-14 21:44:55,086 - INFO - Current batches_seen is 22208
2024-03-14 21:47:03,777 - INFO - epoch complete!
2024-03-14 21:47:03,778 - INFO - evaluating now!
2024-03-14 21:47:17,130 - INFO - Epoch [33/300] (22746) train_loss: 28.6168, val_loss: 81.7305, lr: 0.000972, 173.47s
2024-03-14 21:47:17,255 - INFO - Saved model at 33
2024-03-14 21:47:17,256 - INFO - Val loss decrease from 99.7554 to 81.7305, saving to ./libcity/cache/99933/model_cache/PDFormer_PeMS08_epoch33.tar
2024-03-14 21:49:57,552 - INFO - epoch complete!
2024-03-14 21:49:57,553 - INFO - evaluating now!
2024-03-14 21:50:11,031 - INFO - Epoch [34/300] (23415) train_loss: 28.2117, val_loss: 81.6920, lr: 0.000970, 173.77s
2024-03-14 21:50:11,163 - INFO - Saved model at 34
2024-03-14 21:50:11,164 - INFO - Val loss decrease from 81.7305 to 81.6920, saving to ./libcity/cache/99933/model_cache/PDFormer_PeMS08_epoch34.tar
2024-03-14 21:52:51,720 - INFO - epoch complete!
2024-03-14 21:52:51,721 - INFO - evaluating now!
2024-03-14 21:53:05,251 - INFO - Epoch [35/300] (24084) train_loss: 28.0758, val_loss: 81.7371, lr: 0.000968, 174.09s
2024-03-14 21:55:45,601 - INFO - epoch complete!
2024-03-14 21:55:45,603 - INFO - evaluating now!
2024-03-14 21:55:59,044 - INFO - Epoch [36/300] (24753) train_loss: 27.8668, val_loss: 81.5047, lr: 0.000967, 173.79s
2024-03-14 21:55:59,176 - INFO - Saved model at 36
2024-03-14 21:55:59,177 - INFO - Val loss decrease from 81.6920 to 81.5047, saving to ./libcity/cache/99933/model_cache/PDFormer_PeMS08_epoch36.tar
2024-03-14 21:56:54,761 - INFO - Training: task_level increase from 9 to 10
2024-03-14 21:56:54,762 - INFO - Current batches_seen is 24984
2024-03-14 21:58:39,998 - INFO - epoch complete!
2024-03-14 21:58:39,999 - INFO - evaluating now!
2024-03-14 21:58:53,306 - INFO - Epoch [37/300] (25422) train_loss: 28.7122, val_loss: 63.4587, lr: 0.000965, 174.13s
2024-03-14 21:58:53,431 - INFO - Saved model at 37
2024-03-14 21:58:53,432 - INFO - Val loss decrease from 81.5047 to 63.4587, saving to ./libcity/cache/99933/model_cache/PDFormer_PeMS08_epoch37.tar
2024-03-14 22:01:34,192 - INFO - epoch complete!
2024-03-14 22:01:34,193 - INFO - evaluating now!
2024-03-14 22:01:47,654 - INFO - Epoch [38/300] (26091) train_loss: 28.2518, val_loss: 64.0663, lr: 0.000963, 174.22s
2024-03-14 22:04:28,733 - INFO - epoch complete!
2024-03-14 22:04:28,734 - INFO - evaluating now!
2024-03-14 22:04:42,184 - INFO - Epoch [39/300] (26760) train_loss: 28.1011, val_loss: 63.1469, lr: 0.000961, 174.53s
2024-03-14 22:04:42,304 - INFO - Saved model at 39
2024-03-14 22:04:42,306 - INFO - Val loss decrease from 63.4587 to 63.1469, saving to ./libcity/cache/99933/model_cache/PDFormer_PeMS08_epoch39.tar
2024-03-14 22:07:23,473 - INFO - epoch complete!
2024-03-14 22:07:23,474 - INFO - evaluating now!
2024-03-14 22:07:36,787 - INFO - Epoch [40/300] (27429) train_loss: 27.9383, val_loss: 64.0652, lr: 0.000959, 174.48s
2024-03-14 22:08:56,205 - INFO - Training: task_level increase from 10 to 11
2024-03-14 22:08:56,205 - INFO - Current batches_seen is 27760
2024-03-14 22:10:17,053 - INFO - epoch complete!
2024-03-14 22:10:17,054 - INFO - evaluating now!
2024-03-14 22:10:30,402 - INFO - Epoch [41/300] (28098) train_loss: 28.4964, val_loss: 46.0846, lr: 0.000957, 173.61s
2024-03-14 22:10:30,528 - INFO - Saved model at 41
2024-03-14 22:10:30,529 - INFO - Val loss decrease from 63.1469 to 46.0846, saving to ./libcity/cache/99933/model_cache/PDFormer_PeMS08_epoch41.tar
2024-03-14 22:13:11,219 - INFO - epoch complete!
2024-03-14 22:13:11,220 - INFO - evaluating now!
2024-03-14 22:13:24,565 - INFO - Epoch [42/300] (28767) train_loss: 28.2103, val_loss: 46.2034, lr: 0.000955, 174.04s
2024-03-14 22:16:05,670 - INFO - epoch complete!
2024-03-14 22:16:05,671 - INFO - evaluating now!
2024-03-14 22:16:19,054 - INFO - Epoch [43/300] (29436) train_loss: 28.0997, val_loss: 45.7168, lr: 0.000953, 174.49s
2024-03-14 22:16:19,179 - INFO - Saved model at 43
2024-03-14 22:16:19,180 - INFO - Val loss decrease from 46.0846 to 45.7168, saving to ./libcity/cache/99933/model_cache/PDFormer_PeMS08_epoch43.tar
2024-03-14 22:19:00,234 - INFO - epoch complete!
2024-03-14 22:19:00,235 - INFO - evaluating now!
2024-03-14 22:19:13,655 - INFO - Epoch [44/300] (30105) train_loss: 27.8895, val_loss: 46.0970, lr: 0.000951, 174.47s
2024-03-14 22:20:55,326 - INFO - Training: task_level increase from 11 to 12
2024-03-14 22:20:55,327 - INFO - Current batches_seen is 30536
2024-03-14 22:21:50,722 - INFO - epoch complete!
2024-03-14 22:21:50,723 - INFO - evaluating now!
2024-03-14 22:22:03,715 - INFO - Epoch [45/300] (30774) train_loss: 28.6216, val_loss: 27.8284, lr: 0.000949, 170.06s
2024-03-14 22:22:03,841 - INFO - Saved model at 45
2024-03-14 22:22:03,843 - INFO - Val loss decrease from 45.7168 to 27.8284, saving to ./libcity/cache/99933/model_cache/PDFormer_PeMS08_epoch45.tar
2024-03-14 22:24:39,984 - INFO - epoch complete!
2024-03-14 22:24:39,985 - INFO - evaluating now!
2024-03-14 22:24:52,907 - INFO - Epoch [46/300] (31443) train_loss: 28.2124, val_loss: 28.5673, lr: 0.000947, 169.06s
2024-03-14 22:27:29,812 - INFO - epoch complete!
2024-03-14 22:27:29,813 - INFO - evaluating now!
2024-03-14 22:27:42,887 - INFO - Epoch [47/300] (32112) train_loss: 28.0846, val_loss: 28.2120, lr: 0.000944, 169.98s
2024-03-14 22:30:15,755 - INFO - epoch complete!
2024-03-14 22:30:15,756 - INFO - evaluating now!
2024-03-14 22:30:28,442 - INFO - Epoch [48/300] (32781) train_loss: 28.0598, val_loss: 27.4318, lr: 0.000942, 165.55s
2024-03-14 22:30:28,568 - INFO - Saved model at 48
2024-03-14 22:30:28,570 - INFO - Val loss decrease from 27.8284 to 27.4318, saving to ./libcity/cache/99933/model_cache/PDFormer_PeMS08_epoch48.tar
2024-03-14 22:33:01,664 - INFO - epoch complete!
2024-03-14 22:33:01,665 - INFO - evaluating now!
2024-03-14 22:33:14,496 - INFO - Epoch [49/300] (33450) train_loss: 27.9824, val_loss: 27.5986, lr: 0.000940, 165.93s
2024-03-14 22:35:49,274 - INFO - epoch complete!
2024-03-14 22:35:49,275 - INFO - evaluating now!
2024-03-14 22:36:02,037 - INFO - Epoch [50/300] (34119) train_loss: 27.9107, val_loss: 27.8387, lr: 0.000937, 167.54s
2024-03-14 22:38:36,211 - INFO - epoch complete!
2024-03-14 22:38:36,212 - INFO - evaluating now!
2024-03-14 22:38:49,064 - INFO - Epoch [51/300] (34788) train_loss: 27.9983, val_loss: 28.6562, lr: 0.000935, 167.03s
2024-03-14 22:41:23,926 - INFO - epoch complete!
2024-03-14 22:41:23,927 - INFO - evaluating now!
2024-03-14 22:41:36,965 - INFO - Epoch [52/300] (35457) train_loss: 27.7636, val_loss: 28.1868, lr: 0.000932, 167.90s
2024-03-14 22:44:15,176 - INFO - epoch complete!
2024-03-14 22:44:15,177 - INFO - evaluating now!
2024-03-14 22:44:28,493 - INFO - Epoch [53/300] (36126) train_loss: 27.5616, val_loss: 27.1366, lr: 0.000930, 171.53s
2024-03-14 22:44:28,620 - INFO - Saved model at 53
2024-03-14 22:44:28,621 - INFO - Val loss decrease from 27.4318 to 27.1366, saving to ./libcity/cache/99933/model_cache/PDFormer_PeMS08_epoch53.tar
2024-03-14 22:47:08,332 - INFO - epoch complete!
2024-03-14 22:47:08,333 - INFO - evaluating now!
2024-03-14 22:47:21,664 - INFO - Epoch [54/300] (36795) train_loss: 27.6058, val_loss: 27.2750, lr: 0.000927, 173.04s
2024-03-14 22:50:00,710 - INFO - epoch complete!
2024-03-14 22:50:00,711 - INFO - evaluating now!
2024-03-14 22:50:13,918 - INFO - Epoch [55/300] (37464) train_loss: 27.5175, val_loss: 27.1864, lr: 0.000925, 172.25s
2024-03-14 22:52:52,913 - INFO - epoch complete!
2024-03-14 22:52:52,914 - INFO - evaluating now!
2024-03-14 22:53:06,202 - INFO - Epoch [56/300] (38133) train_loss: 27.5719, val_loss: 27.1439, lr: 0.000922, 172.28s
2024-03-14 22:55:44,676 - INFO - epoch complete!
2024-03-14 22:55:44,677 - INFO - evaluating now!
2024-03-14 22:55:57,854 - INFO - Epoch [57/300] (38802) train_loss: 27.4314, val_loss: 27.2414, lr: 0.000920, 171.65s
2024-03-14 22:58:36,224 - INFO - epoch complete!
2024-03-14 22:58:36,226 - INFO - evaluating now!
2024-03-14 22:58:49,398 - INFO - Epoch [58/300] (39471) train_loss: 27.4507, val_loss: 26.9630, lr: 0.000917, 171.54s
2024-03-14 22:58:49,519 - INFO - Saved model at 58
2024-03-14 22:58:49,521 - INFO - Val loss decrease from 27.1366 to 26.9630, saving to ./libcity/cache/99933/model_cache/PDFormer_PeMS08_epoch58.tar
2024-03-14 23:01:28,022 - INFO - epoch complete!
2024-03-14 23:01:28,023 - INFO - evaluating now!
2024-03-14 23:01:41,326 - INFO - Epoch [59/300] (40140) train_loss: 27.3139, val_loss: 27.4929, lr: 0.000914, 171.81s
2024-03-14 23:04:20,479 - INFO - epoch complete!
2024-03-14 23:04:20,480 - INFO - evaluating now!
2024-03-14 23:04:33,956 - INFO - Epoch [60/300] (40809) train_loss: 27.2250, val_loss: 27.1228, lr: 0.000911, 172.63s
2024-03-14 23:07:12,226 - INFO - epoch complete!
2024-03-14 23:07:12,227 - INFO - evaluating now!
2024-03-14 23:07:25,539 - INFO - Epoch [61/300] (41478) train_loss: 27.0971, val_loss: 27.9720, lr: 0.000908, 171.58s
2024-03-14 23:10:04,132 - INFO - epoch complete!
2024-03-14 23:10:04,133 - INFO - evaluating now!
2024-03-14 23:10:17,367 - INFO - Epoch [62/300] (42147) train_loss: 27.1568, val_loss: 26.5905, lr: 0.000906, 171.83s
2024-03-14 23:10:17,497 - INFO - Saved model at 62
2024-03-14 23:10:17,498 - INFO - Val loss decrease from 26.9630 to 26.5905, saving to ./libcity/cache/99933/model_cache/PDFormer_PeMS08_epoch62.tar
2024-03-14 23:12:56,729 - INFO - epoch complete!
2024-03-14 23:12:56,730 - INFO - evaluating now!
2024-03-14 23:13:10,104 - INFO - Epoch [63/300] (42816) train_loss: 27.1715, val_loss: 27.2850, lr: 0.000903, 172.61s
2024-03-14 23:15:49,204 - INFO - epoch complete!
2024-03-14 23:15:49,205 - INFO - evaluating now!
2024-03-14 23:16:02,433 - INFO - Epoch [64/300] (43485) train_loss: 27.0152, val_loss: 26.8188, lr: 0.000900, 172.33s
2024-03-14 23:18:41,154 - INFO - epoch complete!
2024-03-14 23:18:41,155 - INFO - evaluating now!
2024-03-14 23:18:55,196 - INFO - Epoch [65/300] (44154) train_loss: 26.9702, val_loss: 26.5729, lr: 0.000897, 172.76s
2024-03-14 23:18:55,326 - INFO - Saved model at 65
2024-03-14 23:18:55,327 - INFO - Val loss decrease from 26.5905 to 26.5729, saving to ./libcity/cache/99933/model_cache/PDFormer_PeMS08_epoch65.tar
2024-03-14 23:21:34,284 - INFO - epoch complete!
2024-03-14 23:21:34,284 - INFO - evaluating now!
2024-03-14 23:21:47,251 - INFO - Epoch [66/300] (44823) train_loss: 26.9393, val_loss: 27.3442, lr: 0.000894, 171.92s
2024-03-14 23:24:20,412 - INFO - epoch complete!
2024-03-14 23:24:20,413 - INFO - evaluating now!
2024-03-14 23:24:33,249 - INFO - Epoch [67/300] (45492) train_loss: 26.9222, val_loss: 26.5213, lr: 0.000891, 166.00s
2024-03-14 23:24:33,379 - INFO - Saved model at 67
2024-03-14 23:24:33,380 - INFO - Val loss decrease from 26.5729 to 26.5213, saving to ./libcity/cache/99933/model_cache/PDFormer_PeMS08_epoch67.tar
2024-03-14 23:27:06,300 - INFO - epoch complete!
2024-03-14 23:27:06,301 - INFO - evaluating now!
2024-03-14 23:27:18,985 - INFO - Epoch [68/300] (46161) train_loss: 26.7661, val_loss: 27.4987, lr: 0.000888, 165.60s
2024-03-14 23:29:51,969 - INFO - epoch complete!
2024-03-14 23:29:51,970 - INFO - evaluating now!
2024-03-14 23:30:04,690 - INFO - Epoch [69/300] (46830) train_loss: 26.9336, val_loss: 27.3145, lr: 0.000884, 165.70s
2024-03-14 23:32:37,364 - INFO - epoch complete!
2024-03-14 23:32:37,365 - INFO - evaluating now!
2024-03-14 23:32:50,045 - INFO - Epoch [70/300] (47499) train_loss: 26.8056, val_loss: 27.3092, lr: 0.000881, 165.35s
2024-03-14 23:35:22,175 - INFO - epoch complete!
2024-03-14 23:35:22,176 - INFO - evaluating now!
2024-03-14 23:35:34,795 - INFO - Epoch [71/300] (48168) train_loss: 26.6654, val_loss: 26.8899, lr: 0.000878, 164.75s
2024-03-14 23:38:08,123 - INFO - epoch complete!
2024-03-14 23:38:08,124 - INFO - evaluating now!
2024-03-14 23:38:20,991 - INFO - Epoch [72/300] (48837) train_loss: 26.6897, val_loss: 26.8142, lr: 0.000875, 166.19s
2024-03-14 23:40:54,469 - INFO - epoch complete!
2024-03-14 23:40:54,470 - INFO - evaluating now!
2024-03-14 23:41:07,236 - INFO - Epoch [73/300] (49506) train_loss: 26.5574, val_loss: 26.3226, lr: 0.000872, 166.24s
2024-03-14 23:41:07,361 - INFO - Saved model at 73
2024-03-14 23:41:07,362 - INFO - Val loss decrease from 26.5213 to 26.3226, saving to ./libcity/cache/99933/model_cache/PDFormer_PeMS08_epoch73.tar
2024-03-14 23:43:40,480 - INFO - epoch complete!
2024-03-14 23:43:40,481 - INFO - evaluating now!
2024-03-14 23:43:53,345 - INFO - Epoch [74/300] (50175) train_loss: 26.5725, val_loss: 26.5825, lr: 0.000868, 165.98s
2024-03-14 23:46:27,206 - INFO - epoch complete!
2024-03-14 23:46:27,207 - INFO - evaluating now!
2024-03-14 23:46:40,108 - INFO - Epoch [75/300] (50844) train_loss: 26.5454, val_loss: 26.6735, lr: 0.000865, 166.76s
2024-03-14 23:49:13,556 - INFO - epoch complete!
2024-03-14 23:49:13,557 - INFO - evaluating now!
2024-03-14 23:49:26,485 - INFO - Epoch [76/300] (51513) train_loss: 26.4755, val_loss: 26.9003, lr: 0.000861, 166.38s
2024-03-14 23:51:59,991 - INFO - epoch complete!
2024-03-14 23:51:59,992 - INFO - evaluating now!
2024-03-14 23:52:12,986 - INFO - Epoch [77/300] (52182) train_loss: 26.3845, val_loss: 26.6295, lr: 0.000858, 166.50s
2024-03-14 23:54:46,061 - INFO - epoch complete!
2024-03-14 23:54:46,062 - INFO - evaluating now!
2024-03-14 23:54:58,992 - INFO - Epoch [78/300] (52851) train_loss: 26.3849, val_loss: 26.7994, lr: 0.000855, 166.00s
2024-03-14 23:57:32,012 - INFO - epoch complete!
2024-03-14 23:57:32,013 - INFO - evaluating now!
2024-03-14 23:57:44,933 - INFO - Epoch [79/300] (53520) train_loss: 26.3957, val_loss: 26.7399, lr: 0.000851, 165.94s
2024-03-15 00:00:18,189 - INFO - epoch complete!
2024-03-15 00:00:18,190 - INFO - evaluating now!
2024-03-15 00:00:30,970 - INFO - Epoch [80/300] (54189) train_loss: 26.4045, val_loss: 26.3873, lr: 0.000848, 166.04s
2024-03-15 00:03:04,406 - INFO - epoch complete!
2024-03-15 00:03:04,407 - INFO - evaluating now!
2024-03-15 00:03:17,133 - INFO - Epoch [81/300] (54858) train_loss: 26.3200, val_loss: 26.2593, lr: 0.000844, 166.16s
2024-03-15 00:03:17,259 - INFO - Saved model at 81
2024-03-15 00:03:17,260 - INFO - Val loss decrease from 26.3226 to 26.2593, saving to ./libcity/cache/99933/model_cache/PDFormer_PeMS08_epoch81.tar
2024-03-15 00:05:51,076 - INFO - epoch complete!
2024-03-15 00:05:51,077 - INFO - evaluating now!
2024-03-15 00:06:03,768 - INFO - Epoch [82/300] (55527) train_loss: 26.3530, val_loss: 26.1425, lr: 0.000840, 166.51s
2024-03-15 00:06:03,892 - INFO - Saved model at 82
2024-03-15 00:06:03,893 - INFO - Val loss decrease from 26.2593 to 26.1425, saving to ./libcity/cache/99933/model_cache/PDFormer_PeMS08_epoch82.tar
2024-03-15 00:08:37,768 - INFO - epoch complete!
2024-03-15 00:08:37,769 - INFO - evaluating now!
2024-03-15 00:08:50,607 - INFO - Epoch [83/300] (56196) train_loss: 26.1391, val_loss: 26.4692, lr: 0.000837, 166.71s
2024-03-15 00:11:24,339 - INFO - epoch complete!
2024-03-15 00:11:24,340 - INFO - evaluating now!
2024-03-15 00:11:37,210 - INFO - Epoch [84/300] (56865) train_loss: 26.0858, val_loss: 26.2132, lr: 0.000833, 166.60s
2024-03-15 00:14:11,770 - INFO - epoch complete!
2024-03-15 00:14:11,771 - INFO - evaluating now!
2024-03-15 00:14:24,685 - INFO - Epoch [85/300] (57534) train_loss: 26.1809, val_loss: 26.1353, lr: 0.000830, 167.47s
2024-03-15 00:14:24,806 - INFO - Saved model at 85
2024-03-15 00:14:24,807 - INFO - Val loss decrease from 26.1425 to 26.1353, saving to ./libcity/cache/99933/model_cache/PDFormer_PeMS08_epoch85.tar
2024-03-15 00:16:59,582 - INFO - epoch complete!
2024-03-15 00:16:59,583 - INFO - evaluating now!
2024-03-15 00:17:12,545 - INFO - Epoch [86/300] (58203) train_loss: 26.2432, val_loss: 26.2803, lr: 0.000826, 167.74s
2024-03-15 00:19:47,292 - INFO - epoch complete!
2024-03-15 00:19:47,293 - INFO - evaluating now!
2024-03-15 00:20:00,238 - INFO - Epoch [87/300] (58872) train_loss: 25.9909, val_loss: 26.1392, lr: 0.000822, 167.69s
2024-03-15 00:22:35,013 - INFO - epoch complete!
2024-03-15 00:22:35,015 - INFO - evaluating now!
2024-03-15 00:22:47,874 - INFO - Epoch [88/300] (59541) train_loss: 26.0319, val_loss: 26.3304, lr: 0.000818, 167.63s
2024-03-15 00:25:22,621 - INFO - epoch complete!
2024-03-15 00:25:22,622 - INFO - evaluating now!
2024-03-15 00:25:35,483 - INFO - Epoch [89/300] (60210) train_loss: 25.9907, val_loss: 26.4228, lr: 0.000815, 167.61s
2024-03-15 00:28:10,212 - INFO - epoch complete!
2024-03-15 00:28:10,213 - INFO - evaluating now!
2024-03-15 00:28:23,152 - INFO - Epoch [90/300] (60879) train_loss: 25.9599, val_loss: 26.6271, lr: 0.000811, 167.67s
2024-03-15 00:30:58,182 - INFO - epoch complete!
2024-03-15 00:30:58,184 - INFO - evaluating now!
2024-03-15 00:31:11,105 - INFO - Epoch [91/300] (61548) train_loss: 26.0492, val_loss: 26.8312, lr: 0.000807, 167.95s
2024-03-15 00:33:45,961 - INFO - epoch complete!
2024-03-15 00:33:45,962 - INFO - evaluating now!
2024-03-15 00:33:58,835 - INFO - Epoch [92/300] (62217) train_loss: 25.8779, val_loss: 26.2664, lr: 0.000803, 167.73s
2024-03-15 00:36:33,233 - INFO - epoch complete!
2024-03-15 00:36:33,234 - INFO - evaluating now!
2024-03-15 00:36:46,021 - INFO - Epoch [93/300] (62886) train_loss: 25.9046, val_loss: 26.5823, lr: 0.000799, 167.19s
2024-03-15 00:39:20,060 - INFO - epoch complete!
2024-03-15 00:39:20,062 - INFO - evaluating now!
2024-03-15 00:39:32,838 - INFO - Epoch [94/300] (63555) train_loss: 25.8670, val_loss: 26.3128, lr: 0.000795, 166.82s
2024-03-15 00:42:06,822 - INFO - epoch complete!
2024-03-15 00:42:06,823 - INFO - evaluating now!
2024-03-15 00:42:19,605 - INFO - Epoch [95/300] (64224) train_loss: 25.7982, val_loss: 26.7919, lr: 0.000791, 166.77s
2024-03-15 00:44:53,057 - INFO - epoch complete!
2024-03-15 00:44:53,058 - INFO - evaluating now!
2024-03-15 00:45:05,785 - INFO - Epoch [96/300] (64893) train_loss: 25.7651, val_loss: 25.9961, lr: 0.000787, 166.18s
2024-03-15 00:45:05,910 - INFO - Saved model at 96
2024-03-15 00:45:05,911 - INFO - Val loss decrease from 26.1353 to 25.9961, saving to ./libcity/cache/99933/model_cache/PDFormer_PeMS08_epoch96.tar
2024-03-15 00:47:40,380 - INFO - epoch complete!
2024-03-15 00:47:40,381 - INFO - evaluating now!
2024-03-15 00:47:53,338 - INFO - Epoch [97/300] (65562) train_loss: 25.7653, val_loss: 26.3814, lr: 0.000783, 167.43s
2024-03-15 00:50:27,524 - INFO - epoch complete!
2024-03-15 00:50:27,525 - INFO - evaluating now!
2024-03-15 00:50:40,420 - INFO - Epoch [98/300] (66231) train_loss: 25.5697, val_loss: 26.0550, lr: 0.000779, 167.08s
2024-03-15 00:53:14,409 - INFO - epoch complete!
2024-03-15 00:53:14,410 - INFO - evaluating now!
2024-03-15 00:53:27,197 - INFO - Epoch [99/300] (66900) train_loss: 25.6669, val_loss: 25.6847, lr: 0.000775, 166.78s
2024-03-15 00:53:27,322 - INFO - Saved model at 99
2024-03-15 00:53:27,323 - INFO - Val loss decrease from 25.9961 to 25.6847, saving to ./libcity/cache/99933/model_cache/PDFormer_PeMS08_epoch99.tar
2024-03-15 00:56:01,234 - INFO - epoch complete!
2024-03-15 00:56:01,234 - INFO - evaluating now!
2024-03-15 00:56:14,086 - INFO - Epoch [100/300] (67569) train_loss: 25.6737, val_loss: 26.3669, lr: 0.000771, 166.76s
2024-03-15 00:58:48,601 - INFO - epoch complete!
2024-03-15 00:58:48,602 - INFO - evaluating now!
2024-03-15 00:59:01,550 - INFO - Epoch [101/300] (68238) train_loss: 25.5237, val_loss: 26.1136, lr: 0.000767, 167.46s
2024-03-15 01:01:35,708 - INFO - epoch complete!
2024-03-15 01:01:35,709 - INFO - evaluating now!
2024-03-15 01:01:48,540 - INFO - Epoch [102/300] (68907) train_loss: 25.5246, val_loss: 26.5009, lr: 0.000763, 166.99s
2024-03-15 01:04:22,673 - INFO - epoch complete!
2024-03-15 01:04:22,674 - INFO - evaluating now!
2024-03-15 01:04:35,480 - INFO - Epoch [103/300] (69576) train_loss: 25.4400, val_loss: 26.0140, lr: 0.000758, 166.94s
2024-03-15 01:07:09,103 - INFO - epoch complete!
2024-03-15 01:07:09,104 - INFO - evaluating now!
2024-03-15 01:07:21,986 - INFO - Epoch [104/300] (70245) train_loss: 25.4692, val_loss: 25.9344, lr: 0.000754, 166.50s
2024-03-15 01:09:56,508 - INFO - epoch complete!
2024-03-15 01:09:56,509 - INFO - evaluating now!
2024-03-15 01:10:09,407 - INFO - Epoch [105/300] (70914) train_loss: 25.3936, val_loss: 26.1994, lr: 0.000750, 167.42s
2024-03-15 01:12:43,977 - INFO - epoch complete!
2024-03-15 01:12:43,978 - INFO - evaluating now!
2024-03-15 01:12:56,899 - INFO - Epoch [106/300] (71583) train_loss: 25.4028, val_loss: 26.1853, lr: 0.000746, 167.49s
2024-03-15 01:15:31,570 - INFO - epoch complete!
2024-03-15 01:15:31,571 - INFO - evaluating now!
2024-03-15 01:15:44,563 - INFO - Epoch [107/300] (72252) train_loss: 25.3774, val_loss: 25.8450, lr: 0.000742, 167.66s
2024-03-15 01:18:19,209 - INFO - epoch complete!
2024-03-15 01:18:19,210 - INFO - evaluating now!
2024-03-15 01:18:32,170 - INFO - Epoch [108/300] (72921) train_loss: 25.3492, val_loss: 26.1835, lr: 0.000737, 167.61s
2024-03-15 01:21:06,871 - INFO - epoch complete!
2024-03-15 01:21:06,872 - INFO - evaluating now!
2024-03-15 01:21:19,747 - INFO - Epoch [109/300] (73590) train_loss: 25.2346, val_loss: 26.3999, lr: 0.000733, 167.58s
2024-03-15 01:23:54,413 - INFO - epoch complete!
2024-03-15 01:23:54,413 - INFO - evaluating now!
2024-03-15 01:24:07,378 - INFO - Epoch [110/300] (74259) train_loss: 25.2898, val_loss: 26.1606, lr: 0.000729, 167.63s
2024-03-15 01:26:42,276 - INFO - epoch complete!
2024-03-15 01:26:42,277 - INFO - evaluating now!
2024-03-15 01:26:55,039 - INFO - Epoch [111/300] (74928) train_loss: 25.2241, val_loss: 26.6239, lr: 0.000724, 167.66s
2024-03-15 01:29:28,930 - INFO - epoch complete!
2024-03-15 01:29:28,931 - INFO - evaluating now!
2024-03-15 01:29:41,688 - INFO - Epoch [112/300] (75597) train_loss: 25.1146, val_loss: 26.3915, lr: 0.000720, 166.65s
2024-03-15 01:32:15,637 - INFO - epoch complete!
2024-03-15 01:32:15,638 - INFO - evaluating now!
2024-03-15 01:32:28,382 - INFO - Epoch [113/300] (76266) train_loss: 25.1219, val_loss: 26.1766, lr: 0.000716, 166.69s
2024-03-15 01:35:02,472 - INFO - epoch complete!
2024-03-15 01:35:02,473 - INFO - evaluating now!
2024-03-15 01:35:15,422 - INFO - Epoch [114/300] (76935) train_loss: 25.0086, val_loss: 26.4469, lr: 0.000711, 167.04s
2024-03-15 01:37:50,209 - INFO - epoch complete!
2024-03-15 01:37:50,210 - INFO - evaluating now!
2024-03-15 01:38:03,146 - INFO - Epoch [115/300] (77604) train_loss: 24.9692, val_loss: 25.9031, lr: 0.000707, 167.72s
2024-03-15 01:40:38,001 - INFO - epoch complete!
2024-03-15 01:40:38,002 - INFO - evaluating now!
2024-03-15 01:40:50,933 - INFO - Epoch [116/300] (78273) train_loss: 24.8965, val_loss: 26.6849, lr: 0.000702, 167.79s
2024-03-15 01:43:25,639 - INFO - epoch complete!
2024-03-15 01:43:25,640 - INFO - evaluating now!
2024-03-15 01:43:38,620 - INFO - Epoch [117/300] (78942) train_loss: 24.9450, val_loss: 26.2133, lr: 0.000698, 167.69s
2024-03-15 01:46:13,454 - INFO - epoch complete!
2024-03-15 01:46:13,455 - INFO - evaluating now!
2024-03-15 01:46:26,362 - INFO - Epoch [118/300] (79611) train_loss: 24.8057, val_loss: 26.0203, lr: 0.000694, 167.74s
2024-03-15 01:49:01,080 - INFO - epoch complete!
2024-03-15 01:49:01,081 - INFO - evaluating now!
2024-03-15 01:49:13,983 - INFO - Epoch [119/300] (80280) train_loss: 24.7291, val_loss: 26.3025, lr: 0.000689, 167.62s
2024-03-15 01:51:48,923 - INFO - epoch complete!
2024-03-15 01:51:48,924 - INFO - evaluating now!
2024-03-15 01:52:01,761 - INFO - Epoch [120/300] (80949) train_loss: 24.7965, val_loss: 26.4657, lr: 0.000685, 167.78s
2024-03-15 01:54:35,681 - INFO - epoch complete!
2024-03-15 01:54:35,682 - INFO - evaluating now!
2024-03-15 01:54:48,496 - INFO - Epoch [121/300] (81618) train_loss: 24.7306, val_loss: 26.8159, lr: 0.000680, 166.73s
2024-03-15 01:57:22,148 - INFO - epoch complete!
2024-03-15 01:57:22,149 - INFO - evaluating now!
2024-03-15 01:57:34,865 - INFO - Epoch [122/300] (82287) train_loss: 24.6402, val_loss: 25.9465, lr: 0.000676, 166.37s
2024-03-15 02:00:08,430 - INFO - epoch complete!
2024-03-15 02:00:08,431 - INFO - evaluating now!
2024-03-15 02:00:21,227 - INFO - Epoch [123/300] (82956) train_loss: 24.5542, val_loss: 26.3549, lr: 0.000671, 166.36s
2024-03-15 02:02:54,716 - INFO - epoch complete!
2024-03-15 02:02:54,717 - INFO - evaluating now!
2024-03-15 02:03:07,509 - INFO - Epoch [124/300] (83625) train_loss: 24.4909, val_loss: 26.5639, lr: 0.000666, 166.28s
2024-03-15 02:05:41,978 - INFO - epoch complete!
2024-03-15 02:05:41,979 - INFO - evaluating now!
2024-03-15 02:05:54,832 - INFO - Epoch [125/300] (84294) train_loss: 24.3739, val_loss: 26.8278, lr: 0.000662, 167.32s
2024-03-15 02:08:29,496 - INFO - epoch complete!
2024-03-15 02:08:29,497 - INFO - evaluating now!
2024-03-15 02:08:42,493 - INFO - Epoch [126/300] (84963) train_loss: 24.3123, val_loss: 26.4431, lr: 0.000657, 167.66s
2024-03-15 02:11:17,259 - INFO - epoch complete!
2024-03-15 02:11:17,260 - INFO - evaluating now!
2024-03-15 02:11:30,250 - INFO - Epoch [127/300] (85632) train_loss: 24.3372, val_loss: 26.8454, lr: 0.000653, 167.76s
2024-03-15 02:14:04,976 - INFO - epoch complete!
2024-03-15 02:14:04,977 - INFO - evaluating now!
2024-03-15 02:14:17,901 - INFO - Epoch [128/300] (86301) train_loss: 24.2462, val_loss: 26.4910, lr: 0.000648, 167.65s
2024-03-15 02:16:52,696 - INFO - epoch complete!
2024-03-15 02:16:52,697 - INFO - evaluating now!
2024-03-15 02:17:05,650 - INFO - Epoch [129/300] (86970) train_loss: 24.1761, val_loss: 26.3091, lr: 0.000644, 167.75s
2024-03-15 02:19:40,354 - INFO - epoch complete!
2024-03-15 02:19:40,354 - INFO - evaluating now!
2024-03-15 02:19:53,159 - INFO - Epoch [130/300] (87639) train_loss: 24.1733, val_loss: 27.0400, lr: 0.000639, 167.51s
2024-03-15 02:22:27,739 - INFO - epoch complete!
2024-03-15 02:22:27,739 - INFO - evaluating now!
2024-03-15 02:22:40,709 - INFO - Epoch [131/300] (88308) train_loss: 24.2866, val_loss: 26.9417, lr: 0.000634, 167.55s
2024-03-15 02:25:15,542 - INFO - epoch complete!
2024-03-15 02:25:15,543 - INFO - evaluating now!
2024-03-15 02:25:28,366 - INFO - Epoch [132/300] (88977) train_loss: 24.0857, val_loss: 26.7897, lr: 0.000630, 167.66s
2024-03-15 02:28:02,999 - INFO - epoch complete!
2024-03-15 02:28:03,000 - INFO - evaluating now!
2024-03-15 02:28:16,010 - INFO - Epoch [133/300] (89646) train_loss: 23.9811, val_loss: 26.6665, lr: 0.000625, 167.64s
2024-03-15 02:30:51,090 - INFO - epoch complete!
2024-03-15 02:30:51,091 - INFO - evaluating now!
2024-03-15 02:31:04,078 - INFO - Epoch [134/300] (90315) train_loss: 23.9807, val_loss: 26.8409, lr: 0.000620, 168.07s
2024-03-15 02:33:38,943 - INFO - epoch complete!
2024-03-15 02:33:38,944 - INFO - evaluating now!
2024-03-15 02:33:51,856 - INFO - Epoch [135/300] (90984) train_loss: 23.8853, val_loss: 26.7947, lr: 0.000616, 167.78s
2024-03-15 02:36:26,670 - INFO - epoch complete!
2024-03-15 02:36:26,671 - INFO - evaluating now!
2024-03-15 02:36:39,772 - INFO - Epoch [136/300] (91653) train_loss: 23.8021, val_loss: 26.5958, lr: 0.000611, 167.92s
2024-03-15 02:39:14,296 - INFO - epoch complete!
2024-03-15 02:39:14,297 - INFO - evaluating now!
2024-03-15 02:39:27,323 - INFO - Epoch [137/300] (92322) train_loss: 23.8039, val_loss: 27.1221, lr: 0.000606, 167.55s
2024-03-15 02:42:01,938 - INFO - epoch complete!
2024-03-15 02:42:01,939 - INFO - evaluating now!
2024-03-15 02:42:14,846 - INFO - Epoch [138/300] (92991) train_loss: 23.7652, val_loss: 27.2267, lr: 0.000602, 167.52s
2024-03-15 02:44:49,505 - INFO - epoch complete!
2024-03-15 02:44:49,506 - INFO - evaluating now!
2024-03-15 02:45:02,515 - INFO - Epoch [139/300] (93660) train_loss: 23.6792, val_loss: 27.3367, lr: 0.000597, 167.67s
2024-03-15 02:47:37,208 - INFO - epoch complete!
2024-03-15 02:47:37,209 - INFO - evaluating now!
2024-03-15 02:47:50,208 - INFO - Epoch [140/300] (94329) train_loss: 23.7089, val_loss: 27.3438, lr: 0.000592, 167.69s
2024-03-15 02:50:25,342 - INFO - epoch complete!
2024-03-15 02:50:25,344 - INFO - evaluating now!
2024-03-15 02:50:38,278 - INFO - Epoch [141/300] (94998) train_loss: 23.5999, val_loss: 26.8177, lr: 0.000588, 168.07s
2024-03-15 02:53:13,394 - INFO - epoch complete!
2024-03-15 02:53:13,395 - INFO - evaluating now!
2024-03-15 02:53:26,366 - INFO - Epoch [142/300] (95667) train_loss: 23.5697, val_loss: 27.2251, lr: 0.000583, 168.09s
2024-03-15 02:56:01,323 - INFO - epoch complete!
2024-03-15 02:56:01,324 - INFO - evaluating now!
2024-03-15 02:56:14,300 - INFO - Epoch [143/300] (96336) train_loss: 23.4736, val_loss: 27.6553, lr: 0.000578, 167.93s
2024-03-15 02:58:49,260 - INFO - epoch complete!
2024-03-15 02:58:49,262 - INFO - evaluating now!
2024-03-15 02:59:02,241 - INFO - Epoch [144/300] (97005) train_loss: 23.4453, val_loss: 27.2939, lr: 0.000574, 167.94s
2024-03-15 03:01:37,119 - INFO - epoch complete!
2024-03-15 03:01:37,120 - INFO - evaluating now!
2024-03-15 03:01:50,065 - INFO - Epoch [145/300] (97674) train_loss: 23.3957, val_loss: 27.4292, lr: 0.000569, 167.82s
2024-03-15 03:04:24,786 - INFO - epoch complete!
2024-03-15 03:04:24,787 - INFO - evaluating now!
2024-03-15 03:04:37,796 - INFO - Epoch [146/300] (98343) train_loss: 23.4037, val_loss: 27.8673, lr: 0.000564, 167.73s
2024-03-15 03:07:12,801 - INFO - epoch complete!
2024-03-15 03:07:12,802 - INFO - evaluating now!
2024-03-15 03:07:25,692 - INFO - Epoch [147/300] (99012) train_loss: 23.3148, val_loss: 27.3996, lr: 0.000559, 167.89s
2024-03-15 03:10:00,542 - INFO - epoch complete!
2024-03-15 03:10:00,543 - INFO - evaluating now!
2024-03-15 03:10:13,495 - INFO - Epoch [148/300] (99681) train_loss: 23.2709, val_loss: 28.1411, lr: 0.000555, 167.80s
2024-03-15 03:12:48,401 - INFO - epoch complete!
2024-03-15 03:12:48,402 - INFO - evaluating now!
2024-03-15 03:13:01,412 - INFO - Epoch [149/300] (100350) train_loss: 23.3504, val_loss: 27.7402, lr: 0.000550, 167.92s
2024-03-15 03:13:01,413 - WARNING - Early stopping at epoch: 149
2024-03-15 03:13:01,413 - INFO - Trained totally 150 epochs, average train time is 155.622s, average eval time is 13.013s
2024-03-15 03:13:01,557 - INFO - Loaded model at 99
2024-03-15 03:13:01,562 - INFO - Saved model at ./libcity/cache/99933/model_cache/PDFormer_PeMS08.m
2024-03-15 03:13:01,686 - INFO - Start evaluating ...
2024-03-15 03:13:34,138 - INFO - Note that you select the average mode to evaluate!
2024-03-15 03:13:34,148 - INFO - Evaluate result is saved at ./libcity/cache/99933/evaluate_cache/2024_03_15_03_13_34_PDFormer_PeMS08_average.csv
2024-03-15 03:13:34,166 - INFO - 
          MAE  MAPE       RMSE  masked_MAE  masked_MAPE  masked_RMSE
1   11.994737   inf  19.865793   12.007580     0.085480    19.771212
2   12.163768   inf  20.303974   12.176712     0.086483    20.208872
3   12.342363   inf  20.698431   12.355090     0.088294    20.602570
4   12.498415   inf  21.046038   12.511515     0.089182    20.951567
5   12.650573   inf  21.365152   12.664176     0.090094    21.272100
6   12.785482   inf  21.660946   12.799793     0.090343    21.567245
7   12.913708   inf  21.934778   12.928736     0.090566    21.841261
8   13.040754   inf  22.193817   13.056471     0.090866    22.101135
9   13.168299   inf  22.433842   13.184368     0.091608    22.341471
10  13.293623   inf  22.661783   13.310153     0.092221    22.569395
11  13.427885   inf  22.887657   13.444806     0.093071    22.795588
12  13.576705   inf  23.127529   13.594122     0.094052    23.036585
